--------- beginning of main
04-06 10:36:24.064 21645 21645 I om.evolucao.app: Late-enabling -Xcheck:jni
04-06 10:36:24.084 21645 21645 I om.evolucao.app: Using CollectorTypeCC GC.
04-06 10:36:24.111 21645 21645 D ActivityThread: setConscryptValidator
04-06 10:36:24.111 21645 21645 D ActivityThread: setConscryptValidator - put
04-06 10:36:24.132 21645 21645 D CompatibilityChangeReporter: Compat change id reported: 171979766; UID 10449; state: ENABLED
--------- beginning of system
04-06 10:36:24.137 21645 21645 W ActivityThread: Package uses different ABI(s) than its instrumentation: package[com.evolucao.app]: arm64-v8a, null instrumentation[com.evolucao.app.test]: null, null
04-06 10:36:24.140 21645 21645 W om.evolucao.app: ClassLoaderContext classpath size mismatch. expected=0, found=1 (PCL[] | PCL[/system/framework/android.test.runner.jar*2256426886])
04-06 10:36:24.143 21645 21645 W om.evolucao.app: ClassLoaderContext classpath size mismatch. expected=0, found=2 (PCL[] | PCL[/system/framework/android.test.runner.jar*2256426886:/system/framework/android.test.mock.jar*2695051129])
04-06 10:36:24.144 21645 21645 W ziparchive: Unable to open '/data/app/~~TF1NuhgcXpgsT82NPuzWqA==/com.evolucao.app.test-YPmkWglOKOWcNkr8l8cwCw==/base.dm': No such file or directory
04-06 10:36:24.144 21645 21645 W ziparchive: Unable to open '/data/app/~~TF1NuhgcXpgsT82NPuzWqA==/com.evolucao.app.test-YPmkWglOKOWcNkr8l8cwCw==/base.dm': No such file or directory
04-06 10:36:24.213 21645 21645 W ziparchive: Unable to open '/data/app/~~wHCb7P8aOFSJUUuGXuSMFA==/com.evolucao.app-L1s3u3KozgxoF1e9wjJ1dA==/base.dm': No such file or directory
04-06 10:36:24.213 21645 21645 W ziparchive: Unable to open '/data/app/~~wHCb7P8aOFSJUUuGXuSMFA==/com.evolucao.app-L1s3u3KozgxoF1e9wjJ1dA==/base.dm': No such file or directory
04-06 10:36:24.487 21645 21645 D nativeloader: Configuring classloader-namespace for other apk /system/framework/android.test.runner.jar:/system/framework/android.test.mock.jar:/system/framework/android.test.base.jar:/data/app/~~TF1NuhgcXpgsT82NPuzWqA==/com.evolucao.app.test-YPmkWglOKOWcNkr8l8cwCw==/base.apk:/data/app/~~wHCb7P8aOFSJUUuGXuSMFA==/com.evolucao.app-L1s3u3KozgxoF1e9wjJ1dA==/base.apk. target_sdk_version=36, uses_libraries=, library_path=/data/app/~~TF1NuhgcXpgsT82NPuzWqA==/com.evolucao.app.test-YPmkWglOKOWcNkr8l8cwCw==/lib/arm64:/data/app/~~wHCb7P8aOFSJUUuGXuSMFA==/com.evolucao.app-L1s3u3KozgxoF1e9wjJ1dA==/lib/arm64:/data/app/~~TF1NuhgcXpgsT82NPuzWqA==/com.evolucao.app.test-YPmkWglOKOWcNkr8l8cwCw==/base.apk!/lib/arm64-v8a:/data/app/~~wHCb7P8aOFSJUUuGXuSMFA==/com.evolucao.app-L1s3u3KozgxoF1e9wjJ1dA==/base.apk!/lib/arm64-v8a, permitted_path=/data:/mnt/expand:/data/user/0/com.evolucao.app
04-06 10:36:24.499 21645 21645 V GraphicsEnvironment: ANGLE Developer option for 'com.evolucao.app' set to: 'default'
04-06 10:36:24.499 21645 21645 V GraphicsEnvironment: ANGLE GameManagerService for com.evolucao.app: false
04-06 10:36:24.500 21645 21645 V GraphicsEnvironment: App is not on the allowlist for updatable production driver.
04-06 10:36:24.503 21645 21645 D ApplicationLoaders: Returning zygote-cached class loader: /system/framework/android.test.base.jar
04-06 10:36:24.504 21645 21645 D nativeloader: Configuring classloader-namespace for other apk /system/framework/android.test.mock.jar. target_sdk_version=36, uses_libraries=ALL, library_path=/data/app/~~TF1NuhgcXpgsT82NPuzWqA==/com.evolucao.app.test-YPmkWglOKOWcNkr8l8cwCw==/lib/arm64:/data/app/~~wHCb7P8aOFSJUUuGXuSMFA==/com.evolucao.app-L1s3u3KozgxoF1e9wjJ1dA==/lib/arm64, permitted_path=/data:/mnt/expand
04-06 10:36:24.504 21645 21645 D nativeloader: Extending system_exposed_libraries: libhumantracking.arcsoft.so:libPortraitDistortionCorrection.arcsoft.so:libPortraitDistortionCorrectionCali.arcsoft.so:libface_landmark.arcsoft.so:libFacialStickerEngine.arcsoft.so:libveengine.arcsoft.so:lib_pet_detection.arcsoft.so:libhigh_res.arcsoft.so:libimage_enhancement.arcsoft.so:liblow_light_hdr.arcsoft.so:libhigh_dynamic_range.arcsoft.so:libsuperresolution.arcsoft.so:libobjectcapture_jni.arcsoft.so:libobjectcapture_jni.arcsoft.so:libobjectcapture.arcsoft.so:libFacialAttributeDetection.arcsoft.so:libBeauty_v4.camera.samsung.so:libexifa.camera.samsung.so:libjpega.camera.samsung.so:libOpenCv.camera.samsung.so:libVideoClassifier.camera.samsung.so:libtensorflowLite.dynamic_viewing.camera.samsung.so:libImageScreener.camera.samsung.so:libMyFilter.camera.samsung.so:libtflite2.myfilters.camera.samsung.so:libHIDTSnapJNI.camera.samsung.so:libSmartScan.camera.samsung.so:libRectify.camera.samsung.so:libDocRectifyWrapper.camera.samsung.so:libUltraWideDistortionCorrection.camera.
04-06 10:36:24.506 21645 21645 D ApplicationLoaders: Returning zygote-cached class loader: /system/framework/android.test.base.jar
04-06 10:36:24.507 21645 21645 W om.evolucao.app: ClassLoaderContext shared library size mismatch. Expected=0, found=2 (PCL[] | PCL[]{PCL[/system/framework/android.test.base.jar*1628045882]#PCL[/system/framework/android.test.mock.jar*2695051129]})
04-06 10:36:24.507 21645 21645 D nativeloader: Configuring classloader-namespace for other apk /system/framework/android.test.runner.jar. target_sdk_version=36, uses_libraries=ALL, library_path=/data/app/~~TF1NuhgcXpgsT82NPuzWqA==/com.evolucao.app.test-YPmkWglOKOWcNkr8l8cwCw==/lib/arm64:/data/app/~~wHCb7P8aOFSJUUuGXuSMFA==/com.evolucao.app-L1s3u3KozgxoF1e9wjJ1dA==/lib/arm64, permitted_path=/data:/mnt/expand
04-06 10:36:24.507 21645 21645 D nativeloader: Extending system_exposed_libraries: libhumantracking.arcsoft.so:libPortraitDistortionCorrection.arcsoft.so:libPortraitDistortionCorrectionCali.arcsoft.so:libface_landmark.arcsoft.so:libFacialStickerEngine.arcsoft.so:libveengine.arcsoft.so:lib_pet_detection.arcsoft.so:libhigh_res.arcsoft.so:libimage_enhancement.arcsoft.so:liblow_light_hdr.arcsoft.so:libhigh_dynamic_range.arcsoft.so:libsuperresolution.arcsoft.so:libobjectcapture_jni.arcsoft.so:libobjectcapture_jni.arcsoft.so:libobjectcapture.arcsoft.so:libFacialAttributeDetection.arcsoft.so:libBeauty_v4.camera.samsung.so:libexifa.camera.samsung.so:libjpega.camera.samsung.so:libOpenCv.camera.samsung.so:libVideoClassifier.camera.samsung.so:libtensorflowLite.dynamic_viewing.camera.samsung.so:libImageScreener.camera.samsung.so:libMyFilter.camera.samsung.so:libtflite2.myfilters.camera.samsung.so:libHIDTSnapJNI.camera.samsung.so:libSmartScan.camera.samsung.so:libRectify.camera.samsung.so:libDocRectifyWrapper.camera.samsung.so:libUltraWideDistortionCorrection.camera.
04-06 10:36:24.509 21645 21645 W om.evolucao.app: ClassLoaderContext shared library size mismatch. Expected=0, found=3 (PCL[] | PCL[]{PCL[/system/framework/android.test.base.jar*1628045882]#PCL[/system/framework/android.test.mock.jar*2695051129]#PCL[/system/framework/android.test.runner.jar*2256426886]{PCL[/system/framework/android.test.base.jar*1628045882]#PCL[/system/framework/android.test.mock.jar*2695051129]}};PCL[/system/framework/android.test.runner.jar*2256426886:/system/framework/android.test.mock.jar*2695051129:/system/framework/android.test.base.jar*1628045882:/data/app/~~TF1NuhgcXpgsT82NPuzWqA==/com.evolucao.app.test-YPmkWglOKOWcNkr8l8cwCw==/base.apk*2272993428:/data/app/~~TF1NuhgcXpgsT82NPuzWqA==/com.evolucao.app.test-YPmkWglOKOWcNkr8l8cwCw==/base.apk!classes2.dex*714357168:/data/app/~~TF1NuhgcXpgsT82NPuzWqA==/com.evolucao.app.test-YPmkWglOKOWcNkr8l8cwCw==/base.apk!classes3.dex*1380987315:/data/app/~~TF1NuhgcXpgsT82NPuzWqA==/com.evolucao.app.test-YPmkWglOKOWcNkr8l8cwCw==/base.apk!classes4.dex*3771904477:/data/app/~~TF1NuhgcXpgsT82NPuzWqA==/com.evolucao.app.test-YPmkWglOKOWcNkr8l8cwCw==/base.apk!classes5.dex*2127157885:/data/app/~~TF1NuhgcXpgsT82NPuzWqA==/com.evolucao.app.test-YPmkWglOKOWcNkr8l8cwCw==/base.apk!classes6.dex*971414087:/data/app/~~TF1NuhgcXpgsT82NPuzWqA==/com.evolucao.app.test-YPmkWglOKOWcNkr8l8cwCw==/base.apk!classes7.dex*742752503:/data/app/~~TF1NuhgcXpgsT82NPuzWqA==/com.evolucao.app.test-YPmkWglOKOWcNkr8l8cwCw==/base.apk!classes8.dex*388434936:/data/app/~~TF1NuhgcXpgsT82NPuzWqA==/com.evolucao.app.test-YPmkWglOKOWcNkr8l8cwCw==/base.apk!classes9.dex*209335023:/data/app/~~TF1NuhgcXpgsT82NPuzWqA==/com.evolucao.app.test-YPmkWglOKOWcNkr8l8cwCw==/base.apk!classes10.dex*2871199926:/data/app/~~TF1NuhgcXpgsT82NPuzWqA==/com.evolucao.app.test-YPmkWglOKOWcNkr8l8cwCw==/base.apk!classes11.dex*3957027005:/data/app/~~TF1NuhgcXpgsT82NPuzWqA==/com.evolucao.app.test-YPmkWglOKOWcNkr8l8cwCw==/base.apk!classes12.dex*914099516:/data/app/~~TF1NuhgcXpgsT82NPuzWqA==/com.evolucao.app.test-YPmkWglOKOWcNkr8l8cwCw==/base.apk!classes13.dex*4108993750:/data/app/~~TF1NuhgcXpgsT82NPuzWqA==/com.evolucao.app.test-YPmkWglOKOWcNkr8l8cwCw==/base.apk!classes14.dex*1632137592:/data/app/~~TF1NuhgcXpgsT82NPuzWqA==/com.evolucao.app.test-YPmkWglOKOWcNkr8l8cwCw==/base.apk!classes15.dex*1757943310:/data/app/~~TF1NuhgcXpgsT82NPuzWqA==/com.evolucao.app.test-YPmkWglOKOWcNkr8l8cwCw==/base.apk!classes16.dex*931013159:/data/app/~~TF1NuhgcXpgsT82NPuzWqA==/com.evolucao.app.test-YPmkWglOKOWcNkr8l8cwCw==/base.apk!classes17.dex*2782462504:/data/app/~~TF1NuhgcXpgsT82NPuzWqA==/com.evolucao.app.test-YPmkWglOKOWcNkr8l8cwCw==/base.apk!classes18.dex*3468966139:/data/app/~~TF1NuhgcXpgsT82NPuzWqA==/com.evolucao.app.test-YPmkWglOKOWcNkr8l8cwCw==/base.apk!classes19.dex*2267436335:/data/app/~~wHCb7P8aOFSJUUuGXuSMFA==/com.evolucao.app-L1s3u3KozgxoF1e9wjJ1dA==/base.apk*198750528:/data/app/~~wHCb7P8aOFSJUUuGXuSMFA==/com.evolucao.app-L1s3u3KozgxoF1e9wjJ1dA==/base.apk!classes2.dex*1675103030:/data/app/~~wHCb7P8aOFSJUUuGXuSMFA==/com.evolucao.app-L1s3u3KozgxoF1e9wjJ1dA==/base.apk!classes3.dex*1788775668:/data/app/~~wHCb7P8aOFSJUUuGXuSMFA==/com.evolucao.app-L1s3u3KozgxoF1e9wjJ1dA==/base.apk!classes4.dex*2572157285:/data/app/~~wHCb7P8aOFSJUUuGXuSMFA==/com.evolucao.app-L1s3u3KozgxoF1e9wjJ1dA==/base.apk!classes5.dex*3994030385:/data/app/~~wHCb7P8aOFSJUUuGXuSMFA==/com.evolucao.app-L1s3u3KozgxoF1e9wjJ1dA==/base.apk!classes6.dex*1028875939:/data/app/~~wHCb7P8aOFSJUUuGXuSMFA==/com.evolucao.app-L1s3u3KozgxoF1e9wjJ1dA==/base.apk!classes7.dex*2113616002:/data/app/~~wHCb7P8aOFSJUUuGXuSMFA==/com.evolucao.app-L1s3u3KozgxoF1e9wjJ1dA==/base.apk!classes8.dex*3287389796:/data/app/~~wHCb7P8aOFSJUUuGXuSMFA==/com.evolucao.app-L1s3u3KozgxoF1e9wjJ1dA==/base.apk!classes9.dex*2030025819:/data/app/~~wHCb7P8aOFSJUUuGXuSMFA==/com.evolucao.app-L1s3u3KozgxoF1e9wjJ1dA==/base.apk!classes10.dex*1917680387:/data/app/~~wHCb7P8aOFSJUUuGXuSMFA==/com.evolucao.app-L1s3u3KozgxoF1e9wjJ1dA==/base.apk!classes11.dex*152968521:/data/app/~~wHCb7P8aOFSJUUuGXuSMFA==/com.evolucao.app-L1s3u3KozgxoF1e9wjJ1dA==/base.apk!cla
04-06 10:36:24.511 21645 21645 W om.evolucao.app: ClassLoaderContext classpath size mismatch. expected=0, found=1 (PCL[] | PCL[/system/framework/android.test.runner.jar*2256426886]{PCL[/system/framework/android.test.base.jar*1628045882]#PCL[/system/framework/android.test.mock.jar*2695051129]#PCL[/system/framework/android.test.runner.jar*2256426886]{PCL[/system/framework/android.test.base.jar*1628045882]#PCL[/system/framework/android.test.mock.jar*2695051129]}};PCL[/system/framework/android.test.runner.jar*2256426886:/system/framework/android.test.mock.jar*2695051129:/system/framework/android.test.base.jar*1628045882:/data/app/~~TF1NuhgcXpgsT82NPuzWqA==/com.evolucao.app.test-YPmkWglOKOWcNkr8l8cwCw==/base.apk*2272993428:/data/app/~~TF1NuhgcXpgsT82NPuzWqA==/com.evolucao.app.test-YPmkWglOKOWcNkr8l8cwCw==/base.apk!classes2.dex*714357168:/data/app/~~TF1NuhgcXpgsT82NPuzWqA==/com.evolucao.app.test-YPmkWglOKOWcNkr8l8cwCw==/base.apk!classes3.dex*1380987315:/data/app/~~TF1NuhgcXpgsT82NPuzWqA==/com.evolucao.app.test-YPmkWglOKOWcNkr8l8cwCw==/base.apk!classes4.dex*3771904477:/data/app/~~TF1NuhgcXpgsT82NPuzWqA==/com.evolucao.app.test-YPmkWglOKOWcNkr8l8cwCw==/base.apk!classes5.dex*2127157885:/data/app/~~TF1NuhgcXpgsT82NPuzWqA==/com.evolucao.app.test-YPmkWglOKOWcNkr8l8cwCw==/base.apk!classes6.dex*971414087:/data/app/~~TF1NuhgcXpgsT82NPuzWqA==/com.evolucao.app.test-YPmkWglOKOWcNkr8l8cwCw==/base.apk!classes7.dex*742752503:/data/app/~~TF1NuhgcXpgsT82NPuzWqA==/com.evolucao.app.test-YPmkWglOKOWcNkr8l8cwCw==/base.apk!classes8.dex*388434936:/data/app/~~TF1NuhgcXpgsT82NPuzWqA==/com.evolucao.app.test-YPmkWglOKOWcNkr8l8cwCw==/base.apk!classes9.dex*209335023:/data/app/~~TF1NuhgcXpgsT82NPuzWqA==/com.evolucao.app.test-YPmkWglOKOWcNkr8l8cwCw==/base.apk!classes10.dex*2871199926:/data/app/~~TF1NuhgcXpgsT82NPuzWqA==/com.evolucao.app.test-YPmkWglOKOWcNkr8l8cwCw==/base.apk!classes11.dex*3957027005:/data/app/~~TF1NuhgcXpgsT82NPuzWqA==/com.evolucao.app.test-YPmkWglOKOWcNkr8l8cwCw==/base.apk!classes12.dex*914099516:/data/app/~~TF1NuhgcXpgsT82NPuzWqA==/com.evolucao.app.test-YPmkWglOKOWcNkr8l8cwCw==/base.apk!classes13.dex*4108993750:/data/app/~~TF1NuhgcXpgsT82NPuzWqA==/com.evolucao.app.test-YPmkWglOKOWcNkr8l8cwCw==/base.apk!classes14.dex*1632137592:/data/app/~~TF1NuhgcXpgsT82NPuzWqA==/com.evolucao.app.test-YPmkWglOKOWcNkr8l8cwCw==/base.apk!classes15.dex*1757943310:/data/app/~~TF1NuhgcXpgsT82NPuzWqA==/com.evolucao.app.test-YPmkWglOKOWcNkr8l8cwCw==/base.apk!classes16.dex*931013159:/data/app/~~TF1NuhgcXpgsT82NPuzWqA==/com.evolucao.app.test-YPmkWglOKOWcNkr8l8cwCw==/base.apk!classes17.dex*2782462504:/data/app/~~TF1NuhgcXpgsT82NPuzWqA==/com.evolucao.app.test-YPmkWglOKOWcNkr8l8cwCw==/base.apk!classes18.dex*3468966139:/data/app/~~TF1NuhgcXpgsT82NPuzWqA==/com.evolucao.app.test-YPmkWglOKOWcNkr8l8cwCw==/base.apk!classes19.dex*2267436335:/data/app/~~wHCb7P8aOFSJUUuGXuSMFA==/com.evolucao.app-L1s3u3KozgxoF1e9wjJ1dA==/base.apk*198750528:/data/app/~~wHCb7P8aOFSJUUuGXuSMFA==/com.evolucao.app-L1s3u3KozgxoF1e9wjJ1dA==/base.apk!classes2.dex*1675103030:/data/app/~~wHCb7P8aOFSJUUuGXuSMFA==/com.evolucao.app-L1s3u3KozgxoF1e9wjJ1dA==/base.apk!classes3.dex*1788775668:/data/app/~~wHCb7P8aOFSJUUuGXuSMFA==/com.evolucao.app-L1s3u3KozgxoF1e9wjJ1dA==/base.apk!classes4.dex*2572157285:/data/app/~~wHCb7P8aOFSJUUuGXuSMFA==/com.evolucao.app-L1s3u3KozgxoF1e9wjJ1dA==/base.apk!classes5.dex*3994030385:/data/app/~~wHCb7P8aOFSJUUuGXuSMFA==/com.evolucao.app-L1s3u3KozgxoF1e9wjJ1dA==/base.apk!classes6.dex*1028875939:/data/app/~~wHCb7P8aOFSJUUuGXuSMFA==/com.evolucao.app-L1s3u3KozgxoF1e9wjJ1dA==/base.apk!classes7.dex*2113616002:/data/app/~~wHCb7P8aOFSJUUuGXuSMFA==/com.evolucao.app-L1s3u3KozgxoF1e9wjJ1dA==/base.apk!classes8.dex*3287389796:/data/app/~~wHCb7P8aOFSJUUuGXuSMFA==/com.evolucao.app-L1s3u3KozgxoF1e9wjJ1dA==/base.apk!classes9.dex*2030025819:/data/app/~~wHCb7P8aOFSJUUuGXuSMFA==/com.evolucao.app-L1s3u3KozgxoF1e9wjJ1dA==/base.apk!classes10.dex*1917680387:/data/app/~~wHCb7P8aOFSJUUuGXuSMFA==/com.evolucao.app-L1s3u3KozgxoF1e9wjJ1dA==/base.apk!classes11.dex*152968521:/data/app/~~wHCb7P8aOFSJUUuGXuSMFA==/com.evo
04-06 10:36:24.512 21645 21645 W om.evolucao.app: ClassLoaderContext classpath size mismatch. expected=0, found=2 (PCL[] | PCL[/system/framework/android.test.runner.jar*2256426886:/system/framework/android.test.mock.jar*2695051129]{PCL[/system/framework/android.test.base.jar*1628045882]#PCL[/system/framework/android.test.mock.jar*2695051129]#PCL[/system/framework/android.test.runner.jar*2256426886]{PCL[/system/framework/android.test.base.jar*1628045882]#PCL[/system/framework/android.test.mock.jar*2695051129]}};PCL[/system/framework/android.test.runner.jar*2256426886:/system/framework/android.test.mock.jar*2695051129:/system/framework/android.test.base.jar*1628045882:/data/app/~~TF1NuhgcXpgsT82NPuzWqA==/com.evolucao.app.test-YPmkWglOKOWcNkr8l8cwCw==/base.apk*2272993428:/data/app/~~TF1NuhgcXpgsT82NPuzWqA==/com.evolucao.app.test-YPmkWglOKOWcNkr8l8cwCw==/base.apk!classes2.dex*714357168:/data/app/~~TF1NuhgcXpgsT82NPuzWqA==/com.evolucao.app.test-YPmkWglOKOWcNkr8l8cwCw==/base.apk!classes3.dex*1380987315:/data/app/~~TF1NuhgcXpgsT82NPuzWqA==/com.evolucao.app.test-YPmkWglOKOWcNkr8l8cwCw==/base.apk!classes4.dex*3771904477:/data/app/~~TF1NuhgcXpgsT82NPuzWqA==/com.evolucao.app.test-YPmkWglOKOWcNkr8l8cwCw==/base.apk!classes5.dex*2127157885:/data/app/~~TF1NuhgcXpgsT82NPuzWqA==/com.evolucao.app.test-YPmkWglOKOWcNkr8l8cwCw==/base.apk!classes6.dex*971414087:/data/app/~~TF1NuhgcXpgsT82NPuzWqA==/com.evolucao.app.test-YPmkWglOKOWcNkr8l8cwCw==/base.apk!classes7.dex*742752503:/data/app/~~TF1NuhgcXpgsT82NPuzWqA==/com.evolucao.app.test-YPmkWglOKOWcNkr8l8cwCw==/base.apk!classes8.dex*388434936:/data/app/~~TF1NuhgcXpgsT82NPuzWqA==/com.evolucao.app.test-YPmkWglOKOWcNkr8l8cwCw==/base.apk!classes9.dex*209335023:/data/app/~~TF1NuhgcXpgsT82NPuzWqA==/com.evolucao.app.test-YPmkWglOKOWcNkr8l8cwCw==/base.apk!classes10.dex*2871199926:/data/app/~~TF1NuhgcXpgsT82NPuzWqA==/com.evolucao.app.test-YPmkWglOKOWcNkr8l8cwCw==/base.apk!classes11.dex*3957027005:/data/app/~~TF1NuhgcXpgsT82NPuzWqA==/com.evolucao.app.test-YPmkWglOKOWcNkr8l8cwCw==/base.apk!classes12.dex*914099516:/data/app/~~TF1NuhgcXpgsT82NPuzWqA==/com.evolucao.app.test-YPmkWglOKOWcNkr8l8cwCw==/base.apk!classes13.dex*4108993750:/data/app/~~TF1NuhgcXpgsT82NPuzWqA==/com.evolucao.app.test-YPmkWglOKOWcNkr8l8cwCw==/base.apk!classes14.dex*1632137592:/data/app/~~TF1NuhgcXpgsT82NPuzWqA==/com.evolucao.app.test-YPmkWglOKOWcNkr8l8cwCw==/base.apk!classes15.dex*1757943310:/data/app/~~TF1NuhgcXpgsT82NPuzWqA==/com.evolucao.app.test-YPmkWglOKOWcNkr8l8cwCw==/base.apk!classes16.dex*931013159:/data/app/~~TF1NuhgcXpgsT82NPuzWqA==/com.evolucao.app.test-YPmkWglOKOWcNkr8l8cwCw==/base.apk!classes17.dex*2782462504:/data/app/~~TF1NuhgcXpgsT82NPuzWqA==/com.evolucao.app.test-YPmkWglOKOWcNkr8l8cwCw==/base.apk!classes18.dex*3468966139:/data/app/~~TF1NuhgcXpgsT82NPuzWqA==/com.evolucao.app.test-YPmkWglOKOWcNkr8l8cwCw==/base.apk!classes19.dex*2267436335:/data/app/~~wHCb7P8aOFSJUUuGXuSMFA==/com.evolucao.app-L1s3u3KozgxoF1e9wjJ1dA==/base.apk*198750528:/data/app/~~wHCb7P8aOFSJUUuGXuSMFA==/com.evolucao.app-L1s3u3KozgxoF1e9wjJ1dA==/base.apk!classes2.dex*1675103030:/data/app/~~wHCb7P8aOFSJUUuGXuSMFA==/com.evolucao.app-L1s3u3KozgxoF1e9wjJ1dA==/base.apk!classes3.dex*1788775668:/data/app/~~wHCb7P8aOFSJUUuGXuSMFA==/com.evolucao.app-L1s3u3KozgxoF1e9wjJ1dA==/base.apk!classes4.dex*2572157285:/data/app/~~wHCb7P8aOFSJUUuGXuSMFA==/com.evolucao.app-L1s3u3KozgxoF1e9wjJ1dA==/base.apk!classes5.dex*3994030385:/data/app/~~wHCb7P8aOFSJUUuGXuSMFA==/com.evolucao.app-L1s3u3KozgxoF1e9wjJ1dA==/base.apk!classes6.dex*1028875939:/data/app/~~wHCb7P8aOFSJUUuGXuSMFA==/com.evolucao.app-L1s3u3KozgxoF1e9wjJ1dA==/base.apk!classes7.dex*2113616002:/data/app/~~wHCb7P8aOFSJUUuGXuSMFA==/com.evolucao.app-L1s3u3KozgxoF1e9wjJ1dA==/base.apk!classes8.dex*3287389796:/data/app/~~wHCb7P8aOFSJUUuGXuSMFA==/com.evolucao.app-L1s3u3KozgxoF1e9wjJ1dA==/base.apk!classes9.dex*2030025819:/data/app/~~wHCb7P8aOFSJUUuGXuSMFA==/com.evolucao.app-L1s3u3KozgxoF1e9wjJ1dA==/base.apk!classes10.dex*1917680387:/data/app/~~wHCb7P8aOFSJUUuGXuSMFA==/com.evolucao.app-L1s3u3KozgxoF1e9wjJ1dA==/base.apk!classes11.dex*152
04-06 10:36:24.512 21645 21645 W ziparchive: Unable to open '/data/app/~~TF1NuhgcXpgsT82NPuzWqA==/com.evolucao.app.test-YPmkWglOKOWcNkr8l8cwCw==/base.dm': No such file or directory
04-06 10:36:24.512 21645 21645 W ziparchive: Unable to open '/data/app/~~TF1NuhgcXpgsT82NPuzWqA==/com.evolucao.app.test-YPmkWglOKOWcNkr8l8cwCw==/base.dm': No such file or directory
04-06 10:36:24.580 21645 21645 W ziparchive: Unable to open '/data/app/~~wHCb7P8aOFSJUUuGXuSMFA==/com.evolucao.app-L1s3u3KozgxoF1e9wjJ1dA==/base.dm': No such file or directory
04-06 10:36:24.580 21645 21645 W ziparchive: Unable to open '/data/app/~~wHCb7P8aOFSJUUuGXuSMFA==/com.evolucao.app-L1s3u3KozgxoF1e9wjJ1dA==/base.dm': No such file or directory
04-06 10:36:24.859 21645 21645 D NetworkSecurityConfig: No Network Security Config specified, using platform default
04-06 10:36:24.868 21645 21645 D NetworkSecurityConfig: No Network Security Config specified, using platform default
04-06 10:36:24.868 21645 21645 I AndroidJUnitRunner: newApplication com.evolucao.app.MainApplication
04-06 10:36:24.877 21645 21645 W FirebaseApp: Default FirebaseApp failed to initialize because no default options were found. This usually means that com.google.gms:google-services was not applied to your gradle project.
04-06 10:36:24.877 21645 21645 I FirebaseInitProvider: FirebaseApp initialization unsuccessful
04-06 10:36:24.895 21645 21645 I AndroidJUnitRunner: onCreate Bundle[mParcelledData.dataSize=240]
04-06 10:36:24.896 21645 21645 D AndroidJUnitRunner: Use the raw file system for managing file I/O.
04-06 10:36:24.902 21645 21645 V TestEventClient: No service name argument was given (testDiscoveryService, testRunEventService or orchestratorService)
04-06 10:36:24.902 21645 21678 D AndroidJUnitRunner: onStart is called.
04-06 10:36:24.907 21645 21645 W SoLoader: Initializing SoLoader: 0
04-06 10:36:24.908 21645 21645 W SoLoader: Recording new base apk path: /data/app/~~wHCb7P8aOFSJUUuGXuSMFA==/com.evolucao.app-L1s3u3KozgxoF1e9wjJ1dA==/base.apk
04-06 10:36:24.908 21645 21645 W SoLoader: Previously recorded 0 base apk paths.
04-06 10:36:24.910 21645 21645 I SoLoader: Preparing SO source: DirectorySoSource[root = /vendor/lib64 flags = 2]
04-06 10:36:24.910 21645 21645 I SoLoader: Preparing SO source: DirectorySoSource[root = /system/lib64 flags = 2]
04-06 10:36:24.910 21645 21645 I SoLoader: Preparing SO source: DirectApkSoSource[root = [/data/app/~~wHCb7P8aOFSJUUuGXuSMFA==/com.evolucao.app-L1s3u3KozgxoF1e9wjJ1dA==/base.apk!/lib/arm64-v8a]]
04-06 10:36:24.926 21645 21645 I SoLoader: Preparing SO source: ApplicationSoSource[DirectorySoSource[root = /data/app/~~wHCb7P8aOFSJUUuGXuSMFA==/com.evolucao.app-L1s3u3KozgxoF1e9wjJ1dA==/lib/arm64 flags = 0]]
04-06 10:36:24.927 21645 21645 I SoLoader: init finish: 4 SO sources prepared
04-06 10:36:24.927 21645 21645 W SoLoader: SoLoader initialized: 8
04-06 10:36:24.947 21645 21645 D jni_lib_merge: Entering merged library JNI_OnLoad.
04-06 10:36:24.947 21645 21645 D jni_lib_merge: Preparing 12 pre-merged libs (including stub)
04-06 10:36:24.947 21645 21645 D jni_lib_merge: Preparing to register libfabricjni_so.  onload_func: 0x703ef67f38
04-06 10:36:24.947 21645 21645 D jni_lib_merge: Preparing to register libreact_devsupportjni_so.  onload_func: 0x703f17081c
04-06 10:36:24.947 21645 21645 D jni_lib_merge: Preparing to register libreact_featureflagsjni_so.  onload_func: 0x703f182b7c
04-06 10:36:24.947 21645 21645 D jni_lib_merge: Preparing to register libreact_newarchdefaults_so.  onload_func: 0x703f227f24
04-06 10:36:24.947 21645 21645 D jni_lib_merge: Preparing to register libreactnativeblob_so.  onload_func: 0x703f43a088
04-06 10:36:24.947 21645 21645 D jni_lib_merge: Preparing to register libreactnativejni_so.  onload_func: 0x703f47cffc
04-06 10:36:24.947 21645 21645 D jni_lib_merge: Preparing to register libreactnativejni_common_so.  onload_func: 0x703f48d9f0
04-06 10:36:24.947 21645 21645 D jni_lib_merge: Preparing to register librninstance_so.  onload_func: 0x703f4cc62c
04-06 10:36:24.947 21645 21645 D jni_lib_merge: Preparing to register libturbomodulejsijni_so.  onload_func: 0x703f629734
04-06 10:36:24.947 21645 21645 D jni_lib_merge: Preparing to register libuimanagerjni_so.  onload_func: 0x703f6426e8
04-06 10:36:24.947 21645 21645 D jni_lib_merge: Preparing to register libyoga_so.  onload_func: 0x703f65216c
04-06 10:36:24.947 21645 21645 D jni_lib_merge: About to register 11 actual methods.
04-06 10:36:24.953 21645 21645 D jni_lib_merge: Entering merged library JNI_OnLoad.
04-06 10:36:24.953 21645 21645 D jni_lib_merge: Preparing 12 pre-merged libs (including stub)
04-06 10:36:24.953 21645 21645 D jni_lib_merge: Preparing to register libfabricjni_so.  onload_func: 0x703ef67f38
04-06 10:36:24.953 21645 21645 D jni_lib_merge: Preparing to register libreact_devsupportjni_so.  onload_func: 0x703f17081c
04-06 10:36:24.953 21645 21645 D jni_lib_merge: Preparing to register libreact_featureflagsjni_so.  onload_func: 0x703f182b7c
04-06 10:36:24.953 21645 21645 D jni_lib_merge: Preparing to register libreact_newarchdefaults_so.  onload_func: 0x703f227f24
04-06 10:36:24.953 21645 21645 D jni_lib_merge: Preparing to register libreactnativeblob_so.  onload_func: 0x703f43a088
04-06 10:36:24.953 21645 21645 D jni_lib_merge: Preparing to register libreactnativejni_so.  onload_func: 0x703f47cffc
04-06 10:36:24.953 21645 21645 D jni_lib_merge: Preparing to register libreactnativejni_common_so.  onload_func: 0x703f48d9f0
04-06 10:36:24.953 21645 21645 D jni_lib_merge: Preparing to register librninstance_so.  onload_func: 0x703f4cc62c
04-06 10:36:24.953 21645 21645 D jni_lib_merge: Preparing to register libturbomodulejsijni_so.  onload_func: 0x703f629734
04-06 10:36:24.953 21645 21645 D jni_lib_merge: Preparing to register libuimanagerjni_so.  onload_func: 0x703f6426e8
04-06 10:36:24.953 21645 21645 D jni_lib_merge: Preparing to register libyoga_so.  onload_func: 0x703f65216c
04-06 10:36:24.953 21645 21645 D jni_lib_merge: About to register 11 actual methods.
04-06 10:36:25.032 21645 21678 D TestRequestBuilder: Using class path scanning to discover tests
04-06 10:36:25.033 21645 21678 I TestRequestBuilder: Scanning classpath to find tests in paths [/data/app/~~TF1NuhgcXpgsT82NPuzWqA==/com.evolucao.app.test-YPmkWglOKOWcNkr8l8cwCw==/base.apk]
04-06 10:36:25.034 21645 21678 W om.evolucao.app: Opening an oat file without a class loader. Are you using the deprecated DexFile APIs?
04-06 10:36:25.417 21645 21678 I TestRunner: run started: 1 tests
04-06 10:36:25.418 21645 21678 I TestRunner: started: runDetoxTests(com.evolucao.app.DetoxTest)
04-06 10:36:25.425 21645 21678 I Detox   : Detox server connection details: url=ws://localhost:49383, sessionId=e8769f69-c67a-0341-81f6-6c356622f6a9
04-06 10:36:25.433 21645 21678 I Tracing : Tracer added: class androidx.test.platform.tracing.AndroidXTracer
04-06 10:36:25.446 21645 21678 W om.evolucao.app: Accessing hidden field Ljava/lang/reflect/Field;->accessFlags:I (unsupported, reflection, allowed)
04-06 10:36:25.448 21645 21678 I Detox   : Connecting to server...
04-06 10:36:25.448 21645 21678 I DetoxWSClient: At connectToServer
04-06 10:36:25.558 21645 21687 D TrafficStats: tagSocket(95) with statsTag=0xffffffff, statsUid=-1
04-06 10:36:25.576 21645 21687 D DetoxWSClient: At onOpen
04-06 10:36:25.576 21645 21687 I DetoxWSClient: Sending out action 'login' (ID #0)
04-06 10:36:25.577 21645 21687 I Detox   : Connected to server!
04-06 10:36:25.582 21645 21687 D DetoxWSClient: Received action 'loginSuccess' (ID #0, params={"testerConnected":true,"appConnected":true})
04-06 10:36:25.583 21645 21683 I DetoxDispatcher: Handling action 'loginSuccess' (ID #0)...
04-06 10:36:25.584 21645 21683 I DetoxDispatcher: Done with action 'loginSuccess'
04-06 10:36:25.584 21645 21678 I Detox   : Launching the tested activity!
04-06 10:36:25.621 21645 21687 D DetoxWSClient: Received action 'isReady' (ID #-1000, params={})
04-06 10:36:25.622 21645 21683 I DetoxDispatcher: Handling action 'isReady' (ID #-1000)...
04-06 10:36:25.655 21645 21701 D OpenGLRenderer: RenderThread::requireGlContext()
04-06 10:36:25.655 21645 21701 I AdrenoGLES-0: QUALCOMM build                   : db7e7066a2, I1fad33e957
04-06 10:36:25.655 21645 21701 I AdrenoGLES-0: Build Date                       : 05/11/25
04-06 10:36:25.655 21645 21701 I AdrenoGLES-0: OpenGL ES Shader Compiler Version: EV031.32.02.10
04-06 10:36:25.655 21645 21701 I AdrenoGLES-0: Local Branch                     : 
04-06 10:36:25.655 21645 21701 I AdrenoGLES-0: Remote Branch                    : refs/tags/AU_LINUX_ANDROID_LA.UM.9.12.11.00.00.582.697
04-06 10:36:25.655 21645 21701 I AdrenoGLES-0: Remote Branch                    : NONE
04-06 10:36:25.655 21645 21701 I AdrenoGLES-0: Reconstruct Branch               : NOTHING
04-06 10:36:25.655 21645 21701 I AdrenoGLES-0: Build Config                     : S P 10.0.7 AArch64
04-06 10:36:25.655 21645 21701 I AdrenoGLES-0: Driver Path                      : /vendor/lib64/egl/libGLESv2_adreno.so
04-06 10:36:25.660 21645 21701 I AdrenoGLES-0: PFP: 0x016dd093, ME: 0x00000000
04-06 10:36:25.666 21645 21701 D OpenGLRenderer: RenderThread::setGrContext()
04-06 10:36:25.679 21645 21645 D AppCompatDelegate: Checking for metadata for AppLocalesMetadataHolderService : Service not found
04-06 10:36:25.687 21645 21645 D LifecycleMonitor: Lifecycle status change: com.evolucao.app.MainActivity@36d1a3a in: PRE_ON_CREATE
04-06 10:36:25.759 21645 21645 D SensorManager: registerListener :: 11, LSM6DSO Accelerometer, 66667, 0, 
04-06 10:36:25.788 21645 21645 W unknown:BridgelessReact: ReactHost{0}.startSurface(surfaceId = 0): Schedule
04-06 10:36:25.788 21645 21645 W unknown:BridgelessReact: ReactHost{0}.attachSurface(surfaceId = 0)
04-06 10:36:25.788 21645 21717 W unknown:BridgelessReact: ReactHost{0}.getOrCreateReactInstanceTask()
04-06 10:36:25.788 21645 21717 W unknown:BridgelessReact: ReactHost{0}.getOrCreateReactInstanceTask(): Start
04-06 10:36:25.788 21645 21717 D Detox.RNMarker: REACT_BRIDGELESS_LOADING_START (null)
04-06 10:36:25.789 21645 21717 W unknown:BridgelessReact: ReactHost{0}.getJSBundleLoader()
04-06 10:36:25.789 21645 21717 W unknown:BridgelessReact: ReactHost{0}.isMetroRunning()
04-06 10:36:25.790 21645 21718 D TrafficStats: tagSocket(107) with statsTag=0xffffffff, statsUid=-1
04-06 10:36:25.791 21645 21645 I DecorView: [INFO] isPopOver=false config=true
04-06 10:36:25.791 21645 21645 I DecorView: updateCaptionType: isFloating=false isApplication=true hasWindowDecorCaption=false this=DecorView@d45fea8[]
04-06 10:36:25.791 21645 21645 D DecorView: setCaptionType = 0, this = DecorView@d45fea8[]
04-06 10:36:25.793 21645 21719 D TrafficStats: tagSocket(109) with statsTag=0xffffffff, statsUid=-1
04-06 10:36:25.796 21645 21645 I DecorView: getCurrentDensityDpi: from real metrics. densityDpi=480 msg=resources_loaded
04-06 10:36:25.796 21645 21645 I DecorView: setWindowBackground: isPopOver=false color=ff303030 d=android.graphics.drawable.ColorDrawable@88c94a7
04-06 10:36:25.801 21645 21645 W om.evolucao.app: Accessing hidden method Landroid/view/ViewGroup;->makeOptionalFitsSystemWindows()V (unsupported, reflection, allowed)
04-06 10:36:25.805 21645 21645 D LifecycleMonitor: Lifecycle status change: com.evolucao.app.MainActivity@36d1a3a in: CREATED
04-06 10:36:25.806 21645 21645 D LifecycleMonitor: Lifecycle status change: com.evolucao.app.MainActivity@36d1a3a in: STARTED
04-06 10:36:25.807 21645 21645 W unknown:BridgelessReact: ReactHost{0}.onHostResume(activity)
04-06 10:36:25.807 21645 21645 W unknown:ReactNative: Packager connection already open, nooping.
04-06 10:36:25.807 21645 21645 D LifecycleMonitor: Lifecycle status change: com.evolucao.app.MainActivity@36d1a3a in: RESUMED
04-06 10:36:25.808 21645 21645 I MSHandlerLifeCycle: check: return. pkg=com.evolucao.app parent=null callers=com.android.internal.policy.DecorView.setVisibility:4412 android.app.ActivityThread.handleResumeActivity:5476 android.app.servertransaction.ResumeActivityItem.execute:54 android.app.servertransaction.ActivityTransactionItem.execute:45 android.app.servertransaction.TransactionExecutor.executeLifecycleState:176 
04-06 10:36:25.808 21645 21645 I MSHandlerLifeCycle: removeMultiSplitHandler: no exist. decor=DecorView@d45fea8[]
04-06 10:36:25.812 21645 21701 D NativeCustomFrequencyManager: [NativeCFMS] BpCustomFrequencyManager::BpCustomFrequencyManager()
04-06 10:36:25.813 21645 21645 I DecorView: notifyKeepScreenOnChanged: keepScreenOn=false
04-06 10:36:25.816 21645 21645 D InsetsController: onStateChanged: InsetsState: {mDisplayFrame=Rect(0, 0 - 1080, 2400), mDisplayCutout=DisplayCutout{insets=Rect(0, 88 - 0, 0) waterfall=Insets{left=0, top=0, right=0, bottom=0} boundingRect={Bounds=[Rect(0, 0 - 0, 0), Rect(512, 0 - 568, 88), Rect(0, 0 - 0, 0), Rect(0, 0 - 0, 0)]} cutoutPathParserInfo={CutoutPathParserInfo{displayWidth=1080 displayHeight=2400 physicalDisplayWidth=1080 physicalDisplayHeight=2400 density={3.0} cutoutSpec={M 0,0 M 0,10.71963616907435 a 9.280363830925644,9.280363830925644 0 1,0 0,18.56072766185129 a 9.280363830925644,9.280363830925644 0 1,0 0,-18.56072766185129 Z @dp} rotation={0} scale={1.0} physicalPixelDisplaySizeRatio={1.0}}}}, mRoundedCorners=RoundedCorners{[RoundedCorner{position=TopLeft, radius=96, center=Point(96, 96)}, RoundedCorner{position=TopRight, radius=96, center=Point(984, 96)}, RoundedCorner{position=BottomRight, radius=96, center=Point(984, 2304)}, RoundedCorner{position=BottomLeft, radius=96, center=Point(96, 2304)}]}  mRoundedCornerFrame=Rect(0, 0 - 1080, 2400), mPrivacyIndicatorBounds=PrivacyIndicatorBounds {static bounds=Rect(948, 0 - 1080, 88) rotation=0}, mSources= { InsetsSource: {mType=ITYPE_STATUS_BAR, mFrame=[0,0][1080,88], mVisible=false, mInsetsRoundedCornerFrame=false}, InsetsSource: {mType=ITYPE_NAVIGATION_BAR, mFrame=[0,2256][1080,2400], mVisible=true, mInsetsRoundedCornerFrame=false}, InsetsSource: {mType=ITYPE_LEFT_GESTURES, mFrame=[0,0][0,2400], mVisible=true, mInsetsRoundedCornerFrame=false}, InsetsSource: {mType=ITYPE_RIGHT_GESTURES, mFrame=[1080,0][1080,2400], mVisible=true, mInsetsRoundedCornerFrame=false}, InsetsSource: {mType=ITYPE_TOP_MANDATORY_GESTURES, mFrame=[0,0][1080,124], mVisible=true, mInsetsRoundedCornerFrame=false}, InsetsSource: {mType=ITYPE_BOTTOM_MANDATORY_GESTURES, mFrame=[0,2256][1080,2400], mVisible=true, mInsetsRoundedCornerFrame=false}, InsetsSource: {mType=ITYPE_LEFT_DISPLAY_CUTOUT, mFrame=[0,0][-100000,2400], mVisible=true, mInsetsRoundedCornerFrame=false}, InsetsSource: {mType=ITYPE_TOP_DISPLAY_CUTOUT, mFrame=[0,0][1080,88], mVisible=true, mInsetsRoundedCornerFrame=false}, InsetsSource: {mType=ITYPE_RIGHT_DISPLAY_CUTOUT, mFrame=[100000,0][1080,2400], mVisible=true, mInsetsRoundedCornerFrame=false}, InsetsSource: {mType=ITYPE_BOTTOM_DISPLAY_CUTOUT, mFrame=[0,100000][1080,2400], mVisible=true, mInsetsRoundedCornerFrame=false}, InsetsSource: {mType=ITYPE_TOP_TAPPABLE_ELEMENT, mFrame=[0,0][1080,88], mVisible=true, mInsetsRoundedCornerFrame=false}, InsetsSource: {mType=ITYPE_BOTTOM_TAPPABLE_ELEMENT, mFrame=[0,2256][1080,2400], mVisible=true, mInsetsRoundedCornerFrame=false}, InsetsSource: {mType=ITYPE_IME, mFrame=[0,0][0,0], mVisibleFrame=[0,1374][1080,2400], mVisible=false, mInsetsRoundedCornerFrame=false} } host=com.evolucao.app/com.evolucao.app.MainActivity from=android.view.ViewRootImpl.setView:1732
04-06 10:36:25.817 21645 21645 I ViewRootImpl@7efc384[MainActivity]: setView = com.android.internal.policy.DecorView@d45fea8 TM=false
04-06 10:36:25.818 21645 21645 I MSHandlerLifeCycle: removeMultiSplitHandler: no exist. decor=DecorView@d45fea8[MainActivity]
04-06 10:36:25.824 21645 21645 I ViewRootImpl@7efc384[MainActivity]: performTraversals params={(0,0)(fillxfill) sim={adjust=resize forwardNavigation} layoutInDisplayCutoutMode=always ty=BASE_APPLICATION wanim=0x1030309
04-06 10:36:25.824 21645 21645 I ViewRootImpl@7efc384[MainActivity]:   fl=81810100
04-06 10:36:25.824 21645 21645 I ViewRootImpl@7efc384[MainActivity]:   pfl=16020040
04-06 10:36:25.824 21645 21645 I ViewRootImpl@7efc384[MainActivity]:   vsysui=100
04-06 10:36:25.824 21645 21645 I ViewRootImpl@7efc384[MainActivity]:   bhv=DEFAULT
04-06 10:36:25.824 21645 21645 I ViewRootImpl@7efc384[MainActivity]:   fitSides= naviIconColor=0}
04-06 10:36:25.825 21645 21645 I ViewRootImpl@7efc384[MainActivity]: performTraversals mFirst=true windowShouldResize=true viewVisibilityChanged=false mForceNextWindowRelayout=false params={(0,0)(fillxfill) sim={adjust=resize forwardNavigation} layoutInDisplayCutoutMode=always ty=BASE_APPLICATION wanim=0x1030309
04-06 10:36:25.825 21645 21645 I ViewRootImpl@7efc384[MainActivity]:   fl=81810100
04-06 10:36:25.825 21645 21645 I ViewRootImpl@7efc384[MainActivity]:   pfl=16020040
04-06 10:36:25.825 21645 21645 I ViewRootImpl@7efc384[MainActivity]:   vsysui=100
04-06 10:36:25.825 21645 21645 I ViewRootImpl@7efc384[MainActivity]:   bhv=DEFAULT
04-06 10:36:25.825 21645 21645 I ViewRootImpl@7efc384[MainActivity]:   fitSides= naviIconColor=0}
04-06 10:36:25.830 21645 21645 I ViewRootImpl@7efc384[MainActivity]: updateBlastSurfaceIfNeeded mBlastBufferQueue=null isSameSurfaceControl=false
04-06 10:36:25.830 21645 21645 E BufferQueueProducer: Unable to open libpenguin.so: dlopen failed: library "libpenguin.so" not found.
04-06 10:36:25.831 21645 21645 I BLASTBufferQueue: new BLASTBufferQueue, mName= ViewRootImpl@7efc384[MainActivity] mNativeObject= 0xb4000070c2c34c00 sc.mNativeObject= 0xb4000070a0cf3820 caller= android.view.ViewRootImpl.updateBlastSurfaceIfNeeded:2909 android.view.ViewRootImpl.relayoutWindow:9847 android.view.ViewRootImpl.performTraversals:3884 android.view.ViewRootImpl.doTraversal:3116 android.view.ViewRootImpl$TraversalRunnable.run:10885 android.view.Choreographer$CallbackRecord.run:1301 android.view.Choreographer$CallbackRecord.run:1309 android.view.Choreographer.doCallbacks:923 android.view.Choreographer.doFrame:852 android.view.Choreographer$FrameDisplayEventReceiver.run:1283 
04-06 10:36:25.831 21645 21645 I BLASTBufferQueue: update, w= 1080 h= 2400 mName = ViewRootImpl@7efc384[MainActivity] mNativeObject= 0xb4000070c2c34c00 sc.mNativeObject= 0xb4000070a0cf3820 format= -1 caller= android.graphics.BLASTBufferQueue.<init>:84 android.view.ViewRootImpl.updateBlastSurfaceIfNeeded:2909 android.view.ViewRootImpl.relayoutWindow:9847 android.view.ViewRootImpl.performTraversals:3884 android.view.ViewRootImpl.doTraversal:3116 android.view.ViewRootImpl$TraversalRunnable.run:10885 
04-06 10:36:25.831 21645 21645 I ViewRootImpl@7efc384[MainActivity]: Relayout returned: old=(0,0,1080,2400) new=(0,0,1080,2400) req=(1080,2400)0 dur=5 res=0x3 s={true 0xb4000070b15c1000} ch=true seqId=0
04-06 10:36:25.833 21645 21645 I ViewRootImpl@7efc384[MainActivity]: mThreadedRenderer.initialize() mSurface={isValid=true 0xb4000070b15c1000} hwInitialized=true
04-06 10:36:25.835 21645 21668 I ViewRootImpl@7efc384[MainActivity]: Resizing android.view.ViewRootImpl@2cd4d69: frame = [0,0][1080,2400] reportDraw = true forceLayout = false syncSeqId = 0
04-06 10:36:25.836 21645 21645 I ViewRootImpl@7efc384[MainActivity]: reportNextDraw android.view.ViewRootImpl.performTraversals:4438 android.view.ViewRootImpl.doTraversal:3116 android.view.ViewRootImpl$TraversalRunnable.run:10885 android.view.Choreographer$CallbackRecord.run:1301 android.view.Choreographer$CallbackRecord.run:1309 
04-06 10:36:25.837 21645 21645 I ViewRootImpl@7efc384[MainActivity]: Setup new sync id=0
04-06 10:36:25.837 21645 21645 I ViewRootImpl@7efc384[MainActivity]: Setting syncFrameCallback
04-06 10:36:25.837 21645 21645 I ViewRootImpl@7efc384[MainActivity]: registerCallbacksForSync syncBuffer=false
04-06 10:36:25.838 21645 21718 W unknown:BridgelessReact: ReactHost{0}.isMetroRunning(): Async result = true
04-06 10:36:25.838 21645 21717 W unknown:BridgelessReact: ReactHost{0}.loadJSBundleFromMetro()
04-06 10:36:25.838 21645 21717 D Detox.RNMarker: DOWNLOAD_START (null)
04-06 10:36:25.849 21645 21701 D OpenGLRenderer: eglCreateWindowSurface
04-06 10:36:25.850 21645 21721 I ViewRootImpl@7efc384[MainActivity]: Received frameDrawingCallback syncResult=0 frameNum=1.
04-06 10:36:25.850 21645 21721 I ViewRootImpl@7efc384[MainActivity]: Setting up sync and frameCommitCallback
04-06 10:36:25.866 21645 21701 I BLASTBufferQueue: [ViewRootImpl@7efc384[MainActivity]#0](f:0,a:0) onFrameAvailable the first frame is available
04-06 10:36:25.866 21645 21701 I ViewRootImpl@7efc384[MainActivity]: Received frameCommittedCallback lastAttemptedDrawFrameNum=1 didProduceBuffer=true
04-06 10:36:25.867 21645 21701 D OpenGLRenderer: CFMS:: SetUp Pid : 21645    Tid : 21701
04-06 10:36:25.869 21645 21701 W Parcel  : Expecting binder but got null!
04-06 10:36:25.869 21645 21645 I ViewRootImpl@7efc384[MainActivity]: onSyncComplete
04-06 10:36:25.869 21645 21645 I ViewRootImpl@7efc384[MainActivity]: setupSync seqId=0 mSyncId=0 fn=1 caller=android.view.ViewRootImpl$$ExternalSyntheticLambda11.accept:6 android.window.SurfaceSyncer.lambda$setupSync$1$android-window-SurfaceSyncer:128 android.window.SurfaceSyncer$$ExternalSyntheticLambda1.accept:8 android.window.SurfaceSyncer$SyncSet.checkIfSyncIsComplete:382 android.window.SurfaceSyncer$SyncSet.markSyncReady:359 android.window.SurfaceSyncer.markSyncReady:151 android.view.ViewRootImpl.performTraversals:4503 
04-06 10:36:25.870 21645 21645 I ViewRootImpl@7efc384[MainActivity]: reportDrawFinished seqId=0 mSyncId=-1 fn=1 mSurfaceChangedTransaction=0xb4000070b1319c00
04-06 10:36:25.870 21645 21645 D InsetsController: onStateChanged: InsetsState: {mDisplayFrame=Rect(0, 0 - 1080, 2400), mDisplayCutout=DisplayCutout{insets=Rect(0, 88 - 0, 0) waterfall=Insets{left=0, top=0, right=0, bottom=0} boundingRect={Bounds=[Rect(0, 0 - 0, 0), Rect(512, 0 - 568, 88), Rect(0, 0 - 0, 0), Rect(0, 0 - 0, 0)]} cutoutPathParserInfo={CutoutPathParserInfo{displayWidth=1080 displayHeight=2400 physicalDisplayWidth=1080 physicalDisplayHeight=2400 density={3.0} cutoutSpec={M 0,0 M 0,10.71963616907435 a 9.280363830925644,9.280363830925644 0 1,0 0,18.56072766185129 a 9.280363830925644,9.280363830925644 0 1,0 0,-18.56072766185129 Z @dp} rotation={0} scale={1.0} physicalPixelDisplaySizeRatio={1.0}}}}, mRoundedCorners=RoundedCorners{[RoundedCorner{position=TopLeft, radius=96, center=Point(96, 96)}, RoundedCorner{position=TopRight, radius=96, center=Point(984, 96)}, RoundedCorner{position=BottomRight, radius=96, center=Point(984, 2304)}, RoundedCorner{position=BottomLeft, radius=96, center=Point(96, 2304)}]}  mRoundedCornerFrame=Rect(0, 0 - 1080, 2400), mPrivacyIndicatorBounds=PrivacyIndicatorBounds {static bounds=Rect(948, 0 - 1080, 88) rotation=0}, mSources= { InsetsSource: {mType=ITYPE_STATUS_BAR, mFrame=[0,0][1080,88], mVisible=false, mInsetsRoundedCornerFrame=false}, InsetsSource: {mType=ITYPE_NAVIGATION_BAR, mFrame=[0,2256][1080,2400], mVisible=true, mInsetsRoundedCornerFrame=false}, InsetsSource: {mType=ITYPE_LEFT_GESTURES, mFrame=[0,0][0,2400], mVisible=true, mInsetsRoundedCornerFrame=false}, InsetsSource: {mType=ITYPE_RIGHT_GESTURES, mFrame=[1080,0][1080,2400], mVisible=true, mInsetsRoundedCornerFrame=false}, InsetsSource: {mType=ITYPE_TOP_MANDATORY_GESTURES, mFrame=[0,0][1080,124], mVisible=true, mInsetsRoundedCornerFrame=false}, InsetsSource: {mType=ITYPE_BOTTOM_MANDATORY_GESTURES, mFrame=[0,2256][1080,2400], mVisible=true, mInsetsRoundedCornerFrame=false}, InsetsSource: {mType=ITYPE_LEFT_DISPLAY_CUTOUT, mFrame=[0,0][-100000,2400], mVisible=true, mInsetsRoundedCornerFrame=false}, InsetsSource: {mType=ITYPE_TOP_DISPLAY_CUTOUT, mFrame=[0,0][1080,88], mVisible=true, mInsetsRoundedCornerFrame=false}, InsetsSource: {mType=ITYPE_RIGHT_DISPLAY_CUTOUT, mFrame=[100000,0][1080,2400], mVisible=true, mInsetsRoundedCornerFrame=false}, InsetsSource: {mType=ITYPE_BOTTOM_DISPLAY_CUTOUT, mFrame=[0,100000][1080,2400], mVisible=true, mInsetsRoundedCornerFrame=false}, InsetsSource: {mType=ITYPE_TOP_TAPPABLE_ELEMENT, mFrame=[0,0][1080,88], mVisible=true, mInsetsRoundedCornerFrame=false}, InsetsSource: {mType=ITYPE_BOTTOM_TAPPABLE_ELEMENT, mFrame=[0,2256][1080,2400], mVisible=true, mInsetsRoundedCornerFrame=false}, InsetsSource: {mType=ITYPE_IME, mFrame=[0,0][0,0], mVisibleFrame=[0,1374][1080,2400], mVisible=false, mInsetsRoundedCornerFrame=false} } host=com.evolucao.app/com.evolucao.app.MainActivity from=android.view.ViewRootImpl$ViewRootHandler.handleMessageImpl:6740
04-06 10:36:25.872 21645 21645 D InsetsController: controlAnimationUnchecked: Added types=1 animType=0 host=com.evolucao.app/com.evolucao.app.MainActivity from=android.view.InsetsController.applyAnimation:1576 android.view.InsetsController.applyAnimation:1557 android.view.InsetsController.onControlsChanged:992 
04-06 10:36:25.872 21645 21645 D InsetsController: onStateChanged: InsetsState: {mDisplayFrame=Rect(0, 0 - 1080, 2400), mDisplayCutout=DisplayCutout{insets=Rect(0, 88 - 0, 0) waterfall=Insets{left=0, top=0, right=0, bottom=0} boundingRect={Bounds=[Rect(0, 0 - 0, 0), Rect(512, 0 - 568, 88), Rect(0, 0 - 0, 0), Rect(0, 0 - 0, 0)]} cutoutPathParserInfo={CutoutPathParserInfo{displayWidth=1080 displayHeight=2400 physicalDisplayWidth=1080 physicalDisplayHeight=2400 density={3.0} cutoutSpec={M 0,0 M 0,10.71963616907435 a 9.280363830925644,9.280363830925644 0 1,0 0,18.56072766185129 a 9.280363830925644,9.280363830925644 0 1,0 0,-18.56072766185129 Z @dp} rotation={0} scale={1.0} physicalPixelDisplaySizeRatio={1.0}}}}, mRoundedCorners=RoundedCorners{[RoundedCorner{position=TopLeft, radius=96, center=Point(96, 96)}, RoundedCorner{position=TopRight, radius=96, center=Point(984, 96)}, RoundedCorner{position=BottomRight, radius=96, center=Point(984, 2304)}, RoundedCorner{position=BottomLeft, radius=96, center=Point(96, 2304)}]}  mRoundedCornerFrame=Rect(0, 0 - 1080, 2400), mPrivacyIndicatorBounds=PrivacyIndicatorBounds {static bounds=Rect(948, 0 - 1080, 88) rotation=0}, mSources= { InsetsSource: {mType=ITYPE_STATUS_BAR, mFrame=[0,0][1080,88], mVisible=true, mInsetsRoundedCornerFrame=false}, InsetsSource: {mType=ITYPE_NAVIGATION_BAR, mFrame=[0,2256][1080,2400], mVisible=true, mInsetsRoundedCornerFrame=false}, InsetsSource: {mType=ITYPE_LEFT_GESTURES, mFrame=[0,0][0,2400], mVisible=true, mInsetsRoundedCornerFrame=false}, InsetsSource: {mType=ITYPE_RIGHT_GESTURES, mFrame=[1080,0][1080,2400], mVisible=true, mInsetsRoundedCornerFrame=false}, InsetsSource: {mType=ITYPE_TOP_MANDATORY_GESTURES, mFrame=[0,0][1080,124], mVisible=true, mInsetsRoundedCornerFrame=false}, InsetsSource: {mType=ITYPE_BOTTOM_MANDATORY_GESTURES, mFrame=[0,2256][1080,2400], mVisible=true, mInsetsRoundedCornerFrame=false}, InsetsSource: {mType=ITYPE_LEFT_DISPLAY_CUTOUT, mFrame=[0,0][-100000,2400], mVisible=true, mInsetsRoundedCornerFrame=false}, InsetsSource: {mType=ITYPE_TOP_DISPLAY_CUTOUT, mFrame=[0,0][1080,88], mVisible=true, mInsetsRoundedCornerFrame=false}, InsetsSource: {mType=ITYPE_RIGHT_DISPLAY_CUTOUT, mFrame=[100000,0][1080,2400], mVisible=true, mInsetsRoundedCornerFrame=false}, InsetsSource: {mType=ITYPE_BOTTOM_DISPLAY_CUTOUT, mFrame=[0,100000][1080,2400], mVisible=true, mInsetsRoundedCornerFrame=false}, InsetsSource: {mType=ITYPE_TOP_TAPPABLE_ELEMENT, mFrame=[0,0][1080,88], mVisible=true, mInsetsRoundedCornerFrame=false}, InsetsSource: {mType=ITYPE_BOTTOM_TAPPABLE_ELEMENT, mFrame=[0,2256][1080,2400], mVisible=true, mInsetsRoundedCornerFrame=false}, InsetsSource: {mType=ITYPE_IME, mFrame=[0,0][0,0], mVisibleFrame=[0,1374][1080,2400], mVisible=false, mInsetsRoundedCornerFrame=false} } host=com.evolucao.app/com.evolucao.app.MainActivity from=android.view.ViewRootImpl$ViewRootHandler.handleMessageImpl:6727
04-06 10:36:25.872 21645 21645 I ViewRootImpl@7efc384[MainActivity]: handleResized, msg = 5 frames=ClientWindowFrames{frame=[0,0][1080,2400] display=[0,0][1080,2400] parentFrame=[0,0][0,0] parentClippedByDisplayCutout=false} forceNextWindowRelayout=false displayId=0 resizeMode=-1 frameChanged=false displayFrameChanged=false configChanged=false displayChanged=false
04-06 10:36:25.872 21645 21645 I ViewRootImpl@7efc384[MainActivity]: handleResized mSyncSeqId = 0
04-06 10:36:25.872 21645 21645 I ViewRootImpl@7efc384[MainActivity]: reportNextDraw android.view.ViewRootImpl.handleResized:2450 android.view.ViewRootImpl.-$$Nest$mhandleResized:0 android.view.ViewRootImpl$ViewRootHandler.handleMessageImpl:6728 android.view.ViewRootImpl$ViewRootHandler.handleMessage:6697 android.os.Handler.dispatchMessage:106 
04-06 10:36:25.876 21645 21645 D CompatibilityChangeReporter: Compat change id reported: 210923482; UID 10449; state: ENABLED
04-06 10:36:25.882 21645 21701 D NativeCustomFrequencyManager: [NativeCFMS] BpCustomFrequencyManager::BpCustomFrequencyManager()
04-06 10:36:25.884 21645 21645 D InsetsController: onStateChanged: InsetsState: {mDisplayFrame=Rect(0, 0 - 1080, 2400), mDisplayCutout=DisplayCutout{insets=Rect(0, 88 - 0, 0) waterfall=Insets{left=0, top=0, right=0, bottom=0} boundingRect={Bounds=[Rect(0, 0 - 0, 0), Rect(512, 0 - 568, 88), Rect(0, 0 - 0, 0), Rect(0, 0 - 0, 0)]} cutoutPathParserInfo={CutoutPathParserInfo{displayWidth=1080 displayHeight=2400 physicalDisplayWidth=1080 physicalDisplayHeight=2400 density={3.0} cutoutSpec={M 0,0 M 0,10.71963616907435 a 9.280363830925644,9.280363830925644 0 1,0 0,18.56072766185129 a 9.280363830925644,9.280363830925644 0 1,0 0,-18.56072766185129 Z @dp} rotation={0} scale={1.0} physicalPixelDisplaySizeRatio={1.0}}}}, mRoundedCorners=RoundedCorners{[RoundedCorner{position=TopLeft, radius=96, center=Point(96, 96)}, RoundedCorner{position=TopRight, radius=96, center=Point(984, 96)}, RoundedCorner{position=BottomRight, radius=96, center=Point(984, 2304)}, RoundedCorner{position=BottomLeft, radius=96, center=Point(96, 2304)}]}  mRoundedCornerFrame=Rect(0, 0 - 1080, 2400), mPrivacyIndicatorBounds=PrivacyIndicatorBounds {static bounds=Rect(948, 0 - 1080, 88) rotation=0}, mSources= { InsetsSource: {mType=ITYPE_STATUS_BAR, mFrame=[0,0][1080,88], mVisible=true, mInsetsRoundedCornerFrame=false}, InsetsSource: {mType=ITYPE_NAVIGATION_BAR, mFrame=[0,2256][1080,2400], mVisible=true, mInsetsRoundedCornerFrame=false}, InsetsSource: {mType=ITYPE_LEFT_GESTURES, mFrame=[0,0][0,2400], mVisible=true, mInsetsRoundedCornerFrame=false}, InsetsSource: {mType=ITYPE_RIGHT_GESTURES, mFrame=[1080,0][1080,2400], mVisible=true, mInsetsRoundedCornerFrame=false}, InsetsSource: {mType=ITYPE_TOP_MANDATORY_GESTURES, mFrame=[0,0][1080,124], mVisible=true, mInsetsRoundedCornerFrame=false}, InsetsSource: {mType=ITYPE_BOTTOM_MANDATORY_GESTURES, mFrame=[0,2256][1080,2400], mVisible=true, mInsetsRoundedCornerFrame=false}, InsetsSource: {mType=ITYPE_LEFT_DISPLAY_CUTOUT, mFrame=[0,0][-100000,2400], mVisible=true, mInsetsRoundedCornerFrame=false}, InsetsSource: {mType=ITYPE_TOP_DISPLAY_CUTOUT, mFrame=[0,0][1080,88], mVisible=true, mInsetsRoundedCornerFrame=false}, InsetsSource: {mType=ITYPE_RIGHT_DISPLAY_CUTOUT, mFrame=[100000,0][1080,2400], mVisible=true, mInsetsRoundedCornerFrame=false}, InsetsSource: {mType=ITYPE_BOTTOM_DISPLAY_CUTOUT, mFrame=[0,100000][1080,2400], mVisible=true, mInsetsRoundedCornerFrame=false}, InsetsSource: {mType=ITYPE_TOP_TAPPABLE_ELEMENT, mFrame=[0,0][1080,88], mVisible=true, mInsetsRoundedCornerFrame=false}, InsetsSource: {mType=ITYPE_BOTTOM_TAPPABLE_ELEMENT, mFrame=[0,2256][1080,2400], mVisible=true, mInsetsRoundedCornerFrame=false}, InsetsSource: {mType=ITYPE_IME, mFrame=[0,0][0,0], mVisibleFrame=[0,1374][1080,2400], mVisible=false, mInsetsRoundedCornerFrame=false} } host=PopupWindow:b18b023 from=android.view.ViewRootImpl.setView:1732
04-06 10:36:25.885 21645 21645 I ViewRootImpl@d3fd920[PopupWindow:b18b023]: setView = android.widget.PopupWindow$PopupDecorView@b19674c TM=false
04-06 10:36:25.885 21645 21645 I ViewRootImpl@7efc384[MainActivity]: Setup new sync id=1
04-06 10:36:25.885 21645 21645 I ViewRootImpl@7efc384[MainActivity]: Setting syncFrameCallback
04-06 10:36:25.885 21645 21645 I ViewRootImpl@7efc384[MainActivity]: registerCallbacksForSync syncBuffer=false
04-06 10:36:25.885 21645 21722 I ViewRootImpl@7efc384[MainActivity]: Received frameDrawingCallback syncResult=0 frameNum=2.
04-06 10:36:25.885 21645 21722 I ViewRootImpl@7efc384[MainActivity]: Setting up sync and frameCommitCallback
04-06 10:36:25.885 21645 21701 I ViewRootImpl@7efc384[MainActivity]: Received frameCommittedCallback lastAttemptedDrawFrameNum=2 didProduceBuffer=false
04-06 10:36:25.886 21645 21701 I BLASTBufferQueue: syncNextTransaction, mName= ViewRootImpl@7efc384[MainActivity] acquireSingleBuffer= true mNativeObject= 0xb4000070c2c34c00 callback= null caller= android.graphics.BLASTBufferQueue.syncNextTransaction:147 android.view.ViewRootImpl$12.lambda$onFrameDraw$0$android-view-ViewRootImpl$12:13399 android.view.ViewRootImpl$12$$ExternalSyntheticLambda1.onFrameCommit:9 android.view.ThreadedRenderer$1.lambda$onFrameDraw$0:813 android.view.ThreadedRenderer$1$$ExternalSyntheticLambda0.onFrameCommit:2 <bottom of call stack> 
04-06 10:36:25.886 21645 21701 I BLASTBufferQueue: [ViewRootImpl@7efc384[MainActivity]#0](f:0,a:1) syncNextTransaction callback: 0, acquireSingleBuffer: 1, mTransactionReadyCallback: 0
04-06 10:36:25.886 21645 21701 I BLASTBufferQueue: gatherPendingTransactions, mName= ViewRootImpl@7efc384[MainActivity] mNativeObject= 0xb4000070c2c34c00 frameNumber= 2 caller= android.view.ViewRootImpl$12.lambda$onFrameDraw$0$android-view-ViewRootImpl$12:13406 android.view.ViewRootImpl$12$$ExternalSyntheticLambda1.onFrameCommit:9 android.view.ThreadedRenderer$1.lambda$onFrameDraw$0:813 android.view.ThreadedRenderer$1$$ExternalSyntheticLambda0.onFrameCommit:2 <bottom of call stack> <bottom of call stack> 
04-06 10:36:25.886 21645 21645 I ViewRootImpl@7efc384[MainActivity]: onSyncComplete
04-06 10:36:25.886 21645 21645 I ViewRootImpl@7efc384[MainActivity]: setupSync seqId=0 mSyncId=1 fn=2 caller=android.view.ViewRootImpl$$ExternalSyntheticLambda11.accept:6 android.window.SurfaceSyncer.lambda$setupSync$1$android-window-SurfaceSyncer:128 android.window.SurfaceSyncer$$ExternalSyntheticLambda1.accept:8 android.window.SurfaceSyncer$SyncSet.checkIfSyncIsComplete:382 android.window.SurfaceSyncer$SyncSet.markSyncReady:359 android.window.SurfaceSyncer.markSyncReady:151 android.view.ViewRootImpl.performTraversals:4503 
04-06 10:36:25.888 21645 21645 I ViewRootImpl@d3fd920[PopupWindow:b18b023]: performTraversals params={(0,88)(fillxwrap) gr=TOP START CENTER sim={state=unchanged adjust=pan} ty=APPLICATION_PANEL fmt=TRANSLUCENT surfaceInsets=Rect(0, 0 - 0, 0) (manual)
04-06 10:36:25.888 21645 21645 I ViewRootImpl@d3fd920[PopupWindow:b18b023]:   fl=41800008
04-06 10:36:25.888 21645 21645 I ViewRootImpl@d3fd920[PopupWindow:b18b023]:   pfl=42018000
04-06 10:36:25.888 21645 21645 I ViewRootImpl@d3fd920[PopupWindow:b18b023]:   bhv=DEFAULT
04-06 10:36:25.888 21645 21645 I ViewRootImpl@d3fd920[PopupWindow:b18b023]:   fitTypes=STATUS_BARS NAVIGATION_BARS CAPTION_BAR naviIconColor=0
04-06 10:36:25.888 21645 21645 I ViewRootImpl@d3fd920[PopupWindow:b18b023]:   sfl=20000}
04-06 10:36:25.889 21645 21645 I ViewRootImpl@d3fd920[PopupWindow:b18b023]: performTraversals mFirst=true windowShouldResize=true viewVisibilityChanged=false mForceNextWindowRelayout=false params={(0,88)(fillxwrap) gr=TOP START CENTER sim={state=unchanged adjust=pan} ty=APPLICATION_PANEL fmt=TRANSLUCENT surfaceInsets=Rect(0, 0 - 0, 0) (manual)
04-06 10:36:25.889 21645 21645 I ViewRootImpl@d3fd920[PopupWindow:b18b023]:   fl=41800008
04-06 10:36:25.889 21645 21645 I ViewRootImpl@d3fd920[PopupWindow:b18b023]:   pfl=42018000
04-06 10:36:25.889 21645 21645 I ViewRootImpl@d3fd920[PopupWindow:b18b023]:   bhv=DEFAULT
04-06 10:36:25.889 21645 21645 I ViewRootImpl@d3fd920[PopupWindow:b18b023]:   fitTypes=STATUS_BARS NAVIGATION_BARS CAPTION_BAR naviIconColor=0
04-06 10:36:25.889 21645 21645 I ViewRootImpl@d3fd920[PopupWindow:b18b023]:   sfl=20000}
04-06 10:36:25.892 21645 21663 I ViewRootImpl@d3fd920[PopupWindow:b18b023]: Resizing android.view.ViewRootImpl@8125395: frame = [0,88][1080,167] reportDraw = true forceLayout = false syncSeqId = 0
04-06 10:36:25.892 21645 21645 I ViewRootImpl@d3fd920[PopupWindow:b18b023]: updateBlastSurfaceIfNeeded mBlastBufferQueue=null isSameSurfaceControl=false
04-06 10:36:25.893 21645 21645 I BLASTBufferQueue: new BLASTBufferQueue, mName= ViewRootImpl@d3fd920[PopupWindow:b18b023] mNativeObject= 0xb4000070b15c9100 sc.mNativeObject= 0xb4000070a0cf5300 caller= android.view.ViewRootImpl.updateBlastSurfaceIfNeeded:2909 android.view.ViewRootImpl.relayoutWindow:9847 android.view.ViewRootImpl.performTraversals:3884 android.view.ViewRootImpl.doTraversal:3116 android.view.ViewRootImpl$TraversalRunnable.run:10885 android.view.Choreographer$CallbackRecord.run:1301 android.view.Choreographer$CallbackRecord.run:1309 android.view.Choreographer.doCallbacks:923 android.view.Choreographer.doFrame:852 android.view.Choreographer$FrameDisplayEventReceiver.run:1283 
04-06 10:36:25.893 21645 21645 I BLASTBufferQueue: update, w= 1080 h= 79 mName = ViewRootImpl@d3fd920[PopupWindow:b18b023] mNativeObject= 0xb4000070b15c9100 sc.mNativeObject= 0xb4000070a0cf5300 format= -3 caller= android.graphics.BLASTBufferQueue.<init>:84 android.view.ViewRootImpl.updateBlastSurfaceIfNeeded:2909 android.view.ViewRootImpl.relayoutWindow:9847 android.view.ViewRootImpl.performTraversals:3884 android.view.ViewRootImpl.doTraversal:3116 android.view.ViewRootImpl$TraversalRunnable.run:10885 
04-06 10:36:25.893 21645 21645 I ViewRootImpl@d3fd920[PopupWindow:b18b023]: Relayout returned: old=(0,88,1080,2256) new=(0,88,1080,167) req=(1080,79)0 dur=3 res=0x3 s={true 0xb4000070b15c3800} ch=true seqId=0
04-06 10:36:25.894 21645 21645 I ViewRootImpl@d3fd920[PopupWindow:b18b023]: mThreadedRenderer.initialize() mSurface={isValid=true 0xb4000070b15c3800} hwInitialized=true
04-06 10:36:25.894 21645 21701 D OpenGLRenderer: eglCreateWindowSurface
04-06 10:36:25.894 21645 21645 I ViewRootImpl@d3fd920[PopupWindow:b18b023]: reportNextDraw android.view.ViewRootImpl.performTraversals:4438 android.view.ViewRootImpl.doTraversal:3116 android.view.ViewRootImpl$TraversalRunnable.run:10885 android.view.Choreographer$CallbackRecord.run:1301 android.view.Choreographer$CallbackRecord.run:1309 
04-06 10:36:25.894 21645 21645 I ViewRootImpl@d3fd920[PopupWindow:b18b023]: Setup new sync id=0
04-06 10:36:25.894 21645 21645 I ViewRootImpl@d3fd920[PopupWindow:b18b023]: Setting syncFrameCallback
04-06 10:36:25.894 21645 21645 I ViewRootImpl@d3fd920[PopupWindow:b18b023]: registerCallbacksForSync syncBuffer=false
04-06 10:36:25.895 21645 21721 I ViewRootImpl@d3fd920[PopupWindow:b18b023]: Received frameDrawingCallback syncResult=0 frameNum=1.
04-06 10:36:25.895 21645 21721 I ViewRootImpl@d3fd920[PopupWindow:b18b023]: Setting up sync and frameCommitCallback
04-06 10:36:25.902 21645 21701 I BLASTBufferQueue: [ViewRootImpl@d3fd920[PopupWindow:b18b023]#1](f:0,a:0) onFrameAvailable the first frame is available
04-06 10:36:25.902 21645 21701 I ViewRootImpl@d3fd920[PopupWindow:b18b023]: Received frameCommittedCallback lastAttemptedDrawFrameNum=1 didProduceBuffer=true
04-06 10:36:25.902 21645 21701 D OpenGLRenderer: CFMS:: SetUp Pid : 21645    Tid : 21701
04-06 10:36:25.903 21645 21701 W Parcel  : Expecting binder but got null!
04-06 10:36:25.903 21645 21645 I ViewRootImpl@d3fd920[PopupWindow:b18b023]: onSyncComplete
04-06 10:36:25.903 21645 21645 I ViewRootImpl@d3fd920[PopupWindow:b18b023]: setupSync seqId=0 mSyncId=0 fn=1 caller=android.view.ViewRootImpl$$ExternalSyntheticLambda11.accept:6 android.window.SurfaceSyncer.lambda$setupSync$1$android-window-SurfaceSyncer:128 android.window.SurfaceSyncer$$ExternalSyntheticLambda1.accept:8 android.window.SurfaceSyncer$SyncSet.checkIfSyncIsComplete:382 android.window.SurfaceSyncer$SyncSet.markSyncReady:359 android.window.SurfaceSyncer.markSyncReady:151 android.view.ViewRootImpl.performTraversals:4503 
04-06 10:36:25.903 21645 21645 I ViewRootImpl@d3fd920[PopupWindow:b18b023]: reportDrawFinished seqId=0 mSyncId=-1 fn=1 mSurfaceChangedTransaction=0xb4000070a0e81e00
04-06 10:36:25.903 21645 21645 I ViewRootImpl@7efc384[MainActivity]: reportDrawFinished seqId=0 mSyncId=-1 fn=2 mSurfaceChangedTransaction=0xb4000070b1319c00
04-06 10:36:25.904 21645 21645 I ViewRootImpl@7efc384[MainActivity]: MSG_WINDOW_FOCUS_CHANGED 1 0
04-06 10:36:25.904 21645 21645 I ViewRootImpl@7efc384[MainActivity]: mThreadedRenderer.initializeIfNeeded()#2 mSurface={isValid=true 0xb4000070b15c1000}
04-06 10:36:25.904 21645 21645 W unknown:BridgelessReact: ReactHost{0}.raiseSoftException(onWindowFocusChange(hasFocus = "true")): Tried to access onWindowFocusChange while context is not ready
04-06 10:36:25.905 21645 21645 E unknown:ReactHost: Unhandled SoftException
04-06 10:36:25.905 21645 21645 E unknown:ReactHost: com.facebook.react.bridge.ReactNoCrashSoftException: raiseSoftException(onWindowFocusChange(hasFocus = "true")): Tried to access onWindowFocusChange while context is not ready
04-06 10:36:25.905 21645 21645 E unknown:ReactHost: 	at com.facebook.react.runtime.ReactHostImpl.raiseSoftException(ReactHostImpl.kt:861)
04-06 10:36:25.905 21645 21645 E unknown:ReactHost: 	at com.facebook.react.runtime.ReactHostImpl.raiseSoftException$default(ReactHostImpl.kt:852)
04-06 10:36:25.905 21645 21645 E unknown:ReactHost: 	at com.facebook.react.runtime.ReactHostImpl.onWindowFocusChange(ReactHostImpl.kt:625)
04-06 10:36:25.905 21645 21645 E unknown:ReactHost: 	at com.facebook.react.ReactDelegate.onWindowFocusChanged(ReactDelegate.kt:232)
04-06 10:36:25.905 21645 21645 E unknown:ReactHost: 	at com.facebook.react.ReactActivityDelegate.onWindowFocusChanged(ReactActivityDelegate.java:237)
04-06 10:36:25.905 21645 21645 E unknown:ReactHost: 	at expo.modules.ReactActivityDelegateWrapper$onWindowFocusChanged$1.invokeSuspend(ReactActivityDelegateWrapper.kt:320)
04-06 10:36:25.905 21645 21645 E unknown:ReactHost: 	at expo.modules.ReactActivityDelegateWrapper$onWindowFocusChanged$1.invoke(Unknown Source:8)
04-06 10:36:25.905 21645 21645 E unknown:ReactHost: 	at expo.modules.ReactActivityDelegateWrapper$onWindowFocusChanged$1.invoke(Unknown Source:4)
04-06 10:36:25.905 21645 21645 E unknown:ReactHost: 	at expo.modules.ReactActivityDelegateWrapper$launchLifecycleScopeWithLock$1.invokeSuspend(ReactActivityDelegateWrapper.kt:452)
04-06 10:36:25.905 21645 21645 E unknown:ReactHost: 	at kotlin.coroutines.jvm.internal.BaseContinuationImpl.resumeWith(ContinuationImpl.kt:33)
04-06 10:36:25.905 21645 21645 E unknown:ReactHost: 	at kotlinx.coroutines.internal.DispatchedContinuationKt.resumeCancellableWith(DispatchedContinuation.kt:375)
04-06 10:36:25.905 21645 21645 E unknown:ReactHost: 	at kotlinx.coroutines.intrinsics.CancellableKt.startCoroutineCancellable(Cancellable.kt:26)
04-06 10:36:25.905 21645 21645 E unknown:ReactHost: 	at kotlinx.coroutines.CoroutineStart.invoke(CoroutineStart.kt:358)
04-06 10:36:25.905 21645 21645 E unknown:ReactHost: 	at kotlinx.coroutines.AbstractCoroutine.start(AbstractCoroutine.kt:134)
04-06 10:36:25.905 21645 21645 E unknown:ReactHost: 	at kotlinx.coroutines.BuildersKt__Builders_commonKt.launch(Builders.common.kt:53)
04-06 10:36:25.905 21645 21645 E unknown:ReactHost: 	at kotlinx.coroutines.BuildersKt.launch(Unknown Source:1)
04-06 10:36:25.905 21645 21645 E unknown:ReactHost: 	at kotlinx.coroutines.BuildersKt__Builders_commonKt.launch$default(Builders.common.kt:44)
04-06 10:36:25.905 21645 21645 E unknown:ReactHost: 	at kotlinx.coroutines.BuildersKt.launch$default(Unknown Source:1)
04-06 10:36:25.905 21645 21645 E unknown:ReactHost: 	at expo.modules.ReactActivityDelegateWrapper.launchLifecycleScopeWithLock(ReactActivityDelegateWrapper.kt:450)
04-06 10:36:25.905 21645 21645 E unknown:ReactHost: 	at expo.modules.ReactActivityDelegateWrapper.launchLifecycleScopeWithLock$default(ReactActivityDelegateWrapper.kt:446)
04-06 10:36:25.905 21645 21645 E unknown:ReactHost: 	at expo.modules.ReactActivityDelegateWrapper.onWindowFocusChanged(ReactActivityDelegateWrapper.kt:318)
04-06 10:36:25.905 21645 21645 E unknown:ReactHost: 	at com.facebook.react.ReactActivity.onWindowFocusChanged(ReactActivity.java:158)
04-06 10:36:25.905 21645 21645 E unknown:ReactHost: 	at androidx.appcompat.view.WindowCallbackWrapper.onWindowFocusChanged(WindowCallbackWrapper.java:124)
04-06 10:36:25.905 21645 21645 E unknown:ReactHost: 	at com.android.internal.policy.DecorView.onWindowFocusChanged(DecorView.java:2710)
04-06 10:36:25.905 21645 21645 E unknown:ReactHost: 	at android.view.View.dispatchWindowFocusChanged(View.java:15817)
04-06 10:36:25.905 21645 21645 E unknown:ReactHost: 	at android.view.ViewGroup.dispatchWindowFocusChanged(ViewGroup.java:1512)
04-06 10:36:25.905 21645 21645 E unknown:ReactHost: 	at android.view.ViewRootImpl.handleWindowFocusChanged(ViewRootImpl.java:4678)
04-06 10:36:25.905 21645 21645 E unknown:ReactHost: 	at android.view.ViewRootImpl.-$$Nest$mhandleWindowFocusChanged(Unknown Source:0)
04-06 10:36:25.905 21645 21645 E unknown:ReactHost: 	at android.view.ViewRootImpl$ViewRootHandler.handleMessageImpl(ViewRootImpl.java:6788)
04-06 10:36:25.905 21645 21645 E unknown:ReactHost: 	at android.view.ViewRootImpl$ViewRootHandler.handleMessage(ViewRootImpl.java:6697)
04-06 10:36:25.905 21645 21645 E unknown:ReactHost: 	at android.os.Handler.dispatchMessage(Handler.java:106)
04-06 10:36:25.905 21645 21645 E unknown:ReactHost: 	at android.os.Looper.loopOnce(Looper.java:226)
04-06 10:36:25.905 21645 21645 E unknown:ReactHost: 	at android.os.Looper.loop(Looper.java:313)
04-06 10:36:25.905 21645 21645 E unknown:ReactHost: 	at android.app.ActivityThread.main(ActivityThread.java:8762)
04-06 10:36:25.905 21645 21645 E unknown:ReactHost: 	at java.lang.reflect.Method.invoke(Native Method)
04-06 10:36:25.905 21645 21645 E unknown:ReactHost: 	at com.android.internal.os.RuntimeInit$MethodAndArgsCaller.run(RuntimeInit.java:604)
04-06 10:36:25.905 21645 21645 E unknown:ReactHost: 	at com.android.internal.os.ZygoteInit.main(ZygoteInit.java:1067)
04-06 10:36:25.905 21645 21645 D InputMethodManager: startInputInner - Id : 0
04-06 10:36:25.905 21645 21645 I InputMethodManager: startInputInner - mService.startInputOrWindowGainedFocus
04-06 10:36:25.908 21645 21645 I ViewRootImpl@d3fd920[PopupWindow:b18b023]: handleResized, msg = 5 frames=ClientWindowFrames{frame=[0,88][1080,167] display=[0,88][1080,2256] parentFrame=[0,0][0,0] parentClippedByDisplayCutout=false} forceNextWindowRelayout=false displayId=0 resizeMode=-1 frameChanged=false displayFrameChanged=false configChanged=false displayChanged=false
04-06 10:36:25.909 21645 21645 I ViewRootImpl@d3fd920[PopupWindow:b18b023]: handleResized mSyncSeqId = 0
04-06 10:36:25.909 21645 21645 I ViewRootImpl@d3fd920[PopupWindow:b18b023]: reportNextDraw android.view.ViewRootImpl.handleResized:2450 android.view.ViewRootImpl.-$$Nest$mhandleResized:0 android.view.ViewRootImpl$ViewRootHandler.handleMessageImpl:6728 android.view.ViewRootImpl$ViewRootHandler.handleMessage:6697 android.os.Handler.dispatchMessage:106 
04-06 10:36:25.909 21645 21645 D InputMethodManager: startInputInner - Id : 0
04-06 10:36:25.914 21645 21645 I ViewRootImpl@d3fd920[PopupWindow:b18b023]: Setup new sync id=1
04-06 10:36:25.914 21645 21645 I ViewRootImpl@d3fd920[PopupWindow:b18b023]: Setting syncFrameCallback
04-06 10:36:25.914 21645 21645 I ViewRootImpl@d3fd920[PopupWindow:b18b023]: registerCallbacksForSync syncBuffer=false
04-06 10:36:25.915 21645 21722 I ViewRootImpl@d3fd920[PopupWindow:b18b023]: Received frameDrawingCallback syncResult=0 frameNum=3.
04-06 10:36:25.915 21645 21722 I ViewRootImpl@d3fd920[PopupWindow:b18b023]: Setting up sync and frameCommitCallback
04-06 10:36:25.920 21645 21701 I ViewRootImpl@d3fd920[PopupWindow:b18b023]: Received frameCommittedCallback lastAttemptedDrawFrameNum=3 didProduceBuffer=true
04-06 10:36:25.921 21645 21645 I ViewRootImpl@d3fd920[PopupWindow:b18b023]: onSyncComplete
04-06 10:36:25.921 21645 21645 I ViewRootImpl@d3fd920[PopupWindow:b18b023]: setupSync seqId=0 mSyncId=1 fn=3 caller=android.view.ViewRootImpl$$ExternalSyntheticLambda11.accept:6 android.window.SurfaceSyncer.lambda$setupSync$1$android-window-SurfaceSyncer:128 android.window.SurfaceSyncer$$ExternalSyntheticLambda1.accept:8 android.window.SurfaceSyncer$SyncSet.checkIfSyncIsComplete:382 android.window.SurfaceSyncer$SyncSet.markSyncReady:359 android.window.SurfaceSyncer.markSyncReady:151 android.view.ViewRootImpl.performTraversals:4503 
04-06 10:36:25.921 21645 21645 I ViewRootImpl@d3fd920[PopupWindow:b18b023]: reportDrawFinished seqId=0 mSyncId=-1 fn=3 mSurfaceChangedTransaction=0xb4000070a0e81e00
04-06 10:36:26.180 21645 21645 D InsetsController: cancelAnimation of types: 1, animType: 0, host: com.evolucao.app/com.evolucao.app.MainActivity, from:android.view.InsetsController.notifyFinished:1375 android.view.InsetsAnimationThreadControlRunner$1.lambda$notifyFinished$0$android-view-InsetsAnimationThreadControlRunner$1:84 android.view.InsetsAnimationThreadControlRunner$1$$ExternalSyntheticLambda1.run:4 
04-06 10:36:26.180 21645 21645 D InsetsSourceConsumer: ensureControlPosition: Point(0, 0) for ITYPE_STATUS_BAR on com.evolucao.app/com.evolucao.app.MainActivity from android.view.InsetsSourceConsumer.notifyAnimationFinished:419
04-06 10:36:26.196 21645 21721 I ViewRootImpl@7efc384[MainActivity]: mWNT: t=0xb4000070b0f84a00 mBlastBufferQueue=0xb4000070c2c34c00 fn= 2 caller= android.view.SyncRtSurfaceTransactionApplier.applyTransaction:96 android.view.SyncRtSurfaceTransactionApplier.lambda$scheduleApply$0$android-view-SyncRtSurfaceTransactionApplier:69 android.view.SyncRtSurfaceTransactionApplier$$ExternalSyntheticLambda0.onFrameDraw:4 
04-06 10:36:26.210 21645 21701 D OpenGLRenderer: setSurface called with nullptr
04-06 10:36:26.210 21645 21701 D OpenGLRenderer: setSurface() destroyed EGLSurface
04-06 10:36:26.210 21645 21701 D OpenGLRenderer: destroyEglSurface
04-06 10:36:26.210 21645 21718 D Detox.RNMarker: DOWNLOAD_END ({"url":"http:\/\/localhost:8081\/.expo\/.virtual-metro-entry.bundle?platform=android&dev=true&lazy=true&minify=false&app=com.evolucao.app&modulesOnly=false&runModule=true&excludeSource=true&sourcePaths=url-server","filesChangedCount":0})
04-06 10:36:26.210 21645 21718 W unknown:BridgelessReact: ReactHost{0}.loadJSBundleFromMetro(): Creating BundleLoader
04-06 10:36:26.211 21645 21717 W unknown:BridgelessReact: ReactHost{0}.getOrCreateReactInstanceTask(): Creating BridgelessReactContext
04-06 10:36:26.211 21645 21645 I ViewRootImpl@d3fd920[PopupWindow:b18b023]: dispatchDetachedFromWindow
04-06 10:36:26.212 21645 21717 W unknown:BridgelessReact: ReactHost{0}.getOrCreateReactInstanceTask(): Creating ReactInstance
04-06 10:36:26.213 21645 21645 D InputTransport: Input channel destroyed: 'dfd23cc', fd=125
04-06 10:36:26.221 21645 21718 D TrafficStats: tagSocket(131) with statsTag=0xffffffff, statsUid=-1
04-06 10:36:26.223 21645 21717 D jni_lib_merge: Entering merged library JNI_OnLoad.
04-06 10:36:26.223 21645 21717 D jni_lib_merge: Preparing 4 pre-merged libs (including stub)
04-06 10:36:26.223 21645 21717 D jni_lib_merge: Preparing to register libhermes_executor_so.  onload_func: 0x701f573fa4
04-06 10:36:26.223 21645 21717 D jni_lib_merge: Preparing to register libhermesinstancejni_so.  onload_func: 0x701f5ad8b4
04-06 10:36:26.223 21645 21717 D jni_lib_merge: Preparing to register libjsijniprofiler_so.  onload_func: 0x701f5af8f8
04-06 10:36:26.223 21645 21717 D jni_lib_merge: About to register 3 actual methods.
04-06 10:36:26.319 21645 21717 I ExpoModulesCore: âś… AppContext was initialized
04-06 10:36:26.346 21645 21717 W unknown:BridgelessReact: ReactHost{0}.getOrCreateReactInstanceTask(): Loading JS Bundle
04-06 10:36:26.347 21645 21717 W unknown:BridgelessReact: ReactHost{0}.getOrCreateReactInstanceTask(): DevSupportManager.onNewReactContextCreated()
04-06 10:36:26.347 21645 21731 D Detox.RNMarker: RUN_JS_BUNDLE_START (/.virtual-metro-entry.bundle?platform=android&dev=true&lazy=true&minify=false&app=com.evolucao.app&modulesOnly=false&runModule=true&excludeSource=true&sourcePaths=url-server)
04-06 10:36:26.349 21645 21645 W unknown:ReactNative: Packager connection already open, nooping.
04-06 10:36:26.353 21645 21645 W unknown:BridgelessReact: ReactHost{0}.ReactContext.onHostResume()
04-06 10:36:26.354 21645 21717 W unknown:BridgelessReact: ReactHost{0}.startSurface(surfaceId = 0): Execute
04-06 10:36:26.357 21645 21645 W unknown:BridgelessReact: ReactHost{0}.getOrCreateReactInstanceTask(): Executing ReactInstanceEventListeners
04-06 10:36:26.357 21645 21645 I DetoxRNLoading: Got new RN-context through listener
04-06 10:36:26.358 21645 21678 I DetoxRNIdleRes: Setting up Espresso Idling Resources for React Native
04-06 10:36:26.366 21645 21645 D DetoxRNHelpers: Native RN module resolution (class com.reactnativecommunity.asyncstorage.AsyncStorageModule): no registered module found
04-06 10:36:26.366 21645 21678 D IdlingRegistry: Registering idling resources: [com.wix.detox.reactnative.idlingresources.uimodule.fabric.FabricUIManagerIdlingResources@65dff7e]
04-06 10:36:26.366 21645 21678 D IdlingRegistry: Registering idling resources: [com.wix.detox.reactnative.idlingresources.animations.AnimatedModuleIdlingResource@3525cdf]
04-06 10:36:26.366 21645 21678 D IdlingRegistry: Registering idling resources: [com.wix.detox.reactnative.idlingresources.timers.FabricTimersIdlingResource@5d7ad2c]
04-06 10:36:26.366 21645 21678 D IdlingRegistry: Registering idling resources: [com.wix.detox.reactnative.idlingresources.network.NetworkIdlingResource@fa053f5]
04-06 10:36:26.366 21645 21678 D IdlingRegistry: Registering idling resources: [com.wix.detox.reactnative.idlingresources.StabilizedIdlingResource@556958a]
04-06 10:36:26.380 21645 21732 W om.evolucao.app: Accessing hidden method Landroid/os/MessageQueue;->next()Landroid/os/Message; (unsupported, reflection, allowed)
04-06 10:36:26.380 21645 21732 W om.evolucao.app: Accessing hidden field Landroid/os/MessageQueue;->mMessages:Landroid/os/Message; (unsupported, reflection, allowed)
04-06 10:36:26.380 21645 21732 W om.evolucao.app: Accessing hidden method Landroid/os/Message;->recycleUnchecked()V (unsupported, reflection, allowed)
04-06 10:36:26.528 21645 21645 D DetoxRNHelpers: Native RN module resolution (class com.reactnativecommunity.asyncstorage.AsyncStorageModule): no registered module found
04-06 10:36:26.529 21645 21683 W om.evolucao.app: Long monitor contention with owner Instr: androidx.test.runner.AndroidJUnitRunner (21678) at void com.wix.detox.DetoxMain.launchActivityOnCue(android.content.Context, com.wix.detox.ActivityLaunchHelper)(DetoxMain.kt:53) waiters=0 in void com.wix.detox.DetoxMain$setupActionHandlers$SynchronizedActionHandler.handle(java.lang.String, long) for 907ms
04-06 10:36:26.597 21645 21732 I WebViewFactory: Loading com.google.android.webview version 146.0.7680.164 (code 768016403)
04-06 10:36:26.599 21645 21732 D ApplicationLoaders: Returning zygote-cached class loader: /system/framework/android.test.base.jar
04-06 10:36:26.602 21645 21732 D nativeloader: Configuring classloader-namespace for other apk /data/app/~~23ppwVuk64Fm9vdWCRWMMw==/com.google.android.webview-FPIphznatdLDx2VBYoD68A==/base.apk. target_sdk_version=36, uses_libraries=, library_path=/data/app/~~23ppwVuk64Fm9vdWCRWMMw==/com.google.android.webview-FPIphznatdLDx2VBYoD68A==/lib/arm64:/data/app/~~23ppwVuk64Fm9vdWCRWMMw==/com.google.android.webview-FPIphznatdLDx2VBYoD68A==/base.apk!/lib/arm64-v8a, permitted_path=/data:/mnt/expand
04-06 10:36:26.614 21645 21732 I cr_WVCFactoryProvider: version=146.0.7680.164 (768016403) minSdkVersion=29 multiprocess=true packageId=127 splits=<none>
04-06 10:36:26.619 21645 21747 I chromium: [0406/103626.619444:INFO:android_webview/browser/variations/variations_seed_loader.cc:67] Failed to open file for reading.: No such file or directory (2)
04-06 10:36:26.619 21645 21747 I chromium: [0406/103626.619600:INFO:android_webview/browser/variations/variations_seed_loader.cc:67] Failed to open file for reading.: No such file or directory (2)
04-06 10:36:26.624 21645 21732 I cr_LibraryLoader: Successfully loaded native library
04-06 10:36:26.624 21645 21732 I cr_CachingUmaRecorder: Flushed 16 samples from 16 histograms, 0 samples were dropped.
04-06 10:36:26.642 21645 21750 D TrafficStats: tagSocket(150) with statsTag=0xffffffff, statsUid=-1
04-06 10:36:26.644 21645 21750 D TrafficStats: tagSocket(150) with statsTag=0xffffffff, statsUid=-1
04-06 10:36:26.646 21645 21731 W BridgelessReactContext: [WARNING] Bridgeless doesn't support CatalystInstance. Accessing an API that's not part of the new architecture is not encouraged usage.
04-06 10:36:26.652 21645 21731 I ExpoModulesCore: âś… JSI interop was installed
04-06 10:36:26.657 21645 21731 I ExpoModulesCore: âś… Constants were exported
04-06 10:36:26.699 21645 21731 W unknown:ViewManagerPropertyUpdater: Could not find generated setter for class com.th3rdwave.safeareacontext.SafeAreaProviderManager
04-06 10:36:26.702 21645 21731 W unknown:ViewManagerPropertyUpdater: Could not find generated setter for class com.facebook.react.uimanager.LayoutShadowNode
04-06 10:36:26.704 21645 21731 W unknown:ViewManagerPropertyUpdater: Could not find generated setter for class com.swmansion.rnscreens.SearchBarManager
04-06 10:36:26.704 21645 21731 W unknown:ViewManagerPropertyUpdater: Could not find generated setter for class com.swmansion.rnscreens.ScreenFooterManager
04-06 10:36:26.705 21645 21731 W unknown:ViewManagerPropertyUpdater: Could not find generated setter for class com.swmansion.rnscreens.gamma.tabs.TabScreenViewManager
04-06 10:36:26.706 21645 21731 W unknown:ViewManagerPropertyUpdater: Could not find generated setter for class expo.modules.kotlin.views.GroupViewManagerWrapper
04-06 10:36:26.707 21645 21731 W unknown:ViewManagerPropertyUpdater: Could not find generated setter for class com.swmansion.rnscreens.ScreenContainerViewManager
04-06 10:36:26.707 21645 21731 W unknown:ViewManagerPropertyUpdater: Could not find generated setter for class com.swmansion.rnscreens.gamma.tabs.TabsHostViewManager
04-06 10:36:26.709 21645 21731 W unknown:ViewManagerPropertyUpdater: Could not find generated setter for class com.swmansion.rnscreens.ModalScreenViewManager
04-06 10:36:26.710 21645 21731 W unknown:ViewManagerPropertyUpdater: Could not find generated setter for class com.swmansion.rnscreens.ScreenStackHeaderConfigViewManager
04-06 10:36:26.711 21645 21731 W unknown:ViewManagerPropertyUpdater: Could not find generated setter for class com.swmansion.rnscreens.ScreenContentWrapperManager
04-06 10:36:26.712 21645 21731 W unknown:ViewManagerPropertyUpdater: Could not find generated setter for class com.th3rdwave.safeareacontext.SafeAreaViewManager
04-06 10:36:26.713 21645 21731 W unknown:ViewManagerPropertyUpdater: Could not find generated setter for class com.th3rdwave.safeareacontext.SafeAreaViewShadowNode
04-06 10:36:26.714 21645 21731 W unknown:ViewManagerPropertyUpdater: Could not find generated setter for class com.swmansion.rnscreens.safearea.SafeAreaViewManager
04-06 10:36:26.714 21645 21731 W unknown:ViewManagerPropertyUpdater: Could not find generated setter for class com.swmansion.rnscreens.safearea.paper.SafeAreaViewShadowNode
04-06 10:36:26.714 21645 21731 W unknown:ViewManagerPropertyUpdater: Could not find generated setter for class com.swmansion.rnscreens.ScreenViewManager
04-06 10:36:26.715 21645 21731 W unknown:ViewManagerPropertyUpdater: Could not find generated setter for class com.swmansion.rnscreens.gamma.stack.host.StackHostViewManager
04-06 10:36:26.715 21645 21731 W unknown:ViewManagerPropertyUpdater: Could not find generated setter for class com.swmansion.rnscreens.ScreenStackHeaderSubviewManager
04-06 10:36:26.716 21645 21731 W unknown:ViewManagerPropertyUpdater: Could not find generated setter for class com.swmansion.rnscreens.gamma.stack.screen.StackScreenViewManager
04-06 10:36:26.716 21645 21731 W unknown:ViewManagerPropertyUpdater: Could not find generated setter for class com.swmansion.rnscreens.ScreenStackViewManager
04-06 10:36:26.790 21645 21731 W unknown:ViewManagerPropertyUpdater: Could not find generated setter for class com.facebook.react.views.debuggingoverlay.DebuggingOverlayManager
04-06 10:36:26.795 21645 21731 W unknown:ViewManagerPropertyUpdater: Could not find generated setter for class com.swmansion.gesturehandler.react.RNGestureHandlerButtonViewManager
04-06 10:36:26.800 21645 21731 W unknown:ViewManagerPropertyUpdater: Could not find generated setter for class com.facebook.react.views.safeareaview.ReactSafeAreaViewManager
04-06 10:36:26.804 21645 21731 W unknown:ViewManagerPropertyUpdater: Could not find generated setter for class com.facebook.react.views.modal.ReactModalHostManager
04-06 10:36:26.810 21645 21731 W unknown:ViewManagerPropertyUpdater: Could not find generated setter for class com.facebook.react.views.text.frescosupport.FrescoBasedReactTextInlineImageViewManager
04-06 10:36:26.810 21645 21731 W unknown:ViewManagerPropertyUpdater: Could not find generated setter for class com.facebook.react.views.text.frescosupport.FrescoBasedReactTextInlineImageShadowNode
04-06 10:36:26.815 21645 21731 W unknown:ViewManagerPropertyUpdater: Could not find generated setter for class com.facebook.react.views.progressbar.ReactProgressBarViewManager
04-06 10:36:26.815 21645 21731 W unknown:ViewManagerPropertyUpdater: Could not find generated setter for class com.facebook.react.views.progressbar.ProgressBarShadowNode
04-06 10:36:26.820 21645 21731 W unknown:ViewManagerPropertyUpdater: Could not find generated setter for class com.facebook.react.views.scroll.ReactHorizontalScrollViewManager
04-06 10:36:26.826 21645 21731 W unknown:ViewManagerPropertyUpdater: Could not find generated setter for class com.facebook.react.views.image.ReactImageManager
04-06 10:36:26.832 21645 21731 W unknown:ViewManagerPropertyUpdater: Could not find generated setter for class com.facebook.react.views.text.ReactTextViewManager
04-06 10:36:26.833 21645 21731 W unknown:ViewManagerPropertyUpdater: Could not find generated setter for class com.facebook.react.views.text.ReactTextShadowNode
04-06 10:36:26.838 21645 21731 W unknown:ViewManagerPropertyUpdater: Could not find generated setter for class com.facebook.react.views.scroll.ReactHorizontalScrollContainerViewManager
04-06 10:36:26.844 21645 21731 W unknown:ViewManagerPropertyUpdater: Could not find generated setter for class com.facebook.react.views.unimplementedview.ReactUnimplementedViewManager
04-06 10:36:26.849 21645 21731 W unknown:ViewManagerPropertyUpdater: Could not find generated setter for class com.facebook.react.views.scroll.ReactScrollViewManager
04-06 10:36:26.854 21645 21731 W unknown:ViewManagerPropertyUpdater: Could not find generated setter for class com.facebook.react.views.view.ReactViewManager
04-06 10:36:26.860 21645 21731 W unknown:ViewManagerPropertyUpdater: Could not find generated setter for class com.facebook.react.views.drawer.ReactDrawerLayoutManager
04-06 10:36:26.865 21645 21731 W unknown:ViewManagerPropertyUpdater: Could not find generated setter for class com.facebook.react.views.switchview.ReactSwitchManager
04-06 10:36:26.866 21645 21731 W unknown:ViewManagerPropertyUpdater: Could not find generated setter for class com.facebook.react.views.switchview.ReactSwitchShadowNode
04-06 10:36:26.870 21645 21731 W unknown:ViewManagerPropertyUpdater: Could not find generated setter for class com.facebook.react.views.swiperefresh.SwipeRefreshLayoutManager
04-06 10:36:26.877 21645 21731 W unknown:ViewManagerPropertyUpdater: Could not find generated setter for class com.facebook.react.views.textinput.ReactTextInputManager
04-06 10:36:26.878 21645 21731 W unknown:ViewManagerPropertyUpdater: Could not find generated setter for class com.facebook.react.views.textinput.ReactTextInputShadowNode
04-06 10:36:26.884 21645 21731 W unknown:ViewManagerPropertyUpdater: Could not find generated setter for class com.swmansion.gesturehandler.react.RNGestureHandlerRootViewManager
04-06 10:36:26.916 21645 21750 D TrafficStats: tagSocket(152) with statsTag=0xffffffff, statsUid=-1
04-06 10:36:27.085 21645 21731 V AsyncStorageExpoMigration: No scoped database found
04-06 10:36:27.261 21645 21731 D Detox.RNMarker: RUN_JS_BUNDLE_END (/.virtual-metro-entry.bundle?platform=android&dev=true&lazy=true&minify=false&app=com.evolucao.app&modulesOnly=false&runModule=true&excludeSource=true&sourcePaths=url-server)
04-06 10:36:27.263 21645 21731 I ReactNativeJS: Running "main" with {"rootTag":1,"initialProps":{},"fabric":true}
04-06 10:36:27.340 21645 21754 D TrafficStats: tagSocket(139) with statsTag=0xffffffff, statsUid=-1
04-06 10:36:27.461 21645 21645 I DecorView: notifyKeepScreenOnChanged: keepScreenOn=true
04-06 10:36:27.472 21645 21645 I ViewRootImpl@7efc384[MainActivity]: performTraversals params={(0,0)(fillxfill) sim={adjust=resize} layoutInDisplayCutoutMode=always ty=BASE_APPLICATION wanim=0x1030309
04-06 10:36:27.472 21645 21645 I ViewRootImpl@7efc384[MainActivity]:   fl=81810180
04-06 10:36:27.472 21645 21645 I ViewRootImpl@7efc384[MainActivity]:   pfl=16020040
04-06 10:36:27.472 21645 21645 I ViewRootImpl@7efc384[MainActivity]:   vsysui=100
04-06 10:36:27.472 21645 21645 I ViewRootImpl@7efc384[MainActivity]:   bhv=DEFAULT
04-06 10:36:27.472 21645 21645 I ViewRootImpl@7efc384[MainActivity]:   fitSides= naviIconColor=0}
04-06 10:36:27.474 21645 21645 I ViewRootImpl@7efc384[MainActivity]: performTraversals mFirst=false windowShouldResize=false viewVisibilityChanged=false mForceNextWindowRelayout=false params={(0,0)(fillxfill) sim={adjust=resize} layoutInDisplayCutoutMode=always ty=BASE_APPLICATION wanim=0x1030309
04-06 10:36:27.474 21645 21645 I ViewRootImpl@7efc384[MainActivity]:   fl=81810180
04-06 10:36:27.474 21645 21645 I ViewRootImpl@7efc384[MainActivity]:   pfl=16020040
04-06 10:36:27.474 21645 21645 I ViewRootImpl@7efc384[MainActivity]:   vsysui=100
04-06 10:36:27.474 21645 21645 I ViewRootImpl@7efc384[MainActivity]:   bhv=DEFAULT
04-06 10:36:27.474 21645 21645 I ViewRootImpl@7efc384[MainActivity]:   fitSides= naviIconColor=0}
04-06 10:36:27.484 21645 21645 I ViewRootImpl@7efc384[MainActivity]: updateBlastSurfaceIfNeeded mBlastBufferQueue=0xb4000070c2c34c00 isSameSurfaceControl=true
04-06 10:36:27.484 21645 21645 I BLASTBufferQueue: update, w= 1080 h= 2400 mName = ViewRootImpl@7efc384[MainActivity] mNativeObject= 0xb4000070c2c34c00 sc.mNativeObject= 0xb4000070a0cf9180 format= -1 caller= android.view.ViewRootImpl.updateBlastSurfaceIfNeeded:2898 android.view.ViewRootImpl.relayoutWindow:9847 android.view.ViewRootImpl.performTraversals:3884 android.view.ViewRootImpl.doTraversal:3116 android.view.ViewRootImpl$TraversalRunnable.run:10885 android.view.Choreographer$CallbackRecord.run:1301 
04-06 10:36:27.484 21645 21645 I ViewRootImpl@7efc384[MainActivity]: Relayout returned: old=(0,0,1080,2400) new=(0,0,1080,2400) req=(1080,2400)0 dur=9 res=0x0 s={true 0xb4000070b15c1000} ch=false seqId=0
04-06 10:36:27.485 21645 21731 D Detox.RNMarker: REACT_BRIDGELESS_LOADING_END (null)
04-06 10:36:27.489 2164