--------- beginning of main
04-06 02:36:56.302 25563 25563 I om.evolucao.app: Late-enabling -Xcheck:jni
04-06 02:36:56.322 25563 25563 I om.evolucao.app: Using CollectorTypeCC GC.
04-06 02:36:56.354 25563 25563 D ActivityThread: setConscryptValidator
04-06 02:36:56.354 25563 25563 D ActivityThread: setConscryptValidator - put
04-06 02:36:56.387 25563 25563 D CompatibilityChangeReporter: Compat change id reported: 171979766; UID 10431; state: ENABLED
--------- beginning of system
04-06 02:36:56.393 25563 25563 W ActivityThread: Package uses different ABI(s) than its instrumentation: package[com.evolucao.app]: arm64-v8a, null instrumentation[com.evolucao.app.test]: null, null
04-06 02:36:56.399 25563 25563 W om.evolucao.app: ClassLoaderContext classpath size mismatch. expected=0, found=1 (PCL[] | PCL[/system/framework/android.test.runner.jar*2256426886])
04-06 02:36:56.401 25563 25563 W om.evolucao.app: ClassLoaderContext classpath size mismatch. expected=0, found=2 (PCL[] | PCL[/system/framework/android.test.runner.jar*2256426886:/system/framework/android.test.mock.jar*2695051129])
04-06 02:36:56.402 25563 25563 W ziparchive: Unable to open '/data/app/~~aO7U9Dqcgou8o4r5I_lg0Q==/com.evolucao.app.test-hl3sl8NMH53HIvRlQnXo9w==/base.dm': No such file or directory
04-06 02:36:56.402 25563 25563 W ziparchive: Unable to open '/data/app/~~aO7U9Dqcgou8o4r5I_lg0Q==/com.evolucao.app.test-hl3sl8NMH53HIvRlQnXo9w==/base.dm': No such file or directory
04-06 02:36:56.482 25563 25563 W ziparchive: Unable to open '/data/app/~~Urzq_nB3rDMCRT-ScJUHdQ==/com.evolucao.app-LAAXIcMVI1rpugL41c8-Ow==/base.dm': No such file or directory
04-06 02:36:56.482 25563 25563 W ziparchive: Unable to open '/data/app/~~Urzq_nB3rDMCRT-ScJUHdQ==/com.evolucao.app-LAAXIcMVI1rpugL41c8-Ow==/base.dm': No such file or directory
04-06 02:36:56.804 25563 25563 D nativeloader: Configuring classloader-namespace for other apk /system/framework/android.test.runner.jar:/system/framework/android.test.mock.jar:/system/framework/android.test.base.jar:/data/app/~~aO7U9Dqcgou8o4r5I_lg0Q==/com.evolucao.app.test-hl3sl8NMH53HIvRlQnXo9w==/base.apk:/data/app/~~Urzq_nB3rDMCRT-ScJUHdQ==/com.evolucao.app-LAAXIcMVI1rpugL41c8-Ow==/base.apk. target_sdk_version=36, uses_libraries=, library_path=/data/app/~~aO7U9Dqcgou8o4r5I_lg0Q==/com.evolucao.app.test-hl3sl8NMH53HIvRlQnXo9w==/lib/arm64:/data/app/~~Urzq_nB3rDMCRT-ScJUHdQ==/com.evolucao.app-LAAXIcMVI1rpugL41c8-Ow==/lib/arm64:/data/app/~~aO7U9Dqcgou8o4r5I_lg0Q==/com.evolucao.app.test-hl3sl8NMH53HIvRlQnXo9w==/base.apk!/lib/arm64-v8a:/data/app/~~Urzq_nB3rDMCRT-ScJUHdQ==/com.evolucao.app-LAAXIcMVI1rpugL41c8-Ow==/base.apk!/lib/arm64-v8a, permitted_path=/data:/mnt/expand:/data/user/0/com.evolucao.app
04-06 02:36:56.817 25563 25563 V GraphicsEnvironment: ANGLE Developer option for 'com.evolucao.app' set to: 'default'
04-06 02:36:56.817 25563 25563 V GraphicsEnvironment: ANGLE GameManagerService for com.evolucao.app: false
04-06 02:36:56.817 25563 25563 V GraphicsEnvironment: App is not on the allowlist for updatable production driver.
04-06 02:36:56.821 25563 25563 D ApplicationLoaders: Returning zygote-cached class loader: /system/framework/android.test.base.jar
04-06 02:36:56.823 25563 25563 D nativeloader: Configuring classloader-namespace for other apk /system/framework/android.test.mock.jar. target_sdk_version=36, uses_libraries=ALL, library_path=/data/app/~~aO7U9Dqcgou8o4r5I_lg0Q==/com.evolucao.app.test-hl3sl8NMH53HIvRlQnXo9w==/lib/arm64:/data/app/~~Urzq_nB3rDMCRT-ScJUHdQ==/com.evolucao.app-LAAXIcMVI1rpugL41c8-Ow==/lib/arm64, permitted_path=/data:/mnt/expand
04-06 02:36:56.823 25563 25563 D nativeloader: Extending system_exposed_libraries: libhumantracking.arcsoft.so:libPortraitDistortionCorrection.arcsoft.so:libPortraitDistortionCorrectionCali.arcsoft.so:libface_landmark.arcsoft.so:libFacialStickerEngine.arcsoft.so:libveengine.arcsoft.so:lib_pet_detection.arcsoft.so:libhigh_res.arcsoft.so:libimage_enhancement.arcsoft.so:liblow_light_hdr.arcsoft.so:libhigh_dynamic_range.arcsoft.so:libsuperresolution.arcsoft.so:libobjectcapture_jni.arcsoft.so:libobjectcapture_jni.arcsoft.so:libobjectcapture.arcsoft.so:libFacialAttributeDetection.arcsoft.so:libBeauty_v4.camera.samsung.so:libexifa.camera.samsung.so:libjpega.camera.samsung.so:libOpenCv.camera.samsung.so:libVideoClassifier.camera.samsung.so:libtensorflowLite.dynamic_viewing.camera.samsung.so:libImageScreener.camera.samsung.so:libMyFilter.camera.samsung.so:libtflite2.myfilters.camera.samsung.so:libHIDTSnapJNI.camera.samsung.so:libSmartScan.camera.samsung.so:libRectify.camera.samsung.so:libDocRectifyWrapper.camera.samsung.so:libUltraWideDistortionCorrection.camera.
04-06 02:36:56.825 25563 25563 D ApplicationLoaders: Returning zygote-cached class loader: /system/framework/android.test.base.jar
04-06 02:36:56.825 25563 25563 W om.evolucao.app: ClassLoaderContext shared library size mismatch. Expected=0, found=2 (PCL[] | PCL[]{PCL[/system/framework/android.test.base.jar*1628045882]#PCL[/system/framework/android.test.mock.jar*2695051129]})
04-06 02:36:56.826 25563 25563 D nativeloader: Configuring classloader-namespace for other apk /system/framework/android.test.runner.jar. target_sdk_version=36, uses_libraries=ALL, library_path=/data/app/~~aO7U9Dqcgou8o4r5I_lg0Q==/com.evolucao.app.test-hl3sl8NMH53HIvRlQnXo9w==/lib/arm64:/data/app/~~Urzq_nB3rDMCRT-ScJUHdQ==/com.evolucao.app-LAAXIcMVI1rpugL41c8-Ow==/lib/arm64, permitted_path=/data:/mnt/expand
04-06 02:36:56.826 25563 25563 D nativeloader: Extending system_exposed_libraries: libhumantracking.arcsoft.so:libPortraitDistortionCorrection.arcsoft.so:libPortraitDistortionCorrectionCali.arcsoft.so:libface_landmark.arcsoft.so:libFacialStickerEngine.arcsoft.so:libveengine.arcsoft.so:lib_pet_detection.arcsoft.so:libhigh_res.arcsoft.so:libimage_enhancement.arcsoft.so:liblow_light_hdr.arcsoft.so:libhigh_dynamic_range.arcsoft.so:libsuperresolution.arcsoft.so:libobjectcapture_jni.arcsoft.so:libobjectcapture_jni.arcsoft.so:libobjectcapture.arcsoft.so:libFacialAttributeDetection.arcsoft.so:libBeauty_v4.camera.samsung.so:libexifa.camera.samsung.so:libjpega.camera.samsung.so:libOpenCv.camera.samsung.so:libVideoClassifier.camera.samsung.so:libtensorflowLite.dynamic_viewing.camera.samsung.so:libImageScreener.camera.samsung.so:libMyFilter.camera.samsung.so:libtflite2.myfilters.camera.samsung.so:libHIDTSnapJNI.camera.samsung.so:libSmartScan.camera.samsung.so:libRectify.camera.samsung.so:libDocRectifyWrapper.camera.samsung.so:libUltraWideDistortionCorrection.camera.
04-06 02:36:56.828 25563 25563 W om.evolucao.app: ClassLoaderContext shared library size mismatch. Expected=0, found=3 (PCL[] | PCL[]{PCL[/system/framework/android.test.base.jar*1628045882]#PCL[/system/framework/android.test.mock.jar*2695051129]#PCL[/system/framework/android.test.runner.jar*2256426886]{PCL[/system/framework/android.test.base.jar*1628045882]#PCL[/system/framework/android.test.mock.jar*2695051129]}};PCL[/system/framework/android.test.runner.jar*2256426886:/system/framework/android.test.mock.jar*2695051129:/system/framework/android.test.base.jar*1628045882:/data/app/~~aO7U9Dqcgou8o4r5I_lg0Q==/com.evolucao.app.test-hl3sl8NMH53HIvRlQnXo9w==/base.apk*2272993428:/data/app/~~aO7U9Dqcgou8o4r5I_lg0Q==/com.evolucao.app.test-hl3sl8NMH53HIvRlQnXo9w==/base.apk!classes2.dex*714357168:/data/app/~~aO7U9Dqcgou8o4r5I_lg0Q==/com.evolucao.app.test-hl3sl8NMH53HIvRlQnXo9w==/base.apk!classes3.dex*1380987315:/data/app/~~aO7U9Dqcgou8o4r5I_lg0Q==/com.evolucao.app.test-hl3sl8NMH53HIvRlQnXo9w==/base.apk!classes4.dex*3771904477:/data/app/~~aO7U9Dqcgou8o4r5I_lg0Q==/com.evolucao.app.test-hl3sl8NMH53HIvRlQnXo9w==/base.apk!classes5.dex*2127157885:/data/app/~~aO7U9Dqcgou8o4r5I_lg0Q==/com.evolucao.app.test-hl3sl8NMH53HIvRlQnXo9w==/base.apk!classes6.dex*971414087:/data/app/~~aO7U9Dqcgou8o4r5I_lg0Q==/com.evolucao.app.test-hl3sl8NMH53HIvRlQnXo9w==/base.apk!classes7.dex*742752503:/data/app/~~aO7U9Dqcgou8o4r5I_lg0Q==/com.evolucao.app.test-hl3sl8NMH53HIvRlQnXo9w==/base.apk!classes8.dex*388434936:/data/app/~~aO7U9Dqcgou8o4r5I_lg0Q==/com.evolucao.app.test-hl3sl8NMH53HIvRlQnXo9w==/base.apk!classes9.dex*209335023:/data/app/~~aO7U9Dqcgou8o4r5I_lg0Q==/com.evolucao.app.test-hl3sl8NMH53HIvRlQnXo9w==/base.apk!classes10.dex*2871199926:/data/app/~~aO7U9Dqcgou8o4r5I_lg0Q==/com.evolucao.app.test-hl3sl8NMH53HIvRlQnXo9w==/base.apk!classes11.dex*3957027005:/data/app/~~aO7U9Dqcgou8o4r5I_lg0Q==/com.evolucao.app.test-hl3sl8NMH53HIvRlQnXo9w==/base.apk!classes12.dex*914099516:/data/app/~~aO7U9Dqcgou8o4r5I_lg0Q==/com.evolucao.app.test-hl3sl8NMH53HIvRlQnXo9w==/base.apk!classes13.dex*4108993750:/data/app/~~aO7U9Dqcgou8o4r5I_lg0Q==/com.evolucao.app.test-hl3sl8NMH53HIvRlQnXo9w==/base.apk!classes14.dex*1632137592:/data/app/~~aO7U9Dqcgou8o4r5I_lg0Q==/com.evolucao.app.test-hl3sl8NMH53HIvRlQnXo9w==/base.apk!classes15.dex*1757943310:/data/app/~~aO7U9Dqcgou8o4r5I_lg0Q==/com.evolucao.app.test-hl3sl8NMH53HIvRlQnXo9w==/base.apk!classes16.dex*931013159:/data/app/~~aO7U9Dqcgou8o4r5I_lg0Q==/com.evolucao.app.test-hl3sl8NMH53HIvRlQnXo9w==/base.apk!classes17.dex*2782462504:/data/app/~~aO7U9Dqcgou8o4r5I_lg0Q==/com.evolucao.app.test-hl3sl8NMH53HIvRlQnXo9w==/base.apk!classes18.dex*3468966139:/data/app/~~aO7U9Dqcgou8o4r5I_lg0Q==/com.evolucao.app.test-hl3sl8NMH53HIvRlQnXo9w==/base.apk!classes19.dex*2267436335:/data/app/~~Urzq_nB3rDMCRT-ScJUHdQ==/com.evolucao.app-LAAXIcMVI1rpugL41c8-Ow==/base.apk*198750528:/data/app/~~Urzq_nB3rDMCRT-ScJUHdQ==/com.evolucao.app-LAAXIcMVI1rpugL41c8-Ow==/base.apk!classes2.dex*1675103030:/data/app/~~Urzq_nB3rDMCRT-ScJUHdQ==/com.evolucao.app-LAAXIcMVI1rpugL41c8-Ow==/base.apk!classes3.dex*1788775668:/data/app/~~Urzq_nB3rDMCRT-ScJUHdQ==/com.evolucao.app-LAAXIcMVI1rpugL41c8-Ow==/base.apk!classes4.dex*2572157285:/data/app/~~Urzq_nB3rDMCRT-ScJUHdQ==/com.evolucao.app-LAAXIcMVI1rpugL41c8-Ow==/base.apk!classes5.dex*3994030385:/data/app/~~Urzq_nB3rDMCRT-ScJUHdQ==/com.evolucao.app-LAAXIcMVI1rpugL41c8-Ow==/base.apk!classes6.dex*1028875939:/data/app/~~Urzq_nB3rDMCRT-ScJUHdQ==/com.evolucao.app-LAAXIcMVI1rpugL41c8-Ow==/base.apk!classes7.dex*2113616002:/data/app/~~Urzq_nB3rDMCRT-ScJUHdQ==/com.evolucao.app-LAAXIcMVI1rpugL41c8-Ow==/base.apk!classes8.dex*3287389796:/data/app/~~Urzq_nB3rDMCRT-ScJUHdQ==/com.evolucao.app-LAAXIcMVI1rpugL41c8-Ow==/base.apk!classes9.dex*2030025819:/data/app/~~Urzq_nB3rDMCRT-ScJUHdQ==/com.evolucao.app-LAAXIcMVI1rpugL41c8-Ow==/base.apk!classes10.dex*1917680387:/data/app/~~Urzq_nB3rDMCRT-ScJUHdQ==/com.evolucao.app-LAAXIcMVI1rpugL41c8-Ow==/base.apk!classes11.dex*152968521:/data/app/~~Urzq_nB3rDMCRT-ScJUHdQ==/com.evolucao.app-LAAXIcMVI1rpugL41c8-Ow==/base.apk!cla
04-06 02:36:56.830 25563 25563 W om.evolucao.app: ClassLoaderContext classpath size mismatch. expected=0, found=1 (PCL[] | PCL[/system/framework/android.test.runner.jar*2256426886]{PCL[/system/framework/android.test.base.jar*1628045882]#PCL[/system/framework/android.test.mock.jar*2695051129]#PCL[/system/framework/android.test.runner.jar*2256426886]{PCL[/system/framework/android.test.base.jar*1628045882]#PCL[/system/framework/android.test.mock.jar*2695051129]}};PCL[/system/framework/android.test.runner.jar*2256426886:/system/framework/android.test.mock.jar*2695051129:/system/framework/android.test.base.jar*1628045882:/data/app/~~aO7U9Dqcgou8o4r5I_lg0Q==/com.evolucao.app.test-hl3sl8NMH53HIvRlQnXo9w==/base.apk*2272993428:/data/app/~~aO7U9Dqcgou8o4r5I_lg0Q==/com.evolucao.app.test-hl3sl8NMH53HIvRlQnXo9w==/base.apk!classes2.dex*714357168:/data/app/~~aO7U9Dqcgou8o4r5I_lg0Q==/com.evolucao.app.test-hl3sl8NMH53HIvRlQnXo9w==/base.apk!classes3.dex*1380987315:/data/app/~~aO7U9Dqcgou8o4r5I_lg0Q==/com.evolucao.app.test-hl3sl8NMH53HIvRlQnXo9w==/base.apk!classes4.dex*3771904477:/data/app/~~aO7U9Dqcgou8o4r5I_lg0Q==/com.evolucao.app.test-hl3sl8NMH53HIvRlQnXo9w==/base.apk!classes5.dex*2127157885:/data/app/~~aO7U9Dqcgou8o4r5I_lg0Q==/com.evolucao.app.test-hl3sl8NMH53HIvRlQnXo9w==/base.apk!classes6.dex*971414087:/data/app/~~aO7U9Dqcgou8o4r5I_lg0Q==/com.evolucao.app.test-hl3sl8NMH53HIvRlQnXo9w==/base.apk!classes7.dex*742752503:/data/app/~~aO7U9Dqcgou8o4r5I_lg0Q==/com.evolucao.app.test-hl3sl8NMH53HIvRlQnXo9w==/base.apk!classes8.dex*388434936:/data/app/~~aO7U9Dqcgou8o4r5I_lg0Q==/com.evolucao.app.test-hl3sl8NMH53HIvRlQnXo9w==/base.apk!classes9.dex*209335023:/data/app/~~aO7U9Dqcgou8o4r5I_lg0Q==/com.evolucao.app.test-hl3sl8NMH53HIvRlQnXo9w==/base.apk!classes10.dex*2871199926:/data/app/~~aO7U9Dqcgou8o4r5I_lg0Q==/com.evolucao.app.test-hl3sl8NMH53HIvRlQnXo9w==/base.apk!classes11.dex*3957027005:/data/app/~~aO7U9Dqcgou8o4r5I_lg0Q==/com.evolucao.app.test-hl3sl8NMH53HIvRlQnXo9w==/base.apk!classes12.dex*914099516:/data/app/~~aO7U9Dqcgou8o4r5I_lg0Q==/com.evolucao.app.test-hl3sl8NMH53HIvRlQnXo9w==/base.apk!classes13.dex*4108993750:/data/app/~~aO7U9Dqcgou8o4r5I_lg0Q==/com.evolucao.app.test-hl3sl8NMH53HIvRlQnXo9w==/base.apk!classes14.dex*1632137592:/data/app/~~aO7U9Dqcgou8o4r5I_lg0Q==/com.evolucao.app.test-hl3sl8NMH53HIvRlQnXo9w==/base.apk!classes15.dex*1757943310:/data/app/~~aO7U9Dqcgou8o4r5I_lg0Q==/com.evolucao.app.test-hl3sl8NMH53HIvRlQnXo9w==/base.apk!classes16.dex*931013159:/data/app/~~aO7U9Dqcgou8o4r5I_lg0Q==/com.evolucao.app.test-hl3sl8NMH53HIvRlQnXo9w==/base.apk!classes17.dex*2782462504:/data/app/~~aO7U9Dqcgou8o4r5I_lg0Q==/com.evolucao.app.test-hl3sl8NMH53HIvRlQnXo9w==/base.apk!classes18.dex*3468966139:/data/app/~~aO7U9Dqcgou8o4r5I_lg0Q==/com.evolucao.app.test-hl3sl8NMH53HIvRlQnXo9w==/base.apk!classes19.dex*2267436335:/data/app/~~Urzq_nB3rDMCRT-ScJUHdQ==/com.evolucao.app-LAAXIcMVI1rpugL41c8-Ow==/base.apk*198750528:/data/app/~~Urzq_nB3rDMCRT-ScJUHdQ==/com.evolucao.app-LAAXIcMVI1rpugL41c8-Ow==/base.apk!classes2.dex*1675103030:/data/app/~~Urzq_nB3rDMCRT-ScJUHdQ==/com.evolucao.app-LAAXIcMVI1rpugL41c8-Ow==/base.apk!classes3.dex*1788775668:/data/app/~~Urzq_nB3rDMCRT-ScJUHdQ==/com.evolucao.app-LAAXIcMVI1rpugL41c8-Ow==/base.apk!classes4.dex*2572157285:/data/app/~~Urzq_nB3rDMCRT-ScJUHdQ==/com.evolucao.app-LAAXIcMVI1rpugL41c8-Ow==/base.apk!classes5.dex*3994030385:/data/app/~~Urzq_nB3rDMCRT-ScJUHdQ==/com.evolucao.app-LAAXIcMVI1rpugL41c8-Ow==/base.apk!classes6.dex*1028875939:/data/app/~~Urzq_nB3rDMCRT-ScJUHdQ==/com.evolucao.app-LAAXIcMVI1rpugL41c8-Ow==/base.apk!classes7.dex*2113616002:/data/app/~~Urzq_nB3rDMCRT-ScJUHdQ==/com.evolucao.app-LAAXIcMVI1rpugL41c8-Ow==/base.apk!classes8.dex*3287389796:/data/app/~~Urzq_nB3rDMCRT-ScJUHdQ==/com.evolucao.app-LAAXIcMVI1rpugL41c8-Ow==/base.apk!classes9.dex*2030025819:/data/app/~~Urzq_nB3rDMCRT-ScJUHdQ==/com.evolucao.app-LAAXIcMVI1rpugL41c8-Ow==/base.apk!classes10.dex*1917680387:/data/app/~~Urzq_nB3rDMCRT-ScJUHdQ==/com.evolucao.app-LAAXIcMVI1rpugL41c8-Ow==/base.apk!classes11.dex*152968521:/data/app/~~Urzq_nB3rDMCRT-ScJUHdQ==/com.evo
04-06 02:36:56.831 25563 25563 W om.evolucao.app: ClassLoaderContext classpath size mismatch. expected=0, found=2 (PCL[] | PCL[/system/framework/android.test.runner.jar*2256426886:/system/framework/android.test.mock.jar*2695051129]{PCL[/system/framework/android.test.base.jar*1628045882]#PCL[/system/framework/android.test.mock.jar*2695051129]#PCL[/system/framework/android.test.runner.jar*2256426886]{PCL[/system/framework/android.test.base.jar*1628045882]#PCL[/system/framework/android.test.mock.jar*2695051129]}};PCL[/system/framework/android.test.runner.jar*2256426886:/system/framework/android.test.mock.jar*2695051129:/system/framework/android.test.base.jar*1628045882:/data/app/~~aO7U9Dqcgou8o4r5I_lg0Q==/com.evolucao.app.test-hl3sl8NMH53HIvRlQnXo9w==/base.apk*2272993428:/data/app/~~aO7U9Dqcgou8o4r5I_lg0Q==/com.evolucao.app.test-hl3sl8NMH53HIvRlQnXo9w==/base.apk!classes2.dex*714357168:/data/app/~~aO7U9Dqcgou8o4r5I_lg0Q==/com.evolucao.app.test-hl3sl8NMH53HIvRlQnXo9w==/base.apk!classes3.dex*1380987315:/data/app/~~aO7U9Dqcgou8o4r5I_lg0Q==/com.evolucao.app.test-hl3sl8NMH53HIvRlQnXo9w==/base.apk!classes4.dex*3771904477:/data/app/~~aO7U9Dqcgou8o4r5I_lg0Q==/com.evolucao.app.test-hl3sl8NMH53HIvRlQnXo9w==/base.apk!classes5.dex*2127157885:/data/app/~~aO7U9Dqcgou8o4r5I_lg0Q==/com.evolucao.app.test-hl3sl8NMH53HIvRlQnXo9w==/base.apk!classes6.dex*971414087:/data/app/~~aO7U9Dqcgou8o4r5I_lg0Q==/com.evolucao.app.test-hl3sl8NMH53HIvRlQnXo9w==/base.apk!classes7.dex*742752503:/data/app/~~aO7U9Dqcgou8o4r5I_lg0Q==/com.evolucao.app.test-hl3sl8NMH53HIvRlQnXo9w==/base.apk!classes8.dex*388434936:/data/app/~~aO7U9Dqcgou8o4r5I_lg0Q==/com.evolucao.app.test-hl3sl8NMH53HIvRlQnXo9w==/base.apk!classes9.dex*209335023:/data/app/~~aO7U9Dqcgou8o4r5I_lg0Q==/com.evolucao.app.test-hl3sl8NMH53HIvRlQnXo9w==/base.apk!classes10.dex*2871199926:/data/app/~~aO7U9Dqcgou8o4r5I_lg0Q==/com.evolucao.app.test-hl3sl8NMH53HIvRlQnXo9w==/base.apk!classes11.dex*3957027005:/data/app/~~aO7U9Dqcgou8o4r5I_lg0Q==/com.evolucao.app.test-hl3sl8NMH53HIvRlQnXo9w==/base.apk!classes12.dex*914099516:/data/app/~~aO7U9Dqcgou8o4r5I_lg0Q==/com.evolucao.app.test-hl3sl8NMH53HIvRlQnXo9w==/base.apk!classes13.dex*4108993750:/data/app/~~aO7U9Dqcgou8o4r5I_lg0Q==/com.evolucao.app.test-hl3sl8NMH53HIvRlQnXo9w==/base.apk!classes14.dex*1632137592:/data/app/~~aO7U9Dqcgou8o4r5I_lg0Q==/com.evolucao.app.test-hl3sl8NMH53HIvRlQnXo9w==/base.apk!classes15.dex*1757943310:/data/app/~~aO7U9Dqcgou8o4r5I_lg0Q==/com.evolucao.app.test-hl3sl8NMH53HIvRlQnXo9w==/base.apk!classes16.dex*931013159:/data/app/~~aO7U9Dqcgou8o4r5I_lg0Q==/com.evolucao.app.test-hl3sl8NMH53HIvRlQnXo9w==/base.apk!classes17.dex*2782462504:/data/app/~~aO7U9Dqcgou8o4r5I_lg0Q==/com.evolucao.app.test-hl3sl8NMH53HIvRlQnXo9w==/base.apk!classes18.dex*3468966139:/data/app/~~aO7U9Dqcgou8o4r5I_lg0Q==/com.evolucao.app.test-hl3sl8NMH53HIvRlQnXo9w==/base.apk!classes19.dex*2267436335:/data/app/~~Urzq_nB3rDMCRT-ScJUHdQ==/com.evolucao.app-LAAXIcMVI1rpugL41c8-Ow==/base.apk*198750528:/data/app/~~Urzq_nB3rDMCRT-ScJUHdQ==/com.evolucao.app-LAAXIcMVI1rpugL41c8-Ow==/base.apk!classes2.dex*1675103030:/data/app/~~Urzq_nB3rDMCRT-ScJUHdQ==/com.evolucao.app-LAAXIcMVI1rpugL41c8-Ow==/base.apk!classes3.dex*1788775668:/data/app/~~Urzq_nB3rDMCRT-ScJUHdQ==/com.evolucao.app-LAAXIcMVI1rpugL41c8-Ow==/base.apk!classes4.dex*2572157285:/data/app/~~Urzq_nB3rDMCRT-ScJUHdQ==/com.evolucao.app-LAAXIcMVI1rpugL41c8-Ow==/base.apk!classes5.dex*3994030385:/data/app/~~Urzq_nB3rDMCRT-ScJUHdQ==/com.evolucao.app-LAAXIcMVI1rpugL41c8-Ow==/base.apk!classes6.dex*1028875939:/data/app/~~Urzq_nB3rDMCRT-ScJUHdQ==/com.evolucao.app-LAAXIcMVI1rpugL41c8-Ow==/base.apk!classes7.dex*2113616002:/data/app/~~Urzq_nB3rDMCRT-ScJUHdQ==/com.evolucao.app-LAAXIcMVI1rpugL41c8-Ow==/base.apk!classes8.dex*3287389796:/data/app/~~Urzq_nB3rDMCRT-ScJUHdQ==/com.evolucao.app-LAAXIcMVI1rpugL41c8-Ow==/base.apk!classes9.dex*2030025819:/data/app/~~Urzq_nB3rDMCRT-ScJUHdQ==/com.evolucao.app-LAAXIcMVI1rpugL41c8-Ow==/base.apk!classes10.dex*1917680387:/data/app/~~Urzq_nB3rDMCRT-ScJUHdQ==/com.evolucao.app-LAAXIcMVI1rpugL41c8-Ow==/base.apk!classes11.dex*152
04-06 02:36:56.832 25563 25563 W ziparchive: Unable to open '/data/app/~~aO7U9Dqcgou8o4r5I_lg0Q==/com.evolucao.app.test-hl3sl8NMH53HIvRlQnXo9w==/base.dm': No such file or directory
04-06 02:36:56.832 25563 25563 W ziparchive: Unable to open '/data/app/~~aO7U9Dqcgou8o4r5I_lg0Q==/com.evolucao.app.test-hl3sl8NMH53HIvRlQnXo9w==/base.dm': No such file or directory
04-06 02:36:56.913 25563 25563 W ziparchive: Unable to open '/data/app/~~Urzq_nB3rDMCRT-ScJUHdQ==/com.evolucao.app-LAAXIcMVI1rpugL41c8-Ow==/base.dm': No such file or directory
04-06 02:36:56.913 25563 25563 W ziparchive: Unable to open '/data/app/~~Urzq_nB3rDMCRT-ScJUHdQ==/com.evolucao.app-LAAXIcMVI1rpugL41c8-Ow==/base.dm': No such file or directory
04-06 02:36:57.241 25563 25563 D NetworkSecurityConfig: No Network Security Config specified, using platform default
04-06 02:36:57.252 25563 25563 D NetworkSecurityConfig: No Network Security Config specified, using platform default
04-06 02:36:57.252 25563 25563 I AndroidJUnitRunner: newApplication com.evolucao.app.MainApplication
04-06 02:36:57.262 25563 25563 W FirebaseApp: Default FirebaseApp failed to initialize because no default options were found. This usually means that com.google.gms:google-services was not applied to your gradle project.
04-06 02:36:57.262 25563 25563 I FirebaseInitProvider: FirebaseApp initialization unsuccessful
04-06 02:36:57.284 25563 25563 I AndroidJUnitRunner: onCreate Bundle[mParcelledData.dataSize=240]
04-06 02:36:57.285 25563 25563 D AndroidJUnitRunner: Use the raw file system for managing file I/O.
04-06 02:36:57.293 25563 25563 V TestEventClient: No service name argument was given (testDiscoveryService, testRunEventService or orchestratorService)
04-06 02:36:57.294 25563 25639 D AndroidJUnitRunner: onStart is called.
04-06 02:36:57.299 25563 25563 W SoLoader: Initializing SoLoader: 0
04-06 02:36:57.300 25563 25563 W SoLoader: Recording new base apk path: /data/app/~~Urzq_nB3rDMCRT-ScJUHdQ==/com.evolucao.app-LAAXIcMVI1rpugL41c8-Ow==/base.apk
04-06 02:36:57.300 25563 25563 W SoLoader: Previously recorded 0 base apk paths.
04-06 02:36:57.302 25563 25563 I SoLoader: Preparing SO source: DirectorySoSource[root = /vendor/lib64 flags = 2]
04-06 02:36:57.302 25563 25563 I SoLoader: Preparing SO source: DirectorySoSource[root = /system/lib64 flags = 2]
04-06 02:36:57.302 25563 25563 I SoLoader: Preparing SO source: DirectApkSoSource[root = [/data/app/~~Urzq_nB3rDMCRT-ScJUHdQ==/com.evolucao.app-LAAXIcMVI1rpugL41c8-Ow==/base.apk!/lib/arm64-v8a]]
04-06 02:36:57.322 25563 25563 I SoLoader: Preparing SO source: ApplicationSoSource[DirectorySoSource[root = /data/app/~~Urzq_nB3rDMCRT-ScJUHdQ==/com.evolucao.app-LAAXIcMVI1rpugL41c8-Ow==/lib/arm64 flags = 0]]
04-06 02:36:57.322 25563 25563 I SoLoader: init finish: 4 SO sources prepared
04-06 02:36:57.322 25563 25563 W SoLoader: SoLoader initialized: 8
04-06 02:36:57.349 25563 25563 D jni_lib_merge: Entering merged library JNI_OnLoad.
04-06 02:36:57.349 25563 25563 D jni_lib_merge: Preparing 12 pre-merged libs (including stub)
04-06 02:36:57.349 25563 25563 D jni_lib_merge: Preparing to register libfabricjni_so.  onload_func: 0x703b13ef38
04-06 02:36:57.349 25563 25563 D jni_lib_merge: Preparing to register libreact_devsupportjni_so.  onload_func: 0x703b34781c
04-06 02:36:57.349 25563 25563 D jni_lib_merge: Preparing to register libreact_featureflagsjni_so.  onload_func: 0x703b359b7c
04-06 02:36:57.349 25563 25563 D jni_lib_merge: Preparing to register libreact_newarchdefaults_so.  onload_func: 0x703b3fef24
04-06 02:36:57.349 25563 25563 D jni_lib_merge: Preparing to register libreactnativeblob_so.  onload_func: 0x703b611088
04-06 02:36:57.349 25563 25563 D jni_lib_merge: Preparing to register libreactnativejni_so.  onload_func: 0x703b653ffc
04-06 02:36:57.349 25563 25563 D jni_lib_merge: Preparing to register libreactnativejni_common_so.  onload_func: 0x703b6649f0
04-06 02:36:57.349 25563 25563 D jni_lib_merge: Preparing to register librninstance_so.  onload_func: 0x703b6a362c
04-06 02:36:57.349 25563 25563 D jni_lib_merge: Preparing to register libturbomodulejsijni_so.  onload_func: 0x703b800734
04-06 02:36:57.349 25563 25563 D jni_lib_merge: Preparing to register libuimanagerjni_so.  onload_func: 0x703b8196e8
04-06 02:36:57.349 25563 25563 D jni_lib_merge: Preparing to register libyoga_so.  onload_func: 0x703b82916c
04-06 02:36:57.349 25563 25563 D jni_lib_merge: About to register 11 actual methods.
04-06 02:36:57.359 25563 25563 D jni_lib_merge: Entering merged library JNI_OnLoad.
04-06 02:36:57.359 25563 25563 D jni_lib_merge: Preparing 12 pre-merged libs (including stub)
04-06 02:36:57.359 25563 25563 D jni_lib_merge: Preparing to register libfabricjni_so.  onload_func: 0x703b13ef38
04-06 02:36:57.359 25563 25563 D jni_lib_merge: Preparing to register libreact_devsupportjni_so.  onload_func: 0x703b34781c
04-06 02:36:57.359 25563 25563 D jni_lib_merge: Preparing to register libreact_featureflagsjni_so.  onload_func: 0x703b359b7c
04-06 02:36:57.359 25563 25563 D jni_lib_merge: Preparing to register libreact_newarchdefaults_so.  onload_func: 0x703b3fef24
04-06 02:36:57.359 25563 25563 D jni_lib_merge: Preparing to register libreactnativeblob_so.  onload_func: 0x703b611088
04-06 02:36:57.359 25563 25563 D jni_lib_merge: Preparing to register libreactnativejni_so.  onload_func: 0x703b653ffc
04-06 02:36:57.359 25563 25563 D jni_lib_merge: Preparing to register libreactnativejni_common_so.  onload_func: 0x703b6649f0
04-06 02:36:57.359 25563 25563 D jni_lib_merge: Preparing to register librninstance_so.  onload_func: 0x703b6a362c
04-06 02:36:57.359 25563 25563 D jni_lib_merge: Preparing to register libturbomodulejsijni_so.  onload_func: 0x703b800734
04-06 02:36:57.359 25563 25563 D jni_lib_merge: Preparing to register libuimanagerjni_so.  onload_func: 0x703b8196e8
04-06 02:36:57.359 25563 25563 D jni_lib_merge: Preparing to register libyoga_so.  onload_func: 0x703b82916c
04-06 02:36:57.360 25563 25563 D jni_lib_merge: About to register 11 actual methods.
04-06 02:36:57.456 25563 25639 D TestRequestBuilder: Using class path scanning to discover tests
04-06 02:36:57.457 25563 25639 I TestRequestBuilder: Scanning classpath to find tests in paths [/data/app/~~aO7U9Dqcgou8o4r5I_lg0Q==/com.evolucao.app.test-hl3sl8NMH53HIvRlQnXo9w==/base.apk]
04-06 02:36:57.458 25563 25639 W om.evolucao.app: Opening an oat file without a class loader. Are you using the deprecated DexFile APIs?
04-06 02:36:57.897 25563 25639 I TestRunner: run started: 1 tests
04-06 02:36:57.898 25563 25639 I TestRunner: started: runDetoxTests(com.evolucao.app.DetoxTest)
04-06 02:36:57.905 25563 25639 I Detox   : Detox server connection details: url=ws://localhost:56486, sessionId=8dfb244d-c3ff-1d89-80a2-744f1581191f
04-06 02:36:57.911 25563 25639 I Tracing : Tracer added: class androidx.test.platform.tracing.AndroidXTracer
04-06 02:36:57.926 25563 25639 W om.evolucao.app: Accessing hidden field Ljava/lang/reflect/Field;->accessFlags:I (unsupported, reflection, allowed)
04-06 02:36:57.928 25563 25639 I Detox   : Connecting to server...
04-06 02:36:57.928 25563 25639 I DetoxWSClient: At connectToServer
04-06 02:36:58.056 25563 25657 D TrafficStats: tagSocket(95) with statsTag=0xffffffff, statsUid=-1
04-06 02:36:58.089 25563 25657 D DetoxWSClient: At onOpen
04-06 02:36:58.089 25563 25657 I DetoxWSClient: Sending out action 'login' (ID #0)
04-06 02:36:58.090 25563 25657 I Detox   : Connected to server!
04-06 02:36:58.094 25563 25657 D DetoxWSClient: Received action 'loginSuccess' (ID #0, params={"testerConnected":true,"appConnected":true})
04-06 02:36:58.094 25563 25653 I DetoxDispatcher: Handling action 'loginSuccess' (ID #0)...
04-06 02:36:58.095 25563 25653 I DetoxDispatcher: Done with action 'loginSuccess'
04-06 02:36:58.095 25563 25639 I Detox   : Launching the tested activity!
04-06 02:36:58.141 25563 25670 D OpenGLRenderer: RenderThread::requireGlContext()
04-06 02:36:58.142 25563 25670 I AdrenoGLES-0: QUALCOMM build                   : db7e7066a2, I1fad33e957
04-06 02:36:58.142 25563 25670 I AdrenoGLES-0: Build Date                       : 05/11/25
04-06 02:36:58.142 25563 25670 I AdrenoGLES-0: OpenGL ES Shader Compiler Version: EV031.32.02.10
04-06 02:36:58.142 25563 25670 I AdrenoGLES-0: Local Branch                     : 
04-06 02:36:58.142 25563 25670 I AdrenoGLES-0: Remote Branch                    : refs/tags/AU_LINUX_ANDROID_LA.UM.9.12.11.00.00.582.697
04-06 02:36:58.142 25563 25670 I AdrenoGLES-0: Remote Branch                    : NONE
04-06 02:36:58.142 25563 25670 I AdrenoGLES-0: Reconstruct Branch               : NOTHING
04-06 02:36:58.142 25563 25670 I AdrenoGLES-0: Build Config                     : S P 10.0.7 AArch64
04-06 02:36:58.142 25563 25670 I AdrenoGLES-0: Driver Path                      : /vendor/lib64/egl/libGLESv2_adreno.so
04-06 02:36:58.148 25563 25670 I AdrenoGLES-0: PFP: 0x016dd093, ME: 0x00000000
04-06 02:36:58.155 25563 25670 D OpenGLRenderer: RenderThread::setGrContext()
04-06 02:36:58.177 25563 25563 D AppCompatDelegate: Checking for metadata for AppLocalesMetadataHolderService : Service not found
04-06 02:36:58.184 25563 25563 D LifecycleMonitor: Lifecycle status change: com.evolucao.app.MainActivity@36d1a3a in: PRE_ON_CREATE
04-06 02:36:58.234 25563 25563 D SensorManager: registerListener :: 11, LSM6DSO Accelerometer, 66667, 0, 
04-06 02:36:58.255 25563 25688 D TrafficStats: tagSocket(107) with statsTag=0xffffffff, statsUid=-1
04-06 02:36:58.263 25563 25563 W unknown:BridgelessReact: ReactHost{0}.startSurface(surfaceId = 0): Schedule
04-06 02:36:58.263 25563 25563 W unknown:BridgelessReact: ReactHost{0}.attachSurface(surfaceId = 0)
04-06 02:36:58.263 25563 25689 W unknown:BridgelessReact: ReactHost{0}.getOrCreateReactInstanceTask()
04-06 02:36:58.263 25563 25689 W unknown:BridgelessReact: ReactHost{0}.getOrCreateReactInstanceTask(): Start
04-06 02:36:58.264 25563 25689 D Detox.RNMarker: REACT_BRIDGELESS_LOADING_START (null)
04-06 02:36:58.264 25563 25689 W unknown:BridgelessReact: ReactHost{0}.getJSBundleLoader()
04-06 02:36:58.264 25563 25689 W unknown:BridgelessReact: ReactHost{0}.isMetroRunning()
04-06 02:36:58.266 25563 25690 D TrafficStats: tagSocket(109) with statsTag=0xffffffff, statsUid=-1
04-06 02:36:58.267 25563 25563 I DecorView: [INFO] isPopOver=false config=true
04-06 02:36:58.267 25563 25563 I DecorView: updateCaptionType: isFloating=false isApplication=true hasWindowDecorCaption=false this=DecorView@363d443[]
04-06 02:36:58.267 25563 25563 D DecorView: setCaptionType = 0, this = DecorView@363d443[]
04-06 02:36:58.271 25563 25563 I DecorView: getCurrentDensityDpi: from real metrics. densityDpi=480 msg=resources_loaded
04-06 02:36:58.272 25563 25563 I DecorView: setWindowBackground: isPopOver=false color=ff303030 d=android.graphics.drawable.ColorDrawable@de473f9
04-06 02:36:58.277 25563 25563 W om.evolucao.app: Accessing hidden method Landroid/view/ViewGroup;->makeOptionalFitsSystemWindows()V (unsupported, reflection, allowed)
04-06 02:36:58.281 25563 25563 D LifecycleMonitor: Lifecycle status change: com.evolucao.app.MainActivity@36d1a3a in: CREATED
04-06 02:36:58.282 25563 25563 D LifecycleMonitor: Lifecycle status change: com.evolucao.app.MainActivity@36d1a3a in: STARTED
04-06 02:36:58.284 25563 25563 W unknown:BridgelessReact: ReactHost{0}.onHostResume(activity)
04-06 02:36:58.284 25563 25563 W unknown:ReactNative: Packager connection already open, nooping.
04-06 02:36:58.284 25563 25563 D LifecycleMonitor: Lifecycle status change: com.evolucao.app.MainActivity@36d1a3a in: RESUMED
04-06 02:36:58.285 25563 25563 I MSHandlerLifeCycle: check: return. pkg=com.evolucao.app parent=null callers=com.android.internal.policy.DecorView.setVisibility:4412 android.app.ActivityThread.handleResumeActivity:5476 android.app.servertransaction.ResumeActivityItem.execute:54 android.app.servertransaction.ActivityTransactionItem.execute:45 android.app.servertransaction.TransactionExecutor.executeLifecycleState:176 
04-06 02:36:58.285 25563 25563 I MSHandlerLifeCycle: removeMultiSplitHandler: no exist. decor=DecorView@363d443[]
04-06 02:36:58.291 25563 25670 D NativeCustomFrequencyManager: [NativeCFMS] BpCustomFrequencyManager::BpCustomFrequencyManager()
04-06 02:36:58.294 25563 25563 I DecorView: notifyKeepScreenOnChanged: keepScreenOn=false
04-06 02:36:58.297 25563 25563 D InsetsController: onStateChanged: InsetsState: {mDisplayFrame=Rect(0, 0 - 1080, 2400), mDisplayCutout=DisplayCutout{insets=Rect(0, 88 - 0, 0) waterfall=Insets{left=0, top=0, right=0, bottom=0} boundingRect={Bounds=[Rect(0, 0 - 0, 0), Rect(512, 0 - 568, 88), Rect(0, 0 - 0, 0), Rect(0, 0 - 0, 0)]} cutoutPathParserInfo={CutoutPathParserInfo{displayWidth=1080 displayHeight=2400 physicalDisplayWidth=1080 physicalDisplayHeight=2400 density={3.0} cutoutSpec={M 0,0 M 0,10.71963616907435 a 9.280363830925644,9.280363830925644 0 1,0 0,18.56072766185129 a 9.280363830925644,9.280363830925644 0 1,0 0,-18.56072766185129 Z @dp} rotation={0} scale={1.0} physicalPixelDisplaySizeRatio={1.0}}}}, mRoundedCorners=RoundedCorners{[RoundedCorner{position=TopLeft, radius=96, center=Point(96, 96)}, RoundedCorner{position=TopRight, radius=96, center=Point(984, 96)}, RoundedCorner{position=BottomRight, radius=96, center=Point(984, 2304)}, RoundedCorner{position=BottomLeft, radius=96, center=Point(96, 2304)}]}  mRoundedCornerFrame=Rect(0, 0 - 1080, 2400), mPrivacyIndicatorBounds=PrivacyIndicatorBounds {static bounds=Rect(948, 0 - 1080, 88) rotation=0}, mSources= { InsetsSource: {mType=ITYPE_STATUS_BAR, mFrame=[0,0][1080,88], mVisible=false, mInsetsRoundedCornerFrame=false}, InsetsSource: {mType=ITYPE_NAVIGATION_BAR, mFrame=[0,2256][1080,2400], mVisible=true, mInsetsRoundedCornerFrame=false}, InsetsSource: {mType=ITYPE_LEFT_GESTURES, mFrame=[0,0][0,2400], mVisible=true, mInsetsRoundedCornerFrame=false}, InsetsSource: {mType=ITYPE_RIGHT_GESTURES, mFrame=[1080,0][1080,2400], mVisible=true, mInsetsRoundedCornerFrame=false}, InsetsSource: {mType=ITYPE_TOP_MANDATORY_GESTURES, mFrame=[0,0][1080,124], mVisible=true, mInsetsRoundedCornerFrame=false}, InsetsSource: {mType=ITYPE_BOTTOM_MANDATORY_GESTURES, mFrame=[0,2256][1080,2400], mVisible=true, mInsetsRoundedCornerFrame=false}, InsetsSource: {mType=ITYPE_LEFT_DISPLAY_CUTOUT, mFrame=[0,0][-100000,2400], mVisible=true, mInsetsRoundedCornerFrame=false}, InsetsSource: {mType=ITYPE_TOP_DISPLAY_CUTOUT, mFrame=[0,0][1080,88], mVisible=true, mInsetsRoundedCornerFrame=false}, InsetsSource: {mType=ITYPE_RIGHT_DISPLAY_CUTOUT, mFrame=[100000,0][1080,2400], mVisible=true, mInsetsRoundedCornerFrame=false}, InsetsSource: {mType=ITYPE_BOTTOM_DISPLAY_CUTOUT, mFrame=[0,100000][1080,2400], mVisible=true, mInsetsRoundedCornerFrame=false}, InsetsSource: {mType=ITYPE_TOP_TAPPABLE_ELEMENT, mFrame=[0,0][1080,88], mVisible=true, mInsetsRoundedCornerFrame=false}, InsetsSource: {mType=ITYPE_BOTTOM_TAPPABLE_ELEMENT, mFrame=[0,2256][1080,2400], mVisible=true, mInsetsRoundedCornerFrame=false}, InsetsSource: {mType=ITYPE_IME, mFrame=[0,0][0,0], mVisibleFrame=[0,1374][1080,2400], mVisible=false, mInsetsRoundedCornerFrame=false} } host=com.evolucao.app/com.evolucao.app.MainActivity from=android.view.ViewRootImpl.setView:1732
04-06 02:36:58.298 25563 25563 I ViewRootImpl@73623ee[MainActivity]: setView = com.android.internal.policy.DecorView@363d443 TM=false
04-06 02:36:58.299 25563 25563 I MSHandlerLifeCycle: removeMultiSplitHandler: no exist. decor=DecorView@363d443[MainActivity]
04-06 02:36:58.305 25563 25563 I ViewRootImpl@73623ee[MainActivity]: performTraversals params={(0,0)(fillxfill) sim={adjust=resize forwardNavigation} layoutInDisplayCutoutMode=always ty=BASE_APPLICATION wanim=0x1030309
04-06 02:36:58.305 25563 25563 I ViewRootImpl@73623ee[MainActivity]:   fl=81810100
04-06 02:36:58.305 25563 25563 I ViewRootImpl@73623ee[MainActivity]:   pfl=16020040
04-06 02:36:58.305 25563 25563 I ViewRootImpl@73623ee[MainActivity]:   vsysui=100
04-06 02:36:58.305 25563 25563 I ViewRootImpl@73623ee[MainActivity]:   bhv=DEFAULT
04-06 02:36:58.305 25563 25563 I ViewRootImpl@73623ee[MainActivity]:   fitSides= naviIconColor=0}
04-06 02:36:58.306 25563 25563 I ViewRootImpl@73623ee[MainActivity]: performTraversals mFirst=true windowShouldResize=true viewVisibilityChanged=false mForceNextWindowRelayout=false params={(0,0)(fillxfill) sim={adjust=resize forwardNavigation} layoutInDisplayCutoutMode=always ty=BASE_APPLICATION wanim=0x1030309
04-06 02:36:58.306 25563 25563 I ViewRootImpl@73623ee[MainActivity]:   fl=81810100
04-06 02:36:58.306 25563 25563 I ViewRootImpl@73623ee[MainActivity]:   pfl=16020040
04-06 02:36:58.306 25563 25563 I ViewRootImpl@73623ee[MainActivity]:   vsysui=100
04-06 02:36:58.306 25563 25563 I ViewRootImpl@73623ee[MainActivity]:   bhv=DEFAULT
04-06 02:36:58.306 25563 25563 I ViewRootImpl@73623ee[MainActivity]:   fitSides= naviIconColor=0}
04-06 02:36:58.311 25563 25563 I ViewRootImpl@73623ee[MainActivity]: updateBlastSurfaceIfNeeded mBlastBufferQueue=null isSameSurfaceControl=false
04-06 02:36:58.311 25563 25563 E BufferQueueProducer: Unable to open libpenguin.so: dlopen failed: library "libpenguin.so" not found.
04-06 02:36:58.311 25563 25563 I BLASTBufferQueue: new BLASTBufferQueue, mName= ViewRootImpl@73623ee[MainActivity] mNativeObject= 0xb4000070c2c34c00 sc.mNativeObject= 0xb4000070a0cce320 caller= android.view.ViewRootImpl.updateBlastSurfaceIfNeeded:2909 android.view.ViewRootImpl.relayoutWindow:9847 android.view.ViewRootImpl.performTraversals:3884 android.view.ViewRootImpl.doTraversal:3116 android.view.ViewRootImpl$TraversalRunnable.run:10885 android.view.Choreographer$CallbackRecord.run:1301 android.view.Choreographer$CallbackRecord.run:1309 android.view.Choreographer.doCallbacks:923 android.view.Choreographer.doFrame:852 android.view.Choreographer$FrameDisplayEventReceiver.run:1283 
04-06 02:36:58.312 25563 25563 I BLASTBufferQueue: update, w= 1080 h= 2400 mName = ViewRootImpl@73623ee[MainActivity] mNativeObject= 0xb4000070c2c34c00 sc.mNativeObject= 0xb4000070a0cce320 format= -1 caller= android.graphics.BLASTBufferQueue.<init>:84 android.view.ViewRootImpl.updateBlastSurfaceIfNeeded:2909 android.view.ViewRootImpl.relayoutWindow:9847 android.view.ViewRootImpl.performTraversals:3884 android.view.ViewRootImpl.doTraversal:3116 android.view.ViewRootImpl$TraversalRunnable.run:10885 
04-06 02:36:58.312 25563 25563 I ViewRootImpl@73623ee[MainActivity]: Relayout returned: old=(0,0,1080,2400) new=(0,0,1080,2400) req=(1080,2400)0 dur=5 res=0x3 s={true 0xb4000070a6e8c000} ch=true seqId=0
04-06 02:36:58.313 25563 25563 I ViewRootImpl@73623ee[MainActivity]: mThreadedRenderer.initialize() mSurface={isValid=true 0xb4000070a6e8c000} hwInitialized=true
04-06 02:36:58.314 25563 25563 I ViewRootImpl@73623ee[MainActivity]: reportNextDraw android.view.ViewRootImpl.performTraversals:4438 android.view.ViewRootImpl.doTraversal:3116 android.view.ViewRootImpl$TraversalRunnable.run:10885 android.view.Choreographer$CallbackRecord.run:1301 android.view.Choreographer$CallbackRecord.run:1309 
04-06 02:36:58.314 25563 25563 I ViewRootImpl@73623ee[MainActivity]: Setup new sync id=0
04-06 02:36:58.314 25563 25563 I ViewRootImpl@73623ee[MainActivity]: Setting syncFrameCallback
04-06 02:36:58.314 25563 25563 I ViewRootImpl@73623ee[MainActivity]: registerCallbacksForSync syncBuffer=false
04-06 02:36:58.315 25563 25670 D OpenGLRenderer: eglCreateWindowSurface
04-06 02:36:58.316 25563 25692 I ViewRootImpl@73623ee[MainActivity]: Received frameDrawingCallback syncResult=0 frameNum=1.
04-06 02:36:58.316 25563 25692 I ViewRootImpl@73623ee[MainActivity]: Setting up sync and frameCommitCallback
04-06 02:36:58.330 25563 25694 I ViewRootImpl@73623ee[MainActivity]: Resizing android.view.ViewRootImpl@25a16ab: frame = [0,0][1080,2400] reportDraw = true forceLayout = false syncSeqId = 0
04-06 02:36:58.331 25563 25670 I BLASTBufferQueue: [ViewRootImpl@73623ee[MainActivity]#0](f:0,a:0) onFrameAvailable the first frame is available
04-06 02:36:58.331 25563 25670 I ViewRootImpl@73623ee[MainActivity]: Received frameCommittedCallback lastAttemptedDrawFrameNum=1 didProduceBuffer=true
04-06 02:36:58.332 25563 25670 D OpenGLRenderer: CFMS:: SetUp Pid : 25563    Tid : 25670
04-06 02:36:58.334 25563 25670 W Parcel  : Expecting binder but got null!
04-06 02:36:58.334 25563 25563 I ViewRootImpl@73623ee[MainActivity]: onSyncComplete
04-06 02:36:58.334 25563 25563 I ViewRootImpl@73623ee[MainActivity]: setupSync seqId=0 mSyncId=0 fn=1 caller=android.view.ViewRootImpl$$ExternalSyntheticLambda11.accept:6 android.window.SurfaceSyncer.lambda$setupSync$1$android-window-SurfaceSyncer:128 android.window.SurfaceSyncer$$ExternalSyntheticLambda1.accept:8 android.window.SurfaceSyncer$SyncSet.checkIfSyncIsComplete:382 android.window.SurfaceSyncer$SyncSet.markSyncReady:359 android.window.SurfaceSyncer.markSyncReady:151 android.view.ViewRootImpl.performTraversals:4503 
04-06 02:36:58.334 25563 25563 I ViewRootImpl@73623ee[MainActivity]: reportDrawFinished seqId=0 mSyncId=-1 fn=1 mSurfaceChangedTransaction=0xb4000070a07e8f00
04-06 02:36:58.335 25563 25563 D InsetsController: onStateChanged: InsetsState: {mDisplayFrame=Rect(0, 0 - 1080, 2400), mDisplayCutout=DisplayCutout{insets=Rect(0, 88 - 0, 0) waterfall=Insets{left=0, top=0, right=0, bottom=0} boundingRect={Bounds=[Rect(0, 0 - 0, 0), Rect(512, 0 - 568, 88), Rect(0, 0 - 0, 0), Rect(0, 0 - 0, 0)]} cutoutPathParserInfo={CutoutPathParserInfo{displayWidth=1080 displayHeight=2400 physicalDisplayWidth=1080 physicalDisplayHeight=2400 density={3.0} cutoutSpec={M 0,0 M 0,10.71963616907435 a 9.280363830925644,9.280363830925644 0 1,0 0,18.56072766185129 a 9.280363830925644,9.280363830925644 0 1,0 0,-18.56072766185129 Z @dp} rotation={0} scale={1.0} physicalPixelDisplaySizeRatio={1.0}}}}, mRoundedCorners=RoundedCorners{[RoundedCorner{position=TopLeft, radius=96, center=Point(96, 96)}, RoundedCorner{position=TopRight, radius=96, center=Point(984, 96)}, RoundedCorner{position=BottomRight, radius=96, center=Point(984, 2304)}, RoundedCorner{position=BottomLeft, radius=96, center=Point(96, 2304)}]}  mRoundedCornerFrame=Rect(0, 0 - 1080, 2400), mPrivacyIndicatorBounds=PrivacyIndicatorBounds {static bounds=Rect(948, 0 - 1080, 88) rotation=0}, mSources= { InsetsSource: {mType=ITYPE_STATUS_BAR, mFrame=[0,0][1080,88], mVisible=false, mInsetsRoundedCornerFrame=false}, InsetsSource: {mType=ITYPE_NAVIGATION_BAR, mFrame=[0,2256][1080,2400], mVisible=true, mInsetsRoundedCornerFrame=false}, InsetsSource: {mType=ITYPE_LEFT_GESTURES, mFrame=[0,0][0,2400], mVisible=true, mInsetsRoundedCornerFrame=false}, InsetsSource: {mType=ITYPE_RIGHT_GESTURES, mFrame=[1080,0][1080,2400], mVisible=true, mInsetsRoundedCornerFrame=false}, InsetsSource: {mType=ITYPE_TOP_MANDATORY_GESTURES, mFrame=[0,0][1080,124], mVisible=true, mInsetsRoundedCornerFrame=false}, InsetsSource: {mType=ITYPE_BOTTOM_MANDATORY_GESTURES, mFrame=[0,2256][1080,2400], mVisible=true, mInsetsRoundedCornerFrame=false}, InsetsSource: {mType=ITYPE_LEFT_DISPLAY_CUTOUT, mFrame=[0,0][-100000,2400], mVisible=true, mInsetsRoundedCornerFrame=false}, InsetsSource: {mType=ITYPE_TOP_DISPLAY_CUTOUT, mFrame=[0,0][1080,88], mVisible=true, mInsetsRoundedCornerFrame=false}, InsetsSource: {mType=ITYPE_RIGHT_DISPLAY_CUTOUT, mFrame=[100000,0][1080,2400], mVisible=true, mInsetsRoundedCornerFrame=false}, InsetsSource: {mType=ITYPE_BOTTOM_DISPLAY_CUTOUT, mFrame=[0,100000][1080,2400], mVisible=true, mInsetsRoundedCornerFrame=false}, InsetsSource: {mType=ITYPE_TOP_TAPPABLE_ELEMENT, mFrame=[0,0][1080,88], mVisible=true, mInsetsRoundedCornerFrame=false}, InsetsSource: {mType=ITYPE_BOTTOM_TAPPABLE_ELEMENT, mFrame=[0,2256][1080,2400], mVisible=true, mInsetsRoundedCornerFrame=false}, InsetsSource: {mType=ITYPE_IME, mFrame=[0,0][0,0], mVisibleFrame=[0,1374][1080,2400], mVisible=false, mInsetsRoundedCornerFrame=false} } host=com.evolucao.app/com.evolucao.app.MainActivity from=android.view.ViewRootImpl$ViewRootHandler.handleMessageImpl:6740
04-06 02:36:58.336 25563 25563 D InsetsController: controlAnimationUnchecked: Added types=1 animType=0 host=com.evolucao.app/com.evolucao.app.MainActivity from=android.view.InsetsController.applyAnimation:1576 android.view.InsetsController.applyAnimation:1557 android.view.InsetsController.onControlsChanged:992 
04-06 02:36:58.337 25563 25563 D InsetsController: onStateChanged: InsetsState: {mDisplayFrame=Rect(0, 0 - 1080, 2400), mDisplayCutout=DisplayCutout{insets=Rect(0, 88 - 0, 0) waterfall=Insets{left=0, top=0, right=0, bottom=0} boundingRect={Bounds=[Rect(0, 0 - 0, 0), Rect(512, 0 - 568, 88), Rect(0, 0 - 0, 0), Rect(0, 0 - 0, 0)]} cutoutPathParserInfo={CutoutPathParserInfo{displayWidth=1080 displayHeight=2400 physicalDisplayWidth=1080 physicalDisplayHeight=2400 density={3.0} cutoutSpec={M 0,0 M 0,10.71963616907435 a 9.280363830925644,9.280363830925644 0 1,0 0,18.56072766185129 a 9.280363830925644,9.280363830925644 0 1,0 0,-18.56072766185129 Z @dp} rotation={0} scale={1.0} physicalPixelDisplaySizeRatio={1.0}}}}, mRoundedCorners=RoundedCorners{[RoundedCorner{position=TopLeft, radius=96, center=Point(96, 96)}, RoundedCorner{position=TopRight, radius=96, center=Point(984, 96)}, RoundedCorner{position=BottomRight, radius=96, center=Point(984, 2304)}, RoundedCorner{position=BottomLeft, radius=96, center=Point(96, 2304)}]}  mRoundedCornerFrame=Rect(0, 0 - 1080, 2400), mPrivacyIndicatorBounds=PrivacyIndicatorBounds {static bounds=Rect(948, 0 - 1080, 88) rotation=0}, mSources= { InsetsSource: {mType=ITYPE_STATUS_BAR, mFrame=[0,0][1080,88], mVisible=true, mInsetsRoundedCornerFrame=false}, InsetsSource: {mType=ITYPE_NAVIGATION_BAR, mFrame=[0,2256][1080,2400], mVisible=true, mInsetsRoundedCornerFrame=false}, InsetsSource: {mType=ITYPE_LEFT_GESTURES, mFrame=[0,0][0,2400], mVisible=true, mInsetsRoundedCornerFrame=false}, InsetsSource: {mType=ITYPE_RIGHT_GESTURES, mFrame=[1080,0][1080,2400], mVisible=true, mInsetsRoundedCornerFrame=false}, InsetsSource: {mType=ITYPE_TOP_MANDATORY_GESTURES, mFrame=[0,0][1080,124], mVisible=true, mInsetsRoundedCornerFrame=false}, InsetsSource: {mType=ITYPE_BOTTOM_MANDATORY_GESTURES, mFrame=[0,2256][1080,2400], mVisible=true, mInsetsRoundedCornerFrame=false}, InsetsSource: {mType=ITYPE_LEFT_DISPLAY_CUTOUT, mFrame=[0,0][-100000,2400], mVisible=true, mInsetsRoundedCornerFrame=false}, InsetsSource: {mType=ITYPE_TOP_DISPLAY_CUTOUT, mFrame=[0,0][1080,88], mVisible=true, mInsetsRoundedCornerFrame=false}, InsetsSource: {mType=ITYPE_RIGHT_DISPLAY_CUTOUT, mFrame=[100000,0][1080,2400], mVisible=true, mInsetsRoundedCornerFrame=false}, InsetsSource: {mType=ITYPE_BOTTOM_DISPLAY_CUTOUT, mFrame=[0,100000][1080,2400], mVisible=true, mInsetsRoundedCornerFrame=false}, InsetsSource: {mType=ITYPE_TOP_TAPPABLE_ELEMENT, mFrame=[0,0][1080,88], mVisible=true, mInsetsRoundedCornerFrame=false}, InsetsSource: {mType=ITYPE_BOTTOM_TAPPABLE_ELEMENT, mFrame=[0,2256][1080,2400], mVisible=true, mInsetsRoundedCornerFrame=false}, InsetsSource: {mType=ITYPE_IME, mFrame=[0,0][0,0], mVisibleFrame=[0,1374][1080,2400], mVisible=false, mInsetsRoundedCornerFrame=false} } host=com.evolucao.app/com.evolucao.app.MainActivity from=android.view.ViewRootImpl$ViewRootHandler.handleMessageImpl:6727
04-06 02:36:58.337 25563 25563 I ViewRootImpl@73623ee[MainActivity]: handleResized, msg = 5 frames=ClientWindowFrames{frame=[0,0][1080,2400] display=[0,0][1080,2400] parentFrame=[0,0][0,0] parentClippedByDisplayCutout=false} forceNextWindowRelayout=false displayId=0 resizeMode=-1 frameChanged=false displayFrameChanged=false configChanged=false displayChanged=false
04-06 02:36:58.337 25563 25563 I ViewRootImpl@73623ee[MainActivity]: handleResized mSyncSeqId = 0
04-06 02:36:58.337 25563 25563 I ViewRootImpl@73623ee[MainActivity]: reportNextDraw android.view.ViewRootImpl.handleResized:2450 android.view.ViewRootImpl.-$$Nest$mhandleResized:0 android.view.ViewRootImpl$ViewRootHandler.handleMessageImpl:6728 android.view.ViewRootImpl$ViewRootHandler.handleMessage:6697 android.os.Handler.dispatchMessage:106 
04-06 02:36:58.338 25563 25563 I ViewRootImpl@73623ee[MainActivity]: Setup new sync id=1
04-06 02:36:58.338 25563 25563 I ViewRootImpl@73623ee[MainActivity]: Setting syncFrameCallback
04-06 02:36:58.338 25563 25563 I ViewRootImpl@73623ee[MainActivity]: registerCallbacksForSync syncBuffer=false
04-06 02:36:58.339 25563 25692 I ViewRootImpl@73623ee[MainActivity]: Received frameDrawingCallback syncResult=0 frameNum=2.
04-06 02:36:58.339 25563 25692 I ViewRootImpl@73623ee[MainActivity]: Setting up sync and frameCommitCallback
04-06 02:36:58.339 25563 25670 I ViewRootImpl@73623ee[MainActivity]: Received frameCommittedCallback lastAttemptedDrawFrameNum=2 didProduceBuffer=false
04-06 02:36:58.339 25563 25670 I BLASTBufferQueue: syncNextTransaction, mName= ViewRootImpl@73623ee[MainActivity] acquireSingleBuffer= true mNativeObject= 0xb4000070c2c34c00 callback= null caller= android.graphics.BLASTBufferQueue.syncNextTransaction:147 android.view.ViewRootImpl$12.lambda$onFrameDraw$0$android-view-ViewRootImpl$12:13399 android.view.ViewRootImpl$12$$ExternalSyntheticLambda1.onFrameCommit:9 android.view.ThreadedRenderer$1.lambda$onFrameDraw$0:813 android.view.ThreadedRenderer$1$$ExternalSyntheticLambda0.onFrameCommit:2 <bottom of call stack> 
04-06 02:36:58.339 25563 25670 I BLASTBufferQueue: [ViewRootImpl@73623ee[MainActivity]#0](f:0,a:1) syncNextTransaction callback: 0, acquireSingleBuffer: 1, mTransactionReadyCallback: 0
04-06 02:36:58.339 25563 25670 I BLASTBufferQueue: gatherPendingTransactions, mName= ViewRootImpl@73623ee[MainActivity] mNativeObject= 0xb4000070c2c34c00 frameNumber= 2 caller= android.view.ViewRootImpl$12.lambda$onFrameDraw$0$android-view-ViewRootImpl$12:13406 android.view.ViewRootImpl$12$$ExternalSyntheticLambda1.onFrameCommit:9 android.view.ThreadedRenderer$1.lambda$onFrameDraw$0:813 android.view.ThreadedRenderer$1$$ExternalSyntheticLambda0.onFrameCommit:2 <bottom of call stack> <bottom of call stack> 
04-06 02:36:58.339 25563 25563 I ViewRootImpl@73623ee[MainActivity]: onSyncComplete
04-06 02:36:58.339 25563 25563 I ViewRootImpl@73623ee[MainActivity]: setupSync seqId=0 mSyncId=1 fn=2 caller=android.view.ViewRootImpl$$ExternalSyntheticLambda11.accept:6 android.window.SurfaceSyncer.lambda$setupSync$1$android-window-SurfaceSyncer:128 android.window.SurfaceSyncer$$ExternalSyntheticLambda1.accept:8 android.window.SurfaceSyncer$SyncSet.checkIfSyncIsComplete:382 android.window.SurfaceSyncer$SyncSet.markSyncReady:359 android.window.SurfaceSyncer.markSyncReady:151 android.view.ViewRootImpl.performTraversals:4503 
04-06 02:36:58.339 25563 25563 I ViewRootImpl@73623ee[MainActivity]: reportDrawFinished seqId=0 mSyncId=-1 fn=2 mSurfaceChangedTransaction=0xb4000070a07e8f00
04-06 02:36:58.341 25563 25563 I ViewRootImpl@73623ee[MainActivity]: MSG_WINDOW_FOCUS_CHANGED 1 0
04-06 02:36:58.341 25563 25563 I ViewRootImpl@73623ee[MainActivity]: mThreadedRenderer.initializeIfNeeded()#2 mSurface={isValid=true 0xb4000070a6e8c000}
04-06 02:36:58.342 25563 25563 W unknown:BridgelessReact: ReactHost{0}.raiseSoftException(onWindowFocusChange(hasFocus = "true")): Tried to access onWindowFocusChange while context is not ready
04-06 02:36:58.343 25563 25563 E unknown:ReactHost: Unhandled SoftException
04-06 02:36:58.343 25563 25563 E unknown:ReactHost: com.facebook.react.bridge.ReactNoCrashSoftException: raiseSoftException(onWindowFocusChange(hasFocus = "true")): Tried to access onWindowFocusChange while context is not ready
04-06 02:36:58.343 25563 25563 E unknown:ReactHost: 	at com.facebook.react.runtime.ReactHostImpl.raiseSoftException(ReactHostImpl.kt:861)
04-06 02:36:58.343 25563 25563 E unknown:ReactHost: 	at com.facebook.react.runtime.ReactHostImpl.raiseSoftException$default(ReactHostImpl.kt:852)
04-06 02:36:58.343 25563 25563 E unknown:ReactHost: 	at com.facebook.react.runtime.ReactHostImpl.onWindowFocusChange(ReactHostImpl.kt:625)
04-06 02:36:58.343 25563 25563 E unknown:ReactHost: 	at com.facebook.react.ReactDelegate.onWindowFocusChanged(ReactDelegate.kt:232)
04-06 02:36:58.343 25563 25563 E unknown:ReactHost: 	at com.facebook.react.ReactActivityDelegate.onWindowFocusChanged(ReactActivityDelegate.java:237)
04-06 02:36:58.343 25563 25563 E unknown:ReactHost: 	at expo.modules.ReactActivityDelegateWrapper$onWindowFocusChanged$1.invokeSuspend(ReactActivityDelegateWrapper.kt:320)
04-06 02:36:58.343 25563 25563 E unknown:ReactHost: 	at expo.modules.ReactActivityDelegateWrapper$onWindowFocusChanged$1.invoke(Unknown Source:8)
04-06 02:36:58.343 25563 25563 E unknown:ReactHost: 	at expo.modules.ReactActivityDelegateWrapper$onWindowFocusChanged$1.invoke(Unknown Source:4)
04-06 02:36:58.343 25563 25563 E unknown:ReactHost: 	at expo.modules.ReactActivityDelegateWrapper$launchLifecycleScopeWithLock$1.invokeSuspend(ReactActivityDelegateWrapper.kt:452)
04-06 02:36:58.343 25563 25563 E unknown:ReactHost: 	at kotlin.coroutines.jvm.internal.BaseContinuationImpl.resumeWith(ContinuationImpl.kt:33)
04-06 02:36:58.343 25563 25563 E unknown:ReactHost: 	at kotlinx.coroutines.internal.DispatchedContinuationKt.resumeCancellableWith(DispatchedContinuation.kt:375)
04-06 02:36:58.343 25563 25563 E unknown:ReactHost: 	at kotlinx.coroutines.intrinsics.CancellableKt.startCoroutineCancellable(Cancellable.kt:26)
04-06 02:36:58.343 25563 25563 E unknown:ReactHost: 	at kotlinx.coroutines.CoroutineStart.invoke(CoroutineStart.kt:358)
04-06 02:36:58.343 25563 25563 E unknown:ReactHost: 	at kotlinx.coroutines.AbstractCoroutine.start(AbstractCoroutine.kt:134)
04-06 02:36:58.343 25563 25563 E unknown:ReactHost: 	at kotlinx.coroutines.BuildersKt__Builders_commonKt.launch(Builders.common.kt:53)
04-06 02:36:58.343 25563 25563 E unknown:ReactHost: 	at kotlinx.coroutines.BuildersKt.launch(Unknown Source:1)
04-06 02:36:58.343 25563 25563 E unknown:ReactHost: 	at kotlinx.coroutines.BuildersKt__Builders_commonKt.launch$default(Builders.common.kt:44)
04-06 02:36:58.343 25563 25563 E unknown:ReactHost: 	at kotlinx.coroutines.BuildersKt.launch$default(Unknown Source:1)
04-06 02:36:58.343 25563 25563 E unknown:ReactHost: 	at expo.modules.ReactActivityDelegateWrapper.launchLifecycleScopeWithLock(ReactActivityDelegateWrapper.kt:450)
04-06 02:36:58.343 25563 25563 E unknown:ReactHost: 	at expo.modules.ReactActivityDelegateWrapper.launchLifecycleScopeWithLock$default(ReactActivityDelegateWrapper.kt:446)
04-06 02:36:58.343 25563 25563 E unknown:ReactHost: 	at expo.modules.ReactActivityDelegateWrapper.onWindowFocusChanged(ReactActivityDelegateWrapper.kt:318)
04-06 02:36:58.343 25563 25563 E unknown:ReactHost: 	at com.facebook.react.ReactActivity.onWindowFocusChanged(ReactActivity.java:158)
04-06 02:36:58.343 25563 25563 E unknown:ReactHost: 	at androidx.appcompat.view.WindowCallbackWrapper.onWindowFocusChanged(WindowCallbackWrapper.java:124)
04-06 02:36:58.343 25563 25563 E unknown:ReactHost: 	at com.android.internal.policy.DecorView.onWindowFocusChanged(DecorView.java:2710)
04-06 02:36:58.343 25563 25563 E unknown:ReactHost: 	at android.view.View.dispatchWindowFocusChanged(View.java:15817)
04-06 02:36:58.343 25563 25563 E unknown:ReactHost: 	at android.view.ViewGroup.dispatchWindowFocusChanged(ViewGroup.java:1512)
04-06 02:36:58.343 25563 25563 E unknown:ReactHost: 	at android.view.ViewRootImpl.handleWindowFocusChanged(ViewRootImpl.java:4678)
04-06 02:36:58.343 25563 25563 E unknown:ReactHost: 	at android.view.ViewRootImpl.-$$Nest$mhandleWindowFocusChanged(Unknown Source:0)
04-06 02:36:58.343 25563 25563 E unknown:ReactHost: 	at android.view.ViewRootImpl$ViewRootHandler.handleMessageImpl(ViewRootImpl.java:6788)
04-06 02:36:58.343 25563 25563 E unknown:ReactHost: 	at android.view.ViewRootImpl$ViewRootHandler.handleMessage(ViewRootImpl.java:6697)
04-06 02:36:58.343 25563 25563 E unknown:ReactHost: 	at android.os.Handler.dispatchMessage(Handler.java:106)
04-06 02:36:58.343 25563 25563 E unknown:ReactHost: 	at android.os.Looper.loopOnce(Looper.java:226)
04-06 02:36:58.343 25563 25563 E unknown:ReactHost: 	at android.os.Looper.loop(Looper.java:313)
04-06 02:36:58.343 25563 25563 E unknown:ReactHost: 	at android.app.ActivityThread.main(ActivityThread.java:8762)
04-06 02:36:58.343 25563 25563 E unknown:ReactHost: 	at java.lang.reflect.Method.invoke(Native Method)
04-06 02:36:58.343 25563 25563 E unknown:ReactHost: 	at com.android.internal.os.RuntimeInit$MethodAndArgsCaller.run(RuntimeInit.java:604)
04-06 02:36:58.343 25563 25563 E unknown:ReactHost: 	at com.android.internal.os.ZygoteInit.main(ZygoteInit.java:1067)
04-06 02:36:58.343 25563 25563 D InputMethodManager: startInputInner - Id : 0
04-06 02:36:58.343 25563 25563 I InputMethodManager: startInputInner - mService.startInputOrWindowGainedFocus
04-06 02:36:58.350 25563 25563 D InputMethodManager: startInputInner - Id : 0
04-06 02:36:58.354 25563 25690 W unknown:BridgelessReact: ReactHost{0}.isMetroRunning(): Async result = true
04-06 02:36:58.355 25563 25689 W unknown:BridgelessReact: ReactHost{0}.loadJSBundleFromMetro()
04-06 02:36:58.356 25563 25689 D Detox.RNMarker: DOWNLOAD_START (null)
04-06 02:36:58.360 25563 25563 D CompatibilityChangeReporter: Compat change id reported: 210923482; UID 10431; state: ENABLED
04-06 02:36:58.365 25563 25670 D NativeCustomFrequencyManager: [NativeCFMS] BpCustomFrequencyManager::BpCustomFrequencyManager()
04-06 02:36:58.367 25563 25563 D InsetsController: onStateChanged: InsetsState: {mDisplayFrame=Rect(0, 0 - 1080, 2400), mDisplayCutout=DisplayCutout{insets=Rect(0, 88 - 0, 0) waterfall=Insets{left=0, top=0, right=0, bottom=0} boundingRect={Bounds=[Rect(0, 0 - 0, 0), Rect(512, 0 - 568, 88), Rect(0, 0 - 0, 0), Rect(0, 0 - 0, 0)]} cutoutPathParserInfo={CutoutPathParserInfo{displayWidth=1080 displayHeight=2400 physicalDisplayWidth=1080 physicalDisplayHeight=2400 density={3.0} cutoutSpec={M 0,0 M 0,10.71963616907435 a 9.280363830925644,9.280363830925644 0 1,0 0,18.56072766185129 a 9.280363830925644,9.280363830925644 0 1,0 0,-18.56072766185129 Z @dp} rotation={0} scale={1.0} physicalPixelDisplaySizeRatio={1.0}}}}, mRoundedCorners=RoundedCorners{[RoundedCorner{position=TopLeft, radius=96, center=Point(96, 96)}, RoundedCorner{position=TopRight, radius=96, center=Point(984, 96)}, RoundedCorner{position=BottomRight, radius=96, center=Point(984, 2304)}, RoundedCorner{position=BottomLeft, radius=96, center=Point(96, 2304)}]}  mRoundedCornerFrame=Rect(0, 0 - 1080, 2400), mPrivacyIndicatorBounds=PrivacyIndicatorBounds {static bounds=Rect(948, 0 - 1080, 88) rotation=0}, mSources= { InsetsSource: {mType=ITYPE_STATUS_BAR, mFrame=[0,0][1080,88], mVisible=true, mInsetsRoundedCornerFrame=false}, InsetsSource: {mType=ITYPE_NAVIGATION_BAR, mFrame=[0,2256][1080,2400], mVisible=true, mInsetsRoundedCornerFrame=false}, InsetsSource: {mType=ITYPE_LEFT_GESTURES, mFrame=[0,0][0,2400], mVisible=true, mInsetsRoundedCornerFrame=false}, InsetsSource: {mType=ITYPE_RIGHT_GESTURES, mFrame=[1080,0][1080,2400], mVisible=true, mInsetsRoundedCornerFrame=false}, InsetsSource: {mType=ITYPE_TOP_MANDATORY_GESTURES, mFrame=[0,0][1080,124], mVisible=true, mInsetsRoundedCornerFrame=false}, InsetsSource: {mType=ITYPE_BOTTOM_MANDATORY_GESTURES, mFrame=[0,2256][1080,2400], mVisible=true, mInsetsRoundedCornerFrame=false}, InsetsSource: {mType=ITYPE_LEFT_DISPLAY_CUTOUT, mFrame=[0,0][-100000,2400], mVisible=true, mInsetsRoundedCornerFrame=false}, InsetsSource: {mType=ITYPE_TOP_DISPLAY_CUTOUT, mFrame=[0,0][1080,88], mVisible=true, mInsetsRoundedCornerFrame=false}, InsetsSource: {mType=ITYPE_RIGHT_DISPLAY_CUTOUT, mFrame=[100000,0][1080,2400], mVisible=true, mInsetsRoundedCornerFrame=false}, InsetsSource: {mType=ITYPE_BOTTOM_DISPLAY_CUTOUT, mFrame=[0,100000][1080,2400], mVisible=true, mInsetsRoundedCornerFrame=false}, InsetsSource: {mType=ITYPE_TOP_TAPPABLE_ELEMENT, mFrame=[0,0][1080,88], mVisible=true, mInsetsRoundedCornerFrame=false}, InsetsSource: {mType=ITYPE_BOTTOM_TAPPABLE_ELEMENT, mFrame=[0,2256][1080,2400], mVisible=true, mInsetsRoundedCornerFrame=false}, InsetsSource: {mType=ITYPE_IME, mFrame=[0,0][0,0], mVisibleFrame=[0,1374][1080,2400], mVisible=false, mInsetsRoundedCornerFrame=false} } host=PopupWindow:5b0a702 from=android.view.ViewRootImpl.setView:1732
04-06 02:36:58.368 25563 25563 I ViewRootImpl@ca5e813[PopupWindow:5b0a702]: setView = android.widget.PopupWindow$PopupDecorView@5fcf26f TM=false
04-06 02:36:58.374 25563 25563 I ViewRootImpl@ca5e813[PopupWindow:5b0a702]: performTraversals params={(0,88)(fillxwrap) gr=TOP START CENTER sim={state=unchanged adjust=pan} ty=APPLICATION_PANEL fmt=TRANSLUCENT surfaceInsets=Rect(0, 0 - 0, 0) (manual)
04-06 02:36:58.374 25563 25563 I ViewRootImpl@ca5e813[PopupWindow:5b0a702]:   fl=41800008
04-06 02:36:58.374 25563 25563 I ViewRootImpl@ca5e813[PopupWindow:5b0a702]:   pfl=42018000
04-06 02:36:58.374 25563 25563 I ViewRootImpl@ca5e813[PopupWindow:5b0a702]:   bhv=DEFAULT
04-06 02:36:58.374 25563 25563 I ViewRootImpl@ca5e813[PopupWindow:5b0a702]:   fitTypes=STATUS_BARS NAVIGATION_BARS CAPTION_BAR naviIconColor=0
04-06 02:36:58.374 25563 25563 I ViewRootImpl@ca5e813[PopupWindow:5b0a702]:   sfl=20000}
04-06 02:36:58.375 25563 25563 I ViewRootImpl@ca5e813[PopupWindow:5b0a702]: performTraversals mFirst=true windowShouldResize=true viewVisibilityChanged=false mForceNextWindowRelayout=false params={(0,88)(fillxwrap) gr=TOP START CENTER sim={state=unchanged adjust=pan} ty=APPLICATION_PANEL fmt=TRANSLUCENT surfaceInsets=Rect(0, 0 - 0, 0) (manual)
04-06 02:36:58.375 25563 25563 I ViewRootImpl@ca5e813[PopupWindow:5b0a702]:   fl=41800008
04-06 02:36:58.375 25563 25563 I ViewRootImpl@ca5e813[PopupWindow:5b0a702]:   pfl=42018000
04-06 02:36:58.375 25563 25563 I ViewRootImpl@ca5e813[PopupWindow:5b0a702]:   bhv=DEFAULT
04-06 02:36:58.375 25563 25563 I ViewRootImpl@ca5e813[PopupWindow:5b0a702]:   fitTypes=STATUS_BARS NAVIGATION_BARS CAPTION_BAR naviIconColor=0
04-06 02:36:58.375 25563 25563 I ViewRootImpl@ca5e813[PopupWindow:5b0a702]:   sfl=20000}
04-06 02:36:58.378 25563 25577 I ViewRootImpl@ca5e813[PopupWindow:5b0a702]: Resizing android.view.ViewRootImpl@f6b3b7c: frame = [0,88][1080,167] reportDraw = true forceLayout = false syncSeqId = 0
04-06 02:36:58.378 25563 25563 I ViewRootImpl@ca5e813[PopupWindow:5b0a702]: updateBlastSurfaceIfNeeded mBlastBufferQueue=null isSameSurfaceControl=false
04-06 02:36:58.379 25563 25563 I BLASTBufferQueue: new BLASTBufferQueue, mName= ViewRootImpl@ca5e813[PopupWindow:5b0a702] mNativeObject= 0xb4000070a0c0f200 sc.mNativeObject= 0xb4000070a0ccfea0 caller= android.view.ViewRootImpl.updateBlastSurfaceIfNeeded:2909 android.view.ViewRootImpl.relayoutWindow:9847 android.view.ViewRootImpl.performTraversals:3884 android.view.ViewRootImpl.doTraversal:3116 android.view.ViewRootImpl$TraversalRunnable.run:10885 android.view.Choreographer$CallbackRecord.run:1301 android.view.Choreographer$CallbackRecord.run:1309 android.view.Choreographer.doCallbacks:923 android.view.Choreographer.doFrame:852 android.view.Choreographer$FrameDisplayEventReceiver.run:1283 
04-06 02:36:58.379 25563 25563 I BLASTBufferQueue: update, w= 1080 h= 79 mName = ViewRootImpl@ca5e813[PopupWindow:5b0a702] mNativeObject= 0xb4000070a0c0f200 sc.mNativeObject= 0xb4000070a0ccfea0 format= -3 caller= android.graphics.BLASTBufferQueue.<init>:84 android.view.ViewRootImpl.updateBlastSurfaceIfNeeded:2909 android.view.ViewRootImpl.relayoutWindow:9847 android.view.ViewRootImpl.performTraversals:3884 android.view.ViewRootImpl.doTraversal:3116 android.view.ViewRootImpl$TraversalRunnable.run:10885 
04-06 02:36:58.379 25563 25563 I ViewRootImpl@ca5e813[PopupWindow:5b0a702]: Relayout returned: old=(0,88,1080,2256) new=(0,88,1080,167) req=(1080,79)0 dur=3 res=0x3 s={true 0xb4000070a6e8e800} ch=true seqId=0
04-06 02:36:58.380 25563 25563 I ViewRootImpl@ca5e813[PopupWindow:5b0a702]: mThreadedRenderer.initialize() mSurface={isValid=true 0xb4000070a6e8e800} hwInitialized=true
04-06 02:36:58.380 25563 25670 D OpenGLRenderer: eglCreateWindowSurface
04-06 02:36:58.380 25563 25563 I ViewRootImpl@ca5e813[PopupWindow:5b0a702]: reportNextDraw android.view.ViewRootImpl.performTraversals:4438 android.view.ViewRootImpl.doTraversal:3116 android.view.ViewRootImpl$TraversalRunnable.run:10885 android.view.Choreographer$CallbackRecord.run:1301 android.view.Choreographer$CallbackRecord.run:1309 
04-06 02:36:58.380 25563 25563 I ViewRootImpl@ca5e813[PopupWindow:5b0a702]: Setup new sync id=0
04-06 02:36:58.380 25563 25563 I ViewRootImpl@ca5e813[PopupWindow:5b0a702]: Setting syncFrameCallback
04-06 02:36:58.380 25563 25563 I ViewRootImpl@ca5e813[PopupWindow:5b0a702]: registerCallbacksForSync syncBuffer=false
04-06 02:36:58.381 25563 25693 I ViewRootImpl@ca5e813[PopupWindow:5b0a702]: Received frameDrawingCallback syncResult=0 frameNum=1.
04-06 02:36:58.381 25563 25693 I ViewRootImpl@ca5e813[PopupWindow:5b0a702]: Setting up sync and frameCommitCallback
04-06 02:36:58.387 25563 25670 I BLASTBufferQueue: [ViewRootImpl@ca5e813[PopupWindow:5b0a702]#1](f:0,a:0) onFrameAvailable the first frame is available
04-06 02:36:58.388 25563 25670 I ViewRootImpl@ca5e813[PopupWindow:5b0a702]: Received frameCommittedCallback lastAttemptedDrawFrameNum=1 didProduceBuffer=true
04-06 02:36:58.388 25563 25670 D OpenGLRenderer: CFMS:: SetUp Pid : 25563    Tid : 25670
04-06 02:36:58.388 25563 25670 W Parcel  : Expecting binder but got null!
04-06 02:36:58.388 25563 25563 I ViewRootImpl@ca5e813[PopupWindow:5b0a702]: onSyncComplete
04-06 02:36:58.389 25563 25563 I ViewRootImpl@ca5e813[PopupWindow:5b0a702]: setupSync seqId=0 mSyncId=0 fn=1 caller=android.view.ViewRootImpl$$ExternalSyntheticLambda11.accept:6 android.window.SurfaceSyncer.lambda$setupSync$1$android-window-SurfaceSyncer:128 android.window.SurfaceSyncer$$ExternalSyntheticLambda1.accept:8 android.window.SurfaceSyncer$SyncSet.checkIfSyncIsComplete:382 android.window.SurfaceSyncer$SyncSet.markSyncReady:359 android.window.SurfaceSyncer.markSyncReady:151 android.view.ViewRootImpl.performTraversals:4503 
04-06 02:36:58.389 25563 25563 I ViewRootImpl@ca5e813[PopupWindow:5b0a702]: reportDrawFinished seqId=0 mSyncId=-1 fn=1 mSurfaceChangedTransaction=0xb4000070c2cde100
04-06 02:36:58.390 25563 25563 I ViewRootImpl@ca5e813[PopupWindow:5b0a702]: handleResized, msg = 5 frames=ClientWindowFrames{frame=[0,88][1080,167] display=[0,88][1080,2256] parentFrame=[0,0][0,0] parentClippedByDisplayCutout=false} forceNextWindowRelayout=false displayId=0 resizeMode=-1 frameChanged=false displayFrameChanged=false configChanged=false displayChanged=false
04-06 02:36:58.390 25563 25563 I ViewRootImpl@ca5e813[PopupWindow:5b0a702]: handleResized mSyncSeqId = 0
04-06 02:36:58.390 25563 25563 I ViewRootImpl@ca5e813[PopupWindow:5b0a702]: reportNextDraw android.view.ViewRootImpl.handleResized:2450 android.view.ViewRootImpl.-$$Nest$mhandleResized:0 android.view.ViewRootImpl$ViewRootHandler.handleMessageImpl:6728 android.view.ViewRootImpl$ViewRootHandler.handleMessage:6697 android.os.Handler.dispatchMessage:106 
04-06 02:36:58.404 25563 25563 I ViewRootImpl@ca5e813[PopupWindow:5b0a702]: Setup new sync id=1
04-06 02:36:58.404 25563 25563 I ViewRootImpl@ca5e813[PopupWindow:5b0a702]: Setting syncFrameCallback
04-06 02:36:58.404 25563 25563 I ViewRootImpl@ca5e813[PopupWindow:5b0a702]: registerCallbacksForSync syncBuffer=false
04-06 02:36:58.406 25563 25692 I ViewRootImpl@ca5e813[PopupWindow:5b0a702]: Received frameDrawingCallback syncResult=0 frameNum=3.
04-06 02:36:58.406 25563 25692 I ViewRootImpl@ca5e813[PopupWindow:5b0a702]: Setting up sync and frameCommitCallback
04-06 02:36:58.412 25563 25670 I ViewRootImpl@ca5e813[PopupWindow:5b0a702]: Received frameCommittedCallback lastAttemptedDrawFrameNum=3 didProduceBuffer=true
04-06 02:36:58.412 25563 25563 I ViewRootImpl@ca5e813[PopupWindow:5b0a702]: onSyncComplete
04-06 02:36:58.412 25563 25563 I ViewRootImpl@ca5e813[PopupWindow:5b0a702]: setupSync seqId=0 mSyncId=1 fn=3 caller=android.view.ViewRootImpl$$ExternalSyntheticLambda11.accept:6 android.window.SurfaceSyncer.lambda$setupSync$1$android-window-SurfaceSyncer:128 android.window.SurfaceSyncer$$ExternalSyntheticLambda1.accept:8 android.window.SurfaceSyncer$SyncSet.checkIfSyncIsComplete:382 android.window.SurfaceSyncer$SyncSet.markSyncReady:359 android.window.SurfaceSyncer.markSyncReady:151 android.view.ViewRootImpl.performTraversals:4503 
04-06 02:36:58.412 25563 25563 I ViewRootImpl@ca5e813[PopupWindow:5b0a702]: reportDrawFinished seqId=0 mSyncId=-1 fn=3 mSurfaceChangedTransaction=0xb4000070c2cde100
04-06 02:36:58.638 25563 25563 D InsetsController: cancelAnimation of types: 1, animType: 0, host: com.evolucao.app/com.evolucao.app.MainActivity, from:android.view.InsetsController.notifyFinished:1375 android.view.InsetsAnimationThreadControlRunner$1.lambda$notifyFinished$0$android-view-InsetsAnimationThreadControlRunner$1:84 android.view.InsetsAnimationThreadControlRunner$1$$ExternalSyntheticLambda1.run:4 
04-06 02:36:58.638 25563 25563 D InsetsSourceConsumer: ensureControlPosition: Point(0, 0) for ITYPE_STATUS_BAR on com.evolucao.app/com.evolucao.app.MainActivity from android.view.InsetsSourceConsumer.notifyAnimationFinished:419
04-06 02:36:58.654 25563 25693 I ViewRootImpl@73623ee[MainActivity]: mWNT: t=0xb4000070a0cb6300 mBlastBufferQueue=0xb4000070c2c34c00 fn= 2 caller= android.view.SyncRtSurfaceTransactionApplier.applyTransaction:96 android.view.SyncRtSurfaceTransactionApplier.lambda$scheduleApply$0$android-view-SyncRtSurfaceTransactionApplier:69 android.view.SyncRtSurfaceTransactionApplier$$ExternalSyntheticLambda0.onFrameDraw:4 
04-06 02:36:58.713 25563 25670 D OpenGLRenderer: setSurface called with nullptr
04-06 02:36:58.713 25563 25670 D OpenGLRenderer: setSurface() destroyed EGLSurface
04-06 02:36:58.713 25563 25670 D OpenGLRenderer: destroyEglSurface
04-06 02:36:58.713 25563 25690 D Detox.RNMarker: DOWNLOAD_END ({"url":"http:\/\/localhost:8081\/.expo\/.virtual-metro-entry.bundle?platform=android&dev=true&lazy=true&minify=false&app=com.evolucao.app&modulesOnly=false&runModule=true&excludeSource=true&sourcePaths=url-server","filesChangedCount":0})
04-06 02:36:58.713 25563 25690 W unknown:BridgelessReact: ReactHost{0}.loadJSBundleFromMetro(): Creating BundleLoader
04-06 02:36:58.714 25563 25563 I ViewRootImpl@ca5e813[PopupWindow:5b0a702]: dispatchDetachedFromWindow
04-06 02:36:58.715 25563 25689 W unknown:BridgelessReact: ReactHost{0}.getOrCreateReactInstanceTask(): Creating BridgelessReactContext
04-06 02:36:58.716 25563 25563 D InputTransport: Input channel destroyed: 'dffcbbe', fd=128
04-06 02:36:58.717 25563 25689 W unknown:BridgelessReact: ReactHost{0}.getOrCreateReactInstanceTask(): Creating ReactInstance
04-06 02:36:58.726 25563 25690 D TrafficStats: tagSocket(134) with statsTag=0xffffffff, statsUid=-1
04-06 02:36:58.729 25563 25689 D jni_lib_merge: Entering merged library JNI_OnLoad.
04-06 02:36:58.729 25563 25689 D jni_lib_merge: Preparing 4 pre-merged libs (including stub)
04-06 02:36:58.729 25563 25689 D jni_lib_merge: Preparing to register libhermes_executor_so.  onload_func: 0x70132affa4
04-06 02:36:58.729 25563 25689 D jni_lib_merge: Preparing to register libhermesinstancejni_so.  onload_func: 0x70132e98b4
04-06 02:36:58.729 25563 25689 D jni_lib_merge: Preparing to register libjsijniprofiler_so.  onload_func: 0x70132eb8f8
04-06 02:36:58.729 25563 25689 D jni_lib_merge: About to register 3 actual methods.
04-06 02:36:58.834 25563 25689 I ExpoModulesCore: ✅ AppContext was initialized
04-06 02:36:58.862 25563 25689 W unknown:BridgelessReact: ReactHost{0}.getOrCreateReactInstanceTask(): Loading JS Bundle
04-06 02:36:58.862 25563 25689 W unknown:BridgelessReact: ReactHost{0}.getOrCreateReactInstanceTask(): DevSupportManager.onNewReactContextCreated()
04-06 02:36:58.863 25563 25704 D Detox.RNMarker: RUN_JS_BUNDLE_START (/.virtual-metro-entry.bundle?platform=android&dev=true&lazy=true&minify=false&app=com.evolucao.app&modulesOnly=false&runModule=true&excludeSource=true&sourcePaths=url-server)
04-06 02:36:58.865 25563 25563 W unknown:ReactNative: Packager connection already open, nooping.
04-06 02:36:58.870 25563 25563 W unknown:BridgelessReact: ReactHost{0}.ReactContext.onHostResume()
04-06 02:36:58.871 25563 25689 W unknown:BridgelessReact: ReactHost{0}.startSurface(surfaceId = 0): Execute
04-06 02:36:58.874 25563 25563 W unknown:BridgelessReact: ReactHost{0}.getOrCreateReactInstanceTask(): Executing ReactInstanceEventListeners
04-06 02:36:58.875 25563 25563 I DetoxRNLoading: Got new RN-context through listener
04-06 02:36:58.876 25563 25639 I DetoxRNIdleRes: Setting up Espresso Idling Resources for React Native
04-06 02:36:58.883 25563 25563 D DetoxRNHelpers: Native RN module resolution (class com.reactnativecommunity.asyncstorage.AsyncStorageModule): no registered module found
04-06 02:36:58.883 25563 25639 D IdlingRegistry: Registering idling resources: [com.wix.detox.reactnative.idlingresources.uimodule.fabric.FabricUIManagerIdlingResources@a29e7fb]
04-06 02:36:58.883 25563 25639 D IdlingRegistry: Registering idling resources: [com.wix.detox.reactnative.idlingresources.animations.AnimatedModuleIdlingResource@fa87018]
04-06 02:36:58.883 25563 25639 D IdlingRegistry: Registering idling resources: [com.wix.detox.reactnative.idlingresources.timers.FabricTimersIdlingResource@76f3a71]
04-06 02:36:58.883 25563 25639 D IdlingRegistry: Registering idling resources: [com.wix.detox.reactnative.idlingresources.network.NetworkIdlingResource@2908056]
04-06 02:36:58.883 25563 25639 D IdlingRegistry: Registering idling resources: [com.wix.detox.reactnative.idlingresources.StabilizedIdlingResource@72508d7]
04-06 02:36:58.891 25563 25705 W om.evolucao.app: Accessing hidden method Landroid/os/MessageQueue;->next()Landroid/os/Message; (unsupported, reflection, allowed)
04-06 02:36:58.891 25563 25705 W om.evolucao.app: Accessing hidden field Landroid/os/MessageQueue;->mMessages:Landroid/os/Message; (unsupported, reflection, allowed)
04-06 02:36:58.891 25563 25705 W om.evolucao.app: Accessing hidden method Landroid/os/Message;->recycleUnchecked()V (unsupported, reflection, allowed)
04-06 02:36:59.036 25563 25563 D DetoxRNHelpers: Native RN module resolution (class com.reactnativecommunity.asyncstorage.AsyncStorageModule): no registered module found
04-06 02:36:59.101 25563 25705 I WebViewFactory: Loading com.google.android.webview version 146.0.7680.164 (code 768016403)
04-06 02:36:59.103 25563 25705 D ApplicationLoaders: Returning zygote-cached class loader: /system/framework/android.test.base.jar
04-06 02:36:59.105 25563 25705 D nativeloader: Configuring classloader-namespace for other apk /data/app/~~23ppwVuk64Fm9vdWCRWMMw==/com.google.android.webview-FPIphznatdLDx2VBYoD68A==/base.apk. target_sdk_version=36, uses_libraries=, library_path=/data/app/~~23ppwVuk64Fm9vdWCRWMMw==/com.google.android.webview-FPIphznatdLDx2VBYoD68A==/lib/arm64:/data/app/~~23ppwVuk64Fm9vdWCRWMMw==/com.google.android.webview-FPIphznatdLDx2VBYoD68A==/base.apk!/lib/arm64-v8a, permitted_path=/data:/mnt/expand
04-06 02:36:59.118 25563 25705 I cr_WVCFactoryProvider: version=146.0.7680.164 (768016403) minSdkVersion=29 multiprocess=true packageId=127 splits=<none>
04-06 02:36:59.123 25563 25721 I chromium: [0406/023659.123919:INFO:android_webview/browser/variations/variations_seed_loader.cc:67] Failed to open file for reading.: No such file or directory (2)
04-06 02:36:59.124 25563 25721 I chromium: [0406/023659.124059:INFO:android_webview/browser/variations/variations_seed_loader.cc:67] Failed to open file for reading.: No such file or directory (2)
04-06 02:36:59.128 25563 25705 I cr_LibraryLoader: Successfully loaded native library
04-06 02:36:59.129 25563 25705 I cr_CachingUmaRecorder: Flushed 16 samples from 16 histograms, 0 samples were dropped.
04-06 02:36:59.152 25563 25704 W BridgelessReactContext: [WARNING] Bridgeless doesn't support CatalystInstance. Accessing an API that's not part of the new architecture is not encouraged usage.
04-06 02:36:59.153 25563 25725 D TrafficStats: tagSocket(148) with statsTag=0xffffffff, statsUid=-1
04-06 02:36:59.156 25563 25725 D TrafficStats: tagSocket(148) with statsTag=0xffffffff, statsUid=-1
04-06 02:36:59.159 25563 25704 I ExpoModulesCore: ✅ JSI interop was installed
04-06 02:36:59.164 25563 25704 I ExpoModulesCore: ✅ Constants were exported
04-06 02:36:59.206 25563 25704 W unknown:ViewManagerPropertyUpdater: Could not find generated setter for class com.th3rdwave.safeareacontext.SafeAreaProviderManager
04-06 02:36:59.209 25563 25704 W unknown:ViewManagerPropertyUpdater: Could not find generated setter for class com.facebook.react.uimanager.LayoutShadowNode
04-06 02:36:59.210 25563 25704 W unknown:ViewManagerPropertyUpdater: Could not find generated setter for class com.swmansion.rnscreens.SearchBarManager
04-06 02:36:59.211 25563 25704 W unknown:ViewManagerPropertyUpdater: Could not find generated setter for class com.swmansion.rnscreens.ScreenFooterManager
04-06 02:36:59.212 25563 25704 W unknown:ViewManagerPropertyUpdater: Could not find generated setter for class com.swmansion.rnscreens.gamma.tabs.TabScreenViewManager
04-06 02:36:59.213 25563 25704 W unknown:ViewManagerPropertyUpdater: Could not find generated setter for class expo.modules.kotlin.views.GroupViewManagerWrapper
04-06 02:36:59.213 25563 25704 W unknown:ViewManagerPropertyUpdater: Could not find generated setter for class com.swmansion.rnscreens.ScreenContainerViewManager
04-06 02:36:59.214 25563 25704 W unknown:ViewManagerPropertyUpdater: Could not find generated setter for class com.swmansion.rnscreens.gamma.tabs.TabsHostViewManager
04-06 02:36:59.215 25563 25704 W unknown:ViewManagerPropertyUpdater: Could not find generated setter for class com.swmansion.rnscreens.ModalScreenViewManager
04-06 02:36:59.216 25563 25704 W unknown:ViewManagerPropertyUpdater: Could not find generated setter for class com.swmansion.rnscreens.ScreenStackHeaderConfigViewManager
04-06 02:36:59.217 25563 25704 W unknown:ViewManagerPropertyUpdater: Could not find generated setter for class com.swmansion.rnscreens.ScreenContentWrapperManager
04-06 02:36:59.218 25563 25704 W unknown:ViewManagerPropertyUpdater: Could not find generated setter for class com.th3rdwave.safeareacontext.SafeAreaViewManager
04-06 02:36:59.219 25563 25704 W unknown:ViewManagerPropertyUpdater: Could not find generated setter for class com.th3rdwave.safeareacontext.SafeAreaViewShadowNode
04-06 02:36:59.219 25563 25704 W unknown:ViewManagerPropertyUpdater: Could not find generated setter for class com.swmansion.rnscreens.safearea.SafeAreaViewManager
04-06 02:36:59.220 25563 25704 W unknown:ViewManagerPropertyUpdater: Could not find generated setter for class com.swmansion.rnscreens.safearea.paper.SafeAreaViewShadowNode
04-06 02:36:59.220 25563 25704 W unknown:ViewManagerPropertyUpdater: Could not find generated setter for class com.swmansion.rnscreens.ScreenViewManager
04-06 02:36:59.220 25563 25704 W unknown:ViewManagerPropertyUpdater: Could not find generated setter for class com.swmansion.rnscreens.gamma.stack.host.StackHostViewManager
04-06 02:36:59.221 25563 25704 W unknown:ViewManagerPropertyUpdater: Could not find generated setter for class com.swmansion.rnscreens.ScreenStackHeaderSubviewManager
04-06 02:36:59.221 25563 25704 W unknown:ViewManagerPropertyUpdater: Could not find generated setter for class com.swmansion.rnscreens.gamma.stack.screen.StackScreenViewManager
04-06 02:36:59.222 25563 25704 W unknown:ViewManagerPropertyUpdater: Could not find generated setter for class com.swmansion.rnscreens.ScreenStackViewManager
04-06 02:36:59.294 25563 25704 W unknown:ViewManagerPropertyUpdater: Could not find generated setter for class com.facebook.react.views.debuggingoverlay.DebuggingOverlayManager
04-06 02:36:59.299 25563 25704 W unknown:ViewManagerPropertyUpdater: Could not find generated setter for class com.swmansion.gesturehandler.react.RNGestureHandlerButtonViewManager
04-06 02:36:59.305 25563 25704 W unknown:ViewManagerPropertyUpdater: Could not find generated setter for class com.facebook.react.views.safeareaview.ReactSafeAreaViewManager
04-06 02:36:59.310 25563 25704 W unknown:ViewManagerPropertyUpdater: Could not find generated setter for class com.facebook.react.views.modal.ReactModalHostManager
04-06 02:36:59.315 25563 25704 W unknown:ViewManagerPropertyUpdater: Could not find generated setter for class com.facebook.react.views.text.frescosupport.FrescoBasedReactTextInlineImageViewManager
04-06 02:36:59.315 25563 25704 W unknown:ViewManagerPropertyUpdater: Could not find generated setter for class com.facebook.react.views.text.frescosupport.FrescoBasedReactTextInlineImageShadowNode
04-06 02:36:59.321 25563 25704 W unknown:ViewManagerPropertyUpdater: Could not find generated setter for class com.facebook.react.views.progressbar.ReactProgressBarViewManager
04-06 02:36:59.321 25563 25704 W unknown:ViewManagerPropertyUpdater: Could not find generated setter for class com.facebook.react.views.progressbar.ProgressBarShadowNode
04-06 02:36:59.326 25563 25704 W unknown:ViewManagerPropertyUpdater: Could not find generated setter for class com.facebook.react.views.scroll.ReactHorizontalScrollViewManager
04-06 02:36:59.332 25563 25704 W unknown:ViewManagerPropertyUpdater: Could not find generated setter for class com.facebook.react.views.image.ReactImageManager
04-06 02:36:59.338 25563 25704 W unknown:ViewManagerPropertyUpdater: Could not find generated setter for class com.facebook.react.views.text.ReactTextViewManager
04-06 02:36:59.339 25563 25704 W unknown:ViewManagerPropertyUpdater: Could not find generated setter for class com.facebook.react.views.text.ReactTextShadowNode
04-06 02:36:59.345 25563 25704 W unknown:ViewManagerPropertyUpdater: Could not find generated setter for class com.facebook.react.views.scroll.ReactHorizontalScrollContainerViewManager
04-06 02:36:59.350 25563 25704 W unknown:ViewManagerPropertyUpdater: Could not find generated setter for class com.facebook.react.views.unimplementedview.ReactUnimplementedViewManager
04-06 02:36:59.355 25563 25704 W unknown:ViewManagerPropertyUpdater: Could not find generated setter for class com.facebook.react.views.scroll.ReactScrollViewManager
04-06 02:36:59.361 25563 25704 W unknown:ViewManagerPropertyUpdater: Could not find generated setter for class com.facebook.react.views.view.ReactViewManager
04-06 02:36:59.367 25563 25704 W unknown:ViewManagerPropertyUpdater: Could not find generated setter for class com.facebook.react.views.drawer.ReactDrawerLayoutManager
04-06 02:36:59.372 25563 25704 W unknown:ViewManagerPropertyUpdater: Could not find generated setter for class com.facebook.react.views.switchview.ReactSwitchManager
04-06 02:36:59.372 25563 25704 W unknown:ViewManagerPropertyUpdater: Could not find generated setter for class com.facebook.react.views.switchview.ReactSwitchShadowNode
04-06 02:36:59.377 25563 25704 W unknown:ViewManagerPropertyUpdater: Could not find generated setter for class com.facebook.react.views.swiperefresh.SwipeRefreshLayoutManager
04-06 02:36:59.384 25563 25704 W unknown:ViewManagerPropertyUpdater: Could not find generated setter for class com.facebook.react.views.textinput.ReactTextInputManager
04-06 02:36:59.385 25563 25704 W unknown:ViewManagerPropertyUpdater: Could not find generated setter for class com.facebook.react.views.textinput.ReactTextInputShadowNode
04-06 02:36:59.392 25563 25704 W unknown:ViewManagerPropertyUpdater: Could not find generated setter for class com.swmansion.gesturehandler.react.RNGestureHandlerRootViewManager
04-06 02:36:59.425 25563 25725 D TrafficStats: tagSocket(151) with statsTag=0xffffffff, statsUid=-1
04-06 02:36:59.590 25563 25704 V AsyncStorageExpoMigration: No scoped database found
04-06 02:36:59.765 25563 25704 D Detox.RNMarker: RUN_JS_BUNDLE_END (/.virtual-metro-entry.bundle?platform=android&dev=true&lazy=true&minify=false&app=com.evolucao.app&modulesOnly=false&runModule=true&excludeSource=true&sourcePaths=url-server)
04-06 02:36:59.767 25563 25704 I ReactNativeJS: Running "main" with {"rootTag":1,"initialProps":{},"fabric":true}
04-06 02:36:59.844 25563 25728 D TrafficStats: tagSocket(138) with statsTag=0xffffffff, statsUid=-1
04-06 02:36:59.969 25563 25563 I DecorView: notifyKeepScreenOnChanged: keepScreenOn=true
04-06 02:36:59.979 25563 25563 D Detox.RNMarker: CONTENT_APPEARED (main)
04-06 02:36:59.982 25563 25704 D Detox.RNMarker: REACT_BRIDGELESS_LOADING_END (null)
04-06 02:36:59.983 25563 25563 I ViewRootImpl@73623ee[MainActivity]: performTraversals params={(0,0)(fillxfill) sim={adjust=resize} layoutInDisplayCutoutMode=always ty=BASE_APPLICATION wanim=0x1030309
04-06 02:36:59.983 25563 25563 I ViewRootImpl@73623ee[MainActivity]:   fl=81810180
04-06 02:36:59.983 25563 25563 I ViewRootImpl@73623ee[MainActivity]:   pfl=16020040
04-06 02:36:59.983 25563 25563 I ViewRootImpl@73623ee[MainActivity]:   vsysui=100
04-06 02:36:59.983 25563 25563 I ViewRootImpl@73623ee[MainActivity]:   bhv=DEFAULT
04-06 02:36:59.983 25563 25563 I ViewRootImpl@73623ee[MainActivity]:   fitSides= naviIconColor=0}
04-06 02:36:59.985 25563 25563 I ViewRootImpl@73623ee[MainActivity]: performTraversals mFirst=false windowShouldResize=false viewVisibilityChanged=false mForceNextWindowRelayout=false params={(0,0)(fillxfill) sim={adjust=resize} layoutInDisplayCutoutMode=always ty=BASE_APPLICATION wanim=0x1030309
04-06 02:36:59.985 25563 25563 I ViewRootImpl@73623ee[MainActivity]:   fl=81810180
04-06 02:36:59.985 25563 25563 I ViewRootImpl@73623ee[MainActivity]:   pfl=16020040
04-06 02:36:59.985 25563 25563 I ViewRootImpl@73623ee[MainActivity]:   vsysui=100
04-06 02:36:59.985 25563 25563 I ViewRootImpl@73623ee[MainActivity]:   bhv=DEFAULT
04-06 02:36:59.985 25563 25563 I ViewRootImpl@73623ee[MainActivity]:   fitSides= naviIconColor=0}
04-06 02:36:59.993 25563 25563 I ViewRootImpl@73623ee[MainActivity]: updateBlastSurfaceIfNeeded mBlastBufferQueue=0xb4000070c2c34c00 isSameSurfaceControl=true
04-06 02:36:59.993 25563 25563 I BLASTBufferQueue: update, w= 1080 h= 2400 mName = ViewRootImpl@73623ee[MainActivity] mNativeObject= 0xb4000070c2c34c00 sc.mNativeObject= 0xb4000070a0cd3d20 format= -1 caller= android.view.ViewRootImpl.updateBlastSurfaceIfNeeded:2898 android.view.ViewRootImpl.relayoutWindow:9847 android.view.ViewRootImpl.performTraversals:3884 android.view.ViewRootImpl.doTraversal:3116 android.view.ViewRootImpl$TraversalRunnable.run:10885 android.view.Choreographer$CallbackRecord.run:1301 
04-06 02:36:59.993 25563 25563 I ViewRootImpl@73623ee[MainActivity]: Relayout returned: old=(0,0,1080,2400) new=(0,0,1080,2400) req=(1080,2400)0 dur=7 res=0x0 s={true 0xb4000070a6e8c000} ch=false seqId=0
04-06 02:37:00.193 25563 25571 I om.evolucao.app: Compiler allocated 4177KB to compile void android.widget.TextView.<init>(android.content.Context, android.util.AttributeSet, int, int)
04-06 02:37:00.204 25563 25563 D CompatibilityChangeReporter: Compat change id reported: 171228096; UID 10431; state: ENABLED
04-06 02:37:00.205 25563 25563 D ScrollView: initGoToTop
04-06 02:37:00.206 25563 25563 W om.evolucao.app: Accessing hidden field Landroid/widget/ScrollView;->mScroller:Landroid/widget/OverScroller; (unsupported, reflection, allowed)
04-06 02:37:00.228 25563 25563 W [RNScreens]: backTitleFontFamily prop is not available on Android
04-06 02:37:00.229 25563 25563 W [RNScreens]: disableBackButtonMenu prop is not available on Android
04-06 02:37:00.229 25563 25563 W [RNScreens]: backTitleVisible prop is not available on Android
04-06 02:37:00.229 25563 25563 W [RNScreens]: topInsetEnabled prop is not available on Android
04-06 02:37:00.229 25563 25563 W [RNScreens]: largeTitleHideShadow prop is not available on Android
04-06 02:37:00.229 25563 25563 W [RNScreens]: largeTitleFontWeight prop is not available on Android
04-06 02:37:00.229 25563 25563 W [RNScreens]: userInterfaceStyle prop is not available on Android
04-06 02:37:00.229 25563 25563 W [RNScreens]: largeTitleFontFamily prop is not available on Android
04-06 02:37:00.231 25563 25704 I ReactNativeJS: '[ANALYTICS]', 'app_opened', { event: 'app_opened',
04-06 02:37:00.231 25563 25704 I ReactNativeJS:   eventId: '1775453820226_f8e3b8611d2bc8',
04-06 02:37:00.231 25563 25704 I ReactNativeJS:   appVersion: '1.0.0',
04-06 02:37:00.231 25563 25704 I ReactNativeJS:   category: 'engagement',
04-06 02:37:00.231 25563 25704 I ReactNativeJS:   userId: 'anonymous',
04-06 02:37:00.231 25563 25704 I ReactNativeJS:   timestamp: 1775453820226,
04-06 02:37:00.231 25563 25704 I ReactNativeJS:   timestampIso: '2026-04-06T05:37:00.226Z',
04-06 02:37:00.231 25563 25704 I ReactNativeJS:   screen: 'App',
04-06 02:37:00.231 25563 25704 I ReactNativeJS:   sessionId: 'session-1775453819999-2ef32cdc68942a',
04-06 02:37:00.231 25563 25704 I ReactNativeJS:   flowId: 'session-1775453819999-2ef32cdc68942a',
04-06 02:37:00.231 25563 25704 I ReactNativeJS:   meta: 
04-06 02:37:00.231 25563 25704 I ReactNativeJS:    { domain: 'engagement',
04-06 02:37:00.231 25563 25704 I ReactNativeJS:      version: 1,
04-06 02:37:00.231 25563 25704 I ReactNativeJS:      dayKey: '2026-04-06',
04-06 02:37:00.231 25563 25704 I ReactNativeJS:      isFirstOpenOfDay: true,
04-06 02:37:00.231 25563 25704 I ReactNativeJS:      category: 'engagement' } }
04-06 02:37:00.249 25563 25670 D OpenGLRenderer: setSurface called with nullptr
04-06 02:37:02.980 25563 25738 D ProfileInstaller: Installing profile for com.evolucao.app
04-06 02:37:06.636 25563 25657 D DetoxWSClient: Received action 'currentStatus' (ID #1, params={})
04-06 02:37:06.637 25563 25654 I DetoxDispatcher: Handling action 'currentStatus' (ID #1)...
04-06 02:37:06.650 25563 25654 I DetoxWSClient: Sending out action 'currentStatusResult' (ID #1)
04-06 02:37:06.651 25563 25654 I DetoxDispatcher: Done with action 'currentStatus'
04-06 02:37:16.669 25563 25657 D DetoxWSClient: Received action 'currentStatus' (ID #2, params={})
04-06 02:37:16.670 25563 25654 I DetoxDispatcher: Handling action 'currentStatus' (ID #2)...
04-06 02:37:16.678 25563 25654 I DetoxWSClient: Sending out action 'currentStatusResult' (ID #2)
04-06 02:37:16.679 25563 25654 I DetoxDispatcher: Done with action 'currentStatus'
04-06 02:37:26.689 25563 25657 D DetoxWSClient: Received action 'currentStatus' (ID #3, params={})
04-06 02:37:26.689 25563 25654 I DetoxDispatcher: Handling action 'currentStatus' (ID #3)...
04-06 02:37:26.693 25563 25654 I DetoxWSClient: Sending out action 'currentStatusResult' (ID #3)
04-06 02:37:26.693 25563 25654 I DetoxDispatcher: Done with action 'currentStatus'
04-06 02:37:36.707 25563 25657 D DetoxWSClient: Received action 'currentStatus' (ID #4, params={})
04-06 02:37:36.708 25563 25654 I DetoxDispatcher: Handling action 'currentStatus' (ID #4)...
04-06 02:37:36.716 25563 25654 I DetoxWSClient: Sending out action 'currentStatusResult' (ID #4)
04-06 02:37:36.717 25563 25654 I DetoxDispatcher: Done with action 'currentStatus'
04-06 02:37:46.737 25563 25657 D DetoxWSClient: Received action 'currentStatus' (ID #5, params={})
04-06 02:37:46.738 25563 25654 I DetoxDispatcher: Handling action 'currentStatus' (ID #5)...
04-06 02:37:46.747 25563 25654 I DetoxWSClient: Sending out action 'currentStatusResult' (ID #5)
04-06 02:37:46.748 25563 25654 I DetoxDispatcher: Done with action 'currentStatus'
04-06 02:37:56.761 25563 25657 D DetoxWSClient: Received action 'currentStatus' (ID #6, params={})
04-06 02:37:56.762 25563 25654 I DetoxDispatcher: Handling action 'currentStatus' (ID #6)...
04-06 02:37:56.766 25563 25654 I DetoxWSClient: Sending out action 'currentStatusResult' (ID #6)
04-06 02:37:56.767 25563 25654 I DetoxDispatcher: Done with action 'currentStatus'
04-06 02:38:06.776 25563 25657 D DetoxWSClient: Received action 'currentStatus' (ID #7, params={})
04-06 02:38:06.777 25563 25654 I DetoxDispatcher: Handling action 'currentStatus' (ID #7)...
04-06 02:38:06.785 25563 25654 I DetoxWSClient: Sending out action 'currentStatusResult' (ID #7)
04-06 02:38:06.786 25563 25654 I DetoxDispatcher: Done with action 'currentStatus'
04-06 02:38:16.803 25563 25657 D DetoxWSClient: Received action 'currentStatus' (ID #8, params={})
04-06 02:38:16.803 25563 25654 I DetoxDispatcher: Handling action 'currentStatus' (ID #8)...
04-06 02:38:16.808 25563 25654 I DetoxWSClient: Sending out action 'currentStatusResult' (ID #8)
04-06 02:38:16.809 25563 25654 I DetoxDispatcher: Done with action 'currentStatus'
04-06 02:38:26.825 25563 25657 D DetoxWSClient: Received action 'currentStatus' (ID #9, params={})
04-06 02:38:26.826 25563 25654 I DetoxDispatcher: Handling action 'currentStatus' (ID #9)...
04-06 02:38:26.837 25563 25654 I DetoxWSClient: Sending out action 'currentStatusResult' (ID #9)
04-06 02:38:26.838 25563 25654 I DetoxDispatcher: Done with action 'currentStatus'
04-06 02:38:36.857 25563 25657 D DetoxWSClient: Received action 'currentStatus' (ID #10, params={})
04-06 02:38:36.858 25563 25654 I DetoxDispatcher: Handling action 'currentStatus' (ID #10)...
04-06 02:38:36.868 25563 25654 I DetoxWSClient: Sending out action 'currentStatusResult' (ID #10)
04-06 02:38:36.868 25563 25654 I DetoxDispatcher: Done with action 'currentStatus'
04-06 02:38:46.877 25563 25657 D DetoxWSClient: Received action 'currentStatus' (ID #11, params={})
04-06 02:38:46.878 25563 25654 I DetoxDispatcher: Handling action 'currentStatus' (ID #11)...
04-06 02:38:46.887 25563 25654 I DetoxWSClient: Sending out action 'currentStatusResult' (ID #11)
04-06 02:38:46.888 25563 25654 I DetoxDispatcher: Done with action 'currentStatus'
04-06 02:38:56.896 25563 25657 D DetoxWSClient: Received action 'currentStatus' (ID #12, params={})
04-06 02:38:56.897 25563 25654 I DetoxDispatcher: Handling action 'currentStatus' (ID #12)...
04-06 02:38:56.904 25563 25654 I DetoxWSClient: Sending out action 'currentStatusResult' (ID #12)
04-06 02:38:56.904 25563 25654 I DetoxDispatcher: Done with action 'currentStatus'
04-06 02:39:06.917 25563 25657 D DetoxWSClient: Received action 'currentStatus' (ID #13, params={})
04-06 02:39:06.918 25563 25654 I DetoxDispatcher: Handling action 'currentStatus' (ID #13)...
04-06 02:39:06.927 25563 25654 I DetoxWSClient: Sending out action 'currentStatusResult' (ID #13)
04-06 02:39:06.927 25563 25654 I DetoxDispatcher: Done with action 'currentStatus'
04-06 02:39:16.936 25563 25657 D DetoxWSClient: Received action 'currentStatus' (ID #14, params={})
04-06 02:39:16.938 25563 25654 I DetoxDispatcher: Handling action 'currentStatus' (ID #14)...
04-06 02:39:16.947 25563 25654 I DetoxWSClient: Sending out action 'currentStatusResult' (ID #14)
04-06 02:39:16.948 25563 25654 I DetoxDispatcher: Done with action 'currentStatus'
04-06 02:39:26.969 25563 25657 D DetoxWSClient: Received action 'currentStatus' (ID #15, params={})
04-06 02:39:26.970 25563 25654 I DetoxDispatcher: Handling action 'currentStatus' (ID #15)...
04-06 02:39:26.980 25563 25654 I DetoxWSClient: Sending out action 'currentStatusResult' (ID #15)
04-06 02:39:26.981 25563 25654 I DetoxDispatcher: Done with action 'currentStatus'
04-06 02:39:37.000 25563 25657 D DetoxWSClient: Received action 'currentStatus' (ID #16, params={})
04-06 02:39:37.001 25563 25654 I DetoxDispatcher: Handling action 'currentStatus' (ID #16)...
04-06 02:39:37.009 25563 25654 I DetoxWSClient: Sending out action 'currentStatusResult' (ID #16)
04-06 02:39:37.010 25563 25654 I DetoxDispatcher: Done with action