--------- beginning of main
04-06 02:32:17.542 21367 21367 I om.evolucao.app: Late-enabling -Xcheck:jni
04-06 02:32:17.565 21367 21367 I om.evolucao.app: Using CollectorTypeCC GC.
04-06 02:32:17.606 21367 21367 D ActivityThread: setConscryptValidator
04-06 02:32:17.606 21367 21367 D ActivityThread: setConscryptValidator - put
04-06 02:32:17.621 21367 21367 D CompatibilityChangeReporter: Compat change id reported: 171979766; UID 10415; state: ENABLED
--------- beginning of system
04-06 02:32:17.629 21367 21367 W ActivityThread: Package uses different ABI(s) than its instrumentation: package[com.evolucao.app]: arm64-v8a, null instrumentation[com.evolucao.app.test]: null, null
04-06 02:32:17.632 21367 21367 W om.evolucao.app: ClassLoaderContext classpath size mismatch. expected=0, found=1 (PCL[] | PCL[/system/framework/android.test.runner.jar*2256426886])
04-06 02:32:17.634 21367 21367 W om.evolucao.app: ClassLoaderContext classpath size mismatch. expected=0, found=2 (PCL[] | PCL[/system/framework/android.test.runner.jar*2256426886:/system/framework/android.test.mock.jar*2695051129])
04-06 02:32:17.635 21367 21367 W ziparchive: Unable to open '/data/app/~~9fLZS39J4aNmOw6BKFkCNg==/com.evolucao.app.test-NQbY3CRsy9DuZ4bR2XRwzA==/base.dm': No such file or directory
04-06 02:32:17.635 21367 21367 W ziparchive: Unable to open '/data/app/~~9fLZS39J4aNmOw6BKFkCNg==/com.evolucao.app.test-NQbY3CRsy9DuZ4bR2XRwzA==/base.dm': No such file or directory
04-06 02:32:17.719 21367 21367 W ziparchive: Unable to open '/data/app/~~BrugTgLnTK5DUY2ognn_Qg==/com.evolucao.app-mZeHvvkPkl8jMo_9x60c1A==/base.dm': No such file or directory
04-06 02:32:17.719 21367 21367 W ziparchive: Unable to open '/data/app/~~BrugTgLnTK5DUY2ognn_Qg==/com.evolucao.app-mZeHvvkPkl8jMo_9x60c1A==/base.dm': No such file or directory
04-06 02:32:18.041 21367 21367 D nativeloader: Configuring classloader-namespace for other apk /system/framework/android.test.runner.jar:/system/framework/android.test.mock.jar:/system/framework/android.test.base.jar:/data/app/~~9fLZS39J4aNmOw6BKFkCNg==/com.evolucao.app.test-NQbY3CRsy9DuZ4bR2XRwzA==/base.apk:/data/app/~~BrugTgLnTK5DUY2ognn_Qg==/com.evolucao.app-mZeHvvkPkl8jMo_9x60c1A==/base.apk. target_sdk_version=36, uses_libraries=, library_path=/data/app/~~9fLZS39J4aNmOw6BKFkCNg==/com.evolucao.app.test-NQbY3CRsy9DuZ4bR2XRwzA==/lib/arm64:/data/app/~~BrugTgLnTK5DUY2ognn_Qg==/com.evolucao.app-mZeHvvkPkl8jMo_9x60c1A==/lib/arm64:/data/app/~~9fLZS39J4aNmOw6BKFkCNg==/com.evolucao.app.test-NQbY3CRsy9DuZ4bR2XRwzA==/base.apk!/lib/arm64-v8a:/data/app/~~BrugTgLnTK5DUY2ognn_Qg==/com.evolucao.app-mZeHvvkPkl8jMo_9x60c1A==/base.apk!/lib/arm64-v8a, permitted_path=/data:/mnt/expand:/data/user/0/com.evolucao.app
04-06 02:32:18.053 21367 21367 V GraphicsEnvironment: ANGLE Developer option for 'com.evolucao.app' set to: 'default'
04-06 02:32:18.053 21367 21367 V GraphicsEnvironment: ANGLE GameManagerService for com.evolucao.app: false
04-06 02:32:18.054 21367 21367 V GraphicsEnvironment: App is not on the allowlist for updatable production driver.
04-06 02:32:18.058 21367 21367 D ApplicationLoaders: Returning zygote-cached class loader: /system/framework/android.test.base.jar
04-06 02:32:18.061 21367 21367 D nativeloader: Configuring classloader-namespace for other apk /system/framework/android.test.mock.jar. target_sdk_version=36, uses_libraries=ALL, library_path=/data/app/~~9fLZS39J4aNmOw6BKFkCNg==/com.evolucao.app.test-NQbY3CRsy9DuZ4bR2XRwzA==/lib/arm64:/data/app/~~BrugTgLnTK5DUY2ognn_Qg==/com.evolucao.app-mZeHvvkPkl8jMo_9x60c1A==/lib/arm64, permitted_path=/data:/mnt/expand
04-06 02:32:18.061 21367 21367 D nativeloader: Extending system_exposed_libraries: libhumantracking.arcsoft.so:libPortraitDistortionCorrection.arcsoft.so:libPortraitDistortionCorrectionCali.arcsoft.so:libface_landmark.arcsoft.so:libFacialStickerEngine.arcsoft.so:libveengine.arcsoft.so:lib_pet_detection.arcsoft.so:libhigh_res.arcsoft.so:libimage_enhancement.arcsoft.so:liblow_light_hdr.arcsoft.so:libhigh_dynamic_range.arcsoft.so:libsuperresolution.arcsoft.so:libobjectcapture_jni.arcsoft.so:libobjectcapture_jni.arcsoft.so:libobjectcapture.arcsoft.so:libFacialAttributeDetection.arcsoft.so:libBeauty_v4.camera.samsung.so:libexifa.camera.samsung.so:libjpega.camera.samsung.so:libOpenCv.camera.samsung.so:libVideoClassifier.camera.samsung.so:libtensorflowLite.dynamic_viewing.camera.samsung.so:libImageScreener.camera.samsung.so:libMyFilter.camera.samsung.so:libtflite2.myfilters.camera.samsung.so:libHIDTSnapJNI.camera.samsung.so:libSmartScan.camera.samsung.so:libRectify.camera.samsung.so:libDocRectifyWrapper.camera.samsung.so:libUltraWideDistortionCorrection.camera.
04-06 02:32:18.063 21367 21367 D ApplicationLoaders: Returning zygote-cached class loader: /system/framework/android.test.base.jar
04-06 02:32:18.064 21367 21367 W om.evolucao.app: ClassLoaderContext shared library size mismatch. Expected=0, found=2 (PCL[] | PCL[]{PCL[/system/framework/android.test.base.jar*1628045882]#PCL[/system/framework/android.test.mock.jar*2695051129]})
04-06 02:32:18.065 21367 21367 D nativeloader: Configuring classloader-namespace for other apk /system/framework/android.test.runner.jar. target_sdk_version=36, uses_libraries=ALL, library_path=/data/app/~~9fLZS39J4aNmOw6BKFkCNg==/com.evolucao.app.test-NQbY3CRsy9DuZ4bR2XRwzA==/lib/arm64:/data/app/~~BrugTgLnTK5DUY2ognn_Qg==/com.evolucao.app-mZeHvvkPkl8jMo_9x60c1A==/lib/arm64, permitted_path=/data:/mnt/expand
04-06 02:32:18.065 21367 21367 D nativeloader: Extending system_exposed_libraries: libhumantracking.arcsoft.so:libPortraitDistortionCorrection.arcsoft.so:libPortraitDistortionCorrectionCali.arcsoft.so:libface_landmark.arcsoft.so:libFacialStickerEngine.arcsoft.so:libveengine.arcsoft.so:lib_pet_detection.arcsoft.so:libhigh_res.arcsoft.so:libimage_enhancement.arcsoft.so:liblow_light_hdr.arcsoft.so:libhigh_dynamic_range.arcsoft.so:libsuperresolution.arcsoft.so:libobjectcapture_jni.arcsoft.so:libobjectcapture_jni.arcsoft.so:libobjectcapture.arcsoft.so:libFacialAttributeDetection.arcsoft.so:libBeauty_v4.camera.samsung.so:libexifa.camera.samsung.so:libjpega.camera.samsung.so:libOpenCv.camera.samsung.so:libVideoClassifier.camera.samsung.so:libtensorflowLite.dynamic_viewing.camera.samsung.so:libImageScreener.camera.samsung.so:libMyFilter.camera.samsung.so:libtflite2.myfilters.camera.samsung.so:libHIDTSnapJNI.camera.samsung.so:libSmartScan.camera.samsung.so:libRectify.camera.samsung.so:libDocRectifyWrapper.camera.samsung.so:libUltraWideDistortionCorrection.camera.
04-06 02:32:18.068 21367 21367 W om.evolucao.app: ClassLoaderContext shared library size mismatch. Expected=0, found=3 (PCL[] | PCL[]{PCL[/system/framework/android.test.base.jar*1628045882]#PCL[/system/framework/android.test.mock.jar*2695051129]#PCL[/system/framework/android.test.runner.jar*2256426886]{PCL[/system/framework/android.test.base.jar*1628045882]#PCL[/system/framework/android.test.mock.jar*2695051129]}};PCL[/system/framework/android.test.runner.jar*2256426886:/system/framework/android.test.mock.jar*2695051129:/system/framework/android.test.base.jar*1628045882:/data/app/~~9fLZS39J4aNmOw6BKFkCNg==/com.evolucao.app.test-NQbY3CRsy9DuZ4bR2XRwzA==/base.apk*2272993428:/data/app/~~9fLZS39J4aNmOw6BKFkCNg==/com.evolucao.app.test-NQbY3CRsy9DuZ4bR2XRwzA==/base.apk!classes2.dex*714357168:/data/app/~~9fLZS39J4aNmOw6BKFkCNg==/com.evolucao.app.test-NQbY3CRsy9DuZ4bR2XRwzA==/base.apk!classes3.dex*1380987315:/data/app/~~9fLZS39J4aNmOw6BKFkCNg==/com.evolucao.app.test-NQbY3CRsy9DuZ4bR2XRwzA==/base.apk!classes4.dex*3771904477:/data/app/~~9fLZS39J4aNmOw6BKFkCNg==/com.evolucao.app.test-NQbY3CRsy9DuZ4bR2XRwzA==/base.apk!classes5.dex*2127157885:/data/app/~~9fLZS39J4aNmOw6BKFkCNg==/com.evolucao.app.test-NQbY3CRsy9DuZ4bR2XRwzA==/base.apk!classes6.dex*971414087:/data/app/~~9fLZS39J4aNmOw6BKFkCNg==/com.evolucao.app.test-NQbY3CRsy9DuZ4bR2XRwzA==/base.apk!classes7.dex*742752503:/data/app/~~9fLZS39J4aNmOw6BKFkCNg==/com.evolucao.app.test-NQbY3CRsy9DuZ4bR2XRwzA==/base.apk!classes8.dex*388434936:/data/app/~~9fLZS39J4aNmOw6BKFkCNg==/com.evolucao.app.test-NQbY3CRsy9DuZ4bR2XRwzA==/base.apk!classes9.dex*209335023:/data/app/~~9fLZS39J4aNmOw6BKFkCNg==/com.evolucao.app.test-NQbY3CRsy9DuZ4bR2XRwzA==/base.apk!classes10.dex*2871199926:/data/app/~~9fLZS39J4aNmOw6BKFkCNg==/com.evolucao.app.test-NQbY3CRsy9DuZ4bR2XRwzA==/base.apk!classes11.dex*3957027005:/data/app/~~9fLZS39J4aNmOw6BKFkCNg==/com.evolucao.app.test-NQbY3CRsy9DuZ4bR2XRwzA==/base.apk!classes12.dex*914099516:/data/app/~~9fLZS39J4aNmOw6BKFkCNg==/com.evolucao.app.test-NQbY3CRsy9DuZ4bR2XRwzA==/base.apk!classes13.dex*4108993750:/data/app/~~9fLZS39J4aNmOw6BKFkCNg==/com.evolucao.app.test-NQbY3CRsy9DuZ4bR2XRwzA==/base.apk!classes14.dex*1632137592:/data/app/~~9fLZS39J4aNmOw6BKFkCNg==/com.evolucao.app.test-NQbY3CRsy9DuZ4bR2XRwzA==/base.apk!classes15.dex*1757943310:/data/app/~~9fLZS39J4aNmOw6BKFkCNg==/com.evolucao.app.test-NQbY3CRsy9DuZ4bR2XRwzA==/base.apk!classes16.dex*931013159:/data/app/~~9fLZS39J4aNmOw6BKFkCNg==/com.evolucao.app.test-NQbY3CRsy9DuZ4bR2XRwzA==/base.apk!classes17.dex*2782462504:/data/app/~~9fLZS39J4aNmOw6BKFkCNg==/com.evolucao.app.test-NQbY3CRsy9DuZ4bR2XRwzA==/base.apk!classes18.dex*3468966139:/data/app/~~9fLZS39J4aNmOw6BKFkCNg==/com.evolucao.app.test-NQbY3CRsy9DuZ4bR2XRwzA==/base.apk!classes19.dex*2267436335:/data/app/~~BrugTgLnTK5DUY2ognn_Qg==/com.evolucao.app-mZeHvvkPkl8jMo_9x60c1A==/base.apk*198750528:/data/app/~~BrugTgLnTK5DUY2ognn_Qg==/com.evolucao.app-mZeHvvkPkl8jMo_9x60c1A==/base.apk!classes2.dex*1675103030:/data/app/~~BrugTgLnTK5DUY2ognn_Qg==/com.evolucao.app-mZeHvvkPkl8jMo_9x60c1A==/base.apk!classes3.dex*1788775668:/data/app/~~BrugTgLnTK5DUY2ognn_Qg==/com.evolucao.app-mZeHvvkPkl8jMo_9x60c1A==/base.apk!classes4.dex*2572157285:/data/app/~~BrugTgLnTK5DUY2ognn_Qg==/com.evolucao.app-mZeHvvkPkl8jMo_9x60c1A==/base.apk!classes5.dex*3994030385:/data/app/~~BrugTgLnTK5DUY2ognn_Qg==/com.evolucao.app-mZeHvvkPkl8jMo_9x60c1A==/base.apk!classes6.dex*1028875939:/data/app/~~BrugTgLnTK5DUY2ognn_Qg==/com.evolucao.app-mZeHvvkPkl8jMo_9x60c1A==/base.apk!classes7.dex*2113616002:/data/app/~~BrugTgLnTK5DUY2ognn_Qg==/com.evolucao.app-mZeHvvkPkl8jMo_9x60c1A==/base.apk!classes8.dex*3287389796:/data/app/~~BrugTgLnTK5DUY2ognn_Qg==/com.evolucao.app-mZeHvvkPkl8jMo_9x60c1A==/base.apk!classes9.dex*2030025819:/data/app/~~BrugTgLnTK5DUY2ognn_Qg==/com.evolucao.app-mZeHvvkPkl8jMo_9x60c1A==/base.apk!classes10.dex*1917680387:/data/app/~~BrugTgLnTK5DUY2ognn_Qg==/com.evolucao.app-mZeHvvkPkl8jMo_9x60c1A==/base.apk!classes11.dex*152968521:/data/app/~~BrugTgLnTK5DUY2ognn_Qg==/com.evolucao.app-mZeHvvkPkl8jMo_9x60c1A==/base.apk!cla
04-06 02:32:18.069 21367 21367 W om.evolucao.app: ClassLoaderContext classpath size mismatch. expected=0, found=1 (PCL[] | PCL[/system/framework/android.test.runner.jar*2256426886]{PCL[/system/framework/android.test.base.jar*1628045882]#PCL[/system/framework/android.test.mock.jar*2695051129]#PCL[/system/framework/android.test.runner.jar*2256426886]{PCL[/system/framework/android.test.base.jar*1628045882]#PCL[/system/framework/android.test.mock.jar*2695051129]}};PCL[/system/framework/android.test.runner.jar*2256426886:/system/framework/android.test.mock.jar*2695051129:/system/framework/android.test.base.jar*1628045882:/data/app/~~9fLZS39J4aNmOw6BKFkCNg==/com.evolucao.app.test-NQbY3CRsy9DuZ4bR2XRwzA==/base.apk*2272993428:/data/app/~~9fLZS39J4aNmOw6BKFkCNg==/com.evolucao.app.test-NQbY3CRsy9DuZ4bR2XRwzA==/base.apk!classes2.dex*714357168:/data/app/~~9fLZS39J4aNmOw6BKFkCNg==/com.evolucao.app.test-NQbY3CRsy9DuZ4bR2XRwzA==/base.apk!classes3.dex*1380987315:/data/app/~~9fLZS39J4aNmOw6BKFkCNg==/com.evolucao.app.test-NQbY3CRsy9DuZ4bR2XRwzA==/base.apk!classes4.dex*3771904477:/data/app/~~9fLZS39J4aNmOw6BKFkCNg==/com.evolucao.app.test-NQbY3CRsy9DuZ4bR2XRwzA==/base.apk!classes5.dex*2127157885:/data/app/~~9fLZS39J4aNmOw6BKFkCNg==/com.evolucao.app.test-NQbY3CRsy9DuZ4bR2XRwzA==/base.apk!classes6.dex*971414087:/data/app/~~9fLZS39J4aNmOw6BKFkCNg==/com.evolucao.app.test-NQbY3CRsy9DuZ4bR2XRwzA==/base.apk!classes7.dex*742752503:/data/app/~~9fLZS39J4aNmOw6BKFkCNg==/com.evolucao.app.test-NQbY3CRsy9DuZ4bR2XRwzA==/base.apk!classes8.dex*388434936:/data/app/~~9fLZS39J4aNmOw6BKFkCNg==/com.evolucao.app.test-NQbY3CRsy9DuZ4bR2XRwzA==/base.apk!classes9.dex*209335023:/data/app/~~9fLZS39J4aNmOw6BKFkCNg==/com.evolucao.app.test-NQbY3CRsy9DuZ4bR2XRwzA==/base.apk!classes10.dex*2871199926:/data/app/~~9fLZS39J4aNmOw6BKFkCNg==/com.evolucao.app.test-NQbY3CRsy9DuZ4bR2XRwzA==/base.apk!classes11.dex*3957027005:/data/app/~~9fLZS39J4aNmOw6BKFkCNg==/com.evolucao.app.test-NQbY3CRsy9DuZ4bR2XRwzA==/base.apk!classes12.dex*914099516:/data/app/~~9fLZS39J4aNmOw6BKFkCNg==/com.evolucao.app.test-NQbY3CRsy9DuZ4bR2XRwzA==/base.apk!classes13.dex*4108993750:/data/app/~~9fLZS39J4aNmOw6BKFkCNg==/com.evolucao.app.test-NQbY3CRsy9DuZ4bR2XRwzA==/base.apk!classes14.dex*1632137592:/data/app/~~9fLZS39J4aNmOw6BKFkCNg==/com.evolucao.app.test-NQbY3CRsy9DuZ4bR2XRwzA==/base.apk!classes15.dex*1757943310:/data/app/~~9fLZS39J4aNmOw6BKFkCNg==/com.evolucao.app.test-NQbY3CRsy9DuZ4bR2XRwzA==/base.apk!classes16.dex*931013159:/data/app/~~9fLZS39J4aNmOw6BKFkCNg==/com.evolucao.app.test-NQbY3CRsy9DuZ4bR2XRwzA==/base.apk!classes17.dex*2782462504:/data/app/~~9fLZS39J4aNmOw6BKFkCNg==/com.evolucao.app.test-NQbY3CRsy9DuZ4bR2XRwzA==/base.apk!classes18.dex*3468966139:/data/app/~~9fLZS39J4aNmOw6BKFkCNg==/com.evolucao.app.test-NQbY3CRsy9DuZ4bR2XRwzA==/base.apk!classes19.dex*2267436335:/data/app/~~BrugTgLnTK5DUY2ognn_Qg==/com.evolucao.app-mZeHvvkPkl8jMo_9x60c1A==/base.apk*198750528:/data/app/~~BrugTgLnTK5DUY2ognn_Qg==/com.evolucao.app-mZeHvvkPkl8jMo_9x60c1A==/base.apk!classes2.dex*1675103030:/data/app/~~BrugTgLnTK5DUY2ognn_Qg==/com.evolucao.app-mZeHvvkPkl8jMo_9x60c1A==/base.apk!classes3.dex*1788775668:/data/app/~~BrugTgLnTK5DUY2ognn_Qg==/com.evolucao.app-mZeHvvkPkl8jMo_9x60c1A==/base.apk!classes4.dex*2572157285:/data/app/~~BrugTgLnTK5DUY2ognn_Qg==/com.evolucao.app-mZeHvvkPkl8jMo_9x60c1A==/base.apk!classes5.dex*3994030385:/data/app/~~BrugTgLnTK5DUY2ognn_Qg==/com.evolucao.app-mZeHvvkPkl8jMo_9x60c1A==/base.apk!classes6.dex*1028875939:/data/app/~~BrugTgLnTK5DUY2ognn_Qg==/com.evolucao.app-mZeHvvkPkl8jMo_9x60c1A==/base.apk!classes7.dex*2113616002:/data/app/~~BrugTgLnTK5DUY2ognn_Qg==/com.evolucao.app-mZeHvvkPkl8jMo_9x60c1A==/base.apk!classes8.dex*3287389796:/data/app/~~BrugTgLnTK5DUY2ognn_Qg==/com.evolucao.app-mZeHvvkPkl8jMo_9x60c1A==/base.apk!classes9.dex*2030025819:/data/app/~~BrugTgLnTK5DUY2ognn_Qg==/com.evolucao.app-mZeHvvkPkl8jMo_9x60c1A==/base.apk!classes10.dex*1917680387:/data/app/~~BrugTgLnTK5DUY2ognn_Qg==/com.evolucao.app-mZeHvvkPkl8jMo_9x60c1A==/base.apk!classes11.dex*152968521:/data/app/~~BrugTgLnTK5DUY2ognn_Qg==/com.evo
04-06 02:32:18.071 21367 21367 W om.evolucao.app: ClassLoaderContext classpath size mismatch. expected=0, found=2 (PCL[] | PCL[/system/framework/android.test.runner.jar*2256426886:/system/framework/android.test.mock.jar*2695051129]{PCL[/system/framework/android.test.base.jar*1628045882]#PCL[/system/framework/android.test.mock.jar*2695051129]#PCL[/system/framework/android.test.runner.jar*2256426886]{PCL[/system/framework/android.test.base.jar*1628045882]#PCL[/system/framework/android.test.mock.jar*2695051129]}};PCL[/system/framework/android.test.runner.jar*2256426886:/system/framework/android.test.mock.jar*2695051129:/system/framework/android.test.base.jar*1628045882:/data/app/~~9fLZS39J4aNmOw6BKFkCNg==/com.evolucao.app.test-NQbY3CRsy9DuZ4bR2XRwzA==/base.apk*2272993428:/data/app/~~9fLZS39J4aNmOw6BKFkCNg==/com.evolucao.app.test-NQbY3CRsy9DuZ4bR2XRwzA==/base.apk!classes2.dex*714357168:/data/app/~~9fLZS39J4aNmOw6BKFkCNg==/com.evolucao.app.test-NQbY3CRsy9DuZ4bR2XRwzA==/base.apk!classes3.dex*1380987315:/data/app/~~9fLZS39J4aNmOw6BKFkCNg==/com.evolucao.app.test-NQbY3CRsy9DuZ4bR2XRwzA==/base.apk!classes4.dex*3771904477:/data/app/~~9fLZS39J4aNmOw6BKFkCNg==/com.evolucao.app.test-NQbY3CRsy9DuZ4bR2XRwzA==/base.apk!classes5.dex*2127157885:/data/app/~~9fLZS39J4aNmOw6BKFkCNg==/com.evolucao.app.test-NQbY3CRsy9DuZ4bR2XRwzA==/base.apk!classes6.dex*971414087:/data/app/~~9fLZS39J4aNmOw6BKFkCNg==/com.evolucao.app.test-NQbY3CRsy9DuZ4bR2XRwzA==/base.apk!classes7.dex*742752503:/data/app/~~9fLZS39J4aNmOw6BKFkCNg==/com.evolucao.app.test-NQbY3CRsy9DuZ4bR2XRwzA==/base.apk!classes8.dex*388434936:/data/app/~~9fLZS39J4aNmOw6BKFkCNg==/com.evolucao.app.test-NQbY3CRsy9DuZ4bR2XRwzA==/base.apk!classes9.dex*209335023:/data/app/~~9fLZS39J4aNmOw6BKFkCNg==/com.evolucao.app.test-NQbY3CRsy9DuZ4bR2XRwzA==/base.apk!classes10.dex*2871199926:/data/app/~~9fLZS39J4aNmOw6BKFkCNg==/com.evolucao.app.test-NQbY3CRsy9DuZ4bR2XRwzA==/base.apk!classes11.dex*3957027005:/data/app/~~9fLZS39J4aNmOw6BKFkCNg==/com.evolucao.app.test-NQbY3CRsy9DuZ4bR2XRwzA==/base.apk!classes12.dex*914099516:/data/app/~~9fLZS39J4aNmOw6BKFkCNg==/com.evolucao.app.test-NQbY3CRsy9DuZ4bR2XRwzA==/base.apk!classes13.dex*4108993750:/data/app/~~9fLZS39J4aNmOw6BKFkCNg==/com.evolucao.app.test-NQbY3CRsy9DuZ4bR2XRwzA==/base.apk!classes14.dex*1632137592:/data/app/~~9fLZS39J4aNmOw6BKFkCNg==/com.evolucao.app.test-NQbY3CRsy9DuZ4bR2XRwzA==/base.apk!classes15.dex*1757943310:/data/app/~~9fLZS39J4aNmOw6BKFkCNg==/com.evolucao.app.test-NQbY3CRsy9DuZ4bR2XRwzA==/base.apk!classes16.dex*931013159:/data/app/~~9fLZS39J4aNmOw6BKFkCNg==/com.evolucao.app.test-NQbY3CRsy9DuZ4bR2XRwzA==/base.apk!classes17.dex*2782462504:/data/app/~~9fLZS39J4aNmOw6BKFkCNg==/com.evolucao.app.test-NQbY3CRsy9DuZ4bR2XRwzA==/base.apk!classes18.dex*3468966139:/data/app/~~9fLZS39J4aNmOw6BKFkCNg==/com.evolucao.app.test-NQbY3CRsy9DuZ4bR2XRwzA==/base.apk!classes19.dex*2267436335:/data/app/~~BrugTgLnTK5DUY2ognn_Qg==/com.evolucao.app-mZeHvvkPkl8jMo_9x60c1A==/base.apk*198750528:/data/app/~~BrugTgLnTK5DUY2ognn_Qg==/com.evolucao.app-mZeHvvkPkl8jMo_9x60c1A==/base.apk!classes2.dex*1675103030:/data/app/~~BrugTgLnTK5DUY2ognn_Qg==/com.evolucao.app-mZeHvvkPkl8jMo_9x60c1A==/base.apk!classes3.dex*1788775668:/data/app/~~BrugTgLnTK5DUY2ognn_Qg==/com.evolucao.app-mZeHvvkPkl8jMo_9x60c1A==/base.apk!classes4.dex*2572157285:/data/app/~~BrugTgLnTK5DUY2ognn_Qg==/com.evolucao.app-mZeHvvkPkl8jMo_9x60c1A==/base.apk!classes5.dex*3994030385:/data/app/~~BrugTgLnTK5DUY2ognn_Qg==/com.evolucao.app-mZeHvvkPkl8jMo_9x60c1A==/base.apk!classes6.dex*1028875939:/data/app/~~BrugTgLnTK5DUY2ognn_Qg==/com.evolucao.app-mZeHvvkPkl8jMo_9x60c1A==/base.apk!classes7.dex*2113616002:/data/app/~~BrugTgLnTK5DUY2ognn_Qg==/com.evolucao.app-mZeHvvkPkl8jMo_9x60c1A==/base.apk!classes8.dex*3287389796:/data/app/~~BrugTgLnTK5DUY2ognn_Qg==/com.evolucao.app-mZeHvvkPkl8jMo_9x60c1A==/base.apk!classes9.dex*2030025819:/data/app/~~BrugTgLnTK5DUY2ognn_Qg==/com.evolucao.app-mZeHvvkPkl8jMo_9x60c1A==/base.apk!classes10.dex*1917680387:/data/app/~~BrugTgLnTK5DUY2ognn_Qg==/com.evolucao.app-mZeHvvkPkl8jMo_9x60c1A==/base.apk!classes11.dex*152
04-06 02:32:18.072 21367 21367 W ziparchive: Unable to open '/data/app/~~9fLZS39J4aNmOw6BKFkCNg==/com.evolucao.app.test-NQbY3CRsy9DuZ4bR2XRwzA==/base.dm': No such file or directory
04-06 02:32:18.072 21367 21367 W ziparchive: Unable to open '/data/app/~~9fLZS39J4aNmOw6BKFkCNg==/com.evolucao.app.test-NQbY3CRsy9DuZ4bR2XRwzA==/base.dm': No such file or directory
04-06 02:32:18.154 21367 21367 W ziparchive: Unable to open '/data/app/~~BrugTgLnTK5DUY2ognn_Qg==/com.evolucao.app-mZeHvvkPkl8jMo_9x60c1A==/base.dm': No such file or directory
04-06 02:32:18.154 21367 21367 W ziparchive: Unable to open '/data/app/~~BrugTgLnTK5DUY2ognn_Qg==/com.evolucao.app-mZeHvvkPkl8jMo_9x60c1A==/base.dm': No such file or directory
04-06 02:32:18.480 21367 21367 D NetworkSecurityConfig: No Network Security Config specified, using platform default
04-06 02:32:18.491 21367 21367 D NetworkSecurityConfig: No Network Security Config specified, using platform default
04-06 02:32:18.491 21367 21367 I AndroidJUnitRunner: newApplication com.evolucao.app.MainApplication
04-06 02:32:18.501 21367 21367 W FirebaseApp: Default FirebaseApp failed to initialize because no default options were found. This usually means that com.google.gms:google-services was not applied to your gradle project.
04-06 02:32:18.501 21367 21367 I FirebaseInitProvider: FirebaseApp initialization unsuccessful
04-06 02:32:18.531 21367 21367 I AndroidJUnitRunner: onCreate Bundle[mParcelledData.dataSize=240]
04-06 02:32:18.532 21367 21367 D AndroidJUnitRunner: Use the raw file system for managing file I/O.
04-06 02:32:18.539 21367 21367 V TestEventClient: No service name argument was given (testDiscoveryService, testRunEventService or orchestratorService)
04-06 02:32:18.540 21367 21445 D AndroidJUnitRunner: onStart is called.
04-06 02:32:18.545 21367 21367 W SoLoader: Initializing SoLoader: 0
04-06 02:32:18.546 21367 21367 W SoLoader: Recording new base apk path: /data/app/~~BrugTgLnTK5DUY2ognn_Qg==/com.evolucao.app-mZeHvvkPkl8jMo_9x60c1A==/base.apk
04-06 02:32:18.546 21367 21367 W SoLoader: Previously recorded 0 base apk paths.
04-06 02:32:18.548 21367 21367 I SoLoader: Preparing SO source: DirectorySoSource[root = /vendor/lib64 flags = 2]
04-06 02:32:18.548 21367 21367 I SoLoader: Preparing SO source: DirectorySoSource[root = /system/lib64 flags = 2]
04-06 02:32:18.549 21367 21367 I SoLoader: Preparing SO source: DirectApkSoSource[root = [/data/app/~~BrugTgLnTK5DUY2ognn_Qg==/com.evolucao.app-mZeHvvkPkl8jMo_9x60c1A==/base.apk!/lib/arm64-v8a]]
04-06 02:32:18.568 21367 21367 I SoLoader: Preparing SO source: ApplicationSoSource[DirectorySoSource[root = /data/app/~~BrugTgLnTK5DUY2ognn_Qg==/com.evolucao.app-mZeHvvkPkl8jMo_9x60c1A==/lib/arm64 flags = 0]]
04-06 02:32:18.568 21367 21367 I SoLoader: init finish: 4 SO sources prepared
04-06 02:32:18.568 21367 21367 W SoLoader: SoLoader initialized: 8
04-06 02:32:18.591 21367 21367 D jni_lib_merge: Entering merged library JNI_OnLoad.
04-06 02:32:18.591 21367 21367 D jni_lib_merge: Preparing 12 pre-merged libs (including stub)
04-06 02:32:18.591 21367 21367 D jni_lib_merge: Preparing to register libfabricjni_so.  onload_func: 0x703d1ecf38
04-06 02:32:18.591 21367 21367 D jni_lib_merge: Preparing to register libreact_devsupportjni_so.  onload_func: 0x703d3f581c
04-06 02:32:18.591 21367 21367 D jni_lib_merge: Preparing to register libreact_featureflagsjni_so.  onload_func: 0x703d407b7c
04-06 02:32:18.591 21367 21367 D jni_lib_merge: Preparing to register libreact_newarchdefaults_so.  onload_func: 0x703d4acf24
04-06 02:32:18.591 21367 21367 D jni_lib_merge: Preparing to register libreactnativeblob_so.  onload_func: 0x703d6bf088
04-06 02:32:18.591 21367 21367 D jni_lib_merge: Preparing to register libreactnativejni_so.  onload_func: 0x703d701ffc
04-06 02:32:18.591 21367 21367 D jni_lib_merge: Preparing to register libreactnativejni_common_so.  onload_func: 0x703d7129f0
04-06 02:32:18.591 21367 21367 D jni_lib_merge: Preparing to register librninstance_so.  onload_func: 0x703d75162c
04-06 02:32:18.591 21367 21367 D jni_lib_merge: Preparing to register libturbomodulejsijni_so.  onload_func: 0x703d8ae734
04-06 02:32:18.591 21367 21367 D jni_lib_merge: Preparing to register libuimanagerjni_so.  onload_func: 0x703d8c76e8
04-06 02:32:18.591 21367 21367 D jni_lib_merge: Preparing to register libyoga_so.  onload_func: 0x703d8d716c
04-06 02:32:18.591 21367 21367 D jni_lib_merge: About to register 11 actual methods.
04-06 02:32:18.598 21367 21367 D jni_lib_merge: Entering merged library JNI_OnLoad.
04-06 02:32:18.598 21367 21367 D jni_lib_merge: Preparing 12 pre-merged libs (including stub)
04-06 02:32:18.598 21367 21367 D jni_lib_merge: Preparing to register libfabricjni_so.  onload_func: 0x703d1ecf38
04-06 02:32:18.598 21367 21367 D jni_lib_merge: Preparing to register libreact_devsupportjni_so.  onload_func: 0x703d3f581c
04-06 02:32:18.598 21367 21367 D jni_lib_merge: Preparing to register libreact_featureflagsjni_so.  onload_func: 0x703d407b7c
04-06 02:32:18.598 21367 21367 D jni_lib_merge: Preparing to register libreact_newarchdefaults_so.  onload_func: 0x703d4acf24
04-06 02:32:18.598 21367 21367 D jni_lib_merge: Preparing to register libreactnativeblob_so.  onload_func: 0x703d6bf088
04-06 02:32:18.598 21367 21367 D jni_lib_merge: Preparing to register libreactnativejni_so.  onload_func: 0x703d701ffc
04-06 02:32:18.598 21367 21367 D jni_lib_merge: Preparing to register libreactnativejni_common_so.  onload_func: 0x703d7129f0
04-06 02:32:18.598 21367 21367 D jni_lib_merge: Preparing to register librninstance_so.  onload_func: 0x703d75162c
04-06 02:32:18.598 21367 21367 D jni_lib_merge: Preparing to register libturbomodulejsijni_so.  onload_func: 0x703d8ae734
04-06 02:32:18.598 21367 21367 D jni_lib_merge: Preparing to register libuimanagerjni_so.  onload_func: 0x703d8c76e8
04-06 02:32:18.598 21367 21367 D jni_lib_merge: Preparing to register libyoga_so.  onload_func: 0x703d8d716c
04-06 02:32:18.598 21367 21367 D jni_lib_merge: About to register 11 actual methods.
04-06 02:32:18.706 21367 21445 D TestRequestBuilder: Using class path scanning to discover tests
04-06 02:32:18.707 21367 21445 I TestRequestBuilder: Scanning classpath to find tests in paths [/data/app/~~9fLZS39J4aNmOw6BKFkCNg==/com.evolucao.app.test-NQbY3CRsy9DuZ4bR2XRwzA==/base.apk]
04-06 02:32:18.709 21367 21445 W om.evolucao.app: Opening an oat file without a class loader. Are you using the deprecated DexFile APIs?
04-06 02:32:19.155 21367 21445 I TestRunner: run started: 1 tests
04-06 02:32:19.156 21367 21445 I TestRunner: started: runDetoxTests(com.evolucao.app.DetoxTest)
04-06 02:32:19.163 21367 21445 I Detox   : Detox server connection details: url=ws://localhost:58827, sessionId=fe3b4b21-3236-74e7-e9c3-bb12f43228b0
04-06 02:32:19.173 21367 21445 I Tracing : Tracer added: class androidx.test.platform.tracing.AndroidXTracer
04-06 02:32:19.188 21367 21445 W om.evolucao.app: Accessing hidden field Ljava/lang/reflect/Field;->accessFlags:I (unsupported, reflection, allowed)
04-06 02:32:19.190 21367 21445 I Detox   : Connecting to server...
04-06 02:32:19.190 21367 21445 I DetoxWSClient: At connectToServer
04-06 02:32:19.302 21367 21451 D TrafficStats: tagSocket(95) with statsTag=0xffffffff, statsUid=-1
04-06 02:32:19.323 21367 21451 D DetoxWSClient: At onOpen
04-06 02:32:19.323 21367 21451 I DetoxWSClient: Sending out action 'login' (ID #0)
04-06 02:32:19.324 21367 21451 I Detox   : Connected to server!
04-06 02:32:19.328 21367 21451 D DetoxWSClient: Received action 'loginSuccess' (ID #0, params={"testerConnected":true,"appConnected":true})
04-06 02:32:19.328 21367 21447 I DetoxDispatcher: Handling action 'loginSuccess' (ID #0)...
04-06 02:32:19.329 21367 21447 I DetoxDispatcher: Done with action 'loginSuccess'
04-06 02:32:19.329 21367 21445 I Detox   : Launching the tested activity!
04-06 02:32:19.369 21367 21451 D DetoxWSClient: Received action 'isReady' (ID #-1000, params={})
04-06 02:32:19.369 21367 21447 I DetoxDispatcher: Handling action 'isReady' (ID #-1000)...
04-06 02:32:19.375 21367 21470 D OpenGLRenderer: RenderThread::requireGlContext()
04-06 02:32:19.376 21367 21470 I AdrenoGLES-0: QUALCOMM build                   : db7e7066a2, I1fad33e957
04-06 02:32:19.376 21367 21470 I AdrenoGLES-0: Build Date                       : 05/11/25
04-06 02:32:19.376 21367 21470 I AdrenoGLES-0: OpenGL ES Shader Compiler Version: EV031.32.02.10
04-06 02:32:19.376 21367 21470 I AdrenoGLES-0: Local Branch                     : 
04-06 02:32:19.376 21367 21470 I AdrenoGLES-0: Remote Branch                    : refs/tags/AU_LINUX_ANDROID_LA.UM.9.12.11.00.00.582.697
04-06 02:32:19.376 21367 21470 I AdrenoGLES-0: Remote Branch                    : NONE
04-06 02:32:19.376 21367 21470 I AdrenoGLES-0: Reconstruct Branch               : NOTHING
04-06 02:32:19.376 21367 21470 I AdrenoGLES-0: Build Config                     : S P 10.0.7 AArch64
04-06 02:32:19.376 21367 21470 I AdrenoGLES-0: Driver Path                      : /vendor/lib64/egl/libGLESv2_adreno.so
04-06 02:32:19.380 21367 21470 I AdrenoGLES-0: PFP: 0x016dd093, ME: 0x00000000
04-06 02:32:19.386 21367 21470 D OpenGLRenderer: RenderThread::setGrContext()
04-06 02:32:19.438 21367 21367 D AppCompatDelegate: Checking for metadata for AppLocalesMetadataHolderService : Service not found
04-06 02:32:19.457 21367 21367 D LifecycleMonitor: Lifecycle status change: com.evolucao.app.MainActivity@36d1a3a in: PRE_ON_CREATE
04-06 02:32:19.521 21367 21367 D SensorManager: registerListener :: 11, LSM6DSO Accelerometer, 66667, 0, 
04-06 02:32:19.547 21367 21367 W unknown:BridgelessReact: ReactHost{0}.startSurface(surfaceId = 0): Schedule
04-06 02:32:19.547 21367 21367 W unknown:BridgelessReact: ReactHost{0}.attachSurface(surfaceId = 0)
04-06 02:32:19.548 21367 21489 W unknown:BridgelessReact: ReactHost{0}.getOrCreateReactInstanceTask()
04-06 02:32:19.548 21367 21489 W unknown:BridgelessReact: ReactHost{0}.getOrCreateReactInstanceTask(): Start
04-06 02:32:19.548 21367 21489 D Detox.RNMarker: REACT_BRIDGELESS_LOADING_START (null)
04-06 02:32:19.548 21367 21489 W unknown:BridgelessReact: ReactHost{0}.getJSBundleLoader()
04-06 02:32:19.548 21367 21489 W unknown:BridgelessReact: ReactHost{0}.isMetroRunning()
04-06 02:32:19.550 21367 21490 D TrafficStats: tagSocket(107) with statsTag=0xffffffff, statsUid=-1
04-06 02:32:19.551 21367 21367 I DecorView: [INFO] isPopOver=false config=true
04-06 02:32:19.551 21367 21367 I DecorView: updateCaptionType: isFloating=false isApplication=true hasWindowDecorCaption=false this=DecorView@51ee5f2[]
04-06 02:32:19.551 21367 21367 D DecorView: setCaptionType = 0, this = DecorView@51ee5f2[]
04-06 02:32:19.551 21367 21491 D TrafficStats: tagSocket(109) with statsTag=0xffffffff, statsUid=-1
04-06 02:32:19.555 21367 21367 I DecorView: getCurrentDensityDpi: from real metrics. densityDpi=480 msg=resources_loaded
04-06 02:32:19.555 21367 21367 I DecorView: setWindowBackground: isPopOver=false color=ff303030 d=android.graphics.drawable.ColorDrawable@de473f9
04-06 02:32:19.559 21367 21367 W om.evolucao.app: Accessing hidden method Landroid/view/ViewGroup;->makeOptionalFitsSystemWindows()V (unsupported, reflection, allowed)
04-06 02:32:19.563 21367 21367 D LifecycleMonitor: Lifecycle status change: com.evolucao.app.MainActivity@36d1a3a in: CREATED
04-06 02:32:19.564 21367 21367 D LifecycleMonitor: Lifecycle status change: com.evolucao.app.MainActivity@36d1a3a in: STARTED
04-06 02:32:19.565 21367 21367 W unknown:BridgelessReact: ReactHost{0}.onHostResume(activity)
04-06 02:32:19.565 21367 21367 W unknown:ReactNative: Packager connection already open, nooping.
04-06 02:32:19.565 21367 21367 D LifecycleMonitor: Lifecycle status change: com.evolucao.app.MainActivity@36d1a3a in: RESUMED
04-06 02:32:19.566 21367 21367 I MSHandlerLifeCycle: check: return. pkg=com.evolucao.app parent=null callers=com.android.internal.policy.DecorView.setVisibility:4412 android.app.ActivityThread.handleResumeActivity:5476 android.app.servertransaction.ResumeActivityItem.execute:54 android.app.servertransaction.ActivityTransactionItem.execute:45 android.app.servertransaction.TransactionExecutor.executeLifecycleState:176 
04-06 02:32:19.566 21367 21367 I MSHandlerLifeCycle: removeMultiSplitHandler: no exist. decor=DecorView@51ee5f2[]
04-06 02:32:19.570 21367 21470 D NativeCustomFrequencyManager: [NativeCFMS] BpCustomFrequencyManager::BpCustomFrequencyManager()
04-06 02:32:19.572 21367 21367 I DecorView: notifyKeepScreenOnChanged: keepScreenOn=false
04-06 02:32:19.574 21367 21367 D InsetsController: onStateChanged: InsetsState: {mDisplayFrame=Rect(0, 0 - 1080, 2400), mDisplayCutout=DisplayCutout{insets=Rect(0, 88 - 0, 0) waterfall=Insets{left=0, top=0, right=0, bottom=0} boundingRect={Bounds=[Rect(0, 0 - 0, 0), Rect(512, 0 - 568, 88), Rect(0, 0 - 0, 0), Rect(0, 0 - 0, 0)]} cutoutPathParserInfo={CutoutPathParserInfo{displayWidth=1080 displayHeight=2400 physicalDisplayWidth=1080 physicalDisplayHeight=2400 density={3.0} cutoutSpec={M 0,0 M 0,10.71963616907435 a 9.280363830925644,9.280363830925644 0 1,0 0,18.56072766185129 a 9.280363830925644,9.280363830925644 0 1,0 0,-18.56072766185129 Z @dp} rotation={0} scale={1.0} physicalPixelDisplaySizeRatio={1.0}}}}, mRoundedCorners=RoundedCorners{[RoundedCorner{position=TopLeft, radius=96, center=Point(96, 96)}, RoundedCorner{position=TopRight, radius=96, center=Point(984, 96)}, RoundedCorner{position=BottomRight, radius=96, center=Point(984, 2304)}, RoundedCorner{position=BottomLeft, radius=96, center=Point(96, 2304)}]}  mRoundedCornerFrame=Rect(0, 0 - 1080, 2400), mPrivacyIndicatorBounds=PrivacyIndicatorBounds {static bounds=Rect(948, 0 - 1080, 88) rotation=0}, mSources= { InsetsSource: {mType=ITYPE_STATUS_BAR, mFrame=[0,0][1080,88], mVisible=false, mInsetsRoundedCornerFrame=false}, InsetsSource: {mType=ITYPE_NAVIGATION_BAR, mFrame=[0,2256][1080,2400], mVisible=true, mInsetsRoundedCornerFrame=false}, InsetsSource: {mType=ITYPE_LEFT_GESTURES, mFrame=[0,0][0,2400], mVisible=true, mInsetsRoundedCornerFrame=false}, InsetsSource: {mType=ITYPE_RIGHT_GESTURES, mFrame=[1080,0][1080,2400], mVisible=true, mInsetsRoundedCornerFrame=false}, InsetsSource: {mType=ITYPE_TOP_MANDATORY_GESTURES, mFrame=[0,0][1080,124], mVisible=true, mInsetsRoundedCornerFrame=false}, InsetsSource: {mType=ITYPE_BOTTOM_MANDATORY_GESTURES, mFrame=[0,2256][1080,2400], mVisible=true, mInsetsRoundedCornerFrame=false}, InsetsSource: {mType=ITYPE_LEFT_DISPLAY_CUTOUT, mFrame=[0,0][-100000,2400], mVisible=true, mInsetsRoundedCornerFrame=false}, InsetsSource: {mType=ITYPE_TOP_DISPLAY_CUTOUT, mFrame=[0,0][1080,88], mVisible=true, mInsetsRoundedCornerFrame=false}, InsetsSource: {mType=ITYPE_RIGHT_DISPLAY_CUTOUT, mFrame=[100000,0][1080,2400], mVisible=true, mInsetsRoundedCornerFrame=false}, InsetsSource: {mType=ITYPE_BOTTOM_DISPLAY_CUTOUT, mFrame=[0,100000][1080,2400], mVisible=true, mInsetsRoundedCornerFrame=false}, InsetsSource: {mType=ITYPE_TOP_TAPPABLE_ELEMENT, mFrame=[0,0][1080,88], mVisible=true, mInsetsRoundedCornerFrame=false}, InsetsSource: {mType=ITYPE_BOTTOM_TAPPABLE_ELEMENT, mFrame=[0,2256][1080,2400], mVisible=true, mInsetsRoundedCornerFrame=false}, InsetsSource: {mType=ITYPE_IME, mFrame=[0,0][0,0], mVisibleFrame=[0,1374][1080,2400], mVisible=false, mInsetsRoundedCornerFrame=false} } host=com.evolucao.app/com.evolucao.app.MainActivity from=android.view.ViewRootImpl.setView:1732
04-06 02:32:19.576 21367 21367 I ViewRootImpl@73623ee[MainActivity]: setView = com.android.internal.policy.DecorView@51ee5f2 TM=false
04-06 02:32:19.577 21367 21367 I MSHandlerLifeCycle: removeMultiSplitHandler: no exist. decor=DecorView@51ee5f2[MainActivity]
04-06 02:32:19.583 21367 21367 I ViewRootImpl@73623ee[MainActivity]: performTraversals params={(0,0)(fillxfill) sim={adjust=resize forwardNavigation} layoutInDisplayCutoutMode=always ty=BASE_APPLICATION wanim=0x1030309
04-06 02:32:19.583 21367 21367 I ViewRootImpl@73623ee[MainActivity]:   fl=81810100
04-06 02:32:19.583 21367 21367 I ViewRootImpl@73623ee[MainActivity]:   pfl=16020040
04-06 02:32:19.583 21367 21367 I ViewRootImpl@73623ee[MainActivity]:   vsysui=100
04-06 02:32:19.583 21367 21367 I ViewRootImpl@73623ee[MainActivity]:   bhv=DEFAULT
04-06 02:32:19.583 21367 21367 I ViewRootImpl@73623ee[MainActivity]:   fitSides= naviIconColor=0}
04-06 02:32:19.583 21367 21367 I ViewRootImpl@73623ee[MainActivity]: performTraversals mFirst=true windowShouldResize=true viewVisibilityChanged=false mForceNextWindowRelayout=false params={(0,0)(fillxfill) sim={adjust=resize forwardNavigation} layoutInDisplayCutoutMode=always ty=BASE_APPLICATION wanim=0x1030309
04-06 02:32:19.583 21367 21367 I ViewRootImpl@73623ee[MainActivity]:   fl=81810100
04-06 02:32:19.583 21367 21367 I ViewRootImpl@73623ee[MainActivity]:   pfl=16020040
04-06 02:32:19.583 21367 21367 I ViewRootImpl@73623ee[MainActivity]:   vsysui=100
04-06 02:32:19.583 21367 21367 I ViewRootImpl@73623ee[MainActivity]:   bhv=DEFAULT
04-06 02:32:19.583 21367 21367 I ViewRootImpl@73623ee[MainActivity]:   fitSides= naviIconColor=0}
04-06 02:32:19.588 21367 21367 I ViewRootImpl@73623ee[MainActivity]: updateBlastSurfaceIfNeeded mBlastBufferQueue=null isSameSurfaceControl=false
04-06 02:32:19.589 21367 21367 E BufferQueueProducer: Unable to open libpenguin.so: dlopen failed: library "libpenguin.so" not found.
04-06 02:32:19.589 21367 21367 I BLASTBufferQueue: new BLASTBufferQueue, mName= ViewRootImpl@73623ee[MainActivity] mNativeObject= 0xb4000070c2c34c00 sc.mNativeObject= 0xb4000070a0c6daa0 caller= android.view.ViewRootImpl.updateBlastSurfaceIfNeeded:2909 android.view.ViewRootImpl.relayoutWindow:9847 android.view.ViewRootImpl.performTraversals:3884 android.view.ViewRootImpl.doTraversal:3116 android.view.ViewRootImpl$TraversalRunnable.run:10885 android.view.Choreographer$CallbackRecord.run:1301 android.view.Choreographer$CallbackRecord.run:1309 android.view.Choreographer.doCallbacks:923 android.view.Choreographer.doFrame:852 android.view.Choreographer$FrameDisplayEventReceiver.run:1283 
04-06 02:32:19.589 21367 21367 I BLASTBufferQueue: update, w= 1080 h= 2400 mName = ViewRootImpl@73623ee[MainActivity] mNativeObject= 0xb4000070c2c34c00 sc.mNativeObject= 0xb4000070a0c6daa0 format= -1 caller= android.graphics.BLASTBufferQueue.<init>:84 android.view.ViewRootImpl.updateBlastSurfaceIfNeeded:2909 android.view.ViewRootImpl.relayoutWindow:9847 android.view.ViewRootImpl.performTraversals:3884 android.view.ViewRootImpl.doTraversal:3116 android.view.ViewRootImpl$TraversalRunnable.run:10885 
04-06 02:32:19.589 21367 21367 I ViewRootImpl@73623ee[MainActivity]: Relayout returned: old=(0,0,1080,2400) new=(0,0,1080,2400) req=(1080,2400)0 dur=5 res=0x3 s={true 0xb4000070a70d8000} ch=true seqId=0
04-06 02:32:19.591 21367 21367 I ViewRootImpl@73623ee[MainActivity]: mThreadedRenderer.initialize() mSurface={isValid=true 0xb4000070a70d8000} hwInitialized=true
04-06 02:32:19.593 21367 21470 D OpenGLRenderer: eglCreateWindowSurface
04-06 02:32:19.594 21367 21384 I ViewRootImpl@73623ee[MainActivity]: Resizing android.view.ViewRootImpl@25a16ab: frame = [0,0][1080,2400] reportDraw = true forceLayout = false syncSeqId = 0
04-06 02:32:19.594 21367 21367 I ViewRootImpl@73623ee[MainActivity]: reportNextDraw android.view.ViewRootImpl.performTraversals:4438 android.view.ViewRootImpl.doTraversal:3116 android.view.ViewRootImpl$TraversalRunnable.run:10885 android.view.Choreographer$CallbackRecord.run:1301 android.view.Choreographer$CallbackRecord.run:1309 
04-06 02:32:19.594 21367 21367 I ViewRootImpl@73623ee[MainActivity]: Setup new sync id=0
04-06 02:32:19.594 21367 21367 I ViewRootImpl@73623ee[MainActivity]: Setting syncFrameCallback
04-06 02:32:19.594 21367 21367 I ViewRootImpl@73623ee[MainActivity]: registerCallbacksForSync syncBuffer=false
04-06 02:32:19.596 21367 21495 I ViewRootImpl@73623ee[MainActivity]: Received frameDrawingCallback syncResult=0 frameNum=1.
04-06 02:32:19.596 21367 21495 I ViewRootImpl@73623ee[MainActivity]: Setting up sync and frameCommitCallback
04-06 02:32:19.611 21367 21470 I BLASTBufferQueue: [ViewRootImpl@73623ee[MainActivity]#0](f:0,a:0) onFrameAvailable the first frame is available
04-06 02:32:19.611 21367 21470 I ViewRootImpl@73623ee[MainActivity]: Received frameCommittedCallback lastAttemptedDrawFrameNum=1 didProduceBuffer=true
04-06 02:32:19.612 21367 21470 D OpenGLRenderer: CFMS:: SetUp Pid : 21367    Tid : 21470
04-06 02:32:19.614 21367 21470 W Parcel  : Expecting binder but got null!
04-06 02:32:19.614 21367 21367 I ViewRootImpl@73623ee[MainActivity]: onSyncComplete
04-06 02:32:19.614 21367 21367 I ViewRootImpl@73623ee[MainActivity]: setupSync seqId=0 mSyncId=0 fn=1 caller=android.view.ViewRootImpl$$ExternalSyntheticLambda11.accept:6 android.window.SurfaceSyncer.lambda$setupSync$1$android-window-SurfaceSyncer:128 android.window.SurfaceSyncer$$ExternalSyntheticLambda1.accept:8 android.window.SurfaceSyncer$SyncSet.checkIfSyncIsComplete:382 android.window.SurfaceSyncer$SyncSet.markSyncReady:359 android.window.SurfaceSyncer.markSyncReady:151 android.view.ViewRootImpl.performTraversals:4503 
04-06 02:32:19.615 21367 21367 I ViewRootImpl@73623ee[MainActivity]: reportDrawFinished seqId=0 mSyncId=-1 fn=1 mSurfaceChangedTransaction=0xb4000070a0bfac00
04-06 02:32:19.615 21367 21367 D InsetsController: onStateChanged: InsetsState: {mDisplayFrame=Rect(0, 0 - 1080, 2400), mDisplayCutout=DisplayCutout{insets=Rect(0, 88 - 0, 0) waterfall=Insets{left=0, top=0, right=0, bottom=0} boundingRect={Bounds=[Rect(0, 0 - 0, 0), Rect(512, 0 - 568, 88), Rect(0, 0 - 0, 0), Rect(0, 0 - 0, 0)]} cutoutPathParserInfo={CutoutPathParserInfo{displayWidth=1080 displayHeight=2400 physicalDisplayWidth=1080 physicalDisplayHeight=2400 density={3.0} cutoutSpec={M 0,0 M 0,10.71963616907435 a 9.280363830925644,9.280363830925644 0 1,0 0,18.56072766185129 a 9.280363830925644,9.280363830925644 0 1,0 0,-18.56072766185129 Z @dp} rotation={0} scale={1.0} physicalPixelDisplaySizeRatio={1.0}}}}, mRoundedCorners=RoundedCorners{[RoundedCorner{position=TopLeft, radius=96, center=Point(96, 96)}, RoundedCorner{position=TopRight, radius=96, center=Point(984, 96)}, RoundedCorner{position=BottomRight, radius=96, center=Point(984, 2304)}, RoundedCorner{position=BottomLeft, radius=96, center=Point(96, 2304)}]}  mRoundedCornerFrame=Rect(0, 0 - 1080, 2400), mPrivacyIndicatorBounds=PrivacyIndicatorBounds {static bounds=Rect(948, 0 - 1080, 88) rotation=0}, mSources= { InsetsSource: {mType=ITYPE_STATUS_BAR, mFrame=[0,0][1080,88], mVisible=false, mInsetsRoundedCornerFrame=false}, InsetsSource: {mType=ITYPE_NAVIGATION_BAR, mFrame=[0,2256][1080,2400], mVisible=true, mInsetsRoundedCornerFrame=false}, InsetsSource: {mType=ITYPE_LEFT_GESTURES, mFrame=[0,0][0,2400], mVisible=true, mInsetsRoundedCornerFrame=false}, InsetsSource: {mType=ITYPE_RIGHT_GESTURES, mFrame=[1080,0][1080,2400], mVisible=true, mInsetsRoundedCornerFrame=false}, InsetsSource: {mType=ITYPE_TOP_MANDATORY_GESTURES, mFrame=[0,0][1080,124], mVisible=true, mInsetsRoundedCornerFrame=false}, InsetsSource: {mType=ITYPE_BOTTOM_MANDATORY_GESTURES, mFrame=[0,2256][1080,2400], mVisible=true, mInsetsRoundedCornerFrame=false}, InsetsSource: {mType=ITYPE_LEFT_DISPLAY_CUTOUT, mFrame=[0,0][-100000,2400], mVisible=true, mInsetsRoundedCornerFrame=false}, InsetsSource: {mType=ITYPE_TOP_DISPLAY_CUTOUT, mFrame=[0,0][1080,88], mVisible=true, mInsetsRoundedCornerFrame=false}, InsetsSource: {mType=ITYPE_RIGHT_DISPLAY_CUTOUT, mFrame=[100000,0][1080,2400], mVisible=true, mInsetsRoundedCornerFrame=false}, InsetsSource: {mType=ITYPE_BOTTOM_DISPLAY_CUTOUT, mFrame=[0,100000][1080,2400], mVisible=true, mInsetsRoundedCornerFrame=false}, InsetsSource: {mType=ITYPE_TOP_TAPPABLE_ELEMENT, mFrame=[0,0][1080,88], mVisible=true, mInsetsRoundedCornerFrame=false}, InsetsSource: {mType=ITYPE_BOTTOM_TAPPABLE_ELEMENT, mFrame=[0,2256][1080,2400], mVisible=true, mInsetsRoundedCornerFrame=false}, InsetsSource: {mType=ITYPE_IME, mFrame=[0,0][0,0], mVisibleFrame=[0,1374][1080,2400], mVisible=false, mInsetsRoundedCornerFrame=false} } host=com.evolucao.app/com.evolucao.app.MainActivity from=android.view.ViewRootImpl$ViewRootHandler.handleMessageImpl:6740
04-06 02:32:19.616 21367 21367 D InsetsController: controlAnimationUnchecked: Added types=1 animType=0 host=com.evolucao.app/com.evolucao.app.MainActivity from=android.view.InsetsController.applyAnimation:1576 android.view.InsetsController.applyAnimation:1557 android.view.InsetsController.onControlsChanged:992 
04-06 02:32:19.617 21367 21367 D InsetsController: onStateChanged: InsetsState: {mDisplayFrame=Rect(0, 0 - 1080, 2400), mDisplayCutout=DisplayCutout{insets=Rect(0, 88 - 0, 0) waterfall=Insets{left=0, top=0, right=0, bottom=0} boundingRect={Bounds=[Rect(0, 0 - 0, 0), Rect(512, 0 - 568, 88), Rect(0, 0 - 0, 0), Rect(0, 0 - 0, 0)]} cutoutPathParserInfo={CutoutPathParserInfo{displayWidth=1080 displayHeight=2400 physicalDisplayWidth=1080 physicalDisplayHeight=2400 density={3.0} cutoutSpec={M 0,0 M 0,10.71963616907435 a 9.280363830925644,9.280363830925644 0 1,0 0,18.56072766185129 a 9.280363830925644,9.280363830925644 0 1,0 0,-18.56072766185129 Z @dp} rotation={0} scale={1.0} physicalPixelDisplaySizeRatio={1.0}}}}, mRoundedCorners=RoundedCorners{[RoundedCorner{position=TopLeft, radius=96, center=Point(96, 96)}, RoundedCorner{position=TopRight, radius=96, center=Point(984, 96)}, RoundedCorner{position=BottomRight, radius=96, center=Point(984, 2304)}, RoundedCorner{position=BottomLeft, radius=96, center=Point(96, 2304)}]}  mRoundedCornerFrame=Rect(0, 0 - 1080, 2400), mPrivacyIndicatorBounds=PrivacyIndicatorBounds {static bounds=Rect(948, 0 - 1080, 88) rotation=0}, mSources= { InsetsSource: {mType=ITYPE_STATUS_BAR, mFrame=[0,0][1080,88], mVisible=true, mInsetsRoundedCornerFrame=false}, InsetsSource: {mType=ITYPE_NAVIGATION_BAR, mFrame=[0,2256][1080,2400], mVisible=true, mInsetsRoundedCornerFrame=false}, InsetsSource: {mType=ITYPE_LEFT_GESTURES, mFrame=[0,0][0,2400], mVisible=true, mInsetsRoundedCornerFrame=false}, InsetsSource: {mType=ITYPE_RIGHT_GESTURES, mFrame=[1080,0][1080,2400], mVisible=true, mInsetsRoundedCornerFrame=false}, InsetsSource: {mType=ITYPE_TOP_MANDATORY_GESTURES, mFrame=[0,0][1080,124], mVisible=true, mInsetsRoundedCornerFrame=false}, InsetsSource: {mType=ITYPE_BOTTOM_MANDATORY_GESTURES, mFrame=[0,2256][1080,2400], mVisible=true, mInsetsRoundedCornerFrame=false}, InsetsSource: {mType=ITYPE_LEFT_DISPLAY_CUTOUT, mFrame=[0,0][-100000,2400], mVisible=true, mInsetsRoundedCornerFrame=false}, InsetsSource: {mType=ITYPE_TOP_DISPLAY_CUTOUT, mFrame=[0,0][1080,88], mVisible=true, mInsetsRoundedCornerFrame=false}, InsetsSource: {mType=ITYPE_RIGHT_DISPLAY_CUTOUT, mFrame=[100000,0][1080,2400], mVisible=true, mInsetsRoundedCornerFrame=false}, InsetsSource: {mType=ITYPE_BOTTOM_DISPLAY_CUTOUT, mFrame=[0,100000][1080,2400], mVisible=true, mInsetsRoundedCornerFrame=false}, InsetsSource: {mType=ITYPE_TOP_TAPPABLE_ELEMENT, mFrame=[0,0][1080,88], mVisible=true, mInsetsRoundedCornerFrame=false}, InsetsSource: {mType=ITYPE_BOTTOM_TAPPABLE_ELEMENT, mFrame=[0,2256][1080,2400], mVisible=true, mInsetsRoundedCornerFrame=false}, InsetsSource: {mType=ITYPE_IME, mFrame=[0,0][0,0], mVisibleFrame=[0,1374][1080,2400], mVisible=false, mInsetsRoundedCornerFrame=false} } host=com.evolucao.app/com.evolucao.app.MainActivity from=android.view.ViewRootImpl$ViewRootHandler.handleMessageImpl:6727
04-06 02:32:19.617 21367 21367 I ViewRootImpl@73623ee[MainActivity]: handleResized, msg = 5 frames=ClientWindowFrames{frame=[0,0][1080,2400] display=[0,0][1080,2400] parentFrame=[0,0][0,0] parentClippedByDisplayCutout=false} forceNextWindowRelayout=false displayId=0 resizeMode=-1 frameChanged=false displayFrameChanged=false configChanged=false displayChanged=false
04-06 02:32:19.617 21367 21367 I ViewRootImpl@73623ee[MainActivity]: handleResized mSyncSeqId = 0
04-06 02:32:19.617 21367 21367 I ViewRootImpl@73623ee[MainActivity]: reportNextDraw android.view.ViewRootImpl.handleResized:2450 android.view.ViewRootImpl.-$$Nest$mhandleResized:0 android.view.ViewRootImpl$ViewRootHandler.handleMessageImpl:6728 android.view.ViewRootImpl$ViewRootHandler.handleMessage:6697 android.os.Handler.dispatchMessage:106 
04-06 02:32:19.624 21367 21367 I ViewRootImpl@73623ee[MainActivity]: Setup new sync id=1
04-06 02:32:19.624 21367 21367 I ViewRootImpl@73623ee[MainActivity]: Setting syncFrameCallback
04-06 02:32:19.624 21367 21367 I ViewRootImpl@73623ee[MainActivity]: registerCallbacksForSync syncBuffer=false
04-06 02:32:19.625 21367 21496 I ViewRootImpl@73623ee[MainActivity]: Received frameDrawingCallback syncResult=0 frameNum=2.
04-06 02:32:19.625 21367 21496 I ViewRootImpl@73623ee[MainActivity]: Setting up sync and frameCommitCallback
04-06 02:32:19.625 21367 21470 I ViewRootImpl@73623ee[MainActivity]: Received frameCommittedCallback lastAttemptedDrawFrameNum=2 didProduceBuffer=false
04-06 02:32:19.625 21367 21470 I BLASTBufferQueue: syncNextTransaction, mName= ViewRootImpl@73623ee[MainActivity] acquireSingleBuffer= true mNativeObject= 0xb4000070c2c34c00 callback= null caller= android.graphics.BLASTBufferQueue.syncNextTransaction:147 android.view.ViewRootImpl$12.lambda$onFrameDraw$0$android-view-ViewRootImpl$12:13399 android.view.ViewRootImpl$12$$ExternalSyntheticLambda1.onFrameCommit:9 android.view.ThreadedRenderer$1.lambda$onFrameDraw$0:813 android.view.ThreadedRenderer$1$$ExternalSyntheticLambda0.onFrameCommit:2 <bottom of call stack> 
04-06 02:32:19.625 21367 21470 I BLASTBufferQueue: [ViewRootImpl@73623ee[MainActivity]#0](f:0,a:1) syncNextTransaction callback: 0, acquireSingleBuffer: 1, mTransactionReadyCallback: 0
04-06 02:32:19.625 21367 21470 I BLASTBufferQueue: gatherPendingTransactions, mName= ViewRootImpl@73623ee[MainActivity] mNativeObject= 0xb4000070c2c34c00 frameNumber= 2 caller= android.view.ViewRootImpl$12.lambda$onFrameDraw$0$android-view-ViewRootImpl$12:13406 android.view.ViewRootImpl$12$$ExternalSyntheticLambda1.onFrameCommit:9 android.view.ThreadedRenderer$1.lambda$onFrameDraw$0:813 android.view.ThreadedRenderer$1$$ExternalSyntheticLambda0.onFrameCommit:2 <bottom of call stack> <bottom of call stack> 
04-06 02:32:19.625 21367 21367 I ViewRootImpl@73623ee[MainActivity]: onSyncComplete
04-06 02:32:19.625 21367 21367 I ViewRootImpl@73623ee[MainActivity]: setupSync seqId=0 mSyncId=1 fn=2 caller=android.view.ViewRootImpl$$ExternalSyntheticLambda11.accept:6 android.window.SurfaceSyncer.lambda$setupSync$1$android-window-SurfaceSyncer:128 android.window.SurfaceSyncer$$ExternalSyntheticLambda1.accept:8 android.window.SurfaceSyncer$SyncSet.checkIfSyncIsComplete:382 android.window.SurfaceSyncer$SyncSet.markSyncReady:359 android.window.SurfaceSyncer.markSyncReady:151 android.view.ViewRootImpl.performTraversals:4503 
04-06 02:32:19.625 21367 21367 I ViewRootImpl@73623ee[MainActivity]: reportDrawFinished seqId=0 mSyncId=-1 fn=2 mSurfaceChangedTransaction=0xb4000070a0bfac00
04-06 02:32:19.626 21367 21367 I ViewRootImpl@73623ee[MainActivity]: MSG_WINDOW_FOCUS_CHANGED 1 0
04-06 02:32:19.627 21367 21367 I ViewRootImpl@73623ee[MainActivity]: mThreadedRenderer.initializeIfNeeded()#2 mSurface={isValid=true 0xb4000070a70d8000}
04-06 02:32:19.627 21367 21367 W unknown:BridgelessReact: ReactHost{0}.raiseSoftException(onWindowFocusChange(hasFocus = "true")): Tried to access onWindowFocusChange while context is not ready
04-06 02:32:19.628 21367 21367 E unknown:ReactHost: Unhandled SoftException
04-06 02:32:19.628 21367 21367 E unknown:ReactHost: com.facebook.react.bridge.ReactNoCrashSoftException: raiseSoftException(onWindowFocusChange(hasFocus = "true")): Tried to access onWindowFocusChange while context is not ready
04-06 02:32:19.628 21367 21367 E unknown:ReactHost: 	at com.facebook.react.runtime.ReactHostImpl.raiseSoftException(ReactHostImpl.kt:861)
04-06 02:32:19.628 21367 21367 E unknown:ReactHost: 	at com.facebook.react.runtime.ReactHostImpl.raiseSoftException$default(ReactHostImpl.kt:852)
04-06 02:32:19.628 21367 21367 E unknown:ReactHost: 	at com.facebook.react.runtime.ReactHostImpl.onWindowFocusChange(ReactHostImpl.kt:625)
04-06 02:32:19.628 21367 21367 E unknown:ReactHost: 	at com.facebook.react.ReactDelegate.onWindowFocusChanged(ReactDelegate.kt:232)
04-06 02:32:19.628 21367 21367 E unknown:ReactHost: 	at com.facebook.react.ReactActivityDelegate.onWindowFocusChanged(ReactActivityDelegate.java:237)
04-06 02:32:19.628 21367 21367 E unknown:ReactHost: 	at expo.modules.ReactActivityDelegateWrapper$onWindowFocusChanged$1.invokeSuspend(ReactActivityDelegateWrapper.kt:320)
04-06 02:32:19.628 21367 21367 E unknown:ReactHost: 	at expo.modules.ReactActivityDelegateWrapper$onWindowFocusChanged$1.invoke(Unknown Source:8)
04-06 02:32:19.628 21367 21367 E unknown:ReactHost: 	at expo.modules.ReactActivityDelegateWrapper$onWindowFocusChanged$1.invoke(Unknown Source:4)
04-06 02:32:19.628 21367 21367 E unknown:ReactHost: 	at expo.modules.ReactActivityDelegateWrapper$launchLifecycleScopeWithLock$1.invokeSuspend(ReactActivityDelegateWrapper.kt:452)
04-06 02:32:19.628 21367 21367 E unknown:ReactHost: 	at kotlin.coroutines.jvm.internal.BaseContinuationImpl.resumeWith(ContinuationImpl.kt:33)
04-06 02:32:19.628 21367 21367 E unknown:ReactHost: 	at kotlinx.coroutines.internal.DispatchedContinuationKt.resumeCancellableWith(DispatchedContinuation.kt:375)
04-06 02:32:19.628 21367 21367 E unknown:ReactHost: 	at kotlinx.coroutines.intrinsics.CancellableKt.startCoroutineCancellable(Cancellable.kt:26)
04-06 02:32:19.628 21367 21367 E unknown:ReactHost: 	at kotlinx.coroutines.CoroutineStart.invoke(CoroutineStart.kt:358)
04-06 02:32:19.628 21367 21367 E unknown:ReactHost: 	at kotlinx.coroutines.AbstractCoroutine.start(AbstractCoroutine.kt:134)
04-06 02:32:19.628 21367 21367 E unknown:ReactHost: 	at kotlinx.coroutines.BuildersKt__Builders_commonKt.launch(Builders.common.kt:53)
04-06 02:32:19.628 21367 21367 E unknown:ReactHost: 	at kotlinx.coroutines.BuildersKt.launch(Unknown Source:1)
04-06 02:32:19.628 21367 21367 E unknown:ReactHost: 	at kotlinx.coroutines.BuildersKt__Builders_commonKt.launch$default(Builders.common.kt:44)
04-06 02:32:19.628 21367 21367 E unknown:ReactHost: 	at kotlinx.coroutines.BuildersKt.launch$default(Unknown Source:1)
04-06 02:32:19.628 21367 21367 E unknown:ReactHost: 	at expo.modules.ReactActivityDelegateWrapper.launchLifecycleScopeWithLock(ReactActivityDelegateWrapper.kt:450)
04-06 02:32:19.628 21367 21367 E unknown:ReactHost: 	at expo.modules.ReactActivityDelegateWrapper.launchLifecycleScopeWithLock$default(ReactActivityDelegateWrapper.kt:446)
04-06 02:32:19.628 21367 21367 E unknown:ReactHost: 	at expo.modules.ReactActivityDelegateWrapper.onWindowFocusChanged(ReactActivityDelegateWrapper.kt:318)
04-06 02:32:19.628 21367 21367 E unknown:ReactHost: 	at com.facebook.react.ReactActivity.onWindowFocusChanged(ReactActivity.java:158)
04-06 02:32:19.628 21367 21367 E unknown:ReactHost: 	at androidx.appcompat.view.WindowCallbackWrapper.onWindowFocusChanged(WindowCallbackWrapper.java:124)
04-06 02:32:19.628 21367 21367 E unknown:ReactHost: 	at com.android.internal.policy.DecorView.onWindowFocusChanged(DecorView.java:2710)
04-06 02:32:19.628 21367 21367 E unknown:ReactHost: 	at android.view.View.dispatchWindowFocusChanged(View.java:15817)
04-06 02:32:19.628 21367 21367 E unknown:ReactHost: 	at android.view.ViewGroup.dispatchWindowFocusChanged(ViewGroup.java:1512)
04-06 02:32:19.628 21367 21367 E unknown:ReactHost: 	at android.view.ViewRootImpl.handleWindowFocusChanged(ViewRootImpl.java:4678)
04-06 02:32:19.628 21367 21367 E unknown:ReactHost: 	at android.view.ViewRootImpl.-$$Nest$mhandleWindowFocusChanged(Unknown Source:0)
04-06 02:32:19.628 21367 21367 E unknown:ReactHost: 	at android.view.ViewRootImpl$ViewRootHandler.handleMessageImpl(ViewRootImpl.java:6788)
04-06 02:32:19.628 21367 21367 E unknown:ReactHost: 	at android.view.ViewRootImpl$ViewRootHandler.handleMessage(ViewRootImpl.java:6697)
04-06 02:32:19.628 21367 21367 E unknown:ReactHost: 	at android.os.Handler.dispatchMessage(Handler.java:106)
04-06 02:32:19.628 21367 21367 E unknown:ReactHost: 	at android.os.Looper.loopOnce(Looper.java:226)
04-06 02:32:19.628 21367 21367 E unknown:ReactHost: 	at android.os.Looper.loop(Looper.java:313)
04-06 02:32:19.628 21367 21367 E unknown:ReactHost: 	at android.app.ActivityThread.main(ActivityThread.java:8762)
04-06 02:32:19.628 21367 21367 E unknown:ReactHost: 	at java.lang.reflect.Method.invoke(Native Method)
04-06 02:32:19.628 21367 21367 E unknown:ReactHost: 	at com.android.internal.os.RuntimeInit$MethodAndArgsCaller.run(RuntimeInit.java:604)
04-06 02:32:19.628 21367 21367 E unknown:ReactHost: 	at com.android.internal.os.ZygoteInit.main(ZygoteInit.java:1067)
04-06 02:32:19.628 21367 21367 D InputMethodManager: startInputInner - Id : 0
04-06 02:32:19.628 21367 21367 I InputMethodManager: startInputInner - mService.startInputOrWindowGainedFocus
04-06 02:32:19.636 21367 21367 D InputMethodManager: startInputInner - Id : 0
04-06 02:32:19.639 21367 21490 W unknown:BridgelessReact: ReactHost{0}.isMetroRunning(): Async result = true
04-06 02:32:19.640 21367 21489 W unknown:BridgelessReact: ReactHost{0}.loadJSBundleFromMetro()
04-06 02:32:19.641 21367 21489 D Detox.RNMarker: DOWNLOAD_START (null)
04-06 02:32:19.645 21367 21367 D CompatibilityChangeReporter: Compat change id reported: 210923482; UID 10415; state: ENABLED
04-06 02:32:19.650 21367 21470 D NativeCustomFrequencyManager: [NativeCFMS] BpCustomFrequencyManager::BpCustomFrequencyManager()
04-06 02:32:19.653 21367 21367 D InsetsController: onStateChanged: InsetsState: {mDisplayFrame=Rect(0, 0 - 1080, 2400), mDisplayCutout=DisplayCutout{insets=Rect(0, 88 - 0, 0) waterfall=Insets{left=0, top=0, right=0, bottom=0} boundingRect={Bounds=[Rect(0, 0 - 0, 0), Rect(512, 0 - 568, 88), Rect(0, 0 - 0, 0), Rect(0, 0 - 0, 0)]} cutoutPathParserInfo={CutoutPathParserInfo{displayWidth=1080 displayHeight=2400 physicalDisplayWidth=1080 physicalDisplayHeight=2400 density={3.0} cutoutSpec={M 0,0 M 0,10.71963616907435 a 9.280363830925644,9.280363830925644 0 1,0 0,18.56072766185129 a 9.280363830925644,9.280363830925644 0 1,0 0,-18.56072766185129 Z @dp} rotation={0} scale={1.0} physicalPixelDisplaySizeRatio={1.0}}}}, mRoundedCorners=RoundedCorners{[RoundedCorner{position=TopLeft, radius=96, center=Point(96, 96)}, RoundedCorner{position=TopRight, radius=96, center=Point(984, 96)}, RoundedCorner{position=BottomRight, radius=96, center=Point(984, 2304)}, RoundedCorner{position=BottomLeft, radius=96, center=Point(96, 2304)}]}  mRoundedCornerFrame=Rect(0, 0 - 1080, 2400), mPrivacyIndicatorBounds=PrivacyIndicatorBounds {static bounds=Rect(948, 0 - 1080, 88) rotation=0}, mSources= { InsetsSource: {mType=ITYPE_STATUS_BAR, mFrame=[0,0][1080,88], mVisible=true, mInsetsRoundedCornerFrame=false}, InsetsSource: {mType=ITYPE_NAVIGATION_BAR, mFrame=[0,2256][1080,2400], mVisible=true, mInsetsRoundedCornerFrame=false}, InsetsSource: {mType=ITYPE_LEFT_GESTURES, mFrame=[0,0][0,2400], mVisible=true, mInsetsRoundedCornerFrame=false}, InsetsSource: {mType=ITYPE_RIGHT_GESTURES, mFrame=[1080,0][1080,2400], mVisible=true, mInsetsRoundedCornerFrame=false}, InsetsSource: {mType=ITYPE_TOP_MANDATORY_GESTURES, mFrame=[0,0][1080,124], mVisible=true, mInsetsRoundedCornerFrame=false}, InsetsSource: {mType=ITYPE_BOTTOM_MANDATORY_GESTURES, mFrame=[0,2256][1080,2400], mVisible=true, mInsetsRoundedCornerFrame=false}, InsetsSource: {mType=ITYPE_LEFT_DISPLAY_CUTOUT, mFrame=[0,0][-100000,2400], mVisible=true, mInsetsRoundedCornerFrame=false}, InsetsSource: {mType=ITYPE_TOP_DISPLAY_CUTOUT, mFrame=[0,0][1080,88], mVisible=true, mInsetsRoundedCornerFrame=false}, InsetsSource: {mType=ITYPE_RIGHT_DISPLAY_CUTOUT, mFrame=[100000,0][1080,2400], mVisible=true, mInsetsRoundedCornerFrame=false}, InsetsSource: {mType=ITYPE_BOTTOM_DISPLAY_CUTOUT, mFrame=[0,100000][1080,2400], mVisible=true, mInsetsRoundedCornerFrame=false}, InsetsSource: {mType=ITYPE_TOP_TAPPABLE_ELEMENT, mFrame=[0,0][1080,88], mVisible=true, mInsetsRoundedCornerFrame=false}, InsetsSource: {mType=ITYPE_BOTTOM_TAPPABLE_ELEMENT, mFrame=[0,2256][1080,2400], mVisible=true, mInsetsRoundedCornerFrame=false}, InsetsSource: {mType=ITYPE_IME, mFrame=[0,0][0,0], mVisibleFrame=[0,1374][1080,2400], mVisible=false, mInsetsRoundedCornerFrame=false} } host=PopupWindow:5b0a702 from=android.view.ViewRootImpl.setView:1732
04-06 02:32:19.654 21367 21367 I ViewRootImpl@ca5e813[PopupWindow:5b0a702]: setView = android.widget.PopupWindow$PopupDecorView@5fcf26f TM=false
04-06 02:32:19.660 21367 21367 I ViewRootImpl@ca5e813[PopupWindow:5b0a702]: performTraversals params={(0,88)(fillxwrap) gr=TOP START CENTER sim={state=unchanged adjust=pan} ty=APPLICATION_PANEL fmt=TRANSLUCENT surfaceInsets=Rect(0, 0 - 0, 0) (manual)
04-06 02:32:19.660 21367 21367 I ViewRootImpl@ca5e813[PopupWindow:5b0a702]:   fl=41800008
04-06 02:32:19.660 21367 21367 I ViewRootImpl@ca5e813[PopupWindow:5b0a702]:   pfl=42018000
04-06 02:32:19.660 21367 21367 I ViewRootImpl@ca5e813[PopupWindow:5b0a702]:   bhv=DEFAULT
04-06 02:32:19.660 21367 21367 I ViewRootImpl@ca5e813[PopupWindow:5b0a702]:   fitTypes=STATUS_BARS NAVIGATION_BARS CAPTION_BAR naviIconColor=0
04-06 02:32:19.660 21367 21367 I ViewRootImpl@ca5e813[PopupWindow:5b0a702]:   sfl=20000}
04-06 02:32:19.661 21367 21367 I ViewRootImpl@ca5e813[PopupWindow:5b0a702]: performTraversals mFirst=true windowShouldResize=true viewVisibilityChanged=false mForceNextWindowRelayout=false params={(0,88)(fillxwrap) gr=TOP START CENTER sim={state=unchanged adjust=pan} ty=APPLICATION_PANEL fmt=TRANSLUCENT surfaceInsets=Rect(0, 0 - 0, 0) (manual)
04-06 02:32:19.661 21367 21367 I ViewRootImpl@ca5e813[PopupWindow:5b0a702]:   fl=41800008
04-06 02:32:19.661 21367 21367 I ViewRootImpl@ca5e813[PopupWindow:5b0a702]:   pfl=42018000
04-06 02:32:19.661 21367 21367 I ViewRootImpl@ca5e813[PopupWindow:5b0a702]:   bhv=DEFAULT
04-06 02:32:19.661 21367 21367 I ViewRootImpl@ca5e813[PopupWindow:5b0a702]:   fitTypes=STATUS_BARS NAVIGATION_BARS CAPTION_BAR naviIconColor=0
04-06 02:32:19.661 21367 21367 I ViewRootImpl@ca5e813[PopupWindow:5b0a702]:   sfl=20000}
04-06 02:32:19.664 21367 21384 I ViewRootImpl@ca5e813[PopupWindow:5b0a702]: Resizing android.view.ViewRootImpl@f6b3b7c: frame = [0,88][1080,167] reportDraw = true forceLayout = false syncSeqId = 0
04-06 02:32:19.665 21367 21367 I ViewRootImpl@ca5e813[PopupWindow:5b0a702]: updateBlastSurfaceIfNeeded mBlastBufferQueue=null isSameSurfaceControl=false
04-06 02:32:19.666 21367 21367 I BLASTBufferQueue: new BLASTBufferQueue, mName= ViewRootImpl@ca5e813[PopupWindow:5b0a702] mNativeObject= 0xb4000070a70dda80 sc.mNativeObject= 0xb4000070a0c6f940 caller= android.view.ViewRootImpl.updateBlastSurfaceIfNeeded:2909 android.view.ViewRootImpl.relayoutWindow:9847 android.view.ViewRootImpl.performTraversals:3884 android.view.ViewRootImpl.doTraversal:3116 android.view.ViewRootImpl$TraversalRunnable.run:10885 android.view.Choreographer$CallbackRecord.run:1301 android.view.Choreographer$CallbackRecord.run:1309 android.view.Choreographer.doCallbacks:923 android.view.Choreographer.doFrame:852 android.view.Choreographer$FrameDisplayEventReceiver.run:1283 
04-06 02:32:19.666 21367 21367 I BLASTBufferQueue: update, w= 1080 h= 79 mName = ViewRootImpl@ca5e813[PopupWindow:5b0a702] mNativeObject= 0xb4000070a70dda80 sc.mNativeObject= 0xb4000070a0c6f940 format= -3 caller= android.graphics.BLASTBufferQueue.<init>:84 android.view.ViewRootImpl.updateBlastSurfaceIfNeeded:2909 android.view.ViewRootImpl.relayoutWindow:9847 android.view.ViewRootImpl.performTraversals:3884 android.view.ViewRootImpl.doTraversal:3116 android.view.ViewRootImpl$TraversalRunnable.run:10885 
04-06 02:32:19.666 21367 21367 I ViewRootImpl@ca5e813[PopupWindow:5b0a702]: Relayout returned: old=(0,88,1080,2256) new=(0,88,1080,167) req=(1080,79)0 dur=4 res=0x3 s={true 0xb4000070a70da800} ch=true seqId=0
04-06 02:32:19.667 21367 21367 I ViewRootImpl@ca5e813[PopupWindow:5b0a702]: mThreadedRenderer.initialize() mSurface={isValid=true 0xb4000070a70da800} hwInitialized=true
04-06 02:32:19.667 21367 21470 D OpenGLRenderer: eglCreateWindowSurface
04-06 02:32:19.668 21367 21367 I ViewRootImpl@ca5e813[PopupWindow:5b0a702]: reportNextDraw android.view.ViewRootImpl.performTraversals:4438 android.view.ViewRootImpl.doTraversal:3116 android.view.ViewRootImpl$TraversalRunnable.run:10885 android.view.Choreographer$CallbackRecord.run:1301 android.view.Choreographer$CallbackRecord.run:1309 
04-06 02:32:19.668 21367 21367 I ViewRootImpl@ca5e813[PopupWindow:5b0a702]: Setup new sync id=0
04-06 02:32:19.668 21367 21367 I ViewRootImpl@ca5e813[PopupWindow:5b0a702]: Setting syncFrameCallback
04-06 02:32:19.668 21367 21367 I ViewRootImpl@ca5e813[PopupWindow:5b0a702]: registerCallbacksForSync syncBuffer=false
04-06 02:32:19.669 21367 21495 I ViewRootImpl@ca5e813[PopupWindow:5b0a702]: Received frameDrawingCallback syncResult=0 frameNum=1.
04-06 02:32:19.669 21367 21495 I ViewRootImpl@ca5e813[PopupWindow:5b0a702]: Setting up sync and frameCommitCallback
04-06 02:32:19.676 21367 21470 I BLASTBufferQueue: [ViewRootImpl@ca5e813[PopupWindow:5b0a702]#1](f:0,a:0) onFrameAvailable the first frame is available
04-06 02:32:19.676 21367 21470 I ViewRootImpl@ca5e813[PopupWindow:5b0a702]: Received frameCommittedCallback lastAttemptedDrawFrameNum=1 didProduceBuffer=true
04-06 02:32:19.677 21367 21470 D OpenGLRenderer: CFMS:: SetUp Pid : 21367    Tid : 21470
04-06 02:32:19.677 21367 21470 W Parcel  : Expecting binder but got null!
04-06 02:32:19.677 21367 21367 I ViewRootImpl@ca5e813[PopupWindow:5b0a702]: onSyncComplete
04-06 02:32:19.677 21367 21367 I ViewRootImpl@ca5e813[PopupWindow:5b0a702]: setupSync seqId=0 mSyncId=0 fn=1 caller=android.view.ViewRootImpl$$ExternalSyntheticLambda11.accept:6 android.window.SurfaceSyncer.lambda$setupSync$1$android-window-SurfaceSyncer:128 android.window.SurfaceSyncer$$ExternalSyntheticLambda1.accept:8 android.window.SurfaceSyncer$SyncSet.checkIfSyncIsComplete:382 android.window.SurfaceSyncer$SyncSet.markSyncReady:359 android.window.SurfaceSyncer.markSyncReady:151 android.view.ViewRootImpl.performTraversals:4503 
04-06 02:32:19.677 21367 21367 I ViewRootImpl@ca5e813[PopupWindow:5b0a702]: reportDrawFinished seqId=0 mSyncId=-1 fn=1 mSurfaceChangedTransaction=0xb4000070a714bb00
04-06 02:32:19.679 21367 21367 I ViewRootImpl@ca5e813[PopupWindow:5b0a702]: handleResized, msg = 5 frames=ClientWindowFrames{frame=[0,88][1080,167] display=[0,88][1080,2256] parentFrame=[0,0][0,0] parentClippedByDisplayCutout=false} forceNextWindowRelayout=false displayId=0 resizeMode=-1 frameChanged=false displayFrameChanged=false configChanged=false displayChanged=false
04-06 02:32:19.679 21367 21367 I ViewRootImpl@ca5e813[PopupWindow:5b0a702]: handleResized mSyncSeqId = 0
04-06 02:32:19.679 21367 21367 I ViewRootImpl@ca5e813[PopupWindow:5b0a702]: reportNextDraw android.view.ViewRootImpl.handleResized:2450 android.view.ViewRootImpl.-$$Nest$mhandleResized:0 android.view.ViewRootImpl$ViewRootHandler.handleMessageImpl:6728 android.view.ViewRootImpl$ViewRootHandler.handleMessage:6697 android.os.Handler.dispatchMessage:106 
04-06 02:32:19.691 21367 21367 I ViewRootImpl@ca5e813[PopupWindow:5b0a702]: Setup new sync id=1
04-06 02:32:19.691 21367 21367 I ViewRootImpl@ca5e813[PopupWindow:5b0a702]: Setting syncFrameCallback
04-06 02:32:19.691 21367 21367 I ViewRootImpl@ca5e813[PopupWindow:5b0a702]: registerCallbacksForSync syncBuffer=false
04-06 02:32:19.692 21367 21496 I ViewRootImpl@ca5e813[PopupWindow:5b0a702]: Received frameDrawingCallback syncResult=0 frameNum=3.
04-06 02:32:19.692 21367 21496 I ViewRootImpl@ca5e813[PopupWindow:5b0a702]: Setting up sync and frameCommitCallback
04-06 02:32:19.699 21367 21470 I ViewRootImpl@ca5e813[PopupWindow:5b0a702]: Received frameCommittedCallback lastAttemptedDrawFrameNum=3 didProduceBuffer=true
04-06 02:32:19.699 21367 21367 I ViewRootImpl@ca5e813[PopupWindow:5b0a702]: onSyncComplete
04-06 02:32:19.699 21367 21367 I ViewRootImpl@ca5e813[PopupWindow:5b0a702]: setupSync seqId=0 mSyncId=1 fn=3 caller=android.view.ViewRootImpl$$ExternalSyntheticLambda11.accept:6 android.window.SurfaceSyncer.lambda$setupSync$1$android-window-SurfaceSyncer:128 android.window.SurfaceSyncer$$ExternalSyntheticLambda1.accept:8 android.window.SurfaceSyncer$SyncSet.checkIfSyncIsComplete:382 android.window.SurfaceSyncer$SyncSet.markSyncReady:359 android.window.SurfaceSyncer.markSyncReady:151 android.view.ViewRootImpl.performTraversals:4503 
04-06 02:32:19.699 21367 21367 I ViewRootImpl@ca5e813[PopupWindow:5b0a702]: reportDrawFinished seqId=0 mSyncId=-1 fn=3 mSurfaceChangedTransaction=0xb4000070a714bb00
04-06 02:32:19.907 21367 21367 D InsetsController: cancelAnimation of types: 1, animType: 0, host: com.evolucao.app/com.evolucao.app.MainActivity, from:android.view.InsetsController.notifyFinished:1375 android.view.InsetsAnimationThreadControlRunner$1.lambda$notifyFinished$0$android-view-InsetsAnimationThreadControlRunner$1:84 android.view.InsetsAnimationThreadControlRunner$1$$ExternalSyntheticLambda1.run:4 
04-06 02:32:19.907 21367 21367 D InsetsSourceConsumer: ensureControlPosition: Point(0, 0) for ITYPE_STATUS_BAR on com.evolucao.app/com.evolucao.app.MainActivity from android.view.InsetsSourceConsumer.notifyAnimationFinished:419
04-06 02:32:19.924 21367 21495 I ViewRootImpl@73623ee[MainActivity]: mWNT: t=0xb4000070a0caf500 mBlastBufferQueue=0xb4000070c2c34c00 fn= 2 caller= android.view.SyncRtSurfaceTransactionApplier.applyTransaction:96 android.view.SyncRtSurfaceTransactionApplier.lambda$scheduleApply$0$android-view-SyncRtSurfaceTransactionApplier:69 android.view.SyncRtSurfaceTransactionApplier$$ExternalSyntheticLambda0.onFrameDraw:4 
04-06 02:32:20.001 21367 21470 D OpenGLRenderer: setSurface called with nullptr
04-06 02:32:20.001 21367 21470 D OpenGLRenderer: setSurface() destroyed EGLSurface
04-06 02:32:20.001 21367 21470 D OpenGLRenderer: destroyEglSurface
04-06 02:32:20.001 21367 21490 D Detox.RNMarker: DOWNLOAD_END ({"url":"http:\/\/localhost:8081\/.expo\/.virtual-metro-entry.bundle?platform=android&dev=true&lazy=true&minify=false&app=com.evolucao.app&modulesOnly=false&runModule=true&excludeSource=true&sourcePaths=url-server","filesChangedCount":0})
04-06 02:32:20.001 21367 21490 W unknown:BridgelessReact: ReactHost{0}.loadJSBundleFromMetro(): Creating BundleLoader
04-06 02:32:20.002 21367 21367 I ViewRootImpl@ca5e813[PopupWindow:5b0a702]: dispatchDetachedFromWindow
04-06 02:32:20.002 21367 21489 W unknown:BridgelessReact: ReactHost{0}.getOrCreateReactInstanceTask(): Creating BridgelessReactContext
04-06 02:32:20.003 21367 21489 W unknown:BridgelessReact: ReactHost{0}.getOrCreateReactInstanceTask(): Creating ReactInstance
04-06 02:32:20.004 21367 21367 D InputTransport: Input channel destroyed: '4176e3d', fd=125
04-06 02:32:20.013 21367 21490 D TrafficStats: tagSocket(136) with statsTag=0xffffffff, statsUid=-1
04-06 02:32:20.014 21367 21489 D jni_lib_merge: Entering merged library JNI_OnLoad.
04-06 02:32:20.014 21367 21489 D jni_lib_merge: Preparing 4 pre-merged libs (including stub)
04-06 02:32:20.014 21367 21489 D jni_lib_merge: Preparing to register libhermes_executor_so.  onload_func: 0x7018eb8fa4
04-06 02:32:20.014 21367 21489 D jni_lib_merge: Preparing to register libhermesinstancejni_so.  onload_func: 0x7018ef28b4
04-06 02:32:20.014 21367 21489 D jni_lib_merge: Preparing to register libjsijniprofiler_so.  onload_func: 0x7018ef48f8
04-06 02:32:20.014 21367 21489 D jni_lib_merge: About to register 3 actual methods.
04-06 02:32:20.110 21367 21489 I ExpoModulesCore: ✅ AppContext was initialized
04-06 02:32:20.138 21367 21489 W unknown:BridgelessReact: ReactHost{0}.getOrCreateReactInstanceTask(): Loading JS Bundle
04-06 02:32:20.138 21367 21489 W unknown:BridgelessReact: ReactHost{0}.getOrCreateReactInstanceTask(): DevSupportManager.onNewReactContextCreated()
04-06 02:32:20.138 21367 21505 D Detox.RNMarker: RUN_JS_BUNDLE_START (/.virtual-metro-entry.bundle?platform=android&dev=true&lazy=true&minify=false&app=com.evolucao.app&modulesOnly=false&runModule=true&excludeSource=true&sourcePaths=url-server)
04-06 02:32:20.142 21367 21367 W unknown:ReactNative: Packager connection already open, nooping.
04-06 02:32:20.144 21367 21367 W unknown:BridgelessReact: ReactHost{0}.ReactContext.onHostResume()
04-06 02:32:20.145 21367 21489 W unknown:BridgelessReact: ReactHost{0}.startSurface(surfaceId = 0): Execute
04-06 02:32:20.149 21367 21367 W unknown:BridgelessReact: ReactHost{0}.getOrCreateReactInstanceTask(): Executing ReactInstanceEventListeners
04-06 02:32:20.149 21367 21367 I DetoxRNLoading: Got new RN-context through listener
04-06 02:32:20.150 21367 21445 I DetoxRNIdleRes: Setting up Espresso Idling Resources for React Native
04-06 02:32:20.158 21367 21367 D DetoxRNHelpers: Native RN module resolution (class com.reactnativecommunity.asyncstorage.AsyncStorageModule): no registered module found
04-06 02:32:20.163 21367 21445 D IdlingRegistry: Registering idling resources: [com.wix.detox.reactnative.idlingresources.uimodule.fabric.FabricUIManagerIdlingResources@a29e7fb]
04-06 02:32:20.163 21367 21445 D IdlingRegistry: Registering idling resources: [com.wix.detox.reactnative.idlingresources.animations.AnimatedModuleIdlingResource@fa87018]
04-06 02:32:20.163 21367 21445 D IdlingRegistry: Registering idling resources: [com.wix.detox.reactnative.idlingresources.timers.FabricTimersIdlingResource@76f3a71]
04-06 02:32:20.163 21367 21445 D IdlingRegistry: Registering idling resources: [com.wix.detox.reactnative.idlingresources.network.NetworkIdlingResource@2908056]
04-06 02:32:20.163 21367 21445 D IdlingRegistry: Registering idling resources: [com.wix.detox.reactnative.idlingresources.StabilizedIdlingResource@72508d7]
04-06 02:32:20.169 21367 21506 W om.evolucao.app: Accessing hidden method Landroid/os/MessageQueue;->next()Landroid/os/Message; (unsupported, reflection, allowed)
04-06 02:32:20.170 21367 21506 W om.evolucao.app: Accessing hidden field Landroid/os/MessageQueue;->mMessages:Landroid/os/Message; (unsupported, reflection, allowed)
04-06 02:32:20.170 21367 21506 W om.evolucao.app: Accessing hidden method Landroid/os/Message;->recycleUnchecked()V (unsupported, reflection, allowed)
04-06 02:32:20.321 21367 21367 D DetoxRNHelpers: Native RN module resolution (class com.reactnativecommunity.asyncstorage.AsyncStorageModule): no registered module found
04-06 02:32:20.322 21367 21447 W om.evolucao.app: Long monitor contention with owner Instr: androidx.test.runner.AndroidJUnitRunner (21445) at void com.wix.detox.DetoxMain.launchActivityOnCue(android.content.Context, com.wix.detox.ActivityLaunchHelper)(DetoxMain.kt:53) waiters=0 in void com.wix.detox.DetoxMain$setupActionHandlers$SynchronizedActionHandler.handle(java.lang.String, long) for 951ms
04-06 02:32:20.388 21367 21506 I WebViewFactory: Loading com.google.android.webview version 146.0.7680.164 (code 768016403)
04-06 02:32:20.393 21367 21506 D ApplicationLoaders: Returning zygote-cached class loader: /system/framework/android.test.base.jar
04-06 02:32:20.397 21367 21506 D nativeloader: Configuring classloader-namespace for other apk /data/app/~~23ppwVuk64Fm9vdWCRWMMw==/com.google.android.webview-FPIphznatdLDx2VBYoD68A==/base.apk. target_sdk_version=36, uses_libraries=, library_path=/data/app/~~23ppwVuk64Fm9vdWCRWMMw==/com.google.android.webview-FPIphznatdLDx2VBYoD68A==/lib/arm64:/data/app/~~23ppwVuk64Fm9vdWCRWMMw==/com.google.android.webview-FPIphznatdLDx2VBYoD68A==/base.apk!/lib/arm64-v8a, permitted_path=/data:/mnt/expand
04-06 02:32:20.413 21367 21506 I cr_WVCFactoryProvider: version=146.0.7680.164 (768016403) minSdkVersion=29 multiprocess=true packageId=127 splits=<none>
04-06 02:32:20.419 21367 21520 I chromium: [0406/023220.419575:INFO:android_webview/browser/variations/variations_seed_loader.cc:67] Failed to open file for reading.: No such file or directory (2)
04-06 02:32:20.419 21367 21520 I chromium: [0406/023220.419740:INFO:android_webview/browser/variations/variations_seed_loader.cc:67] Failed to open file for reading.: No such file or directory (2)
04-06 02:32:20.424 21367 21506 I cr_LibraryLoader: Successfully loaded native library
04-06 02:32:20.425 21367 21506 I cr_CachingUmaRecorder: Flushed 16 samples from 16 histograms, 0 samples were dropped.
04-06 02:32:20.437 21367 21505 W BridgelessReactContext: [WARNING] Bridgeless doesn't support CatalystInstance. Accessing an API that's not part of the new architecture is not encouraged usage.
04-06 02:32:20.439 21367 21525 D TrafficStats: tagSocket(148) with statsTag=0xffffffff, statsUid=-1
04-06 02:32:20.443 21367 21525 D TrafficStats: tagSocket(148) with statsTag=0xffffffff, statsUid=-1
04-06 02:32:20.444 21367 21505 I ExpoModulesCore: ✅ JSI interop was installed
04-06 02:32:20.449 21367 21505 I ExpoModulesCore: ✅ Constants were exported
04-06 02:32:20.491 21367 21505 W unknown:ViewManagerPropertyUpdater: Could not find generated setter for class com.th3rdwave.safeareacontext.SafeAreaProviderManager
04-06 02:32:20.494 21367 21505 W unknown:ViewManagerPropertyUpdater: Could not find generated setter for class com.facebook.react.uimanager.LayoutShadowNode
04-06 02:32:20.495 21367 21505 W unknown:ViewManagerPropertyUpdater: Could not find generated setter for class com.swmansion.rnscreens.SearchBarManager
04-06 02:32:20.496 21367 21505 W unknown:ViewManagerPropertyUpdater: Could not find generated setter for class com.swmansion.rnscreens.ScreenFooterManager
04-06 02:32:20.497 21367 21505 W unknown:ViewManagerPropertyUpdater: Could not find generated setter for class com.swmansion.rnscreens.gamma.tabs.TabScreenViewManager
04-06 02:32:20.498 21367 21505 W unknown:ViewManagerPropertyUpdater: Could not find generated setter for class expo.modules.kotlin.views.GroupViewManagerWrapper
04-06 02:32:20.499 21367 21505 W unknown:ViewManagerPropertyUpdater: Could not find generated setter for class com.swmansion.rnscreens.ScreenContainerViewManager
04-06 02:32:20.499 21367 21505 W unknown:ViewManagerPropertyUpdater: Could not find generated setter for class com.swmansion.rnscreens.gamma.tabs.TabsHostViewManager
04-06 02:32:20.501 21367 21505 W unknown:ViewManagerPropertyUpdater: Could not find generated setter for class com.swmansion.rnscreens.ModalScreenViewManager
04-06 02:32:20.502 21367 21505 W unknown:ViewManagerPropertyUpdater: Could not find generated setter for class com.swmansion.rnscreens.ScreenStackHeaderConfigViewManager
04-06 02:32:20.503 21367 21505 W unknown:ViewManagerPropertyUpdater: Could not find generated setter for class com.swmansion.rnscreens.ScreenContentWrapperManager
04-06 02:32:20.503 21367 21505 W unknown:ViewManagerPropertyUpdater: Could not find generated setter for class com.th3rdwave.safeareacontext.SafeAreaViewManager
04-06 02:32:20.505 21367 21505 W unknown:ViewManagerPropertyUpdater: Could not find generated setter for class com.th3rdwave.safeareacontext.SafeAreaViewShadowNode
04-06 02:32:20.505 21367 21505 W unknown:ViewManagerPropertyUpdater: Could not find generated setter for class com.swmansion.rnscreens.safearea.SafeAreaViewManager
04-06 02:32:20.506 21367 21505 W unknown:ViewManagerPropertyUpdater: Could not find generated setter for class com.swmansion.rnscreens.safearea.paper.SafeAreaViewShadowNode
04-06 02:32:20.506 21367 21505 W unknown:ViewManagerPropertyUpdater: Could not find generated setter for class com.swmansion.rnscreens.ScreenViewManager
04-06 02:32:20.506 21367 21505 W unknown:ViewManagerPropertyUpdater: Could not find generated setter for class com.swmansion.rnscreens.gamma.stack.host.StackHostViewManager
04-06 02:32:20.507 21367 21505 W unknown:ViewManagerPropertyUpdater: Could not find generated setter for class com.swmansion.rnscreens.ScreenStackHeaderSubviewManager
04-06 02:32:20.507 21367 21505 W unknown:ViewManagerPropertyUpdater: Could not find generated setter for class com.swmansion.rnscreens.gamma.stack.screen.StackScreenViewManager
04-06 02:32:20.508 21367 21505 W unknown:ViewManagerPropertyUpdater: Could not find generated setter for class com.swmansion.rnscreens.ScreenStackViewManager
04-06 02:32:20.581 21367 21505 W unknown:ViewManagerPropertyUpdater: Could not find generated setter for class com.facebook.react.views.debuggingoverlay.DebuggingOverlayManager
04-06 02:32:20.586 21367 21505 W unknown:ViewManagerPropertyUpdater: Could not find generated setter for class com.swmansion.gesturehandler.react.RNGestureHandlerButtonViewManager
04-06 02:32:20.592 21367 21505 W unknown:ViewManagerPropertyUpdater: Could not find generated setter for class com.facebook.react.views.safeareaview.ReactSafeAreaViewManager
04-06 02:32:20.597 21367 21505 W unknown:ViewManagerPropertyUpdater: Could not find generated setter for class com.facebook.react.views.modal.ReactModalHostManager
04-06 02:32:20.602 21367 21505 W unknown:ViewManagerPropertyUpdater: Could not find generated setter for class com.facebook.react.views.text.frescosupport.FrescoBasedReactTextInlineImageViewManager
04-06 02:32:20.603 21367 21505 W unknown:ViewManagerPropertyUpdater: Could not find generated setter for class com.facebook.react.views.text.frescosupport.FrescoBasedReactTextInlineImageShadowNode
04-06 02:32:20.607 21367 21505 W unknown:ViewManagerPropertyUpdater: Could not find generated setter for class com.facebook.react.views.progressbar.ReactProgressBarViewManager
04-06 02:32:20.608 21367 21505 W unknown:ViewManagerPropertyUpdater: Could not find generated setter for class com.facebook.react.views.progressbar.ProgressBarShadowNode
04-06 02:32:20.613 21367 21505 W unknown:ViewManagerPropertyUpdater: Could not find generated setter for class com.facebook.react.views.scroll.ReactHorizontalScrollViewManager
04-06 02:32:20.619 21367 21505 W unknown:ViewManagerPropertyUpdater: Could not find generated setter for class com.facebook.react.views.image.ReactImageManager
04-06 02:32:20.625 21367 21505 W unknown:ViewManagerPropertyUpdater: Could not find generated setter for class com.facebook.react.views.text.ReactTextViewManager
04-06 02:32:20.626 21367 21505 W unknown:ViewManagerPropertyUpdater: Could not find generated setter for class com.facebook.react.views.text.ReactTextShadowNode
04-06 02:32:20.631 21367 21505 W unknown:ViewManagerPropertyUpdater: Could not find generated setter for class com.facebook.react.views.scroll.ReactHorizontalScrollContainerViewManager
04-06 02:32:20.637 21367 21505 W unknown:ViewManagerPropertyUpdater: Could not find generated setter for class com.facebook.react.views.unimplementedview.ReactUnimplementedViewManager
04-06 02:32:20.641 21367 21505 W unknown:ViewManagerPropertyUpdater: Could not find generated setter for class com.facebook.react.views.scroll.ReactScrollViewManager
04-06 02:32:20.647 21367 21505 W unknown:ViewManagerPropertyUpdater: Could not find generated setter for class com.facebook.react.views.view.ReactViewManager
04-06 02:32:20.653 21367 21505 W unknown:ViewManagerPropertyUpdater: Could not find generated setter for class com.facebook.react.views.drawer.ReactDrawerLayoutManager
04-06 02:32:20.658 21367 21505 W unknown:ViewManagerPropertyUpdater: Could not find generated setter for class com.facebook.react.views.switchview.ReactSwitchManager
04-06 02:32:20.658 21367 21505 W unknown:ViewManagerPropertyUpdater: Could not find generated setter for class com.facebook.react.views.switchview.ReactSwitchShadowNode
04-06 02:32:20.663 21367 21505 W unknown:ViewManagerPropertyUpdater: Could not find generated setter for class com.facebook.react.views.swiperefresh.SwipeRefreshLayoutManager
04-06 02:32:20.669 21367 21505 W unknown:ViewManagerPropertyUpdater: Could not find generated setter for class com.facebook.react.views.textinput.ReactTextInputManager
04-06 02:32:20.671 21367 21505 W unknown:ViewManagerPropertyUpdater: Could not find generated setter for class com.facebook.react.views.textinput.ReactTextInputShadowNode
04-06 02:32:20.677 21367 21505 W unknown:ViewManagerPropertyUpdater: Could not find generated setter for class com.swmansion.gesturehandler.react.RNGestureHandlerRootViewManager
04-06 02:32:20.708 21367 21525 D TrafficStats: tagSocket(151) with statsTag=0xffffffff, statsUid=-1
04-06 02:32:20.876 21367 21505 V AsyncStorageExpoMigration: No scoped database found
04-06 02:32:21.051 21367 21505 D Detox.RNMarker: RUN_JS_BUNDLE_END (/.virtual-metro-entry.bundle?platform=android&dev=true&lazy=true&minify=false&app=com.evolucao.app&modulesOnly=false&runModule=true&excludeSource=true&sourcePaths=url-server)
04-06 02:32:21.053 21367 21505 I ReactNativeJS: Running "main" with {"rootTag":1,"initialProps":{},"fabric":true}
04-06 02:32:21.130 21367 21528 D TrafficStats: tagSocket(138) with statsTag=0xffffffff, statsUid=-1
04-06 02:32:21.256 21367 21367 I DecorView: notifyKeepScreenOnChanged: keepScreenOn=true
04-06 02:32:21.267 21367 21367 I ViewRootImpl@73623ee[MainActivity]: performTraversals params={(0,0)(fillxfill) sim={adjust=resize} layoutInDisplayCutoutMode=always ty=BASE_APPLICATION wanim=0x1030309
04-06 02:32:21.267 21367 21367 I ViewRootImpl@73623ee[MainActivity]:   fl=81810180
04-06 02:32:21.267 21367 21367 I ViewRootImpl@73623ee[MainActivity]:   pfl=16020040
04-06 02:32:21.267 21367 21367 I ViewRootImpl@73623ee[MainActivity]:   vsysui=100
04-06 02:32:21.267 21367 21367 I ViewRootImpl@73623ee[MainActivity]:   bhv=DEFAULT
04-06 02:32:21.267 21367 21367 I ViewRootImpl@73623ee[MainActivity]:   fitSides= naviIconColor=0}
04-06 02:32:21.268 21367 21367 I ViewRootImpl@73623ee[MainActivity]: performTraversals mFirst=false windowShouldResize=false viewVisibilityChanged=false mForceNextWindowRelayout=false params={(0,0)(fillxfill) sim={adjust=resize} layoutInDisplayCutoutMode=always ty=BASE_APPLICATION wanim=0x1030309
04-06 02:32:21.268 21367 21367 I ViewRootImpl@73623ee[MainActivity]:   fl=81810180
04-06 02:32:21.268 21367 21367 I ViewRootImpl@73623ee[MainActivity]:   pfl=16020040
04-06 02:32:21.268 21367 21367 I ViewRootImpl@73623ee[MainActivity]:   vsysui=100
04-06 02:32:21.268 21367 21367 I ViewRootImpl@73623ee[MainActivity]:   bhv=DEFAULT
04-06 02:32:21.268 21367 21367 I ViewRootImpl@73623ee[MainActivity]:   fitSides= naviIconColor=0}
04-06 02:32:21.275 21367 21367 I ViewRootImpl@73623ee[MainActivity]: updateBlastSurfaceIfNeeded mBlastBufferQueue=0xb4000070c2c34c00 isSameSurfaceControl=true
04-06 02:32:21.275 21367 21367 I BLASTBufferQueue: update, w= 1080 h= 2400 mName = ViewRootImpl@73623ee[MainActivity] mNativeObject= 0xb4000070c2c34c00 sc.mNativeObject= 0xb4000070a0ccf4a0 format= -1 caller= android.view.ViewRootImpl.updateBlastSurfaceIfNeeded:2898 android.view.ViewRootImpl.relayoutWindow:9847 android.view.ViewRootImpl.performTraversals:3884 android.view.ViewRootImpl.doTraversal:3116 android.view.ViewRootImpl$TraversalRunnable.run:10885 android.view.Choreographer$CallbackRecord.run:1301 
04-06 02:32:21.275 21367 21367 I ViewRootImpl@73623ee[MainActivity]: Relayout returned: old=(0,0,1080,2400) new=(0,0,1080,2400) req=(1080,2400)0 dur=7 res=0x0 s={true 0xb4000070a70d8000} ch=false seqId=0
04-06 02:32:21.282 21367 21367 D Detox.RNMarker: CONTENT_APPEARED (main)
04-06 02:32:21.284 21367 21505 D Detox.RNMarker: REACT_BRIDGELESS_LOADING_END (null)
04-06 02:32:21.293 21367 21505 I ReactNativeJS: '[ANALYTICS]', 'app_opened', { event: 'app_opened',
04-06 02:32:21.293 21367 21505 I ReactNativeJS:   eventId: '1775453541288_d4f1383ea223e',
04-06 02:32:21.293 21367 21505 I ReactNativeJS:   appVersion: '1.0.0',
04-06 02:32:21.293 21367 21505 I ReactNativeJS:   category: 'engagement',
04-06 02:32:21.293 21367 21505 I ReactNativeJS:   userId: 'anonymous',
04-06 02:32:21.293 21367 21505 I ReactNativeJS:   timestamp: 1775453541288,
04-06 02:32:21.293 21367 21505 I ReactNativeJS:   timestampIso: '2026-04-06T05:32:21.288Z',
04-06 02:32:21.293 21367 21505 I ReactNativeJS:   screen: 'App',
04-06 02:32:21.293 21367 21505 I ReactNativeJS:   sessionId: 'session-1775453541272-edf0edf8d7a0e',
04-06 02:32:21.293 21367 21505 I ReactNativeJS:   flowId: 'session-1775453541272-edf0edf8d7a0e',
04-06 02:32:21.293 21367 21505 I ReactNativeJS:   meta: 
04-06 02:32:21.293 21367 21505 I ReactNativeJS:    { domain: 'engagement',
04-06 02:32:21.293 21367 21505 I ReactNativeJS:      version: 1,
04-06 02:32:21.293 21367 21505 I ReactNativeJS:      dayKey: '2026-04-06',
04-06 02:32:21.293 21367 21505 I ReactNativeJS:      isFirstOpenOfDay: true,
04-06 02:32:21.293 21367 21505 I ReactNativeJS:      category: 'engagement' } }
04-06 02:32:21.481 21367 21376 I om.evolucao.app: Compiler allocated 4177KB to compile void android.widget.TextView.<init>(android.content.Context, android.util.AttributeSet, int, int)
04-06 02:32:21.490 21367 21367 D CompatibilityChangeReporter: Compat change id reported: 171228096; UID 10415; state: ENABLED
04-06 02:32:21.491 21367 21367 D ScrollView: initGoToTop
04-06 02:32:21.492 21367 21367 W om.evolucao.app: Accessing hidden field Landroid/widget/ScrollView;->mScroller:Landroid/widget/OverScroller; (unsupported, reflection, allowed)
04-06 02:32:21.516 21367 21367 W [RNScreens]: backTitleFontFamily prop is not available on Android
04-06 02:32:21.516 21367 21367 W [RNScreens]: disableBackButtonMenu prop is not available on Android
04-06 02:32:21.516 21367 21367 W [RNScreens]: backTitleVisible prop is not available on Android
04-06 02:32:21.517 21367 21367 W [RNScreens]: topInsetEnabled prop is not available on Android
04-06 02:32:21.517 21367 21367 W [RNScreens]: largeTitleHideShadow prop is not available on Android
04-06 02:32:21.517 21367 21367 W [RNScreens]: largeTitleFontWeight prop is not available on Android
04-06 02:32:21.517 21367 21367 W [RNScreens]: userInterfaceStyle prop is not available on Android
04-06 02:32:21.517 21367 21367 W [RNScreens]: largeTitleFontFamily prop is not available on Android
04-06 02:32:21.541 21367 21470 D OpenGLRenderer: setSurface called with nullptr
04-06 02:32:21.631 21367 21367 W UiControllerImpl: Waiting for: DYNAMIC_TASKS_HAVE_IDLED for 200 iterations.
04-06 02:32:22.954 21367 21367 W UiControllerImpl: Waiting for: DYNAMIC_TASKS_HAVE_IDLED for 300 iterations.
04-06 02:32:24.005 21367 21535 D ProfileInstaller: Installing profile for com.evolucao.app
04-06 02:32:25.331 21367 21367 I Detox   : Wait is over: App is now idle!
04-06 02:32:25.332 21367 21447 I DetoxWSClient: Sending out action 'ready' (ID #-1000)
04-06 02:32:25.333 21367 21447 I DetoxDispatcher: Done with action 'isReady'
04-06 02:32:25.340 21367 21451 D DetoxWSClient: Received action 'invoke' (ID #1, params={"target":{"type":"Class","value":"com.wix.detox.espresso.EspressoDetox"},"method":"setSynchronization","args":[{"type":"boolean","value":false}]})
04-06 02:32:25.340 21367 21447 I DetoxDispatcher: Handling action 'invoke' (ID #1)...
04-06 02:32:25.355 21367 21447 D Detox   : class com.wix.detox.espresso.EspressoDetox, setSynchronization, [false]
04-06 02:32:25.367 21367 21447 D IdlingRegistry: Unregistering idling resources: [com.wix.detox.reactnative.idlingresources.timers.FabricTimersIdlingResource@76f3a71]
04-06 02:32:25.369 21367 21447 D IdlingRegistry: Unregistering idling resources: [com.wix.detox.reactnative.idlingresources.StabilizedIdlingResource@72508d7]
04-06 02:32:25.369 21367 21447 D IdlingRegistry: Unregiste