--------- beginning of main
04-06 13:13:52.208 32710   319 D NativeCustomFrequencyManager: [NativeCFMS] BpCustomFrequencyManager::BpCustomFrequencyManager()
04-06 13:13:52.213 32710 32710 D InsetsController: onStateChanged: InsetsState: {mDisplayFrame=Rect(0, 0 - 1080, 2400), mDisplayCutout=DisplayCutout{insets=Rect(0, 88 - 0, 0) waterfall=Insets{left=0, top=0, right=0, bottom=0} boundingRect={Bounds=[Rect(0, 0 - 0, 0), Rect(512, 0 - 568, 88), Rect(0, 0 - 0, 0), Rect(0, 0 - 0, 0)]} cutoutPathParserInfo={CutoutPathParserInfo{displayWidth=1080 displayHeight=2400 physicalDisplayWidth=1080 physicalDisplayHeight=2400 density={3.0} cutoutSpec={M 0,0 M 0,10.71963616907435 a 9.280363830925644,9.280363830925644 0 1,0 0,18.56072766185129 a 9.280363830925644,9.280363830925644 0 1,0 0,-18.56072766185129 Z @dp} rotation={0} scale={1.0} physicalPixelDisplaySizeRatio={1.0}}}}, mRoundedCorners=RoundedCorners{[RoundedCorner{position=TopLeft, radius=96, center=Point(96, 96)}, RoundedCorner{position=TopRight, radius=96, center=Point(984, 96)}, RoundedCorner{position=BottomRight, radius=96, center=Point(984, 2304)}, RoundedCorner{position=BottomLeft, radius=96, center=Point(96, 2304)}]}  mRoundedCornerFrame=Rect(0, 0 - 1080, 2400), mPrivacyIndicatorBounds=PrivacyIndicatorBounds {static bounds=Rect(948, 0 - 1080, 88) rotation=0}, mSources= { InsetsSource: {mType=ITYPE_STATUS_BAR, mFrame=[0,0][1080,88], mVisible=true, mInsetsRoundedCornerFrame=false}, InsetsSource: {mType=ITYPE_NAVIGATION_BAR, mFrame=[0,2256][1080,2400], mVisible=true, mInsetsRoundedCornerFrame=false}, InsetsSource: {mType=ITYPE_LEFT_GESTURES, mFrame=[0,0][0,2400], mVisible=true, mInsetsRoundedCornerFrame=false}, InsetsSource: {mType=ITYPE_RIGHT_GESTURES, mFrame=[1080,0][1080,2400], mVisible=true, mInsetsRoundedCornerFrame=false}, InsetsSource: {mType=ITYPE_TOP_MANDATORY_GESTURES, mFrame=[0,0][1080,124], mVisible=true, mInsetsRoundedCornerFrame=false}, InsetsSource: {mType=ITYPE_BOTTOM_MANDATORY_GESTURES, mFrame=[0,2256][1080,2400], mVisible=true, mInsetsRoundedCornerFrame=false}, InsetsSource: {mType=ITYPE_LEFT_DISPLAY_CUTOUT, mFrame=[0,0][-100000,2400], mVisible=true, mInsetsRoundedCornerFrame=false}, InsetsSource: {mType=ITYPE_TOP_DISPLAY_CUTOUT, mFrame=[0,0][1080,88], mVisible=true, mInsetsRoundedCornerFrame=false}, InsetsSource: {mType=ITYPE_RIGHT_DISPLAY_CUTOUT, mFrame=[100000,0][1080,2400], mVisible=true, mInsetsRoundedCornerFrame=false}, InsetsSource: {mType=ITYPE_BOTTOM_DISPLAY_CUTOUT, mFrame=[0,100000][1080,2400], mVisible=true, mInsetsRoundedCornerFrame=false}, InsetsSource: {mType=ITYPE_TOP_TAPPABLE_ELEMENT, mFrame=[0,0][1080,88], mVisible=true, mInsetsRoundedCornerFrame=false}, InsetsSource: {mType=ITYPE_BOTTOM_TAPPABLE_ELEMENT, mFrame=[0,2256][1080,2400], mVisible=true, mInsetsRoundedCornerFrame=false} } host=PopupWindow:ac9ff81 from=android.view.ViewRootImpl.setView:1732
04-06 13:13:52.217 32710 32710 I ViewRootImpl@2a14826[PopupWindow:ac9ff81]: setView = android.widget.PopupWindow$PopupDecorView@ac9c0b2 TM=true
04-06 13:13:52.220 32710 32710 I ViewRootImpl@2a14826[PopupWindow:ac9ff81]: performTraversals params={(0,88)(fillxwrap) gr=TOP START CENTER sim={state=unchanged adjust=pan} ty=APPLICATION_PANEL fmt=TRANSLUCENT surfaceInsets=Rect(0, 0 - 0, 0) (manual)
04-06 13:13:52.220 32710 32710 I ViewRootImpl@2a14826[PopupWindow:ac9ff81]:   fl=41800008
04-06 13:13:52.220 32710 32710 I ViewRootImpl@2a14826[PopupWindow:ac9ff81]:   pfl=42018000
04-06 13:13:52.220 32710 32710 I ViewRootImpl@2a14826[PopupWindow:ac9ff81]:   bhv=DEFAULT
04-06 13:13:52.220 32710 32710 I ViewRootImpl@2a14826[PopupWindow:ac9ff81]:   fitTypes=STATUS_BARS NAVIGATION_BARS CAPTION_BAR naviIconColor=0
04-06 13:13:52.220 32710 32710 I ViewRootImpl@2a14826[PopupWindow:ac9ff81]:   sfl=20000}
04-06 13:13:52.221 32710 32710 I ViewRootImpl@2a14826[PopupWindow:ac9ff81]: performTraversals mFirst=true windowShouldResize=true viewVisibilityChanged=false mForceNextWindowRelayout=false params={(0,88)(fillxwrap) gr=TOP START CENTER sim={state=unchanged adjust=pan} ty=APPLICATION_PANEL fmt=TRANSLUCENT surfaceInsets=Rect(0, 0 - 0, 0) (manual)
04-06 13:13:52.221 32710 32710 I ViewRootImpl@2a14826[PopupWindow:ac9ff81]:   fl=41800008
04-06 13:13:52.221 32710 32710 I ViewRootImpl@2a14826[PopupWindow:ac9ff81]:   pfl=42018000
04-06 13:13:52.221 32710 32710 I ViewRootImpl@2a14826[PopupWindow:ac9ff81]:   bhv=DEFAULT
04-06 13:13:52.221 32710 32710 I ViewRootImpl@2a14826[PopupWindow:ac9ff81]:   fitTypes=STATUS_BARS NAVIGATION_BARS CAPTION_BAR naviIconColor=0
04-06 13:13:52.221 32710 32710 I ViewRootImpl@2a14826[PopupWindow:ac9ff81]:   sfl=20000}
04-06 13:13:52.225 32710   646 I ViewRootImpl@2a14826[PopupWindow:ac9ff81]: Resizing android.view.ViewRootImpl@c497803: frame = [0,88][1080,167] reportDraw = true forceLayout = false syncSeqId = 0
04-06 13:13:52.226 32710 32710 I ViewRootImpl@2a14826[PopupWindow:ac9ff81]: updateBlastSurfaceIfNeeded mBlastBufferQueue=null isSameSurfaceControl=false
04-06 13:13:52.226 32710 32710 I BLASTBufferQueue: new BLASTBufferQueue, mName= ViewRootImpl@2a14826[PopupWindow:ac9ff81] mNativeObject= 0xb400007006274900 sc.mNativeObject= 0xb40000701687ede0 caller= android.view.ViewRootImpl.updateBlastSurfaceIfNeeded:2909 android.view.ViewRootImpl.relayoutWindow:9847 android.view.ViewRootImpl.performTraversals:3884 android.view.ViewRootImpl.doTraversal:3116 android.view.ViewRootImpl$TraversalRunnable.run:10885 android.view.Choreographer$CallbackRecord.run:1301 android.view.Choreographer$CallbackRecord.run:1309 android.view.Choreographer.doCallbacks:923 android.view.Choreographer.doFrame:852 android.view.Choreographer$FrameDisplayEventReceiver.run:1283 
04-06 13:13:52.227 32710 32710 I BLASTBufferQueue: update, w= 1080 h= 79 mName = ViewRootImpl@2a14826[PopupWindow:ac9ff81] mNativeObject= 0xb400007006274900 sc.mNativeObject= 0xb40000701687ede0 format= -3 caller= android.graphics.BLASTBufferQueue.<init>:84 android.view.ViewRootImpl.updateBlastSurfaceIfNeeded:2909 android.view.ViewRootImpl.relayoutWindow:9847 android.view.ViewRootImpl.performTraversals:3884 android.view.ViewRootImpl.doTraversal:3116 android.view.ViewRootImpl$TraversalRunnable.run:10885 
04-06 13:13:52.227 32710 32710 I ViewRootImpl@2a14826[PopupWindow:ac9ff81]: Relayout returned: old=(0,88,1080,2256) new=(0,88,1080,167) req=(1080,79)0 dur=5 res=0x3 s={true 0xb4000070a6e06800} ch=true seqId=0
04-06 13:13:52.228 32710 32710 I ViewRootImpl@2a14826[PopupWindow:ac9ff81]: mThreadedRenderer.initialize() mSurface={isValid=true 0xb4000070a6e06800} hwInitialized=true
04-06 13:13:52.228 32710   319 D OpenGLRenderer: eglCreateWindowSurface
04-06 13:13:52.230 32710 32710 I ViewRootImpl@2a14826[PopupWindow:ac9ff81]: reportNextDraw android.view.ViewRootImpl.performTraversals:4438 android.view.ViewRootImpl.doTraversal:3116 android.view.ViewRootImpl$TraversalRunnable.run:10885 android.view.Choreographer$CallbackRecord.run:1301 android.view.Choreographer$CallbackRecord.run:1309 
04-06 13:13:52.230 32710 32710 I ViewRootImpl@2a14826[PopupWindow:ac9ff81]: Setup new sync id=0
04-06 13:13:52.230 32710 32710 I ViewRootImpl@2a14826[PopupWindow:ac9ff81]: Setting syncFrameCallback
04-06 13:13:52.230 32710 32710 I ViewRootImpl@2a14826[PopupWindow:ac9ff81]: registerCallbacksForSync syncBuffer=false
04-06 13:13:52.231 32710   433 I ViewRootImpl@2a14826[PopupWindow:ac9ff81]: Received frameDrawingCallback syncResult=0 frameNum=1.
04-06 13:13:52.231 32710   433 I ViewRootImpl@2a14826[PopupWindow:ac9ff81]: Setting up sync and frameCommitCallback
04-06 13:13:52.232 32710   319 I BLASTBufferQueue: [ViewRootImpl@2a14826[PopupWindow:ac9ff81]#2](f:0,a:0) onFrameAvailable the first frame is available
04-06 13:13:52.234 32710   319 I ViewRootImpl@2a14826[PopupWindow:ac9ff81]: Received frameCommittedCallback lastAttemptedDrawFrameNum=1 didProduceBuffer=true
04-06 13:13:52.234 32710   319 D OpenGLRenderer: CFMS:: SetUp Pid : 32710    Tid : 319
04-06 13:13:52.235 32710   319 W Parcel  : Expecting binder but got null!
04-06 13:13:52.235 32710 32710 I ViewRootImpl@2a14826[PopupWindow:ac9ff81]: onSyncComplete
04-06 13:13:52.236 32710 32710 I ViewRootImpl@2a14826[PopupWindow:ac9ff81]: setupSync seqId=0 mSyncId=0 fn=1 caller=android.view.ViewRootImpl$$ExternalSyntheticLambda11.accept:6 android.window.SurfaceSyncer.lambda$setupSync$1$android-window-SurfaceSyncer:128 android.window.SurfaceSyncer$$ExternalSyntheticLambda1.accept:8 android.window.SurfaceSyncer$SyncSet.checkIfSyncIsComplete:382 android.window.SurfaceSyncer$SyncSet.markSyncReady:359 android.window.SurfaceSyncer.markSyncReady:151 android.view.ViewRootImpl.performTraversals:4503 
04-06 13:13:52.236 32710 32710 I ViewRootImpl@2a14826[PopupWindow:ac9ff81]: reportDrawFinished seqId=0 mSyncId=-1 fn=1 mSurfaceChangedTransaction=0xb4000070a0c14200
04-06 13:13:52.237 32710 32710 I ViewRootImpl@2a14826[PopupWindow:ac9ff81]: handleResized, msg = 5 frames=ClientWindowFrames{frame=[0,88][1080,167] display=[0,88][1080,2256] parentFrame=[0,0][0,0] parentClippedByDisplayCutout=false} forceNextWindowRelayout=false displayId=0 resizeMode=-1 frameChanged=false displayFrameChanged=false configChanged=false displayChanged=false
04-06 13:13:52.237 32710 32710 I ViewRootImpl@2a14826[PopupWindow:ac9ff81]: handleResized mSyncSeqId = 0
04-06 13:13:52.237 32710 32710 I ViewRootImpl@2a14826[PopupWindow:ac9ff81]: reportNextDraw android.view.ViewRootImpl.handleResized:2450 android.view.ViewRootImpl.-$$Nest$mhandleResized:0 android.view.ViewRootImpl$ViewRootHandler.handleMessageImpl:6728 android.view.ViewRootImpl$ViewRootHandler.handleMessage:6697 android.os.Handler.dispatchMessage:106 
04-06 13:13:52.237 32710 32710 I ViewRootImpl@2a14826[PopupWindow:ac9ff81]: Setup new sync id=1
04-06 13:13:52.238 32710 32710 I ViewRootImpl@2a14826[PopupWindow:ac9ff81]: Setting syncFrameCallback
04-06 13:13:52.238 32710 32710 I ViewRootImpl@2a14826[PopupWindow:ac9ff81]: registerCallbacksForSync syncBuffer=false
04-06 13:13:52.238 32710   434 I ViewRootImpl@2a14826[PopupWindow:ac9ff81]: Received frameDrawingCallback syncResult=0 frameNum=2.
04-06 13:13:52.238 32710   434 I ViewRootImpl@2a14826[PopupWindow:ac9ff81]: Setting up sync and frameCommitCallback
04-06 13:13:52.238 32710   319 I ViewRootImpl@2a14826[PopupWindow:ac9ff81]: Received frameCommittedCallback lastAttemptedDrawFrameNum=2 didProduceBuffer=false
04-06 13:13:52.238 32710   319 I BLASTBufferQueue: syncNextTransaction, mName= ViewRootImpl@2a14826[PopupWindow:ac9ff81] acquireSingleBuffer= true mNativeObject= 0xb400007006274900 callback= null caller= android.graphics.BLASTBufferQueue.syncNextTransaction:147 android.view.ViewRootImpl$12.lambda$onFrameDraw$0$android-view-ViewRootImpl$12:13399 android.view.ViewRootImpl$12$$ExternalSyntheticLambda1.onFrameCommit:9 android.view.ThreadedRenderer$1.lambda$onFrameDraw$0:813 android.view.ThreadedRenderer$1$$ExternalSyntheticLambda0.onFrameCommit:2 <bottom of call stack> 
04-06 13:13:52.238 32710   319 I BLASTBufferQueue: [ViewRootImpl@2a14826[PopupWindow:ac9ff81]#2](f:0,a:1) syncNextTransaction callback: 0, acquireSingleBuffer: 1, mTransactionReadyCallback: 0
04-06 13:13:52.238 32710   319 I BLASTBufferQueue: gatherPendingTransactions, mName= ViewRootImpl@2a14826[PopupWindow:ac9ff81] mNativeObject= 0xb400007006274900 frameNumber= 2 caller= android.view.ViewRootImpl$12.lambda$onFrameDraw$0$android-view-ViewRootImpl$12:13406 android.view.ViewRootImpl$12$$ExternalSyntheticLambda1.onFrameCommit:9 android.view.ThreadedRenderer$1.lambda$onFrameDraw$0:813 android.view.ThreadedRenderer$1$$ExternalSyntheticLambda0.onFrameCommit:2 <bottom of call stack> <bottom of call stack> 
04-06 13:13:52.240 32710 32710 I ViewRootImpl@2a14826[PopupWindow:ac9ff81]: onSyncComplete
04-06 13:13:52.240 32710 32710 I ViewRootImpl@2a14826[PopupWindow:ac9ff81]: setupSync seqId=0 mSyncId=1 fn=2 caller=android.view.ViewRootImpl$$ExternalSyntheticLambda11.accept:6 android.window.SurfaceSyncer.lambda$setupSync$1$android-window-SurfaceSyncer:128 android.window.SurfaceSyncer$$ExternalSyntheticLambda1.accept:8 android.window.SurfaceSyncer$SyncSet.checkIfSyncIsComplete:382 android.window.SurfaceSyncer$SyncSet.markSyncReady:359 android.window.SurfaceSyncer.markSyncReady:151 android.view.ViewRootImpl.performTraversals:4503 
04-06 13:13:52.24--------- beginning of main
04-06 13:14:00.061  1748  1748 I om.evolucao.app: Late-enabling -Xcheck:jni
04-06 13:14:00.082  1748  1748 I om.evolucao.app: Using CollectorTypeCC GC.
04-06 13:14:00.110  1748  1748 D ActivityThread: setConscryptValidator
04-06 13:14:00.110  1748  1748 D ActivityThread: setConscryptValidator - put
04-06 13:14:00.124  1748  1748 D CompatibilityChangeReporter: Compat change id reported: 171979766; UID 10649; state: ENABLED
--------- beginning of system
04-06 13:14:00.130  1748  1748 W ActivityThread: Package uses different ABI(s) than its instrumentation: package[com.evolucao.app]: arm64-v8a, null instrumentation[com.evolucao.app.test]: null, null
04-06 13:14:00.133  1748  1748 W om.evolucao.app: ClassLoaderContext classpath size mismatch. expected=0, found=1 (PCL[] | PCL[/system/framework/android.test.runner.jar*2256426886])
04-06 13:14:00.134  1748  1748 W om.evolucao.app: ClassLoaderContext classpath size mismatch. expected=0, found=2 (PCL[] | PCL[/system/framework/android.test.runner.jar*2256426886:/system/framework/android.test.mock.jar*2695051129])
04-06 13:14:00.135  1748  1748 W ziparchive: Unable to open '/data/app/~~eKP81dg5j_ZxUfnUgM7wQw==/com.evolucao.app.test-zcfvBS09ILybQS6JNzsRqg==/base.dm': No such file or directory
04-06 13:14:00.135  1748  1748 W ziparchive: Unable to open '/data/app/~~eKP81dg5j_ZxUfnUgM7wQw==/com.evolucao.app.test-zcfvBS09ILybQS6JNzsRqg==/base.dm': No such file or directory
04-06 13:14:00.217  1748  1748 W ziparchive: Unable to open '/data/app/~~86biQjGJIY1d1KUAb8sfeg==/com.evolucao.app-NFTz5EeLug_1tlu-_BNxYA==/base.dm': No such file or directory
04-06 13:14:00.217  1748  1748 W ziparchive: Unable to open '/data/app/~~86biQjGJIY1d1KUAb8sfeg==/com.evolucao.app-NFTz5EeLug_1tlu-_BNxYA==/base.dm': No such file or directory
04-06 13:14:00.538  1748  1748 D nativeloader: Configuring classloader-namespace for other apk /system/framework/android.test.runner.jar:/system/framework/android.test.mock.jar:/system/framework/android.test.base.jar:/data/app/~~eKP81dg5j_ZxUfnUgM7wQw==/com.evolucao.app.test-zcfvBS09ILybQS6JNzsRqg==/base.apk:/data/app/~~86biQjGJIY1d1KUAb8sfeg==/com.evolucao.app-NFTz5EeLug_1tlu-_BNxYA==/base.apk. target_sdk_version=36, uses_libraries=, library_path=/data/app/~~eKP81dg5j_ZxUfnUgM7wQw==/com.evolucao.app.test-zcfvBS09ILybQS6JNzsRqg==/lib/arm64:/data/app/~~86biQjGJIY1d1KUAb8sfeg==/com.evolucao.app-NFTz5EeLug_1tlu-_BNxYA==/lib/arm64:/data/app/~~eKP81dg5j_ZxUfnUgM7wQw==/com.evolucao.app.test-zcfvBS09ILybQS6JNzsRqg==/base.apk!/lib/arm64-v8a:/data/app/~~86biQjGJIY1d1KUAb8sfeg==/com.evolucao.app-NFTz5EeLug_1tlu-_BNxYA==/base.apk!/lib/arm64-v8a, permitted_path=/data:/mnt/expand:/data/user/0/com.evolucao.app
04-06 13:14:00.550  1748  1748 V GraphicsEnvironment: ANGLE Developer option for 'com.evolucao.app' set to: 'default'
04-06 13:14:00.550  1748  1748 V GraphicsEnvironment: ANGLE GameManagerService for com.evolucao.app: false
04-06 13:14:00.550  1748  1748 V GraphicsEnvironment: App is not on the allowlist for updatable production driver.
04-06 13:14:00.554  1748  1748 D ApplicationLoaders: Returning zygote-cached class loader: /system/framework/android.test.base.jar
04-06 13:14:00.556  1748  1748 D nativeloader: Configuring classloader-namespace for other apk /system/framework/android.test.mock.jar. target_sdk_version=36, uses_libraries=ALL, library_path=/data/app/~~eKP81dg5j_ZxUfnUgM7wQw==/com.evolucao.app.test-zcfvBS09ILybQS6JNzsRqg==/lib/arm64:/data/app/~~86biQjGJIY1d1KUAb8sfeg==/com.evolucao.app-NFTz5EeLug_1tlu-_BNxYA==/lib/arm64, permitted_path=/data:/mnt/expand
04-06 13:14:00.556  1748  1748 D nativeloader: Extending system_exposed_libraries: libhumantracking.arcsoft.so:libPortraitDistortionCorrection.arcsoft.so:libPortraitDistortionCorrectionCali.arcsoft.so:libface_landmark.arcsoft.so:libFacialStickerEngine.arcsoft.so:libveengine.arcsoft.so:lib_pet_detection.arcsoft.so:libhigh_res.arcsoft.so:libimage_enhancement.arcsoft.so:liblow_light_hdr.arcsoft.so:libhigh_dynamic_range.arcsoft.so:libsuperresolution.arcsoft.so:libobjectcapture_jni.arcsoft.so:libobjectcapture_jni.arcsoft.so:libobjectcapture.arcsoft.so:libFacialAttributeDetection.arcsoft.so:libBeauty_v4.camera.samsung.so:libexifa.camera.samsung.so:libjpega.camera.samsung.so:libOpenCv.camera.samsung.so:libVideoClassifier.camera.samsung.so:libtensorflowLite.dynamic_viewing.camera.samsung.so:libImageScreener.camera.samsung.so:libMyFilter.camera.samsung.so:libtflite2.myfilters.camera.samsung.so:libHIDTSnapJNI.camera.samsung.so:libSmartScan.camera.samsung.so:libRectify.camera.samsung.so:libDocRectifyWrapper.camera.samsung.so:libUltraWideDistortionCorrection.camera.
04-06 13:14:00.557  1748  1748 D ApplicationLoaders: Returning zygote-cached class loader: /system/framework/android.test.base.jar
04-06 13:14:00.558  1748  1748 W om.evolucao.app: ClassLoaderContext shared library size mismatch. Expected=0, found=2 (PCL[] | PCL[]{PCL[/system/framework/android.test.base.jar*1628045882]#PCL[/system/framework/android.test.mock.jar*2695051129]})
04-06 13:14:00.559  1748  1748 D nativeloader: Configuring classloader-namespace for other apk /system/framework/android.test.runner.jar. target_sdk_version=36, uses_libraries=ALL, library_path=/data/app/~~eKP81dg5j_ZxUfnUgM7wQw==/com.evolucao.app.test-zcfvBS09ILybQS6JNzsRqg==/lib/arm64:/data/app/~~86biQjGJIY1d1KUAb8sfeg==/com.evolucao.app-NFTz5EeLug_1tlu-_BNxYA==/lib/arm64, permitted_path=/data:/mnt/expand
04-06 13:14:00.559  1748  1748 D nativeloader: Extending system_exposed_libraries: libhumantracking.arcsoft.so:libPortraitDistortionCorrection.arcsoft.so:libPortraitDistortionCorrectionCali.arcsoft.so:libface_landmark.arcsoft.so:libFacialStickerEngine.arcsoft.so:libveengine.arcsoft.so:lib_pet_detection.arcsoft.so:libhigh_res.arcsoft.so:libimage_enhancement.arcsoft.so:liblow_light_hdr.arcsoft.so:libhigh_dynamic_range.arcsoft.so:libsuperresolution.arcsoft.so:libobjectcapture_jni.arcsoft.so:libobjectcapture_jni.arcsoft.so:libobjectcapture.arcsoft.so:libFacialAttributeDetection.arcsoft.so:libBeauty_v4.camera.samsung.so:libexifa.camera.samsung.so:libjpega.camera.samsung.so:libOpenCv.camera.samsung.so:libVideoClassifier.camera.samsung.so:libtensorflowLite.dynamic_viewing.camera.samsung.so:libImageScreener.camera.samsung.so:libMyFilter.camera.samsung.so:libtflite2.myfilters.camera.samsung.so:libHIDTSnapJNI.camera.samsung.so:libSmartScan.camera.samsung.so:libRectify.camera.samsung.so:libDocRectifyWrapper.camera.samsung.so:libUltraWideDistortionCorrection.camera.
04-06 13:14:00.562  1748  1748 W om.evolucao.app: ClassLoaderContext shared library size mismatch. Expected=0, found=3 (PCL[] | PCL[]{PCL[/system/framework/android.test.base.jar*1628045882]#PCL[/system/framework/android.test.mock.jar*2695051129]#PCL[/system/framework/android.test.runner.jar*2256426886]{PCL[/system/framework/android.test.base.jar*1628045882]#PCL[/system/framework/android.test.mock.jar*2695051129]}};PCL[/system/framework/android.test.runner.jar*2256426886:/system/framework/android.test.mock.jar*2695051129:/system/framework/android.test.base.jar*1628045882:/data/app/~~eKP81dg5j_ZxUfnUgM7wQw==/com.evolucao.app.test-zcfvBS09ILybQS6JNzsRqg==/base.apk*2272993428:/data/app/~~eKP81dg5j_ZxUfnUgM7wQw==/com.evolucao.app.test-zcfvBS09ILybQS6JNzsRqg==/base.apk!classes2.dex*714357168:/data/app/~~eKP81dg5j_ZxUfnUgM7wQw==/com.evolucao.app.test-zcfvBS09ILybQS6JNzsRqg==/base.apk!classes3.dex*1380987315:/data/app/~~eKP81dg5j_ZxUfnUgM7wQw==/com.evolucao.app.test-zcfvBS09ILybQS6JNzsRqg==/base.apk!classes4.dex*3771904477:/data/app/~~eKP81dg5j_ZxUfnUgM7wQw==/com.evolucao.app.test-zcfvBS09ILybQS6JNzsRqg==/base.apk!classes5.dex*2127157885:/data/app/~~eKP81dg5j_ZxUfnUgM7wQw==/com.evolucao.app.test-zcfvBS09ILybQS6JNzsRqg==/base.apk!classes6.dex*971414087:/data/app/~~eKP81dg5j_ZxUfnUgM7wQw==/com.evolucao.app.test-zcfvBS09ILybQS6JNzsRqg==/base.apk!classes7.dex*742752503:/data/app/~~eKP81dg5j_ZxUfnUgM7wQw==/com.evolucao.app.test-zcfvBS09ILybQS6JNzsRqg==/base.apk!classes8.dex*388434936:/data/app/~~eKP81dg5j_ZxUfnUgM7wQw==/com.evolucao.app.test-zcfvBS09ILybQS6JNzsRqg==/base.apk!classes9.dex*209335023:/data/app/~~eKP81dg5j_ZxUfnUgM7wQw==/com.evolucao.app.test-zcfvBS09ILybQS6JNzsRqg==/base.apk!classes10.dex*2871199926:/data/app/~~eKP81dg5j_ZxUfnUgM7wQw==/com.evolucao.app.test-zcfvBS09ILybQS6JNzsRqg==/base.apk!classes11.dex*3957027005:/data/app/~~eKP81dg5j_ZxUfnUgM7wQw==/com.evolucao.app.test-zcfvBS09ILybQS6JNzsRqg==/base.apk!classes12.dex*914099516:/data/app/~~eKP81dg5j_ZxUfnUgM7wQw==/com.evolucao.app.test-zcfvBS09ILybQS6JNzsRqg==/base.apk!classes13.dex*4108993750:/data/app/~~eKP81dg5j_ZxUfnUgM7wQw==/com.evolucao.app.test-zcfvBS09ILybQS6JNzsRqg==/base.apk!classes14.dex*1632137592:/data/app/~~eKP81dg5j_ZxUfnUgM7wQw==/com.evolucao.app.test-zcfvBS09ILybQS6JNzsRqg==/base.apk!classes15.dex*1757943310:/data/app/~~eKP81dg5j_ZxUfnUgM7wQw==/com.evolucao.app.test-zcfvBS09ILybQS6JNzsRqg==/base.apk!classes16.dex*931013159:/data/app/~~eKP81dg5j_ZxUfnUgM7wQw==/com.evolucao.app.test-zcfvBS09ILybQS6JNzsRqg==/base.apk!classes17.dex*2782462504:/data/app/~~eKP81dg5j_ZxUfnUgM7wQw==/com.evolucao.app.test-zcfvBS09ILybQS6JNzsRqg==/base.apk!classes18.dex*3468966139:/data/app/~~eKP81dg5j_ZxUfnUgM7wQw==/com.evolucao.app.test-zcfvBS09ILybQS6JNzsRqg==/base.apk!classes19.dex*2267436335:/data/app/~~86biQjGJIY1d1KUAb8sfeg==/com.evolucao.app-NFTz5EeLug_1tlu-_BNxYA==/base.apk*198750528:/data/app/~~86biQjGJIY1d1KUAb8sfeg==/com.evolucao.app-NFTz5EeLug_1tlu-_BNxYA==/base.apk!classes2.dex*1675103030:/data/app/~~86biQjGJIY1d1KUAb8sfeg==/com.evolucao.app-NFTz5EeLug_1tlu-_BNxYA==/base.apk!classes3.dex*1788775668:/data/app/~~86biQjGJIY1d1KUAb8sfeg==/com.evolucao.app-NFTz5EeLug_1tlu-_BNxYA==/base.apk!classes4.dex*2572157285:/data/app/~~86biQjGJIY1d1KUAb8sfeg==/com.evolucao.app-NFTz5EeLug_1tlu-_BNxYA==/base.apk!classes5.dex*3994030385:/data/app/~~86biQjGJIY1d1KUAb8sfeg==/com.evolucao.app-NFTz5EeLug_1tlu-_BNxYA==/base.apk!classes6.dex*1028875939:/data/app/~~86biQjGJIY1d1KUAb8sfeg==/com.evolucao.app-NFTz5EeLug_1tlu-_BNxYA==/base.apk!classes7.dex*2113616002:/data/app/~~86biQjGJIY1d1KUAb8sfeg==/com.evolucao.app-NFTz5EeLug_1tlu-_BNxYA==/base.apk!classes8.dex*3287389796:/data/app/~~86biQjGJIY1d1KUAb8sfeg==/com.evolucao.app-NFTz5EeLug_1tlu-_BNxYA==/base.apk!classes9.dex*2030025819:/data/app/~~86biQjGJIY1d1KUAb8sfeg==/com.evolucao.app-NFTz5EeLug_1tlu-_BNxYA==/base.apk!classes10.dex*1917680387:/data/app/~~86biQjGJIY1d1KUAb8sfeg==/com.evolucao.app-NFTz5EeLug_1tlu-_BNxYA==/base.apk!classes11.dex*152968521:/data/app/~~86biQjGJIY1d1KUAb8sfeg==/com.evolucao.app-NFTz5EeLug_1tlu-_BNxYA==/base.apk!cla
04-06 13:14:00.563  1748  1748 W om.evolucao.app: ClassLoaderContext classpath size mismatch. expected=0, found=1 (PCL[] | PCL[/system/framework/android.test.runner.jar*2256426886]{PCL[/system/framework/android.test.base.jar*1628045882]#PCL[/system/framework/android.test.mock.jar*2695051129]#PCL[/system/framework/android.test.runner.jar*2256426886]{PCL[/system/framework/android.test.base.jar*1628045882]#PCL[/system/framework/android.test.mock.jar*2695051129]}};PCL[/system/framework/android.test.runner.jar*2256426886:/system/framework/android.test.mock.jar*2695051129:/system/framework/android.test.base.jar*1628045882:/data/app/~~eKP81dg5j_ZxUfnUgM7wQw==/com.evolucao.app.test-zcfvBS09ILybQS6JNzsRqg==/base.apk*2272993428:/data/app/~~eKP81dg5j_ZxUfnUgM7wQw==/com.evolucao.app.test-zcfvBS09ILybQS6JNzsRqg==/base.apk!classes2.dex*714357168:/data/app/~~eKP81dg5j_ZxUfnUgM7wQw==/com.evolucao.app.test-zcfvBS09ILybQS6JNzsRqg==/base.apk!classes3.dex*1380987315:/data/app/~~eKP81dg5j_ZxUfnUgM7wQw==/com.evolucao.app.test-zcfvBS09ILybQS6JNzsRqg==/base.apk!classes4.dex*3771904477:/data/app/~~eKP81dg5j_ZxUfnUgM7wQw==/com.evolucao.app.test-zcfvBS09ILybQS6JNzsRqg==/base.apk!classes5.dex*2127157885:/data/app/~~eKP81dg5j_ZxUfnUgM7wQw==/com.evolucao.app.test-zcfvBS09ILybQS6JNzsRqg==/base.apk!classes6.dex*971414087:/data/app/~~eKP81dg5j_ZxUfnUgM7wQw==/com.evolucao.app.test-zcfvBS09ILybQS6JNzsRqg==/base.apk!classes7.dex*742752503:/data/app/~~eKP81dg5j_ZxUfnUgM7wQw==/com.evolucao.app.test-zcfvBS09ILybQS6JNzsRqg==/base.apk!classes8.dex*388434936:/data/app/~~eKP81dg5j_ZxUfnUgM7wQw==/com.evolucao.app.test-zcfvBS09ILybQS6JNzsRqg==/base.apk!classes9.dex*209335023:/data/app/~~eKP81dg5j_ZxUfnUgM7wQw==/com.evolucao.app.test-zcfvBS09ILybQS6JNzsRqg==/base.apk!classes10.dex*2871199926:/data/app/~~eKP81dg5j_ZxUfnUgM7wQw==/com.evolucao.app.test-zcfvBS09ILybQS6JNzsRqg==/base.apk!classes11.dex*3957027005:/data/app/~~eKP81dg5j_ZxUfnUgM7wQw==/com.evolucao.app.test-zcfvBS09ILybQS6JNzsRqg==/base.apk!classes12.dex*914099516:/data/app/~~eKP81dg5j_ZxUfnUgM7wQw==/com.evolucao.app.test-zcfvBS09ILybQS6JNzsRqg==/base.apk!classes13.dex*4108993750:/data/app/~~eKP81dg5j_ZxUfnUgM7wQw==/com.evolucao.app.test-zcfvBS09ILybQS6JNzsRqg==/base.apk!classes14.dex*1632137592:/data/app/~~eKP81dg5j_ZxUfnUgM7wQw==/com.evolucao.app.test-zcfvBS09ILybQS6JNzsRqg==/base.apk!classes15.dex*1757943310:/data/app/~~eKP81dg5j_ZxUfnUgM7wQw==/com.evolucao.app.test-zcfvBS09ILybQS6JNzsRqg==/base.apk!classes16.dex*931013159:/data/app/~~eKP81dg5j_ZxUfnUgM7wQw==/com.evolucao.app.test-zcfvBS09ILybQS6JNzsRqg==/base.apk!classes17.dex*2782462504:/data/app/~~eKP81dg5j_ZxUfnUgM7wQw==/com.evolucao.app.test-zcfvBS09ILybQS6JNzsRqg==/base.apk!classes18.dex*3468966139:/data/app/~~eKP81dg5j_ZxUfnUgM7wQw==/com.evolucao.app.test-zcfvBS09ILybQS6JNzsRqg==/base.apk!classes19.dex*2267436335:/data/app/~~86biQjGJIY1d1KUAb8sfeg==/com.evolucao.app-NFTz5EeLug_1tlu-_BNxYA==/base.apk*198750528:/data/app/~~86biQjGJIY1d1KUAb8sfeg==/com.evolucao.app-NFTz5EeLug_1tlu-_BNxYA==/base.apk!classes2.dex*1675103030:/data/app/~~86biQjGJIY1d1KUAb8sfeg==/com.evolucao.app-NFTz5EeLug_1tlu-_BNxYA==/base.apk!classes3.dex*1788775668:/data/app/~~86biQjGJIY1d1KUAb8sfeg==/com.evolucao.app-NFTz5EeLug_1tlu-_BNxYA==/base.apk!classes4.dex*2572157285:/data/app/~~86biQjGJIY1d1KUAb8sfeg==/com.evolucao.app-NFTz5EeLug_1tlu-_BNxYA==/base.apk!classes5.dex*3994030385:/data/app/~~86biQjGJIY1d1KUAb8sfeg==/com.evolucao.app-NFTz5EeLug_1tlu-_BNxYA==/base.apk!classes6.dex*1028875939:/data/app/~~86biQjGJIY1d1KUAb8sfeg==/com.evolucao.app-NFTz5EeLug_1tlu-_BNxYA==/base.apk!classes7.dex*2113616002:/data/app/~~86biQjGJIY1d1KUAb8sfeg==/com.evolucao.app-NFTz5EeLug_1tlu-_BNxYA==/base.apk!classes8.dex*3287389796:/data/app/~~86biQjGJIY1d1KUAb8sfeg==/com.evolucao.app-NFTz5EeLug_1tlu-_BNxYA==/base.apk!classes9.dex*2030025819:/data/app/~~86biQjGJIY1d1KUAb8sfeg==/com.evolucao.app-NFTz5EeLug_1tlu-_BNxYA==/base.apk!classes10.dex*1917680387:/data/app/~~86biQjGJIY1d1KUAb8sfeg==/com.evolucao.app-NFTz5EeLug_1tlu-_BNxYA==/base.apk!classes11.dex*152968521:/data/app/~~86biQjGJIY1d1KUAb8sfeg==/com.evo
04-06 13:14:00.564  1748  1748 W om.evolucao.app: ClassLoaderContext classpath size mismatch. expected=0, found=2 (PCL[] | PCL[/system/framework/android.test.runner.jar*2256426886:/system/framework/android.test.mock.jar*2695051129]{PCL[/system/framework/android.test.base.jar*1628045882]#PCL[/system/framework/android.test.mock.jar*2695051129]#PCL[/system/framework/android.test.runner.jar*2256426886]{PCL[/system/framework/android.test.base.jar*1628045882]#PCL[/system/framework/android.test.mock.jar*2695051129]}};PCL[/system/framework/android.test.runner.jar*2256426886:/system/framework/android.test.mock.jar*2695051129:/system/framework/android.test.base.jar*1628045882:/data/app/~~eKP81dg5j_ZxUfnUgM7wQw==/com.evolucao.app.test-zcfvBS09ILybQS6JNzsRqg==/base.apk*2272993428:/data/app/~~eKP81dg5j_ZxUfnUgM7wQw==/com.evolucao.app.test-zcfvBS09ILybQS6JNzsRqg==/base.apk!classes2.dex*714357168:/data/app/~~eKP81dg5j_ZxUfnUgM7wQw==/com.evolucao.app.test-zcfvBS09ILybQS6JNzsRqg==/base.apk!classes3.dex*1380987315:/data/app/~~eKP81dg5j_ZxUfnUgM7wQw==/com.evolucao.app.test-zcfvBS09ILybQS6JNzsRqg==/base.apk!classes4.dex*3771904477:/data/app/~~eKP81dg5j_ZxUfnUgM7wQw==/com.evolucao.app.test-zcfvBS09ILybQS6JNzsRqg==/base.apk!classes5.dex*2127157885:/data/app/~~eKP81dg5j_ZxUfnUgM7wQw==/com.evolucao.app.test-zcfvBS09ILybQS6JNzsRqg==/base.apk!classes6.dex*971414087:/data/app/~~eKP81dg5j_ZxUfnUgM7wQw==/com.evolucao.app.test-zcfvBS09ILybQS6JNzsRqg==/base.apk!classes7.dex*742752503:/data/app/~~eKP81dg5j_ZxUfnUgM7wQw==/com.evolucao.app.test-zcfvBS09ILybQS6JNzsRqg==/base.apk!classes8.dex*388434936:/data/app/~~eKP81dg5j_ZxUfnUgM7wQw==/com.evolucao.app.test-zcfvBS09ILybQS6JNzsRqg==/base.apk!classes9.dex*209335023:/data/app/~~eKP81dg5j_ZxUfnUgM7wQw==/com.evolucao.app.test-zcfvBS09ILybQS6JNzsRqg==/base.apk!classes10.dex*2871199926:/data/app/~~eKP81dg5j_ZxUfnUgM7wQw==/com.evolucao.app.test-zcfvBS09ILybQS6JNzsRqg==/base.apk!classes11.dex*3957027005:/data/app/~~eKP81dg5j_ZxUfnUgM7wQw==/com.evolucao.app.test-zcfvBS09ILybQS6JNzsRqg==/base.apk!classes12.dex*914099516:/data/app/~~eKP81dg5j_ZxUfnUgM7wQw==/com.evolucao.app.test-zcfvBS09ILybQS6JNzsRqg==/base.apk!classes13.dex*4108993750:/data/app/~~eKP81dg5j_ZxUfnUgM7wQw==/com.evolucao.app.test-zcfvBS09ILybQS6JNzsRqg==/base.apk!classes14.dex*1632137592:/data/app/~~eKP81dg5j_ZxUfnUgM7wQw==/com.evolucao.app.test-zcfvBS09ILybQS6JNzsRqg==/base.apk!classes15.dex*1757943310:/data/app/~~eKP81dg5j_ZxUfnUgM7wQw==/com.evolucao.app.test-zcfvBS09ILybQS6JNzsRqg==/base.apk!classes16.dex*931013159:/data/app/~~eKP81dg5j_ZxUfnUgM7wQw==/com.evolucao.app.test-zcfvBS09ILybQS6JNzsRqg==/base.apk!classes17.dex*2782462504:/data/app/~~eKP81dg5j_ZxUfnUgM7wQw==/com.evolucao.app.test-zcfvBS09ILybQS6JNzsRqg==/base.apk!classes18.dex*3468966139:/data/app/~~eKP81dg5j_ZxUfnUgM7wQw==/com.evolucao.app.test-zcfvBS09ILybQS6JNzsRqg==/base.apk!classes19.dex*2267436335:/data/app/~~86biQjGJIY1d1KUAb8sfeg==/com.evolucao.app-NFTz5EeLug_1tlu-_BNxYA==/base.apk*198750528:/data/app/~~86biQjGJIY1d1KUAb8sfeg==/com.evolucao.app-NFTz5EeLug_1tlu-_BNxYA==/base.apk!classes2.dex*1675103030:/data/app/~~86biQjGJIY1d1KUAb8sfeg==/com.evolucao.app-NFTz5EeLug_1tlu-_BNxYA==/base.apk!classes3.dex*1788775668:/data/app/~~86biQjGJIY1d1KUAb8sfeg==/com.evolucao.app-NFTz5EeLug_1tlu-_BNxYA==/base.apk!classes4.dex*2572157285:/data/app/~~86biQjGJIY1d1KUAb8sfeg==/com.evolucao.app-NFTz5EeLug_1tlu-_BNxYA==/base.apk!classes5.dex*3994030385:/data/app/~~86biQjGJIY1d1KUAb8sfeg==/com.evolucao.app-NFTz5EeLug_1tlu-_BNxYA==/base.apk!classes6.dex*1028875939:/data/app/~~86biQjGJIY1d1KUAb8sfeg==/com.evolucao.app-NFTz5EeLug_1tlu-_BNxYA==/base.apk!classes7.dex*2113616002:/data/app/~~86biQjGJIY1d1KUAb8sfeg==/com.evolucao.app-NFTz5EeLug_1tlu-_BNxYA==/base.apk!classes8.dex*3287389796:/data/app/~~86biQjGJIY1d1KUAb8sfeg==/com.evolucao.app-NFTz5EeLug_1tlu-_BNxYA==/base.apk!classes9.dex*2030025819:/data/app/~~86biQjGJIY1d1KUAb8sfeg==/com.evolucao.app-NFTz5EeLug_1tlu-_BNxYA==/base.apk!classes10.dex*1917680387:/data/app/~~86biQjGJIY1d1KUAb8sfeg==/com.evolucao.app-NFTz5EeLug_1tlu-_BNxYA==/base.apk!classes11.dex*152
04-06 13:14:00.565  1748  1748 W ziparchive: Unable to open '/data/app/~~eKP81dg5j_ZxUfnUgM7wQw==/com.evolucao.app.test-zcfvBS09ILybQS6JNzsRqg==/base.dm': No such file or directory
04-06 13:14:00.565  1748  1748 W ziparchive: Unable to open '/data/app/~~eKP81dg5j_ZxUfnUgM7wQw==/com.evolucao.app.test-zcfvBS09ILybQS6JNzsRqg==/base.dm': No such file or directory
04-06 13:14:00.644  1748  1748 W ziparchive: Unable to open '/data/app/~~86biQjGJIY1d1KUAb8sfeg==/com.evolucao.app-NFTz5EeLug_1tlu-_BNxYA==/base.dm': No such file or directory
04-06 13:14:00.644  1748  1748 W ziparchive: Unable to open '/data/app/~~86biQjGJIY1d1KUAb8sfeg==/com.evolucao.app-NFTz5EeLug_1tlu-_BNxYA==/base.dm': No such file or directory
04-06 13:14:00.972  1748  1748 D NetworkSecurityConfig: No Network Security Config specified, using platform default
04-06 13:14:00.983  1748  1748 D NetworkSecurityConfig: No Network Security Config specified, using platform default
04-06 13:14:00.983  1748  1748 I AndroidJUnitRunner: newApplication com.evolucao.app.MainApplication
04-06 13:14:00.993  1748  1748 W FirebaseApp: Default FirebaseApp failed to initialize because no default options were found. This usually means that com.google.gms:google-services was not applied to your gradle project.
04-06 13:14:00.993  1748  1748 I FirebaseInitProvider: FirebaseApp initialization unsuccessful
04-06 13:14:01.014  1748  1748 I AndroidJUnitRunner: onCreate Bundle[mParcelledData.dataSize=240]
04-06 13:14:01.015  1748  1748 D AndroidJUnitRunner: Use the raw file system for managing file I/O.
04-06 13:14:01.023  1748  1748 V TestEventClient: No service name argument was given (testDiscoveryService, testRunEventService or orchestratorService)
04-06 13:14:01.024  1748  1846 D AndroidJUnitRunner: onStart is called.
04-06 13:14:01.028  1748  1748 W SoLoader: Initializing SoLoader: 0
04-06 13:14:01.029  1748  1748 W SoLoader: Recording new base apk path: /data/app/~~86biQjGJIY1d1KUAb8sfeg==/com.evolucao.app-NFTz5EeLug_1tlu-_BNxYA==/base.apk
04-06 13:14:01.029  1748  1748 W SoLoader: Previously recorded 0 base apk paths.
04-06 13:14:01.031  1748  1748 I SoLoader: Preparing SO source: DirectorySoSource[root = /vendor/lib64 flags = 2]
04-06 13:14:01.031  1748  1748 I SoLoader: Preparing SO source: DirectorySoSource[root = /system/lib64 flags = 2]
04-06 13:14:01.031  1748  1748 I SoLoader: Preparing SO source: DirectApkSoSource[root = [/data/app/~~86biQjGJIY1d1KUAb8sfeg==/com.evolucao.app-NFTz5EeLug_1tlu-_BNxYA==/base.apk!/lib/arm64-v8a]]
04-06 13:14:01.050  1748  1748 I SoLoader: Preparing SO source: ApplicationSoSource[DirectorySoSource[root = /data/app/~~86biQjGJIY1d1KUAb8sfeg==/com.evolucao.app-NFTz5EeLug_1tlu-_BNxYA==/lib/arm64 flags = 0]]
04-06 13:14:01.051  1748  1748 I SoLoader: init finish: 4 SO sources prepared
04-06 13:14:01.051  1748  1748 W SoLoader: SoLoader initialized: 8
04-06 13:14:01.073  1748  1748 D jni_lib_merge: Entering merged library JNI_OnLoad.
04-06 13:14:01.073  1748  1748 D jni_lib_merge: Preparing 12 pre-merged libs (including stub)
04-06 13:14:01.073  1748  1748 D jni_lib_merge: Preparing to register libfabricjni_so.  onload_func: 0x703e530f38
04-06 13:14:01.073  1748  1748 D jni_lib_merge: Preparing to register libreact_devsupportjni_so.  onload_func: 0x703e73981c
04-06 13:14:01.073  1748  1748 D jni_lib_merge: Preparing to register libreact_featureflagsjni_so.  onload_func: 0x703e74bb7c
04-06 13:14:01.073  1748  1748 D jni_lib_merge: Preparing to register libreact_newarchdefaults_so.  onload_func: 0x703e7f0f24
04-06 13:14:01.073  1748  1748 D jni_lib_merge: Preparing to register libreactnativeblob_so.  onload_func: 0x703ea03088
04-06 13:14:01.073  1748  1748 D jni_lib_merge: Preparing to register libreactnativejni_so.  onload_func: 0x703ea45ffc
04-06 13:14:01.073  1748  1748 D jni_lib_merge: Preparing to register libreactnativejni_common_so.  onload_func: 0x703ea569f0
04-06 13:14:01.073  1748  1748 D jni_lib_merge: Preparing to register librninstance_so.  onload_func: 0x703ea9562c
04-06 13:14:01.073  1748  1748 D jni_lib_merge: Preparing to register libturbomodulejsijni_so.  onload_func: 0x703ebf2734
04-06 13:14:01.073  1748  1748 D jni_lib_merge: Preparing to register libuimanagerjni_so.  onload_func: 0x703ec0b6e8
04-06 13:14:01.073  1748  1748 D jni_lib_merge: Preparing to register libyoga_so.  onload_func: 0x703ec1b16c
04-06 13:14:01.073  1748  1748 D jni_lib_merge: About to register 11 actual methods.
04-06 13:14:01.081  1748  1748 D jni_lib_merge: Entering merged library JNI_OnLoad.
04-06 13:14:01.081  1748  1748 D jni_lib_merge: Preparing 12 pre-merged libs (including stub)
04-06 13:14:01.081  1748  1748 D jni_lib_merge: Preparing to register libfabricjni_so.  onload_func: 0x703e530f38
04-06 13:14:01.081  1748  1748 D jni_lib_merge: Preparing to register libreact_devsupportjni_so.  onload_func: 0x703e73981c
04-06 13:14:01.081  1748  1748 D jni_lib_merge: Preparing to register libreact_featureflagsjni_so.  onload_func: 0x703e74bb7c
04-06 13:14:01.081  1748  1748 D jni_lib_merge: Preparing to register libreact_newarchdefaults_so.  onload_func: 0x703e7f0f24
04-06 13:14:01.081  1748  1748 D jni_lib_merge: Preparing to register libreactnativeblob_so.  onload_func: 0x703ea03088
04-06 13:14:01.081  1748  1748 D jni_lib_merge: Preparing to register libreactnativejni_so.  onload_func: 0x703ea45ffc
04-06 13:14:01.081  1748  1748 D jni_lib_merge: Preparing to register libreactnativejni_common_so.  onload_func: 0x703ea569f0
04-06 13:14:01.081  1748  1748 D jni_lib_merge: Preparing to register librninstance_so.  onload_func: 0x703ea9562c
04-06 13:14:01.081  1748  1748 D jni_lib_merge: Preparing to register libturbomodulejsijni_so.  onload_func: 0x703ebf2734
04-06 13:14:01.081  1748  1748 D jni_lib_merge: Preparing to register libuimanagerjni_so.  onload_func: 0x703ec0b6e8
04-06 13:14:01.081  1748  1748 D jni_lib_merge: Preparing to register libyoga_so.  onload_func: 0x703ec1b16c
04-06 13:14:01.081  1748  1748 D jni_lib_merge: About to register 11 actual methods.
04-06 13:14:01.170  1748  1846 D TestRequestBuilder: Using class path scanning to discover tests
04-06 13:14:01.171  1748  1846 I TestRequestBuilder: Scanning classpath to find tests in paths [/data/app/~~eKP81dg5j_ZxUfnUgM7wQw==/com.evolucao.app.test-zcfvBS09ILybQS6JNzsRqg==/base.apk]
04-06 13:14:01.172  1748  1846 W om.evolucao.app: Opening an oat file without a class loader. Are you using the deprecated DexFile APIs?
04-06 13:14:01.592  1748  1846 I TestRunner: run started: 1 tests
04-06 13:14:01.593  1748  1846 I TestRunner: started: runDetoxTests(com.evolucao.app.DetoxTest)
04-06 13:14:01.599  1748  1846 I Detox   : Detox server connection details: url=ws://localhost:62510, sessionId=6b9d28b8-27d6-3c26-10d8-e5f56752f5ba
04-06 13:14:01.608  1748  1846 I Tracing : Tracer added: class androidx.test.platform.tracing.AndroidXTracer
04-06 13:14:01.622  1748  1846 W om.evolucao.app: Accessing hidden field Ljava/lang/reflect/Field;->accessFlags:I (unsupported, reflection, allowed)
04-06 13:14:01.625  1748  1846 I Detox   : Connecting to server...
04-06 13:14:01.625  1748  1846 I DetoxWSClient: At connectToServer
04-06 13:14:01.729  1748  1860 D TrafficStats: tagSocket(95) with statsTag=0xffffffff, statsUid=-1
04-06 13:14:01.753  1748  1860 D DetoxWSClient: At onOpen
04-06 13:14:01.753  1748  1860 I DetoxWSClient: Sending out action 'login' (ID #0)
04-06 13:14:01.754  1748  1860 I Detox   : Connected to server!
04-06 13:14:01.759  1748  1860 D DetoxWSClient: Received action 'loginSuccess' (ID #0, params={"testerConnected":true,"appConnected":true})
04-06 13:14:01.759  1748  1851 I DetoxDispatcher: Handling action 'loginSuccess' (ID #0)...
04-06 13:14:01.759  1748  1851 I DetoxDispatcher: Done with action 'loginSuccess'
04-06 13:14:01.760  1748  1846 I Detox   : Launching the tested activity!
04-06 13:14:01.826  1748  1889 D OpenGLRenderer: RenderThread::requireGlContext()
04-06 13:14:01.826  1748  1889 I AdrenoGLES-0: QUALCOMM build                   : db7e7066a2, I1fad33e957
04-06 13:14:01.826  1748  1889 I AdrenoGLES-0: Build Date                       : 05/11/25
04-06 13:14:01.826  1748  1889 I AdrenoGLES-0: OpenGL ES Shader Compiler Version: EV031.32.02.10
04-06 13:14:01.826  1748  1889 I AdrenoGLES-0: Local Branch                     : 
04-06 13:14:01.826  1748  1889 I AdrenoGLES-0: Remote Branch                    : refs/tags/AU_LINUX_ANDROID_LA.UM.9.12.11.00.00.582.697
04-06 13:14:01.826  1748  1889 I AdrenoGLES-0: Remote Branch                    : NONE
04-06 13:14:01.826  1748  1889 I AdrenoGLES-0: Reconstruct Branch               : NOTHING
04-06 13:14:01.826  1748  1889 I AdrenoGLES-0: Build Config                     : S P 10.0.7 AArch64
04-06 13:14:01.826  1748  1889 I AdrenoGLES-0: Driver Path                      : /vendor/lib64/egl/libGLESv2_adreno.so
04-06 13:14:01.830  1748  1889 I AdrenoGLES-0: PFP: 0x016dd093, ME: 0x00000000
04-06 13:14:01.837  1748  1889 D OpenGLRenderer: RenderThread::setGrContext()
04-06 13:14:01.840  1748  1748 D AppCompatDelegate: Checking for metadata for AppLocalesMetadataHolderService : Service not found
04-06 13:14:01.850  1748  1748 D LifecycleMonitor: Lifecycle status change: com.evolucao.app.MainActivity@36d1a3a in: PRE_ON_CREATE
04-06 13:14:01.900  1748  1748 D SensorManager: registerListener :: 11, LSM6DSO Accelerometer, 66667, 0, 
04-06 13:14:01.926  1748  1748 W unknown:BridgelessReact: ReactHost{0}.startSurface(surfaceId = 0): Schedule
04-06 13:14:01.927  1748  1748 W unknown:BridgelessReact: ReactHost{0}.attachSurface(surfaceId = 0)
04-06 13:14:01.928  1748  1915 W unknown:BridgelessReact: ReactHost{0}.getOrCreateReactInstanceTask()
04-06 13:14:01.928  1748  1915 W unknown:BridgelessReact: ReactHost{0}.getOrCreateReactInstanceTask(): Start
04-06 13:14:01.930  1748  1915 D Detox.RNMarker: REACT_BRIDGELESS_LOADING_START (null)
04-06 13:14:01.930  1748  1915 W unknown:BridgelessReact: ReactHost{0}.getJSBundleLoader()
04-06 13:14:01.930  1748  1915 W unknown:BridgelessReact: ReactHost{0}.isMetroRunning()
04-06 13:14:01.932  1748  1748 I DecorView: [INFO] isPopOver=false config=true
04-06 13:14:01.932  1748  1748 I DecorView: updateCaptionType: isFloating=false isApplication=true hasWindowDecorCaption=false this=DecorView@88c94a7[]
04-06 13:14:01.932  1748  1748 D DecorView: setCaptionType = 0, this = DecorView@88c94a7[]
04-06 13:14:01.933  1748  1916 D TrafficStats: tagSocket(107) with statsTag=0xffffffff, statsUid=-1
04-06 13:14:01.937  1748  1917 D TrafficStats: tagSocket(109) with statsTag=0xffffffff, statsUid=-1
04-06 13:14:01.937  1748  1748 I DecorView: getCurrentDensityDpi: from real metrics. densityDpi=480 msg=resources_loaded
04-06 13:14:01.937  1748  1748 I DecorView: setWindowBackground: isPopOver=false color=ff303030 d=android.graphics.drawable.ColorDrawable@de473f9
04-06 13:14:01.942  1748  1748 W om.evolucao.app: Accessing hidden method Landroid/view/ViewGroup;->makeOptionalFitsSystemWindows()V (unsupported, reflection, allowed)
04-06 13:14:01.946  1748  1748 D LifecycleMonitor: Lifecycle status change: com.evolucao.app.MainActivity@36d1a3a in: CREATED
04-06 13:14:01.948  1748  1748 D LifecycleMonitor: Lifecycle status change: com.evolucao.app.MainActivity@36d1a3a in: STARTED
04-06 13:14:01.950  1748  1748 W unknown:BridgelessReact: ReactHost{0}.onHostResume(activity)
04-06 13:14:01.950  1748  1748 W unknown:ReactNative: Packager connection already open, nooping.
04-06 13:14:01.950  1748  1748 D LifecycleMonitor: Lifecycle status change: com.evolucao.app.MainActivity@36d1a3a in: RESUMED
04-06 13:14:01.951  1748  1748 I MSHandlerLifeCycle: check: return. pkg=com.evolucao.app parent=null callers=com.android.internal.policy.DecorView.setVisibility:4412 android.app.ActivityThread.handleResumeActivity:5476 android.app.servertransaction.ResumeActivityItem.execute:54 android.app.servertransaction.ActivityTransactionItem.execute:45 android.app.servertransaction.TransactionExecutor.executeLifecycleState:176 
04-06 13:14:01.951  1748  1748 I MSHandlerLifeCycle: removeMultiSplitHandler: no exist. decor=DecorView@88c94a7[]
04-06 13:14:01.955  1748  1889 D NativeCustomFrequencyManager: [NativeCFMS] BpCustomFrequencyManager::BpCustomFrequencyManager()
04-06 13:14:01.958  1748  1748 I DecorView: notifyKeepScreenOnChanged: keepScreenOn=false
04-06 13:14:01.961  1748  1748 D InsetsController: onStateChanged: InsetsState: {mDisplayFrame=Rect(0, 0 - 1080, 2400), mDisplayCutout=DisplayCutout{insets=Rect(0, 88 - 0, 0) waterfall=Insets{left=0, top=0, right=0, bottom=0} boundingRect={Bounds=[Rect(0, 0 - 0, 0), Rect(512, 0 - 568, 88), Rect(0, 0 - 0, 0), Rect(0, 0 - 0, 0)]} cutoutPathParserInfo={CutoutPathParserInfo{displayWidth=1080 displayHeight=2400 physicalDisplayWidth=1080 physicalDisplayHeight=2400 density={3.0} cutoutSpec={M 0,0 M 0,10.71963616907435 a 9.280363830925644,9.280363830925644 0 1,0 0,18.56072766185129 a 9.280363830925644,9.280363830925644 0 1,0 0,-18.56072766185129 Z @dp} rotation={0} scale={1.0} physicalPixelDisplaySizeRatio={1.0}}}}, mRoundedCorners=RoundedCorners{[RoundedCorner{position=TopLeft, radius=96, center=Point(96, 96)}, RoundedCorner{position=TopRight, radius=96, center=Point(984, 96)}, RoundedCorner{position=BottomRight, radius=96, center=Point(984, 2304)}, RoundedCorner{position=BottomLeft, radius=96, center=Point(96, 2304)}]}  mRoundedCornerFrame=Rect(0, 0 - 1080, 2400), mPrivacyIndicatorBounds=PrivacyIndicatorBounds {static bounds=Rect(948, 0 - 1080, 88) rotation=0}, mSources= { InsetsSource: {mType=ITYPE_STATUS_BAR, mFrame=[0,0][1080,88], mVisible=true, mInsetsRoundedCornerFrame=false}, InsetsSource: {mType=ITYPE_NAVIGATION_BAR, mFrame=[0,2256][1080,2400], mVisible=true, mInsetsRoundedCornerFrame=false}, InsetsSource: {mType=ITYPE_LEFT_GESTURES, mFrame=[0,0][0,2400], mVisible=true, mInsetsRoundedCornerFrame=false}, InsetsSource: {mType=ITYPE_RIGHT_GESTURES, mFrame=[1080,0][1080,2400], mVisible=true, mInsetsRoundedCornerFrame=false}, InsetsSource: {mType=ITYPE_TOP_MANDATORY_GESTURES, mFrame=[0,0][1080,124], mVisible=true, mInsetsRoundedCornerFrame=false}, InsetsSource: {mType=ITYPE_BOTTOM_MANDATORY_GESTURES, mFrame=[0,2256][1080,2400], mVisible=true, mInsetsRoundedCornerFrame=false}, InsetsSource: {mType=ITYPE_LEFT_DISPLAY_CUTOUT, mFrame=[0,0][-100000,2400], mVisible=true, mInsetsRoundedCornerFrame=false}, InsetsSource: {mType=ITYPE_TOP_DISPLAY_CUTOUT, mFrame=[0,0][1080,88], mVisible=true, mInsetsRoundedCornerFrame=false}, InsetsSource: {mType=ITYPE_RIGHT_DISPLAY_CUTOUT, mFrame=[100000,0][1080,2400], mVisible=true, mInsetsRoundedCornerFrame=false}, InsetsSource: {mType=ITYPE_BOTTOM_DISPLAY_CUTOUT, mFrame=[0,100000][1080,2400], mVisible=true, mInsetsRoundedCornerFrame=false}, InsetsSource: {mType=ITYPE_TOP_TAPPABLE_ELEMENT, mFrame=[0,0][1080,88], mVisible=true, mInsetsRoundedCornerFrame=false}, InsetsSource: {mType=ITYPE_BOTTOM_TAPPABLE_ELEMENT, mFrame=[0,2256][1080,2400], mVisible=true, mInsetsRoundedCornerFrame=false}, InsetsSource: {mType=ITYPE_IME, mFrame=[0,0][0,0], mVisibleFrame=[0,1374][1080,2400], mVisible=false, mInsetsRoundedCornerFrame=false} } host=com.evolucao.app/com.evolucao.app.MainActivity from=android.view.ViewRootImpl.setView:1732
04-06 13:14:01.963  1748  1748 I ViewRootImpl@73623ee[MainActivity]: setView = com.android.internal.policy.DecorView@88c94a7 TM=false
04-06 13:14:01.964  1748  1748 I MSHandlerLifeCycle: removeMultiSplitHandler: no exist. decor=DecorView@88c94a7[MainActivity]
04-06 13:14:01.971  1748  1748 I ViewRootImpl@73623ee[MainActivity]: performTraversals params={(0,0)(fillxfill) sim={adjust=resize forwardNavigation} layoutInDisplayCutoutMode=always ty=BASE_APPLICATION wanim=0x1030309
04-06 13:14:01.971  1748  1748 I ViewRootImpl@73623ee[MainActivity]:   fl=81810100
04-06 13:14:01.971  1748  1748 I ViewRootImpl@73623ee[MainActivity]:   pfl=16020040
04-06 13:14:01.971  1748  1748 I ViewRootImpl@73623ee[MainActivity]:   vsysui=100
04-06 13:14:01.971  1748  1748 I ViewRootImpl@73623ee[MainActivity]:   bhv=DEFAULT
04-06 13:14:01.971  1748  1748 I ViewRootImpl@73623ee[MainActivity]:   fitSides= naviIconColor=0}
04-06 13:14:01.972  1748  1748 I ViewRootImpl@73623ee[MainActivity]: performTraversals mFirst=true windowShouldResize=true viewVisibilityChanged=false mForceNextWindowRelayout=false params={(0,0)(fillxfill) sim={adjust=resize forwardNavigation} layoutInDisplayCutoutMode=always ty=BASE_APPLICATION wanim=0x1030309
04-06 13:14:01.972  1748  1748 I ViewRootImpl@73623ee[MainActivity]:   fl=81810100
04-06 13:14:01.972  1748  1748 I ViewRootImpl@73623ee[MainActivity]:   pfl=16020040
04-06 13:14:01.972  1748  1748 I ViewRootImpl@73623ee[MainActivity]:   vsysui=100
04-06 13:14:01.972  1748  1748 I ViewRootImpl@73623ee[MainActivity]:   bhv=DEFAULT
04-06 13:14:01.972  1748  1748 I ViewRootImpl@73623ee[MainActivity]:   fitSides= naviIconColor=0}
04-06 13:14:01.988  1748  1748 I ViewRootImpl@73623ee[MainActivity]: updateBlastSurfaceIfNeeded mBlastBufferQueue=null isSameSurfaceControl=false
04-06 13:14:01.988  1748  1748 E BufferQueueProducer: Unable to open libpenguin.so: dlopen failed: library "libpenguin.so" not found.
04-06 13:14:01.989  1748  1748 I BLASTBufferQueue: new BLASTBufferQueue, mName= ViewRootImpl@73623ee[MainActivity] mNativeObject= 0xb4000070c2c34c00 sc.mNativeObject= 0xb4000070a0cf3820 caller= android.view.ViewRootImpl.updateBlastSurfaceIfNeeded:2909 android.view.ViewRootImpl.relayoutWindow:9847 android.view.ViewRootImpl.performTraversals:3884 android.view.ViewRootImpl.doTraversal:3116 android.view.ViewRootImpl$TraversalRunnable.run:10885 android.view.Choreographer$CallbackRecord.run:1301 android.view.Choreographer$CallbackRecord.run:1309 android.view.Choreographer.doCallbacks:923 android.view.Choreographer.doFrame:852 android.view.Choreographer$FrameDisplayEventReceiver.run:1283 
04-06 13:14:01.989  1748  1748 I BLASTBufferQueue: update, w= 1080 h= 2400 mName = ViewRootImpl@73623ee[MainActivity] mNativeObject= 0xb4000070c2c34c00 sc.mNativeObject= 0xb4000070a0cf3820 format= -1 caller= android.graphics.BLASTBufferQueue.<init>:84 android.view.ViewRootImpl.updateBlastSurfaceIfNeeded:2909 android.view.ViewRootImpl.relayoutWindow:9847 android.view.ViewRootImpl.performTraversals:3884 android.view.ViewRootImpl.doTraversal:3116 android.view.ViewRootImpl$TraversalRunnable.run:10885 
04-06 13:14:01.989  1748  1748 I ViewRootImpl@73623ee[MainActivity]: Relayout returned: old=(0,0,1080,2400) new=(0,0,1080,2400) req=(1080,2400)0 dur=16 res=0x3 s={true 0xb4000070a70eb000} ch=true seqId=0
04-06 13:14:01.991  1748  1748 I ViewRootImpl@73623ee[MainActivity]: mThreadedRenderer.initialize() mSurface={isValid=true 0xb4000070a70eb000} hwInitialized=true
04-06 13:14:01.992  1748  1748 I ViewRootImpl@73623ee[MainActivity]: reportNextDraw android.view.ViewRootImpl.performTraversals:4438 android.view.ViewRootImpl.doTraversal:3116 android.view.ViewRootImpl$TraversalRunnable.run:10885 android.view.Choreographer$CallbackRecord.run:1301 android.view.Choreographer$CallbackRecord.run:1309 
04-06 13:14:01.993  1748  1889 D OpenGLRenderer: eglCreateWindowSurface
04-06 13:14:01.993  1748  1748 I ViewRootImpl@73623ee[MainActivity]: Setup new sync id=0
04-06 13:14:01.993  1748  1748 I ViewRootImpl@73623ee[MainActivity]: Setting syncFrameCallback
04-06 13:14:01.993  1748  1748 I ViewRootImpl@73623ee[MainActivity]: registerCallbacksForSync syncBuffer=false
04-06 13:14:01.994  1748  1920 I ViewRootImpl@73623ee[MainActivity]: Received frameDrawingCallback syncResult=0 frameNum=1.
04-06 13:14:01.994  1748  1920 I ViewRootImpl@73623ee[MainActivity]: Setting up sync and frameCommitCallback
04-06 13:14:01.999  1748  1916 W unknown:BridgelessReact: ReactHost{0}.isMetroRunning(): Async result = true
04-06 13:14:02.001  1748  1915 W unknown:BridgelessReact: ReactHost{0}.loadJSBundleFromMetro()
04-06 13:14:02.002  1748  1915 D Detox.RNMarker: DOWNLOAD_START (null)
04-06 13:14:02.013  1748  1889 I BLASTBufferQueue: [ViewRootImpl@73623ee[MainActivity]#0](f:0,a:0) onFrameAvailable the first frame is available
04-06 13:14:02.013  1748  1889 I ViewRootImpl@73623ee[MainActivity]: Received frameCommittedCallback lastAttemptedDrawFrameNum=1 didProduceBuffer=true
04-06 13:14:02.014  1748  1889 D OpenGLRenderer: CFMS:: SetUp Pid : 1748    Tid : 1889
04-06 13:14:02.015  1748  1889 W Parcel  : Expecting binder but got null!
04-06 13:14:02.016  1748  1748 I ViewRootImpl@73623ee[MainActivity]: onSyncComplete
04-06 13:14:02.016  1748  1748 I ViewRootImpl@73623ee[MainActivity]: setupSync seqId=0 mSyncId=0 fn=1 caller=android.view.ViewRootImpl$$ExternalSyntheticLambda11.accept:6 android.window.SurfaceSyncer.lambda$setupSync$1$android-window-SurfaceSyncer:128 android.window.SurfaceSyncer$$ExternalSyntheticLambda1.accept:8 android.window.SurfaceSyncer$SyncSet.checkIfSyncIsComplete:382 android.window.SurfaceSyncer$SyncSet.markSyncReady:359 android.window.SurfaceSyncer.markSyncReady:151 android.view.ViewRootImpl.performTraversals:4503 
04-06 13:14:02.016  1748  1748 I ViewRootImpl@73623ee[MainActivity]: reportDrawFinished seqId=0 mSyncId=-1 fn=1 mSurfaceChangedTransaction=0xb4000070a6e3ec00
04-06 13:14:02.021  1748  1748 D CompatibilityChangeReporter: Compat change id reported: 210923482; UID 10649; state: ENABLED
04-06 13:14:02.026  1748  1889 D NativeCustomFrequencyManager: [NativeCFMS] BpCustomFrequencyManager::BpCustomFrequencyManager()
04-06 13:14:02.028  1748  1748 D InsetsController: onStateChanged: InsetsState: {mDisplayFrame=Rect(0, 0 - 1080, 2400), mDisplayCutout=DisplayCutout{insets=Rect(0, 88 - 0, 0) waterfall=Insets{left=0, top=0, right=0, bottom=0} boundingRect={Bounds=[Rect(0, 0 - 0, 0), Rect(512, 0 - 568, 88), Rect(0, 0 - 0, 0), Rect(0, 0 - 0, 0)]} cutoutPathParserInfo={CutoutPathParserInfo{displayWidth=1080 displayHeight=2400 physicalDisplayWidth=1080 physicalDisplayHeight=2400 density={3.0} cutoutSpec={M 0,0 M 0,10.71963616907435 a 9.280363830925644,9.280363830925644 0 1,0 0,18.56072766185129 a 9.280363830925644,9.280363830925644 0 1,0 0,-18.56072766185129 Z @dp} rotation={0} scale={1.0} physicalPixelDisplaySizeRatio={1.0}}}}, mRoundedCorners=RoundedCorners{[RoundedCorner{position=TopLeft, radius=96, center=Point(96, 96)}, RoundedCorner{position=TopRight, radius=96, center=Point(984, 96)}, RoundedCorner{position=BottomRight, radius=96, center=Point(984, 2304)}, RoundedCorner{position=BottomLeft, radius=96, center=Point(96, 2304)}]}  mRoundedCornerFrame=Rect(0, 0 - 1080, 2400), mPrivacyIndicatorBounds=PrivacyIndicatorBounds {static bounds=Rect(948, 0 - 1080, 88) rotation=0}, mSources= { InsetsSource: {mType=ITYPE_STATUS_BAR, mFrame=[0,0][1080,88], mVisible=true, mInsetsRoundedCornerFrame=false}, InsetsSource: {mType=ITYPE_NAVIGATION_BAR, mFrame=[0,2256][1080,2400], mVisible=true, mInsetsRoundedCornerFrame=false}, InsetsSource: {mType=ITYPE_LEFT_GESTURES, mFrame=[0,0][0,2400], mVisible=true, mInsetsRoundedCornerFrame=false}, InsetsSource: {mType=ITYPE_RIGHT_GESTURES, mFrame=[1080,0][1080,2400], mVisible=true, mInsetsRoundedCornerFrame=false}, InsetsSource: {mType=ITYPE_TOP_MANDATORY_GESTURES, mFrame=[0,0][1080,124], mVisible=true, mInsetsRoundedCornerFrame=false}, InsetsSource: {mType=ITYPE_BOTTOM_MANDATORY_GESTURES, mFrame=[0,2256][1080,2400], mVisible=true, mInsetsRoundedCornerFrame=false}, InsetsSource: {mType=ITYPE_LEFT_DISPLAY_CUTOUT, mFrame=[0,0][-100000,2400], mVisible=true, mInsetsRoundedCornerFrame=false}, InsetsSource: {mType=ITYPE_TOP_DISPLAY_CUTOUT, mFrame=[0,0][1080,88], mVisible=true, mInsetsRoundedCornerFrame=false}, InsetsSource: {mType=ITYPE_RIGHT_DISPLAY_CUTOUT, mFrame=[100000,0][1080,2400], mVisible=true, mInsetsRoundedCornerFrame=false}, InsetsSource: {mType=ITYPE_BOTTOM_DISPLAY_CUTOUT, mFrame=[0,100000][1080,2400], mVisible=true, mInsetsRoundedCornerFrame=false}, InsetsSource: {mType=ITYPE_TOP_TAPPABLE_ELEMENT, mFrame=[0,0][1080,88], mVisible=true, mInsetsRoundedCornerFrame=false}, InsetsSource: {mType=ITYPE_BOTTOM_TAPPABLE_ELEMENT, mFrame=[0,2256][1080,2400], mVisible=true, mInsetsRoundedCornerFrame=false}, InsetsSource: {mType=ITYPE_IME, mFrame=[0,0][0,0], mVisibleFrame=[0,1374][1080,2400], mVisible=false, mInsetsRoundedCornerFrame=false} } host=PopupWindow:b19674c from=android.view.ViewRootImpl.setView:1732
04-06 13:14:02.029  1748  1748 I ViewRootImpl@8125395[PopupWindow:b19674c]: setView = android.widget.PopupWindow$PopupDecorView@2919411 TM=false
04-06 13:14:02.034  1748  1748 I ViewRootImpl@8125395[PopupWindow:b19674c]: performTraversals params={(0,88)(fillxwrap) gr=TOP START CENTER sim={state=unchanged adjust=pan} ty=APPLICATION_PANEL fmt=TRANSLUCENT surfaceInsets=Rect(0, 0 - 0, 0) (manual)
04-06 13:14:02.034  1748  1748 I ViewRootImpl@8125395[PopupWindow:b19674c]:   fl=41800008
04-06 13:14:02.034  1748  1748 I ViewRootImpl@8125395[PopupWindow:b19674c]:   pfl=42018000
04-06 13:14:02.034  1748  1748 I ViewRootImpl@8125395[PopupWindow:b19674c]:   bhv=DEFAULT
04-06 13:14:02.034  1748  1748 I ViewRootImpl@8125395[PopupWindow:b19674c]:   fitTypes=STATUS_BARS NAVIGATION_BARS CAPTION_BAR naviIconColor=0
04-06 13:14:02.034  1748  1748 I ViewRootImpl@8125395[PopupWindow:b19674c]:   sfl=20000}
04-06 13:14:02.034  1748  1748 I ViewRootImpl@8125395[PopupWindow:b19674c]: performTraversals mFirst=true windowShouldResize=true viewVisibilityChanged=false mForceNextWindowRelayout=false params={(0,88)(fillxwrap) gr=TOP START CENTER sim={state=unchanged adjust=pan} ty=APPLICATION_PANEL fmt=TRANSLUCENT surfaceInsets=Rect(0, 0 - 0, 0) (manual)
04-06 13:14:02.034  1748  1748 I ViewRootImpl@8125395[PopupWindow:b19674c]:   fl=41800008
04-06 13:14:02.034  1748  1748 I ViewRootImpl@8125395[PopupWindow:b19674c]:   pfl=42018000
04-06 13:14:02.034  1748  1748 I ViewRootImpl@8125395[PopupWindow:b19674c]:   bhv=DEFAULT
04-06 13:14:02.034  1748  1748 I ViewRootImpl@8125395[PopupWindow:b19674c]:   fitTypes=STATUS_BARS NAVIGATION_BARS CAPTION_BAR naviIconColor=0
04-06 13:14:02.034  1748  1748 I ViewRootImpl@8125395[PopupWindow:b19674c]:   sfl=20000}
04-06 13:14:02.037  1748  1764 I ViewRootImpl@8125395[PopupWindow:b19674c]: Resizing android.view.ViewRootImpl@93f6976: frame = [0,88][1080,167] reportDraw = true forceLayout = false syncSeqId = 0
04-06 13:14:02.038  1748  1748 I ViewRootImpl@8125395[PopupWindow:b19674c]: updateBlastSurfaceIfNeeded mBlastBufferQueue=null isSameSurfaceControl=false
04-06 13:14:02.038  1748  1748 I BLASTBufferQueue: new BLASTBufferQueue, mName= ViewRootImpl@8125395[PopupWindow:b19674c] mNativeObject= 0xb4000070a0c87300 sc.mNativeObject= 0xb4000070a0cf4b80 caller= android.view.ViewRootImpl.updateBlastSurfaceIfNeeded:2909 android.view.ViewRootImpl.relayoutWindow:9847 android.view.ViewRootImpl.performTraversals:3884 android.view.ViewRootImpl.doTraversal:3116 android.view.ViewRootImpl$TraversalRunnable.run:10885 android.view.Choreographer$CallbackRecord.run:1301 android.view.Choreographer$CallbackRecord.run:1309 android.view.Choreographer.doCallbacks:923 android.view.Choreographer.doFrame:852 android.view.Choreographer$FrameDisplayEventReceiver.run:1283 
04-06 13:14:02.038  1748  1748 I BLASTBufferQueue: update, w= 1080 h= 79 mName = ViewRootImpl@8125395[PopupWindow:b19674c] mNativeObject= 0xb4000070a0c87300 sc.mNativeObject= 0xb4000070a0cf4b80 format= -3 caller= android.graphics.BLASTBufferQueue.<init>:84 android.view.ViewRootImpl.updateBlastSurfaceIfNeeded:2909 android.view.ViewRootImpl.relayoutWindow:9847 android.view.ViewRootImpl.performTraversals:3884 android.view.ViewRootImpl.doTraversal:3116 android.view.ViewRootImpl$TraversalRunnable.run:10885 
04-06 13:14:02.039  1748  1748 I ViewRootImpl@8125395[PopupWindow:b19674c]: Relayout returned: old=(0,88,1080,2256) new=(0,88,1080,167) req=(1080,79)0 dur=4 res=0x3 s={true 0xb4000070a70ed800} ch=true seqId=0
04-06 13:14:02.039  1748  1748 I ViewRootImpl@8125395[PopupWindow:b19674c]: mThreadedRenderer.initialize() mSurface={isValid=true 0xb4000070a70ed800} hwInitialized=true
04-06 13:14:02.039  1748  1889 D OpenGLRenderer: eglCreateWindowSurface
04-06 13:14:02.040  1748  1748 I ViewRootImpl@8125395[PopupWindow:b19674c]: reportNextDraw android.view.ViewRootImpl.performTraversals:4438 android.view.ViewRootImpl.doTraversal:3116 android.view.ViewRootImpl$TraversalRunnable.run:10885 android.view.Choreographer$CallbackRecord.run:1301 android.view.Choreographer$CallbackRecord.run:1309 
04-06 13:14:02.040  1748  1748 I ViewRootImpl@8125395[PopupWindow:b19674c]: Setup new sync id=0
04-06 13:14:02.040  1748  1748 I ViewRootImpl@8125395[PopupWindow:b19674c]: Setting syncFrameCallback
04-06 13:14:02.040  1748  1748 I ViewRootImpl@8125395[PopupWindow:b19674c]: registerCallbacksForSync syncBuffer=false
04-06 13:14:02.041  1748  1919 I ViewRootImpl@8125395[PopupWindow:b19674c]: Received frameDrawingCallback syncResult=0 frameNum=1.
04-06 13:14:02.041  1748  1919 I ViewRootImpl@8125395[PopupWindow:b19674c]: Setting up sync and frameCommitCallback
04-06 13:14:02.047  1748  1889 I BLASTBufferQueue: [ViewRootImpl@8125395[PopupWindow:b19674c]#1](f:0,a:0) onFrameAvailable the first frame is available
04-06 13:14:02.047  1748  1889 I ViewRootImpl@8125395[PopupWindow:b19674c]: Received frameCommittedCallback lastAttemptedDrawFrameNum=1 didProduceBuffer=true
04-06 13:14:02.048  1748  1889 D OpenGLRenderer: CFMS:: SetUp Pid : 1748    Tid : 1889
04-06 13:14:02.048  1748  1889 W Parcel  : Expecting binder but got null!
04-06 13:14:02.048  1748  1748 I ViewRootImpl@8125395[PopupWindow:b19674c]: onSyncComplete
04-06 13:14:02.048  1748  1748 I ViewRootImpl@8125395[PopupWindow:b19674c]: setupSync seqId=0 mSyncId=0 fn=1 caller=android.view.ViewRootImpl$$ExternalSyntheticLambda11.accept:6 android.window.SurfaceSyncer.lambda$setupSync$1$android-window-SurfaceSyncer:128 android.window.SurfaceSyncer$$ExternalSyntheticLambda1.accept:8 android.window.SurfaceSyncer$SyncSet.checkIfSyncIsComplete:382 android.window.SurfaceSyncer$SyncSet.markSyncReady:359 android.window.SurfaceSyncer.markSyncReady:151 android.view.ViewRootImpl.performTraversals:4503 
04-06 13:14:02.049  1748  1748 I ViewRootImpl@8125395[PopupWindow:b19674c]: reportDrawFinished seqId=0 mSyncId=-1 fn=1 mSurfaceChangedTransaction=0xb4000070a0cf2800
04-06 13:14:02.050  1748  1748 I ViewRootImpl@8125395[PopupWindow:b19674c]: handleResized, msg = 5 frames=ClientWindowFrames{frame=[0,88][1080,167] display=[0,88][1080,2256] parentFrame=[0,0][0,0] parentClippedByDisplayCutout=false} forceNextWindowRelayout=false displayId=0 resizeMode=-1 frameChanged=false displayFrameChanged=false configChanged=false displayChanged=false
04-06 13:14:02.050  1748  1748 I ViewRootImpl@8125395[PopupWindow:b19674c]: handleResized mSyncSeqId = 0
04-06 13:14:02.050  1748  1748 I ViewRootImpl@8125395[PopupWindow:b19674c]: reportNextDraw android.view.ViewRootImpl.handleResized:2450 android.view.ViewRootImpl.-$$Nest$mhandleResized:0 android.view.ViewRootImpl$ViewRootHandler.handleMessageImpl:6728 android.view.ViewRootImpl$ViewRootHandler.handleMessage:6697 android.os.Handler.dispatchMessage:106 
04-06 13:14:02.050  1748  1748 I ViewRootImpl@73623ee[MainActivity]: MSG_WINDOW_FOCUS_CHANGED 1 0
04-06 13:14:02.050  1748  1748 I ViewRootImpl@73623ee[MainActivity]: mThreadedRenderer.initializeIfNeeded()#2 mSurface={isValid=true 0xb4000070a70eb000}
04-06 13:14:02.051  1748  1748 W unknown:BridgelessReact: ReactHost{0}.raiseSoftException(onWindowFocusChange(hasFocus = "true")): Tried to access onWindowFocusChange while context is not ready
04-06 13:14:02.052  1748  1748 E unknown:ReactHost: Unhandled SoftException
04-06 13:14:02.052  1748  1748 E unknown:ReactHost: com.facebook.react.bridge.ReactNoCrashSoftException: raiseSoftException(onWindowFocusChange(hasFocus = "true")): Tried to access onWindowFocusChange while context is not ready
04-06 13:14:02.052  1748  1748 E unknown:ReactHost: 	at com.facebook.react.runtime.ReactHostImpl.raiseSoftException(ReactHostImpl.kt:861)
04-06 13:14:02.052  1748  1748 E unknown:ReactHost: 	at com.facebook.react.runtime.ReactHostImpl.raiseSoftException$default(ReactHostImpl.kt:852)
04-06 13:14:02.052  1748  1748 E unknown:ReactHost: 	at com.facebook.react.runtime.ReactHostImpl.onWindowFocusChange(ReactHostImpl.kt:625)
04-06 13:14:02.052  1748  1748 E unknown:ReactHost: 	at com.facebook.react.ReactDelegate.onWindowFocusChanged(ReactDelegate.kt:232)
04-06 13:14:02.052  1748  1748 E unknown:ReactHost: 	at com.facebook.react.ReactActivityDelegate.onWindowFocusChanged(ReactActivityDelegate.java:237)
04-06 13:14:02.052  1748  1748 E unknown:ReactHost: 	at expo.modules.ReactActivityDelegateWrapper$onWindowFocusChanged$1.invokeSuspend(ReactActivityDelegateWrapper.kt:320)
04-06 13:14:02.052  1748  1748 E unknown:ReactHost: 	at expo.modules.ReactActivityDelegateWrapper$onWindowFocusChanged$1.invoke(Unknown Source:8)
04-06 13:14:02.052  1748  1748 E unknown:ReactHost: 	at expo.modules.ReactActivityDelegateWrapper$onWindowFocusChanged$1.invoke(Unknown Source:4)
04-06 13:14:02.052  1748  1748 E unknown:ReactHost: 	at expo.modules.ReactActivityDelegateWrapper$launchLifecycleScopeWithLock$1.invokeSuspend(ReactActivityDelegateWrapper.kt:452)
04-06 13:14:02.052  1748  1748 E unknown:ReactHost: 	at kotlin.coroutines.jvm.internal.BaseContinuationImpl.resumeWith(ContinuationImpl.kt:33)
04-06 13:14:02.052  1748  1748 E unknown:ReactHost: 	at kotlinx.coroutines.internal.DispatchedContinuationKt.resumeCancellableWith(DispatchedContinuation.kt:375)
04-06 13:14:02.052  1748  1748 E unknown:ReactHost: 	at kotlinx.coroutines.intrinsics.CancellableKt.startCoroutineCancellable(Cancellable.kt:26)
04-06 13:14:02.052  1748  1748 E unknown:ReactHost: 	at kotlinx.coroutines.CoroutineStart.invoke(CoroutineStart.kt:358)
04-06 13:14:02.052  1748  1748 E unknown:ReactHost: 	at kotlinx.coroutines.AbstractCoroutine.start(AbstractCoroutine.kt:134)
04-06 13:14:02.052  1748  1748 E unknown:ReactHost: 	at kotlinx.coroutines.BuildersKt__Builders_commonKt.launch(Builders.common.kt:53)
04-06 13:14:02.052  1748  1748 E unknown:ReactHost: 	at kotlinx.coroutines.BuildersKt.launch(Unknown Source:1)
04-06 13:14:02.052  1748  1748 E unknown:ReactHost: 	at kotlinx.coroutines.BuildersKt__Builders_commonKt.launch$default(Builders.common.kt:44)
04-06 13:14:02.052  1748  1748 E unknown:ReactHost: 	at kotlinx.coroutines.BuildersKt.launch$default(Unknown Source:1)
04-06 13:14:02.052  1748  1748 E unknown:ReactHost: 	at expo.modules.ReactActivityDelegateWrapper.launchLifecycleScopeWithLock(ReactActivityDelegateWrapper.kt:450)
04-06 13:14:02.052  1748  1748 E unknown:ReactHost: 	at expo.modules.ReactActivityDelegateWrapper.launchLifecycleScopeWithLock$default(ReactActivityDelegateWrapper.kt:446)
04-06 13:14:02.052  1748  1748 E unknown:ReactHost: 	at expo.modules.ReactActivityDelegateWrapper.onWindowFocusChanged(ReactActivityDelegateWrapper.kt:318)
04-06 13:14:02.052  1748  1748 E unknown:ReactHost: 	at com.facebook.react.ReactActivity.onWindowFocusChanged(ReactActivity.java:158)
04-06 13:14:02.052  1748  1748 E unknown:ReactHost: 	at androidx.appcompat.view.WindowCallbackWrapper.onWindowFocusChanged(WindowCallbackWrapper.java:124)
04-06 13:14:02.052  1748  1748 E unknown:ReactHost: 	at com.android.internal.policy.DecorView.onWindowFocusChanged(DecorView.java:2710)
04-06 13:14:02.052  1748  1748 E unknown:ReactHost: 	at android.view.View.dispatchWindowFocusChanged(View.java:15817)
04-06 13:14:02.052  1748  1748 E unknown:ReactHost: 	at android.view.ViewGroup.dispatchWindowFocusChanged(ViewGroup.java:1512)
04-06 13:14:02.052  1748  1748 E unknown:ReactHost: 	at android.view.ViewRootImpl.handleWindowFocusChanged(ViewRootImpl.java:4678)
04-06 13:14:02.052  1748  1748 E unknown:ReactHost: 	at android.view.ViewRootImpl.-$$Nest$mhandleWindowFocusChanged(Unknown Source:0)
04-06 13:14:02.052  1748  1748 E unknown:ReactHost: 	at android.view.ViewRootImpl$ViewRootHandler.handleMessageImpl(ViewRootImpl.java:6788)
04-06 13:14:02.052  1748  1748 E unknown:ReactHost: 	at android.view.ViewRootImpl$ViewRootHandler.handleMessage(ViewRootImpl.java:6697)
04-06 13:14:02.052  1748  1748 E unknown:ReactHost: 	at android.os.Handler.dispatchMessage(Handler.java:106)
04-06 13:14:02.052  1748  1748 E unknown:ReactHost: 	at android.os.Looper.loopOnce(Looper.java:226)
04-06 13:14:02.052  1748  1748 E unknown:ReactHost: 	at android.os.Looper.loop(Looper.java:313)
04-06 13:14:02.052  1748  1748 E unknown:ReactHost: 	at android.app.ActivityThread.main(ActivityThread.java:8762)
04-06 13:14:02.052  1748  1748 E unknown:ReactHost: 	at java.lang.reflect.Method.invoke(Native Method)
04-06 13:14:02.052  1748  1748 E unknown:ReactHost: 	at com.android.internal.os.RuntimeInit$MethodAndArgsCaller.run(RuntimeInit.java:604)
04-06 13:14:02.052  1748  1748 E unknown:ReactHost: 	at com.android.internal.os.ZygoteInit.main(ZygoteInit.java:1067)
04-06 13:14:02.052  1748  1748 D InputMethodManager: startInputInner - Id : 0
04-06 13:14:02.052  1748  1748 I InputMethodManager: startInputInner - mService.startInputOrWindowGainedFocus
04-06 13:14:02.056  1748  1748 D InputMethodManager: startInputInner - Id : 0
04-06 13:14:02.064  1748  1748 I ViewRootImpl@8125395[PopupWindow:b19674c]: Setup new sync id=1
04-06 13:14:02.064  1748  1748 I ViewRootImpl@8125395[PopupWindow:b19674c]: Setting syncFrameCallback
04-06 13:14:02.064  1748  1748 I ViewRootImpl@8125395[PopupWindow:b19674c]: registerCallbacksForSync syncBuffer=false
04-06 13:14:02.066  1748  1920 I ViewRootImpl@8125395[PopupWindow:b19674c]: Received frameDrawingCallback syncResult=0 frameNum=3.
04-06 13:14:02.066  1748  1920 I ViewRootImpl@8125395[PopupWindow:b19674c]: Setting up sync and frameCommitCallback
04-06 13:14:02.071  1748  1889 I ViewRootImpl@8125395[PopupWindow:b19674c]: Received frameCommittedCallback lastAttemptedDrawFrameNum=3 didProduceBuffer=true
04-06 13:14:02.071  1748  1748 I ViewRootImpl@8125395[PopupWindow:b19674c]: onSyncComplete
04-06 13:14:02.071  1748  1748 I ViewRootImpl@8125395[PopupWindow:b19674c]: setupSync seqId=0 mSyncId=1 fn=3 caller=android.view.ViewRootImpl$$ExternalSyntheticLambda11.accept:6 android.window.SurfaceSyncer.lambda$setupSync$1$android-window-SurfaceSyncer:128 android.window.SurfaceSyncer$$ExternalSyntheticLambda1.accept:8 android.window.SurfaceSyncer$SyncSet.checkIfSyncIsComplete:382 android.window.SurfaceSyncer$SyncSet.markSyncReady:359 android.window.SurfaceSyncer.markSyncReady:151 android.view.ViewRootImpl.performTraversals:4503 
04-06 13:14:02.071  1748  1748 I ViewRootImpl@8125395[PopupWindow:b19674c]: reportDrawFinished seqId=0 mSyncId=-1 fn=3 mSurfaceChangedTransaction=0xb4000070a0cf2800
04-06 13:14:02.336  1748  1916 D Detox.RNMarker: DOWNLOAD_END ({"url":"http:\/\/localhost:8081\/.expo\/.virtual-metro-entry.bundle?platform=android&dev=true&lazy=true&minify=false&app=com.evolucao.app&modulesOnly=false&runModule=true&excludeSource=true&sourcePaths=url-server","filesChangedCount":0})
04-06 13:14:02.336  1748  1916 W unknown:BridgelessReact: ReactHost{0}.loadJSBundleFromMetro(): Creating BundleLoader
04-06 13:14:02.337  1748  1915 W unknown:BridgelessReact: ReactHost{0}.getOrCreateReactInstanceTask(): Creating BridgelessReactContext
04-06 13:14:02.339  1748  1889 D OpenGLRenderer: setSurface called with nullptr
04-06 13:14:02.339  1748  1889 D OpenGLRenderer: setSurface() destroyed EGLSurface
04-06 13:14:02.339  1748  1889 D OpenGLRenderer: destroyEglSurface
04-06 13:14:02.339  1748  1915 W unknown:BridgelessReact: ReactHost{0}.getOrCreateReactInstanceTask(): Creating ReactInstance
04-06 13:14:02.340  1748  1748 I ViewRootImpl@8125395[PopupWindow:b19674c]: dispatchDetachedFromWindow
04-06 13:14:02.342  1748  1748 D InputTransport: Input channel destroyed: '72de6f1', fd=121
04-06 13:14:02.349  1748  1916 D TrafficStats: tagSocket(127) with statsTag=0xffffffff, statsUid=-1
04-06 13:14:02.352  1748  1915 D jni_lib_merge: Entering merged library JNI_OnLoad.
04-06 13:14:02.352  1748  1915 D jni_lib_merge: Preparing 4 pre-merged libs (including stub)
04-06 13:14:02.352  1748  1915 D jni_lib_merge: Preparing to register libhermes_executor_so.  onload_func: 0x70194dffa4
04-06 13:14:02.352  1748  1915 D jni_lib_merge: Preparing to register libhermesinstancejni_so.  onload_func: 0x70195198b4
04-06 13:14:02.352  1748  1915 D jni_lib_merge: Preparing to register libjsijniprofiler_so.  onload_func: 0x701951b8f8
04-06 13:14:02.352  1748  1915 D jni_lib_merge: About to register 3 actual methods.
04-06 13:14:02.445  1748  1915 I ExpoModulesCore: ✅ AppContext was initialized
04-06 13:14:02.475  1748  1915 W unknown:BridgelessReact: ReactHost{0}.getOrCreateReactInstanceTask(): Loading JS Bundle
04-06 13:14:02.475  1748  1915 W unknown:BridgelessReact: ReactHost{0}.getOrCreateReactInstanceTask(): DevSupportManager.onNewReactContextCreated()
04-06 13:14:02.475  1748  1948 D Detox.RNMarker: RUN_JS_BUNDLE_START (/.virtual-metro-entry.bundle?platform=android&dev=true&lazy=true&minify=false&app=com.evolucao.app&modulesOnly=false&runModule=true&excludeSource=true&sourcePaths=url-server)
04-06 13:14:02.478  1748  1748 W unknown:ReactNative: Packager connection already open, nooping.
04-06 13:14:02.481  1748  1748 W unknown:BridgelessReact: ReactHost{0}.ReactContext.onHostResume()
04-06 13:14:02.482  1748  1915 W unknown:BridgelessReact: ReactHost{0}.startSurface(surfaceId = 0): Execute
04-06 13:14:02.486  1748  1748 W unknown:BridgelessReact: ReactHost{0}.getOrCreateReactInstanceTask(): Executing ReactInstanceEventListeners
04-06 13:14:02.486  1748  1748 I DetoxRNLoading: Got new RN-context through listener
04-06 13:14:02.487  1748  1846 I DetoxRNIdleRes: Setting up Espresso Idling Resources for React Native
04-06 13:14:02.494  1748  1748 D DetoxRNHelpers: Native RN module resolution (class com.reactnativecommunity.asyncstorage.AsyncStorageModule): no registered module found
04-06 13:14:02.494  1748  1846 D IdlingRegistry: Registering idling resources: [com.wix.detox.reactnative.idlingresources.uimodule.fabric.FabricUIManagerIdlingResources@5d7ad2c]
04-06 13:14:02.494  1748  1846 D IdlingRegistry: Registering idling resources: [com.wix.detox.reactnative.idlingresources.animations.AnimatedModuleIdlingResource@fa053f5]
04-06 13:14:02.494  1748  1846 D IdlingRegistry: Registering idling resources: [com.wix.detox.reactnative.idlingresources.timers.FabricTimersIdlingResource@556958a]
04-06 13:14:02.494  1748  1846 D IdlingRegistry: Registering idling resources: [com.wix.detox.reactnative.idlingresources.network.NetworkIdlingResource@a29e7fb]
04-06 13:14:02.494  1748  1846 D IdlingRegistry: Registering idling resources: [com.wix.detox.reactnative.idlingresources.StabilizedIdlingResource@fa87018]
04-06 13:14:02.506  1748  1949 W om.evolucao.app: Accessing hidden method Landroid/os/MessageQueue;->next()Landroid/os/Message; (unsupported, reflection, allowed)
04-06 13:14:02.506  1748  1949 W om.evolucao.app: Accessing hidden field Landroid/os/MessageQueue;->mMessages:Landroid/os/Message; (unsupported, reflection, allowed)
04-06 13:14:02.506  1748  1949 W om.evolucao.app: Accessing hidden method Landroid/os/Message;->recycleUnchecked()V (unsupported, reflection, allowed)
04-06 13:14:02.649  1748  1748 D DetoxRNHelpers: Native RN module resolution (class com.reactnativecommunity.asyncstorage.AsyncStorageModule): no registered module found
04-06 13:14:02.716  1748  1949 I WebViewFactory: Loading com.google.android.webview version 146.0.7680.164 (code 768016403)
04-06 13:14:02.718  1748  1949 D ApplicationLoaders: Returning zygote-cached class loader: /system/framework/android.test.base.jar
04-06 13:14:02.720  1748  1949 D nativeloader: Configuring classloader-namespace for other apk /data/app/~~23ppwVuk64Fm9vdWCRWMMw==/com.google.android.webview-FPIphznatdLDx2VBYoD68A==/base.apk. target_sdk_version=36, uses_libraries=, library_path=/data/app/~~23ppwVuk64Fm9vdWCRWMMw==/com.google.android.webview-FPIphznatdLDx2VBYoD68A==/lib/arm64:/data/app/~~23ppwVuk64Fm9vdWCRWMMw==/com.google.android.webview-FPIphznatdLDx2VBYoD68A==/base.apk!/lib/arm64-v8a, permitted_path=/data:/mnt/expand
04-06 13:14:02.731  1748  1949 I cr_WVCFactoryProvider: version=146.0.7680.164 (768016403) minSdkVersion=29 multiprocess=true packageId=127 splits=<none>
04-06 13:14:02.736  1748  1974 I chromium: [0406/131402.736673:INFO:android_webview/browser/variations/variations_seed_loader.cc:67] Failed to open file for reading.: No such file or directory (2)
04-06 13:14:02.736  1748  1974 I chromium: [0406/131402.736834:INFO:android_webview/browser/variations/variations_seed_loader.cc:67] Failed to open file for reading.: No such file or directory (2)
04-06 13:14:02.741  1748  1949 I cr_LibraryLoader: Successfully loaded native library
04-06 13:14:02.741  1748  1949 I cr_CachingUmaRecorder: Flushed 16 samples from 16 histograms, 0 samples were dropped.
04-06 13:14:02.755  1748  1977 D TrafficStats: tagSocket(143) with statsTag=0xffffffff, statsUid=-1
04-06 13:14:02.757  1748  1977 D TrafficStats: tagSocket(143) with statsTag=0xffffffff, statsUid=-1
04-06 13:14:02.764  1748  1948 W BridgelessReactContext: [WARNING] Bridgeless doesn't support CatalystInstance. Accessing an API that's not part of the new architecture is not encouraged usage.
04-06 13:14:02.771  1748  1948 I ExpoModulesCore: ✅ JSI interop was installed
04-06 13:14:02.775  1748  1948 I ExpoModulesCore: ✅ Constants were exported
04-06 13:14:02.816  1748  1948 W unknown:ViewManagerPropertyUpdater: Could not find generated setter for class com.th3rdwave.safeareacontext.SafeAreaProviderManager
04-06 13:14:02.819  1748  1948 W unknown:ViewManagerPropertyUpdater: Could not find generated setter for class com.facebook.react.uimanager.LayoutShadowNode
04-06 13:14:02.821  1748  1948 W unknown:ViewManagerPropertyUpdater: Could not find generated setter for class com.swmansion.rnscreens.SearchBarManager
04-06 13:14:02.821  1748  1948 W unknown:ViewManagerPropertyUpdater: Could not find generated setter for class com.swmansion.rnscreens.ScreenFooterManager
04-06 13:14:02.822  1748  1948 W unknown:ViewManagerPropertyUpdater: Could not find generated setter for class com.swmansion.rnscreens.gamma.tabs.TabScreenViewManager
04-06 13:14:02.823  1748  1948 W unknown:ViewManagerPropertyUpdater: Could not find generated setter for class expo.modules.kotlin.views.GroupViewManagerWrapper
04-06 13:14:02.824  1748  1948 W unknown:ViewManagerPropertyUpdater: Could not find generated setter for class com.swmansion.rnscreens.ScreenContainerViewManager
04-06 13:14:02.824  1748  1948 W unknown:ViewManagerPropertyUpdater: Could not find generated setter for class com.swmansion.rnscreens.gamma.tabs.TabsHostViewManager
04-06 13:14:02.826  1748  1948 W unknown:ViewManagerPropertyUpdater: Could not find generated setter for class com.swmansion.rnscreens.ModalScreenViewManager
04-06 13:14:02.827  1748  1948 W unknown:ViewManagerPropertyUpdater: Could not find generated setter for class com.swmansion.rnscreens.ScreenStackHeaderConfigViewManager
04-06 13:14:02.828  1748  1948 W unknown:ViewManagerPropertyUpdater: Could not find generated setter for class com.swmansion.rnscreens.ScreenContentWrapperManager
04-06 13:14:02.828  1748  1948 W unknown:ViewManagerPropertyUpdater: Could not find generated setter for class com.th3rdwave.safeareacontext.SafeAreaViewManager
04-06 13:14:02.829  1748  1948 W unknown:ViewManagerPropertyUpdater: Could not find generated setter for class com.th3rdwave.safeareacontext.SafeAreaViewShadowNode
04-06 13:14:02.830  1748  1948 W unknown:ViewManagerPropertyUpdater: Could not find generated setter for class com.swmansion.rnscreens.safearea.SafeAreaViewManager
04-06 13:14:02.830  1748  1948 W unknown:ViewManagerPropertyUpdater: Could not find generated setter for class com.swmansion.rnscreens.safearea.paper.SafeAreaViewShadowNode
04-06 13:14:02.831  1748  1948 W unknown:ViewManagerPropertyUpdater: Could not find generated setter for class com.swmansion.rnscreens.ScreenViewManager
04-06 13:14:02.831  1748  1948 W unknown:ViewManagerPropertyUpdater: Could not find generated setter for class com.swmansion.rnscreens.gamma.stack.host.StackHostViewManager
04-06 13:14:02.831  1748  1948 W unknown:ViewManagerPropertyUpdater: Could not find generated setter for class com.swmansion.rnscreens.ScreenStackHeaderSubviewManager
04-06 13:14:02.832  1748  1948 W unknown:ViewManagerPropertyUpdater: Could not find generated setter for class com.swmansion.rnscreens.gamma.stack.screen.StackScreenViewManager
04-06 13:14:02.832  1748  1948 W unknown:ViewManagerPropertyUpdater: Could not find generated setter for class com.swmansion.rnscreens.ScreenStackViewManager
04-06 13:14:02.904  1748  1948 W unknown:ViewManagerPropertyUpdater: Could not find generated setter for class com.facebook.react.views.debuggingoverlay.DebuggingOverlayManager
04-06 13:14:02.909  1748  1948 W unknown:ViewManagerPropertyUpdater: Could not find generated setter for class com.swmansion.gesturehandler.react.RNGestureHandlerButtonViewManager
04-06 13:14:02.914  1748  1948 W unknown:ViewManagerPropertyUpdater: Could not find generated setter for class com.facebook.react.views.safeareaview.ReactSafeAreaViewManager
04-06 13:14:02.919  1748  1948 W unknown:ViewManagerPropertyUpdater: Could not find generated setter for class com.facebook.react.views.modal.ReactModalHostManager
04-06 13:14:02.924  1748  1948 W unknown:ViewManagerPropertyUpdater: Could not find generated setter for class com.facebook.react.views.text.frescosupport.FrescoBasedReactTextInlineImageViewManager
04-06 13:14:02.924  1748  1948 W unknown:ViewManagerPropertyUpdater: Could not find generated setter for class com.facebook.react.views.text.frescosupport.FrescoBasedReactTextInlineImageShadowNode
04-06 13:14:02.929  1748  1948 W unknown:ViewManagerPropertyUpdater: Could not find generated setter for class com.facebook.react.views.progressbar.ReactProgressBarViewManager
04-06 13:14:02.930  1748  1948 W unknown:ViewManagerPropertyUpdater: Could not find generated setter for class com.facebook.react.views.progressbar.ProgressBarShadowNode
04-06 13:14:02.935  1748  1948 W unknown:ViewManagerPropertyUpdater: Could not find generated setter for class com.facebook.react.views.scroll.ReactHorizontalScrollViewManager
04-06 13:14:02.940  1748  1948 W unknown:ViewManagerPropertyUpdater: Could not find generated setter for class com.facebook.react.views.image.ReactImageManager
04-06 13:14:02.947  1748  1948 W unknown:ViewManagerPropertyUpdater: Could not find generated setter for class com.facebook.react.views.text.ReactTextViewManager
04-06 13:14:02.947  1748  1948 W unknown:ViewManagerPropertyUpdater: Could not find generated setter for class com.facebook.react.views.text.ReactTextShadowNode
04-06 13:14:02.953  1748  1948 W unknown:ViewManagerPropertyUpdater: Could not find generated setter for class com.facebook.react.views.scroll.ReactHorizontalScrollContainerViewManager
04-06 13:14:02.958  1748  1948 W unknown:ViewManagerPropertyUpdater: Could not find generated setter for class com.facebook.react.views.unimplementedview.ReactUnimplementedViewManager
04-06 13:14:02.963  1748  1948 W unknown:ViewManagerPropertyUpdater: Could not find generated setter for class com.facebook.react.views.scroll.ReactScrollViewManager
04-06 13:14:02.969  1748  1948 W unknown:ViewManagerPropertyUpdater: Could not find generated setter for class com.facebook.react.views.view.ReactViewManager
04-06 13:14:02.975  1748  1948 W unknown:ViewManagerPropertyUpdater: Could not find generated setter for class com.facebook.react.views.drawer.ReactDrawerLayoutManager
04-06 13:14:02.980  1748  1948 W unknown:ViewManagerPropertyUpdater: Could not find generated setter for class com.facebook.react.views.switchview.ReactSwitchManager
04-06 13:14:02.980  1748  1948 W unknown:ViewManagerPropertyUpdater: Could not find generated setter for class com.facebook.react.views.switchview.ReactSwitchShadowNode
04-06 13:14:02.985  1748  1948 W unknown:ViewManagerPropertyUpdater: Could not find generated setter for class com.facebook.react.views.swiperefresh.SwipeRefreshLayoutManager
04-06 13:14:02.992  1748  1948 W unknown:ViewManagerPropertyUpdater: Could not find generated setter for class com.facebook.react.views.textinput.ReactTextInputManager
04-06 13:14:02.993  1748  1948 W unknown:ViewManagerPropertyUpdater: Could not find generated setter for class com.facebook.react.views.textinput.ReactTextInputShadowNode
04-06 13:14:02.998  1748  1948 W unknown:ViewManagerPropertyUpdater: Could not find generated setter for class com.swmansion.gesturehandler.react.RNGestureHandlerRootViewManager
04-06 13:14:03.032  1748  1977 D TrafficStats: tagSocket(145) with statsTag=0xffffffff, statsUid=-1
04-06 13:14:03.196  1748  1948 V AsyncStorageExpoMigration: No scoped database found
04-06 13:14:03.366  1748  1948 D Detox.RNMarker: RUN_JS_BUNDLE_END (/.virtual-metro-entry.bundle?platform=android&dev=true&lazy=true&minify=false&app=com.evolucao.app&modulesOnly=false&runModule=true&excludeSource=true&sourcePaths=url-server)
04-06 13:14:03.368  1748  1948 I ReactNativeJS: Running "main" with {"rootTag":1,"initialProps":{},"fabric":true}
04-06 13:14:03.445  1748  1982 D TrafficStats: tagSocket(131) with statsTag=0xffffffff, statsUid=-1
04-06 13:14:03.566  1748  1748 I DecorView: notifyKeepScreenOnChanged: keepScreenOn=true
04-06 13:14:03.573  1748  1748 I ViewRootImpl@73623ee[MainActivity]: performTraversals params={(0,0)(fillxfill) sim={adjust=resize} layoutInDisplayCutoutMode=always ty=BASE_APPLICATION wanim=0x1030309
04-06 13:14:03.573  1748  1748 I ViewRootImpl@73623ee[MainActivity]:   fl=81810180
04-06 13:14:03.573  1748  1748 I ViewRootImpl@73623ee[MainActivity]:   pfl=16020040
04-06 13:14:03.573  1748  1748 I ViewRootImpl@73623ee[MainActivity]:   vsysui=100
04-06 13:14:03.573  1748  1748 I ViewRootImpl@73623ee[MainActivity]:   bhv=DEFAULT
04-06 13:14:03.573  1748  1748 I ViewRootImpl@73623ee[MainActivity]:   fitSides= naviIconColor=0}
04-06 13:14:03.575  1748  1748 I ViewRootImpl@73623ee[MainActivity]: performTraversals mFirst=false windowShouldResize=false viewVisibilityChanged=false mForceNextWindowRelayout=false params={(0,0)(fillxfill) sim={adjust=resize} layoutInDisplayCutoutMode=always ty=BASE_APPLICATION wanim=0x1030309
04-06 13:14:03.575  1748  1748 I ViewRootImpl@73623ee[MainActivity]:   fl=81810180
04-06 13:14:03.575  1748  1748 I ViewRootImpl@73623ee[MainActivity]:   pfl=16020040
04-06 13:14:03.575  1748  1748 I ViewRootImpl@73623ee[MainActivity]:   vsysui=100
04-06 13:14:03.575  1748  1748 I ViewRootImpl@73623ee[MainActivity]:   bhv=DEFAULT
04-06 13:14:03.575  1748  1748 I ViewRootImpl@73623ee[MainActivity]:   fitSides= naviIconColor=0}
04-06 13:14:03.584  1748  1748 I ViewRootImpl@73623ee[MainActivity]: updateBlastSurfaceIfNeeded mBlastBufferQueue=0xb4000070c2c34c00 isSameSurfaceControl=true
04-06 13:14:03.585  1748  1748 I BLASTBufferQueue: update, w= 1080 h= 2400 mName = ViewRootImpl@73623ee[MainActivity] mNativeObject= 0xb4000070c2c34c00 sc.mNativeObject= 0xb4000070a0cf7740 format= -1 caller= android.view.ViewRootImpl.updateBlastSurfaceIfNeeded:2898 android.view.ViewRootImpl.relayoutWindow:9847 android.view.ViewRootImpl.performTraversals:3884 android.view.ViewRootImpl.doTraversal:3116 android.view.ViewRootImpl$TraversalRunnable.run:10885 android.view.Choreographer$CallbackRecord.run:1301 
04-06 13:14:03.585  1748  1748 I ViewRootImpl@73623ee[MainActivity]: Relayout returned: old=(0,0,1080,2400) new=(0,0,1080,2400) req=(1080,2400)0 dur=9 res=0x0 s={true 0xb4000070a70eb000} ch=false seqId=0
04-06 13:14:03.590  1748  1748 D Detox.RNMarker: CONTENT_APPEARED (main)
04-06 13:14:03.592  1748  1948 D Detox.RNMarker: REACT_BRIDGELESS_LOADING_END (null)
04-06 13:14:03.602  1748  1948 I ReactNativeJS: '[ANALYTICS]', 'app_opened', { event: 'app_opened',
04-06 13:14:03.602  1748  1948 I ReactNativeJS:   eventId: '1775492043597_395ffcfcf9cbbe',
04-06 13:14:03.602  1748  1948 I ReactNativeJS:   appVersion: '1.0.0',
04-06 13:14:03.602  1748  1948 I ReactNativeJS:   category: 'engagement',
04-06 13:14:03.602  1748  1948 I ReactNativeJS:   userId: 'anonymous',
04-06 13:14:03.602  1748  1948 I ReactNativeJS:   timestamp: 1775492043596,
04-06 13:14:03.602  1748  1948 I ReactNativeJS:   timestampIso: '2026-04-06T16:14:03.596Z',
04-06 13:14:03.602  1748  1948 I ReactNativeJS:   screen: 'App',
04-06 13:14:03.602  1748  1948 I ReactNativeJS:   sessionId: 'session-1775492043581-29a52b91b698ea',
04-06 13:14:03.602  1748  1948 I ReactNativeJS:   flowId: 'session-1775492043581-29a52b91b698ea',
04-06 13:14:03.602  1748  1948 I ReactNativeJS:   meta: 
04-06 13:14:03.602  1748  1948 I ReactNativeJS:    { domain: 'engagement',
04-06 13:14:03.602  1748  1948 I ReactNativeJS:      version: 1,
04-06 13:14:03.602  1748  1948 I ReactNativeJS:      dayKey: '2026-04-06',
04-06 13:14:03.602  1748  1948 I ReactNativeJS:      isFirstOpenOfDay: true,
04-06 13:14:03.602  1748  1948 I ReactNativeJS:      category: 'engagement' } }
04-06 13:14:03.787  1748  1757 I om.evolucao.app: Compiler allocated 4177KB to compile void android.widget.TextView.<init>(android.content.Context, android.util.AttributeSet, int, int)
04-06 13:14:03.794  1748  1748 D CompatibilityChangeReporter: Compat change id reported: 171228096; UID 10649; state: ENABLED
04-06 13:14:03.795  1748  1748 D ScrollView: initGoToTop
04-06 13:14:03.796  1748  1748 W om.evolucao.app: Accessing hidden field Landroid/widget/ScrollView;->mScroller:Landroid/widget/OverScroller; (unsupported, reflection, allowed)
04-06 13:14:03.814  1748  1748 W [RNScreens]: backTitleFontFamily prop is not available on Android
04-06 13:14:03.814  1748  1748 W [RNScreens]: disableBackButtonMenu prop is not available on Android
04-06 13:14:03.814  1748  1748 W [RNScreens]: backTitleVisible prop is not available on Android
04-06 13:14:03.814  1748  1748 W [RNScreens]: topInsetEnabled prop is not available on Android
04-06 13:14:03.814  1748  1748 W [RNScreens]: largeTitleHideShadow prop is not available on Android
04-06 13:14:03.814  1748  1748 W [RNScreens]: largeTitleFontWeight prop is not available on Android
04-06 13:14:03.814  1748  1748 W [RNScreens]: userInterfaceStyle prop is not available on Android
04-06 13:14:03.814  1748  1748 W [RNScreens]: largeTitleFontFamily prop is not available on Android
04-06 13:14:03.896  1748  1889 D OpenGLRenderer: setSurface called with nullptr
04-06 13:14:06.385  1748  2033 D ProfileInstaller: Installing profile for com.evolucao.app
04-06 13:14:10.843  1748  1860 D DetoxWSClient: Received action 'currentStatus' (ID #22, params={})
04-06 13:14:10.844  1748  1852 I DetoxDispatcher: Handling action 'currentStatus' (ID #22)...
04-06 13:14:10.858  1748  1852 I DetoxWSClient: Sending out action 'currentStatusResult' (ID #22)
04-06 13:14:10.858  1748  1852 I DetoxDispatcher: Done with action 'currentStatus'
04-06 13:14:20.871  1748  1860 D DetoxWSClient: Received action 'currentStatus' (ID #23, params={})
04-06 13:14:20.872  1748  1852 I DetoxDispatcher: Handling action 'currentStatus' (ID #23)...
04-06 13:14:20.881  1748  1852 I DetoxWSClient: Sending out action 'currentStatusResult' (ID #23)
04-06 13:14:20.882  1748  1852 I DetoxDispatcher: Done with action 'currentStatus'
04-06 13:14:30.892  1748  1860 D DetoxWSClient: Received action 'currentStatus' (ID #24, params={})
04-06 13:14:30.893  1748  1852 I DetoxDispatcher: Handling action 'currentStatus' (ID #24)...
04-06 13:14:30.901  1748  1852 I DetoxWSClient: Sending out action 'currentStatusResult' (ID #24)
04-06 13:14:30.902  1748  1852 I DetoxDispatcher: Done with action 'currentStatus'
04-06 13:14:40.920  1748  1860 D DetoxWSClient: Received action 'currentStatus' (ID #25, params={})
04-06 13:14:40.921  1748  1852 I DetoxDispatcher: Handling action 'currentStatus' (ID #25)...
04-06 13:14:40.930  1748  1852 I DetoxWSClient: Sending out action 'currentStatusResult' (ID #25)
04-06 13:14:40.931  1748  1852 I DetoxDispatcher: Done with action 'currentStatus'
04-06 13:14:50.951  1748  1860 D DetoxWSClient: Received action 'currentStatus' (ID #26, params={})
04-06 13:14:50.952  1748  1852 I DetoxDispatcher: Handling action 'currentStatus' (ID #26)...
04-06 13:14:50.961  1748  1852 I DetoxWSClient: Sending out action 'currentStatusResult' (ID #26)
04-06 13:14:50.962  1748  1852 I DetoxDispatcher: Done with action 'currentStatus'
04-06 13:15:00.980  1748  1860 D DetoxWSClient: Received action 'currentStatus' (ID #27, params={})
04-06 13:15:00.980  1748  1852 I DetoxDispatcher: Handling action 'currentStatus' (ID #27)...
04-06 13:15:00.989  1748  1852 I DetoxWSClient: Sending out action 'currentStatusResult' (ID #27)
04-06 13:15:00.990  1748  1852 I DetoxDispatcher: Done with action 'currentStatus'
04-06 13:15:11.004  1748  1860 D DetoxWSClient: Received action 'currentStatus' (ID #28, params={})
04-06 13:15:11.005  1748  1852 I DetoxDispatcher: Handling action 'currentStatus' (ID #28)...
04-06 13:15:11.014  1748  1852 I DetoxWSClient: Sending out action 'currentStatusResult' (ID #28)
04-06 13:15:11.015  1748  1852 I DetoxDispatcher: Done with action 'currentStatus'
04-06 13:15:21.035  1748  1860 D DetoxWSClient: Received action 'currentStatus' (ID #29, params={})
04-06 13:15:21.036  1748  1852 I DetoxDispatcher: Handling action 'currentStatus' (ID #29)...
04-06 13:15:21.044  1748  1852 I DetoxWSClient: Sending out action 'currentStatusResult' (ID #29)
04-06 13:15:21.045  1748  1852 I DetoxDispatcher: Done with action 'currentStatus'
04-06 13:15:31.069  1748  1860 D DetoxWSClient: Received action 'currentStatus' (ID #30, params={})
04-06 13:15:31.070  1748  1852 I DetoxDispatcher: Handling action 'currentStatus' (ID #30)...
04-06 13:15:31.078  1748  1852 I DetoxWSClient: Sending out action 'currentStatusResult' (ID #30)
04-06 13:15:31.079  1748  1852 I DetoxDispatcher: Done with action 'currentStatus'
04-06 13:15:41.091  1748  1860 D DetoxWSClient: Received action 'currentStatus' (ID #31, params={})
04-06 13:15:41.091  1748  1852 I DetoxDispatcher: Handling action 'currentStatus' (ID #31)...
04-06 13:15:41.101  1748  1852 I DetoxWSClient: Sending out action 'currentStatusResult' (ID #31)
04-06 13:15:41.102  1748  1852 I DetoxDispatcher: Done with action 'currentStatus'
04-06 13:15:51.125  1748  1860 D DetoxWSClient: Received action 'currentStatus' (ID #32, params={})
04-06 13:15:51.125  1748  1852 I DetoxDispatcher: Handling action 'currentStatus' (ID #32)...
04-06 13:15:51.134  1748  1852 I DetoxWSClient: Sending out action 'currentStatusResult' (ID #32)
04-06 13:15:51.135  1748  1852 I DetoxDispatcher: Done with action 'currentStatus'
04-06 13:16:01.144  1748  1860 D DetoxWSClient: Received action 'currentStatus' (ID #33, params={})
04-06 13:16:01.144  1748  1852 I DetoxDispatcher: Handling action 'currentStatus' (ID #33)...
04-06 13:16:01.153  1748  1852 I DetoxWSClient: Sending out action 'currentStatusResult' (ID #33)
04-06 13:16:01.154  1748  1852 I DetoxDispatcher: Done with action 'currentStatus'
04-06 13:16:11.167  1748  1860 D DetoxWSClient: Received action 'currentStatus' (ID #3