01:59:39.875 detox[15964] [90mB[39m node_modules\detox\local-cli\cli.js test --configuration android.attached
  data: {
    "id": "11ebee14-ce64-0c8d-0b56-c17b253b021f",
    "detoxConfig": {
      "configurationName": "android.attached",
      "apps": {
        "default": {
          "type": "android.apk",
          "binaryPath": "android/app/build/outputs/apk/debug/app-debug.apk",
          "testBinaryPath": "android/app/build/outputs/apk/androidTest/debug/app-debug-androidTest.apk",
          "build": "powershell -ExecutionPolicy Bypass -Command \"Set-Location android; .\\gradlew.bat assembleDebug assembleAndroidTest -DtestBuildType=debug\"",
          "reversePorts": [
            8081
          ]
        }
      },
      "artifacts": {
        "rootDir": "artifacts\\e2e\\android.attached.2026-04-06 04-59-39Z",
        "plugins": {
          "log": {
            "enabled": true,
            "keepOnlyFailedTestsArtifacts": false
          },
          "screenshot": {
            "shouldTakeAutomaticSnapshots": true,
            "takeWhen": {
              "testStart": false,
              "testDone": false,
              "appNotReady": true,
              "testFailure": true
            },
            "enabled": true,
            "keepOnlyFailedTestsArtifacts": false
          },
          "video": {
            "enabled": false,
            "keepOnlyFailedTestsArtifacts": false
          },
          "instruments": {
            "enabled": false,
            "keepOnlyFailedTestsArtifacts": false
          },
          "uiHierarchy": {
            "enabled": true,
            "keepOnlyFailedTestsArtifacts": false
          }
        }
      },
      "behavior": {
        "init": {
          "keepLockFile": false,
          "reinstallApp": true,
          "exposeGlobals": true
        },
        "cleanup": {
          "shutdownDevice": false
        },
        "launchApp": "auto"
      },
      "cli": {
        "configuration": "android.attached",
        "start": true
      },
      "commands": [
        {
          "appName": "default",
          "build": "powershell -ExecutionPolicy Bypass -Command \"Set-Location android; .\\gradlew.bat assembleDebug assembleAndroidTest -DtestBuildType=debug\""
        }
      ],
      "device": {
        "type": "android.attached",
        "device": {
          "adbName": ".*"
        }
      },
      "logger": {
        "level": "info",
        "overrideConsole": true,
        "options": {
          "showLoggerName": true,
          "showPid": true,
          "showLevel": false,
          "showMetadata": false,
          "basepath": "C:\\Users\\USER\\Downloads\\Evolucao_full_v2\\node_modules\\detox\\src",
          "prefixers": {},
          "stringifiers": {}
        }
      },
      "testRunner": {
        "retries": 0,
        "forwardEnv": false,
        "detached": false,
        "bail": false,
        "noRetryArgs": [
          "shard"
        ],
        "jest": {
          "setupTimeout": 120000,
          "teardownTimeout": 30000,
          "retryAfterCircusRetries": false,
          "reportWorkerAssign": true
        },
        "args": {
          "$0": "jest",
          "_": [],
          "config": "e2e/jest.config.js",
          "--": []
        }
      },
      "session": {
        "autoStart": true,
        "debugSynchronization": 10000
      }
    },
    "detoxIPCServer": "primary-15964",
    "testResults": [],
    "testSessionIndex": 0,
    "workersCount": 0
  }
01:59:39.901 detox[15964] [90mi[39m Server path not specified, so defaulting to ipc.config.socketRoot + ipc.config.appspace + ipc.config.id /tmp/detox.primary-15964
01:59:39.904 detox[15964] [90mi[39m starting server on  /tmp/detox.primary-15964 
01:59:39.904 detox[15964] [90mi[39m starting TLS server false
01:59:39.904 detox[15964] [90mi[39m starting server as Unix || Windows Socket
01:59:39.907 detox[15964] [90mi[39m Detox server listening on localhost:54738...
01:59:39.910 detox[15964] [90mi[39m Serialized the session state at: C:\Users\USER\AppData\Local\Temp\11ebee14-ce64-0c8d-0b56-c17b253b021f.detox.json
01:59:39.911 detox[15964] [90mB[39m jest --config e2e/jest.config.js
01:59:39.922 detox[15964] [90mi[39m (node:15964) [DEP0190] DeprecationWarning: Passing args to a child process with shell option true can lead to security vulnerabilities, as the arguments are not escaped, only concatenated.
(Use `node --trace-deprecation ...` to show where the warning was created)
01:59:41.071 detox[15964] [90mE[39m Command failed with exit code = 1:
jest --config e2e/jest.config.js
01:59:41.072 detox[15964] [90mi[39m Detox server has been closed gracefully
01:59:41.073 detox[15964] [90mE[39m node_modules\detox\local-cli\cli.js test --configuration android.attached
