--------- beginning of main
04-06 02:28:27.508 18629 18629 I om.evolucao.app: Late-enabling -Xcheck:jni
04-06 02:28:27.532 18629 18629 I om.evolucao.app: Using CollectorTypeCC GC.
04-06 02:28:27.565 18629 18629 D ActivityThread: setConscryptValidator
04-06 02:28:27.565 18629 18629 D ActivityThread: setConscryptValidator - put
04-06 02:28:27.592 18629 18629 D CompatibilityChangeReporter: Compat change id reported: 171979766; UID 10403; state: ENABLED
--------- beginning of system
04-06 02:28:27.598 18629 18629 W ActivityThread: Package uses different ABI(s) than its instrumentation: package[com.evolucao.app]: arm64-v8a, null instrumentation[com.evolucao.app.test]: null, null
04-06 02:28:27.604 18629 18629 W om.evolucao.app: ClassLoaderContext classpath size mismatch. expected=0, found=1 (PCL[] | PCL[/system/framework/android.test.runner.jar*2256426886])
04-06 02:28:27.605 18629 18629 W om.evolucao.app: ClassLoaderContext classpath size mismatch. expected=0, found=2 (PCL[] | PCL[/system/framework/android.test.runner.jar*2256426886:/system/framework/android.test.mock.jar*2695051129])
04-06 02:28:27.607 18629 18629 W ziparchive: Unable to open '/data/app/~~0WwGUVobvArs0gEyogG9ZQ==/com.evolucao.app.test-IDCxokCFzLRnzIa425l-wQ==/base.dm': No such file or directory
04-06 02:28:27.607 18629 18629 W ziparchive: Unable to open '/data/app/~~0WwGUVobvArs0gEyogG9ZQ==/com.evolucao.app.test-IDCxokCFzLRnzIa425l-wQ==/base.dm': No such file or directory
04-06 02:28:27.688 18629 18629 W ziparchive: Unable to open '/data/app/~~W6SmGis6V77TbMU4DC9fGw==/com.evolucao.app-SvYbxL09_9WoVpAw3AMZxw==/base.dm': No such file or directory
04-06 02:28:27.688 18629 18629 W ziparchive: Unable to open '/data/app/~~W6SmGis6V77TbMU4DC9fGw==/com.evolucao.app-SvYbxL09_9WoVpAw3AMZxw==/base.dm': No such file or directory
04-06 02:28:28.013 18629 18629 D nativeloader: Configuring classloader-namespace for other apk /system/framework/android.test.runner.jar:/system/framework/android.test.mock.jar:/system/framework/android.test.base.jar:/data/app/~~0WwGUVobvArs0gEyogG9ZQ==/com.evolucao.app.test-IDCxokCFzLRnzIa425l-wQ==/base.apk:/data/app/~~W6SmGis6V77TbMU4DC9fGw==/com.evolucao.app-SvYbxL09_9WoVpAw3AMZxw==/base.apk. target_sdk_version=36, uses_libraries=, library_path=/data/app/~~0WwGUVobvArs0gEyogG9ZQ==/com.evolucao.app.test-IDCxokCFzLRnzIa425l-wQ==/lib/arm64:/data/app/~~W6SmGis6V77TbMU4DC9fGw==/com.evolucao.app-SvYbxL09_9WoVpAw3AMZxw==/lib/arm64:/data/app/~~0WwGUVobvArs0gEyogG9ZQ==/com.evolucao.app.test-IDCxokCFzLRnzIa425l-wQ==/base.apk!/lib/arm64-v8a:/data/app/~~W6SmGis6V77TbMU4DC9fGw==/com.evolucao.app-SvYbxL09_9WoVpAw3AMZxw==/base.apk!/lib/arm64-v8a, permitted_path=/data:/mnt/expand:/data/user/0/com.evolucao.app
04-06 02:28:28.028 18629 18629 V GraphicsEnvironment: ANGLE Developer option for 'com.evolucao.app' set to: 'default'
04-06 02:28:28.028 18629 18629 V GraphicsEnvironment: ANGLE GameManagerService for com.evolucao.app: false
04-06 02:28:28.029 18629 18629 V GraphicsEnvironment: App is not on the allowlist for updatable production driver.
04-06 02:28:28.034 18629 18629 D ApplicationLoaders: Returning zygote-cached class loader: /system/framework/android.test.base.jar
04-06 02:28:28.036 18629 18629 D nativeloader: Configuring classloader-namespace for other apk /system/framework/android.test.mock.jar. target_sdk_version=36, uses_libraries=ALL, library_path=/data/app/~~0WwGUVobvArs0gEyogG9ZQ==/com.evolucao.app.test-IDCxokCFzLRnzIa425l-wQ==/lib/arm64:/data/app/~~W6SmGis6V77TbMU4DC9fGw==/com.evolucao.app-SvYbxL09_9WoVpAw3AMZxw==/lib/arm64, permitted_path=/data:/mnt/expand
04-06 02:28:28.036 18629 18629 D nativeloader: Extending system_exposed_libraries: libhumantracking.arcsoft.so:libPortraitDistortionCorrection.arcsoft.so:libPortraitDistortionCorrectionCali.arcsoft.so:libface_landmark.arcsoft.so:libFacialStickerEngine.arcsoft.so:libveengine.arcsoft.so:lib_pet_detection.arcsoft.so:libhigh_res.arcsoft.so:libimage_enhancement.arcsoft.so:liblow_light_hdr.arcsoft.so:libhigh_dynamic_range.arcsoft.so:libsuperresolution.arcsoft.so:libobjectcapture_jni.arcsoft.so:libobjectcapture_jni.arcsoft.so:libobjectcapture.arcsoft.so:libFacialAttributeDetection.arcsoft.so:libBeauty_v4.camera.samsung.so:libexifa.camera.samsung.so:libjpega.camera.samsung.so:libOpenCv.camera.samsung.so:libVideoClassifier.camera.samsung.so:libtensorflowLite.dynamic_viewing.camera.samsung.so:libImageScreener.camera.samsung.so:libMyFilter.camera.samsung.so:libtflite2.myfilters.camera.samsung.so:libHIDTSnapJNI.camera.samsung.so:libSmartScan.camera.samsung.so:libRectify.camera.samsung.so:libDocRectifyWrapper.camera.samsung.so:libUltraWideDistortionCorrection.camera.
04-06 02:28:28.038 18629 18629 D ApplicationLoaders: Returning zygote-cached class loader: /system/framework/android.test.base.jar
04-06 02:28:28.040 18629 18629 W om.evolucao.app: ClassLoaderContext shared library size mismatch. Expected=0, found=2 (PCL[] | PCL[]{PCL[/system/framework/android.test.base.jar*1628045882]#PCL[/system/framework/android.test.mock.jar*2695051129]})
04-06 02:28:28.041 18629 18629 D nativeloader: Configuring classloader-namespace for other apk /system/framework/android.test.runner.jar. target_sdk_version=36, uses_libraries=ALL, library_path=/data/app/~~0WwGUVobvArs0gEyogG9ZQ==/com.evolucao.app.test-IDCxokCFzLRnzIa425l-wQ==/lib/arm64:/data/app/~~W6SmGis6V77TbMU4DC9fGw==/com.evolucao.app-SvYbxL09_9WoVpAw3AMZxw==/lib/arm64, permitted_path=/data:/mnt/expand
04-06 02:28:28.041 18629 18629 D nativeloader: Extending system_exposed_libraries: libhumantracking.arcsoft.so:libPortraitDistortionCorrection.arcsoft.so:libPortraitDistortionCorrectionCali.arcsoft.so:libface_landmark.arcsoft.so:libFacialStickerEngine.arcsoft.so:libveengine.arcsoft.so:lib_pet_detection.arcsoft.so:libhigh_res.arcsoft.so:libimage_enhancement.arcsoft.so:liblow_light_hdr.arcsoft.so:libhigh_dynamic_range.arcsoft.so:libsuperresolution.arcsoft.so:libobjectcapture_jni.arcsoft.so:libobjectcapture_jni.arcsoft.so:libobjectcapture.arcsoft.so:libFacialAttributeDetection.arcsoft.so:libBeauty_v4.camera.samsung.so:libexifa.camera.samsung.so:libjpega.camera.samsung.so:libOpenCv.camera.samsung.so:libVideoClassifier.camera.samsung.so:libtensorflowLite.dynamic_viewing.camera.samsung.so:libImageScreener.camera.samsung.so:libMyFilter.camera.samsung.so:libtflite2.myfilters.camera.samsung.so:libHIDTSnapJNI.camera.samsung.so:libSmartScan.camera.samsung.so:libRectify.camera.samsung.so:libDocRectifyWrapper.camera.samsung.so:libUltraWideDistortionCorrection.camera.
04-06 02:28:28.044 18629 18629 W om.evolucao.app: ClassLoaderContext shared library size mismatch. Expected=0, found=3 (PCL[] | PCL[]{PCL[/system/framework/android.test.base.jar*1628045882]#PCL[/system/framework/android.test.mock.jar*2695051129]#PCL[/system/framework/android.test.runner.jar*2256426886]{PCL[/system/framework/android.test.base.jar*1628045882]#PCL[/system/framework/android.test.mock.jar*2695051129]}};PCL[/system/framework/android.test.runner.jar*2256426886:/system/framework/android.test.mock.jar*2695051129:/system/framework/android.test.base.jar*1628045882:/data/app/~~0WwGUVobvArs0gEyogG9ZQ==/com.evolucao.app.test-IDCxokCFzLRnzIa425l-wQ==/base.apk*2272993428:/data/app/~~0WwGUVobvArs0gEyogG9ZQ==/com.evolucao.app.test-IDCxokCFzLRnzIa425l-wQ==/base.apk!classes2.dex*714357168:/data/app/~~0WwGUVobvArs0gEyogG9ZQ==/com.evolucao.app.test-IDCxokCFzLRnzIa425l-wQ==/base.apk!classes3.dex*1380987315:/data/app/~~0WwGUVobvArs0gEyogG9ZQ==/com.evolucao.app.test-IDCxokCFzLRnzIa425l-wQ==/base.apk!classes4.dex*3771904477:/data/app/~~0WwGUVobvArs0gEyogG9ZQ==/com.evolucao.app.test-IDCxokCFzLRnzIa425l-wQ==/base.apk!classes5.dex*2127157885:/data/app/~~0WwGUVobvArs0gEyogG9ZQ==/com.evolucao.app.test-IDCxokCFzLRnzIa425l-wQ==/base.apk!classes6.dex*971414087:/data/app/~~0WwGUVobvArs0gEyogG9ZQ==/com.evolucao.app.test-IDCxokCFzLRnzIa425l-wQ==/base.apk!classes7.dex*742752503:/data/app/~~0WwGUVobvArs0gEyogG9ZQ==/com.evolucao.app.test-IDCxokCFzLRnzIa425l-wQ==/base.apk!classes8.dex*388434936:/data/app/~~0WwGUVobvArs0gEyogG9ZQ==/com.evolucao.app.test-IDCxokCFzLRnzIa425l-wQ==/base.apk!classes9.dex*209335023:/data/app/~~0WwGUVobvArs0gEyogG9ZQ==/com.evolucao.app.test-IDCxokCFzLRnzIa425l-wQ==/base.apk!classes10.dex*2871199926:/data/app/~~0WwGUVobvArs0gEyogG9ZQ==/com.evolucao.app.test-IDCxokCFzLRnzIa425l-wQ==/base.apk!classes11.dex*3957027005:/data/app/~~0WwGUVobvArs0gEyogG9ZQ==/com.evolucao.app.test-IDCxokCFzLRnzIa425l-wQ==/base.apk!classes12.dex*914099516:/data/app/~~0WwGUVobvArs0gEyogG9ZQ==/com.evolucao.app.test-IDCxokCFzLRnzIa425l-wQ==/base.apk!classes13.dex*4108993750:/data/app/~~0WwGUVobvArs0gEyogG9ZQ==/com.evolucao.app.test-IDCxokCFzLRnzIa425l-wQ==/base.apk!classes14.dex*1632137592:/data/app/~~0WwGUVobvArs0gEyogG9ZQ==/com.evolucao.app.test-IDCxokCFzLRnzIa425l-wQ==/base.apk!classes15.dex*1757943310:/data/app/~~0WwGUVobvArs0gEyogG9ZQ==/com.evolucao.app.test-IDCxokCFzLRnzIa425l-wQ==/base.apk!classes16.dex*931013159:/data/app/~~0WwGUVobvArs0gEyogG9ZQ==/com.evolucao.app.test-IDCxokCFzLRnzIa425l-wQ==/base.apk!classes17.dex*2782462504:/data/app/~~0WwGUVobvArs0gEyogG9ZQ==/com.evolucao.app.test-IDCxokCFzLRnzIa425l-wQ==/base.apk!classes18.dex*3468966139:/data/app/~~0WwGUVobvArs0gEyogG9ZQ==/com.evolucao.app.test-IDCxokCFzLRnzIa425l-wQ==/base.apk!classes19.dex*2267436335:/data/app/~~W6SmGis6V77TbMU4DC9fGw==/com.evolucao.app-SvYbxL09_9WoVpAw3AMZxw==/base.apk*198750528:/data/app/~~W6SmGis6V77TbMU4DC9fGw==/com.evolucao.app-SvYbxL09_9WoVpAw3AMZxw==/base.apk!classes2.dex*1675103030:/data/app/~~W6SmGis6V77TbMU4DC9fGw==/com.evolucao.app-SvYbxL09_9WoVpAw3AMZxw==/base.apk!classes3.dex*1788775668:/data/app/~~W6SmGis6V77TbMU4DC9fGw==/com.evolucao.app-SvYbxL09_9WoVpAw3AMZxw==/base.apk!classes4.dex*2572157285:/data/app/~~W6SmGis6V77TbMU4DC9fGw==/com.evolucao.app-SvYbxL09_9WoVpAw3AMZxw==/base.apk!classes5.dex*3994030385:/data/app/~~W6SmGis6V77TbMU4DC9fGw==/com.evolucao.app-SvYbxL09_9WoVpAw3AMZxw==/base.apk!classes6.dex*1028875939:/data/app/~~W6SmGis6V77TbMU4DC9fGw==/com.evolucao.app-SvYbxL09_9WoVpAw3AMZxw==/base.apk!classes7.dex*2113616002:/data/app/~~W6SmGis6V77TbMU4DC9fGw==/com.evolucao.app-SvYbxL09_9WoVpAw3AMZxw==/base.apk!classes8.dex*3287389796:/data/app/~~W6SmGis6V77TbMU4DC9fGw==/com.evolucao.app-SvYbxL09_9WoVpAw3AMZxw==/base.apk!classes9.dex*2030025819:/data/app/~~W6SmGis6V77TbMU4DC9fGw==/com.evolucao.app-SvYbxL09_9WoVpAw3AMZxw==/base.apk!classes10.dex*1917680387:/data/app/~~W6SmGis6V77TbMU4DC9fGw==/com.evolucao.app-SvYbxL09_9WoVpAw3AMZxw==/base.apk!classes11.dex*152968521:/data/app/~~W6SmGis6V77TbMU4DC9fGw==/com.evolucao.app-SvYbxL09_9WoVpAw3AMZxw==/base.apk!cla
04-06 02:28:28.045 18629 18629 W om.evolucao.app: ClassLoaderContext classpath size mismatch. expected=0, found=1 (PCL[] | PCL[/system/framework/android.test.runner.jar*2256426886]{PCL[/system/framework/android.test.base.jar*1628045882]#PCL[/system/framework/android.test.mock.jar*2695051129]#PCL[/system/framework/android.test.runner.jar*2256426886]{PCL[/system/framework/android.test.base.jar*1628045882]#PCL[/system/framework/android.test.mock.jar*2695051129]}};PCL[/system/framework/android.test.runner.jar*2256426886:/system/framework/android.test.mock.jar*2695051129:/system/framework/android.test.base.jar*1628045882:/data/app/~~0WwGUVobvArs0gEyogG9ZQ==/com.evolucao.app.test-IDCxokCFzLRnzIa425l-wQ==/base.apk*2272993428:/data/app/~~0WwGUVobvArs0gEyogG9ZQ==/com.evolucao.app.test-IDCxokCFzLRnzIa425l-wQ==/base.apk!classes2.dex*714357168:/data/app/~~0WwGUVobvArs0gEyogG9ZQ==/com.evolucao.app.test-IDCxokCFzLRnzIa425l-wQ==/base.apk!classes3.dex*1380987315:/data/app/~~0WwGUVobvArs0gEyogG9ZQ==/com.evolucao.app.test-IDCxokCFzLRnzIa425l-wQ==/base.apk!classes4.dex*3771904477:/data/app/~~0WwGUVobvArs0gEyogG9ZQ==/com.evolucao.app.test-IDCxokCFzLRnzIa425l-wQ==/base.apk!classes5.dex*2127157885:/data/app/~~0WwGUVobvArs0gEyogG9ZQ==/com.evolucao.app.test-IDCxokCFzLRnzIa425l-wQ==/base.apk!classes6.dex*971414087:/data/app/~~0WwGUVobvArs0gEyogG9ZQ==/com.evolucao.app.test-IDCxokCFzLRnzIa425l-wQ==/base.apk!classes7.dex*742752503:/data/app/~~0WwGUVobvArs0gEyogG9ZQ==/com.evolucao.app.test-IDCxokCFzLRnzIa425l-wQ==/base.apk!classes8.dex*388434936:/data/app/~~0WwGUVobvArs0gEyogG9ZQ==/com.evolucao.app.test-IDCxokCFzLRnzIa425l-wQ==/base.apk!classes9.dex*209335023:/data/app/~~0WwGUVobvArs0gEyogG9ZQ==/com.evolucao.app.test-IDCxokCFzLRnzIa425l-wQ==/base.apk!classes10.dex*2871199926:/data/app/~~0WwGUVobvArs0gEyogG9ZQ==/com.evolucao.app.test-IDCxokCFzLRnzIa425l-wQ==/base.apk!classes11.dex*3957027005:/data/app/~~0WwGUVobvArs0gEyogG9ZQ==/com.evolucao.app.test-IDCxokCFzLRnzIa425l-wQ==/base.apk!classes12.dex*914099516:/data/app/~~0WwGUVobvArs0gEyogG9ZQ==/com.evolucao.app.test-IDCxokCFzLRnzIa425l-wQ==/base.apk!classes13.dex*4108993750:/data/app/~~0WwGUVobvArs0gEyogG9ZQ==/com.evolucao.app.test-IDCxokCFzLRnzIa425l-wQ==/base.apk!classes14.dex*1632137592:/data/app/~~0WwGUVobvArs0gEyogG9ZQ==/com.evolucao.app.test-IDCxokCFzLRnzIa425l-wQ==/base.apk!classes15.dex*1757943310:/data/app/~~0WwGUVobvArs0gEyogG9ZQ==/com.evolucao.app.test-IDCxokCFzLRnzIa425l-wQ==/base.apk!classes16.dex*931013159:/data/app/~~0WwGUVobvArs0gEyogG9ZQ==/com.evolucao.app.test-IDCxokCFzLRnzIa425l-wQ==/base.apk!classes17.dex*2782462504:/data/app/~~0WwGUVobvArs0gEyogG9ZQ==/com.evolucao.app.test-IDCxokCFzLRnzIa425l-wQ==/base.apk!classes18.dex*3468966139:/data/app/~~0WwGUVobvArs0gEyogG9ZQ==/com.evolucao.app.test-IDCxokCFzLRnzIa425l-wQ==/base.apk!classes19.dex*2267436335:/data/app/~~W6SmGis6V77TbMU4DC9fGw==/com.evolucao.app-SvYbxL09_9WoVpAw3AMZxw==/base.apk*198750528:/data/app/~~W6SmGis6V77TbMU4DC9fGw==/com.evolucao.app-SvYbxL09_9WoVpAw3AMZxw==/base.apk!classes2.dex*1675103030:/data/app/~~W6SmGis6V77TbMU4DC9fGw==/com.evolucao.app-SvYbxL09_9WoVpAw3AMZxw==/base.apk!classes3.dex*1788775668:/data/app/~~W6SmGis6V77TbMU4DC9fGw==/com.evolucao.app-SvYbxL09_9WoVpAw3AMZxw==/base.apk!classes4.dex*2572157285:/data/app/~~W6SmGis6V77TbMU4DC9fGw==/com.evolucao.app-SvYbxL09_9WoVpAw3AMZxw==/base.apk!classes5.dex*3994030385:/data/app/~~W6SmGis6V77TbMU4DC9fGw==/com.evolucao.app-SvYbxL09_9WoVpAw3AMZxw==/base.apk!classes6.dex*1028875939:/data/app/~~W6SmGis6V77TbMU4DC9fGw==/com.evolucao.app-SvYbxL09_9WoVpAw3AMZxw==/base.apk!classes7.dex*2113616002:/data/app/~~W6SmGis6V77TbMU4DC9fGw==/com.evolucao.app-SvYbxL09_9WoVpAw3AMZxw==/base.apk!classes8.dex*3287389796:/data/app/~~W6SmGis6V77TbMU4DC9fGw==/com.evolucao.app-SvYbxL09_9WoVpAw3AMZxw==/base.apk!classes9.dex*2030025819:/data/app/~~W6SmGis6V77TbMU4DC9fGw==/com.evolucao.app-SvYbxL09_9WoVpAw3AMZxw==/base.apk!classes10.dex*1917680387:/data/app/~~W6SmGis6V77TbMU4DC9fGw==/com.evolucao.app-SvYbxL09_9WoVpAw3AMZxw==/base.apk!classes11.dex*152968521:/data/app/~~W6SmGis6V77TbMU4DC9fGw==/com.evo
04-06 02:28:28.046 18629 18629 W om.evolucao.app: ClassLoaderContext classpath size mismatch. expected=0, found=2 (PCL[] | PCL[/system/framework/android.test.runner.jar*2256426886:/system/framework/android.test.mock.jar*2695051129]{PCL[/system/framework/android.test.base.jar*1628045882]#PCL[/system/framework/android.test.mock.jar*2695051129]#PCL[/system/framework/android.test.runner.jar*2256426886]{PCL[/system/framework/android.test.base.jar*1628045882]#PCL[/system/framework/android.test.mock.jar*2695051129]}};PCL[/system/framework/android.test.runner.jar*2256426886:/system/framework/android.test.mock.jar*2695051129:/system/framework/android.test.base.jar*1628045882:/data/app/~~0WwGUVobvArs0gEyogG9ZQ==/com.evolucao.app.test-IDCxokCFzLRnzIa425l-wQ==/base.apk*2272993428:/data/app/~~0WwGUVobvArs0gEyogG9ZQ==/com.evolucao.app.test-IDCxokCFzLRnzIa425l-wQ==/base.apk!classes2.dex*714357168:/data/app/~~0WwGUVobvArs0gEyogG9ZQ==/com.evolucao.app.test-IDCxokCFzLRnzIa425l-wQ==/base.apk!classes3.dex*1380987315:/data/app/~~0WwGUVobvArs0gEyogG9ZQ==/com.evolucao.app.test-IDCxokCFzLRnzIa425l-wQ==/base.apk!classes4.dex*3771904477:/data/app/~~0WwGUVobvArs0gEyogG9ZQ==/com.evolucao.app.test-IDCxokCFzLRnzIa425l-wQ==/base.apk!classes5.dex*2127157885:/data/app/~~0WwGUVobvArs0gEyogG9ZQ==/com.evolucao.app.test-IDCxokCFzLRnzIa425l-wQ==/base.apk!classes6.dex*971414087:/data/app/~~0WwGUVobvArs0gEyogG9ZQ==/com.evolucao.app.test-IDCxokCFzLRnzIa425l-wQ==/base.apk!classes7.dex*742752503:/data/app/~~0WwGUVobvArs0gEyogG9ZQ==/com.evolucao.app.test-IDCxokCFzLRnzIa425l-wQ==/base.apk!classes8.dex*388434936:/data/app/~~0WwGUVobvArs0gEyogG9ZQ==/com.evolucao.app.test-IDCxokCFzLRnzIa425l-wQ==/base.apk!classes9.dex*209335023:/data/app/~~0WwGUVobvArs0gEyogG9ZQ==/com.evolucao.app.test-IDCxokCFzLRnzIa425l-wQ==/base.apk!classes10.dex*2871199926:/data/app/~~0WwGUVobvArs0gEyogG9ZQ==/com.evolucao.app.test-IDCxokCFzLRnzIa425l-wQ==/base.apk!classes11.dex*3957027005:/data/app/~~0WwGUVobvArs0gEyogG9ZQ==/com.evolucao.app.test-IDCxokCFzLRnzIa425l-wQ==/base.apk!classes12.dex*914099516:/data/app/~~0WwGUVobvArs0gEyogG9ZQ==/com.evolucao.app.test-IDCxokCFzLRnzIa425l-wQ==/base.apk!classes13.dex*4108993750:/data/app/~~0WwGUVobvArs0gEyogG9ZQ==/com.evolucao.app.test-IDCxokCFzLRnzIa425l-wQ==/base.apk!classes14.dex*1632137592:/data/app/~~0WwGUVobvArs0gEyogG9ZQ==/com.evolucao.app.test-IDCxokCFzLRnzIa425l-wQ==/base.apk!classes15.dex*1757943310:/data/app/~~0WwGUVobvArs0gEyogG9ZQ==/com.evolucao.app.test-IDCxokCFzLRnzIa425l-wQ==/base.apk!classes16.dex*931013159:/data/app/~~0WwGUVobvArs0gEyogG9ZQ==/com.evolucao.app.test-IDCxokCFzLRnzIa425l-wQ==/base.apk!classes17.dex*2782462504:/data/app/~~0WwGUVobvArs0gEyogG9ZQ==/com.evolucao.app.test-IDCxokCFzLRnzIa425l-wQ==/base.apk!classes18.dex*3468966139:/data/app/~~0WwGUVobvArs0gEyogG9ZQ==/com.evolucao.app.test-IDCxokCFzLRnzIa425l-wQ==/base.apk!classes19.dex*2267436335:/data/app/~~W6SmGis6V77TbMU4DC9fGw==/com.evolucao.app-SvYbxL09_9WoVpAw3AMZxw==/base.apk*198750528:/data/app/~~W6SmGis6V77TbMU4DC9fGw==/com.evolucao.app-SvYbxL09_9WoVpAw3AMZxw==/base.apk!classes2.dex*1675103030:/data/app/~~W6SmGis6V77TbMU4DC9fGw==/com.evolucao.app-SvYbxL09_9WoVpAw3AMZxw==/base.apk!classes3.dex*1788775668:/data/app/~~W6SmGis6V77TbMU4DC9fGw==/com.evolucao.app-SvYbxL09_9WoVpAw3AMZxw==/base.apk!classes4.dex*2572157285:/data/app/~~W6SmGis6V77TbMU4DC9fGw==/com.evolucao.app-SvYbxL09_9WoVpAw3AMZxw==/base.apk!classes5.dex*3994030385:/data/app/~~W6SmGis6V77TbMU4DC9fGw==/com.evolucao.app-SvYbxL09_9WoVpAw3AMZxw==/base.apk!classes6.dex*1028875939:/data/app/~~W6SmGis6V77TbMU4DC9fGw==/com.evolucao.app-SvYbxL09_9WoVpAw3AMZxw==/base.apk!classes7.dex*2113616002:/data/app/~~W6SmGis6V77TbMU4DC9fGw==/com.evolucao.app-SvYbxL09_9WoVpAw3AMZxw==/base.apk!classes8.dex*3287389796:/data/app/~~W6SmGis6V77TbMU4DC9fGw==/com.evolucao.app-SvYbxL09_9WoVpAw3AMZxw==/base.apk!classes9.dex*2030025819:/data/app/~~W6SmGis6V77TbMU4DC9fGw==/com.evolucao.app-SvYbxL09_9WoVpAw3AMZxw==/base.apk!classes10.dex*1917680387:/data/app/~~W6SmGis6V77TbMU4DC9fGw==/com.evolucao.app-SvYbxL09_9WoVpAw3AMZxw==/base.apk!classes11.dex*152
04-06 02:28:28.047 18629 18629 W ziparchive: Unable to open '/data/app/~~0WwGUVobvArs0gEyogG9ZQ==/com.evolucao.app.test-IDCxokCFzLRnzIa425l-wQ==/base.dm': No such file or directory
04-06 02:28:28.047 18629 18629 W ziparchive: Unable to open '/data/app/~~0WwGUVobvArs0gEyogG9ZQ==/com.evolucao.app.test-IDCxokCFzLRnzIa425l-wQ==/base.dm': No such file or directory
04-06 02:28:28.127 18629 18629 W ziparchive: Unable to open '/data/app/~~W6SmGis6V77TbMU4DC9fGw==/com.evolucao.app-SvYbxL09_9WoVpAw3AMZxw==/base.dm': No such file or directory
04-06 02:28:28.127 18629 18629 W ziparchive: Unable to open '/data/app/~~W6SmGis6V77TbMU4DC9fGw==/com.evolucao.app-SvYbxL09_9WoVpAw3AMZxw==/base.dm': No such file or directory
04-06 02:28:28.453 18629 18629 D NetworkSecurityConfig: No Network Security Config specified, using platform default
04-06 02:28:28.463 18629 18629 D NetworkSecurityConfig: No Network Security Config specified, using platform default
04-06 02:28:28.463 18629 18629 I AndroidJUnitRunner: newApplication com.evolucao.app.MainApplication
04-06 02:28:28.475 18629 18629 W FirebaseApp: Default FirebaseApp failed to initialize because no default options were found. This usually means that com.google.gms:google-services was not applied to your gradle project.
04-06 02:28:28.475 18629 18629 I FirebaseInitProvider: FirebaseApp initialization unsuccessful
04-06 02:28:28.496 18629 18629 I AndroidJUnitRunner: onCreate Bundle[mParcelledData.dataSize=240]
04-06 02:28:28.497 18629 18629 D AndroidJUnitRunner: Use the raw file system for managing file I/O.
04-06 02:28:28.504 18629 18629 V TestEventClient: No service name argument was given (testDiscoveryService, testRunEventService or orchestratorService)
04-06 02:28:28.504 18629 18659 D AndroidJUnitRunner: onStart is called.
04-06 02:28:28.508 18629 18629 W SoLoader: Initializing SoLoader: 0
04-06 02:28:28.509 18629 18629 W SoLoader: Recording new base apk path: /data/app/~~W6SmGis6V77TbMU4DC9fGw==/com.evolucao.app-SvYbxL09_9WoVpAw3AMZxw==/base.apk
04-06 02:28:28.509 18629 18629 W SoLoader: Previously recorded 0 base apk paths.
04-06 02:28:28.511 18629 18629 I SoLoader: Preparing SO source: DirectorySoSource[root = /vendor/lib64 flags = 2]
04-06 02:28:28.511 18629 18629 I SoLoader: Preparing SO source: DirectorySoSource[root = /system/lib64 flags = 2]
04-06 02:28:28.511 18629 18629 I SoLoader: Preparing SO source: DirectApkSoSource[root = [/data/app/~~W6SmGis6V77TbMU4DC9fGw==/com.evolucao.app-SvYbxL09_9WoVpAw3AMZxw==/base.apk!/lib/arm64-v8a]]
04-06 02:28:28.530 18629 18629 I SoLoader: Preparing SO source: ApplicationSoSource[DirectorySoSource[root = /data/app/~~W6SmGis6V77TbMU4DC9fGw==/com.evolucao.app-SvYbxL09_9WoVpAw3AMZxw==/lib/arm64 flags = 0]]
04-06 02:28:28.530 18629 18629 I SoLoader: init finish: 4 SO sources prepared
04-06 02:28:28.530 18629 18629 W SoLoader: SoLoader initialized: 8
04-06 02:28:28.553 18629 18629 D jni_lib_merge: Entering merged library JNI_OnLoad.
04-06 02:28:28.553 18629 18629 D jni_lib_merge: Preparing 12 pre-merged libs (including stub)
04-06 02:28:28.553 18629 18629 D jni_lib_merge: Preparing to register libfabricjni_so.  onload_func: 0x703d372f38
04-06 02:28:28.553 18629 18629 D jni_lib_merge: Preparing to register libreact_devsupportjni_so.  onload_func: 0x703d57b81c
04-06 02:28:28.553 18629 18629 D jni_lib_merge: Preparing to register libreact_featureflagsjni_so.  onload_func: 0x703d58db7c
04-06 02:28:28.553 18629 18629 D jni_lib_merge: Preparing to register libreact_newarchdefaults_so.  onload_func: 0x703d632f24
04-06 02:28:28.553 18629 18629 D jni_lib_merge: Preparing to register libreactnativeblob_so.  onload_func: 0x703d845088
04-06 02:28:28.553 18629 18629 D jni_lib_merge: Preparing to register libreactnativejni_so.  onload_func: 0x703d887ffc
04-06 02:28:28.553 18629 18629 D jni_lib_merge: Preparing to register libreactnativejni_common_so.  onload_func: 0x703d8989f0
04-06 02:28:28.553 18629 18629 D jni_lib_merge: Preparing to register librninstance_so.  onload_func: 0x703d8d762c
04-06 02:28:28.553 18629 18629 D jni_lib_merge: Preparing to register libturbomodulejsijni_so.  onload_func: 0x703da34734
04-06 02:28:28.553 18629 18629 D jni_lib_merge: Preparing to register libuimanagerjni_so.  onload_func: 0x703da4d6e8
04-06 02:28:28.553 18629 18629 D jni_lib_merge: Preparing to register libyoga_so.  onload_func: 0x703da5d16c
04-06 02:28:28.553 18629 18629 D jni_lib_merge: About to register 11 actual methods.
04-06 02:28:28.561 18629 18629 D jni_lib_merge: Entering merged library JNI_OnLoad.
04-06 02:28:28.561 18629 18629 D jni_lib_merge: Preparing 12 pre-merged libs (including stub)
04-06 02:28:28.561 18629 18629 D jni_lib_merge: Preparing to register libfabricjni_so.  onload_func: 0x703d372f38
04-06 02:28:28.561 18629 18629 D jni_lib_merge: Preparing to register libreact_devsupportjni_so.  onload_func: 0x703d57b81c
04-06 02:28:28.561 18629 18629 D jni_lib_merge: Preparing to register libreact_featureflagsjni_so.  onload_func: 0x703d58db7c
04-06 02:28:28.561 18629 18629 D jni_lib_merge: Preparing to register libreact_newarchdefaults_so.  onload_func: 0x703d632f24
04-06 02:28:28.561 18629 18629 D jni_lib_merge: Preparing to register libreactnativeblob_so.  onload_func: 0x703d845088
04-06 02:28:28.561 18629 18629 D jni_lib_merge: Preparing to register libreactnativejni_so.  onload_func: 0x703d887ffc
04-06 02:28:28.561 18629 18629 D jni_lib_merge: Preparing to register libreactnativejni_common_so.  onload_func: 0x703d8989f0
04-06 02:28:28.561 18629 18629 D jni_lib_merge: Preparing to register librninstance_so.  onload_func: 0x703d8d762c
04-06 02:28:28.561 18629 18629 D jni_lib_merge: Preparing to register libturbomodulejsijni_so.  onload_func: 0x703da34734
04-06 02:28:28.561 18629 18629 D jni_lib_merge: Preparing to register libuimanagerjni_so.  onload_func: 0x703da4d6e8
04-06 02:28:28.561 18629 18629 D jni_lib_merge: Preparing to register libyoga_so.  onload_func: 0x703da5d16c
04-06 02:28:28.561 18629 18629 D jni_lib_merge: About to register 11 actual methods.
04-06 02:28:28.666 18629 18659 D TestRequestBuilder: Using class path scanning to discover tests
04-06 02:28:28.666 18629 18659 I TestRequestBuilder: Scanning classpath to find tests in paths [/data/app/~~0WwGUVobvArs0gEyogG9ZQ==/com.evolucao.app.test-IDCxokCFzLRnzIa425l-wQ==/base.apk]
04-06 02:28:28.668 18629 18659 W om.evolucao.app: Opening an oat file without a class loader. Are you using the deprecated DexFile APIs?
04-06 02:28:29.104 18629 18659 I TestRunner: run started: 1 tests
04-06 02:28:29.105 18629 18659 I TestRunner: started: runDetoxTests(com.evolucao.app.DetoxTest)
04-06 02:28:29.113 18629 18659 I Detox   : Detox server connection details: url=ws://localhost:50624, sessionId=158aa869-8e0f-c868-ef2e-99e55afe5335
04-06 02:28:29.122 18629 18659 I Tracing : Tracer added: class androidx.test.platform.tracing.AndroidXTracer
04-06 02:28:29.137 18629 18659 W om.evolucao.app: Accessing hidden field Ljava/lang/reflect/Field;->accessFlags:I (unsupported, reflection, allowed)
04-06 02:28:29.140 18629 18659 I Detox   : Connecting to server...
04-06 02:28:29.140 18629 18659 I DetoxWSClient: At connectToServer
04-06 02:28:29.259 18629 18665 D TrafficStats: tagSocket(95) with statsTag=0xffffffff, statsUid=-1
04-06 02:28:29.274 18629 18665 D DetoxWSClient: At onOpen
04-06 02:28:29.274 18629 18665 I DetoxWSClient: Sending out action 'login' (ID #0)
04-06 02:28:29.274 18629 18665 I Detox   : Connected to server!
04-06 02:28:29.280 18629 18665 D DetoxWSClient: Received action 'loginSuccess' (ID #0, params={"testerConnected":true,"appConnected":true})
04-06 02:28:29.280 18629 18661 I DetoxDispatcher: Handling action 'loginSuccess' (ID #0)...
04-06 02:28:29.280 18629 18661 I DetoxDispatcher: Done with action 'loginSuccess'
04-06 02:28:29.280 18629 18659 I Detox   : Launching the tested activity!
04-06 02:28:29.321 18629 18665 D DetoxWSClient: Received action 'isReady' (ID #-1000, params={})
04-06 02:28:29.323 18629 18661 I DetoxDispatcher: Handling action 'isReady' (ID #-1000)...
04-06 02:28:29.407 18629 18681 D OpenGLRenderer: RenderThread::requireGlContext()
04-06 02:28:29.408 18629 18681 I AdrenoGLES-0: QUALCOMM build                   : db7e7066a2, I1fad33e957
04-06 02:28:29.408 18629 18681 I AdrenoGLES-0: Build Date                       : 05/11/25
04-06 02:28:29.408 18629 18681 I AdrenoGLES-0: OpenGL ES Shader Compiler Version: EV031.32.02.10
04-06 02:28:29.408 18629 18681 I AdrenoGLES-0: Local Branch                     : 
04-06 02:28:29.408 18629 18681 I AdrenoGLES-0: Remote Branch                    : refs/tags/AU_LINUX_ANDROID_LA.UM.9.12.11.00.00.582.697
04-06 02:28:29.408 18629 18681 I AdrenoGLES-0: Remote Branch                    : NONE
04-06 02:28:29.408 18629 18681 I AdrenoGLES-0: Reconstruct Branch               : NOTHING
04-06 02:28:29.408 18629 18681 I AdrenoGLES-0: Build Config                     : S P 10.0.7 AArch64
04-06 02:28:29.408 18629 18681 I AdrenoGLES-0: Driver Path                      : /vendor/lib64/egl/libGLESv2_adreno.so
04-06 02:28:29.418 18629 18681 I AdrenoGLES-0: PFP: 0x016dd093, ME: 0x00000000
04-06 02:28:29.425 18629 18681 D OpenGLRenderer: RenderThread::setGrContext()
04-06 02:28:29.450 18629 18629 D AppCompatDelegate: Checking for metadata for AppLocalesMetadataHolderService : Service not found
04-06 02:28:29.459 18629 18629 D LifecycleMonitor: Lifecycle status change: com.evolucao.app.MainActivity@64e06eb in: PRE_ON_CREATE
04-06 02:28:29.510 18629 18629 D SensorManager: registerListener :: 11, LSM6DSO Accelerometer, 66667, 0, 
04-06 02:28:29.536 18629 18629 W unknown:BridgelessReact: ReactHost{0}.startSurface(surfaceId = 0): Schedule
04-06 02:28:29.536 18629 18629 W unknown:BridgelessReact: ReactHost{0}.attachSurface(surfaceId = 0)
04-06 02:28:29.536 18629 18700 W unknown:BridgelessReact: ReactHost{0}.getOrCreateReactInstanceTask()
04-06 02:28:29.536 18629 18700 W unknown:BridgelessReact: ReactHost{0}.getOrCreateReactInstanceTask(): Start
04-06 02:28:29.536 18629 18700 D Detox.RNMarker: REACT_BRIDGELESS_LOADING_START (null)
04-06 02:28:29.536 18629 18700 W unknown:BridgelessReact: ReactHost{0}.getJSBundleLoader()
04-06 02:28:29.536 18629 18700 W unknown:BridgelessReact: ReactHost{0}.isMetroRunning()
04-06 02:28:29.538 18629 18701 D TrafficStats: tagSocket(107) with statsTag=0xffffffff, statsUid=-1
04-06 02:28:29.538 18629 18699 D TrafficStats: tagSocket(109) with statsTag=0xffffffff, statsUid=-1
04-06 02:28:29.539 18629 18629 I DecorView: [INFO] isPopOver=false config=true
04-06 02:28:29.539 18629 18629 I DecorView: updateCaptionType: isFloating=false isApplication=true hasWindowDecorCaption=false this=DecorView@afffac0[]
04-06 02:28:29.539 18629 18629 D DecorView: setCaptionType = 0, this = DecorView@afffac0[]
04-06 02:28:29.544 18629 18629 I DecorView: getCurrentDensityDpi: from real metrics. densityDpi=480 msg=resources_loaded
04-06 02:28:29.544 18629 18629 I DecorView: setWindowBackground: isPopOver=false color=ff303030 d=android.graphics.drawable.ColorDrawable@1316f3e
04-06 02:28:29.548 18629 18629 W om.evolucao.app: Accessing hidden method Landroid/view/ViewGroup;->makeOptionalFitsSystemWindows()V (unsupported, reflection, allowed)
04-06 02:28:29.552 18629 18629 D LifecycleMonitor: Lifecycle status change: com.evolucao.app.MainActivity@64e06eb in: CREATED
04-06 02:28:29.553 18629 18629 D LifecycleMonitor: Lifecycle status change: com.evolucao.app.MainActivity@64e06eb in: STARTED
04-06 02:28:29.554 18629 18629 W unknown:BridgelessReact: ReactHost{0}.onHostResume(activity)
04-06 02:28:29.554 18629 18629 W unknown:ReactNative: Packager connection already open, nooping.
04-06 02:28:29.554 18629 18629 D LifecycleMonitor: Lifecycle status change: com.evolucao.app.MainActivity@64e06eb in: RESUMED
04-06 02:28:29.555 18629 18629 I MSHandlerLifeCycle: check: return. pkg=com.evolucao.app parent=null callers=com.android.internal.policy.DecorView.setVisibility:4412 android.app.ActivityThread.handleResumeActivity:5476 android.app.servertransaction.ResumeActivityItem.execute:54 android.app.servertransaction.ActivityTransactionItem.execute:45 android.app.servertransaction.TransactionExecutor.executeLifecycleState:176 
04-06 02:28:29.555 18629 18629 I MSHandlerLifeCycle: removeMultiSplitHandler: no exist. decor=DecorView@afffac0[]
04-06 02:28:29.560 18629 18681 D NativeCustomFrequencyManager: [NativeCFMS] BpCustomFrequencyManager::BpCustomFrequencyManager()
04-06 02:28:29.562 18629 18629 I DecorView: notifyKeepScreenOnChanged: keepScreenOn=false
04-06 02:28:29.564 18629 18629 D InsetsController: onStateChanged: InsetsState: {mDisplayFrame=Rect(0, 0 - 1080, 2400), mDisplayCutout=DisplayCutout{insets=Rect(0, 88 - 0, 0) waterfall=Insets{left=0, top=0, right=0, bottom=0} boundingRect={Bounds=[Rect(0, 0 - 0, 0), Rect(512, 0 - 568, 88), Rect(0, 0 - 0, 0), Rect(0, 0 - 0, 0)]} cutoutPathParserInfo={CutoutPathParserInfo{displayWidth=1080 displayHeight=2400 physicalDisplayWidth=1080 physicalDisplayHeight=2400 density={3.0} cutoutSpec={M 0,0 M 0,10.71963616907435 a 9.280363830925644,9.280363830925644 0 1,0 0,18.56072766185129 a 9.280363830925644,9.280363830925644 0 1,0 0,-18.56072766185129 Z @dp} rotation={0} scale={1.0} physicalPixelDisplaySizeRatio={1.0}}}}, mRoundedCorners=RoundedCorners{[RoundedCorner{position=TopLeft, radius=96, center=Point(96, 96)}, RoundedCorner{position=TopRight, radius=96, center=Point(984, 96)}, RoundedCorner{position=BottomRight, radius=96, center=Point(984, 2304)}, RoundedCorner{position=BottomLeft, radius=96, center=Point(96, 2304)}]}  mRoundedCornerFrame=Rect(0, 0 - 1080, 2400), mPrivacyIndicatorBounds=PrivacyIndicatorBounds {static bounds=Rect(948, 0 - 1080, 88) rotation=0}, mSources= { InsetsSource: {mType=ITYPE_STATUS_BAR, mFrame=[0,0][1080,88], mVisible=false, mInsetsRoundedCornerFrame=false}, InsetsSource: {mType=ITYPE_NAVIGATION_BAR, mFrame=[0,2256][1080,2400], mVisible=true, mInsetsRoundedCornerFrame=false}, InsetsSource: {mType=ITYPE_LEFT_GESTURES, mFrame=[0,0][0,2400], mVisible=true, mInsetsRoundedCornerFrame=false}, InsetsSource: {mType=ITYPE_RIGHT_GESTURES, mFrame=[1080,0][1080,2400], mVisible=true, mInsetsRoundedCornerFrame=false}, InsetsSource: {mType=ITYPE_TOP_MANDATORY_GESTURES, mFrame=[0,0][1080,124], mVisible=true, mInsetsRoundedCornerFrame=false}, InsetsSource: {mType=ITYPE_BOTTOM_MANDATORY_GESTURES, mFrame=[0,2256][1080,2400], mVisible=true, mInsetsRoundedCornerFrame=false}, InsetsSource: {mType=ITYPE_LEFT_DISPLAY_CUTOUT, mFrame=[0,0][-100000,2400], mVisible=true, mInsetsRoundedCornerFrame=false}, InsetsSource: {mType=ITYPE_TOP_DISPLAY_CUTOUT, mFrame=[0,0][1080,88], mVisible=true, mInsetsRoundedCornerFrame=false}, InsetsSource: {mType=ITYPE_RIGHT_DISPLAY_CUTOUT, mFrame=[100000,0][1080,2400], mVisible=true, mInsetsRoundedCornerFrame=false}, InsetsSource: {mType=ITYPE_BOTTOM_DISPLAY_CUTOUT, mFrame=[0,100000][1080,2400], mVisible=true, mInsetsRoundedCornerFrame=false}, InsetsSource: {mType=ITYPE_TOP_TAPPABLE_ELEMENT, mFrame=[0,0][1080,88], mVisible=true, mInsetsRoundedCornerFrame=false}, InsetsSource: {mType=ITYPE_BOTTOM_TAPPABLE_ELEMENT, mFrame=[0,2256][1080,2400], mVisible=true, mInsetsRoundedCornerFrame=false}, InsetsSource: {mType=ITYPE_IME, mFrame=[0,0][0,0], mVisibleFrame=[0,1374][1080,2400], mVisible=false, mInsetsRoundedCornerFrame=false} } host=com.evolucao.app/com.evolucao.app.MainActivity from=android.view.ViewRootImpl.setView:1732
04-06 02:28:29.566 18629 18629 I ViewRootImpl@914008f[MainActivity]: setView = com.android.internal.policy.DecorView@afffac0 TM=false
04-06 02:28:29.567 18629 18629 I MSHandlerLifeCycle: removeMultiSplitHandler: no exist. decor=DecorView@afffac0[MainActivity]
04-06 02:28:29.572 18629 18629 I ViewRootImpl@914008f[MainActivity]: performTraversals params={(0,0)(fillxfill) sim={adjust=resize forwardNavigation} layoutInDisplayCutoutMode=always ty=BASE_APPLICATION wanim=0x1030309
04-06 02:28:29.572 18629 18629 I ViewRootImpl@914008f[MainActivity]:   fl=81810100
04-06 02:28:29.572 18629 18629 I ViewRootImpl@914008f[MainActivity]:   pfl=16020040
04-06 02:28:29.572 18629 18629 I ViewRootImpl@914008f[MainActivity]:   vsysui=100
04-06 02:28:29.572 18629 18629 I ViewRootImpl@914008f[MainActivity]:   bhv=DEFAULT
04-06 02:28:29.572 18629 18629 I ViewRootImpl@914008f[MainActivity]:   fitSides= naviIconColor=0}
04-06 02:28:29.573 18629 18629 I ViewRootImpl@914008f[MainActivity]: performTraversals mFirst=true windowShouldResize=true viewVisibilityChanged=false mForceNextWindowRelayout=false params={(0,0)(fillxfill) sim={adjust=resize forwardNavigation} layoutInDisplayCutoutMode=always ty=BASE_APPLICATION wanim=0x1030309
04-06 02:28:29.573 18629 18629 I ViewRootImpl@914008f[MainActivity]:   fl=81810100
04-06 02:28:29.573 18629 18629 I ViewRootImpl@914008f[MainActivity]:   pfl=16020040
04-06 02:28:29.573 18629 18629 I ViewRootImpl@914008f[MainActivity]:   vsysui=100
04-06 02:28:29.573 18629 18629 I ViewRootImpl@914008f[MainActivity]:   bhv=DEFAULT
04-06 02:28:29.573 18629 18629 I ViewRootImpl@914008f[MainActivity]:   fitSides= naviIconColor=0}
04-06 02:28:29.578 18629 18629 I ViewRootImpl@914008f[MainActivity]: updateBlastSurfaceIfNeeded mBlastBufferQueue=null isSameSurfaceControl=false
04-06 02:28:29.579 18629 18629 E BufferQueueProducer: Unable to open libpenguin.so: dlopen failed: library "libpenguin.so" not found.
04-06 02:28:29.579 18629 18629 I BLASTBufferQueue: new BLASTBufferQueue, mName= ViewRootImpl@914008f[MainActivity] mNativeObject= 0xb4000070c2c34c00 sc.mNativeObject= 0xb4000070a0c68e40 caller= android.view.ViewRootImpl.updateBlastSurfaceIfNeeded:2909 android.view.ViewRootImpl.relayoutWindow:9847 android.view.ViewRootImpl.performTraversals:3884 android.view.ViewRootImpl.doTraversal:3116 android.view.ViewRootImpl$TraversalRunnable.run:10885 android.view.Choreographer$CallbackRecord.run:1301 android.view.Choreographer$CallbackRecord.run:1309 android.view.Choreographer.doCallbacks:923 android.view.Choreographer.doFrame:852 android.view.Choreographer$FrameDisplayEventReceiver.run:1283 
04-06 02:28:29.579 18629 18629 I BLASTBufferQueue: update, w= 1080 h= 2400 mName = ViewRootImpl@914008f[MainActivity] mNativeObject= 0xb4000070c2c34c00 sc.mNativeObject= 0xb4000070a0c68e40 format= -1 caller= android.graphics.BLASTBufferQueue.<init>:84 android.view.ViewRootImpl.updateBlastSurfaceIfNeeded:2909 android.view.ViewRootImpl.relayoutWindow:9847 android.view.ViewRootImpl.performTraversals:3884 android.view.ViewRootImpl.doTraversal:3116 android.view.ViewRootImpl$TraversalRunnable.run:10885 
04-06 02:28:29.579 18629 18629 I ViewRootImpl@914008f[MainActivity]: Relayout returned: old=(0,0,1080,2400) new=(0,0,1080,2400) req=(1080,2400)0 dur=5 res=0x3 s={true 0xb4000070a0ea2000} ch=true seqId=0
04-06 02:28:29.581 18629 18629 I ViewRootImpl@914008f[MainActivity]: mThreadedRenderer.initialize() mSurface={isValid=true 0xb4000070a0ea2000} hwInitialized=true
04-06 02:28:29.582 18629 18629 I ViewRootImpl@914008f[MainActivity]: reportNextDraw android.view.ViewRootImpl.performTraversals:4438 android.view.ViewRootImpl.doTraversal:3116 android.view.ViewRootImpl$TraversalRunnable.run:10885 android.view.Choreographer$CallbackRecord.run:1301 android.view.Choreographer$CallbackRecord.run:1309 
04-06 02:28:29.582 18629 18629 I ViewRootImpl@914008f[MainActivity]: Setup new sync id=0
04-06 02:28:29.582 18629 18629 I ViewRootImpl@914008f[MainActivity]: Setting syncFrameCallback
04-06 02:28:29.582 18629 18629 I ViewRootImpl@914008f[MainActivity]: registerCallbacksForSync syncBuffer=false
04-06 02:28:29.590 18629 18681 D OpenGLRenderer: eglCreateWindowSurface
04-06 02:28:29.592 18629 18644 I ViewRootImpl@914008f[MainActivity]: Resizing android.view.ViewRootImpl@685f108: frame = [0,0][1080,2400] reportDraw = true forceLayout = false syncSeqId = 0
04-06 02:28:29.593 18629 18704 I ViewRootImpl@914008f[MainActivity]: Received frameDrawingCallback syncResult=0 frameNum=1.
04-06 02:28:29.593 18629 18704 I ViewRootImpl@914008f[MainActivity]: Setting up sync and frameCommitCallback
04-06 02:28:29.609 18629 18681 I BLASTBufferQueue: [ViewRootImpl@914008f[MainActivity]#0](f:0,a:0) onFrameAvailable the first frame is available
04-06 02:28:29.610 18629 18681 I ViewRootImpl@914008f[MainActivity]: Received frameCommittedCallback lastAttemptedDrawFrameNum=1 didProduceBuffer=true
04-06 02:28:29.610 18629 18681 D OpenGLRenderer: CFMS:: SetUp Pid : 18629    Tid : 18681
04-06 02:28:29.612 18629 18681 W Parcel  : Expecting binder but got null!
04-06 02:28:29.613 18629 18629 I ViewRootImpl@914008f[MainActivity]: onSyncComplete
04-06 02:28:29.613 18629 18629 I ViewRootImpl@914008f[MainActivity]: setupSync seqId=0 mSyncId=0 fn=1 caller=android.view.ViewRootImpl$$ExternalSyntheticLambda11.accept:6 android.window.SurfaceSyncer.lambda$setupSync$1$android-window-SurfaceSyncer:128 android.window.SurfaceSyncer$$ExternalSyntheticLambda1.accept:8 android.window.SurfaceSyncer$SyncSet.checkIfSyncIsComplete:382 android.window.SurfaceSyncer$SyncSet.markSyncReady:359 android.window.SurfaceSyncer.markSyncReady:151 android.view.ViewRootImpl.performTraversals:4503 
04-06 02:28:29.613 18629 18629 I ViewRootImpl@914008f[MainActivity]: reportDrawFinished seqId=0 mSyncId=-1 fn=1 mSurfaceChangedTransaction=0xb4000070a6e39c00
04-06 02:28:29.613 18629 18701 W unknown:BridgelessReact: ReactHost{0}.isMetroRunning(): Async result = true
04-06 02:28:29.614 18629 18629 D InsetsController: onStateChanged: InsetsState: {mDisplayFrame=Rect(0, 0 - 1080, 2400), mDisplayCutout=DisplayCutout{insets=Rect(0, 88 - 0, 0) waterfall=Insets{left=0, top=0, right=0, bottom=0} boundingRect={Bounds=[Rect(0, 0 - 0, 0), Rect(512, 0 - 568, 88), Rect(0, 0 - 0, 0), Rect(0, 0 - 0, 0)]} cutoutPathParserInfo={CutoutPathParserInfo{displayWidth=1080 displayHeight=2400 physicalDisplayWidth=1080 physicalDisplayHeight=2400 density={3.0} cutoutSpec={M 0,0 M 0,10.71963616907435 a 9.280363830925644,9.280363830925644 0 1,0 0,18.56072766185129 a 9.280363830925644,9.280363830925644 0 1,0 0,-18.56072766185129 Z @dp} rotation={0} scale={1.0} physicalPixelDisplaySizeRatio={1.0}}}}, mRoundedCorners=RoundedCorners{[RoundedCorner{position=TopLeft, radius=96, center=Point(96, 96)}, RoundedCorner{position=TopRight, radius=96, center=Point(984, 96)}, RoundedCorner{position=BottomRight, radius=96, center=Point(984, 2304)}, RoundedCorner{position=BottomLeft, radius=96, center=Point(96, 2304)}]}  mRoundedCornerFrame=Rect(0, 0 - 1080, 2400), mPrivacyIndicatorBounds=PrivacyIndicatorBounds {static bounds=Rect(948, 0 - 1080, 88) rotation=0}, mSources= { InsetsSource: {mType=ITYPE_STATUS_BAR, mFrame=[0,0][1080,88], mVisible=false, mInsetsRoundedCornerFrame=false}, InsetsSource: {mType=ITYPE_NAVIGATION_BAR, mFrame=[0,2256][1080,2400], mVisible=true, mInsetsRoundedCornerFrame=false}, InsetsSource: {mType=ITYPE_LEFT_GESTURES, mFrame=[0,0][0,2400], mVisible=true, mInsetsRoundedCornerFrame=false}, InsetsSource: {mType=ITYPE_RIGHT_GESTURES, mFrame=[1080,0][1080,2400], mVisible=true, mInsetsRoundedCornerFrame=false}, InsetsSource: {mType=ITYPE_TOP_MANDATORY_GESTURES, mFrame=[0,0][1080,124], mVisible=true, mInsetsRoundedCornerFrame=false}, InsetsSource: {mType=ITYPE_BOTTOM_MANDATORY_GESTURES, mFrame=[0,2256][1080,2400], mVisible=true, mInsetsRoundedCornerFrame=false}, InsetsSource: {mType=ITYPE_LEFT_DISPLAY_CUTOUT, mFrame=[0,0][-100000,2400], mVisible=true, mInsetsRoundedCornerFrame=false}, InsetsSource: {mType=ITYPE_TOP_DISPLAY_CUTOUT, mFrame=[0,0][1080,88], mVisible=true, mInsetsRoundedCornerFrame=false}, InsetsSource: {mType=ITYPE_RIGHT_DISPLAY_CUTOUT, mFrame=[100000,0][1080,2400], mVisible=true, mInsetsRoundedCornerFrame=false}, InsetsSource: {mType=ITYPE_BOTTOM_DISPLAY_CUTOUT, mFrame=[0,100000][1080,2400], mVisible=true, mInsetsRoundedCornerFrame=false}, InsetsSource: {mType=ITYPE_TOP_TAPPABLE_ELEMENT, mFrame=[0,0][1080,88], mVisible=true, mInsetsRoundedCornerFrame=false}, InsetsSource: {mType=ITYPE_BOTTOM_TAPPABLE_ELEMENT, mFrame=[0,2256][1080,2400], mVisible=true, mInsetsRoundedCornerFrame=false}, InsetsSource: {mType=ITYPE_IME, mFrame=[0,0][0,0], mVisibleFrame=[0,1374][1080,2400], mVisible=false, mInsetsRoundedCornerFrame=false} } host=com.evolucao.app/com.evolucao.app.MainActivity from=android.view.ViewRootImpl$ViewRootHandler.handleMessageImpl:6740
04-06 02:28:29.615 18629 18700 W unknown:BridgelessReact: ReactHost{0}.loadJSBundleFromMetro()
04-06 02:28:29.616 18629 18629 D InsetsController: controlAnimationUnchecked: Added types=1 animType=0 host=com.evolucao.app/com.evolucao.app.MainActivity from=android.view.InsetsController.applyAnimation:1576 android.view.InsetsController.applyAnimation:1557 android.view.InsetsController.onControlsChanged:992 
04-06 02:28:29.616 18629 18629 D InsetsController: onStateChanged: InsetsState: {mDisplayFrame=Rect(0, 0 - 1080, 2400), mDisplayCutout=DisplayCutout{insets=Rect(0, 88 - 0, 0) waterfall=Insets{left=0, top=0, right=0, bottom=0} boundingRect={Bounds=[Rect(0, 0 - 0, 0), Rect(512, 0 - 568, 88), Rect(0, 0 - 0, 0), Rect(0, 0 - 0, 0)]} cutoutPathParserInfo={CutoutPathParserInfo{displayWidth=1080 displayHeight=2400 physicalDisplayWidth=1080 physicalDisplayHeight=2400 density={3.0} cutoutSpec={M 0,0 M 0,10.71963616907435 a 9.280363830925644,9.280363830925644 0 1,0 0,18.56072766185129 a 9.280363830925644,9.280363830925644 0 1,0 0,-18.56072766185129 Z @dp} rotation={0} scale={1.0} physicalPixelDisplaySizeRatio={1.0}}}}, mRoundedCorners=RoundedCorners{[RoundedCorner{position=TopLeft, radius=96, center=Point(96, 96)}, RoundedCorner{position=TopRight, radius=96, center=Point(984, 96)}, RoundedCorner{position=BottomRight, radius=96, center=Point(984, 2304)}, RoundedCorner{position=BottomLeft, radius=96, center=Point(96, 2304)}]}  mRoundedCornerFrame=Rect(0, 0 - 1080, 2400), mPrivacyIndicatorBounds=PrivacyIndicatorBounds {static bounds=Rect(948, 0 - 1080, 88) rotation=0}, mSources= { InsetsSource: {mType=ITYPE_STATUS_BAR, mFrame=[0,0][1080,88], mVisible=true, mInsetsRoundedCornerFrame=false}, InsetsSource: {mType=ITYPE_NAVIGATION_BAR, mFrame=[0,2256][1080,2400], mVisible=true, mInsetsRoundedCornerFrame=false}, InsetsSource: {mType=ITYPE_LEFT_GESTURES, mFrame=[0,0][0,2400], mVisible=true, mInsetsRoundedCornerFrame=false}, InsetsSource: {mType=ITYPE_RIGHT_GESTURES, mFrame=[1080,0][1080,2400], mVisible=true, mInsetsRoundedCornerFrame=false}, InsetsSource: {mType=ITYPE_TOP_MANDATORY_GESTURES, mFrame=[0,0][1080,124], mVisible=true, mInsetsRoundedCornerFrame=false}, InsetsSource: {mType=ITYPE_BOTTOM_MANDATORY_GESTURES, mFrame=[0,2256][1080,2400], mVisible=true, mInsetsRoundedCornerFrame=false}, InsetsSource: {mType=ITYPE_LEFT_DISPLAY_CUTOUT, mFrame=[0,0][-100000,2400], mVisible=true, mInsetsRoundedCornerFrame=false}, InsetsSource: {mType=ITYPE_TOP_DISPLAY_CUTOUT, mFrame=[0,0][1080,88], mVisible=true, mInsetsRoundedCornerFrame=false}, InsetsSource: {mType=ITYPE_RIGHT_DISPLAY_CUTOUT, mFrame=[100000,0][1080,2400], mVisible=true, mInsetsRoundedCornerFrame=false}, InsetsSource: {mType=ITYPE_BOTTOM_DISPLAY_CUTOUT, mFrame=[0,100000][1080,2400], mVisible=true, mInsetsRoundedCornerFrame=false}, InsetsSource: {mType=ITYPE_TOP_TAPPABLE_ELEMENT, mFrame=[0,0][1080,88], mVisible=true, mInsetsRoundedCornerFrame=false}, InsetsSource: {mType=ITYPE_BOTTOM_TAPPABLE_ELEMENT, mFrame=[0,2256][1080,2400], mVisible=true, mInsetsRoundedCornerFrame=false}, InsetsSource: {mType=ITYPE_IME, mFrame=[0,0][0,0], mVisibleFrame=[0,1374][1080,2400], mVisible=false, mInsetsRoundedCornerFrame=false} } host=com.evolucao.app/com.evolucao.app.MainActivity from=android.view.ViewRootImpl$ViewRootHandler.handleMessageImpl:6727
04-06 02:28:29.616 18629 18629 I ViewRootImpl@914008f[MainActivity]: handleResized, msg = 5 frames=ClientWindowFrames{frame=[0,0][1080,2400] display=[0,0][1080,2400] parentFrame=[0,0][0,0] parentClippedByDisplayCutout=false} forceNextWindowRelayout=false displayId=0 resizeMode=-1 frameChanged=false displayFrameChanged=false configChanged=false displayChanged=false
04-06 02:28:29.616 18629 18629 I ViewRootImpl@914008f[MainActivity]: handleResized mSyncSeqId = 0
04-06 02:28:29.616 18629 18629 I ViewRootImpl@914008f[MainActivity]: reportNextDraw android.view.ViewRootImpl.handleResized:2450 android.view.ViewRootImpl.-$$Nest$mhandleResized:0 android.view.ViewRootImpl$ViewRootHandler.handleMessageImpl:6728 android.view.ViewRootImpl$ViewRootHandler.handleMessage:6697 android.os.Handler.dispatchMessage:106 
04-06 02:28:29.616 18629 18700 D Detox.RNMarker: DOWNLOAD_START (null)
04-06 02:28:29.621 18629 18629 I ViewRootImpl@914008f[MainActivity]: Setup new sync id=1
04-06 02:28:29.621 18629 18629 I ViewRootImpl@914008f[MainActivity]: Setting syncFrameCallback
04-06 02:28:29.621 18629 18629 I ViewRootImpl@914008f[MainActivity]: registerCallbacksForSync syncBuffer=false
04-06 02:28:29.623 18629 18705 I ViewRootImpl@914008f[MainActivity]: Received frameDrawingCallback syncResult=0 frameNum=2.
04-06 02:28:29.623 18629 18705 I ViewRootImpl@914008f[MainActivity]: Setting up sync and frameCommitCallback
04-06 02:28:29.623 18629 18681 I ViewRootImpl@914008f[MainActivity]: Received frameCommittedCallback lastAttemptedDrawFrameNum=2 didProduceBuffer=false
04-06 02:28:29.624 18629 18681 I BLASTBufferQueue: syncNextTransaction, mName= ViewRootImpl@914008f[MainActivity] acquireSingleBuffer= true mNativeObject= 0xb4000070c2c34c00 callback= null caller= android.graphics.BLASTBufferQueue.syncNextTransaction:147 android.view.ViewRootImpl$12.lambda$onFrameDraw$0$android-view-ViewRootImpl$12:13399 android.view.ViewRootImpl$12$$ExternalSyntheticLambda1.onFrameCommit:9 android.view.ThreadedRenderer$1.lambda$onFrameDraw$0:813 android.view.ThreadedRenderer$1$$ExternalSyntheticLambda0.onFrameCommit:2 <bottom of call stack> 
04-06 02:28:29.624 18629 18681 I BLASTBufferQueue: [ViewRootImpl@914008f[MainActivity]#0](f:0,a:1) syncNextTransaction callback: 0, acquireSingleBuffer: 1, mTransactionReadyCallback: 0
04-06 02:28:29.624 18629 18681 I BLASTBufferQueue: gatherPendingTransactions, mName= ViewRootImpl@914008f[MainActivity] mNativeObject= 0xb4000070c2c34c00 frameNumber= 2 caller= android.view.ViewRootImpl$12.lambda$onFrameDraw$0$android-view-ViewRootImpl$12:13406 android.view.ViewRootImpl$12$$ExternalSyntheticLambda1.onFrameCommit:9 android.view.ThreadedRenderer$1.lambda$onFrameDraw$0:813 android.view.ThreadedRenderer$1$$ExternalSyntheticLambda0.onFrameCommit:2 <bottom of call stack> <bottom of call stack> 
04-06 02:28:29.624 18629 18629 I ViewRootImpl@914008f[MainActivity]: onSyncComplete
04-06 02:28:29.624 18629 18629 I ViewRootImpl@914008f[MainActivity]: setupSync seqId=0 mSyncId=1 fn=2 caller=android.view.ViewRootImpl$$ExternalSyntheticLambda11.accept:6 android.window.SurfaceSyncer.lambda$setupSync$1$android-window-SurfaceSyncer:128 android.window.SurfaceSyncer$$ExternalSyntheticLambda1.accept:8 android.window.SurfaceSyncer$SyncSet.checkIfSyncIsComplete:382 android.window.SurfaceSyncer$SyncSet.markSyncReady:359 android.window.SurfaceSyncer.markSyncReady:151 android.view.ViewRootImpl.performTraversals:4503 
04-06 02:28:29.624 18629 18629 I ViewRootImpl@914008f[MainActivity]: reportDrawFinished seqId=0 mSyncId=-1 fn=2 mSurfaceChangedTransaction=0xb4000070a6e39c00
04-06 02:28:29.627 18629 18629 D CompatibilityChangeReporter: Compat change id reported: 210923482; UID 10403; state: ENABLED
04-06 02:28:29.633 18629 18681 D NativeCustomFrequencyManager: [NativeCFMS] BpCustomFrequencyManager::BpCustomFrequencyManager()
04-06 02:28:29.636 18629 18629 D InsetsController: onStateChanged: InsetsState: {mDisplayFrame=Rect(0, 0 - 1080, 2400), mDisplayCutout=DisplayCutout{insets=Rect(0, 88 - 0, 0) waterfall=Insets{left=0, top=0, right=0, bottom=0} boundingRect={Bounds=[Rect(0, 0 - 0, 0), Rect(512, 0 - 568, 88), Rect(0, 0 - 0, 0), Rect(0, 0 - 0, 0)]} cutoutPathParserInfo={CutoutPathParserInfo{displayWidth=1080 displayHeight=2400 physicalDisplayWidth=1080 physicalDisplayHeight=2400 density={3.0} cutoutSpec={M 0,0 M 0,10.71963616907435 a 9.280363830925644,9.280363830925644 0 1,0 0,18.56072766185129 a 9.280363830925644,9.280363830925644 0 1,0 0,-18.56072766185129 Z @dp} rotation={0} scale={1.0} physicalPixelDisplaySizeRatio={1.0}}}}, mRoundedCorners=RoundedCorners{[RoundedCorner{position=TopLeft, radius=96, center=Point(96, 96)}, RoundedCorner{position=TopRight, radius=96, center=Point(984, 96)}, RoundedCorner{position=BottomRight, radius=96, center=Point(984, 2304)}, RoundedCorner{position=BottomLeft, radius=96, center=Point(96, 2304)}]}  mRoundedCornerFrame=Rect(0, 0 - 1080, 2400), mPrivacyIndicatorBounds=PrivacyIndicatorBounds {static bounds=Rect(948, 0 - 1080, 88) rotation=0}, mSources= { InsetsSource: {mType=ITYPE_STATUS_BAR, mFrame=[0,0][1080,88], mVisible=true, mInsetsRoundedCornerFrame=false}, InsetsSource: {mType=ITYPE_NAVIGATION_BAR, mFrame=[0,2256][1080,2400], mVisible=true, mInsetsRoundedCornerFrame=false}, InsetsSource: {mType=ITYPE_LEFT_GESTURES, mFrame=[0,0][0,2400], mVisible=true, mInsetsRoundedCornerFrame=false}, InsetsSource: {mType=ITYPE_RIGHT_GESTURES, mFrame=[1080,0][1080,2400], mVisible=true, mInsetsRoundedCornerFrame=false}, InsetsSource: {mType=ITYPE_TOP_MANDATORY_GESTURES, mFrame=[0,0][1080,124], mVisible=true, mInsetsRoundedCornerFrame=false}, InsetsSource: {mType=ITYPE_BOTTOM_MANDATORY_GESTURES, mFrame=[0,2256][1080,2400], mVisible=true, mInsetsRoundedCornerFrame=false}, InsetsSource: {mType=ITYPE_LEFT_DISPLAY_CUTOUT, mFrame=[0,0][-100000,2400], mVisible=true, mInsetsRoundedCornerFrame=false}, InsetsSource: {mType=ITYPE_TOP_DISPLAY_CUTOUT, mFrame=[0,0][1080,88], mVisible=true, mInsetsRoundedCornerFrame=false}, InsetsSource: {mType=ITYPE_RIGHT_DISPLAY_CUTOUT, mFrame=[100000,0][1080,2400], mVisible=true, mInsetsRoundedCornerFrame=false}, InsetsSource: {mType=ITYPE_BOTTOM_DISPLAY_CUTOUT, mFrame=[0,100000][1080,2400], mVisible=true, mInsetsRoundedCornerFrame=false}, InsetsSource: {mType=ITYPE_TOP_TAPPABLE_ELEMENT, mFrame=[0,0][1080,88], mVisible=true, mInsetsRoundedCornerFrame=false}, InsetsSource: {mType=ITYPE_BOTTOM_TAPPABLE_ELEMENT, mFrame=[0,2256][1080,2400], mVisible=true, mInsetsRoundedCornerFrame=false}, InsetsSource: {mType=ITYPE_IME, mFrame=[0,0][0,0], mVisibleFrame=[0,1374][1080,2400], mVisible=false, mInsetsRoundedCornerFrame=false} } host=PopupWindow:2919411 from=android.view.ViewRootImpl.setView:1732
04-06 02:28:29.637 18629 18629 I ViewRootImpl@93f6976[PopupWindow:2919411]: setView = android.widget.PopupWindow$PopupDecorView@5b0a702 TM=false
04-06 02:28:29.641 18629 18629 I ViewRootImpl@93f6976[PopupWindow:2919411]: performTraversals params={(0,88)(fillxwrap) gr=TOP START CENTER sim={state=unchanged adjust=pan} ty=APPLICATION_PANEL fmt=TRANSLUCENT surfaceInsets=Rect(0, 0 - 0, 0) (manual)
04-06 02:28:29.641 18629 18629 I ViewRootImpl@93f6976[PopupWindow:2919411]:   fl=41800008
04-06 02:28:29.641 18629 18629 I ViewRootImpl@93f6976[PopupWindow:2919411]:   pfl=42018000
04-06 02:28:29.641 18629 18629 I ViewRootImpl@93f6976[PopupWindow:2919411]:   bhv=DEFAULT
04-06 02:28:29.641 18629 18629 I ViewRootImpl@93f6976[PopupWindow:2919411]:   fitTypes=STATUS_BARS NAVIGATION_BARS CAPTION_BAR naviIconColor=0
04-06 02:28:29.641 18629 18629 I ViewRootImpl@93f6976[PopupWindow:2919411]:   sfl=20000}
04-06 02:28:29.642 18629 18629 I ViewRootImpl@93f6976[PopupWindow:2919411]: performTraversals mFirst=true windowShouldResize=true viewVisibilityChanged=false mForceNextWindowRelayout=false params={(0,88)(fillxwrap) gr=TOP START CENTER sim={state=unchanged adjust=pan} ty=APPLICATION_PANEL fmt=TRANSLUCENT surfaceInsets=Rect(0, 0 - 0, 0) (manual)
04-06 02:28:29.642 18629 18629 I ViewRootImpl@93f6976[PopupWindow:2919411]:   fl=41800008
04-06 02:28:29.642 18629 18629 I ViewRootImpl@93f6976[PopupWindow:2919411]:   pfl=42018000
04-06 02:28:29.642 18629 18629 I ViewRootImpl@93f6976[PopupWindow:2919411]:   bhv=DEFAULT
04-06 02:28:29.642 18629 18629 I ViewRootImpl@93f6976[PopupWindow:2919411]:   fitTypes=STATUS_BARS NAVIGATION_BARS CAPTION_BAR naviIconColor=0
04-06 02:28:29.642 18629 18629 I ViewRootImpl@93f6976[PopupWindow:2919411]:   sfl=20000}
04-06 02:28:29.646 18629 18702 I ViewRootImpl@93f6976[PopupWindow:2919411]: Resizing android.view.ViewRootImpl@ca5e813: frame = [0,88][1080,167] reportDraw = true forceLayout = false syncSeqId = 0
04-06 02:28:29.647 18629 18629 I ViewRootImpl@93f6976[PopupWindow:2919411]: updateBlastSurfaceIfNeeded mBlastBufferQueue=null isSameSurfaceControl=false
04-06 02:28:29.647 18629 18629 I BLASTBufferQueue: new BLASTBufferQueue, mName= ViewRootImpl@93f6976[PopupWindow:2919411] mNativeObject= 0xb4000070a0c92680 sc.mNativeObject= 0xb4000070a0c6a240 caller= android.view.ViewRootImpl.updateBlastSurfaceIfNeeded:2909 android.view.ViewRootImpl.relayoutWindow:9847 android.view.ViewRootImpl.performTraversals:3884 android.view.ViewRootImpl.doTraversal:3116 android.view.ViewRootImpl$TraversalRunnable.run:10885 android.view.Choreographer$CallbackRecord.run:1301 android.view.Choreographer$CallbackRecord.run:1309 android.view.Choreographer.doCallbacks:923 android.view.Choreographer.doFrame:852 android.view.Choreographer$FrameDisplayEventReceiver.run:1283 
04-06 02:28:29.647 18629 18629 I BLASTBufferQueue: update, w= 1080 h= 79 mName = ViewRootImpl@93f6976[PopupWindow:2919411] mNativeObject= 0xb4000070a0c92680 sc.mNativeObject= 0xb4000070a0c6a240 format= -3 caller= android.graphics.BLASTBufferQueue.<init>:84 android.view.ViewRootImpl.updateBlastSurfaceIfNeeded:2909 android.view.ViewRootImpl.relayoutWindow:9847 android.view.ViewRootImpl.performTraversals:3884 android.view.ViewRootImpl.doTraversal:3116 android.view.ViewRootImpl$TraversalRunnable.run:10885 
04-06 02:28:29.648 18629 18629 I ViewRootImpl@93f6976[PopupWindow:2919411]: Relayout returned: old=(0,88,1080,2256) new=(0,88,1080,167) req=(1080,79)0 dur=5 res=0x3 s={true 0xb4000070a0ea4800} ch=true seqId=0
04-06 02:28:29.649 18629 18629 I ViewRootImpl@93f6976[PopupWindow:2919411]: mThreadedRenderer.initialize() mSurface={isValid=true 0xb4000070a0ea4800} hwInitialized=true
04-06 02:28:29.649 18629 18681 D OpenGLRenderer: eglCreateWindowSurface
04-06 02:28:29.649 18629 18629 I ViewRootImpl@93f6976[PopupWindow:2919411]: reportNextDraw android.view.ViewRootImpl.performTraversals:4438 android.view.ViewRootImpl.doTraversal:3116 android.view.ViewRootImpl$TraversalRunnable.run:10885 android.view.Choreographer$CallbackRecord.run:1301 android.view.Choreographer$CallbackRecord.run:1309 
04-06 02:28:29.650 18629 18629 I ViewRootImpl@93f6976[PopupWindow:2919411]: Setup new sync id=0
04-06 02:28:29.650 18629 18629 I ViewRootImpl@93f6976[PopupWindow:2919411]: Setting syncFrameCallback
04-06 02:28:29.650 18629 18629 I ViewRootImpl@93f6976[PopupWindow:2919411]: registerCallbacksForSync syncBuffer=false
04-06 02:28:29.658 18629 18704 I ViewRootImpl@93f6976[PopupWindow:2919411]: Received frameDrawingCallback syncResult=0 frameNum=1.
04-06 02:28:29.658 18629 18704 I ViewRootImpl@93f6976[PopupWindow:2919411]: Setting up sync and frameCommitCallback
04-06 02:28:29.658 18629 18681 I BLASTBufferQueue: [ViewRootImpl@93f6976[PopupWindow:2919411]#1](f:0,a:0) onFrameAvailable the first frame is available
04-06 02:28:29.659 18629 18681 I ViewRootImpl@93f6976[PopupWindow:2919411]: Received frameCommittedCallback lastAttemptedDrawFrameNum=1 didProduceBuffer=true
04-06 02:28:29.659 18629 18681 D OpenGLRenderer: CFMS:: SetUp Pid : 18629    Tid : 18681
04-06 02:28:29.659 18629 18681 W Parcel  : Expecting binder but got null!
04-06 02:28:29.660 18629 18629 I ViewRootImpl@93f6976[PopupWindow:2919411]: onSyncComplete
04-06 02:28:29.660 18629 18629 I ViewRootImpl@93f6976[PopupWindow:2919411]: setupSync seqId=0 mSyncId=0 fn=1 caller=android.view.ViewRootImpl$$ExternalSyntheticLambda11.accept:6 android.window.SurfaceSyncer.lambda$setupSync$1$android-window-SurfaceSyncer:128 android.window.SurfaceSyncer$$ExternalSyntheticLambda1.accept:8 android.window.SurfaceSyncer$SyncSet.checkIfSyncIsComplete:382 android.window.SurfaceSyncer$SyncSet.markSyncReady:359 android.window.SurfaceSyncer.markSyncReady:151 android.view.ViewRootImpl.performTraversals:4503 
04-06 02:28:29.660 18629 18629 I ViewRootImpl@93f6976[PopupWindow:2919411]: reportDrawFinished seqId=0 mSyncId=-1 fn=1 mSurfaceChangedTransaction=0xb4000070a6ea2300
04-06 02:28:29.660 18629 18629 I ViewRootImpl@914008f[MainActivity]: MSG_WINDOW_FOCUS_CHANGED 1 0
04-06 02:28:29.660 18629 18629 I ViewRootImpl@914008f[MainActivity]: mThreadedRenderer.initializeIfNeeded()#2 mSurface={isValid=true 0xb4000070a0ea2000}
04-06 02:28:29.661 18629 18629 W unknown:BridgelessReact: ReactHost{0}.raiseSoftException(onWindowFocusChange(hasFocus = "true")): Tried to access onWindowFocusChange while context is not ready
04-06 02:28:29.662 18629 18629 E unknown:ReactHost: Unhandled SoftException
04-06 02:28:29.662 18629 18629 E unknown:ReactHost: com.facebook.react.bridge.ReactNoCrashSoftException: raiseSoftException(onWindowFocusChange(hasFocus = "true")): Tried to access onWindowFocusChange while context is not ready
04-06 02:28:29.662 18629 18629 E unknown:ReactHost: 	at com.facebook.react.runtime.ReactHostImpl.raiseSoftException(ReactHostImpl.kt:861)
04-06 02:28:29.662 18629 18629 E unknown:ReactHost: 	at com.facebook.react.runtime.ReactHostImpl.raiseSoftException$default(ReactHostImpl.kt:852)
04-06 02:28:29.662 18629 18629 E unknown:ReactHost: 	at com.facebook.react.runtime.ReactHostImpl.onWindowFocusChange(ReactHostImpl.kt:625)
04-06 02:28:29.662 18629 18629 E unknown:ReactHost: 	at com.facebook.react.ReactDelegate.onWindowFocusChanged(ReactDelegate.kt:232)
04-06 02:28:29.662 18629 18629 E unknown:ReactHost: 	at com.facebook.react.ReactActivityDelegate.onWindowFocusChanged(ReactActivityDelegate.java:237)
04-06 02:28:29.662 18629 18629 E unknown:ReactHost: 	at expo.modules.ReactActivityDelegateWrapper$onWindowFocusChanged$1.invokeSuspend(ReactActivityDelegateWrapper.kt:320)
04-06 02:28:29.662 18629 18629 E unknown:ReactHost: 	at expo.modules.ReactActivityDelegateWrapper$onWindowFocusChanged$1.invoke(Unknown Source:8)
04-06 02:28:29.662 18629 18629 E unknown:ReactHost: 	at expo.modules.ReactActivityDelegateWrapper$onWindowFocusChanged$1.invoke(Unknown Source:4)
04-06 02:28:29.662 18629 18629 E unknown:ReactHost: 	at expo.modules.ReactActivityDelegateWrapper$launchLifecycleScopeWithLock$1.invokeSuspend(ReactActivityDelegateWrapper.kt:452)
04-06 02:28:29.662 18629 18629 E unknown:ReactHost: 	at kotlin.coroutines.jvm.internal.BaseContinuationImpl.resumeWith(ContinuationImpl.kt:33)
04-06 02:28:29.662 18629 18629 E unknown:ReactHost: 	at kotlinx.coroutines.internal.DispatchedContinuationKt.resumeCancellableWith(DispatchedContinuation.kt:375)
04-06 02:28:29.662 18629 18629 E unknown:ReactHost: 	at kotlinx.coroutines.intrinsics.CancellableKt.startCoroutineCancellable(Cancellable.kt:26)
04-06 02:28:29.662 18629 18629 E unknown:ReactHost: 	at kotlinx.coroutines.CoroutineStart.invoke(CoroutineStart.kt:358)
04-06 02:28:29.662 18629 18629 E unknown:ReactHost: 	at kotlinx.coroutines.AbstractCoroutine.start(AbstractCoroutine.kt:134)
04-06 02:28:29.662 18629 18629 E unknown:ReactHost: 	at kotlinx.coroutines.BuildersKt__Builders_commonKt.launch(Builders.common.kt:53)
04-06 02:28:29.662 18629 18629 E unknown:ReactHost: 	at kotlinx.coroutines.BuildersKt.launch(Unknown Source:1)
04-06 02:28:29.662 18629 18629 E unknown:ReactHost: 	at kotlinx.coroutines.BuildersKt__Builders_commonKt.launch$default(Builders.common.kt:44)
04-06 02:28:29.662 18629 18629 E unknown:ReactHost: 	at kotlinx.coroutines.BuildersKt.launch$default(Unknown Source:1)
04-06 02:28:29.662 18629 18629 E unknown:ReactHost: 	at expo.modules.ReactActivityDelegateWrapper.launchLifecycleScopeWithLock(ReactActivityDelegateWrapper.kt:450)
04-06 02:28:29.662 18629 18629 E unknown:ReactHost: 	at expo.modules.ReactActivityDelegateWrapper.launchLifecycleScopeWithLock$default(ReactActivityDelegateWrapper.kt:446)
04-06 02:28:29.662 18629 18629 E unknown:ReactHost: 	at expo.modules.ReactActivityDelegateWrapper.onWindowFocusChanged(ReactActivityDelegateWrapper.kt:318)
04-06 02:28:29.662 18629 18629 E unknown:ReactHost: 	at com.facebook.react.ReactActivity.onWindowFocusChanged(ReactActivity.java:158)
04-06 02:28:29.662 18629 18629 E unknown:ReactHost: 	at androidx.appcompat.view.WindowCallbackWrapper.onWindowFocusChanged(WindowCallbackWrapper.java:124)
04-06 02:28:29.662 18629 18629 E unknown:ReactHost: 	at com.android.internal.policy.DecorView.onWindowFocusChanged(DecorView.java:2710)
04-06 02:28:29.662 18629 18629 E unknown:ReactHost: 	at android.view.View.dispatchWindowFocusChanged(View.java:15817)
04-06 02:28:29.662 18629 18629 E unknown:ReactHost: 	at android.view.ViewGroup.dispatchWindowFocusChanged(ViewGroup.java:1512)
04-06 02:28:29.662 18629 18629 E unknown:ReactHost: 	at android.view.ViewRootImpl.handleWindowFocusChanged(ViewRootImpl.java:4678)
04-06 02:28:29.662 18629 18629 E unknown:ReactHost: 	at android.view.ViewRootImpl.-$$Nest$mhandleWindowFocusChanged(Unknown Source:0)
04-06 02:28:29.662 18629 18629 E unknown:ReactHost: 	at android.view.ViewRootImpl$ViewRootHandler.handleMessageImpl(ViewRootImpl.java:6788)
04-06 02:28:29.662 18629 18629 E unknown:ReactHost: 	at android.view.ViewRootImpl$ViewRootHandler.handleMessage(ViewRootImpl.java:6697)
04-06 02:28:29.662 18629 18629 E unknown:ReactHost: 	at android.os.Handler.dispatchMessage(Handler.java:106)
04-06 02:28:29.662 18629 18629 E unknown:ReactHost: 	at android.os.Looper.loopOnce(Looper.java:226)
04-06 02:28:29.662 18629 18629 E unknown:ReactHost: 	at android.os.Looper.loop(Looper.java:313)
04-06 02:28:29.662 18629 18629 E unknown:ReactHost: 	at android.app.ActivityThread.main(ActivityThread.java:8762)
04-06 02:28:29.662 18629 18629 E unknown:ReactHost: 	at java.lang.reflect.Method.invoke(Native Method)
04-06 02:28:29.662 18629 18629 E unknown:ReactHost: 	at com.android.internal.os.RuntimeInit$MethodAndArgsCaller.run(RuntimeInit.java:604)
04-06 02:28:29.662 18629 18629 E unknown:ReactHost: 	at com.android.internal.os.ZygoteInit.main(ZygoteInit.java:1067)
04-06 02:28:29.662 18629 18629 D InputMethodManager: startInputInner - Id : 0
04-06 02:28:29.662 18629 18629 I InputMethodManager: startInputInner - mService.startInputOrWindowGainedFocus
04-06 02:28:29.665 18629 18629 I ViewRootImpl@93f6976[PopupWindow:2919411]: handleResized, msg = 5 frames=ClientWindowFrames{frame=[0,88][1080,167] display=[0,88][1080,2256] parentFrame=[0,0][0,0] parentClippedByDisplayCutout=false} forceNextWindowRelayout=false displayId=0 resizeMode=-1 frameChanged=false displayFrameChanged=false configChanged=false displayChanged=false
04-06 02:28:29.665 18629 18629 I ViewRootImpl@93f6976[PopupWindow:2919411]: handleResized mSyncSeqId = 0
04-06 02:28:29.665 18629 18629 I ViewRootImpl@93f6976[PopupWindow:2919411]: reportNextDraw android.view.ViewRootImpl.handleResized:2450 android.view.ViewRootImpl.-$$Nest$mhandleResized:0 android.view.ViewRootImpl$ViewRootHandler.handleMessageImpl:6728 android.view.ViewRootImpl$ViewRootHandler.handleMessage:6697 android.os.Handler.dispatchMessage:106 
04-06 02:28:29.668 18629 18629 D InputMethodManager: startInputInner - Id : 0
04-06 02:28:29.672 18629 18629 I ViewRootImpl@93f6976[PopupWindow:2919411]: Setup new sync id=1
04-06 02:28:29.672 18629 18629 I ViewRootImpl@93f6976[PopupWindow:2919411]: Setting syncFrameCallback
04-06 02:28:29.672 18629 18629 I ViewRootImpl@93f6976[PopupWindow:2919411]: registerCallbacksForSync syncBuffer=false
04-06 02:28:29.676 18629 18705 I ViewRootImpl@93f6976[PopupWindow:2919411]: Received frameDrawingCallback syncResult=0 frameNum=3.
04-06 02:28:29.677 18629 18705 I ViewRootImpl@93f6976[PopupWindow:2919411]: Setting up sync and frameCommitCallback
04-06 02:28:29.683 18629 18681 I ViewRootImpl@93f6976[PopupWindow:2919411]: Received frameCommittedCallback lastAttemptedDrawFrameNum=3 didProduceBuffer=true
04-06 02:28:29.683 18629 18629 I ViewRootImpl@93f6976[PopupWindow:2919411]: onSyncComplete
04-06 02:28:29.683 18629 18629 I ViewRootImpl@93f6976[PopupWindow:2919411]: setupSync seqId=0 mSyncId=1 fn=3 caller=android.view.ViewRootImpl$$ExternalSyntheticLambda11.accept:6 android.window.SurfaceSyncer.lambda$setupSync$1$android-window-SurfaceSyncer:128 android.window.SurfaceSyncer$$ExternalSyntheticLambda1.accept:8 android.window.SurfaceSyncer$SyncSet.checkIfSyncIsComplete:382 android.window.SurfaceSyncer$SyncSet.markSyncReady:359 android.window.SurfaceSyncer.markSyncReady:151 android.view.ViewRootImpl.performTraversals:4503 
04-06 02:28:29.684 18629 18629 I ViewRootImpl@93f6976[PopupWindow:2919411]: reportDrawFinished seqId=0 mSyncId=-1 fn=3 mSurfaceChangedTransaction=0xb4000070a6ea2300
04-06 02:28:29.905 18629 18629 D InsetsController: cancelAnimation of types: 1, animType: 0, host: com.evolucao.app/com.evolucao.app.MainActivity, from:android.view.InsetsController.notifyFinished:1375 android.view.InsetsAnimationThreadControlRunner$1.lambda$notifyFinished$0$android-view-InsetsAnimationThreadControlRunner$1:84 android.view.InsetsAnimationThreadControlRunner$1$$ExternalSyntheticLambda1.run:4 
04-06 02:28:29.905 18629 18629 D InsetsSourceConsumer: ensureControlPosition: Point(0, 0) for ITYPE_STATUS_BAR on com.evolucao.app/com.evolucao.app.MainActivity from android.view.InsetsSourceConsumer.notifyAnimationFinished:419
04-06 02:28:29.921 18629 18704 I ViewRootImpl@914008f[MainActivity]: mWNT: t=0xb4000070a6e98400 mBlastBufferQueue=0xb4000070c2c34c00 fn= 2 caller= android.view.SyncRtSurfaceTransactionApplier.applyTransaction:96 android.view.SyncRtSurfaceTransactionApplier.lambda$scheduleApply$0$android-view-SyncRtSurfaceTransactionApplier:69 android.view.SyncRtSurfaceTransactionApplier$$ExternalSyntheticLambda0.onFrameDraw:4 
04-06 02:28:30.017 18629 18681 D OpenGLRenderer: setSurface called with nullptr
04-06 02:28:30.017 18629 18681 D OpenGLRenderer: setSurface() destroyed EGLSurface
04-06 02:28:30.018 18629 18681 D OpenGLRenderer: destroyEglSurface
04-06 02:28:30.018 18629 18709 D Detox.RNMarker: DOWNLOAD_END ({"url":"http:\/\/localhost:8081\/.expo\/.virtual-metro-entry.bundle?platform=android&dev=true&lazy=true&minify=false&app=com.evolucao.app&modulesOnly=false&runModule=true&excludeSource=true&sourcePaths=url-server","filesChangedCount":0})
04-06 02:28:30.018 18629 18709 W unknown:BridgelessReact: ReactHost{0}.loadJSBundleFromMetro(): Creating BundleLoader
04-06 02:28:30.018 18629 18700 W unknown:BridgelessReact: ReactHost{0}.getOrCreateReactInstanceTask(): Creating BridgelessReactContext
04-06 02:28:30.018 18629 18629 I ViewRootImpl@93f6976[PopupWindow:2919411]: dispatchDetachedFromWindow
04-06 02:28:30.020 18629 18700 W unknown:BridgelessReact: ReactHost{0}.getOrCreateReactInstanceTask(): Creating ReactInstance
04-06 02:28:30.021 18629 18629 D InputTransport: Input channel destroyed: 'c2f364d', fd=125
04-06 02:28:30.029 18629 18709 D TrafficStats: tagSocket(133) with statsTag=0xffffffff, statsUid=-1
04-06 02:28:30.032 18629 18700 D jni_lib_merge: Entering merged library JNI_OnLoad.
04-06 02:28:30.032 18629 18700 D jni_lib_merge: Preparing 4 pre-merged libs (including stub)
04-06 02:28:30.032 18629 18700 D jni_lib_merge: Preparing to register libhermes_executor_so.  onload_func: 0x7024133fa4
04-06 02:28:30.032 18629 18700 D jni_lib_merge: Preparing to register libhermesinstancejni_so.  onload_func: 0x702416d8b4
04-06 02:28:30.032 18629 18700 D jni_lib_merge: Preparing to register libjsijniprofiler_so.  onload_func: 0x702416f8f8
04-06 02:28:30.032 18629 18700 D jni_lib_merge: About to register 3 actual methods.
04-06 02:28:30.152 18629 18700 I ExpoModulesCore: ✅ AppContext was initialized
04-06 02:28:30.179 18629 18700 W unknown:BridgelessReact: ReactHost{0}.getOrCreateReactInstanceTask(): Loading JS Bundle
04-06 02:28:30.180 18629 18700 W unknown:BridgelessReact: ReactHost{0}.getOrCreateReactInstanceTask(): DevSupportManager.onNewReactContextCreated()
04-06 02:28:30.180 18629 18750 D Detox.RNMarker: RUN_JS_BUNDLE_START (/.virtual-metro-entry.bundle?platform=android&dev=true&lazy=true&minify=false&app=com.evolucao.app&modulesOnly=false&runModule=true&excludeSource=true&sourcePaths=url-server)
04-06 02:28:30.183 18629 18629 W unknown:ReactNative: Packager connection already open, nooping.
04-06 02:28:30.186 18629 18629 W unknown:BridgelessReact: ReactHost{0}.ReactContext.onHostResume()
04-06 02:28:30.188 18629 18700 W unknown:BridgelessReact: ReactHost{0}.startSurface(surfaceId = 0): Execute
04-06 02:28:30.191 18629 18629 W unknown:BridgelessReact: ReactHost{0}.getOrCreateReactInstanceTask(): Executing ReactInstanceEventListeners
04-06 02:28:30.191 18629 18629 I DetoxRNLoading: Got new RN-context through listener
04-06 02:28:30.192 18629 18659 I DetoxRNIdleRes: Setting up Espresso Idling Resources for React Native
04-06 02:28:30.199 18629 18629 D DetoxRNHelpers: Native RN module resolution (class com.reactnativecommunity.asyncstorage.AsyncStorageModule): no registered module found
04-06 02:28:30.199 18629 18659 D IdlingRegistry: Registering idling resources: [com.wix.detox.reactnative.idlingresources.uimodule.fabric.FabricUIManagerIdlingResources@76f3a71]
04-06 02:28:30.199 18629 18659 D IdlingRegistry: Registering idling resources: [com.wix.detox.reactnative.idlingresources.animations.AnimatedModuleIdlingResource@2908056]
04-06 02:28:30.199 18629 18659 D IdlingRegistry: Registering idling resources: [com.wix.detox.reactnative.idlingresources.timers.FabricTimersIdlingResource@72508d7]
04-06 02:28:30.199 18629 18659 D IdlingRegistry: Registering idling resources: [com.wix.detox.reactnative.idlingresources.network.NetworkIdlingResource@c075c4]
04-06 02:28:30.199 18629 18659 D IdlingRegistry: Registering idling resources: [com.wix.detox.reactnative.idlingresources.StabilizedIdlingResource@f6c0cad]
04-06 02:28:30.208 18629 18751 W om.evolucao.app: Accessing hidden method Landroid/os/MessageQueue;->next()Landroid/os/Message; (unsupported, reflection, allowed)
04-06 02:28:30.208 18629 18751 W om.evolucao.app: Accessing hidden field Landroid/os/MessageQueue;->mMessages:Landroid/os/Message; (unsupported, reflection, allowed)
04-06 02:28:30.208 18629 18751 W om.evolucao.app: Accessing hidden method Landroid/os/Message;->recycleUnchecked()V (unsupported, reflection, allowed)
04-06 02:28:30.368 18629 18629 D DetoxRNHelpers: Native RN module resolution (class com.reactnativecommunity.asyncstorage.AsyncStorageModule): no registered module found
04-06 02:28:30.369 18629 18661 W om.evolucao.app: Long monitor contention with owner Instr: androidx.test.runner.AndroidJUnitRunner (18659) at void com.wix.detox.DetoxMain.launchActivityOnCue(android.content.Context, com.wix.detox.ActivityLaunchHelper)(DetoxMain.kt:53) waiters=0 in void com.wix.detox.DetoxMain$setupActionHandlers$SynchronizedActionHandler.handle(java.lang.String, long) for 1.046s
04-06 02:28:30.437 18629 18751 I WebViewFactory: Loading com.google.android.webview version 146.0.7680.164 (code 768016403)
04-06 02:28:30.441 18629 18751 D ApplicationLoaders: Returning zygote-cached class loader: /system/framework/android.test.base.jar
04-06 02:28:30.447 18629 18751 D nativeloader: Configuring classloader-namespace for other apk /data/app/~~23ppwVuk64Fm9vdWCRWMMw==/com.google.android.webview-FPIphznatdLDx2VBYoD68A==/base.apk. target_sdk_version=36, uses_libraries=, library_path=/data/app/~~23ppwVuk64Fm9vdWCRWMMw==/com.google.android.webview-FPIphznatdLDx2VBYoD68A==/lib/arm64:/data/app/~~23ppwVuk64Fm9vdWCRWMMw==/com.google.android.webview-FPIphznatdLDx2VBYoD68A==/base.apk!/lib/arm64-v8a, permitted_path=/data:/mnt/expand
04-06 02:28:30.465 18629 18751 I cr_WVCFactoryProvider: version=146.0.7680.164 (768016403) minSdkVersion=29 multiprocess=true packageId=127 splits=<none>
04-06 02:28:30.471 18629 18766 I chromium: [0406/022830.471118:INFO:android_webview/browser/variations/variations_seed_loader.cc:67] Failed to open file for reading.: No such file or directory (2)
04-06 02:28:30.471 18629 18766 I chromium: [0406/022830.471271:INFO:android_webview/browser/variations/variations_seed_loader.cc:67] Failed to open file for reading.: No such file or directory (2)
04-06 02:28:30.476 18629 18751 I cr_LibraryLoader: Successfully loaded native library
04-06 02:28:30.476 18629 18751 I cr_CachingUmaRecorder: Flushed 16 samples from 16 histograms, 0 samples were dropped.
04-06 02:28:30.487 18629 18750 W BridgelessReactContext: [WARNING] Bridgeless doesn't support CatalystInstance. Accessing an API that's not part of the new architecture is not encouraged usage.
04-06 02:28:30.493 18629 18701 D TrafficStats: tagSocket(148) with statsTag=0xffffffff, statsUid=-1
04-06 02:28:30.493 18629 18750 I ExpoModulesCore: ✅ JSI interop was installed
04-06 02:28:30.495 18629 18701 D TrafficStats: tagSocket(148) with statsTag=0xffffffff, statsUid=-1
04-06 02:28:30.499 18629 18750 I ExpoModulesCore: ✅ Constants were exported
04-06 02:28:30.542 18629 18750 W unknown:ViewManagerPropertyUpdater: Could not find generated setter for class com.th3rdwave.safeareacontext.SafeAreaProviderManager
04-06 02:28:30.544 18629 18750 W unknown:ViewManagerPropertyUpdater: Could not find generated setter for class com.facebook.react.uimanager.LayoutShadowNode
04-06 02:28:30.546 18629 18750 W unknown:ViewManagerPropertyUpdater: Could not find generated setter for class com.swmansion.rnscreens.SearchBarManager
04-06 02:28:30.547 18629 18750 W unknown:ViewManagerPropertyUpdater: Could not find generated setter for class com.swmansion.rnscreens.ScreenFooterManager
04-06 02:28:30.547 18629 18750 W unknown:ViewManagerPropertyUpdater: Could not find generated setter for class com.swmansion.rnscreens.gamma.tabs.TabScreenViewManager
04-06 02:28:30.549 18629 18750 W unknown:ViewManagerPropertyUpdater: Could not find generated setter for class expo.modules.kotlin.views.GroupViewManagerWrapper
04-06 02:28:30.550 18629 18750 W unknown:ViewManagerPropertyUpdater: Could not find generated setter for class com.swmansion.rnscreens.ScreenContainerViewManager
04-06 02:28:30.550 18629 18750 W unknown:ViewManagerPropertyUpdater: Could not find generated setter for class com.swmansion.rnscreens.gamma.tabs.TabsHostViewManager
04-06 02:28:30.552 18629 18750 W unknown:ViewManagerPropertyUpdater: Could not find generated setter for class com.swmansion.rnscreens.ModalScreenViewManager
04-06 02:28:30.553 18629 18750 W unknown:ViewManagerPropertyUpdater: Could not find generated setter for class com.swmansion.rnscreens.ScreenStackHeaderConfigViewManager
04-06 02:28:30.553 18629 18750 W unknown:ViewManagerPropertyUpdater: Could not find generated setter for class com.swmansion.rnscreens.ScreenContentWrapperManager
04-06 02:28:30.554 18629 18750 W unknown:ViewManagerPropertyUpdater: Could not find generated setter for class com.th3rdwave.safeareacontext.SafeAreaViewManager
04-06 02:28:30.555 18629 18750 W unknown:ViewManagerPropertyUpdater: Could not find generated setter for class com.th3rdwave.safeareacontext.SafeAreaViewShadowNode
04-06 02:28:30.555 18629 18750 W unknown:ViewManagerPropertyUpdater: Could not find generated setter for class com.swmansion.rnscreens.safearea.SafeAreaViewManager
04-06 02:28:30.556 18629 18750 W unknown:ViewManagerPropertyUpdater: Could not find generated setter for class com.swmansion.rnscreens.safearea.paper.SafeAreaViewShadowNode
04-06 02:28:30.556 18629 18750 W unknown:ViewManagerPropertyUpdater: Could not find generated setter for class com.swmansion.rnscreens.ScreenViewManager
04-06 02:28:30.556 18629 18750 W unknown:ViewManagerPropertyUpdater: Could not find generated setter for class com.swmansion.rnscreens.gamma.stack.host.StackHostViewManager
04-06 02:28:30.557 18629 18750 W unknown:ViewManagerPropertyUpdater: Could not find generated setter for class com.swmansion.rnscreens.ScreenStackHeaderSubviewManager
04-06 02:28:30.557 18629 18750 W unknown:ViewManagerPropertyUpdater: Could not find generated setter for class com.swmansion.rnscreens.gamma.stack.screen.StackScreenViewManager
04-06 02:28:30.558 18629 18750 W unknown:ViewManagerPropertyUpdater: Could not find generated setter for class com.swmansion.rnscreens.ScreenStackViewManager
04-06 02:28:30.634 18629 18750 W unknown:ViewManagerPropertyUpdater: Could not find generated setter for class com.facebook.react.views.debuggingoverlay.DebuggingOverlayManager
04-06 02:28:30.639 18629 18750 W unknown:ViewManagerPropertyUpdater: Could not find generated setter for class com.swmansion.gesturehandler.react.RNGestureHandlerButtonViewManager
04-06 02:28:30.645 18629 18750 W unknown:ViewManagerPropertyUpdater: Could not find generated setter for class com.facebook.react.views.safeareaview.ReactSafeAreaViewManager
04-06 02:28:30.651 18629 18750 W unknown:ViewManagerPropertyUpdater: Could not find generated setter for class com.facebook.react.views.modal.ReactModalHostManager
04-06 02:28:30.656 18629 18750 W unknown:ViewManagerPropertyUpdater: Could not find generated setter for class com.facebook.react.views.text.frescosupport.FrescoBasedReactTextInlineImageViewManager
04-06 02:28:30.657 18629 18750 W unknown:ViewManagerPropertyUpdater: Could not find generated setter for class com.facebook.react.views.text.frescosupport.FrescoBasedReactTextInlineImageShadowNode
04-06 02:28:30.662 18629 18750 W unknown:ViewManagerPropertyUpdater: Could not find generated setter for class com.facebook.react.views.progressbar.ReactProgressBarViewManager
04-06 02:28:30.663 18629 18750 W unknown:ViewManagerPropertyUpdater: Could not find generated setter for class com.facebook.react.views.progressbar.ProgressBarShadowNode
04-06 02:28:30.669 18629 18750 W unknown:ViewManagerPropertyUpdater: Could not find generated setter for class com.facebook.react.views.scroll.ReactHorizontalScrollViewManager
04-06 02:28:30.676 18629 18750 W unknown:ViewManagerPropertyUpdater: Could not find generated setter for class com.facebook.react.views.image.ReactImageManager
04-06 02:28:30.683 18629 18750 W unknown:ViewManagerPropertyUpdater: Could not find generated setter for class com.facebook.react.views.text.ReactTextViewManager
04-06 02:28:30.684 18629 18750 W unknown:ViewManagerPropertyUpdater: Could not find generated setter for class com.facebook.react.views.text.ReactTextShadowNode
04-06 02:28:30.690 18629 18750 W unknown:ViewManagerPropertyUpdater: Could not find generated setter for class com.facebook.react.views.scroll.ReactHorizontalScrollContainerViewManager
04-06 02:28:30.696 18629 18750 W unknown:ViewManagerPropertyUpdater: Could not find generated setter for class com.facebook.react.views.unimplementedview.ReactUnimplementedViewManager
04-06 02:28:30.701 18629 18750 W unknown:ViewManagerPropertyUpdater: Could not find generated setter for class com.facebook.react.views.scroll.ReactScrollViewManager
04-06 02:28:30.707 18629 18750 W unknown:ViewManagerPropertyUpdater: Could not find generated setter for class com.facebook.react.views.view.ReactViewManager
04-06 02:28:30.714 18629 18750 W unknown:ViewManagerPropertyUpdater: Could not find generated setter for class com.facebook.react.views.drawer.ReactDrawerLayoutManager
04-06 02:28:30.720 18629 18750 W unknown:ViewManagerPropertyUpdater: Could not find generated setter for class com.facebook.react.views.switchview.ReactSwitchManager
04-06 02:28:30.720 18629 18750 W unknown:ViewManagerPropertyUpdater: Could not find generated setter for class com.facebook.react.views.switchview.ReactSwitchShadowNode
04-06 02:28:30.725 18629 18750 W unknown:ViewManagerPropertyUpdater: Could not find generated setter for class com.facebook.react.views.swiperefresh.SwipeRefreshLayoutManager
04-06 02:28:30.732 18629 18750 W unknown:ViewManagerPropertyUpdater: Could not find generated setter for class com.facebook.react.views.textinput.ReactTextInputManager
04-06 02:28:30.734 18629 18750 W unknown:ViewManagerPropertyUpdater: Could not find generated setter for class com.facebook.react.views.textinput.ReactTextInputShadowNode
04-06 02:28:30.740 18629 18750 W unknown:ViewManagerPropertyUpdater: Could not find generated setter for class com.swmansion.gesturehandler.react.RNGestureHandlerRootViewManager
04-06 02:28:30.774 18629 18701 D TrafficStats: tagSocket(148) with statsTag=0xffffffff, statsUid=-1
04-06 02:28:30.941 18629 18750 V AsyncStorageExpoMigration: No scoped database found
04-06 02:28:31.117 18629 18750 D Detox.RNMarker: RUN_JS_BUNDLE_END (/.virtual-metro-entry.bundle?platform=android&dev=true&lazy=true&minify=false&app=com.evolucao.app&modulesOnly=false&runModule=true&excludeSource=true&sourcePaths=url-server)
04-06 02:28:31.119 18629 18750 I ReactNativeJS: Running "main" with {"rootTag":1,"initialProps":{},"fabric":true}
04-06 02:28:31.196 18629 18771 D TrafficStats: tagSocket(137) with statsTag=0xffffffff, statsUid=-1
04-06 02:28:31.321 18629 18629 I DecorView: notifyKeepScreenOnChanged: keepScreenOn=true
04-06 02:28:31.330 18629 18629 I ViewRootImpl@914008f[MainActivity]: performTraversals params={(0,0)(fillxfill) sim={adjust=resize} layoutInDisplayCutoutMode=always ty=BASE_APPLICATION wanim=0x1030309
04-06 02:28:31.330 18629 18629 I ViewRootImpl@914008f[MainActivity]:   fl=81810180
04-06 02:28:31.330 18629 18629 I ViewRootImpl@914008f[MainActivity]:   pfl=16020040
04-06 02:28:31.330 18629 18629 I ViewRootImpl@914008f[MainActivity]:   vsysui=100
04-06 02:28:31.330 18629 18629 I ViewRootImpl@914008f[MainActivity]:   bhv=DEFAULT
04-06 02:28:31.330 18629 18629 I ViewRootImpl@914008f[MainActivity]:   fitSides= naviIconColor=0}
04-06 02:28:31.331 18629 18629 I ViewRootImpl@914008f[MainActivity]: performTraversals mFirst=false windowShouldResize=false viewVisibilityChanged=false mForceNextWindowRelayout=false params={(0,0)(fillxfill) sim={adjust=resize} layoutInDisplayCutoutMode=always ty=BASE_APPLICATION wanim=0x1030309
04-06 02:28:31.331 18629 18629 I ViewRootImpl@914008f[MainActivity]:   fl=81810180
04-06 02:28:31.331 18629 18629 I ViewRootImpl@914008f[MainActivity]:   pfl=16020040
04-06 02:28:31.331 18629 18629 I ViewRootImpl@914008f[MainActivity]:   vsysui=100
04-06 02:28:31.331 18629 18629 I ViewRootImpl@914008f[MainActivity]:   bhv=DEFAULT
04-06 02:28:31.331 18629 18629 I ViewRootImpl@914008f[MainActivity]:   fitSides= naviIconColor=0}
04-06 02:28:31.341 18629 18629 I ViewRootImpl@914008f[MainActivity]: updateBlastSurfaceIfNeeded mBlastBufferQueue=0xb4000070c2c34c00 isSameSurfaceControl=true
04-06 02:28:31.342 18629 18629 I BLASTBufferQueue: update, w= 1080 h= 2400 mName = ViewRootImpl@914008f[MainActivity] mNativeObject= 0xb4000070c2c34c00 sc.mNativeObject= 0xb4000070a6efb3e0 format= -1 caller= android.view.ViewRootImpl.updateBlastSurfaceIfNeeded:2898 android.view.ViewRootImpl.relayoutWindow:9847 android.view.ViewRootImpl.performTraversals:3884 android.view.ViewRootImpl.doTraversal:3116 android.view.ViewRootImpl$TraversalRunnable.run:10885 android.view.Choreographer$CallbackRecord.run:1301 
04-06 02:28:31.342 18629 18629 I ViewRootImpl@914008f[MainActivity]: Relayout returned: old=(0,0,1080,2400) new=(0,0,1080,2400) req=(1080,2400)0 dur=10 res=0x0 s={true 0xb4000070a0ea2000} ch=false seqId=0
04-06 02:28:31.347 18629 18629 D Detox.RNMarker: CONTENT_APPEARED (main)
04-06 02:28:31.348 18629 18750 D Detox.RNMarker: REACT_BRIDGELESS_LOADING_END (null)
04-06 02:28:31.358 18629 18750 I ReactNativeJS: '[ANALYTICS]', 'app_opened', { event: 'app_opened',
04-06 02:28:31.358 18629 18750 I ReactNativeJS:   eventId: '1775453311353_99aa24b38ad38',
04-06 02:28:31.358 18629 18750 I ReactNativeJS:   appVersion: '1.0.0',
04-06 02:28:31.358 18629 18750 I ReactNativeJS:   category: 'engagement',
04-06 02:28:31.358 18629 18750 I ReactNativeJS:   userId: 'anonymous',
04-06 02:28:31.358 18629 18750 I ReactNativeJS:   timestamp: 1775453311353,
04-06 02:28:31.358 18629 18750 I ReactNativeJS:   timestampIso: '2026-04-06T05:28:31.353Z',
04-06 02:28:31.358 18629 18750 I ReactNativeJS:   screen: 'App',
04-06 02:28:31.358 18629 18750 I ReactNativeJS:   sessionId: 'session-1775453311336-3818170721b50a',
04-06 02:28:31.358 18629 18750 I ReactNativeJS:   flowId: 'session-1775453311336-3818170721b50a',
04-06 02:28:31.358 18629 18750 I ReactNativeJS:   meta: 
04-06 02:28:31.358 18629 18750 I ReactNativeJS:    { domain: 'engagement',
04-06 02:28:31.358 18629 18750 I ReactNativeJS:      version: 1,
04-06 02:28:31.358 18629 18750 I ReactNativeJS:      dayKey: '2026-04-06',
04-06 02:28:31.358 18629 18750 I ReactNativeJS:      isFirstOpenOfDay: true,
04-06 02:28:31.358 18629 18750 I ReactNativeJS:      category: 'engagement' } }
04-06 02:28:31.545 18629 18637 I om.evolucao.app: Compiler allocated 4177KB to compile void android.widget.TextView.<init>(android.content.Context, android.util.AttributeSet, int, int)
04-06 02:28:31.556 18629 18629 D CompatibilityChangeReporter: Compat change id reported: 171228096; UID 10403; state: ENABLED
04-06 02:28:31.558 18629 18629 D ScrollView: initGoToTop
04-06 02:28:31.559 18629 18629 W om.evolucao.app: Accessing hidden field Landroid/widget/ScrollView;->mScroller:Landroid/widget/OverScroller; (unsupported, reflection, allowed)
04-06 02:28:31.589 18629 18629 W [RNScreens]: backTitleFontFamily prop is not available on Android
04-06 02:28:31.589 18629 18629 W [RNScreens]: disableBackButtonMenu prop is not available on Android
04-06 02:28:31.589 18629 18629 W [RNScreens]: backTitleVisible prop is not available on Android
04-06 02:28:31.589 18629 18629 W [RNScreens]: topInsetEnabled prop is not available on Android
04-06 02:28:31.589 18629 18629 W [RNScreens]: largeTitleHideShadow prop is not available on Android
04-06 02:28:31.589 18629 18629 W [RNScreens]: largeTitleFontWeight prop is not available on Android
04-06 02:28:31.589 18629 18629 W [RNScreens]: userInterfaceStyle prop is not available on Android
04-06 02:28:31.589 18629 18629 W [RNScreens]: largeTitleFontFamily prop is not available on Android
04-06 02:28:31.607 18629 18681 D OpenGLRenderer: setSurface called with nullptr
04-06 02:28:31.695 18629 18629 W UiControllerImpl: Waiting for: DYNAMIC_TASKS_HAVE_IDLED for 200 iterations.
04-06 02:28:33.086 18629 18629 W UiControllerImpl: Waiting for: DYNAMIC_TASKS_HAVE_IDLED for 300 iterations.
04-06 02:28:34.256 18629 18785 D ProfileInstaller: Installing profile for com.evolucao.app
04-06 02:28:34.512 18629 18629 W UiControllerImpl: Waiting for: DYNAMIC_TASKS_HAVE_IDLED for 400 iterations.
04-06 02:28:35.383 18629 18629 I Detox   : Wait is over: App is now idle!
04-06 02:28:35.384 18629 18661 I DetoxWSClient: Sending out action 'ready' (ID #-1000)
04-06 02:28:35.384 18629 18661 I DetoxDispatcher: Done with action 'isReady'
04-06 02:28:35.392 18629 18665 D DetoxWSClient: Received action 'invoke' (ID #1, params={"target":{"type":"Class","value":"com.wix.detox.espresso.EspressoDetox"},"method":"setSynchronization","args":[{"type":"boolean","value":false}]})
04-06 02:28:35.393 18629 18661 I DetoxDispatcher: Handling action 'invoke' (ID #1)...
04-06 02:28:35.416 18629 18661 D Detox   : class com.wix.detox.espresso.EspressoDetox, setSynchronization, [false]
04-06 02:28:35.429 18629 18661 D IdlingRegistry: Unregistering idling resources: [com.wix.detox.reactnative.idlingresources.timers.FabricTimersIdlingResource@72508d7]
04-06 02:28:35.431 18629 18661 D IdlingRegistry: Unregistering idling resources: [com.wix.detox.reactnat