--------- beginning of main
04-06 12:03:58.381 31683 31683 I om.evolucao.app: Late-enabling -Xcheck:jni
04-06 12:03:58.406 31683 31683 I om.evolucao.app: Using CollectorTypeCC GC.
04-06 12:03:58.433 31683 31683 D ActivityThread: setConscryptValidator
04-06 12:03:58.433 31683 31683 D ActivityThread: setConscryptValidator - put
04-06 12:03:58.450 31683 31683 D CompatibilityChangeReporter: Compat change id reported: 171979766; UID 10557; state: ENABLED
--------- beginning of system
04-06 12:03:58.456 31683 31683 W ActivityThread: Package uses different ABI(s) than its instrumentation: package[com.evolucao.app]: arm64-v8a, null instrumentation[com.evolucao.app.test]: null, null
04-06 12:03:58.458 31683 31683 W om.evolucao.app: ClassLoaderContext classpath size mismatch. expected=0, found=1 (PCL[] | PCL[/system/framework/android.test.runner.jar*2256426886])
04-06 12:03:58.460 31683 31683 W om.evolucao.app: ClassLoaderContext classpath size mismatch. expected=0, found=2 (PCL[] | PCL[/system/framework/android.test.runner.jar*2256426886:/system/framework/android.test.mock.jar*2695051129])
04-06 12:03:58.462 31683 31683 W ziparchive: Unable to open '/data/app/~~mctyHqYKVd2pRLBT0gNifQ==/com.evolucao.app.test-j4FO5knC2i0C9oxdhuXeuA==/base.dm': No such file or directory
04-06 12:03:58.462 31683 31683 W ziparchive: Unable to open '/data/app/~~mctyHqYKVd2pRLBT0gNifQ==/com.evolucao.app.test-j4FO5knC2i0C9oxdhuXeuA==/base.dm': No such file or directory
04-06 12:03:58.543 31683 31683 W ziparchive: Unable to open '/data/app/~~uMeqnhMNbKGRxfMl3w9I3w==/com.evolucao.app-Ym-Jof82WtIX7QY0pQK5Ug==/base.dm': No such file or directory
04-06 12:03:58.543 31683 31683 W ziparchive: Unable to open '/data/app/~~uMeqnhMNbKGRxfMl3w9I3w==/com.evolucao.app-Ym-Jof82WtIX7QY0pQK5Ug==/base.dm': No such file or directory
04-06 12:03:58.865 31683 31683 D nativeloader: Configuring classloader-namespace for other apk /system/framework/android.test.runner.jar:/system/framework/android.test.mock.jar:/system/framework/android.test.base.jar:/data/app/~~mctyHqYKVd2pRLBT0gNifQ==/com.evolucao.app.test-j4FO5knC2i0C9oxdhuXeuA==/base.apk:/data/app/~~uMeqnhMNbKGRxfMl3w9I3w==/com.evolucao.app-Ym-Jof82WtIX7QY0pQK5Ug==/base.apk. target_sdk_version=36, uses_libraries=, library_path=/data/app/~~mctyHqYKVd2pRLBT0gNifQ==/com.evolucao.app.test-j4FO5knC2i0C9oxdhuXeuA==/lib/arm64:/data/app/~~uMeqnhMNbKGRxfMl3w9I3w==/com.evolucao.app-Ym-Jof82WtIX7QY0pQK5Ug==/lib/arm64:/data/app/~~mctyHqYKVd2pRLBT0gNifQ==/com.evolucao.app.test-j4FO5knC2i0C9oxdhuXeuA==/base.apk!/lib/arm64-v8a:/data/app/~~uMeqnhMNbKGRxfMl3w9I3w==/com.evolucao.app-Ym-Jof82WtIX7QY0pQK5Ug==/base.apk!/lib/arm64-v8a, permitted_path=/data:/mnt/expand:/data/user/0/com.evolucao.app
04-06 12:03:58.880 31683 31683 V GraphicsEnvironment: ANGLE Developer option for 'com.evolucao.app' set to: 'default'
04-06 12:03:58.881 31683 31683 V GraphicsEnvironment: ANGLE GameManagerService for com.evolucao.app: false
04-06 12:03:58.881 31683 31683 V GraphicsEnvironment: App is not on the allowlist for updatable production driver.
04-06 12:03:58.886 31683 31683 D ApplicationLoaders: Returning zygote-cached class loader: /system/framework/android.test.base.jar
04-06 12:03:58.888 31683 31683 D nativeloader: Configuring classloader-namespace for other apk /system/framework/android.test.mock.jar. target_sdk_version=36, uses_libraries=ALL, library_path=/data/app/~~mctyHqYKVd2pRLBT0gNifQ==/com.evolucao.app.test-j4FO5knC2i0C9oxdhuXeuA==/lib/arm64:/data/app/~~uMeqnhMNbKGRxfMl3w9I3w==/com.evolucao.app-Ym-Jof82WtIX7QY0pQK5Ug==/lib/arm64, permitted_path=/data:/mnt/expand
04-06 12:03:58.888 31683 31683 D nativeloader: Extending system_exposed_libraries: libhumantracking.arcsoft.so:libPortraitDistortionCorrection.arcsoft.so:libPortraitDistortionCorrectionCali.arcsoft.so:libface_landmark.arcsoft.so:libFacialStickerEngine.arcsoft.so:libveengine.arcsoft.so:lib_pet_detection.arcsoft.so:libhigh_res.arcsoft.so:libimage_enhancement.arcsoft.so:liblow_light_hdr.arcsoft.so:libhigh_dynamic_range.arcsoft.so:libsuperresolution.arcsoft.so:libobjectcapture_jni.arcsoft.so:libobjectcapture_jni.arcsoft.so:libobjectcapture.arcsoft.so:libFacialAttributeDetection.arcsoft.so:libBeauty_v4.camera.samsung.so:libexifa.camera.samsung.so:libjpega.camera.samsung.so:libOpenCv.camera.samsung.so:libVideoClassifier.camera.samsung.so:libtensorflowLite.dynamic_viewing.camera.samsung.so:libImageScreener.camera.samsung.so:libMyFilter.camera.samsung.so:libtflite2.myfilters.camera.samsung.so:libHIDTSnapJNI.camera.samsung.so:libSmartScan.camera.samsung.so:libRectify.camera.samsung.so:libDocRectifyWrapper.camera.samsung.so:libUltraWideDistortionCorrection.camera.
04-06 12:03:58.891 31683 31683 D ApplicationLoaders: Returning zygote-cached class loader: /system/framework/android.test.base.jar
04-06 12:03:58.892 31683 31683 W om.evolucao.app: ClassLoaderContext shared library size mismatch. Expected=0, found=2 (PCL[] | PCL[]{PCL[/system/framework/android.test.base.jar*1628045882]#PCL[/system/framework/android.test.mock.jar*2695051129]})
04-06 12:03:58.893 31683 31683 D nativeloader: Configuring classloader-namespace for other apk /system/framework/android.test.runner.jar. target_sdk_version=36, uses_libraries=ALL, library_path=/data/app/~~mctyHqYKVd2pRLBT0gNifQ==/com.evolucao.app.test-j4FO5knC2i0C9oxdhuXeuA==/lib/arm64:/data/app/~~uMeqnhMNbKGRxfMl3w9I3w==/com.evolucao.app-Ym-Jof82WtIX7QY0pQK5Ug==/lib/arm64, permitted_path=/data:/mnt/expand
04-06 12:03:58.893 31683 31683 D nativeloader: Extending system_exposed_libraries: libhumantracking.arcsoft.so:libPortraitDistortionCorrection.arcsoft.so:libPortraitDistortionCorrectionCali.arcsoft.so:libface_landmark.arcsoft.so:libFacialStickerEngine.arcsoft.so:libveengine.arcsoft.so:lib_pet_detection.arcsoft.so:libhigh_res.arcsoft.so:libimage_enhancement.arcsoft.so:liblow_light_hdr.arcsoft.so:libhigh_dynamic_range.arcsoft.so:libsuperresolution.arcsoft.so:libobjectcapture_jni.arcsoft.so:libobjectcapture_jni.arcsoft.so:libobjectcapture.arcsoft.so:libFacialAttributeDetection.arcsoft.so:libBeauty_v4.camera.samsung.so:libexifa.camera.samsung.so:libjpega.camera.samsung.so:libOpenCv.camera.samsung.so:libVideoClassifier.camera.samsung.so:libtensorflowLite.dynamic_viewing.camera.samsung.so:libImageScreener.camera.samsung.so:libMyFilter.camera.samsung.so:libtflite2.myfilters.camera.samsung.so:libHIDTSnapJNI.camera.samsung.so:libSmartScan.camera.samsung.so:libRectify.camera.samsung.so:libDocRectifyWrapper.camera.samsung.so:libUltraWideDistortionCorrection.camera.
04-06 12:03:58.896 31683 31683 W om.evolucao.app: ClassLoaderContext shared library size mismatch. Expected=0, found=3 (PCL[] | PCL[]{PCL[/system/framework/android.test.base.jar*1628045882]#PCL[/system/framework/android.test.mock.jar*2695051129]#PCL[/system/framework/android.test.runner.jar*2256426886]{PCL[/system/framework/android.test.base.jar*1628045882]#PCL[/system/framework/android.test.mock.jar*2695051129]}};PCL[/system/framework/android.test.runner.jar*2256426886:/system/framework/android.test.mock.jar*2695051129:/system/framework/android.test.base.jar*1628045882:/data/app/~~mctyHqYKVd2pRLBT0gNifQ==/com.evolucao.app.test-j4FO5knC2i0C9oxdhuXeuA==/base.apk*2272993428:/data/app/~~mctyHqYKVd2pRLBT0gNifQ==/com.evolucao.app.test-j4FO5knC2i0C9oxdhuXeuA==/base.apk!classes2.dex*714357168:/data/app/~~mctyHqYKVd2pRLBT0gNifQ==/com.evolucao.app.test-j4FO5knC2i0C9oxdhuXeuA==/base.apk!classes3.dex*1380987315:/data/app/~~mctyHqYKVd2pRLBT0gNifQ==/com.evolucao.app.test-j4FO5knC2i0C9oxdhuXeuA==/base.apk!classes4.dex*3771904477:/data/app/~~mctyHqYKVd2pRLBT0gNifQ==/com.evolucao.app.test-j4FO5knC2i0C9oxdhuXeuA==/base.apk!classes5.dex*2127157885:/data/app/~~mctyHqYKVd2pRLBT0gNifQ==/com.evolucao.app.test-j4FO5knC2i0C9oxdhuXeuA==/base.apk!classes6.dex*971414087:/data/app/~~mctyHqYKVd2pRLBT0gNifQ==/com.evolucao.app.test-j4FO5knC2i0C9oxdhuXeuA==/base.apk!classes7.dex*742752503:/data/app/~~mctyHqYKVd2pRLBT0gNifQ==/com.evolucao.app.test-j4FO5knC2i0C9oxdhuXeuA==/base.apk!classes8.dex*388434936:/data/app/~~mctyHqYKVd2pRLBT0gNifQ==/com.evolucao.app.test-j4FO5knC2i0C9oxdhuXeuA==/base.apk!classes9.dex*209335023:/data/app/~~mctyHqYKVd2pRLBT0gNifQ==/com.evolucao.app.test-j4FO5knC2i0C9oxdhuXeuA==/base.apk!classes10.dex*2871199926:/data/app/~~mctyHqYKVd2pRLBT0gNifQ==/com.evolucao.app.test-j4FO5knC2i0C9oxdhuXeuA==/base.apk!classes11.dex*3957027005:/data/app/~~mctyHqYKVd2pRLBT0gNifQ==/com.evolucao.app.test-j4FO5knC2i0C9oxdhuXeuA==/base.apk!classes12.dex*914099516:/data/app/~~mctyHqYKVd2pRLBT0gNifQ==/com.evolucao.app.test-j4FO5knC2i0C9oxdhuXeuA==/base.apk!classes13.dex*4108993750:/data/app/~~mctyHqYKVd2pRLBT0gNifQ==/com.evolucao.app.test-j4FO5knC2i0C9oxdhuXeuA==/base.apk!classes14.dex*1632137592:/data/app/~~mctyHqYKVd2pRLBT0gNifQ==/com.evolucao.app.test-j4FO5knC2i0C9oxdhuXeuA==/base.apk!classes15.dex*1757943310:/data/app/~~mctyHqYKVd2pRLBT0gNifQ==/com.evolucao.app.test-j4FO5knC2i0C9oxdhuXeuA==/base.apk!classes16.dex*931013159:/data/app/~~mctyHqYKVd2pRLBT0gNifQ==/com.evolucao.app.test-j4FO5knC2i0C9oxdhuXeuA==/base.apk!classes17.dex*2782462504:/data/app/~~mctyHqYKVd2pRLBT0gNifQ==/com.evolucao.app.test-j4FO5knC2i0C9oxdhuXeuA==/base.apk!classes18.dex*3468966139:/data/app/~~mctyHqYKVd2pRLBT0gNifQ==/com.evolucao.app.test-j4FO5knC2i0C9oxdhuXeuA==/base.apk!classes19.dex*2267436335:/data/app/~~uMeqnhMNbKGRxfMl3w9I3w==/com.evolucao.app-Ym-Jof82WtIX7QY0pQK5Ug==/base.apk*198750528:/data/app/~~uMeqnhMNbKGRxfMl3w9I3w==/com.evolucao.app-Ym-Jof82WtIX7QY0pQK5Ug==/base.apk!classes2.dex*1675103030:/data/app/~~uMeqnhMNbKGRxfMl3w9I3w==/com.evolucao.app-Ym-Jof82WtIX7QY0pQK5Ug==/base.apk!classes3.dex*1788775668:/data/app/~~uMeqnhMNbKGRxfMl3w9I3w==/com.evolucao.app-Ym-Jof82WtIX7QY0pQK5Ug==/base.apk!classes4.dex*2572157285:/data/app/~~uMeqnhMNbKGRxfMl3w9I3w==/com.evolucao.app-Ym-Jof82WtIX7QY0pQK5Ug==/base.apk!classes5.dex*3994030385:/data/app/~~uMeqnhMNbKGRxfMl3w9I3w==/com.evolucao.app-Ym-Jof82WtIX7QY0pQK5Ug==/base.apk!classes6.dex*1028875939:/data/app/~~uMeqnhMNbKGRxfMl3w9I3w==/com.evolucao.app-Ym-Jof82WtIX7QY0pQK5Ug==/base.apk!classes7.dex*2113616002:/data/app/~~uMeqnhMNbKGRxfMl3w9I3w==/com.evolucao.app-Ym-Jof82WtIX7QY0pQK5Ug==/base.apk!classes8.dex*3287389796:/data/app/~~uMeqnhMNbKGRxfMl3w9I3w==/com.evolucao.app-Ym-Jof82WtIX7QY0pQK5Ug==/base.apk!classes9.dex*2030025819:/data/app/~~uMeqnhMNbKGRxfMl3w9I3w==/com.evolucao.app-Ym-Jof82WtIX7QY0pQK5Ug==/base.apk!classes10.dex*1917680387:/data/app/~~uMeqnhMNbKGRxfMl3w9I3w==/com.evolucao.app-Ym-Jof82WtIX7QY0pQK5Ug==/base.apk!classes11.dex*152968521:/data/app/~~uMeqnhMNbKGRxfMl3w9I3w==/com.evolucao.app-Ym-Jof82WtIX7QY0pQK5Ug==/base.apk!cla
04-06 12:03:58.897 31683 31683 W om.evolucao.app: ClassLoaderContext classpath size mismatch. expected=0, found=1 (PCL[] | PCL[/system/framework/android.test.runner.jar*2256426886]{PCL[/system/framework/android.test.base.jar*1628045882]#PCL[/system/framework/android.test.mock.jar*2695051129]#PCL[/system/framework/android.test.runner.jar*2256426886]{PCL[/system/framework/android.test.base.jar*1628045882]#PCL[/system/framework/android.test.mock.jar*2695051129]}};PCL[/system/framework/android.test.runner.jar*2256426886:/system/framework/android.test.mock.jar*2695051129:/system/framework/android.test.base.jar*1628045882:/data/app/~~mctyHqYKVd2pRLBT0gNifQ==/com.evolucao.app.test-j4FO5knC2i0C9oxdhuXeuA==/base.apk*2272993428:/data/app/~~mctyHqYKVd2pRLBT0gNifQ==/com.evolucao.app.test-j4FO5knC2i0C9oxdhuXeuA==/base.apk!classes2.dex*714357168:/data/app/~~mctyHqYKVd2pRLBT0gNifQ==/com.evolucao.app.test-j4FO5knC2i0C9oxdhuXeuA==/base.apk!classes3.dex*1380987315:/data/app/~~mctyHqYKVd2pRLBT0gNifQ==/com.evolucao.app.test-j4FO5knC2i0C9oxdhuXeuA==/base.apk!classes4.dex*3771904477:/data/app/~~mctyHqYKVd2pRLBT0gNifQ==/com.evolucao.app.test-j4FO5knC2i0C9oxdhuXeuA==/base.apk!classes5.dex*2127157885:/data/app/~~mctyHqYKVd2pRLBT0gNifQ==/com.evolucao.app.test-j4FO5knC2i0C9oxdhuXeuA==/base.apk!classes6.dex*971414087:/data/app/~~mctyHqYKVd2pRLBT0gNifQ==/com.evolucao.app.test-j4FO5knC2i0C9oxdhuXeuA==/base.apk!classes7.dex*742752503:/data/app/~~mctyHqYKVd2pRLBT0gNifQ==/com.evolucao.app.test-j4FO5knC2i0C9oxdhuXeuA==/base.apk!classes8.dex*388434936:/data/app/~~mctyHqYKVd2pRLBT0gNifQ==/com.evolucao.app.test-j4FO5knC2i0C9oxdhuXeuA==/base.apk!classes9.dex*209335023:/data/app/~~mctyHqYKVd2pRLBT0gNifQ==/com.evolucao.app.test-j4FO5knC2i0C9oxdhuXeuA==/base.apk!classes10.dex*2871199926:/data/app/~~mctyHqYKVd2pRLBT0gNifQ==/com.evolucao.app.test-j4FO5knC2i0C9oxdhuXeuA==/base.apk!classes11.dex*3957027005:/data/app/~~mctyHqYKVd2pRLBT0gNifQ==/com.evolucao.app.test-j4FO5knC2i0C9oxdhuXeuA==/base.apk!classes12.dex*914099516:/data/app/~~mctyHqYKVd2pRLBT0gNifQ==/com.evolucao.app.test-j4FO5knC2i0C9oxdhuXeuA==/base.apk!classes13.dex*4108993750:/data/app/~~mctyHqYKVd2pRLBT0gNifQ==/com.evolucao.app.test-j4FO5knC2i0C9oxdhuXeuA==/base.apk!classes14.dex*1632137592:/data/app/~~mctyHqYKVd2pRLBT0gNifQ==/com.evolucao.app.test-j4FO5knC2i0C9oxdhuXeuA==/base.apk!classes15.dex*1757943310:/data/app/~~mctyHqYKVd2pRLBT0gNifQ==/com.evolucao.app.test-j4FO5knC2i0C9oxdhuXeuA==/base.apk!classes16.dex*931013159:/data/app/~~mctyHqYKVd2pRLBT0gNifQ==/com.evolucao.app.test-j4FO5knC2i0C9oxdhuXeuA==/base.apk!classes17.dex*2782462504:/data/app/~~mctyHqYKVd2pRLBT0gNifQ==/com.evolucao.app.test-j4FO5knC2i0C9oxdhuXeuA==/base.apk!classes18.dex*3468966139:/data/app/~~mctyHqYKVd2pRLBT0gNifQ==/com.evolucao.app.test-j4FO5knC2i0C9oxdhuXeuA==/base.apk!classes19.dex*2267436335:/data/app/~~uMeqnhMNbKGRxfMl3w9I3w==/com.evolucao.app-Ym-Jof82WtIX7QY0pQK5Ug==/base.apk*198750528:/data/app/~~uMeqnhMNbKGRxfMl3w9I3w==/com.evolucao.app-Ym-Jof82WtIX7QY0pQK5Ug==/base.apk!classes2.dex*1675103030:/data/app/~~uMeqnhMNbKGRxfMl3w9I3w==/com.evolucao.app-Ym-Jof82WtIX7QY0pQK5Ug==/base.apk!classes3.dex*1788775668:/data/app/~~uMeqnhMNbKGRxfMl3w9I3w==/com.evolucao.app-Ym-Jof82WtIX7QY0pQK5Ug==/base.apk!classes4.dex*2572157285:/data/app/~~uMeqnhMNbKGRxfMl3w9I3w==/com.evolucao.app-Ym-Jof82WtIX7QY0pQK5Ug==/base.apk!classes5.dex*3994030385:/data/app/~~uMeqnhMNbKGRxfMl3w9I3w==/com.evolucao.app-Ym-Jof82WtIX7QY0pQK5Ug==/base.apk!classes6.dex*1028875939:/data/app/~~uMeqnhMNbKGRxfMl3w9I3w==/com.evolucao.app-Ym-Jof82WtIX7QY0pQK5Ug==/base.apk!classes7.dex*2113616002:/data/app/~~uMeqnhMNbKGRxfMl3w9I3w==/com.evolucao.app-Ym-Jof82WtIX7QY0pQK5Ug==/base.apk!classes8.dex*3287389796:/data/app/~~uMeqnhMNbKGRxfMl3w9I3w==/com.evolucao.app-Ym-Jof82WtIX7QY0pQK5Ug==/base.apk!classes9.dex*2030025819:/data/app/~~uMeqnhMNbKGRxfMl3w9I3w==/com.evolucao.app-Ym-Jof82WtIX7QY0pQK5Ug==/base.apk!classes10.dex*1917680387:/data/app/~~uMeqnhMNbKGRxfMl3w9I3w==/com.evolucao.app-Ym-Jof82WtIX7QY0pQK5Ug==/base.apk!classes11.dex*152968521:/data/app/~~uMeqnhMNbKGRxfMl3w9I3w==/com.evo
04-06 12:03:58.899 31683 31683 W om.evolucao.app: ClassLoaderContext classpath size mismatch. expected=0, found=2 (PCL[] | PCL[/system/framework/android.test.runner.jar*2256426886:/system/framework/android.test.mock.jar*2695051129]{PCL[/system/framework/android.test.base.jar*1628045882]#PCL[/system/framework/android.test.mock.jar*2695051129]#PCL[/system/framework/android.test.runner.jar*2256426886]{PCL[/system/framework/android.test.base.jar*1628045882]#PCL[/system/framework/android.test.mock.jar*2695051129]}};PCL[/system/framework/android.test.runner.jar*2256426886:/system/framework/android.test.mock.jar*2695051129:/system/framework/android.test.base.jar*1628045882:/data/app/~~mctyHqYKVd2pRLBT0gNifQ==/com.evolucao.app.test-j4FO5knC2i0C9oxdhuXeuA==/base.apk*2272993428:/data/app/~~mctyHqYKVd2pRLBT0gNifQ==/com.evolucao.app.test-j4FO5knC2i0C9oxdhuXeuA==/base.apk!classes2.dex*714357168:/data/app/~~mctyHqYKVd2pRLBT0gNifQ==/com.evolucao.app.test-j4FO5knC2i0C9oxdhuXeuA==/base.apk!classes3.dex*1380987315:/data/app/~~mctyHqYKVd2pRLBT0gNifQ==/com.evolucao.app.test-j4FO5knC2i0C9oxdhuXeuA==/base.apk!classes4.dex*3771904477:/data/app/~~mctyHqYKVd2pRLBT0gNifQ==/com.evolucao.app.test-j4FO5knC2i0C9oxdhuXeuA==/base.apk!classes5.dex*2127157885:/data/app/~~mctyHqYKVd2pRLBT0gNifQ==/com.evolucao.app.test-j4FO5knC2i0C9oxdhuXeuA==/base.apk!classes6.dex*971414087:/data/app/~~mctyHqYKVd2pRLBT0gNifQ==/com.evolucao.app.test-j4FO5knC2i0C9oxdhuXeuA==/base.apk!classes7.dex*742752503:/data/app/~~mctyHqYKVd2pRLBT0gNifQ==/com.evolucao.app.test-j4FO5knC2i0C9oxdhuXeuA==/base.apk!classes8.dex*388434936:/data/app/~~mctyHqYKVd2pRLBT0gNifQ==/com.evolucao.app.test-j4FO5knC2i0C9oxdhuXeuA==/base.apk!classes9.dex*209335023:/data/app/~~mctyHqYKVd2pRLBT0gNifQ==/com.evolucao.app.test-j4FO5knC2i0C9oxdhuXeuA==/base.apk!classes10.dex*2871199926:/data/app/~~mctyHqYKVd2pRLBT0gNifQ==/com.evolucao.app.test-j4FO5knC2i0C9oxdhuXeuA==/base.apk!classes11.dex*3957027005:/data/app/~~mctyHqYKVd2pRLBT0gNifQ==/com.evolucao.app.test-j4FO5knC2i0C9oxdhuXeuA==/base.apk!classes12.dex*914099516:/data/app/~~mctyHqYKVd2pRLBT0gNifQ==/com.evolucao.app.test-j4FO5knC2i0C9oxdhuXeuA==/base.apk!classes13.dex*4108993750:/data/app/~~mctyHqYKVd2pRLBT0gNifQ==/com.evolucao.app.test-j4FO5knC2i0C9oxdhuXeuA==/base.apk!classes14.dex*1632137592:/data/app/~~mctyHqYKVd2pRLBT0gNifQ==/com.evolucao.app.test-j4FO5knC2i0C9oxdhuXeuA==/base.apk!classes15.dex*1757943310:/data/app/~~mctyHqYKVd2pRLBT0gNifQ==/com.evolucao.app.test-j4FO5knC2i0C9oxdhuXeuA==/base.apk!classes16.dex*931013159:/data/app/~~mctyHqYKVd2pRLBT0gNifQ==/com.evolucao.app.test-j4FO5knC2i0C9oxdhuXeuA==/base.apk!classes17.dex*2782462504:/data/app/~~mctyHqYKVd2pRLBT0gNifQ==/com.evolucao.app.test-j4FO5knC2i0C9oxdhuXeuA==/base.apk!classes18.dex*3468966139:/data/app/~~mctyHqYKVd2pRLBT0gNifQ==/com.evolucao.app.test-j4FO5knC2i0C9oxdhuXeuA==/base.apk!classes19.dex*2267436335:/data/app/~~uMeqnhMNbKGRxfMl3w9I3w==/com.evolucao.app-Ym-Jof82WtIX7QY0pQK5Ug==/base.apk*198750528:/data/app/~~uMeqnhMNbKGRxfMl3w9I3w==/com.evolucao.app-Ym-Jof82WtIX7QY0pQK5Ug==/base.apk!classes2.dex*1675103030:/data/app/~~uMeqnhMNbKGRxfMl3w9I3w==/com.evolucao.app-Ym-Jof82WtIX7QY0pQK5Ug==/base.apk!classes3.dex*1788775668:/data/app/~~uMeqnhMNbKGRxfMl3w9I3w==/com.evolucao.app-Ym-Jof82WtIX7QY0pQK5Ug==/base.apk!classes4.dex*2572157285:/data/app/~~uMeqnhMNbKGRxfMl3w9I3w==/com.evolucao.app-Ym-Jof82WtIX7QY0pQK5Ug==/base.apk!classes5.dex*3994030385:/data/app/~~uMeqnhMNbKGRxfMl3w9I3w==/com.evolucao.app-Ym-Jof82WtIX7QY0pQK5Ug==/base.apk!classes6.dex*1028875939:/data/app/~~uMeqnhMNbKGRxfMl3w9I3w==/com.evolucao.app-Ym-Jof82WtIX7QY0pQK5Ug==/base.apk!classes7.dex*2113616002:/data/app/~~uMeqnhMNbKGRxfMl3w9I3w==/com.evolucao.app-Ym-Jof82WtIX7QY0pQK5Ug==/base.apk!classes8.dex*3287389796:/data/app/~~uMeqnhMNbKGRxfMl3w9I3w==/com.evolucao.app-Ym-Jof82WtIX7QY0pQK5Ug==/base.apk!classes9.dex*2030025819:/data/app/~~uMeqnhMNbKGRxfMl3w9I3w==/com.evolucao.app-Ym-Jof82WtIX7QY0pQK5Ug==/base.apk!classes10.dex*1917680387:/data/app/~~uMeqnhMNbKGRxfMl3w9I3w==/com.evolucao.app-Ym-Jof82WtIX7QY0pQK5Ug==/base.apk!classes11.dex*152
04-06 12:03:58.900 31683 31683 W ziparchive: Unable to open '/data/app/~~mctyHqYKVd2pRLBT0gNifQ==/com.evolucao.app.test-j4FO5knC2i0C9oxdhuXeuA==/base.dm': No such file or directory
04-06 12:03:58.900 31683 31683 W ziparchive: Unable to open '/data/app/~~mctyHqYKVd2pRLBT0gNifQ==/com.evolucao.app.test-j4FO5knC2i0C9oxdhuXeuA==/base.dm': No such file or directory
04-06 12:03:58.980 31683 31683 W ziparchive: Unable to open '/data/app/~~uMeqnhMNbKGRxfMl3w9I3w==/com.evolucao.app-Ym-Jof82WtIX7QY0pQK5Ug==/base.dm': No such file or directory
04-06 12:03:58.980 31683 31683 W ziparchive: Unable to open '/data/app/~~uMeqnhMNbKGRxfMl3w9I3w==/com.evolucao.app-Ym-Jof82WtIX7QY0pQK5Ug==/base.dm': No such file or directory
04-06 12:03:59.310 31683 31683 D NetworkSecurityConfig: No Network Security Config specified, using platform default
04-06 12:03:59.321 31683 31683 D NetworkSecurityConfig: No Network Security Config specified, using platform default
04-06 12:03:59.321 31683 31683 I AndroidJUnitRunner: newApplication com.evolucao.app.MainApplication
04-06 12:03:59.331 31683 31683 W FirebaseApp: Default FirebaseApp failed to initialize because no default options were found. This usually means that com.google.gms:google-services was not applied to your gradle project.
04-06 12:03:59.331 31683 31683 I FirebaseInitProvider: FirebaseApp initialization unsuccessful
04-06 12:03:59.353 31683 31683 I AndroidJUnitRunner: onCreate Bundle[mParcelledData.dataSize=240]
04-06 12:03:59.354 31683 31683 D AndroidJUnitRunner: Use the raw file system for managing file I/O.
04-06 12:03:59.360 31683 31683 V TestEventClient: No service name argument was given (testDiscoveryService, testRunEventService or orchestratorService)
04-06 12:03:59.362 31683 31713 D AndroidJUnitRunner: onStart is called.
04-06 12:03:59.365 31683 31683 W SoLoader: Initializing SoLoader: 0
04-06 12:03:59.367 31683 31683 W SoLoader: Recording new base apk path: /data/app/~~uMeqnhMNbKGRxfMl3w9I3w==/com.evolucao.app-Ym-Jof82WtIX7QY0pQK5Ug==/base.apk
04-06 12:03:59.367 31683 31683 W SoLoader: Previously recorded 0 base apk paths.
04-06 12:03:59.369 31683 31683 I SoLoader: Preparing SO source: DirectorySoSource[root = /vendor/lib64 flags = 2]
04-06 12:03:59.369 31683 31683 I SoLoader: Preparing SO source: DirectorySoSource[root = /system/lib64 flags = 2]
04-06 12:03:59.369 31683 31683 I SoLoader: Preparing SO source: DirectApkSoSource[root = [/data/app/~~uMeqnhMNbKGRxfMl3w9I3w==/com.evolucao.app-Ym-Jof82WtIX7QY0pQK5Ug==/base.apk!/lib/arm64-v8a]]
04-06 12:03:59.388 31683 31683 I SoLoader: Preparing SO source: ApplicationSoSource[DirectorySoSource[root = /data/app/~~uMeqnhMNbKGRxfMl3w9I3w==/com.evolucao.app-Ym-Jof82WtIX7QY0pQK5Ug==/lib/arm64 flags = 0]]
04-06 12:03:59.388 31683 31683 I SoLoader: init finish: 4 SO sources prepared
04-06 12:03:59.389 31683 31683 W SoLoader: SoLoader initialized: 8
04-06 12:03:59.411 31683 31683 D jni_lib_merge: Entering merged library JNI_OnLoad.
04-06 12:03:59.411 31683 31683 D jni_lib_merge: Preparing 12 pre-merged libs (including stub)
04-06 12:03:59.411 31683 31683 D jni_lib_merge: Preparing to register libfabricjni_so.  onload_func: 0x7037f03f38
04-06 12:03:59.411 31683 31683 D jni_lib_merge: Preparing to register libreact_devsupportjni_so.  onload_func: 0x703810c81c
04-06 12:03:59.411 31683 31683 D jni_lib_merge: Preparing to register libreact_featureflagsjni_so.  onload_func: 0x703811eb7c
04-06 12:03:59.411 31683 31683 D jni_lib_merge: Preparing to register libreact_newarchdefaults_so.  onload_func: 0x70381c3f24
04-06 12:03:59.411 31683 31683 D jni_lib_merge: Preparing to register libreactnativeblob_so.  onload_func: 0x70383d6088
04-06 12:03:59.411 31683 31683 D jni_lib_merge: Preparing to register libreactnativejni_so.  onload_func: 0x7038418ffc
04-06 12:03:59.411 31683 31683 D jni_lib_merge: Preparing to register libreactnativejni_common_so.  onload_func: 0x70384299f0
04-06 12:03:59.411 31683 31683 D jni_lib_merge: Preparing to register librninstance_so.  onload_func: 0x703846862c
04-06 12:03:59.411 31683 31683 D jni_lib_merge: Preparing to register libturbomodulejsijni_so.  onload_func: 0x70385c5734
04-06 12:03:59.411 31683 31683 D jni_lib_merge: Preparing to register libuimanagerjni_so.  onload_func: 0x70385de6e8
04-06 12:03:59.411 31683 31683 D jni_lib_merge: Preparing to register libyoga_so.  onload_func: 0x70385ee16c
04-06 12:03:59.411 31683 31683 D jni_lib_merge: About to register 11 actual methods.
04-06 12:03:59.418 31683 31683 D jni_lib_merge: Entering merged library JNI_OnLoad.
04-06 12:03:59.418 31683 31683 D jni_lib_merge: Preparing 12 pre-merged libs (including stub)
04-06 12:03:59.418 31683 31683 D jni_lib_merge: Preparing to register libfabricjni_so.  onload_func: 0x7037f03f38
04-06 12:03:59.418 31683 31683 D jni_lib_merge: Preparing to register libreact_devsupportjni_so.  onload_func: 0x703810c81c
04-06 12:03:59.418 31683 31683 D jni_lib_merge: Preparing to register libreact_featureflagsjni_so.  onload_func: 0x703811eb7c
04-06 12:03:59.418 31683 31683 D jni_lib_merge: Preparing to register libreact_newarchdefaults_so.  onload_func: 0x70381c3f24
04-06 12:03:59.418 31683 31683 D jni_lib_merge: Preparing to register libreactnativeblob_so.  onload_func: 0x70383d6088
04-06 12:03:59.418 31683 31683 D jni_lib_merge: Preparing to register libreactnativejni_so.  onload_func: 0x7038418ffc
04-06 12:03:59.418 31683 31683 D jni_lib_merge: Preparing to register libreactnativejni_common_so.  onload_func: 0x70384299f0
04-06 12:03:59.418 31683 31683 D jni_lib_merge: Preparing to register librninstance_so.  onload_func: 0x703846862c
04-06 12:03:59.418 31683 31683 D jni_lib_merge: Preparing to register libturbomodulejsijni_so.  onload_func: 0x70385c5734
04-06 12:03:59.418 31683 31683 D jni_lib_merge: Preparing to register libuimanagerjni_so.  onload_func: 0x70385de6e8
04-06 12:03:59.418 31683 31683 D jni_lib_merge: Preparing to register libyoga_so.  onload_func: 0x70385ee16c
04-06 12:03:59.418 31683 31683 D jni_lib_merge: About to register 11 actual methods.
04-06 12:03:59.506 31683 31713 D TestRequestBuilder: Using class path scanning to discover tests
04-06 12:03:59.507 31683 31713 I TestRequestBuilder: Scanning classpath to find tests in paths [/data/app/~~mctyHqYKVd2pRLBT0gNifQ==/com.evolucao.app.test-j4FO5knC2i0C9oxdhuXeuA==/base.apk]
04-06 12:03:59.507 31683 31713 W om.evolucao.app: Opening an oat file without a class loader. Are you using the deprecated DexFile APIs?
04-06 12:03:59.961 31683 31713 I TestRunner: run started: 1 tests
04-06 12:03:59.962 31683 31713 I TestRunner: started: runDetoxTests(com.evolucao.app.DetoxTest)
04-06 12:03:59.971 31683 31713 I Detox   : Detox server connection details: url=ws://localhost:52537, sessionId=5f064d91-857c-799b-0931-4a59f715eb2d
04-06 12:03:59.979 31683 31713 I Tracing : Tracer added: class androidx.test.platform.tracing.AndroidXTracer
04-06 12:03:59.997 31683 31713 W om.evolucao.app: Accessing hidden field Ljava/lang/reflect/Field;->accessFlags:I (unsupported, reflection, allowed)
04-06 12:03:59.999 31683 31713 I Detox   : Connecting to server...
04-06 12:03:59.999 31683 31713 I DetoxWSClient: At connectToServer
04-06 12:04:00.102 31683 31724 D TrafficStats: tagSocket(95) with statsTag=0xffffffff, statsUid=-1
04-06 12:04:00.128 31683 31724 D DetoxWSClient: At onOpen
04-06 12:04:00.128 31683 31724 I DetoxWSClient: Sending out action 'login' (ID #0)
04-06 12:04:00.129 31683 31724 I Detox   : Connected to server!
04-06 12:04:00.133 31683 31724 D DetoxWSClient: Received action 'loginSuccess' (ID #0, params={"testerConnected":true,"appConnected":true})
04-06 12:04:00.134 31683 31719 I DetoxDispatcher: Handling action 'loginSuccess' (ID #0)...
04-06 12:04:00.134 31683 31719 I DetoxDispatcher: Done with action 'loginSuccess'
04-06 12:04:00.134 31683 31713 I Detox   : Launching the tested activity!
04-06 12:04:00.176 31683 31724 D DetoxWSClient: Received action 'isReady' (ID #-1000, params={})
04-06 12:04:00.176 31683 31719 I DetoxDispatcher: Handling action 'isReady' (ID #-1000)...
04-06 12:04:00.190 31683 31737 D OpenGLRenderer: RenderThread::requireGlContext()
04-06 12:04:00.195 31683 31737 I AdrenoGLES-0: QUALCOMM build                   : db7e7066a2, I1fad33e957
04-06 12:04:00.195 31683 31737 I AdrenoGLES-0: Build Date                       : 05/11/25
04-06 12:04:00.195 31683 31737 I AdrenoGLES-0: OpenGL ES Shader Compiler Version: EV031.32.02.10
04-06 12:04:00.195 31683 31737 I AdrenoGLES-0: Local Branch                     : 
04-06 12:04:00.195 31683 31737 I AdrenoGLES-0: Remote Branch                    : refs/tags/AU_LINUX_ANDROID_LA.UM.9.12.11.00.00.582.697
04-06 12:04:00.195 31683 31737 I AdrenoGLES-0: Remote Branch                    : NONE
04-06 12:04:00.195 31683 31737 I AdrenoGLES-0: Reconstruct Branch               : NOTHING
04-06 12:04:00.196 31683 31737 I AdrenoGLES-0: Build Config                     : S P 10.0.7 AArch64
04-06 12:04:00.196 31683 31737 I AdrenoGLES-0: Driver Path                      : /vendor/lib64/egl/libGLESv2_adreno.so
04-06 12:04:00.213 31683 31737 I AdrenoGLES-0: PFP: 0x016dd093, ME: 0x00000000
04-06 12:04:00.220 31683 31737 D OpenGLRenderer: RenderThread::setGrContext()
04-06 12:04:00.232 31683 31683 D AppCompatDelegate: Checking for metadata for AppLocalesMetadataHolderService : Service not found
04-06 12:04:00.239 31683 31683 D LifecycleMonitor: Lifecycle status change: com.evolucao.app.MainActivity@36d1a3a in: PRE_ON_CREATE
04-06 12:04:00.288 31683 31683 D SensorManager: registerListener :: 11, LSM6DSO Accelerometer, 66667, 0, 
04-06 12:04:00.319 31683 31683 W unknown:BridgelessReact: ReactHost{0}.startSurface(surfaceId = 0): Schedule
04-06 12:04:00.319 31683 31683 W unknown:BridgelessReact: ReactHost{0}.attachSurface(surfaceId = 0)
04-06 12:04:00.319 31683 31757 D TrafficStats: tagSocket(107) with statsTag=0xffffffff, statsUid=-1
04-06 12:04:00.319 31683 31758 W unknown:BridgelessReact: ReactHost{0}.getOrCreateReactInstanceTask()
04-06 12:04:00.319 31683 31758 W unknown:BridgelessReact: ReactHost{0}.getOrCreateReactInstanceTask(): Start
04-06 12:04:00.320 31683 31758 D Detox.RNMarker: REACT_BRIDGELESS_LOADING_START (null)
04-06 12:04:00.320 31683 31758 W unknown:BridgelessReact: ReactHost{0}.getJSBundleLoader()
04-06 12:04:00.320 31683 31758 W unknown:BridgelessReact: ReactHost{0}.isMetroRunning()
04-06 12:04:00.322 31683 31759 D TrafficStats: tagSocket(109) with statsTag=0xffffffff, statsUid=-1
04-06 12:04:00.323 31683 31683 I DecorView: [INFO] isPopOver=false config=true
04-06 12:04:00.323 31683 31683 I DecorView: updateCaptionType: isFloating=false isApplication=true hasWindowDecorCaption=false this=DecorView@363d443[]
04-06 12:04:00.323 31683 31683 D DecorView: setCaptionType = 0, this = DecorView@363d443[]
04-06 12:04:00.328 31683 31683 I DecorView: getCurrentDensityDpi: from real metrics. densityDpi=480 msg=resources_loaded
04-06 12:04:00.328 31683 31683 I DecorView: setWindowBackground: isPopOver=false color=ff303030 d=android.graphics.drawable.ColorDrawable@de473f9
04-06 12:04:00.335 31683 31683 W om.evolucao.app: Accessing hidden method Landroid/view/ViewGroup;->makeOptionalFitsSystemWindows()V (unsupported, reflection, allowed)
04-06 12:04:00.339 31683 31683 D LifecycleMonitor: Lifecycle status change: com.evolucao.app.MainActivity@36d1a3a in: CREATED
04-06 12:04:00.340 31683 31683 D LifecycleMonitor: Lifecycle status change: com.evolucao.app.MainActivity@36d1a3a in: STARTED
04-06 12:04:00.342 31683 31683 W unknown:BridgelessReact: ReactHost{0}.onHostResume(activity)
04-06 12:04:00.342 31683 31683 W unknown:ReactNative: Packager connection already open, nooping.
04-06 12:04:00.342 31683 31683 D LifecycleMonitor: Lifecycle status change: com.evolucao.app.MainActivity@36d1a3a in: RESUMED
04-06 12:04:00.343 31683 31683 I MSHandlerLifeCycle: check: return. pkg=com.evolucao.app parent=null callers=com.android.internal.policy.DecorView.setVisibility:4412 android.app.ActivityThread.handleResumeActivity:5476 android.app.servertransaction.ResumeActivityItem.execute:54 android.app.servertransaction.ActivityTransactionItem.execute:45 android.app.servertransaction.TransactionExecutor.executeLifecycleState:176 
04-06 12:04:00.344 31683 31683 I MSHandlerLifeCycle: removeMultiSplitHandler: no exist. decor=DecorView@363d443[]
04-06 12:04:00.349 31683 31737 D NativeCustomFrequencyManager: [NativeCFMS] BpCustomFrequencyManager::BpCustomFrequencyManager()
04-06 12:04:00.351 31683 31683 I DecorView: notifyKeepScreenOnChanged: keepScreenOn=false
04-06 12:04:00.356 31683 31759 W unknown:BridgelessReact: ReactHost{0}.isMetroRunning(): Async result = true
04-06 12:04:00.356 31683 31683 D InsetsController: onStateChanged: InsetsState: {mDisplayFrame=Rect(0, 0 - 1080, 2400), mDisplayCutout=DisplayCutout{insets=Rect(0, 88 - 0, 0) waterfall=Insets{left=0, top=0, right=0, bottom=0} boundingRect={Bounds=[Rect(0, 0 - 0, 0), Rect(512, 0 - 568, 88), Rect(0, 0 - 0, 0), Rect(0, 0 - 0, 0)]} cutoutPathParserInfo={CutoutPathParserInfo{displayWidth=1080 displayHeight=2400 physicalDisplayWidth=1080 physicalDisplayHeight=2400 density={3.0} cutoutSpec={M 0,0 M 0,10.71963616907435 a 9.280363830925644,9.280363830925644 0 1,0 0,18.56072766185129 a 9.280363830925644,9.280363830925644 0 1,0 0,-18.56072766185129 Z @dp} rotation={0} scale={1.0} physicalPixelDisplaySizeRatio={1.0}}}}, mRoundedCorners=RoundedCorners{[RoundedCorner{position=TopLeft, radius=96, center=Point(96, 96)}, RoundedCorner{position=TopRight, radius=96, center=Point(984, 96)}, RoundedCorner{position=BottomRight, radius=96, center=Point(984, 2304)}, RoundedCorner{position=BottomLeft, radius=96, center=Point(96, 2304)}]}  mRoundedCornerFrame=Rect(0, 0 - 1080, 2400), mPrivacyIndicatorBounds=PrivacyIndicatorBounds {static bounds=Rect(948, 0 - 1080, 88) rotation=0}, mSources= { InsetsSource: {mType=ITYPE_STATUS_BAR, mFrame=[0,0][1080,88], mVisible=true, mInsetsRoundedCornerFrame=false}, InsetsSource: {mType=ITYPE_NAVIGATION_BAR, mFrame=[0,2256][1080,2400], mVisible=true, mInsetsRoundedCornerFrame=false}, InsetsSource: {mType=ITYPE_LEFT_GESTURES, mFrame=[0,0][0,2400], mVisible=true, mInsetsRoundedCornerFrame=false}, InsetsSource: {mType=ITYPE_RIGHT_GESTURES, mFrame=[1080,0][1080,2400], mVisible=true, mInsetsRoundedCornerFrame=false}, InsetsSource: {mType=ITYPE_TOP_MANDATORY_GESTURES, mFrame=[0,0][1080,124], mVisible=true, mInsetsRoundedCornerFrame=false}, InsetsSource: {mType=ITYPE_BOTTOM_MANDATORY_GESTURES, mFrame=[0,2256][1080,2400], mVisible=true, mInsetsRoundedCornerFrame=false}, InsetsSource: {mType=ITYPE_LEFT_DISPLAY_CUTOUT, mFrame=[0,0][-100000,2400], mVisible=true, mInsetsRoundedCornerFrame=false}, InsetsSource: {mType=ITYPE_TOP_DISPLAY_CUTOUT, mFrame=[0,0][1080,88], mVisible=true, mInsetsRoundedCornerFrame=false}, InsetsSource: {mType=ITYPE_RIGHT_DISPLAY_CUTOUT, mFrame=[100000,0][1080,2400], mVisible=true, mInsetsRoundedCornerFrame=false}, InsetsSource: {mType=ITYPE_BOTTOM_DISPLAY_CUTOUT, mFrame=[0,100000][1080,2400], mVisible=true, mInsetsRoundedCornerFrame=false}, InsetsSource: {mType=ITYPE_TOP_TAPPABLE_ELEMENT, mFrame=[0,0][1080,88], mVisible=true, mInsetsRoundedCornerFrame=false}, InsetsSource: {mType=ITYPE_BOTTOM_TAPPABLE_ELEMENT, mFrame=[0,2256][1080,2400], mVisible=true, mInsetsRoundedCornerFrame=false}, InsetsSource: {mType=ITYPE_IME, mFrame=[0,0][0,0], mVisibleFrame=[0,1374][1080,2400], mVisible=false, mInsetsRoundedCornerFrame=false} } host=com.evolucao.app/com.evolucao.app.MainActivity from=android.view.ViewRootImpl.setView:1732
04-06 12:04:00.356 31683 31758 W unknown:BridgelessReact: ReactHost{0}.loadJSBundleFromMetro()
04-06 12:04:00.357 31683 31758 D Detox.RNMarker: DOWNLOAD_START (null)
04-06 12:04:00.358 31683 31683 I ViewRootImpl@73623ee[MainActivity]: setView = com.android.internal.policy.DecorView@363d443 TM=false
04-06 12:04:00.359 31683 31683 I MSHandlerLifeCycle: removeMultiSplitHandler: no exist. decor=DecorView@363d443[MainActivity]
04-06 12:04:00.367 31683 31683 I ViewRootImpl@73623ee[MainActivity]: performTraversals params={(0,0)(fillxfill) sim={adjust=resize forwardNavigation} layoutInDisplayCutoutMode=always ty=BASE_APPLICATION wanim=0x1030309
04-06 12:04:00.367 31683 31683 I ViewRootImpl@73623ee[MainActivity]:   fl=81810100
04-06 12:04:00.367 31683 31683 I ViewRootImpl@73623ee[MainActivity]:   pfl=16020040
04-06 12:04:00.367 31683 31683 I ViewRootImpl@73623ee[MainActivity]:   vsysui=100
04-06 12:04:00.367 31683 31683 I ViewRootImpl@73623ee[MainActivity]:   bhv=DEFAULT
04-06 12:04:00.367 31683 31683 I ViewRootImpl@73623ee[MainActivity]:   fitSides= naviIconColor=0}
04-06 12:04:00.367 31683 31683 I ViewRootImpl@73623ee[MainActivity]: performTraversals mFirst=true windowShouldResize=true viewVisibilityChanged=false mForceNextWindowRelayout=false params={(0,0)(fillxfill) sim={adjust=resize forwardNavigation} layoutInDisplayCutoutMode=always ty=BASE_APPLICATION wanim=0x1030309
04-06 12:04:00.367 31683 31683 I ViewRootImpl@73623ee[MainActivity]:   fl=81810100
04-06 12:04:00.367 31683 31683 I ViewRootImpl@73623ee[MainActivity]:   pfl=16020040
04-06 12:04:00.367 31683 31683 I ViewRootImpl@73623ee[MainActivity]:   vsysui=100
04-06 12:04:00.367 31683 31683 I ViewRootImpl@73623ee[MainActivity]:   bhv=DEFAULT
04-06 12:04:00.367 31683 31683 I ViewRootImpl@73623ee[MainActivity]:   fitSides= naviIconColor=0}
04-06 12:04:00.374 31683 31683 I ViewRootImpl@73623ee[MainActivity]: updateBlastSurfaceIfNeeded mBlastBufferQueue=null isSameSurfaceControl=false
04-06 12:04:00.375 31683 31683 E BufferQueueProducer: Unable to open libpenguin.so: dlopen failed: library "libpenguin.so" not found.
04-06 12:04:00.375 31683 31683 I BLASTBufferQueue: new BLASTBufferQueue, mName= ViewRootImpl@73623ee[MainActivity] mNativeObject= 0xb4000070c2c34c00 sc.mNativeObject= 0xb4000070a0cf3d20 caller= android.view.ViewRootImpl.updateBlastSurfaceIfNeeded:2909 android.view.ViewRootImpl.relayoutWindow:9847 android.view.ViewRootImpl.performTraversals:3884 android.view.ViewRootImpl.doTraversal:3116 android.view.ViewRootImpl$TraversalRunnable.run:10885 android.view.Choreographer$CallbackRecord.run:1301 android.view.Choreographer$CallbackRecord.run:1309 android.view.Choreographer.doCallbacks:923 android.view.Choreographer.doFrame:852 android.view.Choreographer$FrameDisplayEventReceiver.run:1283 
04-06 12:04:00.375 31683 31683 I BLASTBufferQueue: update, w= 1080 h= 2400 mName = ViewRootImpl@73623ee[MainActivity] mNativeObject= 0xb4000070c2c34c00 sc.mNativeObject= 0xb4000070a0cf3d20 format= -1 caller= android.graphics.BLASTBufferQueue.<init>:84 android.view.ViewRootImpl.updateBlastSurfaceIfNeeded:2909 android.view.ViewRootImpl.relayoutWindow:9847 android.view.ViewRootImpl.performTraversals:3884 android.view.ViewRootImpl.doTraversal:3116 android.view.ViewRootImpl$TraversalRunnable.run:10885 
04-06 12:04:00.375 31683 31683 I ViewRootImpl@73623ee[MainActivity]: Relayout returned: old=(0,0,1080,2400) new=(0,0,1080,2400) req=(1080,2400)0 dur=7 res=0x3 s={true 0xb4000070b13df000} ch=true seqId=0
04-06 12:04:00.376 31683 31683 I ViewRootImpl@73623ee[MainActivity]: mThreadedRenderer.initialize() mSurface={isValid=true 0xb4000070b13df000} hwInitialized=true
04-06 12:04:00.378 31683 31683 I ViewRootImpl@73623ee[MainActivity]: reportNextDraw android.view.ViewRootImpl.performTraversals:4438 android.view.ViewRootImpl.doTraversal:3116 android.view.ViewRootImpl$TraversalRunnable.run:10885 android.view.Choreographer$CallbackRecord.run:1301 android.view.Choreographer$CallbackRecord.run:1309 
04-06 12:04:00.378 31683 31683 I ViewRootImpl@73623ee[MainActivity]: Setup new sync id=0
04-06 12:04:00.378 31683 31683 I ViewRootImpl@73623ee[MainActivity]: Setting syncFrameCallback
04-06 12:04:00.378 31683 31683 I ViewRootImpl@73623ee[MainActivity]: registerCallbacksForSync syncBuffer=false
04-06 12:04:00.378 31683 31737 D OpenGLRenderer: eglCreateWindowSurface
04-06 12:04:00.380 31683 31761 I ViewRootImpl@73623ee[MainActivity]: Received frameDrawingCallback syncResult=0 frameNum=1.
04-06 12:04:00.380 31683 31761 I ViewRootImpl@73623ee[MainActivity]: Setting up sync and frameCommitCallback
04-06 12:04:00.396 31683 31737 I BLASTBufferQueue: [ViewRootImpl@73623ee[MainActivity]#0](f:0,a:0) onFrameAvailable the first frame is available
04-06 12:04:00.396 31683 31737 I ViewRootImpl@73623ee[MainActivity]: Received frameCommittedCallback lastAttemptedDrawFrameNum=1 didProduceBuffer=true
04-06 12:04:00.397 31683 31737 D OpenGLRenderer: CFMS:: SetUp Pid : 31683    Tid : 31737
04-06 12:04:00.398 31683 31737 W Parcel  : Expecting binder but got null!
04-06 12:04:00.399 31683 31683 I ViewRootImpl@73623ee[MainActivity]: onSyncComplete
04-06 12:04:00.399 31683 31683 I ViewRootImpl@73623ee[MainActivity]: setupSync seqId=0 mSyncId=0 fn=1 caller=android.view.ViewRootImpl$$ExternalSyntheticLambda11.accept:6 android.window.SurfaceSyncer.lambda$setupSync$1$android-window-SurfaceSyncer:128 android.window.SurfaceSyncer$$ExternalSyntheticLambda1.accept:8 android.window.SurfaceSyncer$SyncSet.checkIfSyncIsComplete:382 android.window.SurfaceSyncer$SyncSet.markSyncReady:359 android.window.SurfaceSyncer.markSyncReady:151 android.view.ViewRootImpl.performTraversals:4503 
04-06 12:04:00.399 31683 31683 I ViewRootImpl@73623ee[MainActivity]: reportDrawFinished seqId=0 mSyncId=-1 fn=1 mSurfaceChangedTransaction=0xb4000070c2c3c000
04-06 12:04:00.402 31683 31683 D CompatibilityChangeReporter: Compat change id reported: 210923482; UID 10557; state: ENABLED
04-06 12:04:00.408 31683 31737 D NativeCustomFrequencyManager: [NativeCFMS] BpCustomFrequencyManager::BpCustomFrequencyManager()
04-06 12:04:00.411 31683 31683 D InsetsController: onStateChanged: InsetsState: {mDisplayFrame=Rect(0, 0 - 1080, 2400), mDisplayCutout=DisplayCutout{insets=Rect(0, 88 - 0, 0) waterfall=Insets{left=0, top=0, right=0, bottom=0} boundingRect={Bounds=[Rect(0, 0 - 0, 0), Rect(512, 0 - 568, 88), Rect(0, 0 - 0, 0), Rect(0, 0 - 0, 0)]} cutoutPathParserInfo={CutoutPathParserInfo{displayWidth=1080 displayHeight=2400 physicalDisplayWidth=1080 physicalDisplayHeight=2400 density={3.0} cutoutSpec={M 0,0 M 0,10.71963616907435 a 9.280363830925644,9.280363830925644 0 1,0 0,18.56072766185129 a 9.280363830925644,9.280363830925644 0 1,0 0,-18.56072766185129 Z @dp} rotation={0} scale={1.0} physicalPixelDisplaySizeRatio={1.0}}}}, mRoundedCorners=RoundedCorners{[RoundedCorner{position=TopLeft, radius=96, center=Point(96, 96)}, RoundedCorner{position=TopRight, radius=96, center=Point(984, 96)}, RoundedCorner{position=BottomRight, radius=96, center=Point(984, 2304)}, RoundedCorner{position=BottomLeft, radius=96, center=Point(96, 2304)}]}  mRoundedCornerFrame=Rect(0, 0 - 1080, 2400), mPrivacyIndicatorBounds=PrivacyIndicatorBounds {static bounds=Rect(948, 0 - 1080, 88) rotation=0}, mSources= { InsetsSource: {mType=ITYPE_STATUS_BAR, mFrame=[0,0][1080,88], mVisible=true, mInsetsRoundedCornerFrame=false}, InsetsSource: {mType=ITYPE_NAVIGATION_BAR, mFrame=[0,2256][1080,2400], mVisible=true, mInsetsRoundedCornerFrame=false}, InsetsSource: {mType=ITYPE_LEFT_GESTURES, mFrame=[0,0][0,2400], mVisible=true, mInsetsRoundedCornerFrame=false}, InsetsSource: {mType=ITYPE_RIGHT_GESTURES, mFrame=[1080,0][1080,2400], mVisible=true, mInsetsRoundedCornerFrame=false}, InsetsSource: {mType=ITYPE_TOP_MANDATORY_GESTURES, mFrame=[0,0][1080,124], mVisible=true, mInsetsRoundedCornerFrame=false}, InsetsSource: {mType=ITYPE_BOTTOM_MANDATORY_GESTURES, mFrame=[0,2256][1080,2400], mVisible=true, mInsetsRoundedCornerFrame=false}, InsetsSource: {mType=ITYPE_LEFT_DISPLAY_CUTOUT, mFrame=[0,0][-100000,2400], mVisible=true, mInsetsRoundedCornerFrame=false}, InsetsSource: {mType=ITYPE_TOP_DISPLAY_CUTOUT, mFrame=[0,0][1080,88], mVisible=true, mInsetsRoundedCornerFrame=false}, InsetsSource: {mType=ITYPE_RIGHT_DISPLAY_CUTOUT, mFrame=[100000,0][1080,2400], mVisible=true, mInsetsRoundedCornerFrame=false}, InsetsSource: {mType=ITYPE_BOTTOM_DISPLAY_CUTOUT, mFrame=[0,100000][1080,2400], mVisible=true, mInsetsRoundedCornerFrame=false}, InsetsSource: {mType=ITYPE_TOP_TAPPABLE_ELEMENT, mFrame=[0,0][1080,88], mVisible=true, mInsetsRoundedCornerFrame=false}, InsetsSource: {mType=ITYPE_BOTTOM_TAPPABLE_ELEMENT, mFrame=[0,2256][1080,2400], mVisible=true, mInsetsRoundedCornerFrame=false}, InsetsSource: {mType=ITYPE_IME, mFrame=[0,0][0,0], mVisibleFrame=[0,1374][1080,2400], mVisible=false, mInsetsRoundedCornerFrame=false} } host=PopupWindow:b19674c from=android.view.ViewRootImpl.setView:1732
04-06 12:04:00.412 31683 31683 I ViewRootImpl@8125395[PopupWindow:b19674c]: setView = android.widget.PopupWindow$PopupDecorView@2919411 TM=false
04-06 12:04:00.415 31683 31683 I ViewRootImpl@8125395[PopupWindow:b19674c]: performTraversals params={(0,88)(fillxwrap) gr=TOP START CENTER sim={state=unchanged adjust=pan} ty=APPLICATION_PANEL fmt=TRANSLUCENT surfaceInsets=Rect(0, 0 - 0, 0) (manual)
04-06 12:04:00.415 31683 31683 I ViewRootImpl@8125395[PopupWindow:b19674c]:   fl=41800008
04-06 12:04:00.415 31683 31683 I ViewRootImpl@8125395[PopupWindow:b19674c]:   pfl=42018000
04-06 12:04:00.415 31683 31683 I ViewRootImpl@8125395[PopupWindow:b19674c]:   bhv=DEFAULT
04-06 12:04:00.415 31683 31683 I ViewRootImpl@8125395[PopupWindow:b19674c]:   fitTypes=STATUS_BARS NAVIGATION_BARS CAPTION_BAR naviIconColor=0
04-06 12:04:00.415 31683 31683 I ViewRootImpl@8125395[PopupWindow:b19674c]:   sfl=20000}
04-06 12:04:00.416 31683 31683 I ViewRootImpl@8125395[PopupWindow:b19674c]: performTraversals mFirst=true windowShouldResize=true viewVisibilityChanged=false mForceNextWindowRelayout=false params={(0,88)(fillxwrap) gr=TOP START CENTER sim={state=unchanged adjust=pan} ty=APPLICATION_PANEL fmt=TRANSLUCENT surfaceInsets=Rect(0, 0 - 0, 0) (manual)
04-06 12:04:00.416 31683 31683 I ViewRootImpl@8125395[PopupWindow:b19674c]:   fl=41800008
04-06 12:04:00.416 31683 31683 I ViewRootImpl@8125395[PopupWindow:b19674c]:   pfl=42018000
04-06 12:04:00.416 31683 31683 I ViewRootImpl@8125395[PopupWindow:b19674c]:   bhv=DEFAULT
04-06 12:04:00.416 31683 31683 I ViewRootImpl@8125395[PopupWindow:b19674c]:   fitTypes=STATUS_BARS NAVIGATION_BARS CAPTION_BAR naviIconColor=0
04-06 12:04:00.416 31683 31683 I ViewRootImpl@8125395[PopupWindow:b19674c]:   sfl=20000}
04-06 12:04:00.419 31683 31700 I ViewRootImpl@8125395[PopupWindow:b19674c]: Resizing android.view.ViewRootImpl@93f6976: frame = [0,88][1080,167] reportDraw = true forceLayout = false syncSeqId = 0
04-06 12:04:00.420 31683 31683 I ViewRootImpl@8125395[PopupWindow:b19674c]: updateBlastSurfaceIfNeeded mBlastBufferQueue=null isSameSurfaceControl=false
04-06 12:04:00.420 31683 31683 I BLASTBufferQueue: new BLASTBufferQueue, mName= ViewRootImpl@8125395[PopupWindow:b19674c] mNativeObject= 0xb4000070c2d1c580 sc.mNativeObject= 0xb4000070a0cf5260 caller= android.view.ViewRootImpl.updateBlastSurfaceIfNeeded:2909 android.view.ViewRootImpl.relayoutWindow:9847 android.view.ViewRootImpl.performTraversals:3884 android.view.ViewRootImpl.doTraversal:3116 android.view.ViewRootImpl$TraversalRunnable.run:10885 android.view.Choreographer$CallbackRecord.run:1301 android.view.Choreographer$CallbackRecord.run:1309 android.view.Choreographer.doCallbacks:923 android.view.Choreographer.doFrame:852 android.view.Choreographer$FrameDisplayEventReceiver.run:1283 
04-06 12:04:00.420 31683 31683 I BLASTBufferQueue: update, w= 1080 h= 79 mName = ViewRootImpl@8125395[PopupWindow:b19674c] mNativeObject= 0xb4000070c2d1c580 sc.mNativeObject= 0xb4000070a0cf5260 format= -3 caller= android.graphics.BLASTBufferQueue.<init>:84 android.view.ViewRootImpl.updateBlastSurfaceIfNeeded:2909 android.view.ViewRootImpl.relayoutWindow:9847 android.view.ViewRootImpl.performTraversals:3884 android.view.ViewRootImpl.doTraversal:3116 android.view.ViewRootImpl$TraversalRunnable.run:10885 
04-06 12:04:00.420 31683 31683 I ViewRootImpl@8125395[PopupWindow:b19674c]: Relayout returned: old=(0,88,1080,2256) new=(0,88,1080,167) req=(1080,79)0 dur=4 res=0x3 s={true 0xb4000070b13e1800} ch=true seqId=0
04-06 12:04:00.421 31683 31683 I ViewRootImpl@8125395[PopupWindow:b19674c]: mThreadedRenderer.initialize() mSurface={isValid=true 0xb4000070b13e1800} hwInitialized=true
04-06 12:04:00.421 31683 31737 D OpenGLRenderer: eglCreateWindowSurface
04-06 12:04:00.422 31683 31683 I ViewRootImpl@8125395[PopupWindow:b19674c]: reportNextDraw android.view.ViewRootImpl.performTraversals:4438 android.view.ViewRootImpl.doTraversal:3116 android.view.ViewRootImpl$TraversalRunnable.run:10885 android.view.Choreographer$CallbackRecord.run:1301 android.view.Choreographer$CallbackRecord.run:1309 
04-06 12:04:00.422 31683 31683 I ViewRootImpl@8125395[PopupWindow:b19674c]: Setup new sync id=0
04-06 12:04:00.422 31683 31683 I ViewRootImpl@8125395[PopupWindow:b19674c]: Setting syncFrameCallback
04-06 12:04:00.422 31683 31683 I ViewRootImpl@8125395[PopupWindow:b19674c]: registerCallbacksForSync syncBuffer=false
04-06 12:04:00.424 31683 31762 I ViewRootImpl@8125395[PopupWindow:b19674c]: Received frameDrawingCallback syncResult=0 frameNum=1.
04-06 12:04:00.424 31683 31762 I ViewRootImpl@8125395[PopupWindow:b19674c]: Setting up sync and frameCommitCallback
04-06 12:04:00.430 31683 31737 I BLASTBufferQueue: [ViewRootImpl@8125395[PopupWindow:b19674c]#1](f:0,a:0) onFrameAvailable the first frame is available
04-06 12:04:00.430 31683 31737 I ViewRootImpl@8125395[PopupWindow:b19674c]: Received frameCommittedCallback lastAttemptedDrawFrameNum=1 didProduceBuffer=true
04-06 12:04:00.430 31683 31737 D OpenGLRenderer: CFMS:: SetUp Pid : 31683    Tid : 31737
04-06 12:04:00.431 31683 31737 W Parcel  : Expecting binder but got null!
04-06 12:04:00.431 31683 31683 I ViewRootImpl@8125395[PopupWindow:b19674c]: onSyncComplete
04-06 12:04:00.431 31683 31683 I ViewRootImpl@8125395[PopupWindow:b19674c]: setupSync seqId=0 mSyncId=0 fn=1 caller=android.view.ViewRootImpl$$ExternalSyntheticLambda11.accept:6 android.window.SurfaceSyncer.lambda$setupSync$1$android-window-SurfaceSyncer:128 android.window.SurfaceSyncer$$ExternalSyntheticLambda1.accept:8 android.window.SurfaceSyncer$SyncSet.checkIfSyncIsComplete:382 android.window.SurfaceSyncer$SyncSet.markSyncReady:359 android.window.SurfaceSyncer.markSyncReady:151 android.view.ViewRootImpl.performTraversals:4503 
04-06 12:04:00.431 31683 31683 I ViewRootImpl@8125395[PopupWindow:b19674c]: reportDrawFinished seqId=0 mSyncId=-1 fn=1 mSurfaceChangedTransaction=0xb4000070b13cd300
04-06 12:04:00.432 31683 31683 I ViewRootImpl@73623ee[MainActivity]: MSG_WINDOW_FOCUS_CHANGED 1 0
04-06 12:04:00.432 31683 31683 I ViewRootImpl@73623ee[MainActivity]: mThreadedRenderer.initializeIfNeeded()#2 mSurface={isValid=true 0xb4000070b13df000}
04-06 12:04:00.433 31683 31683 W unknown:BridgelessReact: ReactHost{0}.raiseSoftException(onWindowFocusChange(hasFocus = "true")): Tried to access onWindowFocusChange while context is not ready
04-06 12:04:00.434 31683 31683 E unknown:ReactHost: Unhandled SoftException
04-06 12:04:00.434 31683 31683 E unknown:ReactHost: com.facebook.react.bridge.ReactNoCrashSoftException: raiseSoftException(onWindowFocusChange(hasFocus = "true")): Tried to access onWindowFocusChange while context is not ready
04-06 12:04:00.434 31683 31683 E unknown:ReactHost: 	at com.facebook.react.runtime.ReactHostImpl.raiseSoftException(ReactHostImpl.kt:861)
04-06 12:04:00.434 31683 31683 E unknown:ReactHost: 	at com.facebook.react.runtime.ReactHostImpl.raiseSoftException$default(ReactHostImpl.kt:852)
04-06 12:04:00.434 31683 31683 E unknown:ReactHost: 	at com.facebook.react.runtime.ReactHostImpl.onWindowFocusChange(ReactHostImpl.kt:625)
04-06 12:04:00.434 31683 31683 E unknown:ReactHost: 	at com.facebook.react.ReactDelegate.onWindowFocusChanged(ReactDelegate.kt:232)
04-06 12:04:00.434 31683 31683 E unknown:ReactHost: 	at com.facebook.react.ReactActivityDelegate.onWindowFocusChanged(ReactActivityDelegate.java:237)
04-06 12:04:00.434 31683 31683 E unknown:ReactHost: 	at expo.modules.ReactActivityDelegateWrapper$onWindowFocusChanged$1.invokeSuspend(ReactActivityDelegateWrapper.kt:320)
04-06 12:04:00.434 31683 31683 E unknown:ReactHost: 	at expo.modules.ReactActivityDelegateWrapper$onWindowFocusChanged$1.invoke(Unknown Source:8)
04-06 12:04:00.434 31683 31683 E unknown:ReactHost: 	at expo.modules.ReactActivityDelegateWrapper$onWindowFocusChanged$1.invoke(Unknown Source:4)
04-06 12:04:00.434 31683 31683 E unknown:ReactHost: 	at expo.modules.ReactActivityDelegateWrapper$launchLifecycleScopeWithLock$1.invokeSuspend(ReactActivityDelegateWrapper.kt:452)
04-06 12:04:00.434 31683 31683 E unknown:ReactHost: 	at kotlin.coroutines.jvm.internal.BaseContinuationImpl.resumeWith(ContinuationImpl.kt:33)
04-06 12:04:00.434 31683 31683 E unknown:ReactHost: 	at kotlinx.coroutines.internal.DispatchedContinuationKt.resumeCancellableWith(DispatchedContinuation.kt:375)
04-06 12:04:00.434 31683 31683 E unknown:ReactHost: 	at kotlinx.coroutines.intrinsics.CancellableKt.startCoroutineCancellable(Cancellable.kt:26)
04-06 12:04:00.434 31683 31683 E unknown:ReactHost: 	at kotlinx.coroutines.CoroutineStart.invoke(CoroutineStart.kt:358)
04-06 12:04:00.434 31683 31683 E unknown:ReactHost: 	at kotlinx.coroutines.AbstractCoroutine.start(AbstractCoroutine.kt:134)
04-06 12:04:00.434 31683 31683 E unknown:ReactHost: 	at kotlinx.coroutines.BuildersKt__Builders_commonKt.launch(Builders.common.kt:53)
04-06 12:04:00.434 31683 31683 E unknown:ReactHost: 	at kotlinx.coroutines.BuildersKt.launch(Unknown Source:1)
04-06 12:04:00.434 31683 31683 E unknown:ReactHost: 	at kotlinx.coroutines.BuildersKt__Builders_commonKt.launch$default(Builders.common.kt:44)
04-06 12:04:00.434 31683 31683 E unknown:ReactHost: 	at kotlinx.coroutines.BuildersKt.launch$default(Unknown Source:1)
04-06 12:04:00.434 31683 31683 E unknown:ReactHost: 	at expo.modules.ReactActivityDelegateWrapper.launchLifecycleScopeWithLock(ReactActivityDelegateWrapper.kt:450)
04-06 12:04:00.434 31683 31683 E unknown:ReactHost: 	at expo.modules.ReactActivityDelegateWrapper.launchLifecycleScopeWithLock$default(ReactActivityDelegateWrapper.kt:446)
04-06 12:04:00.434 31683 31683 E unknown:ReactHost: 	at expo.modules.ReactActivityDelegateWrapper.onWindowFocusChanged(ReactActivityDelegateWrapper.kt:318)
04-06 12:04:00.434 31683 31683 E unknown:ReactHost: 	at com.facebook.react.ReactActivity.onWindowFocusChanged(ReactActivity.java:158)
04-06 12:04:00.434 31683 31683 E unknown:ReactHost: 	at androidx.appcompat.view.WindowCallbackWrapper.onWindowFocusChanged(WindowCallbackWrapper.java:124)
04-06 12:04:00.434 31683 31683 E unknown:ReactHost: 	at com.android.internal.policy.DecorView.onWindowFocusChanged(DecorView.java:2710)
04-06 12:04:00.434 31683 31683 E unknown:ReactHost: 	at android.view.View.dispatchWindowFocusChanged(View.java:15817)
04-06 12:04:00.434 31683 31683 E unknown:ReactHost: 	at android.view.ViewGroup.dispatchWindowFocusChanged(ViewGroup.java:1512)
04-06 12:04:00.434 31683 31683 E unknown:ReactHost: 	at android.view.ViewRootImpl.handleWindowFocusChanged(ViewRootImpl.java:4678)
04-06 12:04:00.434 31683 31683 E unknown:ReactHost: 	at android.view.ViewRootImpl.-$$Nest$mhandleWindowFocusChanged(Unknown Source:0)
04-06 12:04:00.434 31683 31683 E unknown:ReactHost: 	at android.view.ViewRootImpl$ViewRootHandler.handleMessageImpl(ViewRootImpl.java:6788)
04-06 12:04:00.434 31683 31683 E unknown:ReactHost: 	at android.view.ViewRootImpl$ViewRootHandler.handleMessage(ViewRootImpl.java:6697)
04-06 12:04:00.434 31683 31683 E unknown:ReactHost: 	at android.os.Handler.dispatchMessage(Handler.java:106)
04-06 12:04:00.434 31683 31683 E unknown:ReactHost: 	at android.os.Looper.loopOnce(Looper.java:226)
04-06 12:04:00.434 31683 31683 E unknown:ReactHost: 	at android.os.Looper.loop(Looper.java:313)
04-06 12:04:00.434 31683 31683 E unknown:ReactHost: 	at android.app.ActivityThread.main(ActivityThread.java:8762)
04-06 12:04:00.434 31683 31683 E unknown:ReactHost: 	at java.lang.reflect.Method.invoke(Native Method)
04-06 12:04:00.434 31683 31683 E unknown:ReactHost: 	at com.android.internal.os.RuntimeInit$MethodAndArgsCaller.run(RuntimeInit.java:604)
04-06 12:04:00.434 31683 31683 E unknown:ReactHost: 	at com.android.internal.os.ZygoteInit.main(ZygoteInit.java:1067)
04-06 12:04:00.434 31683 31683 D InputMethodManager: startInputInner - Id : 0
04-06 12:04:00.434 31683 31683 I InputMethodManager: startInputInner - mService.startInputOrWindowGainedFocus
04-06 12:04:00.437 31683 31683 I ViewRootImpl@8125395[PopupWindow:b19674c]: handleResized, msg = 5 frames=ClientWindowFrames{frame=[0,88][1080,167] display=[0,88][1080,2256] parentFrame=[0,0][0,0] parentClippedByDisplayCutout=false} forceNextWindowRelayout=false displayId=0 resizeMode=-1 frameChanged=false displayFrameChanged=false configChanged=false displayChanged=false
04-06 12:04:00.437 31683 31683 I ViewRootImpl@8125395[PopupWindow:b19674c]: handleResized mSyncSeqId = 0
04-06 12:04:00.437 31683 31683 I ViewRootImpl@8125395[PopupWindow:b19674c]: reportNextDraw android.view.ViewRootImpl.handleResized:2450 android.view.ViewRootImpl.-$$Nest$mhandleResized:0 android.view.ViewRootImpl$ViewRootHandler.handleMessageImpl:6728 android.view.ViewRootImpl$ViewRootHandler.handleMessage:6697 android.os.Handler.dispatchMessage:106 
04-06 12:04:00.438 31683 31683 I ViewRootImpl@8125395[PopupWindow:b19674c]: Setup new sync id=1
04-06 12:04:00.438 31683 31683 I ViewRootImpl@8125395[PopupWindow:b19674c]: Setting syncFrameCallback
04-06 12:04:00.438 31683 31683 I ViewRootImpl@8125395[PopupWindow:b19674c]: registerCallbacksForSync syncBuffer=false
04-06 12:04:00.441 31683 31761 I ViewRootImpl@8125395[PopupWindow:b19674c]: Received frameDrawingCallback syncResult=0 frameNum=3.
04-06 12:04:00.441 31683 31761 I ViewRootImpl@8125395[PopupWindow:b19674c]: Setting up sync and frameCommitCallback
04-06 12:04:00.447 31683 31737 I ViewRootImpl@8125395[PopupWindow:b19674c]: Received frameCommittedCallback lastAttemptedDrawFrameNum=3 didProduceBuffer=true
04-06 12:04:00.447 31683 31683 I ViewRootImpl@8125395[PopupWindow:b19674c]: onSyncComplete
04-06 12:04:00.447 31683 31683 I ViewRootImpl@8125395[PopupWindow:b19674c]: setupSync seqId=0 mSyncId=1 fn=3 caller=android.view.ViewRootImpl$$ExternalSyntheticLambda11.accept:6 android.window.SurfaceSyncer.lambda$setupSync$1$android-window-SurfaceSyncer:128 android.window.SurfaceSyncer$$ExternalSyntheticLambda1.accept:8 android.window.SurfaceSyncer$SyncSet.checkIfSyncIsComplete:382 android.window.SurfaceSyncer$SyncSet.markSyncReady:359 android.window.SurfaceSyncer.markSyncReady:151 android.view.ViewRootImpl.performTraversals:4503 
04-06 12:04:00.447 31683 31683 I ViewRootImpl@8125395[PopupWindow:b19674c]: reportDrawFinished seqId=0 mSyncId=-1 fn=3 mSurfaceChangedTransaction=0xb4000070b13cd300
04-06 12:04:00.447 31683 31683 D InputMethodManager: startInputInner - Id : 0
04-06 12:04:00.681 31683 31737 D OpenGLRenderer: setSurface called with nullptr
04-06 12:04:00.681 31683 31737 D OpenGLRenderer: setSurface() destroyed EGLSurface
04-06 12:04:00.681 31683 31737 D OpenGLRenderer: destroyEglSurface
04-06 12:04:00.682 31683 31759 D Detox.RNMarker: DOWNLOAD_END ({"url":"http:\/\/localhost:8081\/.expo\/.virtual-metro-entry.bundle?platform=android&dev=true&lazy=true&minify=false&app=com.evolucao.app&modulesOnly=false&runModule=true&excludeSource=true&sourcePaths=url-server","filesChangedCount":0})
04-06 12:04:00.682 31683 31759 W unknown:BridgelessReact: ReactHost{0}.loadJSBundleFromMetro(): Creating BundleLoader
04-06 12:04:00.682 31683 31683 I ViewRootImpl@8125395[PopupWindow:b19674c]: dispatchDetachedFromWindow
04-06 12:04:00.683 31683 31758 W unknown:BridgelessReact: ReactHost{0}.getOrCreateReactInstanceTask(): Creating BridgelessReactContext
04-06 12:04:00.684 31683 31758 W unknown:BridgelessReact: ReactHost{0}.getOrCreateReactInstanceTask(): Creating ReactInstance
04-06 12:04:00.684 31683 31683 D InputTransport: Input channel destroyed: 'a2c123c', fd=121
04-06 12:04:00.698 31683 31759 D TrafficStats: tagSocket(131) with statsTag=0xffffffff, statsUid=-1
04-06 12:04:00.699 31683 31758 D jni_lib_merge: Entering merged library JNI_OnLoad.
04-06 12:04:00.699 31683 31758 D jni_lib_merge: Preparing 4 pre-merged libs (including stub)
04-06 12:04:00.699 31683 31758 D jni_lib_merge: Preparing to register libhermes_executor_so.  onload_func: 0x7014764fa4
04-06 12:04:00.699 31683 31758 D jni_lib_merge: Preparing to register libhermesinstancejni_so.  onload_func: 0x701479e8b4
04-06 12:04:00.699 31683 31758 D jni_lib_merge: Preparing to register libjsijniprofiler_so.  onload_func: 0x70147a08f8
04-06 12:04:00.699 31683 31758 D jni_lib_merge: About to register 3 actual methods.
04-06 12:04:00.800 31683 31758 I ExpoModulesCore: ✅ AppContext was initialized
04-06 12:04:00.830 31683 31758 W unknown:BridgelessReact: ReactHost{0}.getOrCreateReactInstanceTask(): Loading JS Bundle
04-06 12:04:00.831 31683 31758 W unknown:BridgelessReact: ReactHost{0}.getOrCreateReactInstanceTask(): DevSupportManager.onNewReactContextCreated()
04-06 12:04:00.831 31683 31773 D Detox.RNMarker: RUN_JS_BUNDLE_START (/.virtual-metro-entry.bundle?platform=android&dev=true&lazy=true&minify=false&app=com.evolucao.app&modulesOnly=false&runModule=true&excludeSource=true&sourcePaths=url-server)
04-06 12:04:00.833 31683 31683 W unknown:ReactNative: Packager connection already open, nooping.
04-06 12:04:00.835 31683 31683 W unknown:BridgelessReact: ReactHost{0}.ReactContext.onHostResume()
04-06 12:04:00.836 31683 31758 W unknown:BridgelessReact: ReactHost{0}.startSurface(surfaceId = 0): Execute
04-06 12:04:00.839 31683 31683 W unknown:BridgelessReact: ReactHost{0}.getOrCreateReactInstanceTask(): Executing ReactInstanceEventListeners
04-06 12:04:00.839 31683 31683 I DetoxRNLoading: Got new RN-context through listener
04-06 12:04:00.840 31683 31713 I DetoxRNIdleRes: Setting up Espresso Idling Resources for React Native
04-06 12:04:00.846 31683 31683 D DetoxRNHelpers: Native RN module resolution (class com.reactnativecommunity.asyncstorage.AsyncStorageModule): no registered module found
04-06 12:04:00.847 31683 31713 D IdlingRegistry: Registering idling resources: [com.wix.detox.reactnative.idlingresources.uimodule.fabric.FabricUIManagerIdlingResources@6dc8b83]
04-06 12:04:00.847 31683 31713 D IdlingRegistry: Registering idling resources: [com.wix.detox.reactnative.idlingresources.animations.AnimatedModuleIdlingResource@8bb8100]
04-06 12:04:00.847 31683 31713 D IdlingRegistry: Registering idling resources: [com.wix.detox.reactnative.idlingresources.timers.FabricTimersIdlingResource@f241d39]
04-06 12:04:00.847 31683 31713 D IdlingRegistry: Registering idling resources: [com.wix.detox.reactnative.idlingresources.network.NetworkIdlingResource@65dff7e]
04-06 12:04:00.847 31683 31713 D IdlingRegistry: Registering idling resources: [com.wix.detox.reactnative.idlingresources.StabilizedIdlingResource@3525cdf]
04-06 12:04:00.860 31683 31774 W om.evolucao.app: Accessing hidden method Landroid/os/MessageQueue;->next()Landroid/os/Message; (unsupported, reflection, allowed)
04-06 12:04:00.860 31683 31774 W om.evolucao.app: Accessing hidden field Landroid/os/MessageQueue;->mMessages:Landroid/os/Message; (unsupported, reflection, allowed)
04-06 12:04:00.860 31683 31774 W om.evolucao.app: Accessing hidden method Landroid/os/Message;->recycleUnchecked()V (unsupported, reflection, allowed)
04-06 12:04:01.003 31683 31683 D DetoxRNHelpers: Native RN module resolution (class com.reactnativecommunity.asyncstorage.AsyncStorageModule): no registered module found
04-06 12:04:01.004 31683 31719 W om.evolucao.app: Long monitor contention with owner Instr: androidx.test.runner.AndroidJUnitRunner (31713) at void com.wix.detox.DetoxMain.launchActivityOnCue(android.content.Context, com.wix.detox.ActivityLaunchHelper)(DetoxMain.kt:53) waiters=0 in void com.wix.detox.DetoxMain$setupActionHandlers$SynchronizedActionHandler.handle(java.lang.String, long) for 828ms
04-06 12:04:01.074 31683 31774 I WebViewFactory: Loading com.google.android.webview version 146.0.7680.164 (code 768016403)
04-06 12:04:01.076 31683 31774 D ApplicationLoaders: Returning zygote-cached class loader: /system/framework/android.test.base.jar
04-06 12:04:01.082 31683 31774 D nativeloader: Configuring classloader-namespace for other apk /data/app/~~23ppwVuk64Fm9vdWCRWMMw==/com.google.android.webview-FPIphznatdLDx2VBYoD68A==/base.apk. target_sdk_version=36, uses_libraries=, library_path=/data/app/~~23ppwVuk64Fm9vdWCRWMMw==/com.google.android.webview-FPIphznatdLDx2VBYoD68A==/lib/arm64:/data/app/~~23ppwVuk64Fm9vdWCRWMMw==/com.google.android.webview-FPIphznatdLDx2VBYoD68A==/base.apk!/lib/arm64-v8a, permitted_path=/data:/mnt/expand
04-06 12:04:01.097 31683 31774 I cr_WVCFactoryProvider: version=146.0.7680.164 (768016403) minSdkVersion=29 multiprocess=true packageId=127 splits=<none>
04-06 12:04:01.102 31683 31787 I chromium: [0406/120401.102575:INFO:android_webview/browser/variations/variations_seed_loader.cc:67] Failed to open file for reading.: No such file or directory (2)
04-06 12:04:01.102 31683 31787 I chromium: [0406/120401.102713:INFO:android_webview/browser/variations/variations_seed_loader.cc:67] Failed to open file for reading.: No such file or directory (2)
04-06 12:04:01.107 31683 31774 I cr_LibraryLoader: Successfully loaded native library
04-06 12:04:01.108 31683 31774 I cr_CachingUmaRecorder: Flushed 16 samples from 16 histograms, 0 samples were dropped.
04-06 12:04:01.124 31683 31773 W BridgelessReactContext: [WARNING] Bridgeless doesn't support CatalystInstance. Accessing an API that's not part of the new architecture is not encouraged usage.
04-06 12:04:01.136 31683 31773 I ExpoModulesCore: ✅ JSI interop was installed
04-06 12:04:01.137 31683 31792 D TrafficStats: tagSocket(143) with statsTag=0xffffffff, statsUid=-1
04-06 12:04:01.139 31683 31792 D TrafficStats: tagSocket(143) with statsTag=0xffffffff, statsUid=-1
04-06 12:04:01.142 31683 31773 I ExpoModulesCore: ✅ Constants were exported
04-06 12:04:01.187 31683 31773 W unknown:ViewManagerPropertyUpdater: Could not find generated setter for class com.th3rdwave.safeareacontext.SafeAreaProviderManager
04-06 12:04:01.190 31683 31773 W unknown:ViewManagerPropertyUpdater: Could not find generated setter for class com.facebook.react.uimanager.LayoutShadowNode
04-06 12:04:01.191 31683 31773 W unknown:ViewManagerPropertyUpdater: Could not find generated setter for class com.swmansion.rnscreens.SearchBarManager
04-06 12:04:01.192 31683 31773 W unknown:ViewManagerPropertyUpdater: Could not find generated setter for class com.swmansion.rnscreens.ScreenFooterManager
04-06 12:04:01.193 31683 31773 W unknown:ViewManagerPropertyUpdater: Could not find generated setter for class com.swmansion.rnscreens.gamma.tabs.TabScreenViewManager
04-06 12:04:01.194 31683 31773 W unknown:ViewManagerPropertyUpdater: Could not find generated setter for class expo.modules.kotlin.views.GroupViewManagerWrapper
04-06 12:04:01.194 31683 31773 W unknown:ViewManagerPropertyUpdater: Could not find generated setter for class com.swmansion.rnscreens.ScreenContainerViewManager
04-06 12:04:01.195 31683 31773 W unknown:ViewManagerPropertyUpdater: Could not find generated setter for class com.swmansion.rnscreens.gamma.tabs.TabsHostViewManager
04-06 12:04:01.196 31683 31773 W unknown:ViewManagerPropertyUpdater: Could not find generated setter for class com.swmansion.rnscreens.ModalScreenViewManager
04-06 12:04:01.197 31683 31773 W unknown:ViewManagerPropertyUpdater: Could not find generated setter for class com.swmansion.rnscreens.ScreenStackHeaderConfigViewManager
04-06 12:04:01.198 31683 31773 W unknown:ViewManagerPropertyUpdater: Could not find generated setter for class com.swmansion.rnscreens.ScreenContentWrapperManager
04-06 12:04:01.198 31683 31773 W unknown:ViewManagerPropertyUpdater: Could not find generated setter for class com.th3rdwave.safeareacontext.SafeAreaViewManager
04-06 12:04:01.199 31683 31773 W unknown:ViewManagerPropertyUpdater: Could not find generated setter for class com.th3rdwave.safeareacontext.SafeAreaViewShadowNode
04-06 12:04:01.200 31683 31773 W unknown:ViewManagerPropertyUpdater: Could not find generated setter for class com.swmansion.rnscreens.safearea.SafeAreaViewManager
04-06 12:04:01.201 31683 31773 W unknown:ViewManagerPropertyUpdater: Could not find generated setter for class com.swmansion.rnscreens.safearea.paper.SafeAreaViewShadowNode
04-06 12:04:01.201 31683 31773 W unknown:ViewManagerPropertyUpdater: Could not find generated setter for class com.swmansion.rnscreens.ScreenViewManager
04-06 12:04:01.201 31683 31773 W unknown:ViewManagerPropertyUpdater: Could not find generated setter for class com.swmansion.rnscreens.gamma.stack.host.StackHostViewManager
04-06 12:04:01.202 31683 31773 W unknown:ViewManagerPropertyUpdater: Could not find generated setter for class com.swmansion.rnscreens.ScreenStackHeaderSubviewManager
04-06 12:04:01.202 31683 31773 W unknown:ViewManagerPropertyUpdater: Could not find generated setter for class com.swmansion.rnscreens.gamma.stack.screen.StackScreenViewManager
04-06 12:04:01.203 31683 31773 W unknown:ViewManagerPropertyUpdater: Could not find generated setter for class com.swmansion.rnscreens.ScreenStackViewManager
04-06 12:04:01.277 31683 31773 W unknown:ViewManagerPropertyUpdater: Could not find generated setter for class com.facebook.react.views.debuggingoverlay.DebuggingOverlayManager
04-06 12:04:01.282 31683 31773 W unknown:ViewManagerPropertyUpdater: Could not find generated setter for class com.swmansion.gesturehandler.react.RNGestureHandlerButtonViewManager
04-06 12:04:01.288 31683 31773 W unknown:ViewManagerPropertyUpdater: Could not find generated setter for class com.facebook.react.views.safeareaview.ReactSafeAreaViewManager
04-06 12:04:01.292 31683 31773 W unknown:ViewManagerPropertyUpdater: Could not find generated setter for class com.facebook.react.views.modal.ReactModalHostManager
04-06 12:04:01.297 31683 31773 W unknown:ViewManagerPropertyUpdater: Could not find generated setter for class com.facebook.react.views.text.frescosupport.FrescoBasedReactTextInlineImageViewManager
04-06 12:04:01.298 31683 31773 W unknown:ViewManagerPropertyUpdater: Could not find generated setter for class com.facebook.react.views.text.frescosupport.FrescoBasedReactTextInlineImageShadowNode
04-06 12:04:01.303 31683 31773 W unknown:ViewManagerPropertyUpdater: Could not find generated setter for class com.facebook.react.views.progressbar.ReactProgressBarViewManager
04-06 12:04:01.303 31683 31773 W unknown:ViewManagerPropertyUpdater: Could not find generated setter for class com.facebook.react.views.progressbar.ProgressBarShadowNode
04-06 12:04:01.309 31683 31773 W unknown:ViewManagerPropertyUpdater: Could not find generated setter for class com.facebook.react.views.scroll.ReactHorizontalScrollViewManager
04-06 12:04:01.315 31683 31773 W unknown:ViewManagerPropertyUpdater: Could not find generated setter for class com.facebook.react.views.image.ReactImageManager
04-06 12:04:01.321 31683 31773 W unknown:ViewManagerPropertyUpdater: Could not find generated setter for class com.facebook.react.views.text.ReactTextViewManager
04-06 12:04:01.322 31683 31773 W unknown:ViewManagerPropertyUpdater: Could not find generated setter for class com.facebook.react.views.text.ReactTextShadowNode
04-06 12:04:01.328 31683 31773 W unknown:ViewManagerPropertyUpdater: Could not find generated setter for class com.facebook.react.views.scroll.ReactHorizontalScrollContainerViewManager
04-06 12:04:01.334 31683 31773 W unknown:ViewManagerPropertyUpdater: Could not find generated setter for class com.facebook.react.views.unimplementedview.ReactUnimplementedViewManager
04-06 12:04:01.340 31683 31773 W unknown:ViewManagerPropertyUpdater: Could not find generated setter for class com.facebook.react.views.scroll.ReactScrollViewManager
04-06 12:04:01.346 31683 31773 W unknown:ViewManagerPropertyUpdater: Could not find generated setter for class com.facebook.react.views.view.ReactViewManager
04-06 12:04:01.352 31683 31773 W unknown:ViewManagerPropertyUpdater: Could not find generated setter for class com.facebook.react.views.drawer.ReactDrawerLayoutManager
04-06 12:04:01.358 31683 31773 W unknown:ViewManagerPropertyUpdater: Could not find generated setter for class com.facebook.react.views.switchview.ReactSwitchManager
04-06 12:04:01.359 31683 31773 W unknown:ViewManagerPropertyUpdater: Could not find generated setter for class com.facebook.react.views.switchview.ReactSwitchShadowNode
04-06 12:04:01.364 31683 31773 W unknown:ViewManagerPropertyUpdater: Could not find generated setter for class com.facebook.react.views.swiperefresh.SwipeRefreshLayoutManager
04-06 12:04:01.372 31683 31773 W unknown:ViewManagerPropertyUpdater: Could not find generated setter for class com.facebook.react.views.textinput.ReactTextInputManager
04-06 12:04:01.374 31683 31773 W unknown:ViewManagerPropertyUpdater: Could not find generated setter for class com.facebook.react.views.textinput.ReactTextInputShadowNode
04-06 12:04:01.381 31683 31773 W unknown:ViewManagerPropertyUpdater: Could not find generated setter for class com.swmansion.gesturehandler.react.RNGestureHandlerRootViewManager
04-06 12:04:01.413 31683 31792 D TrafficStats: tagSocket(143) with statsTag=0xffffffff, statsUid=-1
04-06 12:04:01.579 31683 31773 V AsyncStorageExpoMigration: No scoped database found
04-06 12:04:01.755 31683 31773 D Detox.RNMarker: RUN_JS_BUNDLE_END (/.virtual-metro-entry.bundle?platform=android&dev=true&lazy=true&minify=false&app=com.evolucao.app&modulesOnly=false&runModule=true&excludeSource=true&sourcePaths=url-server)
04-06 12:04:01.757 31683 31773 I ReactNativeJS: Running "main" with {"rootTag":1,"initialProps":{},"fabric":true}
04-06 12:04:01.835 31683 31795 D TrafficStats: tagSocket(133) with statsTag=0xffffffff, statsUid=-1
04-06 12:04:01.965 31683 31683 I DecorView: notifyKeepScreenOnChanged: keepScreenOn=true
04-06 12:04:01.979 31683 31683 D Detox.RNMarker: CONTENT_APPEARED (main)
04-06 12:04:01.984 31683 31683 I ViewRootImpl@73623ee[MainActivity]: performTraversals params={(0,0)(fillxfill) sim={adjust=resize} layoutInDisplayCutoutMode=always ty=BASE_APPLICATION wanim=0x1030309
04-06 12:04:01.984 31683 31683 I ViewRootImpl@73623ee[MainActivity]:   fl=81810180
04-06 12:04:01.984 31683 31683 I ViewRootImpl@73623ee[MainActivity]:   pfl=16020040
04-06 12:04:01.984 31683 31683 I ViewRootImpl@73623ee[MainActivity]:   vsysui=100
04-06 12:04:01.984 31683 31683 I ViewRootImpl@73623ee[MainActivity]:   bhv=DEFAULT
04-06 12:04:01.984 31683 31683 I ViewRootImpl@73623ee[MainActivity]:   fitSides= naviIconColor=0}
04-06 12:04:01.985 31683 31683 I ViewRootImpl@73623ee[MainActivity]: performTraversals mFirst=false windowShouldResize=false viewVisibilityChanged=false mForceNextWindowRelayout=false params={(0,0)(fillxfill) sim={adjust=resize} layoutInDisplayCutoutMode=always ty=BASE_APPLICATION wanim=0x1030309
04-06 12:04:01.985 31683 31683 I ViewRootImpl@73623ee[MainActivity]:   fl=81810180
04-06 12:04:01.985 31683 31683 I ViewRootImpl@73623ee[MainActivity]:   pfl=16020040
04-06 12:04:01.985 31683 31683 I ViewRootImpl@73623ee[MainActivity]:   vsysui=100
04-06 12:04:01.985 31683 31683 I ViewRootImpl@73623ee[MainActivity]:   bhv=DEFAULT
04-06 12:04:01.985 31683 31683 I ViewRootImpl@73623ee[MainActivity]:   fitSides= naviIconColor=0}
04-06 12:04:01.989 31683 31773 D Detox.RNMarker: REACT_BRIDGELESS_LOADING_END (null)
04-06 12:04:01.995 31683 31683 I ViewRootImpl@73623ee[MainActivity]: updateBlastSurfaceIfNeeded mBlastBufferQueue=0xb4000070c2c34c00 isSameSurfaceControl=true
04-06 12:04:01.995 31683 31683 I BLASTBufferQueue: update, w= 1080 h= 2400 mName = ViewRootImpl@73623ee[MainActivity] mNativeObject= 0xb4000070c2c34c00 sc.mNativeObject= 0xb4000070a0cf7ba0 format= -1 caller= android.view.ViewRootImpl.updateBlastSurfaceIfNeeded:2898 android.view.ViewRootImpl.relayoutWindow:9847 android.view.ViewRootImpl.performTraversals:3884 android.view.ViewRootImpl.doTraversal:3116 android.view.ViewRootImpl$TraversalRunnable.run:10885 android.view.Choreographer$CallbackRecord.run:1301 
04-06 12:04:01.996 31683 31683 I ViewRootImpl@73623ee[MainActivity]: Relayout returned: old=(0,0,1080,2400) new=(0,0,1080,2400) req=(1080,2400)0 dur=9 res=0x0 s={true 0xb4000070b13df000} ch=false seqId=0
04-06 12:04:02.000 31683 31773 I ReactNativeJS: '[ANALYTICS]', 'app_opened', { event: 'app_opened',
04-06 12:04:02.000 31683 31773 I ReactNativeJS:   eventId: '1775487841995_8e32cae2de53c',
04-06 12:04:02.000 31683 31773 I ReactNativeJS:   appVersion: '1.0.0',
04-06 12:04:02.000 31683 31773 I ReactNativeJS:   category: 'engagement',
04-06 12:04:02.000 31683 31773 I ReactNativeJS:   userId: 'anonymous',
04-06 12:04:02.000 31683 31773 I ReactNativeJS:   timestamp: 1775487841995,
04-06 12:04:02.000 31683 31773 I ReactNativeJS:   timestampIso: '2026-04-06T15:04:01.995Z',
04-06 12:04:02.000 31683 31773 I ReactNativeJS:   screen: 'App',
04-06 12:04:02.000 31683 31773 I ReactNativeJS:   sessionId: 'session-1775487841988-8c2f28ae34dc7',
04-06 12:04:02.000 31683 31773 I ReactNativeJS:   flowId: 'session-1775487841988-8c2f28ae34dc7',
04-06 12:04:02.000 31683 31773 I ReactNativeJS:   meta: 
04-06 12:04:02.000 31683 31773 I ReactNativeJS:    { domain: 'engagement',
04-06 12:04:02.000 31683 31773 I ReactNativeJS:      version: 1,
04-06 12:04:02.000 31683 31773 I ReactNativeJS:      dayKey: '2026-04-06',
04-06 12:04:02.000 31683 31773 I ReactNativeJS:      isFirstOpenOfDay: true,
04-06 12:04:02.000 31683 31773 I ReactNativeJS:      category: 'engagement' } }
04-06 12:04:02.188 31683 31693 I om.evolucao.app: Compiler allocated 4177KB to compile void android.widget.TextView.<init>(android.content.Context, android.util.AttributeSet, int, int)
04-06 12:04:02.200 31683 31683 D CompatibilityChangeReporter: Compat change id reported: 171228096; UID 10557; state: ENABLED
04-06 12:04:02.201 31683 31683 D ScrollView: initGoToTop
04-06 12:04:02.202 31683 31683 W om.evolucao.app: Accessing hidden field Landroid/widget/ScrollView;->mScroller:Landroid/widget/OverScroller; (unsupported, reflection, allowed)
04-06 12:04:02.220 31683 31683 W [RNScreens]: backTitleFontFamily prop is not available on Android
04-06 12:04:02.220 31683 31683 W [RNScreens]: disableBackButtonMenu prop is not available on Android
04-06 12:04:02.220 31683 31683 W [RNScreens]: backTitleVisible prop is not available on Android
04-06 12:04:02.220 31683 31683 W [RNScreens]: topInsetEnabled prop is not available on Android
04-06 12:04:02.221 31683 31683 W [RNScreens]: largeTitleHideShadow prop is not available on Android
04-06 12:04:02.221 31683 31683 W [RNScreens]: largeTitleFontWeight prop is not available on Android
04-06 12:04:02.221 31683 31683 W [RNScreens]: userInterfaceStyle prop is not available on Android
04-06 12:04:02.221 31683 31683 W [RNScreens]: largeTitleFontFamily prop is not available on Android
04-06 12:04:02.310 31683 31737 D OpenGLRenderer: setSurface called with nu