--------- beginning of main
04-06 11:11:18.217  8531  8531 I om.evolucao.app: Late-enabling -Xcheck:jni
04-06 11:11:18.261  8531  8531 I om.evolucao.app: Using CollectorTypeCC GC.
04-06 11:11:18.288  8531  8531 D ActivityThread: setConscryptValidator
04-06 11:11:18.289  8531  8531 D ActivityThread: setConscryptValidator - put
04-06 11:11:18.314  8531  8531 D CompatibilityChangeReporter: Compat change id reported: 171979766; UID 10489; state: ENABLED
--------- beginning of system
04-06 11:11:18.320  8531  8531 W ActivityThread: Package uses different ABI(s) than its instrumentation: package[com.evolucao.app]: arm64-v8a, null instrumentation[com.evolucao.app.test]: null, null
04-06 11:11:18.325  8531  8531 W om.evolucao.app: ClassLoaderContext classpath size mismatch. expected=0, found=1 (PCL[] | PCL[/system/framework/android.test.runner.jar*2256426886])
04-06 11:11:18.327  8531  8531 W om.evolucao.app: ClassLoaderContext classpath size mismatch. expected=0, found=2 (PCL[] | PCL[/system/framework/android.test.runner.jar*2256426886:/system/framework/android.test.mock.jar*2695051129])
04-06 11:11:18.328  8531  8531 W ziparchive: Unable to open '/data/app/~~OOSnW3l0bQxJ0krQ5BPS_g==/com.evolucao.app.test-AmuWbG02LyIZ2FVjJI1E7A==/base.dm': No such file or directory
04-06 11:11:18.328  8531  8531 W ziparchive: Unable to open '/data/app/~~OOSnW3l0bQxJ0krQ5BPS_g==/com.evolucao.app.test-AmuWbG02LyIZ2FVjJI1E7A==/base.dm': No such file or directory
04-06 11:11:18.395  8531  8531 W ziparchive: Unable to open '/data/app/~~K-EiYAI3t2OZMdDDLoMySw==/com.evolucao.app-kAdMHqAY_wd3TvtPNTCXKQ==/base.dm': No such file or directory
04-06 11:11:18.395  8531  8531 W ziparchive: Unable to open '/data/app/~~K-EiYAI3t2OZMdDDLoMySw==/com.evolucao.app-kAdMHqAY_wd3TvtPNTCXKQ==/base.dm': No such file or directory
04-06 11:11:18.666  8531  8531 D nativeloader: Configuring classloader-namespace for other apk /system/framework/android.test.runner.jar:/system/framework/android.test.mock.jar:/system/framework/android.test.base.jar:/data/app/~~OOSnW3l0bQxJ0krQ5BPS_g==/com.evolucao.app.test-AmuWbG02LyIZ2FVjJI1E7A==/base.apk:/data/app/~~K-EiYAI3t2OZMdDDLoMySw==/com.evolucao.app-kAdMHqAY_wd3TvtPNTCXKQ==/base.apk. target_sdk_version=36, uses_libraries=, library_path=/data/app/~~OOSnW3l0bQxJ0krQ5BPS_g==/com.evolucao.app.test-AmuWbG02LyIZ2FVjJI1E7A==/lib/arm64:/data/app/~~K-EiYAI3t2OZMdDDLoMySw==/com.evolucao.app-kAdMHqAY_wd3TvtPNTCXKQ==/lib/arm64:/data/app/~~OOSnW3l0bQxJ0krQ5BPS_g==/com.evolucao.app.test-AmuWbG02LyIZ2FVjJI1E7A==/base.apk!/lib/arm64-v8a:/data/app/~~K-EiYAI3t2OZMdDDLoMySw==/com.evolucao.app-kAdMHqAY_wd3TvtPNTCXKQ==/base.apk!/lib/arm64-v8a, permitted_path=/data:/mnt/expand:/data/user/0/com.evolucao.app
04-06 11:11:18.681  8531  8531 V GraphicsEnvironment: ANGLE Developer option for 'com.evolucao.app' set to: 'default'
04-06 11:11:18.681  8531  8531 V GraphicsEnvironment: ANGLE GameManagerService for com.evolucao.app: false
04-06 11:11:18.682  8531  8531 V GraphicsEnvironment: App is not on the allowlist for updatable production driver.
04-06 11:11:18.686  8531  8531 D ApplicationLoaders: Returning zygote-cached class loader: /system/framework/android.test.base.jar
04-06 11:11:18.687  8531  8531 D nativeloader: Configuring classloader-namespace for other apk /system/framework/android.test.mock.jar. target_sdk_version=36, uses_libraries=ALL, library_path=/data/app/~~OOSnW3l0bQxJ0krQ5BPS_g==/com.evolucao.app.test-AmuWbG02LyIZ2FVjJI1E7A==/lib/arm64:/data/app/~~K-EiYAI3t2OZMdDDLoMySw==/com.evolucao.app-kAdMHqAY_wd3TvtPNTCXKQ==/lib/arm64, permitted_path=/data:/mnt/expand
04-06 11:11:18.687  8531  8531 D nativeloader: Extending system_exposed_libraries: libhumantracking.arcsoft.so:libPortraitDistortionCorrection.arcsoft.so:libPortraitDistortionCorrectionCali.arcsoft.so:libface_landmark.arcsoft.so:libFacialStickerEngine.arcsoft.so:libveengine.arcsoft.so:lib_pet_detection.arcsoft.so:libhigh_res.arcsoft.so:libimage_enhancement.arcsoft.so:liblow_light_hdr.arcsoft.so:libhigh_dynamic_range.arcsoft.so:libsuperresolution.arcsoft.so:libobjectcapture_jni.arcsoft.so:libobjectcapture_jni.arcsoft.so:libobjectcapture.arcsoft.so:libFacialAttributeDetection.arcsoft.so:libBeauty_v4.camera.samsung.so:libexifa.camera.samsung.so:libjpega.camera.samsung.so:libOpenCv.camera.samsung.so:libVideoClassifier.camera.samsung.so:libtensorflowLite.dynamic_viewing.camera.samsung.so:libImageScreener.camera.samsung.so:libMyFilter.camera.samsung.so:libtflite2.myfilters.camera.samsung.so:libHIDTSnapJNI.camera.samsung.so:libSmartScan.camera.samsung.so:libRectify.camera.samsung.so:libDocRectifyWrapper.camera.samsung.so:libUltraWideDistortionCorrection.camera.
04-06 11:11:18.689  8531  8531 D ApplicationLoaders: Returning zygote-cached class loader: /system/framework/android.test.base.jar
04-06 11:11:18.689  8531  8531 W om.evolucao.app: ClassLoaderContext shared library size mismatch. Expected=0, found=2 (PCL[] | PCL[]{PCL[/system/framework/android.test.base.jar*1628045882]#PCL[/system/framework/android.test.mock.jar*2695051129]})
04-06 11:11:18.691  8531  8531 D nativeloader: Configuring classloader-namespace for other apk /system/framework/android.test.runner.jar. target_sdk_version=36, uses_libraries=ALL, library_path=/data/app/~~OOSnW3l0bQxJ0krQ5BPS_g==/com.evolucao.app.test-AmuWbG02LyIZ2FVjJI1E7A==/lib/arm64:/data/app/~~K-EiYAI3t2OZMdDDLoMySw==/com.evolucao.app-kAdMHqAY_wd3TvtPNTCXKQ==/lib/arm64, permitted_path=/data:/mnt/expand
04-06 11:11:18.691  8531  8531 D nativeloader: Extending system_exposed_libraries: libhumantracking.arcsoft.so:libPortraitDistortionCorrection.arcsoft.so:libPortraitDistortionCorrectionCali.arcsoft.so:libface_landmark.arcsoft.so:libFacialStickerEngine.arcsoft.so:libveengine.arcsoft.so:lib_pet_detection.arcsoft.so:libhigh_res.arcsoft.so:libimage_enhancement.arcsoft.so:liblow_light_hdr.arcsoft.so:libhigh_dynamic_range.arcsoft.so:libsuperresolution.arcsoft.so:libobjectcapture_jni.arcsoft.so:libobjectcapture_jni.arcsoft.so:libobjectcapture.arcsoft.so:libFacialAttributeDetection.arcsoft.so:libBeauty_v4.camera.samsung.so:libexifa.camera.samsung.so:libjpega.camera.samsung.so:libOpenCv.camera.samsung.so:libVideoClassifier.camera.samsung.so:libtensorflowLite.dynamic_viewing.camera.samsung.so:libImageScreener.camera.samsung.so:libMyFilter.camera.samsung.so:libtflite2.myfilters.camera.samsung.so:libHIDTSnapJNI.camera.samsung.so:libSmartScan.camera.samsung.so:libRectify.camera.samsung.so:libDocRectifyWrapper.camera.samsung.so:libUltraWideDistortionCorrection.camera.
04-06 11:11:18.693  8531  8531 W om.evolucao.app: ClassLoaderContext shared library size mismatch. Expected=0, found=3 (PCL[] | PCL[]{PCL[/system/framework/android.test.base.jar*1628045882]#PCL[/system/framework/android.test.mock.jar*2695051129]#PCL[/system/framework/android.test.runner.jar*2256426886]{PCL[/system/framework/android.test.base.jar*1628045882]#PCL[/system/framework/android.test.mock.jar*2695051129]}};PCL[/system/framework/android.test.runner.jar*2256426886:/system/framework/android.test.mock.jar*2695051129:/system/framework/android.test.base.jar*1628045882:/data/app/~~OOSnW3l0bQxJ0krQ5BPS_g==/com.evolucao.app.test-AmuWbG02LyIZ2FVjJI1E7A==/base.apk*2272993428:/data/app/~~OOSnW3l0bQxJ0krQ5BPS_g==/com.evolucao.app.test-AmuWbG02LyIZ2FVjJI1E7A==/base.apk!classes2.dex*714357168:/data/app/~~OOSnW3l0bQxJ0krQ5BPS_g==/com.evolucao.app.test-AmuWbG02LyIZ2FVjJI1E7A==/base.apk!classes3.dex*1380987315:/data/app/~~OOSnW3l0bQxJ0krQ5BPS_g==/com.evolucao.app.test-AmuWbG02LyIZ2FVjJI1E7A==/base.apk!classes4.dex*3771904477:/data/app/~~OOSnW3l0bQxJ0krQ5BPS_g==/com.evolucao.app.test-AmuWbG02LyIZ2FVjJI1E7A==/base.apk!classes5.dex*2127157885:/data/app/~~OOSnW3l0bQxJ0krQ5BPS_g==/com.evolucao.app.test-AmuWbG02LyIZ2FVjJI1E7A==/base.apk!classes6.dex*971414087:/data/app/~~OOSnW3l0bQxJ0krQ5BPS_g==/com.evolucao.app.test-AmuWbG02LyIZ2FVjJI1E7A==/base.apk!classes7.dex*742752503:/data/app/~~OOSnW3l0bQxJ0krQ5BPS_g==/com.evolucao.app.test-AmuWbG02LyIZ2FVjJI1E7A==/base.apk!classes8.dex*388434936:/data/app/~~OOSnW3l0bQxJ0krQ5BPS_g==/com.evolucao.app.test-AmuWbG02LyIZ2FVjJI1E7A==/base.apk!classes9.dex*209335023:/data/app/~~OOSnW3l0bQxJ0krQ5BPS_g==/com.evolucao.app.test-AmuWbG02LyIZ2FVjJI1E7A==/base.apk!classes10.dex*2871199926:/data/app/~~OOSnW3l0bQxJ0krQ5BPS_g==/com.evolucao.app.test-AmuWbG02LyIZ2FVjJI1E7A==/base.apk!classes11.dex*3957027005:/data/app/~~OOSnW3l0bQxJ0krQ5BPS_g==/com.evolucao.app.test-AmuWbG02LyIZ2FVjJI1E7A==/base.apk!classes12.dex*914099516:/data/app/~~OOSnW3l0bQxJ0krQ5BPS_g==/com.evolucao.app.test-AmuWbG02LyIZ2FVjJI1E7A==/base.apk!classes13.dex*4108993750:/data/app/~~OOSnW3l0bQxJ0krQ5BPS_g==/com.evolucao.app.test-AmuWbG02LyIZ2FVjJI1E7A==/base.apk!classes14.dex*1632137592:/data/app/~~OOSnW3l0bQxJ0krQ5BPS_g==/com.evolucao.app.test-AmuWbG02LyIZ2FVjJI1E7A==/base.apk!classes15.dex*1757943310:/data/app/~~OOSnW3l0bQxJ0krQ5BPS_g==/com.evolucao.app.test-AmuWbG02LyIZ2FVjJI1E7A==/base.apk!classes16.dex*931013159:/data/app/~~OOSnW3l0bQxJ0krQ5BPS_g==/com.evolucao.app.test-AmuWbG02LyIZ2FVjJI1E7A==/base.apk!classes17.dex*2782462504:/data/app/~~OOSnW3l0bQxJ0krQ5BPS_g==/com.evolucao.app.test-AmuWbG02LyIZ2FVjJI1E7A==/base.apk!classes18.dex*3468966139:/data/app/~~OOSnW3l0bQxJ0krQ5BPS_g==/com.evolucao.app.test-AmuWbG02LyIZ2FVjJI1E7A==/base.apk!classes19.dex*2267436335:/data/app/~~K-EiYAI3t2OZMdDDLoMySw==/com.evolucao.app-kAdMHqAY_wd3TvtPNTCXKQ==/base.apk*198750528:/data/app/~~K-EiYAI3t2OZMdDDLoMySw==/com.evolucao.app-kAdMHqAY_wd3TvtPNTCXKQ==/base.apk!classes2.dex*1675103030:/data/app/~~K-EiYAI3t2OZMdDDLoMySw==/com.evolucao.app-kAdMHqAY_wd3TvtPNTCXKQ==/base.apk!classes3.dex*1788775668:/data/app/~~K-EiYAI3t2OZMdDDLoMySw==/com.evolucao.app-kAdMHqAY_wd3TvtPNTCXKQ==/base.apk!classes4.dex*2572157285:/data/app/~~K-EiYAI3t2OZMdDDLoMySw==/com.evolucao.app-kAdMHqAY_wd3TvtPNTCXKQ==/base.apk!classes5.dex*3994030385:/data/app/~~K-EiYAI3t2OZMdDDLoMySw==/com.evolucao.app-kAdMHqAY_wd3TvtPNTCXKQ==/base.apk!classes6.dex*1028875939:/data/app/~~K-EiYAI3t2OZMdDDLoMySw==/com.evolucao.app-kAdMHqAY_wd3TvtPNTCXKQ==/base.apk!classes7.dex*2113616002:/data/app/~~K-EiYAI3t2OZMdDDLoMySw==/com.evolucao.app-kAdMHqAY_wd3TvtPNTCXKQ==/base.apk!classes8.dex*3287389796:/data/app/~~K-EiYAI3t2OZMdDDLoMySw==/com.evolucao.app-kAdMHqAY_wd3TvtPNTCXKQ==/base.apk!classes9.dex*2030025819:/data/app/~~K-EiYAI3t2OZMdDDLoMySw==/com.evolucao.app-kAdMHqAY_wd3TvtPNTCXKQ==/base.apk!classes10.dex*1917680387:/data/app/~~K-EiYAI3t2OZMdDDLoMySw==/com.evolucao.app-kAdMHqAY_wd3TvtPNTCXKQ==/base.apk!classes11.dex*152968521:/data/app/~~K-EiYAI3t2OZMdDDLoMySw==/com.evolucao.app-kAdMHqAY_wd3TvtPNTCXKQ==/base.apk!cla
04-06 11:11:18.694  8531  8531 W om.evolucao.app: ClassLoaderContext classpath size mismatch. expected=0, found=1 (PCL[] | PCL[/system/framework/android.test.runner.jar*2256426886]{PCL[/system/framework/android.test.base.jar*1628045882]#PCL[/system/framework/android.test.mock.jar*2695051129]#PCL[/system/framework/android.test.runner.jar*2256426886]{PCL[/system/framework/android.test.base.jar*1628045882]#PCL[/system/framework/android.test.mock.jar*2695051129]}};PCL[/system/framework/android.test.runner.jar*2256426886:/system/framework/android.test.mock.jar*2695051129:/system/framework/android.test.base.jar*1628045882:/data/app/~~OOSnW3l0bQxJ0krQ5BPS_g==/com.evolucao.app.test-AmuWbG02LyIZ2FVjJI1E7A==/base.apk*2272993428:/data/app/~~OOSnW3l0bQxJ0krQ5BPS_g==/com.evolucao.app.test-AmuWbG02LyIZ2FVjJI1E7A==/base.apk!classes2.dex*714357168:/data/app/~~OOSnW3l0bQxJ0krQ5BPS_g==/com.evolucao.app.test-AmuWbG02LyIZ2FVjJI1E7A==/base.apk!classes3.dex*1380987315:/data/app/~~OOSnW3l0bQxJ0krQ5BPS_g==/com.evolucao.app.test-AmuWbG02LyIZ2FVjJI1E7A==/base.apk!classes4.dex*3771904477:/data/app/~~OOSnW3l0bQxJ0krQ5BPS_g==/com.evolucao.app.test-AmuWbG02LyIZ2FVjJI1E7A==/base.apk!classes5.dex*2127157885:/data/app/~~OOSnW3l0bQxJ0krQ5BPS_g==/com.evolucao.app.test-AmuWbG02LyIZ2FVjJI1E7A==/base.apk!classes6.dex*971414087:/data/app/~~OOSnW3l0bQxJ0krQ5BPS_g==/com.evolucao.app.test-AmuWbG02LyIZ2FVjJI1E7A==/base.apk!classes7.dex*742752503:/data/app/~~OOSnW3l0bQxJ0krQ5BPS_g==/com.evolucao.app.test-AmuWbG02LyIZ2FVjJI1E7A==/base.apk!classes8.dex*388434936:/data/app/~~OOSnW3l0bQxJ0krQ5BPS_g==/com.evolucao.app.test-AmuWbG02LyIZ2FVjJI1E7A==/base.apk!classes9.dex*209335023:/data/app/~~OOSnW3l0bQxJ0krQ5BPS_g==/com.evolucao.app.test-AmuWbG02LyIZ2FVjJI1E7A==/base.apk!classes10.dex*2871199926:/data/app/~~OOSnW3l0bQxJ0krQ5BPS_g==/com.evolucao.app.test-AmuWbG02LyIZ2FVjJI1E7A==/base.apk!classes11.dex*3957027005:/data/app/~~OOSnW3l0bQxJ0krQ5BPS_g==/com.evolucao.app.test-AmuWbG02LyIZ2FVjJI1E7A==/base.apk!classes12.dex*914099516:/data/app/~~OOSnW3l0bQxJ0krQ5BPS_g==/com.evolucao.app.test-AmuWbG02LyIZ2FVjJI1E7A==/base.apk!classes13.dex*4108993750:/data/app/~~OOSnW3l0bQxJ0krQ5BPS_g==/com.evolucao.app.test-AmuWbG02LyIZ2FVjJI1E7A==/base.apk!classes14.dex*1632137592:/data/app/~~OOSnW3l0bQxJ0krQ5BPS_g==/com.evolucao.app.test-AmuWbG02LyIZ2FVjJI1E7A==/base.apk!classes15.dex*1757943310:/data/app/~~OOSnW3l0bQxJ0krQ5BPS_g==/com.evolucao.app.test-AmuWbG02LyIZ2FVjJI1E7A==/base.apk!classes16.dex*931013159:/data/app/~~OOSnW3l0bQxJ0krQ5BPS_g==/com.evolucao.app.test-AmuWbG02LyIZ2FVjJI1E7A==/base.apk!classes17.dex*2782462504:/data/app/~~OOSnW3l0bQxJ0krQ5BPS_g==/com.evolucao.app.test-AmuWbG02LyIZ2FVjJI1E7A==/base.apk!classes18.dex*3468966139:/data/app/~~OOSnW3l0bQxJ0krQ5BPS_g==/com.evolucao.app.test-AmuWbG02LyIZ2FVjJI1E7A==/base.apk!classes19.dex*2267436335:/data/app/~~K-EiYAI3t2OZMdDDLoMySw==/com.evolucao.app-kAdMHqAY_wd3TvtPNTCXKQ==/base.apk*198750528:/data/app/~~K-EiYAI3t2OZMdDDLoMySw==/com.evolucao.app-kAdMHqAY_wd3TvtPNTCXKQ==/base.apk!classes2.dex*1675103030:/data/app/~~K-EiYAI3t2OZMdDDLoMySw==/com.evolucao.app-kAdMHqAY_wd3TvtPNTCXKQ==/base.apk!classes3.dex*1788775668:/data/app/~~K-EiYAI3t2OZMdDDLoMySw==/com.evolucao.app-kAdMHqAY_wd3TvtPNTCXKQ==/base.apk!classes4.dex*2572157285:/data/app/~~K-EiYAI3t2OZMdDDLoMySw==/com.evolucao.app-kAdMHqAY_wd3TvtPNTCXKQ==/base.apk!classes5.dex*3994030385:/data/app/~~K-EiYAI3t2OZMdDDLoMySw==/com.evolucao.app-kAdMHqAY_wd3TvtPNTCXKQ==/base.apk!classes6.dex*1028875939:/data/app/~~K-EiYAI3t2OZMdDDLoMySw==/com.evolucao.app-kAdMHqAY_wd3TvtPNTCXKQ==/base.apk!classes7.dex*2113616002:/data/app/~~K-EiYAI3t2OZMdDDLoMySw==/com.evolucao.app-kAdMHqAY_wd3TvtPNTCXKQ==/base.apk!classes8.dex*3287389796:/data/app/~~K-EiYAI3t2OZMdDDLoMySw==/com.evolucao.app-kAdMHqAY_wd3TvtPNTCXKQ==/base.apk!classes9.dex*2030025819:/data/app/~~K-EiYAI3t2OZMdDDLoMySw==/com.evolucao.app-kAdMHqAY_wd3TvtPNTCXKQ==/base.apk!classes10.dex*1917680387:/data/app/~~K-EiYAI3t2OZMdDDLoMySw==/com.evolucao.app-kAdMHqAY_wd3TvtPNTCXKQ==/base.apk!classes11.dex*152968521:/data/app/~~K-EiYAI3t2OZMdDDLoMySw==/com.evo
04-06 11:11:18.696  8531  8531 W om.evolucao.app: ClassLoaderContext classpath size mismatch. expected=0, found=2 (PCL[] | PCL[/system/framework/android.test.runner.jar*2256426886:/system/framework/android.test.mock.jar*2695051129]{PCL[/system/framework/android.test.base.jar*1628045882]#PCL[/system/framework/android.test.mock.jar*2695051129]#PCL[/system/framework/android.test.runner.jar*2256426886]{PCL[/system/framework/android.test.base.jar*1628045882]#PCL[/system/framework/android.test.mock.jar*2695051129]}};PCL[/system/framework/android.test.runner.jar*2256426886:/system/framework/android.test.mock.jar*2695051129:/system/framework/android.test.base.jar*1628045882:/data/app/~~OOSnW3l0bQxJ0krQ5BPS_g==/com.evolucao.app.test-AmuWbG02LyIZ2FVjJI1E7A==/base.apk*2272993428:/data/app/~~OOSnW3l0bQxJ0krQ5BPS_g==/com.evolucao.app.test-AmuWbG02LyIZ2FVjJI1E7A==/base.apk!classes2.dex*714357168:/data/app/~~OOSnW3l0bQxJ0krQ5BPS_g==/com.evolucao.app.test-AmuWbG02LyIZ2FVjJI1E7A==/base.apk!classes3.dex*1380987315:/data/app/~~OOSnW3l0bQxJ0krQ5BPS_g==/com.evolucao.app.test-AmuWbG02LyIZ2FVjJI1E7A==/base.apk!classes4.dex*3771904477:/data/app/~~OOSnW3l0bQxJ0krQ5BPS_g==/com.evolucao.app.test-AmuWbG02LyIZ2FVjJI1E7A==/base.apk!classes5.dex*2127157885:/data/app/~~OOSnW3l0bQxJ0krQ5BPS_g==/com.evolucao.app.test-AmuWbG02LyIZ2FVjJI1E7A==/base.apk!classes6.dex*971414087:/data/app/~~OOSnW3l0bQxJ0krQ5BPS_g==/com.evolucao.app.test-AmuWbG02LyIZ2FVjJI1E7A==/base.apk!classes7.dex*742752503:/data/app/~~OOSnW3l0bQxJ0krQ5BPS_g==/com.evolucao.app.test-AmuWbG02LyIZ2FVjJI1E7A==/base.apk!classes8.dex*388434936:/data/app/~~OOSnW3l0bQxJ0krQ5BPS_g==/com.evolucao.app.test-AmuWbG02LyIZ2FVjJI1E7A==/base.apk!classes9.dex*209335023:/data/app/~~OOSnW3l0bQxJ0krQ5BPS_g==/com.evolucao.app.test-AmuWbG02LyIZ2FVjJI1E7A==/base.apk!classes10.dex*2871199926:/data/app/~~OOSnW3l0bQxJ0krQ5BPS_g==/com.evolucao.app.test-AmuWbG02LyIZ2FVjJI1E7A==/base.apk!classes11.dex*3957027005:/data/app/~~OOSnW3l0bQxJ0krQ5BPS_g==/com.evolucao.app.test-AmuWbG02LyIZ2FVjJI1E7A==/base.apk!classes12.dex*914099516:/data/app/~~OOSnW3l0bQxJ0krQ5BPS_g==/com.evolucao.app.test-AmuWbG02LyIZ2FVjJI1E7A==/base.apk!classes13.dex*4108993750:/data/app/~~OOSnW3l0bQxJ0krQ5BPS_g==/com.evolucao.app.test-AmuWbG02LyIZ2FVjJI1E7A==/base.apk!classes14.dex*1632137592:/data/app/~~OOSnW3l0bQxJ0krQ5BPS_g==/com.evolucao.app.test-AmuWbG02LyIZ2FVjJI1E7A==/base.apk!classes15.dex*1757943310:/data/app/~~OOSnW3l0bQxJ0krQ5BPS_g==/com.evolucao.app.test-AmuWbG02LyIZ2FVjJI1E7A==/base.apk!classes16.dex*931013159:/data/app/~~OOSnW3l0bQxJ0krQ5BPS_g==/com.evolucao.app.test-AmuWbG02LyIZ2FVjJI1E7A==/base.apk!classes17.dex*2782462504:/data/app/~~OOSnW3l0bQxJ0krQ5BPS_g==/com.evolucao.app.test-AmuWbG02LyIZ2FVjJI1E7A==/base.apk!classes18.dex*3468966139:/data/app/~~OOSnW3l0bQxJ0krQ5BPS_g==/com.evolucao.app.test-AmuWbG02LyIZ2FVjJI1E7A==/base.apk!classes19.dex*2267436335:/data/app/~~K-EiYAI3t2OZMdDDLoMySw==/com.evolucao.app-kAdMHqAY_wd3TvtPNTCXKQ==/base.apk*198750528:/data/app/~~K-EiYAI3t2OZMdDDLoMySw==/com.evolucao.app-kAdMHqAY_wd3TvtPNTCXKQ==/base.apk!classes2.dex*1675103030:/data/app/~~K-EiYAI3t2OZMdDDLoMySw==/com.evolucao.app-kAdMHqAY_wd3TvtPNTCXKQ==/base.apk!classes3.dex*1788775668:/data/app/~~K-EiYAI3t2OZMdDDLoMySw==/com.evolucao.app-kAdMHqAY_wd3TvtPNTCXKQ==/base.apk!classes4.dex*2572157285:/data/app/~~K-EiYAI3t2OZMdDDLoMySw==/com.evolucao.app-kAdMHqAY_wd3TvtPNTCXKQ==/base.apk!classes5.dex*3994030385:/data/app/~~K-EiYAI3t2OZMdDDLoMySw==/com.evolucao.app-kAdMHqAY_wd3TvtPNTCXKQ==/base.apk!classes6.dex*1028875939:/data/app/~~K-EiYAI3t2OZMdDDLoMySw==/com.evolucao.app-kAdMHqAY_wd3TvtPNTCXKQ==/base.apk!classes7.dex*2113616002:/data/app/~~K-EiYAI3t2OZMdDDLoMySw==/com.evolucao.app-kAdMHqAY_wd3TvtPNTCXKQ==/base.apk!classes8.dex*3287389796:/data/app/~~K-EiYAI3t2OZMdDDLoMySw==/com.evolucao.app-kAdMHqAY_wd3TvtPNTCXKQ==/base.apk!classes9.dex*2030025819:/data/app/~~K-EiYAI3t2OZMdDDLoMySw==/com.evolucao.app-kAdMHqAY_wd3TvtPNTCXKQ==/base.apk!classes10.dex*1917680387:/data/app/~~K-EiYAI3t2OZMdDDLoMySw==/com.evolucao.app-kAdMHqAY_wd3TvtPNTCXKQ==/base.apk!classes11.dex*152
04-06 11:11:18.696  8531  8531 W ziparchive: Unable to open '/data/app/~~OOSnW3l0bQxJ0krQ5BPS_g==/com.evolucao.app.test-AmuWbG02LyIZ2FVjJI1E7A==/base.dm': No such file or directory
04-06 11:11:18.696  8531  8531 W ziparchive: Unable to open '/data/app/~~OOSnW3l0bQxJ0krQ5BPS_g==/com.evolucao.app.test-AmuWbG02LyIZ2FVjJI1E7A==/base.dm': No such file or directory
04-06 11:11:18.763  8531  8531 W ziparchive: Unable to open '/data/app/~~K-EiYAI3t2OZMdDDLoMySw==/com.evolucao.app-kAdMHqAY_wd3TvtPNTCXKQ==/base.dm': No such file or directory
04-06 11:11:18.763  8531  8531 W ziparchive: Unable to open '/data/app/~~K-EiYAI3t2OZMdDDLoMySw==/com.evolucao.app-kAdMHqAY_wd3TvtPNTCXKQ==/base.dm': No such file or directory
04-06 11:11:19.044  8531  8531 D NetworkSecurityConfig: No Network Security Config specified, using platform default
04-06 11:11:19.054  8531  8531 D NetworkSecurityConfig: No Network Security Config specified, using platform default
04-06 11:11:19.054  8531  8531 I AndroidJUnitRunner: newApplication com.evolucao.app.MainApplication
04-06 11:11:19.065  8531  8531 W FirebaseApp: Default FirebaseApp failed to initialize because no default options were found. This usually means that com.google.gms:google-services was not applied to your gradle project.
04-06 11:11:19.065  8531  8531 I FirebaseInitProvider: FirebaseApp initialization unsuccessful
04-06 11:11:19.086  8531  8531 I AndroidJUnitRunner: onCreate Bundle[mParcelledData.dataSize=240]
04-06 11:11:19.087  8531  8531 D AndroidJUnitRunner: Use the raw file system for managing file I/O.
04-06 11:11:19.095  8531  8531 V TestEventClient: No service name argument was given (testDiscoveryService, testRunEventService or orchestratorService)
04-06 11:11:19.095  8531  8561 D AndroidJUnitRunner: onStart is called.
04-06 11:11:19.100  8531  8531 W SoLoader: Initializing SoLoader: 0
04-06 11:11:19.102  8531  8531 W SoLoader: Recording new base apk path: /data/app/~~K-EiYAI3t2OZMdDDLoMySw==/com.evolucao.app-kAdMHqAY_wd3TvtPNTCXKQ==/base.apk
04-06 11:11:19.102  8531  8531 W SoLoader: Previously recorded 0 base apk paths.
04-06 11:11:19.103  8531  8531 I SoLoader: Preparing SO source: DirectorySoSource[root = /vendor/lib64 flags = 2]
04-06 11:11:19.103  8531  8531 I SoLoader: Preparing SO source: DirectorySoSource[root = /system/lib64 flags = 2]
04-06 11:11:19.103  8531  8531 I SoLoader: Preparing SO source: DirectApkSoSource[root = [/data/app/~~K-EiYAI3t2OZMdDDLoMySw==/com.evolucao.app-kAdMHqAY_wd3TvtPNTCXKQ==/base.apk!/lib/arm64-v8a]]
04-06 11:11:19.121  8531  8531 I SoLoader: Preparing SO source: ApplicationSoSource[DirectorySoSource[root = /data/app/~~K-EiYAI3t2OZMdDDLoMySw==/com.evolucao.app-kAdMHqAY_wd3TvtPNTCXKQ==/lib/arm64 flags = 0]]
04-06 11:11:19.121  8531  8531 I SoLoader: init finish: 4 SO sources prepared
04-06 11:11:19.121  8531  8531 W SoLoader: SoLoader initialized: 8
04-06 11:11:19.143  8531  8531 D jni_lib_merge: Entering merged library JNI_OnLoad.
04-06 11:11:19.143  8531  8531 D jni_lib_merge: Preparing 12 pre-merged libs (including stub)
04-06 11:11:19.143  8531  8531 D jni_lib_merge: Preparing to register libfabricjni_so.  onload_func: 0x703d5c6f38
04-06 11:11:19.143  8531  8531 D jni_lib_merge: Preparing to register libreact_devsupportjni_so.  onload_func: 0x703d7cf81c
04-06 11:11:19.143  8531  8531 D jni_lib_merge: Preparing to register libreact_featureflagsjni_so.  onload_func: 0x703d7e1b7c
04-06 11:11:19.143  8531  8531 D jni_lib_merge: Preparing to register libreact_newarchdefaults_so.  onload_func: 0x703d886f24
04-06 11:11:19.143  8531  8531 D jni_lib_merge: Preparing to register libreactnativeblob_so.  onload_func: 0x703da99088
04-06 11:11:19.143  8531  8531 D jni_lib_merge: Preparing to register libreactnativejni_so.  onload_func: 0x703dadbffc
04-06 11:11:19.143  8531  8531 D jni_lib_merge: Preparing to register libreactnativejni_common_so.  onload_func: 0x703daec9f0
04-06 11:11:19.143  8531  8531 D jni_lib_merge: Preparing to register librninstance_so.  onload_func: 0x703db2b62c
04-06 11:11:19.143  8531  8531 D jni_lib_merge: Preparing to register libturbomodulejsijni_so.  onload_func: 0x703dc88734
04-06 11:11:19.143  8531  8531 D jni_lib_merge: Preparing to register libuimanagerjni_so.  onload_func: 0x703dca16e8
04-06 11:11:19.143  8531  8531 D jni_lib_merge: Preparing to register libyoga_so.  onload_func: 0x703dcb116c
04-06 11:11:19.143  8531  8531 D jni_lib_merge: About to register 11 actual methods.
04-06 11:11:19.151  8531  8531 D jni_lib_merge: Entering merged library JNI_OnLoad.
04-06 11:11:19.151  8531  8531 D jni_lib_merge: Preparing 12 pre-merged libs (including stub)
04-06 11:11:19.151  8531  8531 D jni_lib_merge: Preparing to register libfabricjni_so.  onload_func: 0x703d5c6f38
04-06 11:11:19.151  8531  8531 D jni_lib_merge: Preparing to register libreact_devsupportjni_so.  onload_func: 0x703d7cf81c
04-06 11:11:19.151  8531  8531 D jni_lib_merge: Preparing to register libreact_featureflagsjni_so.  onload_func: 0x703d7e1b7c
04-06 11:11:19.151  8531  8531 D jni_lib_merge: Preparing to register libreact_newarchdefaults_so.  onload_func: 0x703d886f24
04-06 11:11:19.151  8531  8531 D jni_lib_merge: Preparing to register libreactnativeblob_so.  onload_func: 0x703da99088
04-06 11:11:19.151  8531  8531 D jni_lib_merge: Preparing to register libreactnativejni_so.  onload_func: 0x703dadbffc
04-06 11:11:19.151  8531  8531 D jni_lib_merge: Preparing to register libreactnativejni_common_so.  onload_func: 0x703daec9f0
04-06 11:11:19.151  8531  8531 D jni_lib_merge: Preparing to register librninstance_so.  onload_func: 0x703db2b62c
04-06 11:11:19.151  8531  8531 D jni_lib_merge: Preparing to register libturbomodulejsijni_so.  onload_func: 0x703dc88734
04-06 11:11:19.151  8531  8531 D jni_lib_merge: Preparing to register libuimanagerjni_so.  onload_func: 0x703dca16e8
04-06 11:11:19.151  8531  8531 D jni_lib_merge: Preparing to register libyoga_so.  onload_func: 0x703dcb116c
04-06 11:11:19.151  8531  8531 D jni_lib_merge: About to register 11 actual methods.
04-06 11:11:19.236  8531  8561 D TestRequestBuilder: Using class path scanning to discover tests
04-06 11:11:19.237  8531  8561 I TestRequestBuilder: Scanning classpath to find tests in paths [/data/app/~~OOSnW3l0bQxJ0krQ5BPS_g==/com.evolucao.app.test-AmuWbG02LyIZ2FVjJI1E7A==/base.apk]
04-06 11:11:19.238  8531  8561 W om.evolucao.app: Opening an oat file without a class loader. Are you using the deprecated DexFile APIs?
04-06 11:11:19.635  8531  8561 I TestRunner: run started: 1 tests
04-06 11:11:19.636  8531  8561 I TestRunner: started: runDetoxTests(com.evolucao.app.DetoxTest)
04-06 11:11:19.643  8531  8561 I Detox   : Detox server connection details: url=ws://localhost:55228, sessionId=da0fdc5c-b147-72b8-60d8-8919cc0ef5c8
04-06 11:11:19.650  8531  8561 I Tracing : Tracer added: class androidx.test.platform.tracing.AndroidXTracer
04-06 11:11:19.669  8531  8561 W om.evolucao.app: Accessing hidden field Ljava/lang/reflect/Field;->accessFlags:I (unsupported, reflection, allowed)
04-06 11:11:19.677  8531  8561 I Detox   : Connecting to server...
04-06 11:11:19.677  8531  8561 I DetoxWSClient: At connectToServer
04-06 11:11:19.791  8531  8622 D TrafficStats: tagSocket(95) with statsTag=0xffffffff, statsUid=-1
04-06 11:11:19.805  8531  8622 D DetoxWSClient: At onOpen
04-06 11:11:19.805  8531  8622 I DetoxWSClient: Sending out action 'login' (ID #0)
04-06 11:11:19.805  8531  8622 I Detox   : Connected to server!
04-06 11:11:19.810  8531  8622 D DetoxWSClient: Received action 'loginSuccess' (ID #0, params={"testerConnected":true,"appConnected":true})
04-06 11:11:19.811  8531  8613 I DetoxDispatcher: Handling action 'loginSuccess' (ID #0)...
04-06 11:11:19.811  8531  8561 I Detox   : Launching the tested activity!
04-06 11:11:19.811  8531  8613 I DetoxDispatcher: Done with action 'loginSuccess'
04-06 11:11:19.848  8531  8622 D DetoxWSClient: Received action 'isReady' (ID #-1000, params={})
04-06 11:11:19.848  8531  8613 I DetoxDispatcher: Handling action 'isReady' (ID #-1000)...
04-06 11:11:19.864  8531  8641 D OpenGLRenderer: RenderThread::requireGlContext()
04-06 11:11:19.872  8531  8641 I AdrenoGLES-0: QUALCOMM build                   : db7e7066a2, I1fad33e957
04-06 11:11:19.872  8531  8641 I AdrenoGLES-0: Build Date                       : 05/11/25
04-06 11:11:19.872  8531  8641 I AdrenoGLES-0: OpenGL ES Shader Compiler Version: EV031.32.02.10
04-06 11:11:19.872  8531  8641 I AdrenoGLES-0: Local Branch                     : 
04-06 11:11:19.872  8531  8641 I AdrenoGLES-0: Remote Branch                    : refs/tags/AU_LINUX_ANDROID_LA.UM.9.12.11.00.00.582.697
04-06 11:11:19.872  8531  8641 I AdrenoGLES-0: Remote Branch                    : NONE
04-06 11:11:19.872  8531  8641 I AdrenoGLES-0: Reconstruct Branch               : NOTHING
04-06 11:11:19.872  8531  8641 I AdrenoGLES-0: Build Config                     : S P 10.0.7 AArch64
04-06 11:11:19.872  8531  8641 I AdrenoGLES-0: Driver Path                      : /vendor/lib64/egl/libGLESv2_adreno.so
04-06 11:11:19.882  8531  8641 I AdrenoGLES-0: PFP: 0x016dd093, ME: 0x00000000
04-06 11:11:19.891  8531  8641 D OpenGLRenderer: RenderThread::setGrContext()
04-06 11:11:19.908  8531  8531 D AppCompatDelegate: Checking for metadata for AppLocalesMetadataHolderService : Service not found
04-06 11:11:19.928  8531  8531 D LifecycleMonitor: Lifecycle status change: com.evolucao.app.MainActivity@64e06eb in: PRE_ON_CREATE
04-06 11:11:19.990  8531  8531 D SensorManager: registerListener :: 11, LSM6DSO Accelerometer, 66667, 0, 
04-06 11:11:20.016  8531  8661 D TrafficStats: tagSocket(107) with statsTag=0xffffffff, statsUid=-1
04-06 11:11:20.026  8531  8531 W unknown:BridgelessReact: ReactHost{0}.startSurface(surfaceId = 0): Schedule
04-06 11:11:20.026  8531  8531 W unknown:BridgelessReact: ReactHost{0}.attachSurface(surfaceId = 0)
04-06 11:11:20.030  8531  8662 W unknown:BridgelessReact: ReactHost{0}.getOrCreateReactInstanceTask()
04-06 11:11:20.030  8531  8662 W unknown:BridgelessReact: ReactHost{0}.getOrCreateReactInstanceTask(): Start
04-06 11:11:20.030  8531  8662 D Detox.RNMarker: REACT_BRIDGELESS_LOADING_START (null)
04-06 11:11:20.030  8531  8662 W unknown:BridgelessReact: ReactHost{0}.getJSBundleLoader()
04-06 11:11:20.030  8531  8662 W unknown:BridgelessReact: ReactHost{0}.isMetroRunning()
04-06 11:11:20.031  8531  8531 I DecorView: [INFO] isPopOver=false config=true
04-06 11:11:20.031  8531  8531 I DecorView: updateCaptionType: isFloating=false isApplication=true hasWindowDecorCaption=false this=DecorView@d45fea8[]
04-06 11:11:20.031  8531  8531 D DecorView: setCaptionType = 0, this = DecorView@d45fea8[]
04-06 11:11:20.032  8531  8663 D TrafficStats: tagSocket(109) with statsTag=0xffffffff, statsUid=-1
04-06 11:11:20.037  8531  8531 I DecorView: getCurrentDensityDpi: from real metrics. densityDpi=480 msg=resources_loaded
04-06 11:11:20.037  8531  8531 I DecorView: setWindowBackground: isPopOver=false color=ff303030 d=android.graphics.drawable.ColorDrawable@9505d54
04-06 11:11:20.043  8531  8531 W om.evolucao.app: Accessing hidden method Landroid/view/ViewGroup;->makeOptionalFitsSystemWindows()V (unsupported, reflection, allowed)
04-06 11:11:20.047  8531  8531 D LifecycleMonitor: Lifecycle status change: com.evolucao.app.MainActivity@64e06eb in: CREATED
04-06 11:11:20.049  8531  8531 D LifecycleMonitor: Lifecycle status change: com.evolucao.app.MainActivity@64e06eb in: STARTED
04-06 11:11:20.051  8531  8531 W unknown:BridgelessReact: ReactHost{0}.onHostResume(activity)
04-06 11:11:20.051  8531  8531 W unknown:ReactNative: Packager connection already open, nooping.
04-06 11:11:20.051  8531  8531 D LifecycleMonitor: Lifecycle status change: com.evolucao.app.MainActivity@64e06eb in: RESUMED
04-06 11:11:20.052  8531  8531 I MSHandlerLifeCycle: check: return. pkg=com.evolucao.app parent=null callers=com.android.internal.policy.DecorView.setVisibility:4412 android.app.ActivityThread.handleResumeActivity:5476 android.app.servertransaction.ResumeActivityItem.execute:54 android.app.servertransaction.ActivityTransactionItem.execute:45 android.app.servertransaction.TransactionExecutor.executeLifecycleState:176 
04-06 11:11:20.052  8531  8531 I MSHandlerLifeCycle: removeMultiSplitHandler: no exist. decor=DecorView@d45fea8[]
04-06 11:11:20.058  8531  8641 D NativeCustomFrequencyManager: [NativeCFMS] BpCustomFrequencyManager::BpCustomFrequencyManager()
04-06 11:11:20.062  8531  8531 I DecorView: notifyKeepScreenOnChanged: keepScreenOn=false
04-06 11:11:20.066  8531  8531 D InsetsController: onStateChanged: InsetsState: {mDisplayFrame=Rect(0, 0 - 1080, 2400), mDisplayCutout=DisplayCutout{insets=Rect(0, 88 - 0, 0) waterfall=Insets{left=0, top=0, right=0, bottom=0} boundingRect={Bounds=[Rect(0, 0 - 0, 0), Rect(512, 0 - 568, 88), Rect(0, 0 - 0, 0), Rect(0, 0 - 0, 0)]} cutoutPathParserInfo={CutoutPathParserInfo{displayWidth=1080 displayHeight=2400 physicalDisplayWidth=1080 physicalDisplayHeight=2400 density={3.0} cutoutSpec={M 0,0 M 0,10.71963616907435 a 9.280363830925644,9.280363830925644 0 1,0 0,18.56072766185129 a 9.280363830925644,9.280363830925644 0 1,0 0,-18.56072766185129 Z @dp} rotation={0} scale={1.0} physicalPixelDisplaySizeRatio={1.0}}}}, mRoundedCorners=RoundedCorners{[RoundedCorner{position=TopLeft, radius=96, center=Point(96, 96)}, RoundedCorner{position=TopRight, radius=96, center=Point(984, 96)}, RoundedCorner{position=BottomRight, radius=96, center=Point(984, 2304)}, RoundedCorner{position=BottomLeft, radius=96, center=Point(96, 2304)}]}  mRoundedCornerFrame=Rect(0, 0 - 1080, 2400), mPrivacyIndicatorBounds=PrivacyIndicatorBounds {static bounds=Rect(948, 0 - 1080, 88) rotation=0}, mSources= { InsetsSource: {mType=ITYPE_STATUS_BAR, mFrame=[0,0][1080,88], mVisible=true, mInsetsRoundedCornerFrame=false}, InsetsSource: {mType=ITYPE_NAVIGATION_BAR, mFrame=[0,2256][1080,2400], mVisible=true, mInsetsRoundedCornerFrame=false}, InsetsSource: {mType=ITYPE_LEFT_GESTURES, mFrame=[0,0][0,2400], mVisible=true, mInsetsRoundedCornerFrame=false}, InsetsSource: {mType=ITYPE_RIGHT_GESTURES, mFrame=[1080,0][1080,2400], mVisible=true, mInsetsRoundedCornerFrame=false}, InsetsSource: {mType=ITYPE_TOP_MANDATORY_GESTURES, mFrame=[0,0][1080,124], mVisible=true, mInsetsRoundedCornerFrame=false}, InsetsSource: {mType=ITYPE_BOTTOM_MANDATORY_GESTURES, mFrame=[0,2256][1080,2400], mVisible=true, mInsetsRoundedCornerFrame=false}, InsetsSource: {mType=ITYPE_LEFT_DISPLAY_CUTOUT, mFrame=[0,0][-100000,2400], mVisible=true, mInsetsRoundedCornerFrame=false}, InsetsSource: {mType=ITYPE_TOP_DISPLAY_CUTOUT, mFrame=[0,0][1080,88], mVisible=true, mInsetsRoundedCornerFrame=false}, InsetsSource: {mType=ITYPE_RIGHT_DISPLAY_CUTOUT, mFrame=[100000,0][1080,2400], mVisible=true, mInsetsRoundedCornerFrame=false}, InsetsSource: {mType=ITYPE_BOTTOM_DISPLAY_CUTOUT, mFrame=[0,100000][1080,2400], mVisible=true, mInsetsRoundedCornerFrame=false}, InsetsSource: {mType=ITYPE_TOP_TAPPABLE_ELEMENT, mFrame=[0,0][1080,88], mVisible=true, mInsetsRoundedCornerFrame=false}, InsetsSource: {mType=ITYPE_BOTTOM_TAPPABLE_ELEMENT, mFrame=[0,2256][1080,2400], mVisible=true, mInsetsRoundedCornerFrame=false}, InsetsSource: {mType=ITYPE_IME, mFrame=[0,0][0,0], mVisibleFrame=[0,1374][1080,2400], mVisible=false, mInsetsRoundedCornerFrame=false} } host=com.evolucao.app/com.evolucao.app.MainActivity from=android.view.ViewRootImpl.setView:1732
04-06 11:11:20.068  8531  8531 I ViewRootImpl@ac0a76d[MainActivity]: setView = com.android.internal.policy.DecorView@d45fea8 TM=false
04-06 11:11:20.069  8531  8531 I MSHandlerLifeCycle: removeMultiSplitHandler: no exist. decor=DecorView@d45fea8[MainActivity]
04-06 11:11:20.071  8531  8663 W unknown:BridgelessReact: ReactHost{0}.isMetroRunning(): Async result = true
04-06 11:11:20.072  8531  8662 W unknown:BridgelessReact: ReactHost{0}.loadJSBundleFromMetro()
04-06 11:11:20.072  8531  8662 D Detox.RNMarker: DOWNLOAD_START (null)
04-06 11:11:20.076  8531  8531 I ViewRootImpl@ac0a76d[MainActivity]: performTraversals params={(0,0)(fillxfill) sim={adjust=resize forwardNavigation} layoutInDisplayCutoutMode=always ty=BASE_APPLICATION wanim=0x1030309
04-06 11:11:20.076  8531  8531 I ViewRootImpl@ac0a76d[MainActivity]:   fl=81810100
04-06 11:11:20.076  8531  8531 I ViewRootImpl@ac0a76d[MainActivity]:   pfl=16020040
04-06 11:11:20.076  8531  8531 I ViewRootImpl@ac0a76d[MainActivity]:   vsysui=100
04-06 11:11:20.076  8531  8531 I ViewRootImpl@ac0a76d[MainActivity]:   bhv=DEFAULT
04-06 11:11:20.076  8531  8531 I ViewRootImpl@ac0a76d[MainActivity]:   fitSides= naviIconColor=0}
04-06 11:11:20.077  8531  8531 I ViewRootImpl@ac0a76d[MainActivity]: performTraversals mFirst=true windowShouldResize=true viewVisibilityChanged=false mForceNextWindowRelayout=false params={(0,0)(fillxfill) sim={adjust=resize forwardNavigation} layoutInDisplayCutoutMode=always ty=BASE_APPLICATION wanim=0x1030309
04-06 11:11:20.077  8531  8531 I ViewRootImpl@ac0a76d[MainActivity]:   fl=81810100
04-06 11:11:20.077  8531  8531 I ViewRootImpl@ac0a76d[MainActivity]:   pfl=16020040
04-06 11:11:20.077  8531  8531 I ViewRootImpl@ac0a76d[MainActivity]:   vsysui=100
04-06 11:11:20.077  8531  8531 I ViewRootImpl@ac0a76d[MainActivity]:   bhv=DEFAULT
04-06 11:11:20.077  8531  8531 I ViewRootImpl@ac0a76d[MainActivity]:   fitSides= naviIconColor=0}
04-06 11:11:20.083  8531  8531 I ViewRootImpl@ac0a76d[MainActivity]: updateBlastSurfaceIfNeeded mBlastBufferQueue=null isSameSurfaceControl=false
04-06 11:11:20.084  8531  8531 E BufferQueueProducer: Unable to open libpenguin.so: dlopen failed: library "libpenguin.so" not found.
04-06 11:11:20.084  8531  8531 I BLASTBufferQueue: new BLASTBufferQueue, mName= ViewRootImpl@ac0a76d[MainActivity] mNativeObject= 0xb4000070c2c34c00 sc.mNativeObject= 0xb4000070a0ce73c0 caller= android.view.ViewRootImpl.updateBlastSurfaceIfNeeded:2909 android.view.ViewRootImpl.relayoutWindow:9847 android.view.ViewRootImpl.performTraversals:3884 android.view.ViewRootImpl.doTraversal:3116 android.view.ViewRootImpl$TraversalRunnable.run:10885 android.view.Choreographer$CallbackRecord.run:1301 android.view.Choreographer$CallbackRecord.run:1309 android.view.Choreographer.doCallbacks:923 android.view.Choreographer.doFrame:852 android.view.Choreographer$FrameDisplayEventReceiver.run:1283 
04-06 11:11:20.084  8531  8531 I BLASTBufferQueue: update, w= 1080 h= 2400 mName = ViewRootImpl@ac0a76d[MainActivity] mNativeObject= 0xb4000070c2c34c00 sc.mNativeObject= 0xb4000070a0ce73c0 format= -1 caller= android.graphics.BLASTBufferQueue.<init>:84 android.view.ViewRootImpl.updateBlastSurfaceIfNeeded:2909 android.view.ViewRootImpl.relayoutWindow:9847 android.view.ViewRootImpl.performTraversals:3884 android.view.ViewRootImpl.doTraversal:3116 android.view.ViewRootImpl$TraversalRunnable.run:10885 
04-06 11:11:20.085  8531  8531 I ViewRootImpl@ac0a76d[MainActivity]: Relayout returned: old=(0,0,1080,2400) new=(0,0,1080,2400) req=(1080,2400)0 dur=6 res=0x3 s={true 0xb4000070b281d000} ch=true seqId=0
04-06 11:11:20.086  8531  8531 I ViewRootImpl@ac0a76d[MainActivity]: mThreadedRenderer.initialize() mSurface={isValid=true 0xb4000070b281d000} hwInitialized=true
04-06 11:11:20.087  8531  8531 I ViewRootImpl@ac0a76d[MainActivity]: reportNextDraw android.view.ViewRootImpl.performTraversals:4438 android.view.ViewRootImpl.doTraversal:3116 android.view.ViewRootImpl$TraversalRunnable.run:10885 android.view.Choreographer$CallbackRecord.run:1301 android.view.Choreographer$CallbackRecord.run:1309 
04-06 11:11:20.088  8531  8531 I ViewRootImpl@ac0a76d[MainActivity]: Setup new sync id=0
04-06 11:11:20.088  8531  8531 I ViewRootImpl@ac0a76d[MainActivity]: Setting syncFrameCallback
04-06 11:11:20.088  8531  8531 I ViewRootImpl@ac0a76d[MainActivity]: registerCallbacksForSync syncBuffer=false
04-06 11:11:20.090  8531  8641 D OpenGLRenderer: eglCreateWindowSurface
04-06 11:11:20.096  8531  8667 I ViewRootImpl@ac0a76d[MainActivity]: Received frameDrawingCallback syncResult=0 frameNum=1.
04-06 11:11:20.096  8531  8667 I ViewRootImpl@ac0a76d[MainActivity]: Setting up sync and frameCommitCallback
04-06 11:11:20.133  8531  8641 I BLASTBufferQueue: [ViewRootImpl@ac0a76d[MainActivity]#0](f:0,a:0) onFrameAvailable the first frame is available
04-06 11:11:20.133  8531  8641 I ViewRootImpl@ac0a76d[MainActivity]: Received frameCommittedCallback lastAttemptedDrawFrameNum=1 didProduceBuffer=true
04-06 11:11:20.134  8531  8641 D OpenGLRenderer: CFMS:: SetUp Pid : 8531    Tid : 8641
04-06 11:11:20.136  8531  8641 W Parcel  : Expecting binder but got null!
04-06 11:11:20.136  8531  8531 I ViewRootImpl@ac0a76d[MainActivity]: onSyncComplete
04-06 11:11:20.136  8531  8531 I ViewRootImpl@ac0a76d[MainActivity]: setupSync seqId=0 mSyncId=0 fn=1 caller=android.view.ViewRootImpl$$ExternalSyntheticLambda11.accept:6 android.window.SurfaceSyncer.lambda$setupSync$1$android-window-SurfaceSyncer:128 android.window.SurfaceSyncer$$ExternalSyntheticLambda1.accept:8 android.window.SurfaceSyncer$SyncSet.checkIfSyncIsComplete:382 android.window.SurfaceSyncer$SyncSet.markSyncReady:359 android.window.SurfaceSyncer.markSyncReady:151 android.view.ViewRootImpl.performTraversals:4503 
04-06 11:11:20.137  8531  8531 I ViewRootImpl@ac0a76d[MainActivity]: reportDrawFinished seqId=0 mSyncId=-1 fn=1 mSurfaceChangedTransaction=0xb4000070d4154500
04-06 11:11:20.140  8531  8531 D CompatibilityChangeReporter: Compat change id reported: 210923482; UID 10489; state: ENABLED
04-06 11:11:20.147  8531  8641 D NativeCustomFrequencyManager: [NativeCFMS] BpCustomFrequencyManager::BpCustomFrequencyManager()
04-06 11:11:20.151  8531  8531 D InsetsController: onStateChanged: InsetsState: {mDisplayFrame=Rect(0, 0 - 1080, 2400), mDisplayCutout=DisplayCutout{insets=Rect(0, 88 - 0, 0) waterfall=Insets{left=0, top=0, right=0, bottom=0} boundingRect={Bounds=[Rect(0, 0 - 0, 0), Rect(512, 0 - 568, 88), Rect(0, 0 - 0, 0), Rect(0, 0 - 0, 0)]} cutoutPathParserInfo={CutoutPathParserInfo{displayWidth=1080 displayHeight=2400 physicalDisplayWidth=1080 physicalDisplayHeight=2400 density={3.0} cutoutSpec={M 0,0 M 0,10.71963616907435 a 9.280363830925644,9.280363830925644 0 1,0 0,18.56072766185129 a 9.280363830925644,9.280363830925644 0 1,0 0,-18.56072766185129 Z @dp} rotation={0} scale={1.0} physicalPixelDisplaySizeRatio={1.0}}}}, mRoundedCorners=RoundedCorners{[RoundedCorner{position=TopLeft, radius=96, center=Point(96, 96)}, RoundedCorner{position=TopRight, radius=96, center=Point(984, 96)}, RoundedCorner{position=BottomRight, radius=96, center=Point(984, 2304)}, RoundedCorner{position=BottomLeft, radius=96, center=Point(96, 2304)}]}  mRoundedCornerFrame=Rect(0, 0 - 1080, 2400), mPrivacyIndicatorBounds=PrivacyIndicatorBounds {static bounds=Rect(948, 0 - 1080, 88) rotation=0}, mSources= { InsetsSource: {mType=ITYPE_STATUS_BAR, mFrame=[0,0][1080,88], mVisible=true, mInsetsRoundedCornerFrame=false}, InsetsSource: {mType=ITYPE_NAVIGATION_BAR, mFrame=[0,2256][1080,2400], mVisible=true, mInsetsRoundedCornerFrame=false}, InsetsSource: {mType=ITYPE_LEFT_GESTURES, mFrame=[0,0][0,2400], mVisible=true, mInsetsRoundedCornerFrame=false}, InsetsSource: {mType=ITYPE_RIGHT_GESTURES, mFrame=[1080,0][1080,2400], mVisible=true, mInsetsRoundedCornerFrame=false}, InsetsSource: {mType=ITYPE_TOP_MANDATORY_GESTURES, mFrame=[0,0][1080,124], mVisible=true, mInsetsRoundedCornerFrame=false}, InsetsSource: {mType=ITYPE_BOTTOM_MANDATORY_GESTURES, mFrame=[0,2256][1080,2400], mVisible=true, mInsetsRoundedCornerFrame=false}, InsetsSource: {mType=ITYPE_LEFT_DISPLAY_CUTOUT, mFrame=[0,0][-100000,2400], mVisible=true, mInsetsRoundedCornerFrame=false}, InsetsSource: {mType=ITYPE_TOP_DISPLAY_CUTOUT, mFrame=[0,0][1080,88], mVisible=true, mInsetsRoundedCornerFrame=false}, InsetsSource: {mType=ITYPE_RIGHT_DISPLAY_CUTOUT, mFrame=[100000,0][1080,2400], mVisible=true, mInsetsRoundedCornerFrame=false}, InsetsSource: {mType=ITYPE_BOTTOM_DISPLAY_CUTOUT, mFrame=[0,100000][1080,2400], mVisible=true, mInsetsRoundedCornerFrame=false}, InsetsSource: {mType=ITYPE_TOP_TAPPABLE_ELEMENT, mFrame=[0,0][1080,88], mVisible=true, mInsetsRoundedCornerFrame=false}, InsetsSource: {mType=ITYPE_BOTTOM_TAPPABLE_ELEMENT, mFrame=[0,2256][1080,2400], mVisible=true, mInsetsRoundedCornerFrame=false}, InsetsSource: {mType=ITYPE_IME, mFrame=[0,0][0,0], mVisibleFrame=[0,1374][1080,2400], mVisible=false, mInsetsRoundedCornerFrame=false} } host=PopupWindow:b18b023 from=android.view.ViewRootImpl.setView:1732
04-06 11:11:20.152  8531  8531 I ViewRootImpl@d3fd920[PopupWindow:b18b023]: setView = android.widget.PopupWindow$PopupDecorView@b19674c TM=false
04-06 11:11:20.156  8531  8531 I ViewRootImpl@d3fd920[PopupWindow:b18b023]: performTraversals params={(0,88)(fillxwrap) gr=TOP START CENTER sim={state=unchanged adjust=pan} ty=APPLICATION_PANEL fmt=TRANSLUCENT surfaceInsets=Rect(0, 0 - 0, 0) (manual)
04-06 11:11:20.156  8531  8531 I ViewRootImpl@d3fd920[PopupWindow:b18b023]:   fl=41800008
04-06 11:11:20.156  8531  8531 I ViewRootImpl@d3fd920[PopupWindow:b18b023]:   pfl=42018000
04-06 11:11:20.156  8531  8531 I ViewRootImpl@d3fd920[PopupWindow:b18b023]:   bhv=DEFAULT
04-06 11:11:20.156  8531  8531 I ViewRootImpl@d3fd920[PopupWindow:b18b023]:   fitTypes=STATUS_BARS NAVIGATION_BARS CAPTION_BAR naviIconColor=0
04-06 11:11:20.156  8531  8531 I ViewRootImpl@d3fd920[PopupWindow:b18b023]:   sfl=20000}
04-06 11:11:20.157  8531  8531 I ViewRootImpl@d3fd920[PopupWindow:b18b023]: performTraversals mFirst=true windowShouldResize=true viewVisibilityChanged=false mForceNextWindowRelayout=false params={(0,88)(fillxwrap) gr=TOP START CENTER sim={state=unchanged adjust=pan} ty=APPLICATION_PANEL fmt=TRANSLUCENT surfaceInsets=Rect(0, 0 - 0, 0) (manual)
04-06 11:11:20.157  8531  8531 I ViewRootImpl@d3fd920[PopupWindow:b18b023]:   fl=41800008
04-06 11:11:20.157  8531  8531 I ViewRootImpl@d3fd920[PopupWindow:b18b023]:   pfl=42018000
04-06 11:11:20.157  8531  8531 I ViewRootImpl@d3fd920[PopupWindow:b18b023]:   bhv=DEFAULT
04-06 11:11:20.157  8531  8531 I ViewRootImpl@d3fd920[PopupWindow:b18b023]:   fitTypes=STATUS_BARS NAVIGATION_BARS CAPTION_BAR naviIconColor=0
04-06 11:11:20.157  8531  8531 I ViewRootImpl@d3fd920[PopupWindow:b18b023]:   sfl=20000}
04-06 11:11:20.163  8531  8550 I ViewRootImpl@d3fd920[PopupWindow:b18b023]: Resizing android.view.ViewRootImpl@8125395: frame = [0,88][1080,167] reportDraw = true forceLayout = false syncSeqId = 0
04-06 11:11:20.163  8531  8531 I ViewRootImpl@d3fd920[PopupWindow:b18b023]: updateBlastSurfaceIfNeeded mBlastBufferQueue=null isSameSurfaceControl=false
04-06 11:11:20.163  8531  8531 I BLASTBufferQueue: new BLASTBufferQueue, mName= ViewRootImpl@d3fd920[PopupWindow:b18b023] mNativeObject= 0xb4000070b25dd800 sc.mNativeObject= 0xb4000070a0ce87c0 caller= android.view.ViewRootImpl.updateBlastSurfaceIfNeeded:2909 android.view.ViewRootImpl.relayoutWindow:9847 android.view.ViewRootImpl.performTraversals:3884 android.view.ViewRootImpl.doTraversal:3116 android.view.ViewRootImpl$TraversalRunnable.run:10885 android.view.Choreographer$CallbackRecord.run:1301 android.view.Choreographer$CallbackRecord.run:1309 android.view.Choreographer.doCallbacks:923 android.view.Choreographer.doFrame:852 android.view.Choreographer$FrameDisplayEventReceiver.run:1283 
04-06 11:11:20.163  8531  8531 I BLASTBufferQueue: update, w= 1080 h= 79 mName = ViewRootImpl@d3fd920[PopupWindow:b18b023] mNativeObject= 0xb4000070b25dd800 sc.mNativeObject= 0xb4000070a0ce87c0 format= -3 caller= android.graphics.BLASTBufferQueue.<init>:84 android.view.ViewRootImpl.updateBlastSurfaceIfNeeded:2909 android.view.ViewRootImpl.relayoutWindow:9847 android.view.ViewRootImpl.performTraversals:3884 android.view.ViewRootImpl.doTraversal:3116 android.view.ViewRootImpl$TraversalRunnable.run:10885 
04-06 11:11:20.164  8531  8531 I ViewRootImpl@d3fd920[PopupWindow:b18b023]: Relayout returned: old=(0,88,1080,2256) new=(0,88,1080,167) req=(1080,79)0 dur=6 res=0x3 s={true 0xb4000070b281f800} ch=true seqId=0
04-06 11:11:20.164  8531  8531 I ViewRootImpl@d3fd920[PopupWindow:b18b023]: mThreadedRenderer.initialize() mSurface={isValid=true 0xb4000070b281f800} hwInitialized=true
04-06 11:11:20.165  8531  8641 D OpenGLRenderer: eglCreateWindowSurface
04-06 11:11:20.165  8531  8531 I ViewRootImpl@d3fd920[PopupWindow:b18b023]: reportNextDraw android.view.ViewRootImpl.performTraversals:4438 android.view.ViewRootImpl.doTraversal:3116 android.view.ViewRootImpl$TraversalRunnable.run:10885 android.view.Choreographer$CallbackRecord.run:1301 android.view.Choreographer$CallbackRecord.run:1309 
04-06 11:11:20.165  8531  8531 I ViewRootImpl@d3fd920[PopupWindow:b18b023]: Setup new sync id=0
04-06 11:11:20.166  8531  8531 I ViewRootImpl@d3fd920[PopupWindow:b18b023]: Setting syncFrameCallback
04-06 11:11:20.166  8531  8531 I ViewRootImpl@d3fd920[PopupWindow:b18b023]: registerCallbacksForSync syncBuffer=false
04-06 11:11:20.167  8531  8668 I ViewRootImpl@d3fd920[PopupWindow:b18b023]: Received frameDrawingCallback syncResult=0 frameNum=1.
04-06 11:11:20.167  8531  8668 I ViewRootImpl@d3fd920[PopupWindow:b18b023]: Setting up sync and frameCommitCallback
04-06 11:11:20.174  8531  8641 I BLASTBufferQueue: [ViewRootImpl@d3fd920[PopupWindow:b18b023]#1](f:0,a:0) onFrameAvailable the first frame is available
04-06 11:11:20.174  8531  8641 I ViewRootImpl@d3fd920[PopupWindow:b18b023]: Received frameCommittedCallback lastAttemptedDrawFrameNum=1 didProduceBuffer=true
04-06 11:11:20.175  8531  8641 D OpenGLRenderer: CFMS:: SetUp Pid : 8531    Tid : 8641
04-06 11:11:20.175  8531  8641 W Parcel  : Expecting binder but got null!
04-06 11:11:20.175  8531  8531 I ViewRootImpl@d3fd920[PopupWindow:b18b023]: onSyncComplete
04-06 11:11:20.175  8531  8531 I ViewRootImpl@d3fd920[PopupWindow:b18b023]: setupSync seqId=0 mSyncId=0 fn=1 caller=android.view.ViewRootImpl$$ExternalSyntheticLambda11.accept:6 android.window.SurfaceSyncer.lambda$setupSync$1$android-window-SurfaceSyncer:128 android.window.SurfaceSyncer$$ExternalSyntheticLambda1.accept:8 android.window.SurfaceSyncer$SyncSet.checkIfSyncIsComplete:382 android.window.SurfaceSyncer$SyncSet.markSyncReady:359 android.window.SurfaceSyncer.markSyncReady:151 android.view.ViewRootImpl.performTraversals:4503 
04-06 11:11:20.176  8531  8531 I ViewRootImpl@d3fd920[PopupWindow:b18b023]: reportDrawFinished seqId=0 mSyncId=-1 fn=1 mSurfaceChangedTransaction=0xb4000070a0c15300
04-06 11:11:20.177  8531  8531 I ViewRootImpl@ac0a76d[MainActivity]: MSG_WINDOW_FOCUS_CHANGED 1 0
04-06 11:11:20.177  8531  8531 I ViewRootImpl@ac0a76d[MainActivity]: mThreadedRenderer.initializeIfNeeded()#2 mSurface={isValid=true 0xb4000070b281d000}
04-06 11:11:20.178  8531  8531 W unknown:BridgelessReact: ReactHost{0}.raiseSoftException(onWindowFocusChange(hasFocus = "true")): Tried to access onWindowFocusChange while context is not ready
04-06 11:11:20.178  8531  8531 E unknown:ReactHost: Unhandled SoftException
04-06 11:11:20.178  8531  8531 E unknown:ReactHost: com.facebook.react.bridge.ReactNoCrashSoftException: raiseSoftException(onWindowFocusChange(hasFocus = "true")): Tried to access onWindowFocusChange while context is not ready
04-06 11:11:20.178  8531  8531 E unknown:ReactHost: 	at com.facebook.react.runtime.ReactHostImpl.raiseSoftException(ReactHostImpl.kt:861)
04-06 11:11:20.178  8531  8531 E unknown:ReactHost: 	at com.facebook.react.runtime.ReactHostImpl.raiseSoftException$default(ReactHostImpl.kt:852)
04-06 11:11:20.178  8531  8531 E unknown:ReactHost: 	at com.facebook.react.runtime.ReactHostImpl.onWindowFocusChange(ReactHostImpl.kt:625)
04-06 11:11:20.178  8531  8531 E unknown:ReactHost: 	at com.facebook.react.ReactDelegate.onWindowFocusChanged(ReactDelegate.kt:232)
04-06 11:11:20.178  8531  8531 E unknown:ReactHost: 	at com.facebook.react.ReactActivityDelegate.onWindowFocusChanged(ReactActivityDelegate.java:237)
04-06 11:11:20.178  8531  8531 E unknown:ReactHost: 	at expo.modules.ReactActivityDelegateWrapper$onWindowFocusChanged$1.invokeSuspend(ReactActivityDelegateWrapper.kt:320)
04-06 11:11:20.178  8531  8531 E unknown:ReactHost: 	at expo.modules.ReactActivityDelegateWrapper$onWindowFocusChanged$1.invoke(Unknown Source:8)
04-06 11:11:20.178  8531  8531 E unknown:ReactHost: 	at expo.modules.ReactActivityDelegateWrapper$onWindowFocusChanged$1.invoke(Unknown Source:4)
04-06 11:11:20.178  8531  8531 E unknown:ReactHost: 	at expo.modules.ReactActivityDelegateWrapper$launchLifecycleScopeWithLock$1.invokeSuspend(ReactActivityDelegateWrapper.kt:452)
04-06 11:11:20.178  8531  8531 E unknown:ReactHost: 	at kotlin.coroutines.jvm.internal.BaseContinuationImpl.resumeWith(ContinuationImpl.kt:33)
04-06 11:11:20.178  8531  8531 E unknown:ReactHost: 	at kotlinx.coroutines.internal.DispatchedContinuationKt.resumeCancellableWith(DispatchedContinuation.kt:375)
04-06 11:11:20.178  8531  8531 E unknown:ReactHost: 	at kotlinx.coroutines.intrinsics.CancellableKt.startCoroutineCancellable(Cancellable.kt:26)
04-06 11:11:20.178  8531  8531 E unknown:ReactHost: 	at kotlinx.coroutines.CoroutineStart.invoke(CoroutineStart.kt:358)
04-06 11:11:20.178  8531  8531 E unknown:ReactHost: 	at kotlinx.coroutines.AbstractCoroutine.start(AbstractCoroutine.kt:134)
04-06 11:11:20.178  8531  8531 E unknown:ReactHost: 	at kotlinx.coroutines.BuildersKt__Builders_commonKt.launch(Builders.common.kt:53)
04-06 11:11:20.178  8531  8531 E unknown:ReactHost: 	at kotlinx.coroutines.BuildersKt.launch(Unknown Source:1)
04-06 11:11:20.178  8531  8531 E unknown:ReactHost: 	at kotlinx.coroutines.BuildersKt__Builders_commonKt.launch$default(Builders.common.kt:44)
04-06 11:11:20.178  8531  8531 E unknown:ReactHost: 	at kotlinx.coroutines.BuildersKt.launch$default(Unknown Source:1)
04-06 11:11:20.178  8531  8531 E unknown:ReactHost: 	at expo.modules.ReactActivityDelegateWrapper.launchLifecycleScopeWithLock(ReactActivityDelegateWrapper.kt:450)
04-06 11:11:20.178  8531  8531 E unknown:ReactHost: 	at expo.modules.ReactActivityDelegateWrapper.launchLifecycleScopeWithLock$default(ReactActivityDelegateWrapper.kt:446)
04-06 11:11:20.178  8531  8531 E unknown:ReactHost: 	at expo.modules.ReactActivityDelegateWrapper.onWindowFocusChanged(ReactActivityDelegateWrapper.kt:318)
04-06 11:11:20.178  8531  8531 E unknown:ReactHost: 	at com.facebook.react.ReactActivity.onWindowFocusChanged(ReactActivity.java:158)
04-06 11:11:20.178  8531  8531 E unknown:ReactHost: 	at androidx.appcompat.view.WindowCallbackWrapper.onWindowFocusChanged(WindowCallbackWrapper.java:124)
04-06 11:11:20.178  8531  8531 E unknown:ReactHost: 	at com.android.internal.policy.DecorView.onWindowFocusChanged(DecorView.java:2710)
04-06 11:11:20.178  8531  8531 E unknown:ReactHost: 	at android.view.View.dispatchWindowFocusChanged(View.java:15817)
04-06 11:11:20.178  8531  8531 E unknown:ReactHost: 	at android.view.ViewGroup.dispatchWindowFocusChanged(ViewGroup.java:1512)
04-06 11:11:20.178  8531  8531 E unknown:ReactHost: 	at android.view.ViewRootImpl.handleWindowFocusChanged(ViewRootImpl.java:4678)
04-06 11:11:20.178  8531  8531 E unknown:ReactHost: 	at android.view.ViewRootImpl.-$$Nest$mhandleWindowFocusChanged(Unknown Source:0)
04-06 11:11:20.178  8531  8531 E unknown:ReactHost: 	at android.view.ViewRootImpl$ViewRootHandler.handleMessageImpl(ViewRootImpl.java:6788)
04-06 11:11:20.178  8531  8531 E unknown:ReactHost: 	at android.view.ViewRootImpl$ViewRootHandler.handleMessage(ViewRootImpl.java:6697)
04-06 11:11:20.178  8531  8531 E unknown:ReactHost: 	at android.os.Handler.dispatchMessage(Handler.java:106)
04-06 11:11:20.178  8531  8531 E unknown:ReactHost: 	at android.os.Looper.loopOnce(Looper.java:226)
04-06 11:11:20.178  8531  8531 E unknown:ReactHost: 	at android.os.Looper.loop(Looper.java:313)
04-06 11:11:20.178  8531  8531 E unknown:ReactHost: 	at android.app.ActivityThread.main(ActivityThread.java:8762)
04-06 11:11:20.178  8531  8531 E unknown:ReactHost: 	at java.lang.reflect.Method.invoke(Native Method)
04-06 11:11:20.178  8531  8531 E unknown:ReactHost: 	at com.android.internal.os.RuntimeInit$MethodAndArgsCaller.run(RuntimeInit.java:604)
04-06 11:11:20.178  8531  8531 E unknown:ReactHost: 	at com.android.internal.os.ZygoteInit.main(ZygoteInit.java:1067)
04-06 11:11:20.179  8531  8531 D InputMethodManager: startInputInner - Id : 0
04-06 11:11:20.179  8531  8531 I InputMethodManager: startInputInner - mService.startInputOrWindowGainedFocus
04-06 11:11:20.184  8531  8531 I ViewRootImpl@d3fd920[PopupWindow:b18b023]: handleResized, msg = 5 frames=ClientWindowFrames{frame=[0,88][1080,167] display=[0,88][1080,2256] parentFrame=[0,0][0,0] parentClippedByDisplayCutout=false} forceNextWindowRelayout=false displayId=0 resizeMode=-1 frameChanged=false displayFrameChanged=false configChanged=false displayChanged=false
04-06 11:11:20.184  8531  8531 I ViewRootImpl@d3fd920[PopupWindow:b18b023]: handleResized mSyncSeqId = 0
04-06 11:11:20.184  8531  8531 I ViewRootImpl@d3fd920[PopupWindow:b18b023]: reportNextDraw android.view.ViewRootImpl.handleResized:2450 android.view.ViewRootImpl.-$$Nest$mhandleResized:0 android.view.ViewRootImpl$ViewRootHandler.handleMessageImpl:6728 android.view.ViewRootImpl$ViewRootHandler.handleMessage:6697 android.os.Handler.dispatchMessage:106 
04-06 11:11:20.188  8531  8531 D InputMethodManager: startInputInner - Id : 0
04-06 11:11:20.192  8531  8531 I ViewRootImpl@d3fd920[PopupWindow:b18b023]: Setup new sync id=1
04-06 11:11:20.192  8531  8531 I ViewRootImpl@d3fd920[PopupWindow:b18b023]: Setting syncFrameCallback
04-06 11:11:20.192  8531  8531 I ViewRootImpl@d3fd920[PopupWindow:b18b023]: registerCallbacksForSync syncBuffer=false
04-06 11:11:20.194  8531  8667 I ViewRootImpl@d3fd920[PopupWindow:b18b023]: Received frameDrawingCallback syncResult=0 frameNum=3.
04-06 11:11:20.195  8531  8667 I ViewRootImpl@d3fd920[PopupWindow:b18b023]: Setting up sync and frameCommitCallback
04-06 11:11:20.200  8531  8641 I ViewRootImpl@d3fd920[PopupWindow:b18b023]: Received frameCommittedCallback lastAttemptedDrawFrameNum=3 didProduceBuffer=true
04-06 11:11:20.200  8531  8531 I ViewRootImpl@d3fd920[PopupWindow:b18b023]: onSyncComplete
04-06 11:11:20.200  8531  8531 I ViewRootImpl@d3fd920[PopupWindow:b18b023]: setupSync seqId=0 mSyncId=1 fn=3 caller=android.view.ViewRootImpl$$ExternalSyntheticLambda11.accept:6 android.window.SurfaceSyncer.lambda$setupSync$1$android-window-SurfaceSyncer:128 android.window.SurfaceSyncer$$ExternalSyntheticLambda1.accept:8 android.window.SurfaceSyncer$SyncSet.checkIfSyncIsComplete:382 android.window.SurfaceSyncer$SyncSet.markSyncReady:359 android.window.SurfaceSyncer.markSyncReady:151 android.view.ViewRootImpl.performTraversals:4503 
04-06 11:11:20.200  8531  8531 I ViewRootImpl@d3fd920[PopupWindow:b18b023]: reportDrawFinished seqId=0 mSyncId=-1 fn=3 mSurfaceChangedTransaction=0xb4000070a0c15300
04-06 11:11:20.444  8531  8663 D Detox.RNMarker: DOWNLOAD_END ({"url":"http:\/\/localhost:8081\/.expo\/.virtual-metro-entry.bundle?platform=android&dev=true&lazy=true&minify=false&app=com.evolucao.app&modulesOnly=false&runModule=true&excludeSource=true&sourcePaths=url-server","filesChangedCount":0})
04-06 11:11:20.444  8531  8663 W unknown:BridgelessReact: ReactHost{0}.loadJSBundleFromMetro(): Creating BundleLoader
04-06 11:11:20.445  8531  8662 W unknown:BridgelessReact: ReactHost{0}.getOrCreateReactInstanceTask(): Creating BridgelessReactContext
04-06 11:11:20.446  8531  8662 W unknown:BridgelessReact: ReactHost{0}.getOrCreateReactInstanceTask(): Creating ReactInstance
04-06 11:11:20.448  8531  8641 D OpenGLRenderer: setSurface called with nullptr
04-06 11:11:20.448  8531  8641 D OpenGLRenderer: setSurface() destroyed EGLSurface
04-06 11:11:20.448  8531  8641 D OpenGLRenderer: destroyEglSurface
04-06 11:11:20.448  8531  8531 I ViewRootImpl@d3fd920[PopupWindow:b18b023]: dispatchDetachedFromWindow
04-06 11:11:20.452  8531  8531 D InputTransport: Input channel destroyed: 'e8a524b', fd=123
04-06 11:11:20.467  8531  8663 D TrafficStats: tagSocket(131) with statsTag=0xffffffff, statsUid=-1
04-06 11:11:20.469  8531  8662 D jni_lib_merge: Entering merged library JNI_OnLoad.
04-06 11:11:20.469  8531  8662 D jni_lib_merge: Preparing 4 pre-merged libs (including stub)
04-06 11:11:20.469  8531  8662 D jni_lib_merge: Preparing to register libhermes_executor_so.  onload_func: 0x7018db2fa4
04-06 11:11:20.469  8531  8662 D jni_lib_merge: Preparing to register libhermesinstancejni_so.  onload_func: 0x7018dec8b4
04-06 11:11:20.469  8531  8662 D jni_lib_merge: Preparing to register libjsijniprofiler_so.  onload_func: 0x7018dee8f8
04-06 11:11:20.469  8531  8662 D jni_lib_merge: About to register 3 actual methods.
04-06 11:11:20.591  8531  8662 I ExpoModulesCore: ✅ AppContext was initialized
04-06 11:11:20.620  8531  8662 W unknown:BridgelessReact: ReactHost{0}.getOrCreateReactInstanceTask(): Loading JS Bundle
04-06 11:11:20.620  8531  8662 W unknown:BridgelessReact: ReactHost{0}.getOrCreateReactInstanceTask(): DevSupportManager.onNewReactContextCreated()
04-06 11:11:20.620  8531  8688 D Detox.RNMarker: RUN_JS_BUNDLE_START (/.virtual-metro-entry.bundle?platform=android&dev=true&lazy=true&minify=false&app=com.evolucao.app&modulesOnly=false&runModule=true&excludeSource=true&sourcePaths=url-server)
04-06 11:11:20.623  8531  8531 W unknown:ReactNative: Packager connection already open, nooping.
04-06 11:11:20.628  8531  8531 W unknown:BridgelessReact: ReactHost{0}.ReactContext.onHostResume()
04-06 11:11:20.630  8531  8662 W unknown:BridgelessReact: ReactHost{0}.startSurface(surfaceId = 0): Execute
04-06 11:11:20.633  8531  8531 W unknown:BridgelessReact: ReactHost{0}.getOrCreateReactInstanceTask(): Executing ReactInstanceEventListeners
04-06 11:11:20.633  8531  8531 I DetoxRNLoading: Got new RN-context through listener
04-06 11:11:20.634  8531  8561 I DetoxRNIdleRes: Setting up Espresso Idling Resources for React Native
04-06 11:11:20.644  8531  8531 D DetoxRNHelpers: Native RN module resolution (class com.reactnativecommunity.asyncstorage.AsyncStorageModule): no registered module found
04-06 11:11:20.644  8531  8561 D IdlingRegistry: Registering idling resources: [com.wix.detox.reactnative.idlingresources.uimodule.fabric.FabricUIManagerIdlingResources@8bb8100]
04-06 11:11:20.644  8531  8561 D IdlingRegistry: Registering idling resources: [com.wix.detox.reactnative.idlingresources.animations.AnimatedModuleIdlingResource@f241d39]
04-06 11:11:20.644  8531  8561 D IdlingRegistry: Registering idling resources: [com.wix.detox.reactnative.idlingresources.timers.FabricTimersIdlingResource@65dff7e]
04-06 11:11:20.644  8531  8561 D IdlingRegistry: Registering idling resources: [com.wix.detox.reactnative.idlingresources.network.NetworkIdlingResource@3525cdf]
04-06 11:11:20.644  8531  8561 D IdlingRegistry: Registering idling resources: [com.wix.detox.reactnative.idlingresources.StabilizedIdlingResource@5d7ad2c]
04-06 11:11:20.655  8531  8689 W om.evolucao.app: Accessing hidden method Landroid/os/MessageQueue;->next()Landroid/os/Message; (unsupported, reflection, allowed)
04-06 11:11:20.655  8531  8689 W om.evolucao.app: Accessing hidden field Landroid/os/MessageQueue;->mMessages:Landroid/os/Message; (unsupported, reflection, allowed)
04-06 11:11:20.655  8531  8689 W om.evolucao.app: Accessing hidden method Landroid/os/Message;->recycleUnchecked()V (unsupported, reflection, allowed)
04-06 11:11:20.827  8531  8531 D DetoxRNHelpers: Native RN module resolution (class com.reactnativecommunity.asyncstorage.AsyncStorageModule): no registered module found
04-06 11:11:20.828  8531  8613 W om.evolucao.app: Long monitor contention with owner Instr: androidx.test.runner.AndroidJUnitRunner (8561) at void com.wix.detox.DetoxMain.launchActivityOnCue(android.content.Context, com.wix.detox.ActivityLaunchHelper)(DetoxMain.kt:53) waiters=0 in void com.wix.detox.DetoxMain$setupActionHandlers$SynchronizedActionHandler.handle(java.lang.String, long) for 979ms
04-06 11:11:20.891  8531  8689 I WebViewFactory: Loading com.google.android.webview version 146.0.7680.164 (code 768016403)
04-06 11:11:20.893  8531  8689 D ApplicationLoaders: Returning zygote-cached class loader: /system/framework/android.test.base.jar
04-06 11:11:20.898  8531  8689 D nativeloader: Configuring classloader-namespace for other apk /data/app/~~23ppwVuk64Fm9vdWCRWMMw==/com.google.android.webview-FPIphznatdLDx2VBYoD68A==/base.apk. target_sdk_version=36, uses_libraries=, library_path=/data/app/~~23ppwVuk64Fm9vdWCRWMMw==/com.google.android.webview-FPIphznatdLDx2VBYoD68A==/lib/arm64:/data/app/~~23ppwVuk64Fm9vdWCRWMMw==/com.google.android.webview-FPIphznatdLDx2VBYoD68A==/base.apk!/lib/arm64-v8a, permitted_path=/data:/mnt/expand
04-06 11:11:20.922  8531  8689 I cr_WVCFactoryProvider: version=146.0.7680.164 (768016403) minSdkVersion=29 multiprocess=true packageId=127 splits=<none>
04-06 11:11:20.936  8531  8708 I chromium: [0406/111120.933948:INFO:android_webview/browser/variations/variations_seed_loader.cc:67] Failed to open file for reading.: No such file or directory (2)
04-06 11:11:20.936  8531  8708 I chromium: [0406/111120.936488:INFO:android_webview/browser/variations/variations_seed_loader.cc:67] Failed to open file for reading.: No such file or directory (2)
04-06 11:11:20.948  8531  8689 I cr_LibraryLoader: Successfully loaded native library
04-06 11:11:20.953  8531  8688 W BridgelessReactContext: [WARNING] Bridgeless doesn't support CatalystInstance. Accessing an API that's not part of the new architecture is not encouraged usage.
04-06 11:11:20.953  8531  8689 I cr_CachingUmaRecorder: Flushed 16 samples from 16 histograms, 0 samples were dropped.
04-06 11:11:20.962  8531  8688 I ExpoModulesCore: ✅ JSI interop was installed
04-06 11:11:20.965  8531  8688 I ExpoModulesCore: ✅ Constants were exported
04-06 11:11:20.979  8531  8713 D TrafficStats: tagSocket(143) with statsTag=0xffffffff, statsUid=-1
04-06 11:11:20.981  8531  8713 D TrafficStats: tagSocket(143) with statsTag=0xffffffff, statsUid=-1
04-06 11:11:21.014  8531  8688 W unknown:ViewManagerPropertyUpdater: Could not find generated setter for class com.th3rdwave.safeareacontext.SafeAreaProviderManager
04-06 11:11:21.017  8531  8688 W unknown:ViewManagerPropertyUpdater: Could not find generated setter for class com.facebook.react.uimanager.LayoutShadowNode
04-06 11:11:21.019  8531  8688 W unknown:ViewManagerPropertyUpdater: Could not find generated setter for class com.swmansion.rnscreens.SearchBarManager
04-06 11:11:21.019  8531  8688 W unknown:ViewManagerPropertyUpdater: Could not find generated setter for class com.swmansion.rnscreens.ScreenFooterManager
04-06 11:11:21.020  8531  8688 W unknown:ViewManagerPropertyUpdater: Could not find generated setter for class com.swmansion.rnscreens.gamma.tabs.TabScreenViewManager
04-06 11:11:21.022  8531  8688 W unknown:ViewManagerPropertyUpdater: Could not find generated setter for class expo.modules.kotlin.views.GroupViewManagerWrapper
04-06 11:11:21.023  8531  8688 W unknown:ViewManagerPropertyUpdater: Could not find generated setter for class com.swmansion.rnscreens.ScreenContainerViewManager
04-06 11:11:21.023  8531  8688 W unknown:ViewManagerPropertyUpdater: Could not find generated setter for class com.swmansion.rnscreens.gamma.tabs.TabsHostViewManager
04-06 11:11:21.025  8531  8688 W unknown:ViewManagerPropertyUpdater: Could not find generated setter for class com.swmansion.rnscreens.ModalScreenViewManager
04-06 11:11:21.026  8531  8688 W unknown:ViewManagerPropertyUpdater: Could not find generated setter for class com.swmansion.rnscreens.ScreenStackHeaderConfigViewManager
04-06 11:11:21.026  8531  8688 W unknown:ViewManagerPropertyUpdater: Could not find generated setter for class com.swmansion.rnscreens.ScreenContentWrapperManager
04-06 11:11:21.027  8531  8688 W unknown:ViewManagerPropertyUpdater: Could not find generated setter for class com.th3rdwave.safeareacontext.SafeAreaViewManager
04-06 11:11:21.028  8531  8688 W unknown:ViewManagerPropertyUpdater: Could not find generated setter for class com.th3rdwave.safeareacontext.SafeAreaViewShadowNode
04-06 11:11:21.029  8531  8688 W unknown:ViewManagerPropertyUpdater: Could not find generated setter for class com.swmansion.rnscreens.safearea.SafeAreaViewManager
04-06 11:11:21.029  8531  8688 W unknown:ViewManagerPropertyUpdater: Could not find generated setter for class com.swmansion.rnscreens.safearea.paper.SafeAreaViewShadowNode
04-06 11:11:21.030  8531  8688 W unknown:ViewManagerPropertyUpdater: Could not find generated setter for class com.swmansion.rnscreens.ScreenViewManager
04-06 11:11:21.030  8531  8688 W unknown:ViewManagerPropertyUpdater: Could not find generated setter for class com.swmansion.rnscreens.gamma.stack.host.StackHostViewManager
04-06 11:11:21.030  8531  8688 W unknown:ViewManagerPropertyUpdater: Could not find generated setter for class com.swmansion.rnscreens.ScreenStackHeaderSubviewManager
04-06 11:11:21.031  8531  8688 W unknown:ViewManagerPropertyUpdater: Could not find generated setter for class com.swmansion.rnscreens.gamma.stack.screen.StackScreenViewManager
04-06 11:11:21.031  8531  8688 W unknown:ViewManagerPropertyUpdater: Could not find generated setter for class com.swmansion.rnscreens.ScreenStackViewManager
04-06 11:11:21.104  8531  8688 W unknown:ViewManagerPropertyUpdater: Could not find generated setter for class com.facebook.react.views.debuggingoverlay.DebuggingOverlayManager
04-06 11:11:21.109  8531  8688 W unknown:ViewManagerPropertyUpdater: Could not find generated setter for class com.swmansion.gesturehandler.react.RNGestureHandlerButtonViewManager
04-06 11:11:21.114  8531  8688 W unknown:ViewManagerPropertyUpdater: Could not find generated setter for class com.facebook.react.views.safeareaview.ReactSafeAreaViewManager
04-06 11:11:21.118  8531  8688 W unknown:ViewManagerPropertyUpdater: Could not find generated setter for class com.facebook.react.views.modal.ReactModalHostManager
04-06 11:11:21.123  8531  8688 W unknown:ViewManagerPropertyUpdater: Could not find generated setter for class com.facebook.react.views.text.frescosupport.FrescoBasedReactTextInlineImageViewManager
04-06 11:11:21.124  8531  8688 W unknown:ViewManagerPropertyUpdater: Could not find generated setter for class com.facebook.react.views.text.frescosupport.FrescoBasedReactTextInlineImageShadowNode
04-06 11:11:21.128  8531  8688 W unknown:ViewManagerPropertyUpdater: Could not find generated setter for class com.facebook.react.views.progressbar.ReactProgressBarViewManager
04-06 11:11:21.129  8531  8688 W unknown:ViewManagerPropertyUpdater: Could not find generated setter for class com.facebook.react.views.progressbar.ProgressBarShadowNode
04-06 11:11:21.134  8531  8688 W unknown:ViewManagerPropertyUpdater: Could not find generated setter for class com.facebook.react.views.scroll.ReactHorizontalScrollViewManager
04-06 11:11:21.140  8531  8688 W unknown:ViewManagerPropertyUpdater: Could not find generated setter for class com.facebook.react.views.image.ReactImageManager
04-06 11:11:21.146  8531  8688 W unknown:ViewManagerPropertyUpdater: Could not find generated setter for class com.facebook.react.views.text.ReactTextViewManager
04-06 11:11:21.147  8531  8688 W unknown:ViewManagerPropertyUpdater: Could not find generated setter for class com.facebook.react.views.text.ReactTextShadowNode
04-06 11:11:21.153  8531  8688 W unknown:ViewManagerPropertyUpdater: Could not find generated setter for class com.facebook.react.views.scroll.ReactHorizontalScrollContainerViewManager
04-06 11:11:21.158  8531  8688 W unknown:ViewManagerPropertyUpdater: Could not find generated setter for class com.facebook.react.views.unimplementedview.ReactUnimplementedViewManager
04-06 11:11:21.163  8531  8688 W unknown:ViewManagerPropertyUpdater: Could not find generated setter for class com.facebook.react.views.scroll.ReactScrollViewManager
04-06 11:11:21.168  8531  8688 W unknown:ViewManagerPropertyUpdater: Could not find generated setter for class com.facebook.react.views.view.ReactViewManager
04-06 11:11:21.174  8531  8688 W unknown:ViewManagerPropertyUpdater: Could not find generated setter for class com.facebook.react.views.drawer.ReactDrawerLayoutManager
04-06 11:11:21.180  8531  8688 W unknown:ViewManagerPropertyUpdater: Could not find generated setter for class com.facebook.react.views.switchview.ReactSwitchManager
04-06 11:11:21.180  8531  8688 W unknown:ViewManagerPropertyUpdater: Could not find generated setter for class com.facebook.react.views.switchview.ReactSwitchShadowNode
04-06 11:11:21.185  8531  8688 W unknown:ViewManagerPropertyUpdater: Could not find generated setter for class com.facebook.react.views.swiperefresh.SwipeRefreshLayoutManager
04-06 11:11:21.191  8531  8688 W unknown:ViewManagerPropertyUpdater: Could not find generated setter for class com.facebook.react.views.textinput.ReactTextInputManager
04-06 11:11:21.192  8531  8688 W unknown:ViewManagerPropertyUpdater: Could not find generated setter for class com.facebook.react.views.textinput.ReactTextInputShadowNode
04-06 11:11:21.198  8531  8688 W unknown:ViewManagerPropertyUpdater: Could not find generated setter for class com.swmansion.gesturehandler.react.RNGestureHandlerRootViewManager
04-06 11:11:21.231  8531  8713 D TrafficStats: tagSocket(143) with statsTag=0xffffffff, statsUid=-1
04-06 11:11:21.399  8531  8688 V AsyncStorageExpoMigration: No scoped database found
04-06 11:11:21.581  8531  8688 D Detox.RNMarker: RUN_JS_BUNDLE_END (/.virtual-metro-entry.bundle?platform=android&dev=true&lazy=true&minify=false&app=com.evolucao.app&modulesOnly=false&runModule=true&excludeSource=true&sourcePaths=url-server)
04-06 11:11:21.583  8531  8688 I ReactNativeJS: Running "main" with {"rootTag":1,"initialProps":{},"fabric":true}
04-06 11:11:21.662  8531  8720 D TrafficStats: tagSocket(133) with statsTag=0xffffffff, statsUid=-1
04-06 11:11:21.794  8531  8531 I DecorView: notifyKeepScreenOnChanged: keepScreenOn=true
04-06 11:11:21.801  8531  8531 I ViewRootImpl@ac0a76d[MainActivity]: performTraversals params={(0,0)(fillxfill) sim={adjust=resize} layoutInDisplayCutoutMode=always ty=BASE_APPLICATION wanim=0x1030309
04-06 11:11:21.801  8531  8531 I ViewRootImpl@ac0a76d[MainActivity]:   fl=81810180
04-06 11:11:21.801  8531  8531 I ViewRootImpl@ac0a76d[MainActivity]:   pfl=16020040
04-06 11:11:21.801  8531  8531 I ViewRootImpl@ac0a76d[MainActivity]:   vsysui=100
04-06 11:11:21.801  8531  8531 I ViewRootImpl@ac0a76d[MainActivity]:   bhv=DEFAULT
04-06 11:11:21.801  8531  8531 I ViewRootImpl@ac0a76d[MainActivity]:   fitSides= naviIconColor=0}
04-06 11:11:21.803  8531  8531 I ViewRootImpl@ac0a76d[MainActivity]: performTraversals mFirst=false windowShouldResize=false viewVisibilityChanged=false mForceNextWindowRelayout=false params={(0,0)(fillxfill) sim={adjust=resize} layoutInDisplayCutoutMode=always ty=BASE_APPLICATION wanim=0x1030309
04-06 11:11:21.803  8531  8531 I ViewRootImpl@ac0a76d[MainActivity]:   fl=81810180
04-06 11:11:21.803  8531  8531 I ViewRootImpl@ac0a76d[MainActivity]:   pfl=16020040
04-06 11:11:21.803  8531  8531 I ViewRootImpl@ac0a76d[MainActivity]:   vsysui=100
04-06 11:11:21.803  8531  8531 I ViewRootImpl@ac0a76d[MainActivity]:   bhv=DEFAULT
04-06 11:11:21.803  8531  8531 I ViewRootImpl@ac0a76d[MainActivity]:   fitSides= naviIconColor=0}
04-06 11:11:21.811  8531  8531 I ViewRootImpl@ac0a76d[MainActivity]: updateBlastSurfaceIfNeeded mBlastBufferQueue=0xb4000070c2c34c00 isSameSurfaceControl=true
04-06 11:11:21.812  8531  8531 I BLASTBufferQueue: update, w= 1080 h= 2400 mName = ViewRootImpl@ac0a76d[MainActivity] mNativeObject= 0xb4000070c2c34c00 sc.mNativeObject= 0xb4000070a0ced680 format= -1 caller= android.view.ViewRootImpl.updateBlastSurfaceIfNeeded:2898 android.view.ViewRootImpl.relayoutWindow:9847 android.view.ViewRootImpl.performTraversals:3884 android.view.ViewRootImpl.doTraversal:3116 android.view.ViewRootImpl$TraversalRunnable.run:10885 android.view.Choreographer$CallbackRecord.run:1301 
04-06 11:11:21.812  8531  8531 I ViewRootImpl@ac0a76d[MainActivity]: Relayout returned: old=(0,0,1080,2400) new=(0,0,1080,2400) req=(1080,2400)0 dur=8 res=0x0 s={true 0xb4000070b281d000} ch=false seqId=0
04-06 11:11:21.817  8531  8531 D Detox.RNMarker: CONTENT_APPEARED (main)
04-06 11:11:21.821  8531  8688 D Detox.RNMarker: REACT_BRIDGELESS_LOADING_END (null)
04-06 11:11:21.829  8531  8688 I ReactNativeJS: '[ANALYTICS]', 'app_opened', { event: 'app_opened',
04-06 11:11:21.829  8531  8688 I ReactNativeJS:   eventId: '1775484681824_4a863e0d024318',
04-06 11:11:21.829  8531  8688 I ReactNativeJS:   appVersion: '1.0.0',
04-06 11:11:21.829  8531  8688 I ReactNativeJS:   category: 'engagement',
04-06 11:11:21.829  8531  8688 I ReactNativeJS:   userId: 'anonymous',
04-06 11:11:21.829  8531  8688 I ReactNativeJS:   timestamp: 1775484681824,
04-06 11:11:21.829  8531  8688 I ReactNativeJS:   timestampIso: '2026-04-06T14:11:21.824Z',
04-06 11:11:21.829  8531  8688 I ReactNativeJS:   screen: 'App',
04-06 11:11:21.829  8531  8688 I ReactNativeJS:   sessionId: 'session-1775484681808-6c1431cc5422b',
04-06 11:11:21.829  8531  8688 I ReactNativeJS:   flowId: 'session-1775484681808-6c1431cc5422b',
04-06 11:11:21.829  8531  8688 I ReactNativeJS:   meta: 
04-06 11:11:21.829  8531  8688 I ReactNativeJS:    { domain: 'engagement',
04-06 11:11:21.829  8531  8688 I ReactNativeJS:      version: 1,
04-06 11:11:21.829  8531  8688 I ReactNativeJS:      dayKey: '2026-04-06',
04-06 11:11:21.829  8531  8688 I ReactNativeJS:      isFirstOpenOfDay: true,
04-06 11:11:21.829  8531  8688 I ReactNativeJS:      category: 'engagement' } }
04-06 11:11:22.050  8531  8544 I om.evolucao.app: Compiler allocated 4177KB to compile void android.widget.TextView.<init>(android.content.Context, android.util.AttributeSet, int, int)
04-06 11:11:22.060  8531  8531 D CompatibilityChangeReporter: Compat change id reported: 171228096; UID 10489; state: ENABLED
04-06 11:11:22.061  8531  8531 D ScrollView: initGoToTop
04-06 11:11:22.061  8531  8531 W om.evolucao.app: Accessing hidden field Landroid/widget/ScrollView;->mScroller:Landroid/widget/OverScroller; (unsupported, reflection, allowed)
04-06 11:11:22.074  8531  8531 W [RNScreens]: backTitleFontFamily prop is not available on Android
04-06 11:11:22.074  8531  8531 W [RNScreens]: disableBackButtonMenu prop is not available on Android
04-06 11:11:22.074  8531  8531 W [RNScreens]: backTitleVisible prop is not available on Android
04-06 11:11:22.074  8531  8531 W [RNScreens]: topInsetEnabled prop is not available on Android
04-06 11:11:22.074  8531  8531 W [RNScreens]: largeTitleHideShadow prop is not available on Android
04-06 11:11:22.074  8531  8531 W [RNScreens]: largeTitleFontWeight prop is not available on Android
04-06 11:11:22.074  8531  8531 W [RNScreens]: userInterfaceStyle prop is not available on Android
04-06 11:11:22.074  8531  8531 W [RNScreens]: largeTitleFontFamily prop is not available on Android
04-06 11:11:22.086  8531  8641 D OpenGLRenderer: setSurface called with nullpt