--------- beginning of main
04-06 17:18:22.559 24832 24832 I om.evolucao.app: Late-enabling -Xcheck:jni
04-06 17:18:22.619 24832 24832 I om.evolucao.app: Using CollectorTypeCC GC.
04-06 17:18:22.649 24832 24832 D ActivityThread: setConscryptValidator
04-06 17:18:22.650 24832 24832 D ActivityThread: setConscryptValidator - put
04-06 17:18:22.668 24832 24832 D CompatibilityChangeReporter: Compat change id reported: 171979766; UID 10731; state: ENABLED
--------- beginning of system
04-06 17:18:22.674 24832 24832 W ActivityThread: Package uses different ABI(s) than its instrumentation: package[com.evolucao.app]: arm64-v8a, null instrumentation[com.evolucao.app.test]: null, null
04-06 17:18:22.679 24832 24832 W om.evolucao.app: ClassLoaderContext classpath size mismatch. expected=0, found=1 (PCL[] | PCL[/system/framework/android.test.runner.jar*2256426886])
04-06 17:18:22.682 24832 24832 W om.evolucao.app: ClassLoaderContext classpath size mismatch. expected=0, found=2 (PCL[] | PCL[/system/framework/android.test.runner.jar*2256426886:/system/framework/android.test.mock.jar*2695051129])
04-06 17:18:22.683 24832 24832 W ziparchive: Unable to open '/data/app/~~QbtMFCDH2UZ6VbU2fh9E8A==/com.evolucao.app.test-ufrdVsxFnEASSLEfQn57zg==/base.dm': No such file or directory
04-06 17:18:22.683 24832 24832 W ziparchive: Unable to open '/data/app/~~QbtMFCDH2UZ6VbU2fh9E8A==/com.evolucao.app.test-ufrdVsxFnEASSLEfQn57zg==/base.dm': No such file or directory
04-06 17:18:22.766 24832 24832 W ziparchive: Unable to open '/data/app/~~DOPL299C0W2t9fk9Z-xrsw==/com.evolucao.app-NCqtHfCGmPuGlBzezCjaDA==/base.dm': No such file or directory
04-06 17:18:22.766 24832 24832 W ziparchive: Unable to open '/data/app/~~DOPL299C0W2t9fk9Z-xrsw==/com.evolucao.app-NCqtHfCGmPuGlBzezCjaDA==/base.dm': No such file or directory
04-06 17:18:23.092 24832 24832 D nativeloader: Configuring classloader-namespace for other apk /system/framework/android.test.runner.jar:/system/framework/android.test.mock.jar:/system/framework/android.test.base.jar:/data/app/~~QbtMFCDH2UZ6VbU2fh9E8A==/com.evolucao.app.test-ufrdVsxFnEASSLEfQn57zg==/base.apk:/data/app/~~DOPL299C0W2t9fk9Z-xrsw==/com.evolucao.app-NCqtHfCGmPuGlBzezCjaDA==/base.apk. target_sdk_version=36, uses_libraries=, library_path=/data/app/~~QbtMFCDH2UZ6VbU2fh9E8A==/com.evolucao.app.test-ufrdVsxFnEASSLEfQn57zg==/lib/arm64:/data/app/~~DOPL299C0W2t9fk9Z-xrsw==/com.evolucao.app-NCqtHfCGmPuGlBzezCjaDA==/lib/arm64:/data/app/~~QbtMFCDH2UZ6VbU2fh9E8A==/com.evolucao.app.test-ufrdVsxFnEASSLEfQn57zg==/base.apk!/lib/arm64-v8a:/data/app/~~DOPL299C0W2t9fk9Z-xrsw==/com.evolucao.app-NCqtHfCGmPuGlBzezCjaDA==/base.apk!/lib/arm64-v8a, permitted_path=/data:/mnt/expand:/data/user/0/com.evolucao.app
04-06 17:18:23.106 24832 24832 V GraphicsEnvironment: ANGLE Developer option for 'com.evolucao.app' set to: 'default'
04-06 17:18:23.106 24832 24832 V GraphicsEnvironment: ANGLE GameManagerService for com.evolucao.app: false
04-06 17:18:23.106 24832 24832 V GraphicsEnvironment: App is not on the allowlist for updatable production driver.
04-06 17:18:23.111 24832 24832 D ApplicationLoaders: Returning zygote-cached class loader: /system/framework/android.test.base.jar
04-06 17:18:23.113 24832 24832 D nativeloader: Configuring classloader-namespace for other apk /system/framework/android.test.mock.jar. target_sdk_version=36, uses_libraries=ALL, library_path=/data/app/~~QbtMFCDH2UZ6VbU2fh9E8A==/com.evolucao.app.test-ufrdVsxFnEASSLEfQn57zg==/lib/arm64:/data/app/~~DOPL299C0W2t9fk9Z-xrsw==/com.evolucao.app-NCqtHfCGmPuGlBzezCjaDA==/lib/arm64, permitted_path=/data:/mnt/expand
04-06 17:18:23.113 24832 24832 D nativeloader: Extending system_exposed_libraries: libhumantracking.arcsoft.so:libPortraitDistortionCorrection.arcsoft.so:libPortraitDistortionCorrectionCali.arcsoft.so:libface_landmark.arcsoft.so:libFacialStickerEngine.arcsoft.so:libveengine.arcsoft.so:lib_pet_detection.arcsoft.so:libhigh_res.arcsoft.so:libimage_enhancement.arcsoft.so:liblow_light_hdr.arcsoft.so:libhigh_dynamic_range.arcsoft.so:libsuperresolution.arcsoft.so:libobjectcapture_jni.arcsoft.so:libobjectcapture_jni.arcsoft.so:libobjectcapture.arcsoft.so:libFacialAttributeDetection.arcsoft.so:libBeauty_v4.camera.samsung.so:libexifa.camera.samsung.so:libjpega.camera.samsung.so:libOpenCv.camera.samsung.so:libVideoClassifier.camera.samsung.so:libtensorflowLite.dynamic_viewing.camera.samsung.so:libImageScreener.camera.samsung.so:libMyFilter.camera.samsung.so:libtflite2.myfilters.camera.samsung.so:libHIDTSnapJNI.camera.samsung.so:libSmartScan.camera.samsung.so:libRectify.camera.samsung.so:libDocRectifyWrapper.camera.samsung.so:libUltraWideDistortionCorrection.camera.
04-06 17:18:23.114 24832 24832 D ApplicationLoaders: Returning zygote-cached class loader: /system/framework/android.test.base.jar
04-06 17:18:23.115 24832 24832 W om.evolucao.app: ClassLoaderContext shared library size mismatch. Expected=0, found=2 (PCL[] | PCL[]{PCL[/system/framework/android.test.base.jar*1628045882]#PCL[/system/framework/android.test.mock.jar*2695051129]})
04-06 17:18:23.116 24832 24832 D nativeloader: Configuring classloader-namespace for other apk /system/framework/android.test.runner.jar. target_sdk_version=36, uses_libraries=ALL, library_path=/data/app/~~QbtMFCDH2UZ6VbU2fh9E8A==/com.evolucao.app.test-ufrdVsxFnEASSLEfQn57zg==/lib/arm64:/data/app/~~DOPL299C0W2t9fk9Z-xrsw==/com.evolucao.app-NCqtHfCGmPuGlBzezCjaDA==/lib/arm64, permitted_path=/data:/mnt/expand
04-06 17:18:23.116 24832 24832 D nativeloader: Extending system_exposed_libraries: libhumantracking.arcsoft.so:libPortraitDistortionCorrection.arcsoft.so:libPortraitDistortionCorrectionCali.arcsoft.so:libface_landmark.arcsoft.so:libFacialStickerEngine.arcsoft.so:libveengine.arcsoft.so:lib_pet_detection.arcsoft.so:libhigh_res.arcsoft.so:libimage_enhancement.arcsoft.so:liblow_light_hdr.arcsoft.so:libhigh_dynamic_range.arcsoft.so:libsuperresolution.arcsoft.so:libobjectcapture_jni.arcsoft.so:libobjectcapture_jni.arcsoft.so:libobjectcapture.arcsoft.so:libFacialAttributeDetection.arcsoft.so:libBeauty_v4.camera.samsung.so:libexifa.camera.samsung.so:libjpega.camera.samsung.so:libOpenCv.camera.samsung.so:libVideoClassifier.camera.samsung.so:libtensorflowLite.dynamic_viewing.camera.samsung.so:libImageScreener.camera.samsung.so:libMyFilter.camera.samsung.so:libtflite2.myfilters.camera.samsung.so:libHIDTSnapJNI.camera.samsung.so:libSmartScan.camera.samsung.so:libRectify.camera.samsung.so:libDocRectifyWrapper.camera.samsung.so:libUltraWideDistortionCorrection.camera.
04-06 17:18:23.119 24832 24832 W om.evolucao.app: ClassLoaderContext shared library size mismatch. Expected=0, found=3 (PCL[] | PCL[]{PCL[/system/framework/android.test.base.jar*1628045882]#PCL[/system/framework/android.test.mock.jar*2695051129]#PCL[/system/framework/android.test.runner.jar*2256426886]{PCL[/system/framework/android.test.base.jar*1628045882]#PCL[/system/framework/android.test.mock.jar*2695051129]}};PCL[/system/framework/android.test.runner.jar*2256426886:/system/framework/android.test.mock.jar*2695051129:/system/framework/android.test.base.jar*1628045882:/data/app/~~QbtMFCDH2UZ6VbU2fh9E8A==/com.evolucao.app.test-ufrdVsxFnEASSLEfQn57zg==/base.apk*2272993428:/data/app/~~QbtMFCDH2UZ6VbU2fh9E8A==/com.evolucao.app.test-ufrdVsxFnEASSLEfQn57zg==/base.apk!classes2.dex*714357168:/data/app/~~QbtMFCDH2UZ6VbU2fh9E8A==/com.evolucao.app.test-ufrdVsxFnEASSLEfQn57zg==/base.apk!classes3.dex*1380987315:/data/app/~~QbtMFCDH2UZ6VbU2fh9E8A==/com.evolucao.app.test-ufrdVsxFnEASSLEfQn57zg==/base.apk!classes4.dex*3771904477:/data/app/~~QbtMFCDH2UZ6VbU2fh9E8A==/com.evolucao.app.test-ufrdVsxFnEASSLEfQn57zg==/base.apk!classes5.dex*2127157885:/data/app/~~QbtMFCDH2UZ6VbU2fh9E8A==/com.evolucao.app.test-ufrdVsxFnEASSLEfQn57zg==/base.apk!classes6.dex*971414087:/data/app/~~QbtMFCDH2UZ6VbU2fh9E8A==/com.evolucao.app.test-ufrdVsxFnEASSLEfQn57zg==/base.apk!classes7.dex*742752503:/data/app/~~QbtMFCDH2UZ6VbU2fh9E8A==/com.evolucao.app.test-ufrdVsxFnEASSLEfQn57zg==/base.apk!classes8.dex*388434936:/data/app/~~QbtMFCDH2UZ6VbU2fh9E8A==/com.evolucao.app.test-ufrdVsxFnEASSLEfQn57zg==/base.apk!classes9.dex*209335023:/data/app/~~QbtMFCDH2UZ6VbU2fh9E8A==/com.evolucao.app.test-ufrdVsxFnEASSLEfQn57zg==/base.apk!classes10.dex*2871199926:/data/app/~~QbtMFCDH2UZ6VbU2fh9E8A==/com.evolucao.app.test-ufrdVsxFnEASSLEfQn57zg==/base.apk!classes11.dex*3957027005:/data/app/~~QbtMFCDH2UZ6VbU2fh9E8A==/com.evolucao.app.test-ufrdVsxFnEASSLEfQn57zg==/base.apk!classes12.dex*914099516:/data/app/~~QbtMFCDH2UZ6VbU2fh9E8A==/com.evolucao.app.test-ufrdVsxFnEASSLEfQn57zg==/base.apk!classes13.dex*4108993750:/data/app/~~QbtMFCDH2UZ6VbU2fh9E8A==/com.evolucao.app.test-ufrdVsxFnEASSLEfQn57zg==/base.apk!classes14.dex*1632137592:/data/app/~~QbtMFCDH2UZ6VbU2fh9E8A==/com.evolucao.app.test-ufrdVsxFnEASSLEfQn57zg==/base.apk!classes15.dex*1757943310:/data/app/~~QbtMFCDH2UZ6VbU2fh9E8A==/com.evolucao.app.test-ufrdVsxFnEASSLEfQn57zg==/base.apk!classes16.dex*931013159:/data/app/~~QbtMFCDH2UZ6VbU2fh9E8A==/com.evolucao.app.test-ufrdVsxFnEASSLEfQn57zg==/base.apk!classes17.dex*2782462504:/data/app/~~QbtMFCDH2UZ6VbU2fh9E8A==/com.evolucao.app.test-ufrdVsxFnEASSLEfQn57zg==/base.apk!classes18.dex*3468966139:/data/app/~~QbtMFCDH2UZ6VbU2fh9E8A==/com.evolucao.app.test-ufrdVsxFnEASSLEfQn57zg==/base.apk!classes19.dex*2267436335:/data/app/~~DOPL299C0W2t9fk9Z-xrsw==/com.evolucao.app-NCqtHfCGmPuGlBzezCjaDA==/base.apk*198750528:/data/app/~~DOPL299C0W2t9fk9Z-xrsw==/com.evolucao.app-NCqtHfCGmPuGlBzezCjaDA==/base.apk!classes2.dex*1675103030:/data/app/~~DOPL299C0W2t9fk9Z-xrsw==/com.evolucao.app-NCqtHfCGmPuGlBzezCjaDA==/base.apk!classes3.dex*1788775668:/data/app/~~DOPL299C0W2t9fk9Z-xrsw==/com.evolucao.app-NCqtHfCGmPuGlBzezCjaDA==/base.apk!classes4.dex*2572157285:/data/app/~~DOPL299C0W2t9fk9Z-xrsw==/com.evolucao.app-NCqtHfCGmPuGlBzezCjaDA==/base.apk!classes5.dex*3994030385:/data/app/~~DOPL299C0W2t9fk9Z-xrsw==/com.evolucao.app-NCqtHfCGmPuGlBzezCjaDA==/base.apk!classes6.dex*1028875939:/data/app/~~DOPL299C0W2t9fk9Z-xrsw==/com.evolucao.app-NCqtHfCGmPuGlBzezCjaDA==/base.apk!classes7.dex*2113616002:/data/app/~~DOPL299C0W2t9fk9Z-xrsw==/com.evolucao.app-NCqtHfCGmPuGlBzezCjaDA==/base.apk!classes8.dex*3287389796:/data/app/~~DOPL299C0W2t9fk9Z-xrsw==/com.evolucao.app-NCqtHfCGmPuGlBzezCjaDA==/base.apk!classes9.dex*2030025819:/data/app/~~DOPL299C0W2t9fk9Z-xrsw==/com.evolucao.app-NCqtHfCGmPuGlBzezCjaDA==/base.apk!classes10.dex*1917680387:/data/app/~~DOPL299C0W2t9fk9Z-xrsw==/com.evolucao.app-NCqtHfCGmPuGlBzezCjaDA==/base.apk!classes11.dex*152968521:/data/app/~~DOPL299C0W2t9fk9Z-xrsw==/com.evolucao.app-NCqtHfCGmPuGlBzezCjaDA==/base.apk!cla
04-06 17:18:23.120 24832 24832 W om.evolucao.app: ClassLoaderContext classpath size mismatch. expected=0, found=1 (PCL[] | PCL[/system/framework/android.test.runner.jar*2256426886]{PCL[/system/framework/android.test.base.jar*1628045882]#PCL[/system/framework/android.test.mock.jar*2695051129]#PCL[/system/framework/android.test.runner.jar*2256426886]{PCL[/system/framework/android.test.base.jar*1628045882]#PCL[/system/framework/android.test.mock.jar*2695051129]}};PCL[/system/framework/android.test.runner.jar*2256426886:/system/framework/android.test.mock.jar*2695051129:/system/framework/android.test.base.jar*1628045882:/data/app/~~QbtMFCDH2UZ6VbU2fh9E8A==/com.evolucao.app.test-ufrdVsxFnEASSLEfQn57zg==/base.apk*2272993428:/data/app/~~QbtMFCDH2UZ6VbU2fh9E8A==/com.evolucao.app.test-ufrdVsxFnEASSLEfQn57zg==/base.apk!classes2.dex*714357168:/data/app/~~QbtMFCDH2UZ6VbU2fh9E8A==/com.evolucao.app.test-ufrdVsxFnEASSLEfQn57zg==/base.apk!classes3.dex*1380987315:/data/app/~~QbtMFCDH2UZ6VbU2fh9E8A==/com.evolucao.app.test-ufrdVsxFnEASSLEfQn57zg==/base.apk!classes4.dex*3771904477:/data/app/~~QbtMFCDH2UZ6VbU2fh9E8A==/com.evolucao.app.test-ufrdVsxFnEASSLEfQn57zg==/base.apk!classes5.dex*2127157885:/data/app/~~QbtMFCDH2UZ6VbU2fh9E8A==/com.evolucao.app.test-ufrdVsxFnEASSLEfQn57zg==/base.apk!classes6.dex*971414087:/data/app/~~QbtMFCDH2UZ6VbU2fh9E8A==/com.evolucao.app.test-ufrdVsxFnEASSLEfQn57zg==/base.apk!classes7.dex*742752503:/data/app/~~QbtMFCDH2UZ6VbU2fh9E8A==/com.evolucao.app.test-ufrdVsxFnEASSLEfQn57zg==/base.apk!classes8.dex*388434936:/data/app/~~QbtMFCDH2UZ6VbU2fh9E8A==/com.evolucao.app.test-ufrdVsxFnEASSLEfQn57zg==/base.apk!classes9.dex*209335023:/data/app/~~QbtMFCDH2UZ6VbU2fh9E8A==/com.evolucao.app.test-ufrdVsxFnEASSLEfQn57zg==/base.apk!classes10.dex*2871199926:/data/app/~~QbtMFCDH2UZ6VbU2fh9E8A==/com.evolucao.app.test-ufrdVsxFnEASSLEfQn57zg==/base.apk!classes11.dex*3957027005:/data/app/~~QbtMFCDH2UZ6VbU2fh9E8A==/com.evolucao.app.test-ufrdVsxFnEASSLEfQn57zg==/base.apk!classes12.dex*914099516:/data/app/~~QbtMFCDH2UZ6VbU2fh9E8A==/com.evolucao.app.test-ufrdVsxFnEASSLEfQn57zg==/base.apk!classes13.dex*4108993750:/data/app/~~QbtMFCDH2UZ6VbU2fh9E8A==/com.evolucao.app.test-ufrdVsxFnEASSLEfQn57zg==/base.apk!classes14.dex*1632137592:/data/app/~~QbtMFCDH2UZ6VbU2fh9E8A==/com.evolucao.app.test-ufrdVsxFnEASSLEfQn57zg==/base.apk!classes15.dex*1757943310:/data/app/~~QbtMFCDH2UZ6VbU2fh9E8A==/com.evolucao.app.test-ufrdVsxFnEASSLEfQn57zg==/base.apk!classes16.dex*931013159:/data/app/~~QbtMFCDH2UZ6VbU2fh9E8A==/com.evolucao.app.test-ufrdVsxFnEASSLEfQn57zg==/base.apk!classes17.dex*2782462504:/data/app/~~QbtMFCDH2UZ6VbU2fh9E8A==/com.evolucao.app.test-ufrdVsxFnEASSLEfQn57zg==/base.apk!classes18.dex*3468966139:/data/app/~~QbtMFCDH2UZ6VbU2fh9E8A==/com.evolucao.app.test-ufrdVsxFnEASSLEfQn57zg==/base.apk!classes19.dex*2267436335:/data/app/~~DOPL299C0W2t9fk9Z-xrsw==/com.evolucao.app-NCqtHfCGmPuGlBzezCjaDA==/base.apk*198750528:/data/app/~~DOPL299C0W2t9fk9Z-xrsw==/com.evolucao.app-NCqtHfCGmPuGlBzezCjaDA==/base.apk!classes2.dex*1675103030:/data/app/~~DOPL299C0W2t9fk9Z-xrsw==/com.evolucao.app-NCqtHfCGmPuGlBzezCjaDA==/base.apk!classes3.dex*1788775668:/data/app/~~DOPL299C0W2t9fk9Z-xrsw==/com.evolucao.app-NCqtHfCGmPuGlBzezCjaDA==/base.apk!classes4.dex*2572157285:/data/app/~~DOPL299C0W2t9fk9Z-xrsw==/com.evolucao.app-NCqtHfCGmPuGlBzezCjaDA==/base.apk!classes5.dex*3994030385:/data/app/~~DOPL299C0W2t9fk9Z-xrsw==/com.evolucao.app-NCqtHfCGmPuGlBzezCjaDA==/base.apk!classes6.dex*1028875939:/data/app/~~DOPL299C0W2t9fk9Z-xrsw==/com.evolucao.app-NCqtHfCGmPuGlBzezCjaDA==/base.apk!classes7.dex*2113616002:/data/app/~~DOPL299C0W2t9fk9Z-xrsw==/com.evolucao.app-NCqtHfCGmPuGlBzezCjaDA==/base.apk!classes8.dex*3287389796:/data/app/~~DOPL299C0W2t9fk9Z-xrsw==/com.evolucao.app-NCqtHfCGmPuGlBzezCjaDA==/base.apk!classes9.dex*2030025819:/data/app/~~DOPL299C0W2t9fk9Z-xrsw==/com.evolucao.app-NCqtHfCGmPuGlBzezCjaDA==/base.apk!classes10.dex*1917680387:/data/app/~~DOPL299C0W2t9fk9Z-xrsw==/com.evolucao.app-NCqtHfCGmPuGlBzezCjaDA==/base.apk!classes11.dex*152968521:/data/app/~~DOPL299C0W2t9fk9Z-xrsw==/com.evo
04-06 17:18:23.121 24832 24832 W om.evolucao.app: ClassLoaderContext classpath size mismatch. expected=0, found=2 (PCL[] | PCL[/system/framework/android.test.runner.jar*2256426886:/system/framework/android.test.mock.jar*2695051129]{PCL[/system/framework/android.test.base.jar*1628045882]#PCL[/system/framework/android.test.mock.jar*2695051129]#PCL[/system/framework/android.test.runner.jar*2256426886]{PCL[/system/framework/android.test.base.jar*1628045882]#PCL[/system/framework/android.test.mock.jar*2695051129]}};PCL[/system/framework/android.test.runner.jar*2256426886:/system/framework/android.test.mock.jar*2695051129:/system/framework/android.test.base.jar*1628045882:/data/app/~~QbtMFCDH2UZ6VbU2fh9E8A==/com.evolucao.app.test-ufrdVsxFnEASSLEfQn57zg==/base.apk*2272993428:/data/app/~~QbtMFCDH2UZ6VbU2fh9E8A==/com.evolucao.app.test-ufrdVsxFnEASSLEfQn57zg==/base.apk!classes2.dex*714357168:/data/app/~~QbtMFCDH2UZ6VbU2fh9E8A==/com.evolucao.app.test-ufrdVsxFnEASSLEfQn57zg==/base.apk!classes3.dex*1380987315:/data/app/~~QbtMFCDH2UZ6VbU2fh9E8A==/com.evolucao.app.test-ufrdVsxFnEASSLEfQn57zg==/base.apk!classes4.dex*3771904477:/data/app/~~QbtMFCDH2UZ6VbU2fh9E8A==/com.evolucao.app.test-ufrdVsxFnEASSLEfQn57zg==/base.apk!classes5.dex*2127157885:/data/app/~~QbtMFCDH2UZ6VbU2fh9E8A==/com.evolucao.app.test-ufrdVsxFnEASSLEfQn57zg==/base.apk!classes6.dex*971414087:/data/app/~~QbtMFCDH2UZ6VbU2fh9E8A==/com.evolucao.app.test-ufrdVsxFnEASSLEfQn57zg==/base.apk!classes7.dex*742752503:/data/app/~~QbtMFCDH2UZ6VbU2fh9E8A==/com.evolucao.app.test-ufrdVsxFnEASSLEfQn57zg==/base.apk!classes8.dex*388434936:/data/app/~~QbtMFCDH2UZ6VbU2fh9E8A==/com.evolucao.app.test-ufrdVsxFnEASSLEfQn57zg==/base.apk!classes9.dex*209335023:/data/app/~~QbtMFCDH2UZ6VbU2fh9E8A==/com.evolucao.app.test-ufrdVsxFnEASSLEfQn57zg==/base.apk!classes10.dex*2871199926:/data/app/~~QbtMFCDH2UZ6VbU2fh9E8A==/com.evolucao.app.test-ufrdVsxFnEASSLEfQn57zg==/base.apk!classes11.dex*3957027005:/data/app/~~QbtMFCDH2UZ6VbU2fh9E8A==/com.evolucao.app.test-ufrdVsxFnEASSLEfQn57zg==/base.apk!classes12.dex*914099516:/data/app/~~QbtMFCDH2UZ6VbU2fh9E8A==/com.evolucao.app.test-ufrdVsxFnEASSLEfQn57zg==/base.apk!classes13.dex*4108993750:/data/app/~~QbtMFCDH2UZ6VbU2fh9E8A==/com.evolucao.app.test-ufrdVsxFnEASSLEfQn57zg==/base.apk!classes14.dex*1632137592:/data/app/~~QbtMFCDH2UZ6VbU2fh9E8A==/com.evolucao.app.test-ufrdVsxFnEASSLEfQn57zg==/base.apk!classes15.dex*1757943310:/data/app/~~QbtMFCDH2UZ6VbU2fh9E8A==/com.evolucao.app.test-ufrdVsxFnEASSLEfQn57zg==/base.apk!classes16.dex*931013159:/data/app/~~QbtMFCDH2UZ6VbU2fh9E8A==/com.evolucao.app.test-ufrdVsxFnEASSLEfQn57zg==/base.apk!classes17.dex*2782462504:/data/app/~~QbtMFCDH2UZ6VbU2fh9E8A==/com.evolucao.app.test-ufrdVsxFnEASSLEfQn57zg==/base.apk!classes18.dex*3468966139:/data/app/~~QbtMFCDH2UZ6VbU2fh9E8A==/com.evolucao.app.test-ufrdVsxFnEASSLEfQn57zg==/base.apk!classes19.dex*2267436335:/data/app/~~DOPL299C0W2t9fk9Z-xrsw==/com.evolucao.app-NCqtHfCGmPuGlBzezCjaDA==/base.apk*198750528:/data/app/~~DOPL299C0W2t9fk9Z-xrsw==/com.evolucao.app-NCqtHfCGmPuGlBzezCjaDA==/base.apk!classes2.dex*1675103030:/data/app/~~DOPL299C0W2t9fk9Z-xrsw==/com.evolucao.app-NCqtHfCGmPuGlBzezCjaDA==/base.apk!classes3.dex*1788775668:/data/app/~~DOPL299C0W2t9fk9Z-xrsw==/com.evolucao.app-NCqtHfCGmPuGlBzezCjaDA==/base.apk!classes4.dex*2572157285:/data/app/~~DOPL299C0W2t9fk9Z-xrsw==/com.evolucao.app-NCqtHfCGmPuGlBzezCjaDA==/base.apk!classes5.dex*3994030385:/data/app/~~DOPL299C0W2t9fk9Z-xrsw==/com.evolucao.app-NCqtHfCGmPuGlBzezCjaDA==/base.apk!classes6.dex*1028875939:/data/app/~~DOPL299C0W2t9fk9Z-xrsw==/com.evolucao.app-NCqtHfCGmPuGlBzezCjaDA==/base.apk!classes7.dex*2113616002:/data/app/~~DOPL299C0W2t9fk9Z-xrsw==/com.evolucao.app-NCqtHfCGmPuGlBzezCjaDA==/base.apk!classes8.dex*3287389796:/data/app/~~DOPL299C0W2t9fk9Z-xrsw==/com.evolucao.app-NCqtHfCGmPuGlBzezCjaDA==/base.apk!classes9.dex*2030025819:/data/app/~~DOPL299C0W2t9fk9Z-xrsw==/com.evolucao.app-NCqtHfCGmPuGlBzezCjaDA==/base.apk!classes10.dex*1917680387:/data/app/~~DOPL299C0W2t9fk9Z-xrsw==/com.evolucao.app-NCqtHfCGmPuGlBzezCjaDA==/base.apk!classes11.dex*152
04-06 17:18:23.122 24832 24832 W ziparchive: Unable to open '/data/app/~~QbtMFCDH2UZ6VbU2fh9E8A==/com.evolucao.app.test-ufrdVsxFnEASSLEfQn57zg==/base.dm': No such file or directory
04-06 17:18:23.122 24832 24832 W ziparchive: Unable to open '/data/app/~~QbtMFCDH2UZ6VbU2fh9E8A==/com.evolucao.app.test-ufrdVsxFnEASSLEfQn57zg==/base.dm': No such file or directory
04-06 17:18:23.202 24832 24832 W ziparchive: Unable to open '/data/app/~~DOPL299C0W2t9fk9Z-xrsw==/com.evolucao.app-NCqtHfCGmPuGlBzezCjaDA==/base.dm': No such file or directory
04-06 17:18:23.202 24832 24832 W ziparchive: Unable to open '/data/app/~~DOPL299C0W2t9fk9Z-xrsw==/com.evolucao.app-NCqtHfCGmPuGlBzezCjaDA==/base.dm': No such file or directory
04-06 17:18:23.531 24832 24832 D NetworkSecurityConfig: No Network Security Config specified, using platform default
04-06 17:18:23.542 24832 24832 D NetworkSecurityConfig: No Network Security Config specified, using platform default
04-06 17:18:23.542 24832 24832 I AndroidJUnitRunner: newApplication com.evolucao.app.MainApplication
04-06 17:18:23.553 24832 24832 W FirebaseApp: Default FirebaseApp failed to initialize because no default options were found. This usually means that com.google.gms:google-services was not applied to your gradle project.
04-06 17:18:23.553 24832 24832 I FirebaseInitProvider: FirebaseApp initialization unsuccessful
04-06 17:18:23.576 24832 24832 I AndroidJUnitRunner: onCreate Bundle[mParcelledData.dataSize=240]
04-06 17:18:23.577 24832 24832 D AndroidJUnitRunner: Use the raw file system for managing file I/O.
04-06 17:18:23.583 24832 24832 V TestEventClient: No service name argument was given (testDiscoveryService, testRunEventService or orchestratorService)
04-06 17:18:23.584 24832 24863 D AndroidJUnitRunner: onStart is called.
04-06 17:18:23.588 24832 24832 W SoLoader: Initializing SoLoader: 0
04-06 17:18:23.589 24832 24832 W SoLoader: Recording new base apk path: /data/app/~~DOPL299C0W2t9fk9Z-xrsw==/com.evolucao.app-NCqtHfCGmPuGlBzezCjaDA==/base.apk
04-06 17:18:23.589 24832 24832 W SoLoader: Previously recorded 0 base apk paths.
04-06 17:18:23.591 24832 24832 I SoLoader: Preparing SO source: DirectorySoSource[root = /vendor/lib64 flags = 2]
04-06 17:18:23.591 24832 24832 I SoLoader: Preparing SO source: DirectorySoSource[root = /system/lib64 flags = 2]
04-06 17:18:23.591 24832 24832 I SoLoader: Preparing SO source: DirectApkSoSource[root = [/data/app/~~DOPL299C0W2t9fk9Z-xrsw==/com.evolucao.app-NCqtHfCGmPuGlBzezCjaDA==/base.apk!/lib/arm64-v8a]]
04-06 17:18:23.610 24832 24832 I SoLoader: Preparing SO source: ApplicationSoSource[DirectorySoSource[root = /data/app/~~DOPL299C0W2t9fk9Z-xrsw==/com.evolucao.app-NCqtHfCGmPuGlBzezCjaDA==/lib/arm64 flags = 0]]
04-06 17:18:23.610 24832 24832 I SoLoader: init finish: 4 SO sources prepared
04-06 17:18:23.610 24832 24832 W SoLoader: SoLoader initialized: 8
04-06 17:18:23.633 24832 24832 D jni_lib_merge: Entering merged library JNI_OnLoad.
04-06 17:18:23.633 24832 24832 D jni_lib_merge: Preparing 12 pre-merged libs (including stub)
04-06 17:18:23.633 24832 24832 D jni_lib_merge: Preparing to register libfabricjni_so.  onload_func: 0x7040526f38
04-06 17:18:23.633 24832 24832 D jni_lib_merge: Preparing to register libreact_devsupportjni_so.  onload_func: 0x704072f81c
04-06 17:18:23.633 24832 24832 D jni_lib_merge: Preparing to register libreact_featureflagsjni_so.  onload_func: 0x7040741b7c
04-06 17:18:23.633 24832 24832 D jni_lib_merge: Preparing to register libreact_newarchdefaults_so.  onload_func: 0x70407e6f24
04-06 17:18:23.633 24832 24832 D jni_lib_merge: Preparing to register libreactnativeblob_so.  onload_func: 0x70409f9088
04-06 17:18:23.633 24832 24832 D jni_lib_merge: Preparing to register libreactnativejni_so.  onload_func: 0x7040a3bffc
04-06 17:18:23.633 24832 24832 D jni_lib_merge: Preparing to register libreactnativejni_common_so.  onload_func: 0x7040a4c9f0
04-06 17:18:23.633 24832 24832 D jni_lib_merge: Preparing to register librninstance_so.  onload_func: 0x7040a8b62c
04-06 17:18:23.633 24832 24832 D jni_lib_merge: Preparing to register libturbomodulejsijni_so.  onload_func: 0x7040be8734
04-06 17:18:23.633 24832 24832 D jni_lib_merge: Preparing to register libuimanagerjni_so.  onload_func: 0x7040c016e8
04-06 17:18:23.633 24832 24832 D jni_lib_merge: Preparing to register libyoga_so.  onload_func: 0x7040c1116c
04-06 17:18:23.633 24832 24832 D jni_lib_merge: About to register 11 actual methods.
04-06 17:18:23.640 24832 24832 D jni_lib_merge: Entering merged library JNI_OnLoad.
04-06 17:18:23.640 24832 24832 D jni_lib_merge: Preparing 12 pre-merged libs (including stub)
04-06 17:18:23.640 24832 24832 D jni_lib_merge: Preparing to register libfabricjni_so.  onload_func: 0x7040526f38
04-06 17:18:23.640 24832 24832 D jni_lib_merge: Preparing to register libreact_devsupportjni_so.  onload_func: 0x704072f81c
04-06 17:18:23.640 24832 24832 D jni_lib_merge: Preparing to register libreact_featureflagsjni_so.  onload_func: 0x7040741b7c
04-06 17:18:23.640 24832 24832 D jni_lib_merge: Preparing to register libreact_newarchdefaults_so.  onload_func: 0x70407e6f24
04-06 17:18:23.640 24832 24832 D jni_lib_merge: Preparing to register libreactnativeblob_so.  onload_func: 0x70409f9088
04-06 17:18:23.640 24832 24832 D jni_lib_merge: Preparing to register libreactnativejni_so.  onload_func: 0x7040a3bffc
04-06 17:18:23.640 24832 24832 D jni_lib_merge: Preparing to register libreactnativejni_common_so.  onload_func: 0x7040a4c9f0
04-06 17:18:23.640 24832 24832 D jni_lib_merge: Preparing to register librninstance_so.  onload_func: 0x7040a8b62c
04-06 17:18:23.640 24832 24832 D jni_lib_merge: Preparing to register libturbomodulejsijni_so.  onload_func: 0x7040be8734
04-06 17:18:23.640 24832 24832 D jni_lib_merge: Preparing to register libuimanagerjni_so.  onload_func: 0x7040c016e8
04-06 17:18:23.640 24832 24832 D jni_lib_merge: Preparing to register libyoga_so.  onload_func: 0x7040c1116c
04-06 17:18:23.640 24832 24832 D jni_lib_merge: About to register 11 actual methods.
04-06 17:18:23.719 24832 24863 D TestRequestBuilder: Using class path scanning to discover tests
04-06 17:18:23.720 24832 24863 I TestRequestBuilder: Scanning classpath to find tests in paths [/data/app/~~QbtMFCDH2UZ6VbU2fh9E8A==/com.evolucao.app.test-ufrdVsxFnEASSLEfQn57zg==/base.apk]
04-06 17:18:23.720 24832 24863 W om.evolucao.app: Opening an oat file without a class loader. Are you using the deprecated DexFile APIs?
04-06 17:18:24.163 24832 24863 I TestRunner: run started: 1 tests
04-06 17:18:24.164 24832 24863 I TestRunner: started: runDetoxTests(com.evolucao.app.DetoxTest)
04-06 17:18:24.171 24832 24863 I Detox   : Detox server connection details: url=ws://localhost:61759, sessionId=55f0637a-5f45-8436-27b9-06bcf2e1e7bf
04-06 17:18:24.177 24832 24863 I Tracing : Tracer added: class androidx.test.platform.tracing.AndroidXTracer
04-06 17:18:24.192 24832 24863 W om.evolucao.app: Accessing hidden field Ljava/lang/reflect/Field;->accessFlags:I (unsupported, reflection, allowed)
04-06 17:18:24.194 24832 24863 I Detox   : Connecting to server...
04-06 17:18:24.194 24832 24863 I DetoxWSClient: At connectToServer
04-06 17:18:24.293 24832 24870 D TrafficStats: tagSocket(95) with statsTag=0xffffffff, statsUid=-1
04-06 17:18:24.323 24832 24870 D DetoxWSClient: At onOpen
04-06 17:18:24.324 24832 24870 I DetoxWSClient: Sending out action 'login' (ID #0)
04-06 17:18:24.324 24832 24870 I Detox   : Connected to server!
04-06 17:18:24.328 24832 24870 D DetoxWSClient: Received action 'loginSuccess' (ID #0, params={"testerConnected":true,"appConnected":true})
04-06 17:18:24.329 24832 24866 I DetoxDispatcher: Handling action 'loginSuccess' (ID #0)...
04-06 17:18:24.329 24832 24866 I DetoxDispatcher: Done with action 'loginSuccess'
04-06 17:18:24.329 24832 24863 I Detox   : Launching the tested activity!
04-06 17:18:24.369 24832 24870 D DetoxWSClient: Received action 'isReady' (ID #-1000, params={})
04-06 17:18:24.374 24832 24866 I DetoxDispatcher: Handling action 'isReady' (ID #-1000)...
04-06 17:18:24.440 24832 24884 D OpenGLRenderer: RenderThread::requireGlContext()
04-06 17:18:24.441 24832 24884 I AdrenoGLES-0: QUALCOMM build                   : db7e7066a2, I1fad33e957
04-06 17:18:24.441 24832 24884 I AdrenoGLES-0: Build Date                       : 05/11/25
04-06 17:18:24.441 24832 24884 I AdrenoGLES-0: OpenGL ES Shader Compiler Version: EV031.32.02.10
04-06 17:18:24.441 24832 24884 I AdrenoGLES-0: Local Branch                     : 
04-06 17:18:24.441 24832 24884 I AdrenoGLES-0: Remote Branch                    : refs/tags/AU_LINUX_ANDROID_LA.UM.9.12.11.00.00.582.697
04-06 17:18:24.441 24832 24884 I AdrenoGLES-0: Remote Branch                    : NONE
04-06 17:18:24.441 24832 24884 I AdrenoGLES-0: Reconstruct Branch               : NOTHING
04-06 17:18:24.441 24832 24884 I AdrenoGLES-0: Build Config                     : S P 10.0.7 AArch64
04-06 17:18:24.441 24832 24884 I AdrenoGLES-0: Driver Path                      : /vendor/lib64/egl/libGLESv2_adreno.so
04-06 17:18:24.452 24832 24884 I AdrenoGLES-0: PFP: 0x016dd093, ME: 0x00000000
04-06 17:18:24.460 24832 24884 D OpenGLRenderer: RenderThread::setGrContext()
04-06 17:18:24.468 24832 24832 D AppCompatDelegate: Checking for metadata for AppLocalesMetadataHolderService : Service not found
04-06 17:18:24.512 24832 24832 D LifecycleMonitor: Lifecycle status change: com.evolucao.app.MainActivity@64e06eb in: PRE_ON_CREATE
04-06 17:18:24.581 24832 24832 D SensorManager: registerListener :: 11, LSM6DSO Accelerometer, 66667, 0, 
04-06 17:18:24.618 24832 24832 W unknown:BridgelessReact: ReactHost{0}.startSurface(surfaceId = 0): Schedule
04-06 17:18:24.618 24832 24832 W unknown:BridgelessReact: ReactHost{0}.attachSurface(surfaceId = 0)
04-06 17:18:24.621 24832 24903 W unknown:BridgelessReact: ReactHost{0}.getOrCreateReactInstanceTask()
04-06 17:18:24.622 24832 24903 W unknown:BridgelessReact: ReactHost{0}.getOrCreateReactInstanceTask(): Start
04-06 17:18:24.622 24832 24903 D Detox.RNMarker: REACT_BRIDGELESS_LOADING_START (null)
04-06 17:18:24.622 24832 24903 W unknown:BridgelessReact: ReactHost{0}.getJSBundleLoader()
04-06 17:18:24.622 24832 24903 W unknown:BridgelessReact: ReactHost{0}.isMetroRunning()
04-06 17:18:24.625 24832 24832 I DecorView: [INFO] isPopOver=false config=true
04-06 17:18:24.625 24832 24832 I DecorView: updateCaptionType: isFloating=false isApplication=true hasWindowDecorCaption=false this=DecorView@5bc5245[]
04-06 17:18:24.625 24832 24832 D DecorView: setCaptionType = 0, this = DecorView@5bc5245[]
04-06 17:18:24.630 24832 24832 I DecorView: getCurrentDensityDpi: from real metrics. densityDpi=480 msg=resources_loaded
04-06 17:18:24.630 24832 24832 I DecorView: setWindowBackground: isPopOver=false color=ff303030 d=android.graphics.drawable.ColorDrawable@d45fea8
04-06 17:18:24.631 24832 24904 D TrafficStats: tagSocket(107) with statsTag=0xffffffff, statsUid=-1
04-06 17:18:24.637 24832 24832 W om.evolucao.app: Accessing hidden method Landroid/view/ViewGroup;->makeOptionalFitsSystemWindows()V (unsupported, reflection, allowed)
04-06 17:18:24.641 24832 24832 D LifecycleMonitor: Lifecycle status change: com.evolucao.app.MainActivity@64e06eb in: CREATED
04-06 17:18:24.642 24832 24832 D LifecycleMonitor: Lifecycle status change: com.evolucao.app.MainActivity@64e06eb in: STARTED
04-06 17:18:24.643 24832 24905 D TrafficStats: tagSocket(109) with statsTag=0xffffffff, statsUid=-1
04-06 17:18:24.644 24832 24832 W unknown:BridgelessReact: ReactHost{0}.onHostResume(activity)
04-06 17:18:24.645 24832 24832 W unknown:ReactNative: Packager connection already open, nooping.
04-06 17:18:24.645 24832 24832 D LifecycleMonitor: Lifecycle status change: com.evolucao.app.MainActivity@64e06eb in: RESUMED
04-06 17:18:24.646 24832 24832 I MSHandlerLifeCycle: check: return. pkg=com.evolucao.app parent=null callers=com.android.internal.policy.DecorView.setVisibility:4412 android.app.ActivityThread.handleResumeActivity:5476 android.app.servertransaction.ResumeActivityItem.execute:54 android.app.servertransaction.ActivityTransactionItem.execute:45 android.app.servertransaction.TransactionExecutor.executeLifecycleState:176 
04-06 17:18:24.646 24832 24832 I MSHandlerLifeCycle: removeMultiSplitHandler: no exist. decor=DecorView@5bc5245[]
04-06 17:18:24.652 24832 24884 D NativeCustomFrequencyManager: [NativeCFMS] BpCustomFrequencyManager::BpCustomFrequencyManager()
04-06 17:18:24.654 24832 24832 I DecorView: notifyKeepScreenOnChanged: keepScreenOn=false
04-06 17:18:24.658 24832 24832 D InsetsController: onStateChanged: InsetsState: {mDisplayFrame=Rect(0, 0 - 1080, 2400), mDisplayCutout=DisplayCutout{insets=Rect(0, 88 - 0, 0) waterfall=Insets{left=0, top=0, right=0, bottom=0} boundingRect={Bounds=[Rect(0, 0 - 0, 0), Rect(512, 0 - 568, 88), Rect(0, 0 - 0, 0), Rect(0, 0 - 0, 0)]} cutoutPathParserInfo={CutoutPathParserInfo{displayWidth=1080 displayHeight=2400 physicalDisplayWidth=1080 physicalDisplayHeight=2400 density={3.0} cutoutSpec={M 0,0 M 0,10.71963616907435 a 9.280363830925644,9.280363830925644 0 1,0 0,18.56072766185129 a 9.280363830925644,9.280363830925644 0 1,0 0,-18.56072766185129 Z @dp} rotation={0} scale={1.0} physicalPixelDisplaySizeRatio={1.0}}}}, mRoundedCorners=RoundedCorners{[RoundedCorner{position=TopLeft, radius=96, center=Point(96, 96)}, RoundedCorner{position=TopRight, radius=96, center=Point(984, 96)}, RoundedCorner{position=BottomRight, radius=96, center=Point(984, 2304)}, RoundedCorner{position=BottomLeft, radius=96, center=Point(96, 2304)}]}  mRoundedCornerFrame=Rect(0, 0 - 1080, 2400), mPrivacyIndicatorBounds=PrivacyIndicatorBounds {static bounds=Rect(948, 0 - 1080, 88) rotation=0}, mSources= { InsetsSource: {mType=ITYPE_STATUS_BAR, mFrame=[0,0][1080,88], mVisible=true, mInsetsRoundedCornerFrame=false}, InsetsSource: {mType=ITYPE_NAVIGATION_BAR, mFrame=[0,2256][1080,2400], mVisible=true, mInsetsRoundedCornerFrame=false}, InsetsSource: {mType=ITYPE_LEFT_GESTURES, mFrame=[0,0][0,2400], mVisible=true, mInsetsRoundedCornerFrame=false}, InsetsSource: {mType=ITYPE_RIGHT_GESTURES, mFrame=[1080,0][1080,2400], mVisible=true, mInsetsRoundedCornerFrame=false}, InsetsSource: {mType=ITYPE_TOP_MANDATORY_GESTURES, mFrame=[0,0][1080,124], mVisible=true, mInsetsRoundedCornerFrame=false}, InsetsSource: {mType=ITYPE_BOTTOM_MANDATORY_GESTURES, mFrame=[0,2256][1080,2400], mVisible=true, mInsetsRoundedCornerFrame=false}, InsetsSource: {mType=ITYPE_LEFT_DISPLAY_CUTOUT, mFrame=[0,0][-100000,2400], mVisible=true, mInsetsRoundedCornerFrame=false}, InsetsSource: {mType=ITYPE_TOP_DISPLAY_CUTOUT, mFrame=[0,0][1080,88], mVisible=true, mInsetsRoundedCornerFrame=false}, InsetsSource: {mType=ITYPE_RIGHT_DISPLAY_CUTOUT, mFrame=[100000,0][1080,2400], mVisible=true, mInsetsRoundedCornerFrame=false}, InsetsSource: {mType=ITYPE_BOTTOM_DISPLAY_CUTOUT, mFrame=[0,100000][1080,2400], mVisible=true, mInsetsRoundedCornerFrame=false}, InsetsSource: {mType=ITYPE_TOP_TAPPABLE_ELEMENT, mFrame=[0,0][1080,88], mVisible=true, mInsetsRoundedCornerFrame=false}, InsetsSource: {mType=ITYPE_BOTTOM_TAPPABLE_ELEMENT, mFrame=[0,2256][1080,2400], mVisible=true, mInsetsRoundedCornerFrame=false}, InsetsSource: {mType=ITYPE_IME, mFrame=[0,0][0,0], mVisibleFrame=[0,1374][1080,2400], mVisible=false, mInsetsRoundedCornerFrame=false} } host=com.evolucao.app/com.evolucao.app.MainActivity from=android.view.ViewRootImpl.setView:1732
04-06 17:18:24.660 24832 24832 I ViewRootImpl@ac0a76d[MainActivity]: setView = com.android.internal.policy.DecorView@5bc5245 TM=false
04-06 17:18:24.661 24832 24832 I MSHandlerLifeCycle: removeMultiSplitHandler: no exist. decor=DecorView@5bc5245[MainActivity]
04-06 17:18:24.668 24832 24832 I ViewRootImpl@ac0a76d[MainActivity]: performTraversals params={(0,0)(fillxfill) sim={adjust=resize forwardNavigation} layoutInDisplayCutoutMode=always ty=BASE_APPLICATION wanim=0x1030309
04-06 17:18:24.668 24832 24832 I ViewRootImpl@ac0a76d[MainActivity]:   fl=81810100
04-06 17:18:24.668 24832 24832 I ViewRootImpl@ac0a76d[MainActivity]:   pfl=16020040
04-06 17:18:24.668 24832 24832 I ViewRootImpl@ac0a76d[MainActivity]:   vsysui=100
04-06 17:18:24.668 24832 24832 I ViewRootImpl@ac0a76d[MainActivity]:   bhv=DEFAULT
04-06 17:18:24.668 24832 24832 I ViewRootImpl@ac0a76d[MainActivity]:   fitSides= naviIconColor=0}
04-06 17:18:24.668 24832 24832 I ViewRootImpl@ac0a76d[MainActivity]: performTraversals mFirst=true windowShouldResize=true viewVisibilityChanged=false mForceNextWindowRelayout=false params={(0,0)(fillxfill) sim={adjust=resize forwardNavigation} layoutInDisplayCutoutMode=always ty=BASE_APPLICATION wanim=0x1030309
04-06 17:18:24.668 24832 24832 I ViewRootImpl@ac0a76d[MainActivity]:   fl=81810100
04-06 17:18:24.668 24832 24832 I ViewRootImpl@ac0a76d[MainActivity]:   pfl=16020040
04-06 17:18:24.668 24832 24832 I ViewRootImpl@ac0a76d[MainActivity]:   vsysui=100
04-06 17:18:24.668 24832 24832 I ViewRootImpl@ac0a76d[MainActivity]:   bhv=DEFAULT
04-06 17:18:24.668 24832 24832 I ViewRootImpl@ac0a76d[MainActivity]:   fitSides= naviIconColor=0}
04-06 17:18:24.675 24832 24832 I ViewRootImpl@ac0a76d[MainActivity]: updateBlastSurfaceIfNeeded mBlastBufferQueue=null isSameSurfaceControl=false
04-06 17:18:24.676 24832 24832 E BufferQueueProducer: Unable to open libpenguin.so: dlopen failed: library "libpenguin.so" not found.
04-06 17:18:24.676 24832 24832 I BLASTBufferQueue: new BLASTBufferQueue, mName= ViewRootImpl@ac0a76d[MainActivity] mNativeObject= 0xb4000070c2c34c00 sc.mNativeObject= 0xb4000070a0ce16c0 caller= android.view.ViewRootImpl.updateBlastSurfaceIfNeeded:2909 android.view.ViewRootImpl.relayoutWindow:9847 android.view.ViewRootImpl.performTraversals:3884 android.view.ViewRootImpl.doTraversal:3116 android.view.ViewRootImpl$TraversalRunnable.run:10885 android.view.Choreographer$CallbackRecord.run:1301 android.view.Choreographer$CallbackRecord.run:1309 android.view.Choreographer.doCallbacks:923 android.view.Choreographer.doFrame:852 android.view.Choreographer$FrameDisplayEventReceiver.run:1283 
04-06 17:18:24.676 24832 24832 I BLASTBufferQueue: update, w= 1080 h= 2400 mName = ViewRootImpl@ac0a76d[MainActivity] mNativeObject= 0xb4000070c2c34c00 sc.mNativeObject= 0xb4000070a0ce16c0 format= -1 caller= android.graphics.BLASTBufferQueue.<init>:84 android.view.ViewRootImpl.updateBlastSurfaceIfNeeded:2909 android.view.ViewRootImpl.relayoutWindow:9847 android.view.ViewRootImpl.performTraversals:3884 android.view.ViewRootImpl.doTraversal:3116 android.view.ViewRootImpl$TraversalRunnable.run:10885 
04-06 17:18:24.677 24832 24832 I ViewRootImpl@ac0a76d[MainActivity]: Relayout returned: old=(0,0,1080,2400) new=(0,0,1080,2400) req=(1080,2400)0 dur=6 res=0x3 s={true 0xb4000070a0ea1000} ch=true seqId=0
04-06 17:18:24.678 24832 24832 I ViewRootImpl@ac0a76d[MainActivity]: mThreadedRenderer.initialize() mSurface={isValid=true 0xb4000070a0ea1000} hwInitialized=true
04-06 17:18:24.680 24832 24832 I ViewRootImpl@ac0a76d[MainActivity]: reportNextDraw android.view.ViewRootImpl.performTraversals:4438 android.view.ViewRootImpl.doTraversal:3116 android.view.ViewRootImpl$TraversalRunnable.run:10885 android.view.Choreographer$CallbackRecord.run:1301 android.view.Choreographer$CallbackRecord.run:1309 
04-06 17:18:24.680 24832 24832 I ViewRootImpl@ac0a76d[MainActivity]: Setup new sync id=0
04-06 17:18:24.680 24832 24832 I ViewRootImpl@ac0a76d[MainActivity]: Setting syncFrameCallback
04-06 17:18:24.680 24832 24832 I ViewRootImpl@ac0a76d[MainActivity]: registerCallbacksForSync syncBuffer=false
04-06 17:18:24.688 24832 24884 D OpenGLRenderer: eglCreateWindowSurface
04-06 17:18:24.691 24832 24904 W unknown:BridgelessReact: ReactHost{0}.isMetroRunning(): Async result = true
04-06 17:18:24.691 24832 24903 W unknown:BridgelessReact: ReactHost{0}.loadJSBundleFromMetro()
04-06 17:18:24.692 24832 24903 D Detox.RNMarker: DOWNLOAD_START (null)
04-06 17:18:24.693 24832 24908 I ViewRootImpl@ac0a76d[MainActivity]: Received frameDrawingCallback syncResult=0 frameNum=1.
04-06 17:18:24.693 24832 24908 I ViewRootImpl@ac0a76d[MainActivity]: Setting up sync and frameCommitCallback
04-06 17:18:24.748 24832 24884 I BLASTBufferQueue: [ViewRootImpl@ac0a76d[MainActivity]#0](f:0,a:0) onFrameAvailable the first frame is available
04-06 17:18:24.749 24832 24884 I ViewRootImpl@ac0a76d[MainActivity]: Received frameCommittedCallback lastAttemptedDrawFrameNum=1 didProduceBuffer=true
04-06 17:18:24.749 24832 24884 D OpenGLRenderer: CFMS:: SetUp Pid : 24832    Tid : 24884
04-06 17:18:24.751 24832 24884 W Parcel  : Expecting binder but got null!
04-06 17:18:24.751 24832 24832 I ViewRootImpl@ac0a76d[MainActivity]: onSyncComplete
04-06 17:18:24.751 24832 24832 I ViewRootImpl@ac0a76d[MainActivity]: setupSync seqId=0 mSyncId=0 fn=1 caller=android.view.ViewRootImpl$$ExternalSyntheticLambda11.accept:6 android.window.SurfaceSyncer.lambda$setupSync$1$android-window-SurfaceSyncer:128 android.window.SurfaceSyncer$$ExternalSyntheticLambda1.accept:8 android.window.SurfaceSyncer$SyncSet.checkIfSyncIsComplete:382 android.window.SurfaceSyncer$SyncSet.markSyncReady:359 android.window.SurfaceSyncer.markSyncReady:151 android.view.ViewRootImpl.performTraversals:4503 
04-06 17:18:24.752 24832 24832 I ViewRootImpl@ac0a76d[MainActivity]: reportDrawFinished seqId=0 mSyncId=-1 fn=1 mSurfaceChangedTransaction=0xb4000070a6e36c00
04-06 17:18:24.757 24832 24832 D CompatibilityChangeReporter: Compat change id reported: 210923482; UID 10731; state: ENABLED
04-06 17:18:24.764 24832 24884 D NativeCustomFrequencyManager: [NativeCFMS] BpCustomFrequencyManager::BpCustomFrequencyManager()
04-06 17:18:24.766 24832 24832 D InsetsController: onStateChanged: InsetsState: {mDisplayFrame=Rect(0, 0 - 1080, 2400), mDisplayCutout=DisplayCutout{insets=Rect(0, 88 - 0, 0) waterfall=Insets{left=0, top=0, right=0, bottom=0} boundingRect={Bounds=[Rect(0, 0 - 0, 0), Rect(512, 0 - 568, 88), Rect(0, 0 - 0, 0), Rect(0, 0 - 0, 0)]} cutoutPathParserInfo={CutoutPathParserInfo{displayWidth=1080 displayHeight=2400 physicalDisplayWidth=1080 physicalDisplayHeight=2400 density={3.0} cutoutSpec={M 0,0 M 0,10.71963616907435 a 9.280363830925644,9.280363830925644 0 1,0 0,18.56072766185129 a 9.280363830925644,9.280363830925644 0 1,0 0,-18.56072766185129 Z @dp} rotation={0} scale={1.0} physicalPixelDisplaySizeRatio={1.0}}}}, mRoundedCorners=RoundedCorners{[RoundedCorner{position=TopLeft, radius=96, center=Point(96, 96)}, RoundedCorner{position=TopRight, radius=96, center=Point(984, 96)}, RoundedCorner{position=BottomRight, radius=96, center=Point(984, 2304)}, RoundedCorner{position=BottomLeft, radius=96, center=Point(96, 2304)}]}  mRoundedCornerFrame=Rect(0, 0 - 1080, 2400), mPrivacyIndicatorBounds=PrivacyIndicatorBounds {static bounds=Rect(948, 0 - 1080, 88) rotation=0}, mSources= { InsetsSource: {mType=ITYPE_STATUS_BAR, mFrame=[0,0][1080,88], mVisible=true, mInsetsRoundedCornerFrame=false}, InsetsSource: {mType=ITYPE_NAVIGATION_BAR, mFrame=[0,2256][1080,2400], mVisible=true, mInsetsRoundedCornerFrame=false}, InsetsSource: {mType=ITYPE_LEFT_GESTURES, mFrame=[0,0][0,2400], mVisible=true, mInsetsRoundedCornerFrame=false}, InsetsSource: {mType=ITYPE_RIGHT_GESTURES, mFrame=[1080,0][1080,2400], mVisible=true, mInsetsRoundedCornerFrame=false}, InsetsSource: {mType=ITYPE_TOP_MANDATORY_GESTURES, mFrame=[0,0][1080,124], mVisible=true, mInsetsRoundedCornerFrame=false}, InsetsSource: {mType=ITYPE_BOTTOM_MANDATORY_GESTURES, mFrame=[0,2256][1080,2400], mVisible=true, mInsetsRoundedCornerFrame=false}, InsetsSource: {mType=ITYPE_LEFT_DISPLAY_CUTOUT, mFrame=[0,0][-100000,2400], mVisible=true, mInsetsRoundedCornerFrame=false}, InsetsSource: {mType=ITYPE_TOP_DISPLAY_CUTOUT, mFrame=[0,0][1080,88], mVisible=true, mInsetsRoundedCornerFrame=false}, InsetsSource: {mType=ITYPE_RIGHT_DISPLAY_CUTOUT, mFrame=[100000,0][1080,2400], mVisible=true, mInsetsRoundedCornerFrame=false}, InsetsSource: {mType=ITYPE_BOTTOM_DISPLAY_CUTOUT, mFrame=[0,100000][1080,2400], mVisible=true, mInsetsRoundedCornerFrame=false}, InsetsSource: {mType=ITYPE_TOP_TAPPABLE_ELEMENT, mFrame=[0,0][1080,88], mVisible=true, mInsetsRoundedCornerFrame=false}, InsetsSource: {mType=ITYPE_BOTTOM_TAPPABLE_ELEMENT, mFrame=[0,2256][1080,2400], mVisible=true, mInsetsRoundedCornerFrame=false}, InsetsSource: {mType=ITYPE_IME, mFrame=[0,0][0,0], mVisibleFrame=[0,1374][1080,2400], mVisible=false, mInsetsRoundedCornerFrame=false} } host=PopupWindow:b18b023 from=android.view.ViewRootImpl.setView:1732
04-06 17:18:24.767 24832 24832 I ViewRootImpl@d3fd920[PopupWindow:b18b023]: setView = android.widget.PopupWindow$PopupDecorView@b19674c TM=false
04-06 17:18:24.774 24832 24832 I ViewRootImpl@d3fd920[PopupWindow:b18b023]: performTraversals params={(0,88)(fillxwrap) gr=TOP START CENTER sim={state=unchanged adjust=pan} ty=APPLICATION_PANEL fmt=TRANSLUCENT surfaceInsets=Rect(0, 0 - 0, 0) (manual)
04-06 17:18:24.774 24832 24832 I ViewRootImpl@d3fd920[PopupWindow:b18b023]:   fl=41800008
04-06 17:18:24.774 24832 24832 I ViewRootImpl@d3fd920[PopupWindow:b18b023]:   pfl=42018000
04-06 17:18:24.774 24832 24832 I ViewRootImpl@d3fd920[PopupWindow:b18b023]:   bhv=DEFAULT
04-06 17:18:24.774 24832 24832 I ViewRootImpl@d3fd920[PopupWindow:b18b023]:   fitTypes=STATUS_BARS NAVIGATION_BARS CAPTION_BAR naviIconColor=0
04-06 17:18:24.774 24832 24832 I ViewRootImpl@d3fd920[PopupWindow:b18b023]:   sfl=20000}
04-06 17:18:24.775 24832 24832 I ViewRootImpl@d3fd920[PopupWindow:b18b023]: performTraversals mFirst=true windowShouldResize=true viewVisibilityChanged=false mForceNextWindowRelayout=false params={(0,88)(fillxwrap) gr=TOP START CENTER sim={state=unchanged adjust=pan} ty=APPLICATION_PANEL fmt=TRANSLUCENT surfaceInsets=Rect(0, 0 - 0, 0) (manual)
04-06 17:18:24.775 24832 24832 I ViewRootImpl@d3fd920[PopupWindow:b18b023]:   fl=41800008
04-06 17:18:24.775 24832 24832 I ViewRootImpl@d3fd920[PopupWindow:b18b023]:   pfl=42018000
04-06 17:18:24.775 24832 24832 I ViewRootImpl@d3fd920[PopupWindow:b18b023]:   bhv=DEFAULT
04-06 17:18:24.775 24832 24832 I ViewRootImpl@d3fd920[PopupWindow:b18b023]:   fitTypes=STATUS_BARS NAVIGATION_BARS CAPTION_BAR naviIconColor=0
04-06 17:18:24.775 24832 24832 I ViewRootImpl@d3fd920[PopupWindow:b18b023]:   sfl=20000}
04-06 17:18:24.778 24832 24848 I ViewRootImpl@d3fd920[PopupWindow:b18b023]: Resizing android.view.ViewRootImpl@8125395: frame = [0,88][1080,167] reportDraw = true forceLayout = false syncSeqId = 0
04-06 17:18:24.779 24832 24832 I ViewRootImpl@d3fd920[PopupWindow:b18b023]: updateBlastSurfaceIfNeeded mBlastBufferQueue=null isSameSurfaceControl=false
04-06 17:18:24.779 24832 24832 I BLASTBufferQueue: new BLASTBufferQueue, mName= ViewRootImpl@d3fd920[PopupWindow:b18b023] mNativeObject= 0xb4000070c2d1c580 sc.mNativeObject= 0xb4000070a0ce2840 caller= android.view.ViewRootImpl.updateBlastSurfaceIfNeeded:2909 android.view.ViewRootImpl.relayoutWindow:9847 android.view.ViewRootImpl.performTraversals:3884 android.view.ViewRootImpl.doTraversal:3116 android.view.ViewRootImpl$TraversalRunnable.run:10885 android.view.Choreographer$CallbackRecord.run:1301 android.view.Choreographer$CallbackRecord.run:1309 android.view.Choreographer.doCallbacks:923 android.view.Choreographer.doFrame:852 android.view.Choreographer$FrameDisplayEventReceiver.run:1283 
04-06 17:18:24.779 24832 24832 I BLASTBufferQueue: update, w= 1080 h= 79 mName = ViewRootImpl@d3fd920[PopupWindow:b18b023] mNativeObject= 0xb4000070c2d1c580 sc.mNativeObject= 0xb4000070a0ce2840 format= -3 caller= android.graphics.BLASTBufferQueue.<init>:84 android.view.ViewRootImpl.updateBlastSurfaceIfNeeded:2909 android.view.ViewRootImpl.relayoutWindow:9847 android.view.ViewRootImpl.performTraversals:3884 android.view.ViewRootImpl.doTraversal:3116 android.view.ViewRootImpl$TraversalRunnable.run:10885 
04-06 17:18:24.779 24832 24832 I ViewRootImpl@d3fd920[PopupWindow:b18b023]: Relayout returned: old=(0,88,1080,2256) new=(0,88,1080,167) req=(1080,79)0 dur=4 res=0x3 s={true 0xb4000070a0ea3800} ch=true seqId=0
04-06 17:18:24.780 24832 24832 I ViewRootImpl@d3fd920[PopupWindow:b18b023]: mThreadedRenderer.initialize() mSurface={isValid=true 0xb4000070a0ea3800} hwInitialized=true
04-06 17:18:24.780 24832 24884 D OpenGLRenderer: eglCreateWindowSurface
04-06 17:18:24.781 24832 24832 I ViewRootImpl@d3fd920[PopupWindow:b18b023]: reportNextDraw android.view.ViewRootImpl.performTraversals:4438 android.view.ViewRootImpl.doTraversal:3116 android.view.ViewRootImpl$TraversalRunnable.run:10885 android.view.Choreographer$CallbackRecord.run:1301 android.view.Choreographer$CallbackRecord.run:1309 
04-06 17:18:24.781 24832 24832 I ViewRootImpl@d3fd920[PopupWindow:b18b023]: Setup new sync id=0
04-06 17:18:24.781 24832 24832 I ViewRootImpl@d3fd920[PopupWindow:b18b023]: Setting syncFrameCallback
04-06 17:18:24.781 24832 24832 I ViewRootImpl@d3fd920[PopupWindow:b18b023]: registerCallbacksForSync syncBuffer=false
04-06 17:18:24.784 24832 24907 I ViewRootImpl@d3fd920[PopupWindow:b18b023]: Received frameDrawingCallback syncResult=0 frameNum=1.
04-06 17:18:24.784 24832 24907 I ViewRootImpl@d3fd920[PopupWindow:b18b023]: Setting up sync and frameCommitCallback
04-06 17:18:24.795 24832 24884 I BLASTBufferQueue: [ViewRootImpl@d3fd920[PopupWindow:b18b023]#1](f:0,a:0) onFrameAvailable the first frame is available
04-06 17:18:24.796 24832 24884 I ViewRootImpl@d3fd920[PopupWindow:b18b023]: Received frameCommittedCallback lastAttemptedDrawFrameNum=1 didProduceBuffer=true
04-06 17:18:24.796 24832 24884 D OpenGLRenderer: CFMS:: SetUp Pid : 24832    Tid : 24884
04-06 17:18:24.796 24832 24884 W Parcel  : Expecting binder but got null!
04-06 17:18:24.796 24832 24832 I ViewRootImpl@d3fd920[PopupWindow:b18b023]: onSyncComplete
04-06 17:18:24.797 24832 24832 I ViewRootImpl@d3fd920[PopupWindow:b18b023]: setupSync seqId=0 mSyncId=0 fn=1 caller=android.view.ViewRootImpl$$ExternalSyntheticLambda11.accept:6 android.window.SurfaceSyncer.lambda$setupSync$1$android-window-SurfaceSyncer:128 android.window.SurfaceSyncer$$ExternalSyntheticLambda1.accept:8 android.window.SurfaceSyncer$SyncSet.checkIfSyncIsComplete:382 android.window.SurfaceSyncer$SyncSet.markSyncReady:359 android.window.SurfaceSyncer.markSyncReady:151 android.view.ViewRootImpl.performTraversals:4503 
04-06 17:18:24.797 24832 24832 I ViewRootImpl@d3fd920[PopupWindow:b18b023]: reportDrawFinished seqId=0 mSyncId=-1 fn=1 mSurfaceChangedTransaction=0xb4000070d41fff00
04-06 17:18:24.798 24832 24832 I ViewRootImpl@d3fd920[PopupWindow:b18b023]: handleResized, msg = 5 frames=ClientWindowFrames{frame=[0,88][1080,167] display=[0,88][1080,2256] parentFrame=[0,0][0,0] parentClippedByDisplayCutout=false} forceNextWindowRelayout=false displayId=0 resizeMode=-1 frameChanged=false displayFrameChanged=false configChanged=false displayChanged=false
04-06 17:18:24.798 24832 24832 I ViewRootImpl@d3fd920[PopupWindow:b18b023]: handleResized mSyncSeqId = 0
04-06 17:18:24.798 24832 24832 I ViewRootImpl@d3fd920[PopupWindow:b18b023]: reportNextDraw android.view.ViewRootImpl.handleResized:2450 android.view.ViewRootImpl.-$$Nest$mhandleResized:0 android.view.ViewRootImpl$ViewRootHandler.handleMessageImpl:6728 android.view.ViewRootImpl$ViewRootHandler.handleMessage:6697 android.os.Handler.dispatchMessage:106 
04-06 17:18:24.798 24832 24832 I ViewRootImpl@ac0a76d[MainActivity]: MSG_WINDOW_FOCUS_CHANGED 1 0
04-06 17:18:24.799 24832 24832 I ViewRootImpl@ac0a76d[MainActivity]: mThreadedRenderer.initializeIfNeeded()#2 mSurface={isValid=true 0xb4000070a0ea1000}
04-06 17:18:24.799 24832 24832 W unknown:BridgelessReact: ReactHost{0}.raiseSoftException(onWindowFocusChange(hasFocus = "true")): Tried to access onWindowFocusChange while context is not ready
04-06 17:18:24.800 24832 24832 E unknown:ReactHost: Unhandled SoftException
04-06 17:18:24.800 24832 24832 E unknown:ReactHost: com.facebook.react.bridge.ReactNoCrashSoftException: raiseSoftException(onWindowFocusChange(hasFocus = "true")): Tried to access onWindowFocusChange while context is not ready
04-06 17:18:24.800 24832 24832 E unknown:ReactHost: 	at com.facebook.react.runtime.ReactHostImpl.raiseSoftException(ReactHostImpl.kt:861)
04-06 17:18:24.800 24832 24832 E unknown:ReactHost: 	at com.facebook.react.runtime.ReactHostImpl.raiseSoftException$default(ReactHostImpl.kt:852)
04-06 17:18:24.800 24832 24832 E unknown:ReactHost: 	at com.facebook.react.runtime.ReactHostImpl.onWindowFocusChange(ReactHostImpl.kt:625)
04-06 17:18:24.800 24832 24832 E unknown:ReactHost: 	at com.facebook.react.ReactDelegate.onWindowFocusChanged(ReactDelegate.kt:232)
04-06 17:18:24.800 24832 24832 E unknown:ReactHost: 	at com.facebook.react.ReactActivityDelegate.onWindowFocusChanged(ReactActivityDelegate.java:237)
04-06 17:18:24.800 24832 24832 E unknown:ReactHost: 	at expo.modules.ReactActivityDelegateWrapper$onWindowFocusChanged$1.invokeSuspend(ReactActivityDelegateWrapper.kt:320)
04-06 17:18:24.800 24832 24832 E unknown:ReactHost: 	at expo.modules.ReactActivityDelegateWrapper$onWindowFocusChanged$1.invoke(Unknown Source:8)
04-06 17:18:24.800 24832 24832 E unknown:ReactHost: 	at expo.modules.ReactActivityDelegateWrapper$onWindowFocusChanged$1.invoke(Unknown Source:4)
04-06 17:18:24.800 24832 24832 E unknown:ReactHost: 	at expo.modules.ReactActivityDelegateWrapper$launchLifecycleScopeWithLock$1.invokeSuspend(ReactActivityDelegateWrapper.kt:452)
04-06 17:18:24.800 24832 24832 E unknown:ReactHost: 	at kotlin.coroutines.jvm.internal.BaseContinuationImpl.resumeWith(ContinuationImpl.kt:33)
04-06 17:18:24.800 24832 24832 E unknown:ReactHost: 	at kotlinx.coroutines.internal.DispatchedContinuationKt.resumeCancellableWith(DispatchedContinuation.kt:375)
04-06 17:18:24.800 24832 24832 E unknown:ReactHost: 	at kotlinx.coroutines.intrinsics.CancellableKt.startCoroutineCancellable(Cancellable.kt:26)
04-06 17:18:24.800 24832 24832 E unknown:ReactHost: 	at kotlinx.coroutines.CoroutineStart.invoke(CoroutineStart.kt:358)
04-06 17:18:24.800 24832 24832 E unknown:ReactHost: 	at kotlinx.coroutines.AbstractCoroutine.start(AbstractCoroutine.kt:134)
04-06 17:18:24.800 24832 24832 E unknown:ReactHost: 	at kotlinx.coroutines.BuildersKt__Builders_commonKt.launch(Builders.common.kt:53)
04-06 17:18:24.800 24832 24832 E unknown:ReactHost: 	at kotlinx.coroutines.BuildersKt.launch(Unknown Source:1)
04-06 17:18:24.800 24832 24832 E unknown:ReactHost: 	at kotlinx.coroutines.BuildersKt__Builders_commonKt.launch$default(Builders.common.kt:44)
04-06 17:18:24.800 24832 24832 E unknown:ReactHost: 	at kotlinx.coroutines.BuildersKt.launch$default(Unknown Source:1)
04-06 17:18:24.800 24832 24832 E unknown:ReactHost: 	at expo.modules.ReactActivityDelegateWrapper.launchLifecycleScopeWithLock(ReactActivityDelegateWrapper.kt:450)
04-06 17:18:24.800 24832 24832 E unknown:ReactHost: 	at expo.modules.ReactActivityDelegateWrapper.launchLifecycleScopeWithLock$default(ReactActivityDelegateWrapper.kt:446)
04-06 17:18:24.800 24832 24832 E unknown:ReactHost: 	at expo.modules.ReactActivityDelegateWrapper.onWindowFocusChanged(ReactActivityDelegateWrapper.kt:318)
04-06 17:18:24.800 24832 24832 E unknown:ReactHost: 	at com.facebook.react.ReactActivity.onWindowFocusChanged(ReactActivity.java:158)
04-06 17:18:24.800 24832 24832 E unknown:ReactHost: 	at androidx.appcompat.view.WindowCallbackWrapper.onWindowFocusChanged(WindowCallbackWrapper.java:124)
04-06 17:18:24.800 24832 24832 E unknown:ReactHost: 	at com.android.internal.policy.DecorView.onWindowFocusChanged(DecorView.java:2710)
04-06 17:18:24.800 24832 24832 E unknown:ReactHost: 	at android.view.View.dispatchWindowFocusChanged(View.java:15817)
04-06 17:18:24.800 24832 24832 E unknown:ReactHost: 	at android.view.ViewGroup.dispatchWindowFocusChanged(ViewGroup.java:1512)
04-06 17:18:24.800 24832 24832 E unknown:ReactHost: 	at android.view.ViewRootImpl.handleWindowFocusChanged(ViewRootImpl.java:4678)
04-06 17:18:24.800 24832 24832 E unknown:ReactHost: 	at android.view.ViewRootImpl.-$$Nest$mhandleWindowFocusChanged(Unknown Source:0)
04-06 17:18:24.800 24832 24832 E unknown:ReactHost: 	at android.view.ViewRootImpl$ViewRootHandler.handleMessageImpl(ViewRootImpl.java:6788)
04-06 17:18:24.800 24832 24832 E unknown:ReactHost: 	at android.view.ViewRootImpl$ViewRootHandler.handleMessage(ViewRootImpl.java:6697)
04-06 17:18:24.800 24832 24832 E unknown:ReactHost: 	at android.os.Handler.dispatchMessage(Handler.java:106)
04-06 17:18:24.800 24832 24832 E unknown:ReactHost: 	at android.os.Looper.loopOnce(Looper.java:226)
04-06 17:18:24.800 24832 24832 E unknown:ReactHost: 	at android.os.Looper.loop(Looper.java:313)
04-06 17:18:24.800 24832 24832 E unknown:ReactHost: 	at android.app.ActivityThread.main(ActivityThread.java:8762)
04-06 17:18:24.800 24832 24832 E unknown:ReactHost: 	at java.lang.reflect.Method.invoke(Native Method)
04-06 17:18:24.800 24832 24832 E unknown:ReactHost: 	at com.android.internal.os.RuntimeInit$MethodAndArgsCaller.run(RuntimeInit.java:604)
04-06 17:18:24.800 24832 24832 E unknown:ReactHost: 	at com.android.internal.os.ZygoteInit.main(ZygoteInit.java:1067)
04-06 17:18:24.800 24832 24832 D InputMethodManager: startInputInner - Id : 0
04-06 17:18:24.800 24832 24832 I InputMethodManager: startInputInner - mService.startInputOrWindowGainedFocus
04-06 17:18:24.806 24832 24832 I ViewRootImpl@d3fd920[PopupWindow:b18b023]: Setup new sync id=1
04-06 17:18:24.806 24832 24832 I ViewRootImpl@d3fd920[PopupWindow:b18b023]: Setting syncFrameCallback
04-06 17:18:24.806 24832 24832 I ViewRootImpl@d3fd920[PopupWindow:b18b023]: registerCallbacksForSync syncBuffer=false
04-06 17:18:24.807 24832 24908 I ViewRootImpl@d3fd920[PopupWindow:b18b023]: Received frameDrawingCallback syncResult=0 frameNum=3.
04-06 17:18:24.807 24832 24908 I ViewRootImpl@d3fd920[PopupWindow:b18b023]: Setting up sync and frameCommitCallback
04-06 17:18:24.814 24832 24884 I ViewRootImpl@d3fd920[PopupWindow:b18b023]: Received frameCommittedCallback lastAttemptedDrawFrameNum=3 didProduceBuffer=true
04-06 17:18:24.814 24832 24832 I ViewRootImpl@d3fd920[PopupWindow:b18b023]: onSyncComplete
04-06 17:18:24.815 24832 24832 I ViewRootImpl@d3fd920[PopupWindow:b18b023]: setupSync seqId=0 mSyncId=1 fn=3 caller=android.view.ViewRootImpl$$ExternalSyntheticLambda11.accept:6 android.window.SurfaceSyncer.lambda$setupSync$1$android-window-SurfaceSyncer:128 android.window.SurfaceSyncer$$ExternalSyntheticLambda1.accept:8 android.window.SurfaceSyncer$SyncSet.checkIfSyncIsComplete:382 android.window.SurfaceSyncer$SyncSet.markSyncReady:359 android.window.SurfaceSyncer.markSyncReady:151 android.view.ViewRootImpl.performTraversals:4503 
04-06 17:18:24.815 24832 24832 I ViewRootImpl@d3fd920[PopupWindow:b18b023]: reportDrawFinished seqId=0 mSyncId=-1 fn=3 mSurfaceChangedTransaction=0xb4000070d41fff00
04-06 17:18:24.815 24832 24832 D InputMethodManager: startInputInner - Id : 0
04-06 17:18:25.116 24832 24904 D Detox.RNMarker: DOWNLOAD_END ({"url":"http:\/\/localhost:8081\/.expo\/.virtual-metro-entry.bundle?platform=android&dev=true&lazy=true&minify=false&app=com.evolucao.app&modulesOnly=false&runModule=true&excludeSource=true&sourcePaths=url-server","filesChangedCount":0})
04-06 17:18:25.116 24832 24904 W unknown:BridgelessReact: ReactHost{0}.loadJSBundleFromMetro(): Creating BundleLoader
04-06 17:18:25.116 24832 24903 W unknown:BridgelessReact: ReactHost{0}.getOrCreateReactInstanceTask(): Creating BridgelessReactContext
04-06 17:18:25.118 24832 24903 W unknown:BridgelessReact: ReactHost{0}.getOrCreateReactInstanceTask(): Creating ReactInstance
04-06 17:18:25.122 24832 24884 D OpenGLRenderer: setSurface called with nullptr
04-06 17:18:25.122 24832 24884 D OpenGLRenderer: setSurface() destroyed EGLSurface
04-06 17:18:25.122 24832 24884 D OpenGLRenderer: destroyEglSurface
04-06 17:18:25.123 24832 24832 I ViewRootImpl@d3fd920[PopupWindow:b18b023]: dispatchDetachedFromWindow
04-06 17:18:25.126 24832 24832 D InputTransport: Input channel destroyed: 'bf91bab', fd=123
04-06 17:18:25.130 24832 24904 D TrafficStats: tagSocket(127) with statsTag=0xffffffff, statsUid=-1
04-06 17:18:25.133 24832 24903 D jni_lib_merge: Entering merged library JNI_OnLoad.
04-06 17:18:25.133 24832 24903 D jni_lib_merge: Preparing 4 pre-merged libs (including stub)
04-06 17:18:25.133 24832 24903 D jni_lib_merge: Preparing to register libhermes_executor_so.  onload_func: 0x7021f32fa4
04-06 17:18:25.133 24832 24903 D jni_lib_merge: Preparing to register libhermesinstancejni_so.  onload_func: 0x7021f6c8b4
04-06 17:18:25.133 24832 24903 D jni_lib_merge: Preparing to register libjsijniprofiler_so.  onload_func: 0x7021f6e8f8
04-06 17:18:25.133 24832 24903 D jni_lib_merge: About to register 3 actual methods.
04-06 17:18:25.258 24832 24903 I ExpoModulesCore: ✅ AppContext was initialized
04-06 17:18:25.285 24832 24903 W unknown:BridgelessReact: ReactHost{0}.getOrCreateReactInstanceTask(): Loading JS Bundle
04-06 17:18:25.286 24832 24903 W unknown:BridgelessReact: ReactHost{0}.getOrCreateReactInstanceTask(): DevSupportManager.onNewReactContextCreated()
04-06 17:18:25.286 24832 24926 D Detox.RNMarker: RUN_JS_BUNDLE_START (/.virtual-metro-entry.bundle?platform=android&dev=true&lazy=true&minify=false&app=com.evolucao.app&modulesOnly=false&runModule=true&excludeSource=true&sourcePaths=url-server)
04-06 17:18:25.289 24832 24832 W unknown:ReactNative: Packager connection already open, nooping.
04-06 17:18:25.290 24832 24832 W unknown:BridgelessReact: ReactHost{0}.ReactContext.onHostResume()
04-06 17:18:25.292 24832 24903 W unknown:BridgelessReact: ReactHost{0}.startSurface(surfaceId = 0): Execute
04-06 17:18:25.295 24832 24832 W unknown:BridgelessReact: ReactHost{0}.getOrCreateReactInstanceTask(): Executing ReactInstanceEventListeners
04-06 17:18:25.295 24832 24832 I DetoxRNLoading: Got new RN-context through listener
04-06 17:18:25.296 24832 24863 I DetoxRNIdleRes: Setting up Espresso Idling Resources for React Native
04-06 17:18:25.304 24832 24832 D DetoxRNHelpers: Native RN module resolution (class com.reactnativecommunity.asyncstorage.AsyncStorageModule): no registered module found
04-06 17:18:25.304 24832 24863 D IdlingRegistry: Registering idling resources: [com.wix.detox.reactnative.idlingresources.uimodule.fabric.FabricUIManagerIdlingResources@8bb8100]
04-06 17:18:25.304 24832 24863 D IdlingRegistry: Registering idling resources: [com.wix.detox.reactnative.idlingresources.animations.AnimatedModuleIdlingResource@f241d39]
04-06 17:18:25.304 24832 24863 D IdlingRegistry: Registering idling resources: [com.wix.detox.reactnative.idlingresources.timers.FabricTimersIdlingResource@65dff7e]
04-06 17:18:25.304 24832 24863 D IdlingRegistry: Registering idling resources: [com.wix.detox.reactnative.idlingresources.network.NetworkIdlingResource@3525cdf]
04-06 17:18:25.304 24832 24863 D IdlingRegistry: Registering idling resources: [com.wix.detox.reactnative.idlingresources.StabilizedIdlingResource@5d7ad2c]
04-06 17:18:25.316 24832 24927 W om.evolucao.app: Accessing hidden method Landroid/os/MessageQueue;->next()Landroid/os/Message; (unsupported, reflection, allowed)
04-06 17:18:25.316 24832 24927 W om.evolucao.app: Accessing hidden field Landroid/os/MessageQueue;->mMessages:Landroid/os/Message; (unsupported, reflection, allowed)
04-06 17:18:25.316 24832 24927 W om.evolucao.app: Accessing hidden method Landroid/os/Message;->recycleUnchecked()V (unsupported, reflection, allowed)
04-06 17:18:25.469 24832 24832 D DetoxRNHelpers: Native RN module resolution (class com.reactnativecommunity.asyncstorage.AsyncStorageModule): no registered module found
04-06 17:18:25.469 24832 24866 W om.evolucao.app: Long monitor contention with owner Instr: androidx.test.runner.AndroidJUnitRunner (24863) at void com.wix.detox.DetoxMain.launchActivityOnCue(android.content.Context, com.wix.detox.ActivityLaunchHelper)(DetoxMain.kt:53) waiters=0 in void com.wix.detox.DetoxMain$setupActionHandlers$SynchronizedActionHandler.handle(java.lang.String, long) for 1.094s
04-06 17:18:25.552 24832 24927 I WebViewFactory: Loading com.google.android.webview version 146.0.7680.164 (code 768016403)
04-06 17:18:25.555 24832 24927 D ApplicationLoaders: Returning zygote-cached class loader: /system/framework/android.test.base.jar
04-06 17:18:25.562 24832 24927 D nativeloader: Configuring classloader-namespace for other apk /data/app/~~23ppwVuk64Fm9vdWCRWMMw==/com.google.android.webview-FPIphznatdLDx2VBYoD68A==/base.apk. target_sdk_version=36, uses_libraries=, library_path=/data/app/~~23ppwVuk64Fm9vdWCRWMMw==/com.google.android.webview-FPIphznatdLDx2VBYoD68A==/lib/arm64:/data/app/~~23ppwVuk64Fm9vdWCRWMMw==/com.google.android.webview-FPIphznatdLDx2VBYoD68A==/base.apk!/lib/arm64-v8a, permitted_path=/data:/mnt/expand
04-06 17:18:25.608 24832 24926 W BridgelessReactContext: [WARNING] Bridgeless doesn't support CatalystInstance. Accessing an API that's not part of the new architecture is not encouraged usage.
04-06 17:18:25.615 24832 24926 I ExpoModulesCore: ✅ JSI interop was installed
04-06 17:18:25.621 24832 24926 I ExpoModulesCore: ✅ Constants were exported
04-06 17:18:25.626 24832 24927 I cr_WVCFactoryProvider: version=146.0.7680.164 (768016403) minSdkVersion=29 multiprocess=true packageId=127 splits=<none>
04-06 17:18:25.650 24832 24942 I chromium: [0406/171825.647307:INFO:android_webview/browser/variations/variations_seed_loader.cc:67] Failed to open file for reading.: No such file or directory (2)
04-06 17:18:25.651 24832 24942 I chromium: [0406/171825.650988:INFO:android_webview/browser/variations/variations_seed_loader.cc:67] Failed to open file for reading.: No such file or directory (2)
04-06 17:18:25.668 24832 24927 I cr_LibraryLoader: Successfully loaded native library
04-06 17:18:25.669 24832 24926 W unknown:ViewManagerPropertyUpdater: Could not find generated setter for class com.th3rdwave.safeareacontext.SafeAreaProviderManager
04-06 17:18:25.671 24832 24927 I cr_CachingUmaRecorder: Flushed 16 samples from 16 histograms, 0 samples were dropped.
04-06 17:18:25.672 24832 24926 W unknown:ViewManagerPropertyUpdater: Could not find generated setter for class com.facebook.react.uimanager.LayoutShadowNode
04-06 17:18:25.674 24832 24926 W unknown:ViewManagerPropertyUpdater: Could not find generated setter for class com.swmansion.rnscreens.SearchBarManager
04-06 17:18:25.674 24832 24926 W unknown:ViewManagerPropertyUpdater: Could not find generated setter for class com.swmansion.rnscreens.ScreenFooterManager
04-06 17:18:25.675 24832 24926 W unknown:ViewManagerPropertyUpdater: Could not find generated setter for class com.swmansion.rnscreens.gamma.tabs.TabScreenViewManager
04-06 17:18:25.679 24832 24926 W unknown:ViewManagerPropertyUpdater: Could not find generated setter for class expo.modules.kotlin.views.GroupViewManagerWrapper
04-06 17:18:25.679 24832 24926 W unknown:ViewManagerPropertyUpdater: Could not find generated setter for class com.swmansion.rnscreens.ScreenContainerViewManager
04-06 17:18:25.680 24832 24926 W unknown:ViewManagerPropertyUpdater: Could not find generated setter for class com.swmansion.rnscreens.gamma.tabs.TabsHostViewManager
04-06 17:18:25.682 24832 24926 W unknown:ViewManagerPropertyUpdater: Could not find generated setter for class com.swmansion.rnscreens.ModalScreenViewManager
04-06 17:18:25.683 24832 24926 W unknown:ViewManagerPropertyUpdater: Could not find generated setter for class com.swmansion.rnscreens.ScreenStackHeaderConfigViewManager
04-06 17:18:25.684 24832 24926 W unknown:ViewManagerPropertyUpdater: Could not find generated setter for class com.swmansion.rnscreens.ScreenContentWrapperManager
04-06 17:18:25.684 24832 24926 W unknown:ViewManagerPropertyUpdater: Could not find generated setter for class com.th3rdwave.safeareacontext.SafeAreaViewManager
04-06 17:18:25.685 24832 24926 W unknown:ViewManagerPropertyUpdater: Could not find generated setter for class com.th3rdwave.safeareacontext.SafeAreaViewShadowNode
04-06 17:18:25.686 24832 24926 W unknown:ViewManagerPropertyUpdater: Could not find generated setter for class com.swmansion.rnscreens.safearea.SafeAreaViewManager
04-06 17:18:25.686 24832 24926 W unknown:ViewManagerPropertyUpdater: Could not find generated setter for class com.swmansion.rnscreens.safearea.paper.SafeAreaViewShadowNode
04-06 17:18:25.687 24832 24926 W unknown:ViewManagerPropertyUpdater: Could not find generated setter for class com.swmansion.rnscreens.ScreenViewManager
04-06 17:18:25.687 24832 24926 W unknown:ViewManagerPropertyUpdater: Could not find generated setter for class com.swmansion.rnscreens.gamma.stack.host.StackHostViewManager
04-06 17:18:25.688 24832 24926 W unknown:ViewManagerPropertyUpdater: Could not find generated setter for class com.swmansion.rnscreens.ScreenStackHeaderSubviewManager
04-06 17:18:25.688 24832 24926 W unknown:ViewManagerPropertyUpdater: Could not find generated setter for class com.swmansion.rnscreens.gamma.stack.screen.StackScreenViewManager
04-06 17:18:25.689 24832 24926 W unknown:ViewManagerPropertyUpdater: Could not find generated setter for class com.swmansion.rnscreens.ScreenStackViewManager
04-06 17:18:25.713 24832 24948 D TrafficStats: tagSocket(141) with statsTag=0xffffffff, statsUid=-1
04-06 17:18:25.715 24832 24948 D TrafficStats: tagSocket(141) with statsTag=0xffffffff, statsUid=-1
04-06 17:18:25.777 24832 24926 W unknown:ViewManagerPropertyUpdater: Could not find generated setter for class com.facebook.react.views.debuggingoverlay.DebuggingOverlayManager
04-06 17:18:25.782 24832 24926 W unknown:ViewManagerPropertyUpdater: Could not find generated setter for class com.swmansion.gesturehandler.react.RNGestureHandlerButtonViewManager
04-06 17:18:25.787 24832 24926 W unknown:ViewManagerPropertyUpdater: Could not find generated setter for class com.facebook.react.views.safeareaview.ReactSafeAreaViewManager
04-06 17:18:25.792 24832 24926 W unknown:ViewManagerPropertyUpdater: Could not find generated setter for class com.facebook.react.views.modal.ReactModalHostManager
04-06 17:18:25.797 24832 24926 W unknown:ViewManagerPropertyUpdater: Could not find generated setter for class com.facebook.react.views.text.frescosupport.FrescoBasedReactTextInlineImageViewManager
04-06 17:18:25.798 24832 24926 W unknown:ViewManagerPropertyUpdater: Could not find generated setter for class com.facebook.react.views.text.frescosupport.FrescoBasedReactTextInlineImageShadowNode
04-06 17:18:25.803 24832 24926 W unknown:ViewManagerPropertyUpdater: Could not find generated setter for class com.facebook.react.views.progressbar.ReactProgressBarViewManager
04-06 17:18:25.803 24832 24926 W unknown:ViewManagerPropertyUpdater: Could not find generated setter for class com.facebook.react.views.progressbar.ProgressBarShadowNode
04-06 17:18:25.808 24832 24926 W unknown:ViewManagerPropertyUpdater: Could not find generated setter for class com.facebook.react.views.scroll.ReactHorizontalScrollViewManager
04-06 17:18:25.815 24832 24926 W unknown:ViewManagerPropertyUpdater: Could not find generated setter for class com.facebook.react.views.image.ReactImageManager
04-06 17:18:25.822 24832 24926 W unknown:ViewManagerPropertyUpdater: Could not find generated setter for class com.facebook.react.views.text.ReactTextViewManager
04-06 17:18:25.823 24832 24926 W unknown:ViewManagerPropertyUpdater: Could not find generated setter for class com.facebook.react.views.text.ReactTextShadowNode
04-06 17:18:25.829 24832 24926 W unknown:ViewManagerPropertyUpdater: Could not find generated setter for class com.facebook.react.views.scroll.ReactHorizontalScrollContainerViewManager
04-06 17:18:25.834 24832 24926 W unknown:ViewManagerPropertyUpdater: Could not find generated setter for class com.facebook.react.views.unimplementedview.ReactUnimplementedViewManager
04-06 17:18:25.839 24832 24926 W unknown:ViewManagerPropertyUpdater: Could not find generated setter for class com.facebook.react.views.scroll.ReactScrollViewManager
04-06 17:18:25.845 24832 24926 W unknown:ViewManagerPropertyUpdater: Could not find generated setter for class com.facebook.react.views.view.ReactViewManager
04-06 17:18:25.851 24832 24926 W unknown:ViewManagerPropertyUpdater: Could not find generated setter for class com.facebook.react.views.drawer.ReactDrawerLayoutManager
04-06 17:18:25.857 24832 24926 W unknown:ViewManagerPropertyUpdater: Could not find generated setter for class com.facebook.react.views.switchview.ReactSwitchManager
04-06 17:18:25.857 24832 24926 W unknown:ViewManagerPropertyUpdater: Could not find generated setter for class com.facebook.react.views.switchview.ReactSwitchShadowNode
04-06 17:18:25.863 24832 24926 W unknown:ViewManagerPropertyUpdater: Could not find generated setter for class com.facebook.react.views.swiperefresh.SwipeRefreshLayoutManager
04-06 17:18:25.869 24832 24926 W unknown:ViewManagerPropertyUpdater: Could not find generated setter for class com.facebook.react.views.textinput.ReactTextInputManager
04-06 17:18:25.871 24832 24926 W unknown:ViewManagerPropertyUpdater: Could not find generated setter for class com.facebook.react.views.textinput.ReactTextInputShadowNode
04-06 17:18:25.877 24832 24926 W unknown:ViewManagerPropertyUpdater: Could not find generated setter for class com.swmansion.gesturehandler.react.RNGestureHandlerRootViewManager
04-06 17:18:25.908 24832 24948 D TrafficStats: tagSocket(141) with statsTag=0xffffffff, statsUid=-1
04-06 17:18:26.082 24832 24926 V AsyncStorageExpoMigration: No scoped database found
04-06 17:18:26.270 24832 24926 D Detox.RNMarker: RUN_JS_BUNDLE_END (/.virtual-metro-entry.bundle?platform=android&dev=true&lazy=true&minify=false&app=com.evolucao.app&modulesOnly=false&runModule=true&excludeSource=true&sourcePaths=url-server)
04-06 17:18:26.272 24832 24926 I ReactNativeJS: Running "main" with {"rootTag":1,"initialProps":{},"fabric":true}
04-06 17:18:26.391 24832 24951 D TrafficStats: tagSocket(129) with statsTag=0xffffffff, statsUid=-1
04-06 17:18:26.392 24832 24832 W UiControllerImpl: Waiting for: DYNAMIC_TASKS_HAVE_IDLED for 100 iterations.
04-06 17:18:26.476 24832 24832 I DecorView: notifyKeepScreenOnChanged: keepScreenOn=true
04-06 17:18:26.492 24832 24832 D Detox.RNMarker: CONTENT_APPEARED (main)
04-06 17:18:26.494 24832 24926 D Detox.RNMarker: REACT_BRIDGELESS_LOADING_END (null)
04-06 17:18:26.495 24832 24832 I ViewRootImpl@ac0a76d[MainActivity]: performTraversals params={(0,0)(fillxfill) sim={adjust=resize} layoutInDisplayCutoutMode=always ty=BASE_APPLICATION wanim=0x1030309
04-06 17:18:26.495 24832 24832 I ViewRootImpl@ac0a76d[MainActivity]:   fl=81810180
04-06 17:18:26.495 24832 24832 I ViewRootImpl@ac0a76d[MainActivity]:   pfl=16020040
04-06 17:18:26.495 24832 24832 I ViewRootImpl@ac0a76d[MainActivity]:   vsysui=100
04-06 17:18:26.495 24832 24832 I ViewRootImpl@ac0a76d[MainActivity]:   bhv=DEFAULT
04-06 17:18:26.495 24832 24832 I ViewRootImpl@ac0a76d[MainActivity]:   fitSides= naviIconColor=0}
04-06 17:18:26.496 24832 24832 I ViewRootImpl@ac0a76d[MainActivity]: performTraversals mFirst=false windowShouldResize=false viewVisibilityChanged=false mForceNextWindowRelayout=false params={(0,0)(fillxfill) sim={adjust=resize} layoutInDisplayCutoutMode=always ty=BASE_APPLICATION wanim=0x1030309
04-06 17:18:26.496 24832 24832 I ViewRootImpl@ac0a76d[MainActivity]:   fl=81810180
04-06 17:18:26.496 24832 24832 I ViewRootImpl@ac0a76d[MainActivity]:   pfl=16020040
04-06 17:18:26.496 24832 24832 I ViewRootImpl@ac0a76d[MainActivity]:   vsysui=100
04-06 17:18:26.496 24832 24832 I ViewRootImpl@ac0a76d[MainActivity]:   bhv=DEFAULT
04-06 17:18:26.496 24832 24832 I ViewRootImpl@ac0a76d[MainActivity]:   fitSides= naviIconColor=0}
04-06 17:18:26.502 24832 24832 I ViewRootImpl@ac0a76d[MainActivity]: updateBlastSurfaceIfNeeded mBlastBufferQueue=0xb4000070c2c34c00 isSameSurfaceControl=true
04-06 17:18:26.502 24832 24832 I BLASTBufferQueue: update, w= 1080 h= 2400 mName = ViewRootImpl@ac0a76d[MainActivity] mNativeObject= 0xb4000070c2c34c00 sc.mNativeObject= 0xb4000070180e2ce0 format= -1 caller= android.view.ViewRootImpl.updateBlastSurfaceIfNeeded:2898 android.view.ViewRootImpl.relayoutWindow:9847 android.view.ViewRootImpl.performTraversals:3884 android.view.ViewRootImpl.doTraversal:3116 android.view.ViewRootImpl$TraversalRunnable.run:10885 android.view.Choreographer$CallbackRecord.run:1301 
04-06 17:18:26.503 24832 24832 I ViewRootImpl@ac0a76d[MainActivity]: Relayout returned: old=(0,0,1080,2400) new=(0,0,1080,2400) req=(1080,2400)0 dur=6 res=0x0 s={true 0xb4000070a0ea1000} ch=false seqId=0
04-06 17:18:26.504 24832 24926 I ReactNativeJS: '[ANALYTICS]', 'app_opened', { event: 'app_opened',
04-06 17:18:26.504 24832 24926 I ReactNativeJS:   eventId: '1775506706500_97c04001f07fe',
04-06 17:18:26.504 24832 24926 I ReactNativeJS:   appVersion: '1.0.0',
04-06 17:18:26.504 24832 24926 I ReactNativeJS:   category: 'engagement',
04-06 17:18:26.504 24832 24926 I ReactNativeJS:   userId: 'anonymous',
04-06 17:18:26.504 24832 24926 I ReactNativeJS:   timestamp: 1775506706499,
04-06 17:18:26.504 24832 24926 I ReactNativeJS:   timestampIso: '2026-04-06T20:18:26.499Z',
04-06 17:18:26.504 24832 24926 I ReactNativeJS:   screen: 'App',
04-06 17:18:26.504 24832 24926 I ReactNativeJS:   sessionId: 'session-1775506706492-c33f3ee114bcf',
04-06 17:18:26.504 24832 24926 I ReactNativeJS:   flowId: 'session-1775506706492-c33f3ee114bcf',
04-06 17:18:26.504 24832 24926 I ReactNativeJS:   meta: 
04-06 17:18:26.504 24832 24926 I ReactNativeJS:    { domain: 'engagement',
04-06 17:18:26.504 24832 24926 I ReactNativeJS:      version: 1,
04-06 17:18:26.504 24832 24926 I ReactNativeJS:      dayKey: '2026-04-06',
04-06 17:18:26.504 24832 24926 I ReactNativeJS:      isFirstOpenOfDay: true,
04-06 17:18:26.504 24832 24926 I ReactNativeJS:      category: 'engagement' } }
04-06 17:18:26.741 24832 24832 D CompatibilityChangeReporter: Compat change id reported: 171228096; UID 10731; state: ENABLED
04-06 17:18:26.744 24832 24841 I om.evolucao.app: Compiler allocated 4177KB to compile void android.widget.TextView.<init>(android.content.Context, android.util.AttributeSet, int, int)
04-06 17:18:26.748 24832 24832 D ScrollView: initGoToTop
04-06 17:18:26.749 24832 24832 W om.evolucao.app: Accessing hidden field Landroid/widget/ScrollView;->mScroller:Landroid/widget/OverScroller; (unsupported, reflection, allowed)
04-06 17:18:26.761 24832 24832 W [RNScreens]: backTitleFontFamily prop is not available on Android
04-06 17:18:26.761 24832 24832 W [RNScreens]: disableBackButtonMenu prop is not available on Android
04-06 17:18:26.761 24832 24832 W [RNScreens]: backTitleVisible prop is not available on Android
04-06 17:18:26.761 24832 24832 W [RNScreens]: topInsetEnabled prop is not available on Android
04-06 17:18:26.761 24832 24832 W [RNScreens]: largeTitleHideShadow prop is not available on Android
04-06 17:18:26.761 24832 24832 W [RNScreens]: largeTitleFontWeight prop is not available on Android
04-06 17:18:26.761 24832 24832 W [RNScreens]: userInterfaceStyle prop is not available on Android
04-06 17:18:26.761 24832 24832 W [RNScreens]: largeTitleFontFami