--------- beginning of main
04-06 10:54:11.191  4597  4597 I om.evolucao.app: Late-enabling -Xcheck:jni
04-06 10:54:11.217  4597  4597 I om.evolucao.app: Using CollectorTypeCC GC.
04-06 10:54:11.244  4597  4597 D ActivityThread: setConscryptValidator
04-06 10:54:11.244  4597  4597 D ActivityThread: setConscryptValidator - put
04-06 10:54:11.264  4597  4597 D CompatibilityChangeReporter: Compat change id reported: 171979766; UID 10485; state: ENABLED
--------- beginning of system
04-06 10:54:11.270  4597  4597 W ActivityThread: Package uses different ABI(s) than its instrumentation: package[com.evolucao.app]: arm64-v8a, null instrumentation[com.evolucao.app.test]: null, null
04-06 10:54:11.276  4597  4597 W om.evolucao.app: ClassLoaderContext classpath size mismatch. expected=0, found=1 (PCL[] | PCL[/system/framework/android.test.runner.jar*2256426886])
04-06 10:54:11.278  4597  4597 W om.evolucao.app: ClassLoaderContext classpath size mismatch. expected=0, found=2 (PCL[] | PCL[/system/framework/android.test.runner.jar*2256426886:/system/framework/android.test.mock.jar*2695051129])
04-06 10:54:11.279  4597  4597 W ziparchive: Unable to open '/data/app/~~xamWua60F4ah0TtISSBIbA==/com.evolucao.app.test-UjIJ_hTOQqZEpXSc1A7yBg==/base.dm': No such file or directory
04-06 10:54:11.279  4597  4597 W ziparchive: Unable to open '/data/app/~~xamWua60F4ah0TtISSBIbA==/com.evolucao.app.test-UjIJ_hTOQqZEpXSc1A7yBg==/base.dm': No such file or directory
04-06 10:54:11.351  4597  4597 W ziparchive: Unable to open '/data/app/~~-P24kq_niIUA4kp1WfL4nA==/com.evolucao.app-g2krzLibQrJlFk1Z-2g2Kg==/base.dm': No such file or directory
04-06 10:54:11.351  4597  4597 W ziparchive: Unable to open '/data/app/~~-P24kq_niIUA4kp1WfL4nA==/com.evolucao.app-g2krzLibQrJlFk1Z-2g2Kg==/base.dm': No such file or directory
04-06 10:54:11.633  4597  4597 D nativeloader: Configuring classloader-namespace for other apk /system/framework/android.test.runner.jar:/system/framework/android.test.mock.jar:/system/framework/android.test.base.jar:/data/app/~~xamWua60F4ah0TtISSBIbA==/com.evolucao.app.test-UjIJ_hTOQqZEpXSc1A7yBg==/base.apk:/data/app/~~-P24kq_niIUA4kp1WfL4nA==/com.evolucao.app-g2krzLibQrJlFk1Z-2g2Kg==/base.apk. target_sdk_version=36, uses_libraries=, library_path=/data/app/~~xamWua60F4ah0TtISSBIbA==/com.evolucao.app.test-UjIJ_hTOQqZEpXSc1A7yBg==/lib/arm64:/data/app/~~-P24kq_niIUA4kp1WfL4nA==/com.evolucao.app-g2krzLibQrJlFk1Z-2g2Kg==/lib/arm64:/data/app/~~xamWua60F4ah0TtISSBIbA==/com.evolucao.app.test-UjIJ_hTOQqZEpXSc1A7yBg==/base.apk!/lib/arm64-v8a:/data/app/~~-P24kq_niIUA4kp1WfL4nA==/com.evolucao.app-g2krzLibQrJlFk1Z-2g2Kg==/base.apk!/lib/arm64-v8a, permitted_path=/data:/mnt/expand:/data/user/0/com.evolucao.app
04-06 10:54:11.645  4597  4597 V GraphicsEnvironment: ANGLE Developer option for 'com.evolucao.app' set to: 'default'
04-06 10:54:11.646  4597  4597 V GraphicsEnvironment: ANGLE GameManagerService for com.evolucao.app: false
04-06 10:54:11.646  4597  4597 V GraphicsEnvironment: App is not on the allowlist for updatable production driver.
04-06 10:54:11.652  4597  4597 D ApplicationLoaders: Returning zygote-cached class loader: /system/framework/android.test.base.jar
04-06 10:54:11.654  4597  4597 D nativeloader: Configuring classloader-namespace for other apk /system/framework/android.test.mock.jar. target_sdk_version=36, uses_libraries=ALL, library_path=/data/app/~~xamWua60F4ah0TtISSBIbA==/com.evolucao.app.test-UjIJ_hTOQqZEpXSc1A7yBg==/lib/arm64:/data/app/~~-P24kq_niIUA4kp1WfL4nA==/com.evolucao.app-g2krzLibQrJlFk1Z-2g2Kg==/lib/arm64, permitted_path=/data:/mnt/expand
04-06 10:54:11.654  4597  4597 D nativeloader: Extending system_exposed_libraries: libhumantracking.arcsoft.so:libPortraitDistortionCorrection.arcsoft.so:libPortraitDistortionCorrectionCali.arcsoft.so:libface_landmark.arcsoft.so:libFacialStickerEngine.arcsoft.so:libveengine.arcsoft.so:lib_pet_detection.arcsoft.so:libhigh_res.arcsoft.so:libimage_enhancement.arcsoft.so:liblow_light_hdr.arcsoft.so:libhigh_dynamic_range.arcsoft.so:libsuperresolution.arcsoft.so:libobjectcapture_jni.arcsoft.so:libobjectcapture_jni.arcsoft.so:libobjectcapture.arcsoft.so:libFacialAttributeDetection.arcsoft.so:libBeauty_v4.camera.samsung.so:libexifa.camera.samsung.so:libjpega.camera.samsung.so:libOpenCv.camera.samsung.so:libVideoClassifier.camera.samsung.so:libtensorflowLite.dynamic_viewing.camera.samsung.so:libImageScreener.camera.samsung.so:libMyFilter.camera.samsung.so:libtflite2.myfilters.camera.samsung.so:libHIDTSnapJNI.camera.samsung.so:libSmartScan.camera.samsung.so:libRectify.camera.samsung.so:libDocRectifyWrapper.camera.samsung.so:libUltraWideDistortionCorrection.camera.
04-06 10:54:11.656  4597  4597 D ApplicationLoaders: Returning zygote-cached class loader: /system/framework/android.test.base.jar
04-06 10:54:11.657  4597  4597 W om.evolucao.app: ClassLoaderContext shared library size mismatch. Expected=0, found=2 (PCL[] | PCL[]{PCL[/system/framework/android.test.base.jar*1628045882]#PCL[/system/framework/android.test.mock.jar*2695051129]})
04-06 10:54:11.658  4597  4597 D nativeloader: Configuring classloader-namespace for other apk /system/framework/android.test.runner.jar. target_sdk_version=36, uses_libraries=ALL, library_path=/data/app/~~xamWua60F4ah0TtISSBIbA==/com.evolucao.app.test-UjIJ_hTOQqZEpXSc1A7yBg==/lib/arm64:/data/app/~~-P24kq_niIUA4kp1WfL4nA==/com.evolucao.app-g2krzLibQrJlFk1Z-2g2Kg==/lib/arm64, permitted_path=/data:/mnt/expand
04-06 10:54:11.658  4597  4597 D nativeloader: Extending system_exposed_libraries: libhumantracking.arcsoft.so:libPortraitDistortionCorrection.arcsoft.so:libPortraitDistortionCorrectionCali.arcsoft.so:libface_landmark.arcsoft.so:libFacialStickerEngine.arcsoft.so:libveengine.arcsoft.so:lib_pet_detection.arcsoft.so:libhigh_res.arcsoft.so:libimage_enhancement.arcsoft.so:liblow_light_hdr.arcsoft.so:libhigh_dynamic_range.arcsoft.so:libsuperresolution.arcsoft.so:libobjectcapture_jni.arcsoft.so:libobjectcapture_jni.arcsoft.so:libobjectcapture.arcsoft.so:libFacialAttributeDetection.arcsoft.so:libBeauty_v4.camera.samsung.so:libexifa.camera.samsung.so:libjpega.camera.samsung.so:libOpenCv.camera.samsung.so:libVideoClassifier.camera.samsung.so:libtensorflowLite.dynamic_viewing.camera.samsung.so:libImageScreener.camera.samsung.so:libMyFilter.camera.samsung.so:libtflite2.myfilters.camera.samsung.so:libHIDTSnapJNI.camera.samsung.so:libSmartScan.camera.samsung.so:libRectify.camera.samsung.so:libDocRectifyWrapper.camera.samsung.so:libUltraWideDistortionCorrection.camera.
04-06 10:54:11.660  4597  4597 W om.evolucao.app: ClassLoaderContext shared library size mismatch. Expected=0, found=3 (PCL[] | PCL[]{PCL[/system/framework/android.test.base.jar*1628045882]#PCL[/system/framework/android.test.mock.jar*2695051129]#PCL[/system/framework/android.test.runner.jar*2256426886]{PCL[/system/framework/android.test.base.jar*1628045882]#PCL[/system/framework/android.test.mock.jar*2695051129]}};PCL[/system/framework/android.test.runner.jar*2256426886:/system/framework/android.test.mock.jar*2695051129:/system/framework/android.test.base.jar*1628045882:/data/app/~~xamWua60F4ah0TtISSBIbA==/com.evolucao.app.test-UjIJ_hTOQqZEpXSc1A7yBg==/base.apk*2272993428:/data/app/~~xamWua60F4ah0TtISSBIbA==/com.evolucao.app.test-UjIJ_hTOQqZEpXSc1A7yBg==/base.apk!classes2.dex*714357168:/data/app/~~xamWua60F4ah0TtISSBIbA==/com.evolucao.app.test-UjIJ_hTOQqZEpXSc1A7yBg==/base.apk!classes3.dex*1380987315:/data/app/~~xamWua60F4ah0TtISSBIbA==/com.evolucao.app.test-UjIJ_hTOQqZEpXSc1A7yBg==/base.apk!classes4.dex*3771904477:/data/app/~~xamWua60F4ah0TtISSBIbA==/com.evolucao.app.test-UjIJ_hTOQqZEpXSc1A7yBg==/base.apk!classes5.dex*2127157885:/data/app/~~xamWua60F4ah0TtISSBIbA==/com.evolucao.app.test-UjIJ_hTOQqZEpXSc1A7yBg==/base.apk!classes6.dex*971414087:/data/app/~~xamWua60F4ah0TtISSBIbA==/com.evolucao.app.test-UjIJ_hTOQqZEpXSc1A7yBg==/base.apk!classes7.dex*742752503:/data/app/~~xamWua60F4ah0TtISSBIbA==/com.evolucao.app.test-UjIJ_hTOQqZEpXSc1A7yBg==/base.apk!classes8.dex*388434936:/data/app/~~xamWua60F4ah0TtISSBIbA==/com.evolucao.app.test-UjIJ_hTOQqZEpXSc1A7yBg==/base.apk!classes9.dex*209335023:/data/app/~~xamWua60F4ah0TtISSBIbA==/com.evolucao.app.test-UjIJ_hTOQqZEpXSc1A7yBg==/base.apk!classes10.dex*2871199926:/data/app/~~xamWua60F4ah0TtISSBIbA==/com.evolucao.app.test-UjIJ_hTOQqZEpXSc1A7yBg==/base.apk!classes11.dex*3957027005:/data/app/~~xamWua60F4ah0TtISSBIbA==/com.evolucao.app.test-UjIJ_hTOQqZEpXSc1A7yBg==/base.apk!classes12.dex*914099516:/data/app/~~xamWua60F4ah0TtISSBIbA==/com.evolucao.app.test-UjIJ_hTOQqZEpXSc1A7yBg==/base.apk!classes13.dex*4108993750:/data/app/~~xamWua60F4ah0TtISSBIbA==/com.evolucao.app.test-UjIJ_hTOQqZEpXSc1A7yBg==/base.apk!classes14.dex*1632137592:/data/app/~~xamWua60F4ah0TtISSBIbA==/com.evolucao.app.test-UjIJ_hTOQqZEpXSc1A7yBg==/base.apk!classes15.dex*1757943310:/data/app/~~xamWua60F4ah0TtISSBIbA==/com.evolucao.app.test-UjIJ_hTOQqZEpXSc1A7yBg==/base.apk!classes16.dex*931013159:/data/app/~~xamWua60F4ah0TtISSBIbA==/com.evolucao.app.test-UjIJ_hTOQqZEpXSc1A7yBg==/base.apk!classes17.dex*2782462504:/data/app/~~xamWua60F4ah0TtISSBIbA==/com.evolucao.app.test-UjIJ_hTOQqZEpXSc1A7yBg==/base.apk!classes18.dex*3468966139:/data/app/~~xamWua60F4ah0TtISSBIbA==/com.evolucao.app.test-UjIJ_hTOQqZEpXSc1A7yBg==/base.apk!classes19.dex*2267436335:/data/app/~~-P24kq_niIUA4kp1WfL4nA==/com.evolucao.app-g2krzLibQrJlFk1Z-2g2Kg==/base.apk*198750528:/data/app/~~-P24kq_niIUA4kp1WfL4nA==/com.evolucao.app-g2krzLibQrJlFk1Z-2g2Kg==/base.apk!classes2.dex*1675103030:/data/app/~~-P24kq_niIUA4kp1WfL4nA==/com.evolucao.app-g2krzLibQrJlFk1Z-2g2Kg==/base.apk!classes3.dex*1788775668:/data/app/~~-P24kq_niIUA4kp1WfL4nA==/com.evolucao.app-g2krzLibQrJlFk1Z-2g2Kg==/base.apk!classes4.dex*2572157285:/data/app/~~-P24kq_niIUA4kp1WfL4nA==/com.evolucao.app-g2krzLibQrJlFk1Z-2g2Kg==/base.apk!classes5.dex*3994030385:/data/app/~~-P24kq_niIUA4kp1WfL4nA==/com.evolucao.app-g2krzLibQrJlFk1Z-2g2Kg==/base.apk!classes6.dex*1028875939:/data/app/~~-P24kq_niIUA4kp1WfL4nA==/com.evolucao.app-g2krzLibQrJlFk1Z-2g2Kg==/base.apk!classes7.dex*2113616002:/data/app/~~-P24kq_niIUA4kp1WfL4nA==/com.evolucao.app-g2krzLibQrJlFk1Z-2g2Kg==/base.apk!classes8.dex*3287389796:/data/app/~~-P24kq_niIUA4kp1WfL4nA==/com.evolucao.app-g2krzLibQrJlFk1Z-2g2Kg==/base.apk!classes9.dex*2030025819:/data/app/~~-P24kq_niIUA4kp1WfL4nA==/com.evolucao.app-g2krzLibQrJlFk1Z-2g2Kg==/base.apk!classes10.dex*1917680387:/data/app/~~-P24kq_niIUA4kp1WfL4nA==/com.evolucao.app-g2krzLibQrJlFk1Z-2g2Kg==/base.apk!classes11.dex*152968521:/data/app/~~-P24kq_niIUA4kp1WfL4nA==/com.evolucao.app-g2krzLibQrJlFk1Z-2g2Kg==/base.apk!cla
04-06 10:54:11.662  4597  4597 W om.evolucao.app: ClassLoaderContext classpath size mismatch. expected=0, found=1 (PCL[] | PCL[/system/framework/android.test.runner.jar*2256426886]{PCL[/system/framework/android.test.base.jar*1628045882]#PCL[/system/framework/android.test.mock.jar*2695051129]#PCL[/system/framework/android.test.runner.jar*2256426886]{PCL[/system/framework/android.test.base.jar*1628045882]#PCL[/system/framework/android.test.mock.jar*2695051129]}};PCL[/system/framework/android.test.runner.jar*2256426886:/system/framework/android.test.mock.jar*2695051129:/system/framework/android.test.base.jar*1628045882:/data/app/~~xamWua60F4ah0TtISSBIbA==/com.evolucao.app.test-UjIJ_hTOQqZEpXSc1A7yBg==/base.apk*2272993428:/data/app/~~xamWua60F4ah0TtISSBIbA==/com.evolucao.app.test-UjIJ_hTOQqZEpXSc1A7yBg==/base.apk!classes2.dex*714357168:/data/app/~~xamWua60F4ah0TtISSBIbA==/com.evolucao.app.test-UjIJ_hTOQqZEpXSc1A7yBg==/base.apk!classes3.dex*1380987315:/data/app/~~xamWua60F4ah0TtISSBIbA==/com.evolucao.app.test-UjIJ_hTOQqZEpXSc1A7yBg==/base.apk!classes4.dex*3771904477:/data/app/~~xamWua60F4ah0TtISSBIbA==/com.evolucao.app.test-UjIJ_hTOQqZEpXSc1A7yBg==/base.apk!classes5.dex*2127157885:/data/app/~~xamWua60F4ah0TtISSBIbA==/com.evolucao.app.test-UjIJ_hTOQqZEpXSc1A7yBg==/base.apk!classes6.dex*971414087:/data/app/~~xamWua60F4ah0TtISSBIbA==/com.evolucao.app.test-UjIJ_hTOQqZEpXSc1A7yBg==/base.apk!classes7.dex*742752503:/data/app/~~xamWua60F4ah0TtISSBIbA==/com.evolucao.app.test-UjIJ_hTOQqZEpXSc1A7yBg==/base.apk!classes8.dex*388434936:/data/app/~~xamWua60F4ah0TtISSBIbA==/com.evolucao.app.test-UjIJ_hTOQqZEpXSc1A7yBg==/base.apk!classes9.dex*209335023:/data/app/~~xamWua60F4ah0TtISSBIbA==/com.evolucao.app.test-UjIJ_hTOQqZEpXSc1A7yBg==/base.apk!classes10.dex*2871199926:/data/app/~~xamWua60F4ah0TtISSBIbA==/com.evolucao.app.test-UjIJ_hTOQqZEpXSc1A7yBg==/base.apk!classes11.dex*3957027005:/data/app/~~xamWua60F4ah0TtISSBIbA==/com.evolucao.app.test-UjIJ_hTOQqZEpXSc1A7yBg==/base.apk!classes12.dex*914099516:/data/app/~~xamWua60F4ah0TtISSBIbA==/com.evolucao.app.test-UjIJ_hTOQqZEpXSc1A7yBg==/base.apk!classes13.dex*4108993750:/data/app/~~xamWua60F4ah0TtISSBIbA==/com.evolucao.app.test-UjIJ_hTOQqZEpXSc1A7yBg==/base.apk!classes14.dex*1632137592:/data/app/~~xamWua60F4ah0TtISSBIbA==/com.evolucao.app.test-UjIJ_hTOQqZEpXSc1A7yBg==/base.apk!classes15.dex*1757943310:/data/app/~~xamWua60F4ah0TtISSBIbA==/com.evolucao.app.test-UjIJ_hTOQqZEpXSc1A7yBg==/base.apk!classes16.dex*931013159:/data/app/~~xamWua60F4ah0TtISSBIbA==/com.evolucao.app.test-UjIJ_hTOQqZEpXSc1A7yBg==/base.apk!classes17.dex*2782462504:/data/app/~~xamWua60F4ah0TtISSBIbA==/com.evolucao.app.test-UjIJ_hTOQqZEpXSc1A7yBg==/base.apk!classes18.dex*3468966139:/data/app/~~xamWua60F4ah0TtISSBIbA==/com.evolucao.app.test-UjIJ_hTOQqZEpXSc1A7yBg==/base.apk!classes19.dex*2267436335:/data/app/~~-P24kq_niIUA4kp1WfL4nA==/com.evolucao.app-g2krzLibQrJlFk1Z-2g2Kg==/base.apk*198750528:/data/app/~~-P24kq_niIUA4kp1WfL4nA==/com.evolucao.app-g2krzLibQrJlFk1Z-2g2Kg==/base.apk!classes2.dex*1675103030:/data/app/~~-P24kq_niIUA4kp1WfL4nA==/com.evolucao.app-g2krzLibQrJlFk1Z-2g2Kg==/base.apk!classes3.dex*1788775668:/data/app/~~-P24kq_niIUA4kp1WfL4nA==/com.evolucao.app-g2krzLibQrJlFk1Z-2g2Kg==/base.apk!classes4.dex*2572157285:/data/app/~~-P24kq_niIUA4kp1WfL4nA==/com.evolucao.app-g2krzLibQrJlFk1Z-2g2Kg==/base.apk!classes5.dex*3994030385:/data/app/~~-P24kq_niIUA4kp1WfL4nA==/com.evolucao.app-g2krzLibQrJlFk1Z-2g2Kg==/base.apk!classes6.dex*1028875939:/data/app/~~-P24kq_niIUA4kp1WfL4nA==/com.evolucao.app-g2krzLibQrJlFk1Z-2g2Kg==/base.apk!classes7.dex*2113616002:/data/app/~~-P24kq_niIUA4kp1WfL4nA==/com.evolucao.app-g2krzLibQrJlFk1Z-2g2Kg==/base.apk!classes8.dex*3287389796:/data/app/~~-P24kq_niIUA4kp1WfL4nA==/com.evolucao.app-g2krzLibQrJlFk1Z-2g2Kg==/base.apk!classes9.dex*2030025819:/data/app/~~-P24kq_niIUA4kp1WfL4nA==/com.evolucao.app-g2krzLibQrJlFk1Z-2g2Kg==/base.apk!classes10.dex*1917680387:/data/app/~~-P24kq_niIUA4kp1WfL4nA==/com.evolucao.app-g2krzLibQrJlFk1Z-2g2Kg==/base.apk!classes11.dex*152968521:/data/app/~~-P24kq_niIUA4kp1WfL4nA==/com.evo
04-06 10:54:11.663  4597  4597 W om.evolucao.app: ClassLoaderContext classpath size mismatch. expected=0, found=2 (PCL[] | PCL[/system/framework/android.test.runner.jar*2256426886:/system/framework/android.test.mock.jar*2695051129]{PCL[/system/framework/android.test.base.jar*1628045882]#PCL[/system/framework/android.test.mock.jar*2695051129]#PCL[/system/framework/android.test.runner.jar*2256426886]{PCL[/system/framework/android.test.base.jar*1628045882]#PCL[/system/framework/android.test.mock.jar*2695051129]}};PCL[/system/framework/android.test.runner.jar*2256426886:/system/framework/android.test.mock.jar*2695051129:/system/framework/android.test.base.jar*1628045882:/data/app/~~xamWua60F4ah0TtISSBIbA==/com.evolucao.app.test-UjIJ_hTOQqZEpXSc1A7yBg==/base.apk*2272993428:/data/app/~~xamWua60F4ah0TtISSBIbA==/com.evolucao.app.test-UjIJ_hTOQqZEpXSc1A7yBg==/base.apk!classes2.dex*714357168:/data/app/~~xamWua60F4ah0TtISSBIbA==/com.evolucao.app.test-UjIJ_hTOQqZEpXSc1A7yBg==/base.apk!classes3.dex*1380987315:/data/app/~~xamWua60F4ah0TtISSBIbA==/com.evolucao.app.test-UjIJ_hTOQqZEpXSc1A7yBg==/base.apk!classes4.dex*3771904477:/data/app/~~xamWua60F4ah0TtISSBIbA==/com.evolucao.app.test-UjIJ_hTOQqZEpXSc1A7yBg==/base.apk!classes5.dex*2127157885:/data/app/~~xamWua60F4ah0TtISSBIbA==/com.evolucao.app.test-UjIJ_hTOQqZEpXSc1A7yBg==/base.apk!classes6.dex*971414087:/data/app/~~xamWua60F4ah0TtISSBIbA==/com.evolucao.app.test-UjIJ_hTOQqZEpXSc1A7yBg==/base.apk!classes7.dex*742752503:/data/app/~~xamWua60F4ah0TtISSBIbA==/com.evolucao.app.test-UjIJ_hTOQqZEpXSc1A7yBg==/base.apk!classes8.dex*388434936:/data/app/~~xamWua60F4ah0TtISSBIbA==/com.evolucao.app.test-UjIJ_hTOQqZEpXSc1A7yBg==/base.apk!classes9.dex*209335023:/data/app/~~xamWua60F4ah0TtISSBIbA==/com.evolucao.app.test-UjIJ_hTOQqZEpXSc1A7yBg==/base.apk!classes10.dex*2871199926:/data/app/~~xamWua60F4ah0TtISSBIbA==/com.evolucao.app.test-UjIJ_hTOQqZEpXSc1A7yBg==/base.apk!classes11.dex*3957027005:/data/app/~~xamWua60F4ah0TtISSBIbA==/com.evolucao.app.test-UjIJ_hTOQqZEpXSc1A7yBg==/base.apk!classes12.dex*914099516:/data/app/~~xamWua60F4ah0TtISSBIbA==/com.evolucao.app.test-UjIJ_hTOQqZEpXSc1A7yBg==/base.apk!classes13.dex*4108993750:/data/app/~~xamWua60F4ah0TtISSBIbA==/com.evolucao.app.test-UjIJ_hTOQqZEpXSc1A7yBg==/base.apk!classes14.dex*1632137592:/data/app/~~xamWua60F4ah0TtISSBIbA==/com.evolucao.app.test-UjIJ_hTOQqZEpXSc1A7yBg==/base.apk!classes15.dex*1757943310:/data/app/~~xamWua60F4ah0TtISSBIbA==/com.evolucao.app.test-UjIJ_hTOQqZEpXSc1A7yBg==/base.apk!classes16.dex*931013159:/data/app/~~xamWua60F4ah0TtISSBIbA==/com.evolucao.app.test-UjIJ_hTOQqZEpXSc1A7yBg==/base.apk!classes17.dex*2782462504:/data/app/~~xamWua60F4ah0TtISSBIbA==/com.evolucao.app.test-UjIJ_hTOQqZEpXSc1A7yBg==/base.apk!classes18.dex*3468966139:/data/app/~~xamWua60F4ah0TtISSBIbA==/com.evolucao.app.test-UjIJ_hTOQqZEpXSc1A7yBg==/base.apk!classes19.dex*2267436335:/data/app/~~-P24kq_niIUA4kp1WfL4nA==/com.evolucao.app-g2krzLibQrJlFk1Z-2g2Kg==/base.apk*198750528:/data/app/~~-P24kq_niIUA4kp1WfL4nA==/com.evolucao.app-g2krzLibQrJlFk1Z-2g2Kg==/base.apk!classes2.dex*1675103030:/data/app/~~-P24kq_niIUA4kp1WfL4nA==/com.evolucao.app-g2krzLibQrJlFk1Z-2g2Kg==/base.apk!classes3.dex*1788775668:/data/app/~~-P24kq_niIUA4kp1WfL4nA==/com.evolucao.app-g2krzLibQrJlFk1Z-2g2Kg==/base.apk!classes4.dex*2572157285:/data/app/~~-P24kq_niIUA4kp1WfL4nA==/com.evolucao.app-g2krzLibQrJlFk1Z-2g2Kg==/base.apk!classes5.dex*3994030385:/data/app/~~-P24kq_niIUA4kp1WfL4nA==/com.evolucao.app-g2krzLibQrJlFk1Z-2g2Kg==/base.apk!classes6.dex*1028875939:/data/app/~~-P24kq_niIUA4kp1WfL4nA==/com.evolucao.app-g2krzLibQrJlFk1Z-2g2Kg==/base.apk!classes7.dex*2113616002:/data/app/~~-P24kq_niIUA4kp1WfL4nA==/com.evolucao.app-g2krzLibQrJlFk1Z-2g2Kg==/base.apk!classes8.dex*3287389796:/data/app/~~-P24kq_niIUA4kp1WfL4nA==/com.evolucao.app-g2krzLibQrJlFk1Z-2g2Kg==/base.apk!classes9.dex*2030025819:/data/app/~~-P24kq_niIUA4kp1WfL4nA==/com.evolucao.app-g2krzLibQrJlFk1Z-2g2Kg==/base.apk!classes10.dex*1917680387:/data/app/~~-P24kq_niIUA4kp1WfL4nA==/com.evolucao.app-g2krzLibQrJlFk1Z-2g2Kg==/base.apk!classes11.dex*152
04-06 10:54:11.663  4597  4597 W ziparchive: Unable to open '/data/app/~~xamWua60F4ah0TtISSBIbA==/com.evolucao.app.test-UjIJ_hTOQqZEpXSc1A7yBg==/base.dm': No such file or directory
04-06 10:54:11.663  4597  4597 W ziparchive: Unable to open '/data/app/~~xamWua60F4ah0TtISSBIbA==/com.evolucao.app.test-UjIJ_hTOQqZEpXSc1A7yBg==/base.dm': No such file or directory
04-06 10:54:11.735  4597  4597 W ziparchive: Unable to open '/data/app/~~-P24kq_niIUA4kp1WfL4nA==/com.evolucao.app-g2krzLibQrJlFk1Z-2g2Kg==/base.dm': No such file or directory
04-06 10:54:11.735  4597  4597 W ziparchive: Unable to open '/data/app/~~-P24kq_niIUA4kp1WfL4nA==/com.evolucao.app-g2krzLibQrJlFk1Z-2g2Kg==/base.dm': No such file or directory
04-06 10:54:12.024  4597  4597 D NetworkSecurityConfig: No Network Security Config specified, using platform default
04-06 10:54:12.033  4597  4597 D NetworkSecurityConfig: No Network Security Config specified, using platform default
04-06 10:54:12.033  4597  4597 I AndroidJUnitRunner: newApplication com.evolucao.app.MainApplication
04-06 10:54:12.042  4597  4597 W FirebaseApp: Default FirebaseApp failed to initialize because no default options were found. This usually means that com.google.gms:google-services was not applied to your gradle project.
04-06 10:54:12.042  4597  4597 I FirebaseInitProvider: FirebaseApp initialization unsuccessful
04-06 10:54:12.063  4597  4597 I AndroidJUnitRunner: onCreate Bundle[mParcelledData.dataSize=240]
04-06 10:54:12.064  4597  4597 D AndroidJUnitRunner: Use the raw file system for managing file I/O.
04-06 10:54:12.071  4597  4597 V TestEventClient: No service name argument was given (testDiscoveryService, testRunEventService or orchestratorService)
04-06 10:54:12.072  4597  4631 D AndroidJUnitRunner: onStart is called.
04-06 10:54:12.077  4597  4597 W SoLoader: Initializing SoLoader: 0
04-06 10:54:12.079  4597  4597 W SoLoader: Recording new base apk path: /data/app/~~-P24kq_niIUA4kp1WfL4nA==/com.evolucao.app-g2krzLibQrJlFk1Z-2g2Kg==/base.apk
04-06 10:54:12.079  4597  4597 W SoLoader: Previously recorded 0 base apk paths.
04-06 10:54:12.080  4597  4597 I SoLoader: Preparing SO source: DirectorySoSource[root = /vendor/lib64 flags = 2]
04-06 10:54:12.081  4597  4597 I SoLoader: Preparing SO source: DirectorySoSource[root = /system/lib64 flags = 2]
04-06 10:54:12.081  4597  4597 I SoLoader: Preparing SO source: DirectApkSoSource[root = [/data/app/~~-P24kq_niIUA4kp1WfL4nA==/com.evolucao.app-g2krzLibQrJlFk1Z-2g2Kg==/base.apk!/lib/arm64-v8a]]
04-06 10:54:12.099  4597  4597 I SoLoader: Preparing SO source: ApplicationSoSource[DirectorySoSource[root = /data/app/~~-P24kq_niIUA4kp1WfL4nA==/com.evolucao.app-g2krzLibQrJlFk1Z-2g2Kg==/lib/arm64 flags = 0]]
04-06 10:54:12.099  4597  4597 I SoLoader: init finish: 4 SO sources prepared
04-06 10:54:12.099  4597  4597 W SoLoader: SoLoader initialized: 8
04-06 10:54:12.120  4597  4597 D jni_lib_merge: Entering merged library JNI_OnLoad.
04-06 10:54:12.120  4597  4597 D jni_lib_merge: Preparing 12 pre-merged libs (including stub)
04-06 10:54:12.120  4597  4597 D jni_lib_merge: Preparing to register libfabricjni_so.  onload_func: 0x703c516f38
04-06 10:54:12.120  4597  4597 D jni_lib_merge: Preparing to register libreact_devsupportjni_so.  onload_func: 0x703c71f81c
04-06 10:54:12.120  4597  4597 D jni_lib_merge: Preparing to register libreact_featureflagsjni_so.  onload_func: 0x703c731b7c
04-06 10:54:12.120  4597  4597 D jni_lib_merge: Preparing to register libreact_newarchdefaults_so.  onload_func: 0x703c7d6f24
04-06 10:54:12.120  4597  4597 D jni_lib_merge: Preparing to register libreactnativeblob_so.  onload_func: 0x703c9e9088
04-06 10:54:12.120  4597  4597 D jni_lib_merge: Preparing to register libreactnativejni_so.  onload_func: 0x703ca2bffc
04-06 10:54:12.120  4597  4597 D jni_lib_merge: Preparing to register libreactnativejni_common_so.  onload_func: 0x703ca3c9f0
04-06 10:54:12.120  4597  4597 D jni_lib_merge: Preparing to register librninstance_so.  onload_func: 0x703ca7b62c
04-06 10:54:12.120  4597  4597 D jni_lib_merge: Preparing to register libturbomodulejsijni_so.  onload_func: 0x703cbd8734
04-06 10:54:12.120  4597  4597 D jni_lib_merge: Preparing to register libuimanagerjni_so.  onload_func: 0x703cbf16e8
04-06 10:54:12.120  4597  4597 D jni_lib_merge: Preparing to register libyoga_so.  onload_func: 0x703cc0116c
04-06 10:54:12.120  4597  4597 D jni_lib_merge: About to register 11 actual methods.
04-06 10:54:12.128  4597  4597 D jni_lib_merge: Entering merged library JNI_OnLoad.
04-06 10:54:12.128  4597  4597 D jni_lib_merge: Preparing 12 pre-merged libs (including stub)
04-06 10:54:12.128  4597  4597 D jni_lib_merge: Preparing to register libfabricjni_so.  onload_func: 0x703c516f38
04-06 10:54:12.128  4597  4597 D jni_lib_merge: Preparing to register libreact_devsupportjni_so.  onload_func: 0x703c71f81c
04-06 10:54:12.128  4597  4597 D jni_lib_merge: Preparing to register libreact_featureflagsjni_so.  onload_func: 0x703c731b7c
04-06 10:54:12.128  4597  4597 D jni_lib_merge: Preparing to register libreact_newarchdefaults_so.  onload_func: 0x703c7d6f24
04-06 10:54:12.128  4597  4597 D jni_lib_merge: Preparing to register libreactnativeblob_so.  onload_func: 0x703c9e9088
04-06 10:54:12.128  4597  4597 D jni_lib_merge: Preparing to register libreactnativejni_so.  onload_func: 0x703ca2bffc
04-06 10:54:12.128  4597  4597 D jni_lib_merge: Preparing to register libreactnativejni_common_so.  onload_func: 0x703ca3c9f0
04-06 10:54:12.128  4597  4597 D jni_lib_merge: Preparing to register librninstance_so.  onload_func: 0x703ca7b62c
04-06 10:54:12.128  4597  4597 D jni_lib_merge: Preparing to register libturbomodulejsijni_so.  onload_func: 0x703cbd8734
04-06 10:54:12.128  4597  4597 D jni_lib_merge: Preparing to register libuimanagerjni_so.  onload_func: 0x703cbf16e8
04-06 10:54:12.128  4597  4597 D jni_lib_merge: Preparing to register libyoga_so.  onload_func: 0x703cc0116c
04-06 10:54:12.128  4597  4597 D jni_lib_merge: About to register 11 actual methods.
04-06 10:54:12.219  4597  4631 D TestRequestBuilder: Using class path scanning to discover tests
04-06 10:54:12.220  4597  4631 I TestRequestBuilder: Scanning classpath to find tests in paths [/data/app/~~xamWua60F4ah0TtISSBIbA==/com.evolucao.app.test-UjIJ_hTOQqZEpXSc1A7yBg==/base.apk]
04-06 10:54:12.221  4597  4631 W om.evolucao.app: Opening an oat file without a class loader. Are you using the deprecated DexFile APIs?
04-06 10:54:12.628  4597  4631 I TestRunner: run started: 1 tests
04-06 10:54:12.629  4597  4631 I TestRunner: started: runDetoxTests(com.evolucao.app.DetoxTest)
04-06 10:54:12.635  4597  4631 I Detox   : Detox server connection details: url=ws://localhost:57341, sessionId=82caf2d7-02e3-4d57-ca44-d07d18f6b661
04-06 10:54:12.642  4597  4631 I Tracing : Tracer added: class androidx.test.platform.tracing.AndroidXTracer
04-06 10:54:12.656  4597  4631 W om.evolucao.app: Accessing hidden field Ljava/lang/reflect/Field;->accessFlags:I (unsupported, reflection, allowed)
04-06 10:54:12.658  4597  4631 I Detox   : Connecting to server...
04-06 10:54:12.658  4597  4631 I DetoxWSClient: At connectToServer
04-06 10:54:12.751  4597  4647 D TrafficStats: tagSocket(95) with statsTag=0xffffffff, statsUid=-1
04-06 10:54:12.764  4597  4647 D DetoxWSClient: At onOpen
04-06 10:54:12.764  4597  4647 I DetoxWSClient: Sending out action 'login' (ID #0)
04-06 10:54:12.764  4597  4647 I Detox   : Connected to server!
04-06 10:54:12.768  4597  4647 D DetoxWSClient: Received action 'loginSuccess' (ID #0, params={"testerConnected":true,"appConnected":true})
04-06 10:54:12.768  4597  4643 I DetoxDispatcher: Handling action 'loginSuccess' (ID #0)...
04-06 10:54:12.769  4597  4643 I DetoxDispatcher: Done with action 'loginSuccess'
04-06 10:54:12.770  4597  4631 I Detox   : Launching the tested activity!
04-06 10:54:12.808  4597  4647 D DetoxWSClient: Received action 'isReady' (ID #-1000, params={})
04-06 10:54:12.808  4597  4643 I DetoxDispatcher: Handling action 'isReady' (ID #-1000)...
04-06 10:54:12.821  4597  4672 D OpenGLRenderer: RenderThread::requireGlContext()
04-06 10:54:12.821  4597  4672 I AdrenoGLES-0: QUALCOMM build                   : db7e7066a2, I1fad33e957
04-06 10:54:12.821  4597  4672 I AdrenoGLES-0: Build Date                       : 05/11/25
04-06 10:54:12.821  4597  4672 I AdrenoGLES-0: OpenGL ES Shader Compiler Version: EV031.32.02.10
04-06 10:54:12.821  4597  4672 I AdrenoGLES-0: Local Branch                     : 
04-06 10:54:12.821  4597  4672 I AdrenoGLES-0: Remote Branch                    : refs/tags/AU_LINUX_ANDROID_LA.UM.9.12.11.00.00.582.697
04-06 10:54:12.821  4597  4672 I AdrenoGLES-0: Remote Branch                    : NONE
04-06 10:54:12.821  4597  4672 I AdrenoGLES-0: Reconstruct Branch               : NOTHING
04-06 10:54:12.821  4597  4672 I AdrenoGLES-0: Build Config                     : S P 10.0.7 AArch64
04-06 10:54:12.821  4597  4672 I AdrenoGLES-0: Driver Path                      : /vendor/lib64/egl/libGLESv2_adreno.so
04-06 10:54:12.832  4597  4672 I AdrenoGLES-0: PFP: 0x016dd093, ME: 0x00000000
04-06 10:54:12.837  4597  4672 D OpenGLRenderer: RenderThread::setGrContext()
04-06 10:54:12.855  4597  4597 D AppCompatDelegate: Checking for metadata for AppLocalesMetadataHolderService : Service not found
04-06 10:54:12.877  4597  4597 D LifecycleMonitor: Lifecycle status change: com.evolucao.app.MainActivity@64e06eb in: PRE_ON_CREATE
04-06 10:54:12.931  4597  4597 D SensorManager: registerListener :: 11, LSM6DSO Accelerometer, 66667, 0, 
04-06 10:54:12.958  4597  4695 D TrafficStats: tagSocket(107) with statsTag=0xffffffff, statsUid=-1
04-06 10:54:12.959  4597  4597 W unknown:BridgelessReact: ReactHost{0}.startSurface(surfaceId = 0): Schedule
04-06 10:54:12.960  4597  4597 W unknown:BridgelessReact: ReactHost{0}.attachSurface(surfaceId = 0)
04-06 10:54:12.960  4597  4696 W unknown:BridgelessReact: ReactHost{0}.getOrCreateReactInstanceTask()
04-06 10:54:12.960  4597  4696 W unknown:BridgelessReact: ReactHost{0}.getOrCreateReactInstanceTask(): Start
04-06 10:54:12.961  4597  4696 D Detox.RNMarker: REACT_BRIDGELESS_LOADING_START (null)
04-06 10:54:12.961  4597  4696 W unknown:BridgelessReact: ReactHost{0}.getJSBundleLoader()
04-06 10:54:12.961  4597  4696 W unknown:BridgelessReact: ReactHost{0}.isMetroRunning()
04-06 10:54:12.963  4597  4697 D TrafficStats: tagSocket(109) with statsTag=0xffffffff, statsUid=-1
04-06 10:54:12.964  4597  4597 I DecorView: [INFO] isPopOver=false config=true
04-06 10:54:12.964  4597  4597 I DecorView: updateCaptionType: isFloating=false isApplication=true hasWindowDecorCaption=false this=DecorView@afffac0[]
04-06 10:54:12.964  4597  4597 D DecorView: setCaptionType = 0, this = DecorView@afffac0[]
04-06 10:54:12.969  4597  4597 I DecorView: getCurrentDensityDpi: from real metrics. densityDpi=480 msg=resources_loaded
04-06 10:54:12.969  4597  4597 I DecorView: setWindowBackground: isPopOver=false color=ff303030 d=android.graphics.drawable.ColorDrawable@1316f3e
04-06 10:54:12.975  4597  4597 W om.evolucao.app: Accessing hidden method Landroid/view/ViewGroup;->makeOptionalFitsSystemWindows()V (unsupported, reflection, allowed)
04-06 10:54:12.979  4597  4597 D LifecycleMonitor: Lifecycle status change: com.evolucao.app.MainActivity@64e06eb in: CREATED
04-06 10:54:12.980  4597  4597 D LifecycleMonitor: Lifecycle status change: com.evolucao.app.MainActivity@64e06eb in: STARTED
04-06 10:54:12.982  4597  4597 W unknown:BridgelessReact: ReactHost{0}.onHostResume(activity)
04-06 10:54:12.983  4597  4597 W unknown:ReactNative: Packager connection already open, nooping.
04-06 10:54:12.983  4597  4597 D LifecycleMonitor: Lifecycle status change: com.evolucao.app.MainActivity@64e06eb in: RESUMED
04-06 10:54:12.984  4597  4597 I MSHandlerLifeCycle: check: return. pkg=com.evolucao.app parent=null callers=com.android.internal.policy.DecorView.setVisibility:4412 android.app.ActivityThread.handleResumeActivity:5476 android.app.servertransaction.ResumeActivityItem.execute:54 android.app.servertransaction.ActivityTransactionItem.execute:45 android.app.servertransaction.TransactionExecutor.executeLifecycleState:176 
04-06 10:54:12.984  4597  4597 I MSHandlerLifeCycle: removeMultiSplitHandler: no exist. decor=DecorView@afffac0[]
04-06 10:54:12.989  4597  4672 D NativeCustomFrequencyManager: [NativeCFMS] BpCustomFrequencyManager::BpCustomFrequencyManager()
04-06 10:54:12.992  4597  4597 I DecorView: notifyKeepScreenOnChanged: keepScreenOn=false
04-06 10:54:12.995  4597  4597 D InsetsController: onStateChanged: InsetsState: {mDisplayFrame=Rect(0, 0 - 1080, 2400), mDisplayCutout=DisplayCutout{insets=Rect(0, 88 - 0, 0) waterfall=Insets{left=0, top=0, right=0, bottom=0} boundingRect={Bounds=[Rect(0, 0 - 0, 0), Rect(512, 0 - 568, 88), Rect(0, 0 - 0, 0), Rect(0, 0 - 0, 0)]} cutoutPathParserInfo={CutoutPathParserInfo{displayWidth=1080 displayHeight=2400 physicalDisplayWidth=1080 physicalDisplayHeight=2400 density={3.0} cutoutSpec={M 0,0 M 0,10.71963616907435 a 9.280363830925644,9.280363830925644 0 1,0 0,18.56072766185129 a 9.280363830925644,9.280363830925644 0 1,0 0,-18.56072766185129 Z @dp} rotation={0} scale={1.0} physicalPixelDisplaySizeRatio={1.0}}}}, mRoundedCorners=RoundedCorners{[RoundedCorner{position=TopLeft, radius=96, center=Point(96, 96)}, RoundedCorner{position=TopRight, radius=96, center=Point(984, 96)}, RoundedCorner{position=BottomRight, radius=96, center=Point(984, 2304)}, RoundedCorner{position=BottomLeft, radius=96, center=Point(96, 2304)}]}  mRoundedCornerFrame=Rect(0, 0 - 1080, 2400), mPrivacyIndicatorBounds=PrivacyIndicatorBounds {static bounds=Rect(948, 0 - 1080, 88) rotation=0}, mSources= { InsetsSource: {mType=ITYPE_STATUS_BAR, mFrame=[0,0][1080,88], mVisible=true, mInsetsRoundedCornerFrame=false}, InsetsSource: {mType=ITYPE_NAVIGATION_BAR, mFrame=[0,2256][1080,2400], mVisible=true, mInsetsRoundedCornerFrame=false}, InsetsSource: {mType=ITYPE_LEFT_GESTURES, mFrame=[0,0][0,2400], mVisible=true, mInsetsRoundedCornerFrame=false}, InsetsSource: {mType=ITYPE_RIGHT_GESTURES, mFrame=[1080,0][1080,2400], mVisible=true, mInsetsRoundedCornerFrame=false}, InsetsSource: {mType=ITYPE_TOP_MANDATORY_GESTURES, mFrame=[0,0][1080,124], mVisible=true, mInsetsRoundedCornerFrame=false}, InsetsSource: {mType=ITYPE_BOTTOM_MANDATORY_GESTURES, mFrame=[0,2256][1080,2400], mVisible=true, mInsetsRoundedCornerFrame=false}, InsetsSource: {mType=ITYPE_LEFT_DISPLAY_CUTOUT, mFrame=[0,0][-100000,2400], mVisible=true, mInsetsRoundedCornerFrame=false}, InsetsSource: {mType=ITYPE_TOP_DISPLAY_CUTOUT, mFrame=[0,0][1080,88], mVisible=true, mInsetsRoundedCornerFrame=false}, InsetsSource: {mType=ITYPE_RIGHT_DISPLAY_CUTOUT, mFrame=[100000,0][1080,2400], mVisible=true, mInsetsRoundedCornerFrame=false}, InsetsSource: {mType=ITYPE_BOTTOM_DISPLAY_CUTOUT, mFrame=[0,100000][1080,2400], mVisible=true, mInsetsRoundedCornerFrame=false}, InsetsSource: {mType=ITYPE_TOP_TAPPABLE_ELEMENT, mFrame=[0,0][1080,88], mVisible=true, mInsetsRoundedCornerFrame=false}, InsetsSource: {mType=ITYPE_BOTTOM_TAPPABLE_ELEMENT, mFrame=[0,2256][1080,2400], mVisible=true, mInsetsRoundedCornerFrame=false}, InsetsSource: {mType=ITYPE_IME, mFrame=[0,0][0,0], mVisibleFrame=[0,1374][1080,2400], mVisible=false, mInsetsRoundedCornerFrame=false} } host=com.evolucao.app/com.evolucao.app.MainActivity from=android.view.ViewRootImpl.setView:1732
04-06 10:54:12.996  4597  4597 I ViewRootImpl@914008f[MainActivity]: setView = com.android.internal.policy.DecorView@afffac0 TM=false
04-06 10:54:12.998  4597  4597 I MSHandlerLifeCycle: removeMultiSplitHandler: no exist. decor=DecorView@afffac0[MainActivity]
04-06 10:54:13.005  4597  4597 I ViewRootImpl@914008f[MainActivity]: performTraversals params={(0,0)(fillxfill) sim={adjust=resize forwardNavigation} layoutInDisplayCutoutMode=always ty=BASE_APPLICATION wanim=0x1030309
04-06 10:54:13.005  4597  4597 I ViewRootImpl@914008f[MainActivity]:   fl=81810100
04-06 10:54:13.005  4597  4597 I ViewRootImpl@914008f[MainActivity]:   pfl=16020040
04-06 10:54:13.005  4597  4597 I ViewRootImpl@914008f[MainActivity]:   vsysui=100
04-06 10:54:13.005  4597  4597 I ViewRootImpl@914008f[MainActivity]:   bhv=DEFAULT
04-06 10:54:13.005  4597  4597 I ViewRootImpl@914008f[MainActivity]:   fitSides= naviIconColor=0}
04-06 10:54:13.005  4597  4697 W unknown:BridgelessReact: ReactHost{0}.isMetroRunning(): Async result = true
04-06 10:54:13.005  4597  4597 I ViewRootImpl@914008f[MainActivity]: performTraversals mFirst=true windowShouldResize=true viewVisibilityChanged=false mForceNextWindowRelayout=false params={(0,0)(fillxfill) sim={adjust=resize forwardNavigation} layoutInDisplayCutoutMode=always ty=BASE_APPLICATION wanim=0x1030309
04-06 10:54:13.005  4597  4597 I ViewRootImpl@914008f[MainActivity]:   fl=81810100
04-06 10:54:13.005  4597  4597 I ViewRootImpl@914008f[MainActivity]:   pfl=16020040
04-06 10:54:13.005  4597  4597 I ViewRootImpl@914008f[MainActivity]:   vsysui=100
04-06 10:54:13.005  4597  4597 I ViewRootImpl@914008f[MainActivity]:   bhv=DEFAULT
04-06 10:54:13.005  4597  4597 I ViewRootImpl@914008f[MainActivity]:   fitSides= naviIconColor=0}
04-06 10:54:13.007  4597  4696 W unknown:BridgelessReact: ReactHost{0}.loadJSBundleFromMetro()
04-06 10:54:13.008  4597  4696 D Detox.RNMarker: DOWNLOAD_START (null)
04-06 10:54:13.011  4597  4597 I ViewRootImpl@914008f[MainActivity]: updateBlastSurfaceIfNeeded mBlastBufferQueue=null isSameSurfaceControl=false
04-06 10:54:13.012  4597  4597 E BufferQueueProducer: Unable to open libpenguin.so: dlopen failed: library "libpenguin.so" not found.
04-06 10:54:13.012  4597  4597 I BLASTBufferQueue: new BLASTBufferQueue, mName= ViewRootImpl@914008f[MainActivity] mNativeObject= 0xb4000070c2c34c00 sc.mNativeObject= 0xb4000070a0c6fe40 caller= android.view.ViewRootImpl.updateBlastSurfaceIfNeeded:2909 android.view.ViewRootImpl.relayoutWindow:9847 android.view.ViewRootImpl.performTraversals:3884 android.view.ViewRootImpl.doTraversal:3116 android.view.ViewRootImpl$TraversalRunnable.run:10885 android.view.Choreographer$CallbackRecord.run:1301 android.view.Choreographer$CallbackRecord.run:1309 android.view.Choreographer.doCallbacks:923 android.view.Choreographer.doFrame:852 android.view.Choreographer$FrameDisplayEventReceiver.run:1283 
04-06 10:54:13.012  4597  4597 I BLASTBufferQueue: update, w= 1080 h= 2400 mName = ViewRootImpl@914008f[MainActivity] mNativeObject= 0xb4000070c2c34c00 sc.mNativeObject= 0xb4000070a0c6fe40 format= -1 caller= android.graphics.BLASTBufferQueue.<init>:84 android.view.ViewRootImpl.updateBlastSurfaceIfNeeded:2909 android.view.ViewRootImpl.relayoutWindow:9847 android.view.ViewRootImpl.performTraversals:3884 android.view.ViewRootImpl.doTraversal:3116 android.view.ViewRootImpl$TraversalRunnable.run:10885 
04-06 10:54:13.013  4597  4597 I ViewRootImpl@914008f[MainActivity]: Relayout returned: old=(0,0,1080,2400) new=(0,0,1080,2400) req=(1080,2400)0 dur=5 res=0x3 s={true 0xb4000070a0daf000} ch=true seqId=0
04-06 10:54:13.014  4597  4597 I ViewRootImpl@914008f[MainActivity]: mThreadedRenderer.initialize() mSurface={isValid=true 0xb4000070a0daf000} hwInitialized=true
04-06 10:54:13.016  4597  4597 I ViewRootImpl@914008f[MainActivity]: reportNextDraw android.view.ViewRootImpl.performTraversals:4438 android.view.ViewRootImpl.doTraversal:3116 android.view.ViewRootImpl$TraversalRunnable.run:10885 android.view.Choreographer$CallbackRecord.run:1301 android.view.Choreographer$CallbackRecord.run:1309 
04-06 10:54:13.016  4597  4597 I ViewRootImpl@914008f[MainActivity]: Setup new sync id=0
04-06 10:54:13.016  4597  4597 I ViewRootImpl@914008f[MainActivity]: Setting syncFrameCallback
04-06 10:54:13.016  4597  4597 I ViewRootImpl@914008f[MainActivity]: registerCallbacksForSync syncBuffer=false
04-06 10:54:13.016  4597  4672 D OpenGLRenderer: eglCreateWindowSurface
04-06 10:54:13.018  4597  4700 I ViewRootImpl@914008f[MainActivity]: Received frameDrawingCallback syncResult=0 frameNum=1.
04-06 10:54:13.018  4597  4700 I ViewRootImpl@914008f[MainActivity]: Setting up sync and frameCommitCallback
04-06 10:54:13.034  4597  4672 I BLASTBufferQueue: [ViewRootImpl@914008f[MainActivity]#0](f:0,a:0) onFrameAvailable the first frame is available
04-06 10:54:13.034  4597  4672 I ViewRootImpl@914008f[MainActivity]: Received frameCommittedCallback lastAttemptedDrawFrameNum=1 didProduceBuffer=true
04-06 10:54:13.035  4597  4672 D OpenGLRenderer: CFMS:: SetUp Pid : 4597    Tid : 4672
04-06 10:54:13.037  4597  4672 W Parcel  : Expecting binder but got null!
04-06 10:54:13.037  4597  4597 I ViewRootImpl@914008f[MainActivity]: onSyncComplete
04-06 10:54:13.037  4597  4597 I ViewRootImpl@914008f[MainActivity]: setupSync seqId=0 mSyncId=0 fn=1 caller=android.view.ViewRootImpl$$ExternalSyntheticLambda11.accept:6 android.window.SurfaceSyncer.lambda$setupSync$1$android-window-SurfaceSyncer:128 android.window.SurfaceSyncer$$ExternalSyntheticLambda1.accept:8 android.window.SurfaceSyncer$SyncSet.checkIfSyncIsComplete:382 android.window.SurfaceSyncer$SyncSet.markSyncReady:359 android.window.SurfaceSyncer.markSyncReady:151 android.view.ViewRootImpl.performTraversals:4503 
04-06 10:54:13.037  4597  4597 I ViewRootImpl@914008f[MainActivity]: reportDrawFinished seqId=0 mSyncId=-1 fn=1 mSurfaceChangedTransaction=0xb4000070b3adcb00
04-06 10:54:13.041  4597  4597 D CompatibilityChangeReporter: Compat change id reported: 210923482; UID 10485; state: ENABLED
04-06 10:54:13.047  4597  4672 D NativeCustomFrequencyManager: [NativeCFMS] BpCustomFrequencyManager::BpCustomFrequencyManager()
04-06 10:54:13.049  4597  4597 D InsetsController: onStateChanged: InsetsState: {mDisplayFrame=Rect(0, 0 - 1080, 2400), mDisplayCutout=DisplayCutout{insets=Rect(0, 88 - 0, 0) waterfall=Insets{left=0, top=0, right=0, bottom=0} boundingRect={Bounds=[Rect(0, 0 - 0, 0), Rect(512, 0 - 568, 88), Rect(0, 0 - 0, 0), Rect(0, 0 - 0, 0)]} cutoutPathParserInfo={CutoutPathParserInfo{displayWidth=1080 displayHeight=2400 physicalDisplayWidth=1080 physicalDisplayHeight=2400 density={3.0} cutoutSpec={M 0,0 M 0,10.71963616907435 a 9.280363830925644,9.280363830925644 0 1,0 0,18.56072766185129 a 9.280363830925644,9.280363830925644 0 1,0 0,-18.56072766185129 Z @dp} rotation={0} scale={1.0} physicalPixelDisplaySizeRatio={1.0}}}}, mRoundedCorners=RoundedCorners{[RoundedCorner{position=TopLeft, radius=96, center=Point(96, 96)}, RoundedCorner{position=TopRight, radius=96, center=Point(984, 96)}, RoundedCorner{position=BottomRight, radius=96, center=Point(984, 2304)}, RoundedCorner{position=BottomLeft, radius=96, center=Point(96, 2304)}]}  mRoundedCornerFrame=Rect(0, 0 - 1080, 2400), mPrivacyIndicatorBounds=PrivacyIndicatorBounds {static bounds=Rect(948, 0 - 1080, 88) rotation=0}, mSources= { InsetsSource: {mType=ITYPE_STATUS_BAR, mFrame=[0,0][1080,88], mVisible=true, mInsetsRoundedCornerFrame=false}, InsetsSource: {mType=ITYPE_NAVIGATION_BAR, mFrame=[0,2256][1080,2400], mVisible=true, mInsetsRoundedCornerFrame=false}, InsetsSource: {mType=ITYPE_LEFT_GESTURES, mFrame=[0,0][0,2400], mVisible=true, mInsetsRoundedCornerFrame=false}, InsetsSource: {mType=ITYPE_RIGHT_GESTURES, mFrame=[1080,0][1080,2400], mVisible=true, mInsetsRoundedCornerFrame=false}, InsetsSource: {mType=ITYPE_TOP_MANDATORY_GESTURES, mFrame=[0,0][1080,124], mVisible=true, mInsetsRoundedCornerFrame=false}, InsetsSource: {mType=ITYPE_BOTTOM_MANDATORY_GESTURES, mFrame=[0,2256][1080,2400], mVisible=true, mInsetsRoundedCornerFrame=false}, InsetsSource: {mType=ITYPE_LEFT_DISPLAY_CUTOUT, mFrame=[0,0][-100000,2400], mVisible=true, mInsetsRoundedCornerFrame=false}, InsetsSource: {mType=ITYPE_TOP_DISPLAY_CUTOUT, mFrame=[0,0][1080,88], mVisible=true, mInsetsRoundedCornerFrame=false}, InsetsSource: {mType=ITYPE_RIGHT_DISPLAY_CUTOUT, mFrame=[100000,0][1080,2400], mVisible=true, mInsetsRoundedCornerFrame=false}, InsetsSource: {mType=ITYPE_BOTTOM_DISPLAY_CUTOUT, mFrame=[0,100000][1080,2400], mVisible=true, mInsetsRoundedCornerFrame=false}, InsetsSource: {mType=ITYPE_TOP_TAPPABLE_ELEMENT, mFrame=[0,0][1080,88], mVisible=true, mInsetsRoundedCornerFrame=false}, InsetsSource: {mType=ITYPE_BOTTOM_TAPPABLE_ELEMENT, mFrame=[0,2256][1080,2400], mVisible=true, mInsetsRoundedCornerFrame=false}, InsetsSource: {mType=ITYPE_IME, mFrame=[0,0][0,0], mVisibleFrame=[0,1374][1080,2400], mVisible=false, mInsetsRoundedCornerFrame=false} } host=PopupWindow:8125395 from=android.view.ViewRootImpl.setView:1732
04-06 10:54:13.050  4597  4597 I ViewRootImpl@f832caa[PopupWindow:8125395]: setView = android.widget.PopupWindow$PopupDecorView@93f6976 TM=false
04-06 10:54:13.057  4597  4597 I ViewRootImpl@f832caa[PopupWindow:8125395]: performTraversals params={(0,88)(fillxwrap) gr=TOP START CENTER sim={state=unchanged adjust=pan} ty=APPLICATION_PANEL fmt=TRANSLUCENT surfaceInsets=Rect(0, 0 - 0, 0) (manual)
04-06 10:54:13.057  4597  4597 I ViewRootImpl@f832caa[PopupWindow:8125395]:   fl=41800008
04-06 10:54:13.057  4597  4597 I ViewRootImpl@f832caa[PopupWindow:8125395]:   pfl=42018000
04-06 10:54:13.057  4597  4597 I ViewRootImpl@f832caa[PopupWindow:8125395]:   bhv=DEFAULT
04-06 10:54:13.057  4597  4597 I ViewRootImpl@f832caa[PopupWindow:8125395]:   fitTypes=STATUS_BARS NAVIGATION_BARS CAPTION_BAR naviIconColor=0
04-06 10:54:13.057  4597  4597 I ViewRootImpl@f832caa[PopupWindow:8125395]:   sfl=20000}
04-06 10:54:13.058  4597  4597 I ViewRootImpl@f832caa[PopupWindow:8125395]: performTraversals mFirst=true windowShouldResize=true viewVisibilityChanged=false mForceNextWindowRelayout=false params={(0,88)(fillxwrap) gr=TOP START CENTER sim={state=unchanged adjust=pan} ty=APPLICATION_PANEL fmt=TRANSLUCENT surfaceInsets=Rect(0, 0 - 0, 0) (manual)
04-06 10:54:13.058  4597  4597 I ViewRootImpl@f832caa[PopupWindow:8125395]:   fl=41800008
04-06 10:54:13.058  4597  4597 I ViewRootImpl@f832caa[PopupWindow:8125395]:   pfl=42018000
04-06 10:54:13.058  4597  4597 I ViewRootImpl@f832caa[PopupWindow:8125395]:   bhv=DEFAULT
04-06 10:54:13.058  4597  4597 I ViewRootImpl@f832caa[PopupWindow:8125395]:   fitTypes=STATUS_BARS NAVIGATION_BARS CAPTION_BAR naviIconColor=0
04-06 10:54:13.058  4597  4597 I ViewRootImpl@f832caa[PopupWindow:8125395]:   sfl=20000}
04-06 10:54:13.060  4597  4616 I ViewRootImpl@f832caa[PopupWindow:8125395]: Resizing android.view.ViewRootImpl@9660b77: frame = [0,88][1080,167] reportDraw = true forceLayout = false syncSeqId = 0
04-06 10:54:13.061  4597  4597 I ViewRootImpl@f832caa[PopupWindow:8125395]: updateBlastSurfaceIfNeeded mBlastBufferQueue=null isSameSurfaceControl=false
04-06 10:54:13.062  4597  4597 I BLASTBufferQueue: new BLASTBufferQueue, mName= ViewRootImpl@f832caa[PopupWindow:8125395] mNativeObject= 0xb4000070a0d98500 sc.mNativeObject= 0xb4000070a0c70d40 caller= android.view.ViewRootImpl.updateBlastSurfaceIfNeeded:2909 android.view.ViewRootImpl.relayoutWindow:9847 android.view.ViewRootImpl.performTraversals:3884 android.view.ViewRootImpl.doTraversal:3116 android.view.ViewRootImpl$TraversalRunnable.run:10885 android.view.Choreographer$CallbackRecord.run:1301 android.view.Choreographer$CallbackRecord.run:1309 android.view.Choreographer.doCallbacks:923 android.view.Choreographer.doFrame:852 android.view.Choreographer$FrameDisplayEventReceiver.run:1283 
04-06 10:54:13.062  4597  4597 I BLASTBufferQueue: update, w= 1080 h= 79 mName = ViewRootImpl@f832caa[PopupWindow:8125395] mNativeObject= 0xb4000070a0d98500 sc.mNativeObject= 0xb4000070a0c70d40 format= -3 caller= android.graphics.BLASTBufferQueue.<init>:84 android.view.ViewRootImpl.updateBlastSurfaceIfNeeded:2909 android.view.ViewRootImpl.relayoutWindow:9847 android.view.ViewRootImpl.performTraversals:3884 android.view.ViewRootImpl.doTraversal:3116 android.view.ViewRootImpl$TraversalRunnable.run:10885 
04-06 10:54:13.062  4597  4597 I ViewRootImpl@f832caa[PopupWindow:8125395]: Relayout returned: old=(0,88,1080,2256) new=(0,88,1080,167) req=(1080,79)0 dur=3 res=0x3 s={true 0xb4000070a0db1800} ch=true seqId=0
04-06 10:54:13.063  4597  4597 I ViewRootImpl@f832caa[PopupWindow:8125395]: mThreadedRenderer.initialize() mSurface={isValid=true 0xb4000070a0db1800} hwInitialized=true
04-06 10:54:13.063  4597  4672 D OpenGLRenderer: eglCreateWindowSurface
04-06 10:54:13.063  4597  4597 I ViewRootImpl@f832caa[PopupWindow:8125395]: reportNextDraw android.view.ViewRootImpl.performTraversals:4438 android.view.ViewRootImpl.doTraversal:3116 android.view.ViewRootImpl$TraversalRunnable.run:10885 android.view.Choreographer$CallbackRecord.run:1301 android.view.Choreographer$CallbackRecord.run:1309 
04-06 10:54:13.064  4597  4597 I ViewRootImpl@f832caa[PopupWindow:8125395]: Setup new sync id=0
04-06 10:54:13.064  4597  4597 I ViewRootImpl@f832caa[PopupWindow:8125395]: Setting syncFrameCallback
04-06 10:54:13.064  4597  4597 I ViewRootImpl@f832caa[PopupWindow:8125395]: registerCallbacksForSync syncBuffer=false
04-06 10:54:13.065  4597  4699 I ViewRootImpl@f832caa[PopupWindow:8125395]: Received frameDrawingCallback syncResult=0 frameNum=1.
04-06 10:54:13.065  4597  4699 I ViewRootImpl@f832caa[PopupWindow:8125395]: Setting up sync and frameCommitCallback
04-06 10:54:13.071  4597  4672 I BLASTBufferQueue: [ViewRootImpl@f832caa[PopupWindow:8125395]#1](f:0,a:0) onFrameAvailable the first frame is available
04-06 10:54:13.072  4597  4672 I ViewRootImpl@f832caa[PopupWindow:8125395]: Received frameCommittedCallback lastAttemptedDrawFrameNum=1 didProduceBuffer=true
04-06 10:54:13.072  4597  4672 D OpenGLRenderer: CFMS:: SetUp Pid : 4597    Tid : 4672
04-06 10:54:13.072  4597  4672 W Parcel  : Expecting binder but got null!
04-06 10:54:13.072  4597  4597 I ViewRootImpl@f832caa[PopupWindow:8125395]: onSyncComplete
04-06 10:54:13.072  4597  4597 I ViewRootImpl@f832caa[PopupWindow:8125395]: setupSync seqId=0 mSyncId=0 fn=1 caller=android.view.ViewRootImpl$$ExternalSyntheticLambda11.accept:6 android.window.SurfaceSyncer.lambda$setupSync$1$android-window-SurfaceSyncer:128 android.window.SurfaceSyncer$$ExternalSyntheticLambda1.accept:8 android.window.SurfaceSyncer$SyncSet.checkIfSyncIsComplete:382 android.window.SurfaceSyncer$SyncSet.markSyncReady:359 android.window.SurfaceSyncer.markSyncReady:151 android.view.ViewRootImpl.performTraversals:4503 
04-06 10:54:13.073  4597  4597 I ViewRootImpl@f832caa[PopupWindow:8125395]: reportDrawFinished seqId=0 mSyncId=-1 fn=1 mSurfaceChangedTransaction=0xb4000070a0c43600
04-06 10:54:13.074  4597  4597 I ViewRootImpl@f832caa[PopupWindow:8125395]: handleResized, msg = 5 frames=ClientWindowFrames{frame=[0,88][1080,167] display=[0,88][1080,2256] parentFrame=[0,0][0,0] parentClippedByDisplayCutout=false} forceNextWindowRelayout=false displayId=0 resizeMode=-1 frameChanged=false displayFrameChanged=false configChanged=false displayChanged=false
04-06 10:54:13.074  4597  4597 I ViewRootImpl@f832caa[PopupWindow:8125395]: handleResized mSyncSeqId = 0
04-06 10:54:13.074  4597  4597 I ViewRootImpl@f832caa[PopupWindow:8125395]: reportNextDraw android.view.ViewRootImpl.handleResized:2450 android.view.ViewRootImpl.-$$Nest$mhandleResized:0 android.view.ViewRootImpl$ViewRootHandler.handleMessageImpl:6728 android.view.ViewRootImpl$ViewRootHandler.handleMessage:6697 android.os.Handler.dispatchMessage:106 
04-06 10:54:13.074  4597  4597 I ViewRootImpl@914008f[MainActivity]: MSG_WINDOW_FOCUS_CHANGED 1 0
04-06 10:54:13.075  4597  4597 I ViewRootImpl@914008f[MainActivity]: mThreadedRenderer.initializeIfNeeded()#2 mSurface={isValid=true 0xb4000070a0daf000}
04-06 10:54:13.075  4597  4597 W unknown:BridgelessReact: ReactHost{0}.raiseSoftException(onWindowFocusChange(hasFocus = "true")): Tried to access onWindowFocusChange while context is not ready
04-06 10:54:13.076  4597  4597 E unknown:ReactHost: Unhandled SoftException
04-06 10:54:13.076  4597  4597 E unknown:ReactHost: com.facebook.react.bridge.ReactNoCrashSoftException: raiseSoftException(onWindowFocusChange(hasFocus = "true")): Tried to access onWindowFocusChange while context is not ready
04-06 10:54:13.076  4597  4597 E unknown:ReactHost: 	at com.facebook.react.runtime.ReactHostImpl.raiseSoftException(ReactHostImpl.kt:861)
04-06 10:54:13.076  4597  4597 E unknown:ReactHost: 	at com.facebook.react.runtime.ReactHostImpl.raiseSoftException$default(ReactHostImpl.kt:852)
04-06 10:54:13.076  4597  4597 E unknown:ReactHost: 	at com.facebook.react.runtime.ReactHostImpl.onWindowFocusChange(ReactHostImpl.kt:625)
04-06 10:54:13.076  4597  4597 E unknown:ReactHost: 	at com.facebook.react.ReactDelegate.onWindowFocusChanged(ReactDelegate.kt:232)
04-06 10:54:13.076  4597  4597 E unknown:ReactHost: 	at com.facebook.react.ReactActivityDelegate.onWindowFocusChanged(ReactActivityDelegate.java:237)
04-06 10:54:13.076  4597  4597 E unknown:ReactHost: 	at expo.modules.ReactActivityDelegateWrapper$onWindowFocusChanged$1.invokeSuspend(ReactActivityDelegateWrapper.kt:320)
04-06 10:54:13.076  4597  4597 E unknown:ReactHost: 	at expo.modules.ReactActivityDelegateWrapper$onWindowFocusChanged$1.invoke(Unknown Source:8)
04-06 10:54:13.076  4597  4597 E unknown:ReactHost: 	at expo.modules.ReactActivityDelegateWrapper$onWindowFocusChanged$1.invoke(Unknown Source:4)
04-06 10:54:13.076  4597  4597 E unknown:ReactHost: 	at expo.modules.ReactActivityDelegateWrapper$launchLifecycleScopeWithLock$1.invokeSuspend(ReactActivityDelegateWrapper.kt:452)
04-06 10:54:13.076  4597  4597 E unknown:ReactHost: 	at kotlin.coroutines.jvm.internal.BaseContinuationImpl.resumeWith(ContinuationImpl.kt:33)
04-06 10:54:13.076  4597  4597 E unknown:ReactHost: 	at kotlinx.coroutines.internal.DispatchedContinuationKt.resumeCancellableWith(DispatchedContinuation.kt:375)
04-06 10:54:13.076  4597  4597 E unknown:ReactHost: 	at kotlinx.coroutines.intrinsics.CancellableKt.startCoroutineCancellable(Cancellable.kt:26)
04-06 10:54:13.076  4597  4597 E unknown:ReactHost: 	at kotlinx.coroutines.CoroutineStart.invoke(CoroutineStart.kt:358)
04-06 10:54:13.076  4597  4597 E unknown:ReactHost: 	at kotlinx.coroutines.AbstractCoroutine.start(AbstractCoroutine.kt:134)
04-06 10:54:13.076  4597  4597 E unknown:ReactHost: 	at kotlinx.coroutines.BuildersKt__Builders_commonKt.launch(Builders.common.kt:53)
04-06 10:54:13.076  4597  4597 E unknown:ReactHost: 	at kotlinx.coroutines.BuildersKt.launch(Unknown Source:1)
04-06 10:54:13.076  4597  4597 E unknown:ReactHost: 	at kotlinx.coroutines.BuildersKt__Builders_commonKt.launch$default(Builders.common.kt:44)
04-06 10:54:13.076  4597  4597 E unknown:ReactHost: 	at kotlinx.coroutines.BuildersKt.launch$default(Unknown Source:1)
04-06 10:54:13.076  4597  4597 E unknown:ReactHost: 	at expo.modules.ReactActivityDelegateWrapper.launchLifecycleScopeWithLock(ReactActivityDelegateWrapper.kt:450)
04-06 10:54:13.076  4597  4597 E unknown:ReactHost: 	at expo.modules.ReactActivityDelegateWrapper.launchLifecycleScopeWithLock$default(ReactActivityDelegateWrapper.kt:446)
04-06 10:54:13.076  4597  4597 E unknown:ReactHost: 	at expo.modules.ReactActivityDelegateWrapper.onWindowFocusChanged(ReactActivityDelegateWrapper.kt:318)
04-06 10:54:13.076  4597  4597 E unknown:ReactHost: 	at com.facebook.react.ReactActivity.onWindowFocusChanged(ReactActivity.java:158)
04-06 10:54:13.076  4597  4597 E unknown:ReactHost: 	at androidx.appcompat.view.WindowCallbackWrapper.onWindowFocusChanged(WindowCallbackWrapper.java:124)
04-06 10:54:13.076  4597  4597 E unknown:ReactHost: 	at com.android.internal.policy.DecorView.onWindowFocusChanged(DecorView.java:2710)
04-06 10:54:13.076  4597  4597 E unknown:ReactHost: 	at android.view.View.dispatchWindowFocusChanged(View.java:15817)
04-06 10:54:13.076  4597  4597 E unknown:ReactHost: 	at android.view.ViewGroup.dispatchWindowFocusChanged(ViewGroup.java:1512)
04-06 10:54:13.076  4597  4597 E unknown:ReactHost: 	at android.view.ViewRootImpl.handleWindowFocusChanged(ViewRootImpl.java:4678)
04-06 10:54:13.076  4597  4597 E unknown:ReactHost: 	at android.view.ViewRootImpl.-$$Nest$mhandleWindowFocusChanged(Unknown Source:0)
04-06 10:54:13.076  4597  4597 E unknown:ReactHost: 	at android.view.ViewRootImpl$ViewRootHandler.handleMessageImpl(ViewRootImpl.java:6788)
04-06 10:54:13.076  4597  4597 E unknown:ReactHost: 	at android.view.ViewRootImpl$ViewRootHandler.handleMessage(ViewRootImpl.java:6697)
04-06 10:54:13.076  4597  4597 E unknown:ReactHost: 	at android.os.Handler.dispatchMessage(Handler.java:106)
04-06 10:54:13.076  4597  4597 E unknown:ReactHost: 	at android.os.Looper.loopOnce(Looper.java:226)
04-06 10:54:13.076  4597  4597 E unknown:ReactHost: 	at android.os.Looper.loop(Looper.java:313)
04-06 10:54:13.076  4597  4597 E unknown:ReactHost: 	at android.app.ActivityThread.main(ActivityThread.java:8762)
04-06 10:54:13.076  4597  4597 E unknown:ReactHost: 	at java.lang.reflect.Method.invoke(Native Method)
04-06 10:54:13.076  4597  4597 E unknown:ReactHost: 	at com.android.internal.os.RuntimeInit$MethodAndArgsCaller.run(RuntimeInit.java:604)
04-06 10:54:13.076  4597  4597 E unknown:ReactHost: 	at com.android.internal.os.ZygoteInit.main(ZygoteInit.java:1067)
04-06 10:54:13.076  4597  4597 D InputMethodManager: startInputInner - Id : 0
04-06 10:54:13.076  4597  4597 I InputMethodManager: startInputInner - mService.startInputOrWindowGainedFocus
04-06 10:54:13.080  4597  4597 D InputMethodManager: startInputInner - Id : 0
04-06 10:54:13.087  4597  4597 I ViewRootImpl@f832caa[PopupWindow:8125395]: Setup new sync id=1
04-06 10:54:13.087  4597  4597 I ViewRootImpl@f832caa[PopupWindow:8125395]: Setting syncFrameCallback
04-06 10:54:13.087  4597  4597 I ViewRootImpl@f832caa[PopupWindow:8125395]: registerCallbacksForSync syncBuffer=false
04-06 10:54:13.088  4597  4700 I ViewRootImpl@f832caa[PopupWindow:8125395]: Received frameDrawingCallback syncResult=0 frameNum=3.
04-06 10:54:13.088  4597  4700 I ViewRootImpl@f832caa[PopupWindow:8125395]: Setting up sync and frameCommitCallback
04-06 10:54:13.094  4597  4672 I ViewRootImpl@f832caa[PopupWindow:8125395]: Received frameCommittedCallback lastAttemptedDrawFrameNum=3 didProduceBuffer=true
04-06 10:54:13.094  4597  4597 I ViewRootImpl@f832caa[PopupWindow:8125395]: onSyncComplete
04-06 10:54:13.094  4597  4597 I ViewRootImpl@f832caa[PopupWindow:8125395]: setupSync seqId=0 mSyncId=1 fn=3 caller=android.view.ViewRootImpl$$ExternalSyntheticLambda11.accept:6 android.window.SurfaceSyncer.lambda$setupSync$1$android-window-SurfaceSyncer:128 android.window.SurfaceSyncer$$ExternalSyntheticLambda1.accept:8 android.window.SurfaceSyncer$SyncSet.checkIfSyncIsComplete:382 android.window.SurfaceSyncer$SyncSet.markSyncReady:359 android.window.SurfaceSyncer.markSyncReady:151 android.view.ViewRootImpl.performTraversals:4503 
04-06 10:54:13.094  4597  4597 I ViewRootImpl@f832caa[PopupWindow:8125395]: reportDrawFinished seqId=0 mSyncId=-1 fn=3 mSurfaceChangedTransaction=0xb4000070a0c43600
04-06 10:54:13.344  4597  4697 D Detox.RNMarker: DOWNLOAD_END ({"url":"http:\/\/localhost:8081\/.expo\/.virtual-metro-entry.bundle?platform=android&dev=true&lazy=true&minify=false&app=com.evolucao.app&modulesOnly=false&runModule=true&excludeSource=true&sourcePaths=url-server","filesChangedCount":0})
04-06 10:54:13.344  4597  4697 W unknown:BridgelessReact: ReactHost{0}.loadJSBundleFromMetro(): Creating BundleLoader
04-06 10:54:13.344  4597  4672 D OpenGLRenderer: setSurface called with nullptr
04-06 10:54:13.344  4597  4672 D OpenGLRenderer: setSurface() destroyed EGLSurface
04-06 10:54:13.344  4597  4672 D OpenGLRenderer: destroyEglSurface
04-06 10:54:13.346  4597  4696 W unknown:BridgelessReact: ReactHost{0}.getOrCreateReactInstanceTask(): Creating BridgelessReactContext
04-06 10:54:13.347  4597  4597 I ViewRootImpl@f832caa[PopupWindow:8125395]: dispatchDetachedFromWindow
04-06 10:54:13.348  4597  4696 W unknown:BridgelessReact: ReactHost{0}.getOrCreateReactInstanceTask(): Creating ReactInstance
04-06 10:54:13.350  4597  4597 D InputTransport: Input channel destroyed: '599bf78', fd=121
04-06 10:54:13.367  4597  4696 D jni_lib_merge: Entering merged library JNI_OnLoad.
04-06 10:54:13.367  4597  4696 D jni_lib_merge: Preparing 4 pre-merged libs (including stub)
04-06 10:54:13.367  4597  4696 D jni_lib_merge: Preparing to register libhermes_executor_so.  onload_func: 0x7014b89fa4
04-06 10:54:13.367  4597  4696 D jni_lib_merge: Preparing to register libhermesinstancejni_so.  onload_func: 0x7014bc38b4
04-06 10:54:13.367  4597  4696 D jni_lib_merge: Preparing to register libjsijniprofiler_so.  onload_func: 0x7014bc58f8
04-06 10:54:13.367  4597  4696 D jni_lib_merge: About to register 3 actual methods.
04-06 10:54:13.369  4597  4697 D TrafficStats: tagSocket(129) with statsTag=0xffffffff, statsUid=-1
04-06 10:54:13.466  4597  4696 I ExpoModulesCore: ✅ AppContext was initialized
04-06 10:54:13.495  4597  4696 W unknown:BridgelessReact: ReactHost{0}.getOrCreateReactInstanceTask(): Loading JS Bundle
04-06 10:54:13.495  4597  4696 W unknown:BridgelessReact: ReactHost{0}.getOrCreateReactInstanceTask(): DevSupportManager.onNewReactContextCreated()
04-06 10:54:13.495  4597  4714 D Detox.RNMarker: RUN_JS_BUNDLE_START (/.virtual-metro-entry.bundle?platform=android&dev=true&lazy=true&minify=false&app=com.evolucao.app&modulesOnly=false&runModule=true&excludeSource=true&sourcePaths=url-server)
04-06 10:54:13.498  4597  4597 W unknown:ReactNative: Packager connection already open, nooping.
04-06 10:54:13.501  4597  4597 W unknown:BridgelessReact: ReactHost{0}.ReactContext.onHostResume()
04-06 10:54:13.502  4597  4696 W unknown:BridgelessReact: ReactHost{0}.startSurface(surfaceId = 0): Execute
04-06 10:54:13.505  4597  4597 W unknown:BridgelessReact: ReactHost{0}.getOrCreateReactInstanceTask(): Executing ReactInstanceEventListeners
04-06 10:54:13.505  4597  4597 I DetoxRNLoading: Got new RN-context through listener
04-06 10:54:13.506  4597  4631 I DetoxRNIdleRes: Setting up Espresso Idling Resources for React Native
04-06 10:54:13.513  4597  4597 D DetoxRNHelpers: Native RN module resolution (class com.reactnativecommunity.asyncstorage.AsyncStorageModule): no registered module found
04-06 10:54:13.514  4597  4631 D IdlingRegistry: Registering idling resources: [com.wix.detox.reactnative.idlingresources.uimodule.fabric.FabricUIManagerIdlingResources@fa053f5]
04-06 10:54:13.514  4597  4631 D IdlingRegistry: Registering idling resources: [com.wix.detox.reactnative.idlingresources.animations.AnimatedModuleIdlingResource@556958a]
04-06 10:54:13.514  4597  4631 D IdlingRegistry: Registering idling resources: [com.wix.detox.reactnative.idlingresources.timers.FabricTimersIdlingResource@a29e7fb]
04-06 10:54:13.514  4597  4631 D IdlingRegistry: Registering idling resources: [com.wix.detox.reactnative.idlingresources.network.NetworkIdlingResource@fa87018]
04-06 10:54:13.514  4597  4631 D IdlingRegistry: Registering idling resources: [com.wix.detox.reactnative.idlingresources.StabilizedIdlingResource@76f3a71]
04-06 10:54:13.527  4597  4715 W om.evolucao.app: Accessing hidden method Landroid/os/MessageQueue;->next()Landroid/os/Message; (unsupported, reflection, allowed)
04-06 10:54:13.527  4597  4715 W om.evolucao.app: Accessing hidden field Landroid/os/MessageQueue;->mMessages:Landroid/os/Message; (unsupported, reflection, allowed)
04-06 10:54:13.527  4597  4715 W om.evolucao.app: Accessing hidden method Landroid/os/Message;->recycleUnchecked()V (unsupported, reflection, allowed)
04-06 10:54:13.675  4597  4597 D DetoxRNHelpers: Native RN module resolution (class com.reactnativecommunity.asyncstorage.AsyncStorageModule): no registered module found
04-06 10:54:13.676  4597  4643 W om.evolucao.app: Long monitor contention with owner Instr: androidx.test.runner.AndroidJUnitRunner (4631) at void com.wix.detox.DetoxMain.launchActivityOnCue(android.content.Context, com.wix.detox.ActivityLaunchHelper)(DetoxMain.kt:53) waiters=0 in void com.wix.detox.DetoxMain$setupActionHandlers$SynchronizedActionHandler.handle(java.lang.String, long) for 866ms
04-06 10:54:13.742  4597  4715 I WebViewFactory: Loading com.google.android.webview version 146.0.7680.164 (code 768016403)
04-06 10:54:13.744  4597  4715 D ApplicationLoaders: Returning zygote-cached class loader: /system/framework/android.test.base.jar
04-06 10:54:13.748  4597  4715 D nativeloader: Configuring classloader-namespace for other apk /data/app/~~23ppwVuk64Fm9vdWCRWMMw==/com.google.android.webview-FPIphznatdLDx2VBYoD68A==/base.apk. target_sdk_version=36, uses_libraries=, library_path=/data/app/~~23ppwVuk64Fm9vdWCRWMMw==/com.google.android.webview-FPIphznatdLDx2VBYoD68A==/lib/arm64:/data/app/~~23ppwVuk64Fm9vdWCRWMMw==/com.google.android.webview-FPIphznatdLDx2VBYoD68A==/base.apk!/lib/arm64-v8a, permitted_path=/data:/mnt/expand
04-06 10:54:13.762  4597  4715 I cr_WVCFactoryProvider: version=146.0.7680.164 (768016403) minSdkVersion=29 multiprocess=true packageId=127 splits=<none>
04-06 10:54:13.768  4597  4729 I chromium: [0406/105413.768033:INFO:android_webview/browser/variations/variations_seed_loader.cc:67] Failed to open file for reading.: No such file or directory (2)
04-06 10:54:13.768  4597  4729 I chromium: [0406/105413.768489:INFO:android_webview/browser/variations/variations_seed_loader.cc:67] Failed to open file for reading.: No such file or directory (2)
04-06 10:54:13.772  4597  4715 I cr_LibraryLoader: Successfully loaded native library
04-06 10:54:13.773  4597  4715 I cr_CachingUmaRecorder: Flushed 16 samples from 16 histograms, 0 samples were dropped.
04-06 10:54:13.787  4597  4733 D TrafficStats: tagSocket(143) with statsTag=0xffffffff, statsUid=-1
04-06 10:54:13.788  4597  4733 D TrafficStats: tagSocket(143) with statsTag=0xffffffff, statsUid=-1
04-06 10:54:13.792  4597  4714 W BridgelessReactContext: [WARNING] Bridgeless doesn't support CatalystInstance. Accessing an API that's not part of the new architecture is not encouraged usage.
04-06 10:54:13.798  4597  4714 I ExpoModulesCore: ✅ JSI interop was installed
04-06 10:54:13.804  4597  4714 I ExpoModulesCore: ✅ Constants were exported
04-06 10:54:13.847  4597  4714 W unknown:ViewManagerPropertyUpdater: Could not find generated setter for class com.th3rdwave.safeareacontext.SafeAreaProviderManager
04-06 10:54:13.850  4597  4714 W unknown:ViewManagerPropertyUpdater: Could not find generated setter for class com.facebook.react.uimanager.LayoutShadowNode
04-06 10:54:13.852  4597  4714 W unknown:ViewManagerPropertyUpdater: Could not find generated setter for class com.swmansion.rnscreens.SearchBarManager
04-06 10:54:13.853  4597  4714 W unknown:ViewManagerPropertyUpdater: Could not find generated setter for class com.swmansion.rnscreens.ScreenFooterManager
04-06 10:54:13.853  4597  4714 W unknown:ViewManagerPropertyUpdater: Could not find generated setter for class com.swmansion.rnscreens.gamma.tabs.TabScreenViewManager
04-06 10:54:13.855  4597  4714 W unknown:ViewManagerPropertyUpdater: Could not find generated setter for class expo.modules.kotlin.views.GroupViewManagerWrapper
04-06 10:54:13.856  4597  4714 W unknown:ViewManagerPropertyUpdater: Could not find generated setter for class com.swmansion.rnscreens.ScreenContainerViewManager
04-06 10:54:13.856  4597  4714 W unknown:ViewManagerPropertyUpdater: Could not find generated setter for class com.swmansion.rnscreens.gamma.tabs.TabsHostViewManager
04-06 10:54:13.858  4597  4714 W unknown:ViewManagerPropertyUpdater: Could not find generated setter for class com.swmansion.rnscreens.ModalScreenViewManager
04-06 10:54:13.859  4597  4714 W unknown:ViewManagerPropertyUpdater: Could not find generated setter for class com.swmansion.rnscreens.ScreenStackHeaderConfigViewManager
04-06 10:54:13.860  4597  4714 W unknown:ViewManagerPropertyUpdater: Could not find generated setter for class com.swmansion.rnscreens.ScreenContentWrapperManager
04-06 10:54:13.860  4597  4714 W unknown:ViewManagerPropertyUpdater: Could not find generated setter for class com.th3rdwave.safeareacontext.SafeAreaViewManager
04-06 10:54:13.861  4597  4714 W unknown:ViewManagerPropertyUpdater: Could not find generated setter for class com.th3rdwave.safeareacontext.SafeAreaViewShadowNode
04-06 10:54:13.862  4597  4714 W unknown:ViewManagerPropertyUpdater: Could not find generated setter for class com.swmansion.rnscreens.safearea.SafeAreaViewManager
04-06 10:54:13.862  4597  4714 W unknown:ViewManagerPropertyUpdater: Could not find generated setter for class com.swmansion.rnscreens.safearea.paper.SafeAreaViewShadowNode
04-06 10:54:13.863  4597  4714 W unknown:ViewManagerPropertyUpdater: Could not find generated setter for class com.swmansion.rnscreens.ScreenViewManager
04-06 10:54:13.863  4597  4714 W unknown:ViewManagerPropertyUpdater: Could not find generated setter for class com.swmansion.rnscreens.gamma.stack.host.StackHostViewManager
04-06 10:54:13.864  4597  4714 W unknown:ViewManagerPropertyUpdater: Could not find generated setter for class com.swmansion.rnscreens.ScreenStackHeaderSubviewManager
04-06 10:54:13.864  4597  4714 W unknown:ViewManagerPropertyUpdater: Could not find generated setter for class com.swmansion.rnscreens.gamma.stack.screen.StackScreenViewManager
04-06 10:54:13.865  4597  4714 W unknown:ViewManagerPropertyUpdater: Could not find generated setter for class com.swmansion.rnscreens.ScreenStackViewManager
04-06 10:54:13.943  4597  4714 W unknown:ViewManagerPropertyUpdater: Could not find generated setter for class com.facebook.react.views.debuggingoverlay.DebuggingOverlayManager
04-06 10:54:13.949  4597  4714 W unknown:ViewManagerPropertyUpdater: Could not find generated setter for class com.swmansion.gesturehandler.react.RNGestureHandlerButtonViewManager
04-06 10:54:13.955  4597  4714 W unknown:ViewManagerPropertyUpdater: Could not find generated setter for class com.facebook.react.views.safeareaview.ReactSafeAreaViewManager
04-06 10:54:13.960  4597  4714 W unknown:ViewManagerPropertyUpdater: Could not find generated setter for class com.facebook.react.views.modal.ReactModalHostManager
04-06 10:54:13.966  4597  4714 W unknown:ViewManagerPropertyUpdater: Could not find generated setter for class com.facebook.react.views.text.frescosupport.FrescoBasedReactTextInlineImageViewManager
04-06 10:54:13.966  4597  4714 W unknown:ViewManagerPropertyUpdater: Could not find generated setter for class com.facebook.react.views.text.frescosupport.FrescoBasedReactTextInlineImageShadowNode
04-06 10:54:13.972  4597  4714 W unknown:ViewManagerPropertyUpdater: Could not find generated setter for class com.facebook.react.views.progressbar.ReactProgressBarViewManager
04-06 10:54:13.972  4597  4714 W unknown:ViewManagerPropertyUpdater: Could not find generated setter for class com.facebook.react.views.progressbar.ProgressBarShadowNode
04-06 10:54:13.978  4597  4714 W unknown:ViewManagerPropertyUpdater: Could not find generated setter for class com.facebook.react.views.scroll.ReactHorizontalScrollViewManager
04-06 10:54:13.985  4597  4714 W unknown:ViewManagerPropertyUpdater: Could not find generated setter for class com.facebook.react.views.image.ReactImageManager
04-06 10:54:13.992  4597  4714 W unknown:ViewManagerPropertyUpdater: Could not find generated setter for class com.facebook.react.views.text.ReactTextViewManager
04-06 10:54:13.993  4597  4714 W unknown:ViewManagerPropertyUpdater: Could not find generated setter for class com.facebook.react.views.text.ReactTextShadowNode
04-06 10:54:14.000  4597  4714 W unknown:ViewManagerPropertyUpdater: Could not find generated setter for class com.facebook.react.views.scroll.ReactHorizontalScrollContainerViewManager
04-06 10:54:14.008  4597  4714 W unknown:ViewManagerPropertyUpdater: Could not find generated setter for class com.facebook.react.views.unimplementedview.ReactUnimplementedViewManager
04-06 10:54:14.015  4597  4714 W unknown:ViewManagerPropertyUpdater: Could not find generated setter for class com.facebook.react.views.scroll.ReactScrollViewManager
04-06 10:54:14.022  4597  4714 W unknown:ViewManagerPropertyUpdater: Could not find generated setter for class com.facebook.react.views.view.ReactViewManager
04-06 10:54:14.030  4597  4714 W unknown:ViewManagerPropertyUpdater: Could not find generated setter for class com.facebook.react.views.drawer.ReactDrawerLayoutManager
04-06 10:54:14.037  4597  4714 W unknown:ViewManagerPropertyUpdater: Could not find generated setter for class com.facebook.react.views.switchview.ReactSwitchManager
04-06 10:54:14.038  4597  4714 W unknown:ViewManagerPropertyUpdater: Could not find generated setter for class com.facebook.react.views.switchview.ReactSwitchShadowNode
04-06 10:54:14.045  4597  4714 W unknown:ViewManagerPropertyUpdater: Could not find generated setter for class com.facebook.react.views.swiperefresh.SwipeRefreshLayoutManager
04-06 10:54:14.053  4597  4714 W unknown:ViewManagerPropertyUpdater: Could not find generated setter for class com.facebook.react.views.textinput.ReactTextInputManager
04-06 10:54:14.056  4597  4714 W unknown:ViewManagerPropertyUpdater: Could not find generated setter for class com.facebook.react.views.textinput.ReactTextInputShadowNode
04-06 10:54:14.064  4597  4714 W unknown:ViewManagerPropertyUpdater: Could not find generated setter for class com.swmansion.gesturehandler.react.RNGestureHandlerRootViewManager
04-06 10:54:14.098  4597  4733 D TrafficStats: tagSocket(145) with statsTag=0xffffffff, statsUid=-1
04-06 10:54:14.263  4597  4714 V AsyncStorageExpoMigration: No scoped database found
04-06 10:54:14.435  4597  4714 D Detox.RNMarker: RUN_JS_BUNDLE_END (/.virtual-metro-entry.bundle?platform=android&dev=true&lazy=true&minify=false&app=com.evolucao.app&modulesOnly=false&runModule=true&excludeSource=true&sourcePaths=url-server)
04-06 10:54:14.436  4597  4714 I ReactNativeJS: Running "main" with {"rootTag":1,"initialProps":{},"fabric":true}
04-06 10:54:14.514  4597  4738 D TrafficStats: tagSocket(133) with statsTag=0xffffffff, statsUid=-1
04-06 10:54:14.635  4597  4597 I DecorView: notifyKeepScreenOnChanged: keepScreenOn=true
04-06 10:54:14.645  4597  4597 D Detox.RNMarker: CONTENT_APPEARED (main)
04-06 10:54:14.650  4597  4597 I ViewRootImpl@914008f[MainActivity]: performTraversals params={(0,0)(fillxfill) sim={adjust=resize} layoutInDisplayCutoutMode=always ty=BASE_APPLICATION wanim=0x1030309
04-06 10:54:14.650  4597  4597 I ViewRootImpl@914008f[MainActivity]:   fl=81810180
04-06 10:54:14.650  4597  4597 I ViewRootImpl@914008f[MainActivity]:   pfl=16020040
04-06 10:54:14.650  4597  4597 I ViewRootImpl@914008f[MainActivity]:   vsysui=100
04-06 10:54:14.650  4597  4597 I ViewRootImpl@914008f[MainActivity]:   bhv=DEFAULT
04-06 10:54:14.650  4597  4597 I ViewRootImpl@914008f[MainActivity]:   fitSides= naviIconColor=0}
04-06 10:54:14.651  4597  4597 I ViewRootImpl@914008f[MainActivity]: performTraversals mFirst=false windowShouldResize=false viewVisibilityChanged=false mForceNextWindowRelayout=false params={(0,0)(fillxfill) sim={adjust=resize} layoutInDisplayCutoutMode=always ty=BASE_APPLICATION wanim=0x1030309
04-06 10:54:14.651  4597  4597 I ViewRootImpl@914008f[MainActivity]:   fl=81810180
04-06 10:54:14.651  4597  4597 I ViewRootImpl@914008f[MainActivity]:   pfl=16020040
04-06 10:54:14.651  4597  4597 I ViewRootImpl@914008f[MainActivity]:   vsysui=100
04-06 10:54:14.651  4597  4597 I ViewRootImpl@914008f[MainActivity]:   bhv=DEFAULT
04-06 10:54:14.651  4597  4597 I ViewRootImpl@914008f[MainActivity]:   fitSides= naviIconColor=0}
04-06 10:54:14.660  4597  4714 D Detox.RNMarker: REACT_BRIDGELESS_LOADING_END (null)
04-06 10:54:14.661  4597  4597 I ViewRootImpl@914008f[MainActivity]: updateBlastSurfaceIfNeeded mBlastBufferQueue=0xb4000070c2c34c00 isSameSurfaceControl=true
04-06 10:54:14.661  4597  4597 I BLASTBufferQueue: update, w= 1080 h= 2400 mName = ViewRootImpl@914008f[MainActivity] mNativeObject= 0xb4000070c2c34c00 sc.mNativeObject= 0xb40000700c8f1180 format= -1 caller= android.view.ViewRootImpl.updateBlastSurfaceIfNeeded:2898 android.view.ViewRootImpl.relayoutWindow:9847 android.view.ViewRootImpl.performTraversals:3884 android.view.ViewRootImpl.doTraversal:3116 android.view.ViewRootImpl$TraversalRunnable.run:10885 android.view.Choreographer$CallbackRecord.run:1301 
04-06 10:54:14.661  4597  4597 I ViewRootImpl@914008f[MainActivity]: Relayout returned: old=(0,0,1080,2400) new=(0,0,1080,2400) req=(1080,2400)0 dur=10 res=0x0 s={true 0xb4000070a0daf000} ch=false seqId=0
04-06 10:54:14.675  4597  4714 I ReactNativeJS: '[ANALYTICS]', 'app_opened', { event: 'app_opened',
04-06 10:54:14.675  4597  4714 I ReactNativeJS:   eventId: '1775483654667_e1c766fa3418',
04-06 10:54:14.675  4597  4714 I ReactNativeJS:   appVersion: '1.0.0',
04-06 10:54:14.675  4597  4714 I ReactNativeJS:   category: 'engagement',
04-06 10:54:14.675  4597  4714 I ReactNativeJS:   userId: 'anonymous',
04-06 10:54:14.675  4597  4714 I ReactNativeJS:   timestamp: 1775483654667,
04-06 10:54:14.675  4597  4714 I ReactNativeJS:   timestampIso: '2026-04-06T13:54:14.667Z',
04-06 10:54:14.675  4597  4714 I ReactNativeJS:   screen: 'App',
04-06 10:54:14.675  4597  4714 I ReactNativeJS:   sessionId: 'session-1775483654658-2507f688afcfa4',
04-06 10:54:14.675  4597  4714 I ReactNativeJS:   flowId: 'session-1775483654658-2507f688afcfa4',
04-06 10:54:14.675  4597  4714 I ReactNativeJS:   meta: 
04-06 10:54:14.675  4597  4714 I ReactNativeJS:    { domain: 'engagement',
04-06 10:54:14.675  4597  4714 I ReactNativeJS:      version: 1,
04-06 10:54:14.675  4597  4714 I ReactNativeJS:      dayKey: '2026-04-06',
04-06 10:54:14.675  4597  4714 I ReactNativeJS:      isFirstOpenOfDay: true,
04-06 10:54:14.675  4597  4714 I ReactNativeJS:      category: 'engagement' } }
04-06 10:54:14.882  4597  4597 D CompatibilityChangeReporter: Compat change id reported: 171228096; UID 10485; state: ENABLED
04-06 10:54:14.884  4597  4597 D ScrollView: initGoToTop
04-06 10:54:14.885  4597  4597 W om.evolucao.app: Accessing hidden field Landroid/widget/ScrollView;->mScroller:Landroid/widget/OverScroller; (unsupported, reflection, allowed)
04-06 10:54:14.903  4597  4597 W [RNScreens]: backTitleFontFamily prop is not available on Android
04-06 10:54:14.903  4597  4597 W [RNScreens]: disableBackButtonMenu prop is not available on Android
04-06 10:54:14.903  4597  4597 W [RNScreens]: backTitleVisible prop is not available on Android
04-06 10:54:14.903  4597  4597 W [RNScreens]: topInsetEnabled prop is not available on Android
04-06 10:54:14.903  4597  4597 W [RNScreens]: largeTitleHideShadow prop is not available on Android
04-06 10:54:14.903  4597  4597 W [RNScreens]: largeTitleFontWeight prop is not available on Android
04-06 10:54:14.903  4597  4597 W [RNScreens]: userInterfaceStyle prop is not available on Android
04-06 10:54:14.903  4597  4597 W [RNScreens]: largeTitleFontFamily prop is not available on Android
04-06 10:54:14.908  4597  4608 I om.evolucao.app: Compiler allocated 4177KB to compile void android.widget.TextView.<init>(android.content.Context, android.util.AttributeSet, int, int)
04-06 10:54:14.973  4597  4672 D OpenGLRenderer: setSurface called with nullp