--------- beginning of main
04-06 11:23:50.874 17424 17424 I om.evolucao.app: Late-enabling -Xcheck:jni
04-06 11:23:50.900 17424 17424 I om.evolucao.app: Using CollectorTypeCC GC.
04-06 11:23:50.924 17424 17424 D ActivityThread: setConscryptValidator
04-06 11:23:50.924 17424 17424 D ActivityThread: setConscryptValidator - put
04-06 11:23:50.939 17424 17424 D CompatibilityChangeReporter: Compat change id reported: 171979766; UID 10517; state: ENABLED
--------- beginning of system
04-06 11:23:50.945 17424 17424 W ActivityThread: Package uses different ABI(s) than its instrumentation: package[com.evolucao.app]: arm64-v8a, null instrumentation[com.evolucao.app.test]: null, null
04-06 11:23:50.948 17424 17424 W om.evolucao.app: ClassLoaderContext classpath size mismatch. expected=0, found=1 (PCL[] | PCL[/system/framework/android.test.runner.jar*2256426886])
04-06 11:23:50.950 17424 17424 W om.evolucao.app: ClassLoaderContext classpath size mismatch. expected=0, found=2 (PCL[] | PCL[/system/framework/android.test.runner.jar*2256426886:/system/framework/android.test.mock.jar*2695051129])
04-06 11:23:50.951 17424 17424 W ziparchive: Unable to open '/data/app/~~pWgztFBnkANH6yblxuLpEQ==/com.evolucao.app.test-yfG9xL2Wm6hLw6m9gnN9SA==/base.dm': No such file or directory
04-06 11:23:50.951 17424 17424 W ziparchive: Unable to open '/data/app/~~pWgztFBnkANH6yblxuLpEQ==/com.evolucao.app.test-yfG9xL2Wm6hLw6m9gnN9SA==/base.dm': No such file or directory
04-06 11:23:51.021 17424 17424 W ziparchive: Unable to open '/data/app/~~qmNmOJkBRvVUV82SZsxfdw==/com.evolucao.app-HCNjzSnRbwxX44wHe5L6Qw==/base.dm': No such file or directory
04-06 11:23:51.021 17424 17424 W ziparchive: Unable to open '/data/app/~~qmNmOJkBRvVUV82SZsxfdw==/com.evolucao.app-HCNjzSnRbwxX44wHe5L6Qw==/base.dm': No such file or directory
04-06 11:23:51.292 17424 17424 D nativeloader: Configuring classloader-namespace for other apk /system/framework/android.test.runner.jar:/system/framework/android.test.mock.jar:/system/framework/android.test.base.jar:/data/app/~~pWgztFBnkANH6yblxuLpEQ==/com.evolucao.app.test-yfG9xL2Wm6hLw6m9gnN9SA==/base.apk:/data/app/~~qmNmOJkBRvVUV82SZsxfdw==/com.evolucao.app-HCNjzSnRbwxX44wHe5L6Qw==/base.apk. target_sdk_version=36, uses_libraries=, library_path=/data/app/~~pWgztFBnkANH6yblxuLpEQ==/com.evolucao.app.test-yfG9xL2Wm6hLw6m9gnN9SA==/lib/arm64:/data/app/~~qmNmOJkBRvVUV82SZsxfdw==/com.evolucao.app-HCNjzSnRbwxX44wHe5L6Qw==/lib/arm64:/data/app/~~pWgztFBnkANH6yblxuLpEQ==/com.evolucao.app.test-yfG9xL2Wm6hLw6m9gnN9SA==/base.apk!/lib/arm64-v8a:/data/app/~~qmNmOJkBRvVUV82SZsxfdw==/com.evolucao.app-HCNjzSnRbwxX44wHe5L6Qw==/base.apk!/lib/arm64-v8a, permitted_path=/data:/mnt/expand:/data/user/0/com.evolucao.app
04-06 11:23:51.303 17424 17424 V GraphicsEnvironment: ANGLE Developer option for 'com.evolucao.app' set to: 'default'
04-06 11:23:51.303 17424 17424 V GraphicsEnvironment: ANGLE GameManagerService for com.evolucao.app: false
04-06 11:23:51.303 17424 17424 V GraphicsEnvironment: App is not on the allowlist for updatable production driver.
04-06 11:23:51.307 17424 17424 D ApplicationLoaders: Returning zygote-cached class loader: /system/framework/android.test.base.jar
04-06 11:23:51.309 17424 17424 D nativeloader: Configuring classloader-namespace for other apk /system/framework/android.test.mock.jar. target_sdk_version=36, uses_libraries=ALL, library_path=/data/app/~~pWgztFBnkANH6yblxuLpEQ==/com.evolucao.app.test-yfG9xL2Wm6hLw6m9gnN9SA==/lib/arm64:/data/app/~~qmNmOJkBRvVUV82SZsxfdw==/com.evolucao.app-HCNjzSnRbwxX44wHe5L6Qw==/lib/arm64, permitted_path=/data:/mnt/expand
04-06 11:23:51.309 17424 17424 D nativeloader: Extending system_exposed_libraries: libhumantracking.arcsoft.so:libPortraitDistortionCorrection.arcsoft.so:libPortraitDistortionCorrectionCali.arcsoft.so:libface_landmark.arcsoft.so:libFacialStickerEngine.arcsoft.so:libveengine.arcsoft.so:lib_pet_detection.arcsoft.so:libhigh_res.arcsoft.so:libimage_enhancement.arcsoft.so:liblow_light_hdr.arcsoft.so:libhigh_dynamic_range.arcsoft.so:libsuperresolution.arcsoft.so:libobjectcapture_jni.arcsoft.so:libobjectcapture_jni.arcsoft.so:libobjectcapture.arcsoft.so:libFacialAttributeDetection.arcsoft.so:libBeauty_v4.camera.samsung.so:libexifa.camera.samsung.so:libjpega.camera.samsung.so:libOpenCv.camera.samsung.so:libVideoClassifier.camera.samsung.so:libtensorflowLite.dynamic_viewing.camera.samsung.so:libImageScreener.camera.samsung.so:libMyFilter.camera.samsung.so:libtflite2.myfilters.camera.samsung.so:libHIDTSnapJNI.camera.samsung.so:libSmartScan.camera.samsung.so:libRectify.camera.samsung.so:libDocRectifyWrapper.camera.samsung.so:libUltraWideDistortionCorrection.camera.
04-06 11:23:51.310 17424 17424 D ApplicationLoaders: Returning zygote-cached class loader: /system/framework/android.test.base.jar
04-06 11:23:51.311 17424 17424 W om.evolucao.app: ClassLoaderContext shared library size mismatch. Expected=0, found=2 (PCL[] | PCL[]{PCL[/system/framework/android.test.base.jar*1628045882]#PCL[/system/framework/android.test.mock.jar*2695051129]})
04-06 11:23:51.311 17424 17424 D nativeloader: Configuring classloader-namespace for other apk /system/framework/android.test.runner.jar. target_sdk_version=36, uses_libraries=ALL, library_path=/data/app/~~pWgztFBnkANH6yblxuLpEQ==/com.evolucao.app.test-yfG9xL2Wm6hLw6m9gnN9SA==/lib/arm64:/data/app/~~qmNmOJkBRvVUV82SZsxfdw==/com.evolucao.app-HCNjzSnRbwxX44wHe5L6Qw==/lib/arm64, permitted_path=/data:/mnt/expand
04-06 11:23:51.311 17424 17424 D nativeloader: Extending system_exposed_libraries: libhumantracking.arcsoft.so:libPortraitDistortionCorrection.arcsoft.so:libPortraitDistortionCorrectionCali.arcsoft.so:libface_landmark.arcsoft.so:libFacialStickerEngine.arcsoft.so:libveengine.arcsoft.so:lib_pet_detection.arcsoft.so:libhigh_res.arcsoft.so:libimage_enhancement.arcsoft.so:liblow_light_hdr.arcsoft.so:libhigh_dynamic_range.arcsoft.so:libsuperresolution.arcsoft.so:libobjectcapture_jni.arcsoft.so:libobjectcapture_jni.arcsoft.so:libobjectcapture.arcsoft.so:libFacialAttributeDetection.arcsoft.so:libBeauty_v4.camera.samsung.so:libexifa.camera.samsung.so:libjpega.camera.samsung.so:libOpenCv.camera.samsung.so:libVideoClassifier.camera.samsung.so:libtensorflowLite.dynamic_viewing.camera.samsung.so:libImageScreener.camera.samsung.so:libMyFilter.camera.samsung.so:libtflite2.myfilters.camera.samsung.so:libHIDTSnapJNI.camera.samsung.so:libSmartScan.camera.samsung.so:libRectify.camera.samsung.so:libDocRectifyWrapper.camera.samsung.so:libUltraWideDistortionCorrection.camera.
04-06 11:23:51.313 17424 17424 W om.evolucao.app: ClassLoaderContext shared library size mismatch. Expected=0, found=3 (PCL[] | PCL[]{PCL[/system/framework/android.test.base.jar*1628045882]#PCL[/system/framework/android.test.mock.jar*2695051129]#PCL[/system/framework/android.test.runner.jar*2256426886]{PCL[/system/framework/android.test.base.jar*1628045882]#PCL[/system/framework/android.test.mock.jar*2695051129]}};PCL[/system/framework/android.test.runner.jar*2256426886:/system/framework/android.test.mock.jar*2695051129:/system/framework/android.test.base.jar*1628045882:/data/app/~~pWgztFBnkANH6yblxuLpEQ==/com.evolucao.app.test-yfG9xL2Wm6hLw6m9gnN9SA==/base.apk*2272993428:/data/app/~~pWgztFBnkANH6yblxuLpEQ==/com.evolucao.app.test-yfG9xL2Wm6hLw6m9gnN9SA==/base.apk!classes2.dex*714357168:/data/app/~~pWgztFBnkANH6yblxuLpEQ==/com.evolucao.app.test-yfG9xL2Wm6hLw6m9gnN9SA==/base.apk!classes3.dex*1380987315:/data/app/~~pWgztFBnkANH6yblxuLpEQ==/com.evolucao.app.test-yfG9xL2Wm6hLw6m9gnN9SA==/base.apk!classes4.dex*3771904477:/data/app/~~pWgztFBnkANH6yblxuLpEQ==/com.evolucao.app.test-yfG9xL2Wm6hLw6m9gnN9SA==/base.apk!classes5.dex*2127157885:/data/app/~~pWgztFBnkANH6yblxuLpEQ==/com.evolucao.app.test-yfG9xL2Wm6hLw6m9gnN9SA==/base.apk!classes6.dex*971414087:/data/app/~~pWgztFBnkANH6yblxuLpEQ==/com.evolucao.app.test-yfG9xL2Wm6hLw6m9gnN9SA==/base.apk!classes7.dex*742752503:/data/app/~~pWgztFBnkANH6yblxuLpEQ==/com.evolucao.app.test-yfG9xL2Wm6hLw6m9gnN9SA==/base.apk!classes8.dex*388434936:/data/app/~~pWgztFBnkANH6yblxuLpEQ==/com.evolucao.app.test-yfG9xL2Wm6hLw6m9gnN9SA==/base.apk!classes9.dex*209335023:/data/app/~~pWgztFBnkANH6yblxuLpEQ==/com.evolucao.app.test-yfG9xL2Wm6hLw6m9gnN9SA==/base.apk!classes10.dex*2871199926:/data/app/~~pWgztFBnkANH6yblxuLpEQ==/com.evolucao.app.test-yfG9xL2Wm6hLw6m9gnN9SA==/base.apk!classes11.dex*3957027005:/data/app/~~pWgztFBnkANH6yblxuLpEQ==/com.evolucao.app.test-yfG9xL2Wm6hLw6m9gnN9SA==/base.apk!classes12.dex*914099516:/data/app/~~pWgztFBnkANH6yblxuLpEQ==/com.evolucao.app.test-yfG9xL2Wm6hLw6m9gnN9SA==/base.apk!classes13.dex*4108993750:/data/app/~~pWgztFBnkANH6yblxuLpEQ==/com.evolucao.app.test-yfG9xL2Wm6hLw6m9gnN9SA==/base.apk!classes14.dex*1632137592:/data/app/~~pWgztFBnkANH6yblxuLpEQ==/com.evolucao.app.test-yfG9xL2Wm6hLw6m9gnN9SA==/base.apk!classes15.dex*1757943310:/data/app/~~pWgztFBnkANH6yblxuLpEQ==/com.evolucao.app.test-yfG9xL2Wm6hLw6m9gnN9SA==/base.apk!classes16.dex*931013159:/data/app/~~pWgztFBnkANH6yblxuLpEQ==/com.evolucao.app.test-yfG9xL2Wm6hLw6m9gnN9SA==/base.apk!classes17.dex*2782462504:/data/app/~~pWgztFBnkANH6yblxuLpEQ==/com.evolucao.app.test-yfG9xL2Wm6hLw6m9gnN9SA==/base.apk!classes18.dex*3468966139:/data/app/~~pWgztFBnkANH6yblxuLpEQ==/com.evolucao.app.test-yfG9xL2Wm6hLw6m9gnN9SA==/base.apk!classes19.dex*2267436335:/data/app/~~qmNmOJkBRvVUV82SZsxfdw==/com.evolucao.app-HCNjzSnRbwxX44wHe5L6Qw==/base.apk*198750528:/data/app/~~qmNmOJkBRvVUV82SZsxfdw==/com.evolucao.app-HCNjzSnRbwxX44wHe5L6Qw==/base.apk!classes2.dex*1675103030:/data/app/~~qmNmOJkBRvVUV82SZsxfdw==/com.evolucao.app-HCNjzSnRbwxX44wHe5L6Qw==/base.apk!classes3.dex*1788775668:/data/app/~~qmNmOJkBRvVUV82SZsxfdw==/com.evolucao.app-HCNjzSnRbwxX44wHe5L6Qw==/base.apk!classes4.dex*2572157285:/data/app/~~qmNmOJkBRvVUV82SZsxfdw==/com.evolucao.app-HCNjzSnRbwxX44wHe5L6Qw==/base.apk!classes5.dex*3994030385:/data/app/~~qmNmOJkBRvVUV82SZsxfdw==/com.evolucao.app-HCNjzSnRbwxX44wHe5L6Qw==/base.apk!classes6.dex*1028875939:/data/app/~~qmNmOJkBRvVUV82SZsxfdw==/com.evolucao.app-HCNjzSnRbwxX44wHe5L6Qw==/base.apk!classes7.dex*2113616002:/data/app/~~qmNmOJkBRvVUV82SZsxfdw==/com.evolucao.app-HCNjzSnRbwxX44wHe5L6Qw==/base.apk!classes8.dex*3287389796:/data/app/~~qmNmOJkBRvVUV82SZsxfdw==/com.evolucao.app-HCNjzSnRbwxX44wHe5L6Qw==/base.apk!classes9.dex*2030025819:/data/app/~~qmNmOJkBRvVUV82SZsxfdw==/com.evolucao.app-HCNjzSnRbwxX44wHe5L6Qw==/base.apk!classes10.dex*1917680387:/data/app/~~qmNmOJkBRvVUV82SZsxfdw==/com.evolucao.app-HCNjzSnRbwxX44wHe5L6Qw==/base.apk!classes11.dex*152968521:/data/app/~~qmNmOJkBRvVUV82SZsxfdw==/com.evolucao.app-HCNjzSnRbwxX44wHe5L6Qw==/base.apk!cla
04-06 11:23:51.315 17424 17424 W om.evolucao.app: ClassLoaderContext classpath size mismatch. expected=0, found=1 (PCL[] | PCL[/system/framework/android.test.runner.jar*2256426886]{PCL[/system/framework/android.test.base.jar*1628045882]#PCL[/system/framework/android.test.mock.jar*2695051129]#PCL[/system/framework/android.test.runner.jar*2256426886]{PCL[/system/framework/android.test.base.jar*1628045882]#PCL[/system/framework/android.test.mock.jar*2695051129]}};PCL[/system/framework/android.test.runner.jar*2256426886:/system/framework/android.test.mock.jar*2695051129:/system/framework/android.test.base.jar*1628045882:/data/app/~~pWgztFBnkANH6yblxuLpEQ==/com.evolucao.app.test-yfG9xL2Wm6hLw6m9gnN9SA==/base.apk*2272993428:/data/app/~~pWgztFBnkANH6yblxuLpEQ==/com.evolucao.app.test-yfG9xL2Wm6hLw6m9gnN9SA==/base.apk!classes2.dex*714357168:/data/app/~~pWgztFBnkANH6yblxuLpEQ==/com.evolucao.app.test-yfG9xL2Wm6hLw6m9gnN9SA==/base.apk!classes3.dex*1380987315:/data/app/~~pWgztFBnkANH6yblxuLpEQ==/com.evolucao.app.test-yfG9xL2Wm6hLw6m9gnN9SA==/base.apk!classes4.dex*3771904477:/data/app/~~pWgztFBnkANH6yblxuLpEQ==/com.evolucao.app.test-yfG9xL2Wm6hLw6m9gnN9SA==/base.apk!classes5.dex*2127157885:/data/app/~~pWgztFBnkANH6yblxuLpEQ==/com.evolucao.app.test-yfG9xL2Wm6hLw6m9gnN9SA==/base.apk!classes6.dex*971414087:/data/app/~~pWgztFBnkANH6yblxuLpEQ==/com.evolucao.app.test-yfG9xL2Wm6hLw6m9gnN9SA==/base.apk!classes7.dex*742752503:/data/app/~~pWgztFBnkANH6yblxuLpEQ==/com.evolucao.app.test-yfG9xL2Wm6hLw6m9gnN9SA==/base.apk!classes8.dex*388434936:/data/app/~~pWgztFBnkANH6yblxuLpEQ==/com.evolucao.app.test-yfG9xL2Wm6hLw6m9gnN9SA==/base.apk!classes9.dex*209335023:/data/app/~~pWgztFBnkANH6yblxuLpEQ==/com.evolucao.app.test-yfG9xL2Wm6hLw6m9gnN9SA==/base.apk!classes10.dex*2871199926:/data/app/~~pWgztFBnkANH6yblxuLpEQ==/com.evolucao.app.test-yfG9xL2Wm6hLw6m9gnN9SA==/base.apk!classes11.dex*3957027005:/data/app/~~pWgztFBnkANH6yblxuLpEQ==/com.evolucao.app.test-yfG9xL2Wm6hLw6m9gnN9SA==/base.apk!classes12.dex*914099516:/data/app/~~pWgztFBnkANH6yblxuLpEQ==/com.evolucao.app.test-yfG9xL2Wm6hLw6m9gnN9SA==/base.apk!classes13.dex*4108993750:/data/app/~~pWgztFBnkANH6yblxuLpEQ==/com.evolucao.app.test-yfG9xL2Wm6hLw6m9gnN9SA==/base.apk!classes14.dex*1632137592:/data/app/~~pWgztFBnkANH6yblxuLpEQ==/com.evolucao.app.test-yfG9xL2Wm6hLw6m9gnN9SA==/base.apk!classes15.dex*1757943310:/data/app/~~pWgztFBnkANH6yblxuLpEQ==/com.evolucao.app.test-yfG9xL2Wm6hLw6m9gnN9SA==/base.apk!classes16.dex*931013159:/data/app/~~pWgztFBnkANH6yblxuLpEQ==/com.evolucao.app.test-yfG9xL2Wm6hLw6m9gnN9SA==/base.apk!classes17.dex*2782462504:/data/app/~~pWgztFBnkANH6yblxuLpEQ==/com.evolucao.app.test-yfG9xL2Wm6hLw6m9gnN9SA==/base.apk!classes18.dex*3468966139:/data/app/~~pWgztFBnkANH6yblxuLpEQ==/com.evolucao.app.test-yfG9xL2Wm6hLw6m9gnN9SA==/base.apk!classes19.dex*2267436335:/data/app/~~qmNmOJkBRvVUV82SZsxfdw==/com.evolucao.app-HCNjzSnRbwxX44wHe5L6Qw==/base.apk*198750528:/data/app/~~qmNmOJkBRvVUV82SZsxfdw==/com.evolucao.app-HCNjzSnRbwxX44wHe5L6Qw==/base.apk!classes2.dex*1675103030:/data/app/~~qmNmOJkBRvVUV82SZsxfdw==/com.evolucao.app-HCNjzSnRbwxX44wHe5L6Qw==/base.apk!classes3.dex*1788775668:/data/app/~~qmNmOJkBRvVUV82SZsxfdw==/com.evolucao.app-HCNjzSnRbwxX44wHe5L6Qw==/base.apk!classes4.dex*2572157285:/data/app/~~qmNmOJkBRvVUV82SZsxfdw==/com.evolucao.app-HCNjzSnRbwxX44wHe5L6Qw==/base.apk!classes5.dex*3994030385:/data/app/~~qmNmOJkBRvVUV82SZsxfdw==/com.evolucao.app-HCNjzSnRbwxX44wHe5L6Qw==/base.apk!classes6.dex*1028875939:/data/app/~~qmNmOJkBRvVUV82SZsxfdw==/com.evolucao.app-HCNjzSnRbwxX44wHe5L6Qw==/base.apk!classes7.dex*2113616002:/data/app/~~qmNmOJkBRvVUV82SZsxfdw==/com.evolucao.app-HCNjzSnRbwxX44wHe5L6Qw==/base.apk!classes8.dex*3287389796:/data/app/~~qmNmOJkBRvVUV82SZsxfdw==/com.evolucao.app-HCNjzSnRbwxX44wHe5L6Qw==/base.apk!classes9.dex*2030025819:/data/app/~~qmNmOJkBRvVUV82SZsxfdw==/com.evolucao.app-HCNjzSnRbwxX44wHe5L6Qw==/base.apk!classes10.dex*1917680387:/data/app/~~qmNmOJkBRvVUV82SZsxfdw==/com.evolucao.app-HCNjzSnRbwxX44wHe5L6Qw==/base.apk!classes11.dex*152968521:/data/app/~~qmNmOJkBRvVUV82SZsxfdw==/com.evo
04-06 11:23:51.316 17424 17424 W om.evolucao.app: ClassLoaderContext classpath size mismatch. expected=0, found=2 (PCL[] | PCL[/system/framework/android.test.runner.jar*2256426886:/system/framework/android.test.mock.jar*2695051129]{PCL[/system/framework/android.test.base.jar*1628045882]#PCL[/system/framework/android.test.mock.jar*2695051129]#PCL[/system/framework/android.test.runner.jar*2256426886]{PCL[/system/framework/android.test.base.jar*1628045882]#PCL[/system/framework/android.test.mock.jar*2695051129]}};PCL[/system/framework/android.test.runner.jar*2256426886:/system/framework/android.test.mock.jar*2695051129:/system/framework/android.test.base.jar*1628045882:/data/app/~~pWgztFBnkANH6yblxuLpEQ==/com.evolucao.app.test-yfG9xL2Wm6hLw6m9gnN9SA==/base.apk*2272993428:/data/app/~~pWgztFBnkANH6yblxuLpEQ==/com.evolucao.app.test-yfG9xL2Wm6hLw6m9gnN9SA==/base.apk!classes2.dex*714357168:/data/app/~~pWgztFBnkANH6yblxuLpEQ==/com.evolucao.app.test-yfG9xL2Wm6hLw6m9gnN9SA==/base.apk!classes3.dex*1380987315:/data/app/~~pWgztFBnkANH6yblxuLpEQ==/com.evolucao.app.test-yfG9xL2Wm6hLw6m9gnN9SA==/base.apk!classes4.dex*3771904477:/data/app/~~pWgztFBnkANH6yblxuLpEQ==/com.evolucao.app.test-yfG9xL2Wm6hLw6m9gnN9SA==/base.apk!classes5.dex*2127157885:/data/app/~~pWgztFBnkANH6yblxuLpEQ==/com.evolucao.app.test-yfG9xL2Wm6hLw6m9gnN9SA==/base.apk!classes6.dex*971414087:/data/app/~~pWgztFBnkANH6yblxuLpEQ==/com.evolucao.app.test-yfG9xL2Wm6hLw6m9gnN9SA==/base.apk!classes7.dex*742752503:/data/app/~~pWgztFBnkANH6yblxuLpEQ==/com.evolucao.app.test-yfG9xL2Wm6hLw6m9gnN9SA==/base.apk!classes8.dex*388434936:/data/app/~~pWgztFBnkANH6yblxuLpEQ==/com.evolucao.app.test-yfG9xL2Wm6hLw6m9gnN9SA==/base.apk!classes9.dex*209335023:/data/app/~~pWgztFBnkANH6yblxuLpEQ==/com.evolucao.app.test-yfG9xL2Wm6hLw6m9gnN9SA==/base.apk!classes10.dex*2871199926:/data/app/~~pWgztFBnkANH6yblxuLpEQ==/com.evolucao.app.test-yfG9xL2Wm6hLw6m9gnN9SA==/base.apk!classes11.dex*3957027005:/data/app/~~pWgztFBnkANH6yblxuLpEQ==/com.evolucao.app.test-yfG9xL2Wm6hLw6m9gnN9SA==/base.apk!classes12.dex*914099516:/data/app/~~pWgztFBnkANH6yblxuLpEQ==/com.evolucao.app.test-yfG9xL2Wm6hLw6m9gnN9SA==/base.apk!classes13.dex*4108993750:/data/app/~~pWgztFBnkANH6yblxuLpEQ==/com.evolucao.app.test-yfG9xL2Wm6hLw6m9gnN9SA==/base.apk!classes14.dex*1632137592:/data/app/~~pWgztFBnkANH6yblxuLpEQ==/com.evolucao.app.test-yfG9xL2Wm6hLw6m9gnN9SA==/base.apk!classes15.dex*1757943310:/data/app/~~pWgztFBnkANH6yblxuLpEQ==/com.evolucao.app.test-yfG9xL2Wm6hLw6m9gnN9SA==/base.apk!classes16.dex*931013159:/data/app/~~pWgztFBnkANH6yblxuLpEQ==/com.evolucao.app.test-yfG9xL2Wm6hLw6m9gnN9SA==/base.apk!classes17.dex*2782462504:/data/app/~~pWgztFBnkANH6yblxuLpEQ==/com.evolucao.app.test-yfG9xL2Wm6hLw6m9gnN9SA==/base.apk!classes18.dex*3468966139:/data/app/~~pWgztFBnkANH6yblxuLpEQ==/com.evolucao.app.test-yfG9xL2Wm6hLw6m9gnN9SA==/base.apk!classes19.dex*2267436335:/data/app/~~qmNmOJkBRvVUV82SZsxfdw==/com.evolucao.app-HCNjzSnRbwxX44wHe5L6Qw==/base.apk*198750528:/data/app/~~qmNmOJkBRvVUV82SZsxfdw==/com.evolucao.app-HCNjzSnRbwxX44wHe5L6Qw==/base.apk!classes2.dex*1675103030:/data/app/~~qmNmOJkBRvVUV82SZsxfdw==/com.evolucao.app-HCNjzSnRbwxX44wHe5L6Qw==/base.apk!classes3.dex*1788775668:/data/app/~~qmNmOJkBRvVUV82SZsxfdw==/com.evolucao.app-HCNjzSnRbwxX44wHe5L6Qw==/base.apk!classes4.dex*2572157285:/data/app/~~qmNmOJkBRvVUV82SZsxfdw==/com.evolucao.app-HCNjzSnRbwxX44wHe5L6Qw==/base.apk!classes5.dex*3994030385:/data/app/~~qmNmOJkBRvVUV82SZsxfdw==/com.evolucao.app-HCNjzSnRbwxX44wHe5L6Qw==/base.apk!classes6.dex*1028875939:/data/app/~~qmNmOJkBRvVUV82SZsxfdw==/com.evolucao.app-HCNjzSnRbwxX44wHe5L6Qw==/base.apk!classes7.dex*2113616002:/data/app/~~qmNmOJkBRvVUV82SZsxfdw==/com.evolucao.app-HCNjzSnRbwxX44wHe5L6Qw==/base.apk!classes8.dex*3287389796:/data/app/~~qmNmOJkBRvVUV82SZsxfdw==/com.evolucao.app-HCNjzSnRbwxX44wHe5L6Qw==/base.apk!classes9.dex*2030025819:/data/app/~~qmNmOJkBRvVUV82SZsxfdw==/com.evolucao.app-HCNjzSnRbwxX44wHe5L6Qw==/base.apk!classes10.dex*1917680387:/data/app/~~qmNmOJkBRvVUV82SZsxfdw==/com.evolucao.app-HCNjzSnRbwxX44wHe5L6Qw==/base.apk!classes11.dex*152
04-06 11:23:51.317 17424 17424 W ziparchive: Unable to open '/data/app/~~pWgztFBnkANH6yblxuLpEQ==/com.evolucao.app.test-yfG9xL2Wm6hLw6m9gnN9SA==/base.dm': No such file or directory
04-06 11:23:51.317 17424 17424 W ziparchive: Unable to open '/data/app/~~pWgztFBnkANH6yblxuLpEQ==/com.evolucao.app.test-yfG9xL2Wm6hLw6m9gnN9SA==/base.dm': No such file or directory
04-06 11:23:51.385 17424 17424 W ziparchive: Unable to open '/data/app/~~qmNmOJkBRvVUV82SZsxfdw==/com.evolucao.app-HCNjzSnRbwxX44wHe5L6Qw==/base.dm': No such file or directory
04-06 11:23:51.385 17424 17424 W ziparchive: Unable to open '/data/app/~~qmNmOJkBRvVUV82SZsxfdw==/com.evolucao.app-HCNjzSnRbwxX44wHe5L6Qw==/base.dm': No such file or directory
04-06 11:23:51.662 17424 17424 D NetworkSecurityConfig: No Network Security Config specified, using platform default
04-06 11:23:51.671 17424 17424 D NetworkSecurityConfig: No Network Security Config specified, using platform default
04-06 11:23:51.671 17424 17424 I AndroidJUnitRunner: newApplication com.evolucao.app.MainApplication
04-06 11:23:51.682 17424 17424 W FirebaseApp: Default FirebaseApp failed to initialize because no default options were found. This usually means that com.google.gms:google-services was not applied to your gradle project.
04-06 11:23:51.682 17424 17424 I FirebaseInitProvider: FirebaseApp initialization unsuccessful
04-06 11:23:51.704 17424 17424 I AndroidJUnitRunner: onCreate Bundle[mParcelledData.dataSize=240]
04-06 11:23:51.705 17424 17424 D AndroidJUnitRunner: Use the raw file system for managing file I/O.
04-06 11:23:51.711 17424 17424 V TestEventClient: No service name argument was given (testDiscoveryService, testRunEventService or orchestratorService)
04-06 11:23:51.712 17424 17484 D AndroidJUnitRunner: onStart is called.
04-06 11:23:51.716 17424 17424 W SoLoader: Initializing SoLoader: 0
04-06 11:23:51.717 17424 17424 W SoLoader: Recording new base apk path: /data/app/~~qmNmOJkBRvVUV82SZsxfdw==/com.evolucao.app-HCNjzSnRbwxX44wHe5L6Qw==/base.apk
04-06 11:23:51.717 17424 17424 W SoLoader: Previously recorded 0 base apk paths.
04-06 11:23:51.719 17424 17424 I SoLoader: Preparing SO source: DirectorySoSource[root = /vendor/lib64 flags = 2]
04-06 11:23:51.719 17424 17424 I SoLoader: Preparing SO source: DirectorySoSource[root = /system/lib64 flags = 2]
04-06 11:23:51.719 17424 17424 I SoLoader: Preparing SO source: DirectApkSoSource[root = [/data/app/~~qmNmOJkBRvVUV82SZsxfdw==/com.evolucao.app-HCNjzSnRbwxX44wHe5L6Qw==/base.apk!/lib/arm64-v8a]]
04-06 11:23:51.735 17424 17424 I SoLoader: Preparing SO source: ApplicationSoSource[DirectorySoSource[root = /data/app/~~qmNmOJkBRvVUV82SZsxfdw==/com.evolucao.app-HCNjzSnRbwxX44wHe5L6Qw==/lib/arm64 flags = 0]]
04-06 11:23:51.735 17424 17424 I SoLoader: init finish: 4 SO sources prepared
04-06 11:23:51.736 17424 17424 W SoLoader: SoLoader initialized: 8
04-06 11:23:51.757 17424 17424 D jni_lib_merge: Entering merged library JNI_OnLoad.
04-06 11:23:51.757 17424 17424 D jni_lib_merge: Preparing 12 pre-merged libs (including stub)
04-06 11:23:51.757 17424 17424 D jni_lib_merge: Preparing to register libfabricjni_so.  onload_func: 0x703c721f38
04-06 11:23:51.757 17424 17424 D jni_lib_merge: Preparing to register libreact_devsupportjni_so.  onload_func: 0x703c92a81c
04-06 11:23:51.757 17424 17424 D jni_lib_merge: Preparing to register libreact_featureflagsjni_so.  onload_func: 0x703c93cb7c
04-06 11:23:51.757 17424 17424 D jni_lib_merge: Preparing to register libreact_newarchdefaults_so.  onload_func: 0x703c9e1f24
04-06 11:23:51.757 17424 17424 D jni_lib_merge: Preparing to register libreactnativeblob_so.  onload_func: 0x703cbf4088
04-06 11:23:51.757 17424 17424 D jni_lib_merge: Preparing to register libreactnativejni_so.  onload_func: 0x703cc36ffc
04-06 11:23:51.757 17424 17424 D jni_lib_merge: Preparing to register libreactnativejni_common_so.  onload_func: 0x703cc479f0
04-06 11:23:51.757 17424 17424 D jni_lib_merge: Preparing to register librninstance_so.  onload_func: 0x703cc8662c
04-06 11:23:51.757 17424 17424 D jni_lib_merge: Preparing to register libturbomodulejsijni_so.  onload_func: 0x703cde3734
04-06 11:23:51.757 17424 17424 D jni_lib_merge: Preparing to register libuimanagerjni_so.  onload_func: 0x703cdfc6e8
04-06 11:23:51.757 17424 17424 D jni_lib_merge: Preparing to register libyoga_so.  onload_func: 0x703ce0c16c
04-06 11:23:51.757 17424 17424 D jni_lib_merge: About to register 11 actual methods.
04-06 11:23:51.764 17424 17424 D jni_lib_merge: Entering merged library JNI_OnLoad.
04-06 11:23:51.764 17424 17424 D jni_lib_merge: Preparing 12 pre-merged libs (including stub)
04-06 11:23:51.764 17424 17424 D jni_lib_merge: Preparing to register libfabricjni_so.  onload_func: 0x703c721f38
04-06 11:23:51.764 17424 17424 D jni_lib_merge: Preparing to register libreact_devsupportjni_so.  onload_func: 0x703c92a81c
04-06 11:23:51.764 17424 17424 D jni_lib_merge: Preparing to register libreact_featureflagsjni_so.  onload_func: 0x703c93cb7c
04-06 11:23:51.764 17424 17424 D jni_lib_merge: Preparing to register libreact_newarchdefaults_so.  onload_func: 0x703c9e1f24
04-06 11:23:51.764 17424 17424 D jni_lib_merge: Preparing to register libreactnativeblob_so.  onload_func: 0x703cbf4088
04-06 11:23:51.764 17424 17424 D jni_lib_merge: Preparing to register libreactnativejni_so.  onload_func: 0x703cc36ffc
04-06 11:23:51.764 17424 17424 D jni_lib_merge: Preparing to register libreactnativejni_common_so.  onload_func: 0x703cc479f0
04-06 11:23:51.764 17424 17424 D jni_lib_merge: Preparing to register librninstance_so.  onload_func: 0x703cc8662c
04-06 11:23:51.764 17424 17424 D jni_lib_merge: Preparing to register libturbomodulejsijni_so.  onload_func: 0x703cde3734
04-06 11:23:51.764 17424 17424 D jni_lib_merge: Preparing to register libuimanagerjni_so.  onload_func: 0x703cdfc6e8
04-06 11:23:51.764 17424 17424 D jni_lib_merge: Preparing to register libyoga_so.  onload_func: 0x703ce0c16c
04-06 11:23:51.764 17424 17424 D jni_lib_merge: About to register 11 actual methods.
04-06 11:23:51.850 17424 17484 D TestRequestBuilder: Using class path scanning to discover tests
04-06 11:23:51.851 17424 17484 I TestRequestBuilder: Scanning classpath to find tests in paths [/data/app/~~pWgztFBnkANH6yblxuLpEQ==/com.evolucao.app.test-yfG9xL2Wm6hLw6m9gnN9SA==/base.apk]
04-06 11:23:51.852 17424 17484 W om.evolucao.app: Opening an oat file without a class loader. Are you using the deprecated DexFile APIs?
04-06 11:23:52.241 17424 17484 I TestRunner: run started: 1 tests
04-06 11:23:52.242 17424 17484 I TestRunner: started: runDetoxTests(com.evolucao.app.DetoxTest)
04-06 11:23:52.249 17424 17484 I Detox   : Detox server connection details: url=ws://localhost:57439, sessionId=a92f4822-dac1-f1ee-fec4-3d839340bdca
04-06 11:23:52.255 17424 17484 I Tracing : Tracer added: class androidx.test.platform.tracing.AndroidXTracer
04-06 11:23:52.269 17424 17484 W om.evolucao.app: Accessing hidden field Ljava/lang/reflect/Field;->accessFlags:I (unsupported, reflection, allowed)
04-06 11:23:52.271 17424 17484 I Detox   : Connecting to server...
04-06 11:23:52.271 17424 17484 I DetoxWSClient: At connectToServer
04-06 11:23:52.374 17424 17500 D TrafficStats: tagSocket(95) with statsTag=0xffffffff, statsUid=-1
04-06 11:23:52.392 17424 17500 D DetoxWSClient: At onOpen
04-06 11:23:52.392 17424 17500 I DetoxWSClient: Sending out action 'login' (ID #0)
04-06 11:23:52.393 17424 17500 I Detox   : Connected to server!
04-06 11:23:52.396 17424 17500 D DetoxWSClient: Received action 'loginSuccess' (ID #0, params={"testerConnected":true,"appConnected":true})
04-06 11:23:52.396 17424 17496 I DetoxDispatcher: Handling action 'loginSuccess' (ID #0)...
04-06 11:23:52.396 17424 17496 I DetoxDispatcher: Done with action 'loginSuccess'
04-06 11:23:52.396 17424 17484 I Detox   : Launching the tested activity!
04-06 11:23:52.433 17424 17512 D OpenGLRenderer: RenderThread::requireGlContext()
04-06 11:23:52.434 17424 17512 I AdrenoGLES-0: QUALCOMM build                   : db7e7066a2, I1fad33e957
04-06 11:23:52.434 17424 17512 I AdrenoGLES-0: Build Date                       : 05/11/25
04-06 11:23:52.434 17424 17512 I AdrenoGLES-0: OpenGL ES Shader Compiler Version: EV031.32.02.10
04-06 11:23:52.434 17424 17512 I AdrenoGLES-0: Local Branch                     : 
04-06 11:23:52.434 17424 17512 I AdrenoGLES-0: Remote Branch                    : refs/tags/AU_LINUX_ANDROID_LA.UM.9.12.11.00.00.582.697
04-06 11:23:52.434 17424 17512 I AdrenoGLES-0: Remote Branch                    : NONE
04-06 11:23:52.434 17424 17512 I AdrenoGLES-0: Reconstruct Branch               : NOTHING
04-06 11:23:52.434 17424 17512 I AdrenoGLES-0: Build Config                     : S P 10.0.7 AArch64
04-06 11:23:52.434 17424 17512 I AdrenoGLES-0: Driver Path                      : /vendor/lib64/egl/libGLESv2_adreno.so
04-06 11:23:52.435 17424 17500 D DetoxWSClient: Received action 'isReady' (ID #-1000, params={})
04-06 11:23:52.435 17424 17496 I DetoxDispatcher: Handling action 'isReady' (ID #-1000)...
04-06 11:23:52.448 17424 17512 I AdrenoGLES-0: PFP: 0x016dd093, ME: 0x00000000
04-06 11:23:52.455 17424 17512 D OpenGLRenderer: RenderThread::setGrContext()
04-06 11:23:52.483 17424 17424 D AppCompatDelegate: Checking for metadata for AppLocalesMetadataHolderService : Service not found
04-06 11:23:52.502 17424 17424 D LifecycleMonitor: Lifecycle status change: com.evolucao.app.MainActivity@64e06eb in: PRE_ON_CREATE
04-06 11:23:52.566 17424 17424 D SensorManager: registerListener :: 11, LSM6DSO Accelerometer, 66667, 0, 
04-06 11:23:52.582 17424 17535 D TrafficStats: tagSocket(107) with statsTag=0xffffffff, statsUid=-1
04-06 11:23:52.596 17424 17424 W unknown:BridgelessReact: ReactHost{0}.startSurface(surfaceId = 0): Schedule
04-06 11:23:52.596 17424 17424 W unknown:BridgelessReact: ReactHost{0}.attachSurface(surfaceId = 0)
04-06 11:23:52.597 17424 17536 W unknown:BridgelessReact: ReactHost{0}.getOrCreateReactInstanceTask()
04-06 11:23:52.597 17424 17536 W unknown:BridgelessReact: ReactHost{0}.getOrCreateReactInstanceTask(): Start
04-06 11:23:52.597 17424 17536 D Detox.RNMarker: REACT_BRIDGELESS_LOADING_START (null)
04-06 11:23:52.597 17424 17536 W unknown:BridgelessReact: ReactHost{0}.getJSBundleLoader()
04-06 11:23:52.600 17424 17424 I DecorView: [INFO] isPopOver=false config=true
04-06 11:23:52.600 17424 17424 I DecorView: updateCaptionType: isFloating=false isApplication=true hasWindowDecorCaption=false this=DecorView@14156cb[]
04-06 11:23:52.600 17424 17424 D DecorView: setCaptionType = 0, this = DecorView@14156cb[]
04-06 11:23:52.607 17424 17424 I DecorView: getCurrentDensityDpi: from real metrics. densityDpi=480 msg=resources_loaded
04-06 11:23:52.607 17424 17424 I DecorView: setWindowBackground: isPopOver=false color=ff303030 d=android.graphics.drawable.ColorDrawable@854cdc1
04-06 11:23:52.608 17424 17536 W unknown:BridgelessReact: ReactHost{0}.isMetroRunning()
04-06 11:23:52.610 17424 17537 D TrafficStats: tagSocket(109) with statsTag=0xffffffff, statsUid=-1
04-06 11:23:52.613 17424 17424 W om.evolucao.app: Accessing hidden method Landroid/view/ViewGroup;->makeOptionalFitsSystemWindows()V (unsupported, reflection, allowed)
04-06 11:23:52.618 17424 17424 D LifecycleMonitor: Lifecycle status change: com.evolucao.app.MainActivity@64e06eb in: CREATED
04-06 11:23:52.619 17424 17424 D LifecycleMonitor: Lifecycle status change: com.evolucao.app.MainActivity@64e06eb in: STARTED
04-06 11:23:52.621 17424 17424 W unknown:BridgelessReact: ReactHost{0}.onHostResume(activity)
04-06 11:23:52.621 17424 17424 W unknown:ReactNative: Packager connection already open, nooping.
04-06 11:23:52.621 17424 17424 D LifecycleMonitor: Lifecycle status change: com.evolucao.app.MainActivity@64e06eb in: RESUMED
04-06 11:23:52.623 17424 17424 I MSHandlerLifeCycle: check: return. pkg=com.evolucao.app parent=null callers=com.android.internal.policy.DecorView.setVisibility:4412 android.app.ActivityThread.handleResumeActivity:5476 android.app.servertransaction.ResumeActivityItem.execute:54 android.app.servertransaction.ActivityTransactionItem.execute:45 android.app.servertransaction.TransactionExecutor.executeLifecycleState:176 
04-06 11:23:52.623 17424 17424 I MSHandlerLifeCycle: removeMultiSplitHandler: no exist. decor=DecorView@14156cb[]
04-06 11:23:52.630 17424 17512 D NativeCustomFrequencyManager: [NativeCFMS] BpCustomFrequencyManager::BpCustomFrequencyManager()
04-06 11:23:52.633 17424 17424 I DecorView: notifyKeepScreenOnChanged: keepScreenOn=false
04-06 11:23:52.636 17424 17424 D InsetsController: onStateChanged: InsetsState: {mDisplayFrame=Rect(0, 0 - 1080, 2400), mDisplayCutout=DisplayCutout{insets=Rect(0, 88 - 0, 0) waterfall=Insets{left=0, top=0, right=0, bottom=0} boundingRect={Bounds=[Rect(0, 0 - 0, 0), Rect(512, 0 - 568, 88), Rect(0, 0 - 0, 0), Rect(0, 0 - 0, 0)]} cutoutPathParserInfo={CutoutPathParserInfo{displayWidth=1080 displayHeight=2400 physicalDisplayWidth=1080 physicalDisplayHeight=2400 density={3.0} cutoutSpec={M 0,0 M 0,10.71963616907435 a 9.280363830925644,9.280363830925644 0 1,0 0,18.56072766185129 a 9.280363830925644,9.280363830925644 0 1,0 0,-18.56072766185129 Z @dp} rotation={0} scale={1.0} physicalPixelDisplaySizeRatio={1.0}}}}, mRoundedCorners=RoundedCorners{[RoundedCorner{position=TopLeft, radius=96, center=Point(96, 96)}, RoundedCorner{position=TopRight, radius=96, center=Point(984, 96)}, RoundedCorner{position=BottomRight, radius=96, center=Point(984, 2304)}, RoundedCorner{position=BottomLeft, radius=96, center=Point(96, 2304)}]}  mRoundedCornerFrame=Rect(0, 0 - 1080, 2400), mPrivacyIndicatorBounds=PrivacyIndicatorBounds {static bounds=Rect(948, 0 - 1080, 88) rotation=0}, mSources= { InsetsSource: {mType=ITYPE_STATUS_BAR, mFrame=[0,0][1080,88], mVisible=true, mInsetsRoundedCornerFrame=false}, InsetsSource: {mType=ITYPE_NAVIGATION_BAR, mFrame=[0,2256][1080,2400], mVisible=true, mInsetsRoundedCornerFrame=false}, InsetsSource: {mType=ITYPE_LEFT_GESTURES, mFrame=[0,0][0,2400], mVisible=true, mInsetsRoundedCornerFrame=false}, InsetsSource: {mType=ITYPE_RIGHT_GESTURES, mFrame=[1080,0][1080,2400], mVisible=true, mInsetsRoundedCornerFrame=false}, InsetsSource: {mType=ITYPE_TOP_MANDATORY_GESTURES, mFrame=[0,0][1080,124], mVisible=true, mInsetsRoundedCornerFrame=false}, InsetsSource: {mType=ITYPE_BOTTOM_MANDATORY_GESTURES, mFrame=[0,2256][1080,2400], mVisible=true, mInsetsRoundedCornerFrame=false}, InsetsSource: {mType=ITYPE_LEFT_DISPLAY_CUTOUT, mFrame=[0,0][-100000,2400], mVisible=true, mInsetsRoundedCornerFrame=false}, InsetsSource: {mType=ITYPE_TOP_DISPLAY_CUTOUT, mFrame=[0,0][1080,88], mVisible=true, mInsetsRoundedCornerFrame=false}, InsetsSource: {mType=ITYPE_RIGHT_DISPLAY_CUTOUT, mFrame=[100000,0][1080,2400], mVisible=true, mInsetsRoundedCornerFrame=false}, InsetsSource: {mType=ITYPE_BOTTOM_DISPLAY_CUTOUT, mFrame=[0,100000][1080,2400], mVisible=true, mInsetsRoundedCornerFrame=false}, InsetsSource: {mType=ITYPE_TOP_TAPPABLE_ELEMENT, mFrame=[0,0][1080,88], mVisible=true, mInsetsRoundedCornerFrame=false}, InsetsSource: {mType=ITYPE_BOTTOM_TAPPABLE_ELEMENT, mFrame=[0,2256][1080,2400], mVisible=true, mInsetsRoundedCornerFrame=false}, InsetsSource: {mType=ITYPE_IME, mFrame=[0,0][0,0], mVisibleFrame=[0,1374][1080,2400], mVisible=false, mInsetsRoundedCornerFrame=false} } host=com.evolucao.app/com.evolucao.app.MainActivity from=android.view.ViewRootImpl.setView:1732
04-06 11:23:52.638 17424 17424 I ViewRootImpl@ac0a76d[MainActivity]: setView = com.android.internal.policy.DecorView@14156cb TM=false
04-06 11:23:52.640 17424 17424 I MSHandlerLifeCycle: removeMultiSplitHandler: no exist. decor=DecorView@14156cb[MainActivity]
04-06 11:23:52.647 17424 17424 I ViewRootImpl@ac0a76d[MainActivity]: performTraversals params={(0,0)(fillxfill) sim={adjust=resize forwardNavigation} layoutInDisplayCutoutMode=always ty=BASE_APPLICATION wanim=0x1030309
04-06 11:23:52.647 17424 17424 I ViewRootImpl@ac0a76d[MainActivity]:   fl=81810100
04-06 11:23:52.647 17424 17424 I ViewRootImpl@ac0a76d[MainActivity]:   pfl=16020040
04-06 11:23:52.647 17424 17424 I ViewRootImpl@ac0a76d[MainActivity]:   vsysui=100
04-06 11:23:52.647 17424 17424 I ViewRootImpl@ac0a76d[MainActivity]:   bhv=DEFAULT
04-06 11:23:52.647 17424 17424 I ViewRootImpl@ac0a76d[MainActivity]:   fitSides= naviIconColor=0}
04-06 11:23:52.648 17424 17424 I ViewRootImpl@ac0a76d[MainActivity]: performTraversals mFirst=true windowShouldResize=true viewVisibilityChanged=false mForceNextWindowRelayout=false params={(0,0)(fillxfill) sim={adjust=resize forwardNavigation} layoutInDisplayCutoutMode=always ty=BASE_APPLICATION wanim=0x1030309
04-06 11:23:52.648 17424 17424 I ViewRootImpl@ac0a76d[MainActivity]:   fl=81810100
04-06 11:23:52.648 17424 17424 I ViewRootImpl@ac0a76d[MainActivity]:   pfl=16020040
04-06 11:23:52.648 17424 17424 I ViewRootImpl@ac0a76d[MainActivity]:   vsysui=100
04-06 11:23:52.648 17424 17424 I ViewRootImpl@ac0a76d[MainActivity]:   bhv=DEFAULT
04-06 11:23:52.648 17424 17424 I ViewRootImpl@ac0a76d[MainActivity]:   fitSides= naviIconColor=0}
04-06 11:23:52.654 17424 17424 I ViewRootImpl@ac0a76d[MainActivity]: updateBlastSurfaceIfNeeded mBlastBufferQueue=null isSameSurfaceControl=false
04-06 11:23:52.654 17424 17424 E BufferQueueProducer: Unable to open libpenguin.so: dlopen failed: library "libpenguin.so" not found.
04-06 11:23:52.654 17424 17537 W unknown:BridgelessReact: ReactHost{0}.isMetroRunning(): Async result = true
04-06 11:23:52.655 17424 17424 I BLASTBufferQueue: new BLASTBufferQueue, mName= ViewRootImpl@ac0a76d[MainActivity] mNativeObject= 0xb4000070c2c34c00 sc.mNativeObject= 0xb4000070a0c6fbc0 caller= android.view.ViewRootImpl.updateBlastSurfaceIfNeeded:2909 android.view.ViewRootImpl.relayoutWindow:9847 android.view.ViewRootImpl.performTraversals:3884 android.view.ViewRootImpl.doTraversal:3116 android.view.ViewRootImpl$TraversalRunnable.run:10885 android.view.Choreographer$CallbackRecord.run:1301 android.view.Choreographer$CallbackRecord.run:1309 android.view.Choreographer.doCallbacks:923 android.view.Choreographer.doFrame:852 android.view.Choreographer$FrameDisplayEventReceiver.run:1283 
04-06 11:23:52.655 17424 17424 I BLASTBufferQueue: update, w= 1080 h= 2400 mName = ViewRootImpl@ac0a76d[MainActivity] mNativeObject= 0xb4000070c2c34c00 sc.mNativeObject= 0xb4000070a0c6fbc0 format= -1 caller= android.graphics.BLASTBufferQueue.<init>:84 android.view.ViewRootImpl.updateBlastSurfaceIfNeeded:2909 android.view.ViewRootImpl.relayoutWindow:9847 android.view.ViewRootImpl.performTraversals:3884 android.view.ViewRootImpl.doTraversal:3116 android.view.ViewRootImpl$TraversalRunnable.run:10885 
04-06 11:23:52.655 17424 17536 W unknown:BridgelessReact: ReactHost{0}.loadJSBundleFromMetro()
04-06 11:23:52.655 17424 17424 I ViewRootImpl@ac0a76d[MainActivity]: Relayout returned: old=(0,0,1080,2400) new=(0,0,1080,2400) req=(1080,2400)0 dur=6 res=0x3 s={true 0xb4000070a6e07000} ch=true seqId=0
04-06 11:23:52.656 17424 17424 I ViewRootImpl@ac0a76d[MainActivity]: mThreadedRenderer.initialize() mSurface={isValid=true 0xb4000070a6e07000} hwInitialized=true
04-06 11:23:52.658 17424 17536 D Detox.RNMarker: DOWNLOAD_START (null)
04-06 11:23:52.658 17424 17424 I ViewRootImpl@ac0a76d[MainActivity]: reportNextDraw android.view.ViewRootImpl.performTraversals:4438 android.view.ViewRootImpl.doTraversal:3116 android.view.ViewRootImpl$TraversalRunnable.run:10885 android.view.Choreographer$CallbackRecord.run:1301 android.view.Choreographer$CallbackRecord.run:1309 
04-06 11:23:52.658 17424 17424 I ViewRootImpl@ac0a76d[MainActivity]: Setup new sync id=0
04-06 11:23:52.658 17424 17424 I ViewRootImpl@ac0a76d[MainActivity]: Setting syncFrameCallback
04-06 11:23:52.658 17424 17424 I ViewRootImpl@ac0a76d[MainActivity]: registerCallbacksForSync syncBuffer=false
04-06 11:23:52.662 17424 17512 D OpenGLRenderer: eglCreateWindowSurface
04-06 11:23:52.663 17424 17539 I ViewRootImpl@ac0a76d[MainActivity]: Received frameDrawingCallback syncResult=0 frameNum=1.
04-06 11:23:52.663 17424 17539 I ViewRootImpl@ac0a76d[MainActivity]: Setting up sync and frameCommitCallback
04-06 11:23:52.684 17424 17512 I BLASTBufferQueue: [ViewRootImpl@ac0a76d[MainActivity]#0](f:0,a:0) onFrameAvailable the first frame is available
04-06 11:23:52.684 17424 17512 I ViewRootImpl@ac0a76d[MainActivity]: Received frameCommittedCallback lastAttemptedDrawFrameNum=1 didProduceBuffer=true
04-06 11:23:52.685 17424 17512 D OpenGLRenderer: CFMS:: SetUp Pid : 17424    Tid : 17512
04-06 11:23:52.687 17424 17512 W Parcel  : Expecting binder but got null!
04-06 11:23:52.687 17424 17424 I ViewRootImpl@ac0a76d[MainActivity]: onSyncComplete
04-06 11:23:52.687 17424 17424 I ViewRootImpl@ac0a76d[MainActivity]: setupSync seqId=0 mSyncId=0 fn=1 caller=android.view.ViewRootImpl$$ExternalSyntheticLambda11.accept:6 android.window.SurfaceSyncer.lambda$setupSync$1$android-window-SurfaceSyncer:128 android.window.SurfaceSyncer$$ExternalSyntheticLambda1.accept:8 android.window.SurfaceSyncer$SyncSet.checkIfSyncIsComplete:382 android.window.SurfaceSyncer$SyncSet.markSyncReady:359 android.window.SurfaceSyncer.markSyncReady:151 android.view.ViewRootImpl.performTraversals:4503 
04-06 11:23:52.687 17424 17424 I ViewRootImpl@ac0a76d[MainActivity]: reportDrawFinished seqId=0 mSyncId=-1 fn=1 mSurfaceChangedTransaction=0xb4000070a6e33b00
04-06 11:23:52.692 17424 17424 D CompatibilityChangeReporter: Compat change id reported: 210923482; UID 10517; state: ENABLED
04-06 11:23:52.698 17424 17512 D NativeCustomFrequencyManager: [NativeCFMS] BpCustomFrequencyManager::BpCustomFrequencyManager()
04-06 11:23:52.701 17424 17424 D InsetsController: onStateChanged: InsetsState: {mDisplayFrame=Rect(0, 0 - 1080, 2400), mDisplayCutout=DisplayCutout{insets=Rect(0, 88 - 0, 0) waterfall=Insets{left=0, top=0, right=0, bottom=0} boundingRect={Bounds=[Rect(0, 0 - 0, 0), Rect(512, 0 - 568, 88), Rect(0, 0 - 0, 0), Rect(0, 0 - 0, 0)]} cutoutPathParserInfo={CutoutPathParserInfo{displayWidth=1080 displayHeight=2400 physicalDisplayWidth=1080 physicalDisplayHeight=2400 density={3.0} cutoutSpec={M 0,0 M 0,10.71963616907435 a 9.280363830925644,9.280363830925644 0 1,0 0,18.56072766185129 a 9.280363830925644,9.280363830925644 0 1,0 0,-18.56072766185129 Z @dp} rotation={0} scale={1.0} physicalPixelDisplaySizeRatio={1.0}}}}, mRoundedCorners=RoundedCorners{[RoundedCorner{position=TopLeft, radius=96, center=Point(96, 96)}, RoundedCorner{position=TopRight, radius=96, center=Point(984, 96)}, RoundedCorner{position=BottomRight, radius=96, center=Point(984, 2304)}, RoundedCorner{position=BottomLeft, radius=96, center=Point(96, 2304)}]}  mRoundedCornerFrame=Rect(0, 0 - 1080, 2400), mPrivacyIndicatorBounds=PrivacyIndicatorBounds {static bounds=Rect(948, 0 - 1080, 88) rotation=0}, mSources= { InsetsSource: {mType=ITYPE_STATUS_BAR, mFrame=[0,0][1080,88], mVisible=true, mInsetsRoundedCornerFrame=false}, InsetsSource: {mType=ITYPE_NAVIGATION_BAR, mFrame=[0,2256][1080,2400], mVisible=true, mInsetsRoundedCornerFrame=false}, InsetsSource: {mType=ITYPE_LEFT_GESTURES, mFrame=[0,0][0,2400], mVisible=true, mInsetsRoundedCornerFrame=false}, InsetsSource: {mType=ITYPE_RIGHT_GESTURES, mFrame=[1080,0][1080,2400], mVisible=true, mInsetsRoundedCornerFrame=false}, InsetsSource: {mType=ITYPE_TOP_MANDATORY_GESTURES, mFrame=[0,0][1080,124], mVisible=true, mInsetsRoundedCornerFrame=false}, InsetsSource: {mType=ITYPE_BOTTOM_MANDATORY_GESTURES, mFrame=[0,2256][1080,2400], mVisible=true, mInsetsRoundedCornerFrame=false}, InsetsSource: {mType=ITYPE_LEFT_DISPLAY_CUTOUT, mFrame=[0,0][-100000,2400], mVisible=true, mInsetsRoundedCornerFrame=false}, InsetsSource: {mType=ITYPE_TOP_DISPLAY_CUTOUT, mFrame=[0,0][1080,88], mVisible=true, mInsetsRoundedCornerFrame=false}, InsetsSource: {mType=ITYPE_RIGHT_DISPLAY_CUTOUT, mFrame=[100000,0][1080,2400], mVisible=true, mInsetsRoundedCornerFrame=false}, InsetsSource: {mType=ITYPE_BOTTOM_DISPLAY_CUTOUT, mFrame=[0,100000][1080,2400], mVisible=true, mInsetsRoundedCornerFrame=false}, InsetsSource: {mType=ITYPE_TOP_TAPPABLE_ELEMENT, mFrame=[0,0][1080,88], mVisible=true, mInsetsRoundedCornerFrame=false}, InsetsSource: {mType=ITYPE_BOTTOM_TAPPABLE_ELEMENT, mFrame=[0,2256][1080,2400], mVisible=true, mInsetsRoundedCornerFrame=false}, InsetsSource: {mType=ITYPE_IME, mFrame=[0,0][0,0], mVisibleFrame=[0,1374][1080,2400], mVisible=false, mInsetsRoundedCornerFrame=false} } host=PopupWindow:b18b023 from=android.view.ViewRootImpl.setView:1732
04-06 11:23:52.702 17424 17424 I ViewRootImpl@d3fd920[PopupWindow:b18b023]: setView = android.widget.PopupWindow$PopupDecorView@b19674c TM=false
04-06 11:23:52.708 17424 17424 I ViewRootImpl@d3fd920[PopupWindow:b18b023]: performTraversals params={(0,88)(fillxwrap) gr=TOP START CENTER sim={state=unchanged adjust=pan} ty=APPLICATION_PANEL fmt=TRANSLUCENT surfaceInsets=Rect(0, 0 - 0, 0) (manual)
04-06 11:23:52.708 17424 17424 I ViewRootImpl@d3fd920[PopupWindow:b18b023]:   fl=41800008
04-06 11:23:52.708 17424 17424 I ViewRootImpl@d3fd920[PopupWindow:b18b023]:   pfl=42018000
04-06 11:23:52.708 17424 17424 I ViewRootImpl@d3fd920[PopupWindow:b18b023]:   bhv=DEFAULT
04-06 11:23:52.708 17424 17424 I ViewRootImpl@d3fd920[PopupWindow:b18b023]:   fitTypes=STATUS_BARS NAVIGATION_BARS CAPTION_BAR naviIconColor=0
04-06 11:23:52.708 17424 17424 I ViewRootImpl@d3fd920[PopupWindow:b18b023]:   sfl=20000}
04-06 11:23:52.709 17424 17424 I ViewRootImpl@d3fd920[PopupWindow:b18b023]: performTraversals mFirst=true windowShouldResize=true viewVisibilityChanged=false mForceNextWindowRelayout=false params={(0,88)(fillxwrap) gr=TOP START CENTER sim={state=unchanged adjust=pan} ty=APPLICATION_PANEL fmt=TRANSLUCENT surfaceInsets=Rect(0, 0 - 0, 0) (manual)
04-06 11:23:52.709 17424 17424 I ViewRootImpl@d3fd920[PopupWindow:b18b023]:   fl=41800008
04-06 11:23:52.709 17424 17424 I ViewRootImpl@d3fd920[PopupWindow:b18b023]:   pfl=42018000
04-06 11:23:52.709 17424 17424 I ViewRootImpl@d3fd920[PopupWindow:b18b023]:   bhv=DEFAULT
04-06 11:23:52.709 17424 17424 I ViewRootImpl@d3fd920[PopupWindow:b18b023]:   fitTypes=STATUS_BARS NAVIGATION_BARS CAPTION_BAR naviIconColor=0
04-06 11:23:52.709 17424 17424 I ViewRootImpl@d3fd920[PopupWindow:b18b023]:   sfl=20000}
04-06 11:23:52.712 17424 17541 I ViewRootImpl@d3fd920[PopupWindow:b18b023]: Resizing android.view.ViewRootImpl@8125395: frame = [0,88][1080,167] reportDraw = true forceLayout = false syncSeqId = 0
04-06 11:23:52.713 17424 17424 I ViewRootImpl@d3fd920[PopupWindow:b18b023]: updateBlastSurfaceIfNeeded mBlastBufferQueue=null isSameSurfaceControl=false
04-06 11:23:52.713 17424 17424 I BLASTBufferQueue: new BLASTBufferQueue, mName= ViewRootImpl@d3fd920[PopupWindow:b18b023] mNativeObject= 0xb4000070a0ea6700 sc.mNativeObject= 0xb4000070a0c70ac0 caller= android.view.ViewRootImpl.updateBlastSurfaceIfNeeded:2909 android.view.ViewRootImpl.relayoutWindow:9847 android.view.ViewRootImpl.performTraversals:3884 android.view.ViewRootImpl.doTraversal:3116 android.view.ViewRootImpl$TraversalRunnable.run:10885 android.view.Choreographer$CallbackRecord.run:1301 android.view.Choreographer$CallbackRecord.run:1309 android.view.Choreographer.doCallbacks:923 android.view.Choreographer.doFrame:852 android.view.Choreographer$FrameDisplayEventReceiver.run:1283 
04-06 11:23:52.713 17424 17424 I BLASTBufferQueue: update, w= 1080 h= 79 mName = ViewRootImpl@d3fd920[PopupWindow:b18b023] mNativeObject= 0xb4000070a0ea6700 sc.mNativeObject= 0xb4000070a0c70ac0 format= -3 caller= android.graphics.BLASTBufferQueue.<init>:84 android.view.ViewRootImpl.updateBlastSurfaceIfNeeded:2909 android.view.ViewRootImpl.relayoutWindow:9847 android.view.ViewRootImpl.performTraversals:3884 android.view.ViewRootImpl.doTraversal:3116 android.view.ViewRootImpl$TraversalRunnable.run:10885 
04-06 11:23:52.714 17424 17424 I ViewRootImpl@d3fd920[PopupWindow:b18b023]: Relayout returned: old=(0,88,1080,2256) new=(0,88,1080,167) req=(1080,79)0 dur=4 res=0x3 s={true 0xb4000070a6e09800} ch=true seqId=0
04-06 11:23:52.714 17424 17424 I ViewRootImpl@d3fd920[PopupWindow:b18b023]: mThreadedRenderer.initialize() mSurface={isValid=true 0xb4000070a6e09800} hwInitialized=true
04-06 11:23:52.714 17424 17512 D OpenGLRenderer: eglCreateWindowSurface
04-06 11:23:52.715 17424 17424 I ViewRootImpl@d3fd920[PopupWindow:b18b023]: reportNextDraw android.view.ViewRootImpl.performTraversals:4438 android.view.ViewRootImpl.doTraversal:3116 android.view.ViewRootImpl$TraversalRunnable.run:10885 android.view.Choreographer$CallbackRecord.run:1301 android.view.Choreographer$CallbackRecord.run:1309 
04-06 11:23:52.715 17424 17424 I ViewRootImpl@d3fd920[PopupWindow:b18b023]: Setup new sync id=0
04-06 11:23:52.715 17424 17424 I ViewRootImpl@d3fd920[PopupWindow:b18b023]: Setting syncFrameCallback
04-06 11:23:52.715 17424 17424 I ViewRootImpl@d3fd920[PopupWindow:b18b023]: registerCallbacksForSync syncBuffer=false
04-06 11:23:52.716 17424 17540 I ViewRootImpl@d3fd920[PopupWindow:b18b023]: Received frameDrawingCallback syncResult=0 frameNum=1.
04-06 11:23:52.716 17424 17540 I ViewRootImpl@d3fd920[PopupWindow:b18b023]: Setting up sync and frameCommitCallback
04-06 11:23:52.724 17424 17512 I BLASTBufferQueue: [ViewRootImpl@d3fd920[PopupWindow:b18b023]#1](f:0,a:0) onFrameAvailable the first frame is available
04-06 11:23:52.724 17424 17512 I ViewRootImpl@d3fd920[PopupWindow:b18b023]: Received frameCommittedCallback lastAttemptedDrawFrameNum=1 didProduceBuffer=true
04-06 11:23:52.724 17424 17512 D OpenGLRenderer: CFMS:: SetUp Pid : 17424    Tid : 17512
04-06 11:23:52.725 17424 17512 W Parcel  : Expecting binder but got null!
04-06 11:23:52.725 17424 17424 I ViewRootImpl@d3fd920[PopupWindow:b18b023]: onSyncComplete
04-06 11:23:52.725 17424 17424 I ViewRootImpl@d3fd920[PopupWindow:b18b023]: setupSync seqId=0 mSyncId=0 fn=1 caller=android.view.ViewRootImpl$$ExternalSyntheticLambda11.accept:6 android.window.SurfaceSyncer.lambda$setupSync$1$android-window-SurfaceSyncer:128 android.window.SurfaceSyncer$$ExternalSyntheticLambda1.accept:8 android.window.SurfaceSyncer$SyncSet.checkIfSyncIsComplete:382 android.window.SurfaceSyncer$SyncSet.markSyncReady:359 android.window.SurfaceSyncer.markSyncReady:151 android.view.ViewRootImpl.performTraversals:4503 
04-06 11:23:52.725 17424 17424 I ViewRootImpl@d3fd920[PopupWindow:b18b023]: reportDrawFinished seqId=0 mSyncId=-1 fn=1 mSurfaceChangedTransaction=0xb4000070a0cb2a00
04-06 11:23:52.727 17424 17424 I ViewRootImpl@d3fd920[PopupWindow:b18b023]: handleResized, msg = 5 frames=ClientWindowFrames{frame=[0,88][1080,167] display=[0,88][1080,2256] parentFrame=[0,0][0,0] parentClippedByDisplayCutout=false} forceNextWindowRelayout=false displayId=0 resizeMode=-1 frameChanged=false displayFrameChanged=false configChanged=false displayChanged=false
04-06 11:23:52.727 17424 17424 I ViewRootImpl@d3fd920[PopupWindow:b18b023]: handleResized mSyncSeqId = 0
04-06 11:23:52.727 17424 17424 I ViewRootImpl@d3fd920[PopupWindow:b18b023]: reportNextDraw android.view.ViewRootImpl.handleResized:2450 android.view.ViewRootImpl.-$$Nest$mhandleResized:0 android.view.ViewRootImpl$ViewRootHandler.handleMessageImpl:6728 android.view.ViewRootImpl$ViewRootHandler.handleMessage:6697 android.os.Handler.dispatchMessage:106 
04-06 11:23:52.727 17424 17424 I ViewRootImpl@ac0a76d[MainActivity]: MSG_WINDOW_FOCUS_CHANGED 1 0
04-06 11:23:52.727 17424 17424 I ViewRootImpl@ac0a76d[MainActivity]: mThreadedRenderer.initializeIfNeeded()#2 mSurface={isValid=true 0xb4000070a6e07000}
04-06 11:23:52.728 17424 17424 W unknown:BridgelessReact: ReactHost{0}.raiseSoftException(onWindowFocusChange(hasFocus = "true")): Tried to access onWindowFocusChange while context is not ready
04-06 11:23:52.729 17424 17424 E unknown:ReactHost: Unhandled SoftException
04-06 11:23:52.729 17424 17424 E unknown:ReactHost: com.facebook.react.bridge.ReactNoCrashSoftException: raiseSoftException(onWindowFocusChange(hasFocus = "true")): Tried to access onWindowFocusChange while context is not ready
04-06 11:23:52.729 17424 17424 E unknown:ReactHost: 	at com.facebook.react.runtime.ReactHostImpl.raiseSoftException(ReactHostImpl.kt:861)
04-06 11:23:52.729 17424 17424 E unknown:ReactHost: 	at com.facebook.react.runtime.ReactHostImpl.raiseSoftException$default(ReactHostImpl.kt:852)
04-06 11:23:52.729 17424 17424 E unknown:ReactHost: 	at com.facebook.react.runtime.ReactHostImpl.onWindowFocusChange(ReactHostImpl.kt:625)
04-06 11:23:52.729 17424 17424 E unknown:ReactHost: 	at com.facebook.react.ReactDelegate.onWindowFocusChanged(ReactDelegate.kt:232)
04-06 11:23:52.729 17424 17424 E unknown:ReactHost: 	at com.facebook.react.ReactActivityDelegate.onWindowFocusChanged(ReactActivityDelegate.java:237)
04-06 11:23:52.729 17424 17424 E unknown:ReactHost: 	at expo.modules.ReactActivityDelegateWrapper$onWindowFocusChanged$1.invokeSuspend(ReactActivityDelegateWrapper.kt:320)
04-06 11:23:52.729 17424 17424 E unknown:ReactHost: 	at expo.modules.ReactActivityDelegateWrapper$onWindowFocusChanged$1.invoke(Unknown Source:8)
04-06 11:23:52.729 17424 17424 E unknown:ReactHost: 	at expo.modules.ReactActivityDelegateWrapper$onWindowFocusChanged$1.invoke(Unknown Source:4)
04-06 11:23:52.729 17424 17424 E unknown:ReactHost: 	at expo.modules.ReactActivityDelegateWrapper$launchLifecycleScopeWithLock$1.invokeSuspend(ReactActivityDelegateWrapper.kt:452)
04-06 11:23:52.729 17424 17424 E unknown:ReactHost: 	at kotlin.coroutines.jvm.internal.BaseContinuationImpl.resumeWith(ContinuationImpl.kt:33)
04-06 11:23:52.729 17424 17424 E unknown:ReactHost: 	at kotlinx.coroutines.internal.DispatchedContinuationKt.resumeCancellableWith(DispatchedContinuation.kt:375)
04-06 11:23:52.729 17424 17424 E unknown:ReactHost: 	at kotlinx.coroutines.intrinsics.CancellableKt.startCoroutineCancellable(Cancellable.kt:26)
04-06 11:23:52.729 17424 17424 E unknown:ReactHost: 	at kotlinx.coroutines.CoroutineStart.invoke(CoroutineStart.kt:358)
04-06 11:23:52.729 17424 17424 E unknown:ReactHost: 	at kotlinx.coroutines.AbstractCoroutine.start(AbstractCoroutine.kt:134)
04-06 11:23:52.729 17424 17424 E unknown:ReactHost: 	at kotlinx.coroutines.BuildersKt__Builders_commonKt.launch(Builders.common.kt:53)
04-06 11:23:52.729 17424 17424 E unknown:ReactHost: 	at kotlinx.coroutines.BuildersKt.launch(Unknown Source:1)
04-06 11:23:52.729 17424 17424 E unknown:ReactHost: 	at kotlinx.coroutines.BuildersKt__Builders_commonKt.launch$default(Builders.common.kt:44)
04-06 11:23:52.729 17424 17424 E unknown:ReactHost: 	at kotlinx.coroutines.BuildersKt.launch$default(Unknown Source:1)
04-06 11:23:52.729 17424 17424 E unknown:ReactHost: 	at expo.modules.ReactActivityDelegateWrapper.launchLifecycleScopeWithLock(ReactActivityDelegateWrapper.kt:450)
04-06 11:23:52.729 17424 17424 E unknown:ReactHost: 	at expo.modules.ReactActivityDelegateWrapper.launchLifecycleScopeWithLock$default(ReactActivityDelegateWrapper.kt:446)
04-06 11:23:52.729 17424 17424 E unknown:ReactHost: 	at expo.modules.ReactActivityDelegateWrapper.onWindowFocusChanged(ReactActivityDelegateWrapper.kt:318)
04-06 11:23:52.729 17424 17424 E unknown:ReactHost: 	at com.facebook.react.ReactActivity.onWindowFocusChanged(ReactActivity.java:158)
04-06 11:23:52.729 17424 17424 E unknown:ReactHost: 	at androidx.appcompat.view.WindowCallbackWrapper.onWindowFocusChanged(WindowCallbackWrapper.java:124)
04-06 11:23:52.729 17424 17424 E unknown:ReactHost: 	at com.android.internal.policy.DecorView.onWindowFocusChanged(DecorView.java:2710)
04-06 11:23:52.729 17424 17424 E unknown:ReactHost: 	at android.view.View.dispatchWindowFocusChanged(View.java:15817)
04-06 11:23:52.729 17424 17424 E unknown:ReactHost: 	at android.view.ViewGroup.dispatchWindowFocusChanged(ViewGroup.java:1512)
04-06 11:23:52.729 17424 17424 E unknown:ReactHost: 	at android.view.ViewRootImpl.handleWindowFocusChanged(ViewRootImpl.java:4678)
04-06 11:23:52.729 17424 17424 E unknown:ReactHost: 	at android.view.ViewRootImpl.-$$Nest$mhandleWindowFocusChanged(Unknown Source:0)
04-06 11:23:52.729 17424 17424 E unknown:ReactHost: 	at android.view.ViewRootImpl$ViewRootHandler.handleMessageImpl(ViewRootImpl.java:6788)
04-06 11:23:52.729 17424 17424 E unknown:ReactHost: 	at android.view.ViewRootImpl$ViewRootHandler.handleMessage(ViewRootImpl.java:6697)
04-06 11:23:52.729 17424 17424 E unknown:ReactHost: 	at android.os.Handler.dispatchMessage(Handler.java:106)
04-06 11:23:52.729 17424 17424 E unknown:ReactHost: 	at android.os.Looper.loopOnce(Looper.java:226)
04-06 11:23:52.729 17424 17424 E unknown:ReactHost: 	at android.os.Looper.loop(Looper.java:313)
04-06 11:23:52.729 17424 17424 E unknown:ReactHost: 	at android.app.ActivityThread.main(ActivityThread.java:8762)
04-06 11:23:52.729 17424 17424 E unknown:ReactHost: 	at java.lang.reflect.Method.invoke(Native Method)
04-06 11:23:52.729 17424 17424 E unknown:ReactHost: 	at com.android.internal.os.RuntimeInit$MethodAndArgsCaller.run(RuntimeInit.java:604)
04-06 11:23:52.729 17424 17424 E unknown:ReactHost: 	at com.android.internal.os.ZygoteInit.main(ZygoteInit.java:1067)
04-06 11:23:52.729 17424 17424 D InputMethodManager: startInputInner - Id : 0
04-06 11:23:52.729 17424 17424 I InputMethodManager: startInputInner - mService.startInputOrWindowGainedFocus
04-06 11:23:52.735 17424 17424 D InputMethodManager: startInputInner - Id : 0
04-06 11:23:52.738 17424 17424 I ViewRootImpl@d3fd920[PopupWindow:b18b023]: Setup new sync id=1
04-06 11:23:52.738 17424 17424 I ViewRootImpl@d3fd920[PopupWindow:b18b023]: Setting syncFrameCallback
04-06 11:23:52.738 17424 17424 I ViewRootImpl@d3fd920[PopupWindow:b18b023]: registerCallbacksForSync syncBuffer=false
04-06 11:23:52.739 17424 17539 I ViewRootImpl@d3fd920[PopupWindow:b18b023]: Received frameDrawingCallback syncResult=0 frameNum=3.
04-06 11:23:52.739 17424 17539 I ViewRootImpl@d3fd920[PopupWindow:b18b023]: Setting up sync and frameCommitCallback
04-06 11:23:52.746 17424 17512 I ViewRootImpl@d3fd920[PopupWindow:b18b023]: Received frameCommittedCallback lastAttemptedDrawFrameNum=3 didProduceBuffer=true
04-06 11:23:52.746 17424 17424 I ViewRootImpl@d3fd920[PopupWindow:b18b023]: onSyncComplete
04-06 11:23:52.746 17424 17424 I ViewRootImpl@d3fd920[PopupWindow:b18b023]: setupSync seqId=0 mSyncId=1 fn=3 caller=android.view.ViewRootImpl$$ExternalSyntheticLambda11.accept:6 android.window.SurfaceSyncer.lambda$setupSync$1$android-window-SurfaceSyncer:128 android.window.SurfaceSyncer$$ExternalSyntheticLambda1.accept:8 android.window.SurfaceSyncer$SyncSet.checkIfSyncIsComplete:382 android.window.SurfaceSyncer$SyncSet.markSyncReady:359 android.window.SurfaceSyncer.markSyncReady:151 android.view.ViewRootImpl.performTraversals:4503 
04-06 11:23:52.746 17424 17424 I ViewRootImpl@d3fd920[PopupWindow:b18b023]: reportDrawFinished seqId=0 mSyncId=-1 fn=3 mSurfaceChangedTransaction=0xb4000070a0cb2a00
04-06 11:23:53.018 17424 17512 D OpenGLRenderer: setSurface called with nullptr
04-06 11:23:53.018 17424 17512 D OpenGLRenderer: setSurface() destroyed EGLSurface
04-06 11:23:53.018 17424 17537 D Detox.RNMarker: DOWNLOAD_END ({"url":"http:\/\/localhost:8081\/.expo\/.virtual-metro-entry.bundle?platform=android&dev=true&lazy=true&minify=false&app=com.evolucao.app&modulesOnly=false&runModule=true&excludeSource=true&sourcePaths=url-server","filesChangedCount":0})
04-06 11:23:53.018 17424 17512 D OpenGLRenderer: destroyEglSurface
04-06 11:23:53.018 17424 17537 W unknown:BridgelessReact: ReactHost{0}.loadJSBundleFromMetro(): Creating BundleLoader
04-06 11:23:53.019 17424 17536 W unknown:BridgelessReact: ReactHost{0}.getOrCreateReactInstanceTask(): Creating BridgelessReactContext
04-06 11:23:53.019 17424 17424 I ViewRootImpl@d3fd920[PopupWindow:b18b023]: dispatchDetachedFromWindow
04-06 11:23:53.021 17424 17536 W unknown:BridgelessReact: ReactHost{0}.getOrCreateReactInstanceTask(): Creating ReactInstance
04-06 11:23:53.023 17424 17424 D InputTransport: Input channel destroyed: '6247eec', fd=123
04-06 11:23:53.029 17424 17537 D TrafficStats: tagSocket(129) with statsTag=0xffffffff, statsUid=-1
04-06 11:23:53.032 17424 17536 D jni_lib_merge: Entering merged library JNI_OnLoad.
04-06 11:23:53.032 17424 17536 D jni_lib_merge: Preparing 4 pre-merged libs (including stub)
04-06 11:23:53.032 17424 17536 D jni_lib_merge: Preparing to register libhermes_executor_so.  onload_func: 0x70135adfa4
04-06 11:23:53.032 17424 17536 D jni_lib_merge: Preparing to register libhermesinstancejni_so.  onload_func: 0x70135e78b4
04-06 11:23:53.032 17424 17536 D jni_lib_merge: Preparing to register libjsijniprofiler_so.  onload_func: 0x70135e98f8
04-06 11:23:53.032 17424 17536 D jni_lib_merge: About to register 3 actual methods.
04-06 11:23:53.135 17424 17536 I ExpoModulesCore: ✅ AppContext was initialized
04-06 11:23:53.171 17424 17536 W unknown:BridgelessReact: ReactHost{0}.getOrCreateReactInstanceTask(): Loading JS Bundle
04-06 11:23:53.171 17424 17536 W unknown:BridgelessReact: ReactHost{0}.getOrCreateReactInstanceTask(): DevSupportManager.onNewReactContextCreated()
04-06 11:23:53.174 17424 17424 W unknown:ReactNative: Packager connection already open, nooping.
04-06 11:23:53.175 17424 17424 W unknown:BridgelessReact: ReactHost{0}.ReactContext.onHostResume()
04-06 11:23:53.175 17424 17558 D Detox.RNMarker: RUN_JS_BUNDLE_START (/.virtual-metro-entry.bundle?platform=android&dev=true&lazy=true&minify=false&app=com.evolucao.app&modulesOnly=false&runModule=true&excludeSource=true&sourcePaths=url-server)
04-06 11:23:53.176 17424 17536 W unknown:BridgelessReact: ReactHost{0}.startSurface(surfaceId = 0): Execute
04-06 11:23:53.179 17424 17424 W unknown:BridgelessReact: ReactHost{0}.getOrCreateReactInstanceTask(): Executing ReactInstanceEventListeners
04-06 11:23:53.179 17424 17424 I DetoxRNLoading: Got new RN-context through listener
04-06 11:23:53.180 17424 17484 I DetoxRNIdleRes: Setting up Espresso Idling Resources for React Native
04-06 11:23:53.188 17424 17424 D DetoxRNHelpers: Native RN module resolution (class com.reactnativecommunity.asyncstorage.AsyncStorageModule): no registered module found
04-06 11:23:53.188 17424 17484 D IdlingRegistry: Registering idling resources: [com.wix.detox.reactnative.idlingresources.uimodule.fabric.FabricUIManagerIdlingResources@8bb8100]
04-06 11:23:53.188 17424 17484 D IdlingRegistry: Registering idling resources: [com.wix.detox.reactnative.idlingresources.animations.AnimatedModuleIdlingResource@f241d39]
04-06 11:23:53.188 17424 17484 D IdlingRegistry: Registering idling resources: [com.wix.detox.reactnative.idlingresources.timers.FabricTimersIdlingResource@65dff7e]
04-06 11:23:53.188 17424 17484 D IdlingRegistry: Registering idling resources: [com.wix.detox.reactnative.idlingresources.network.NetworkIdlingResource@3525cdf]
04-06 11:23:53.188 17424 17484 D IdlingRegistry: Registering idling resources: [com.wix.detox.reactnative.idlingresources.StabilizedIdlingResource@5d7ad2c]
04-06 11:23:53.206 17424 17559 W om.evolucao.app: Accessing hidden method Landroid/os/MessageQueue;->next()Landroid/os/Message; (unsupported, reflection, allowed)
04-06 11:23:53.206 17424 17559 W om.evolucao.app: Accessing hidden field Landroid/os/MessageQueue;->mMessages:Landroid/os/Message; (unsupported, reflection, allowed)
04-06 11:23:53.206 17424 17559 W om.evolucao.app: Accessing hidden method Landroid/os/Message;->recycleUnchecked()V (unsupported, reflection, allowed)
04-06 11:23:53.358 17424 17424 D DetoxRNHelpers: Native RN module resolution (class com.reactnativecommunity.asyncstorage.AsyncStorageModule): no registered module found
04-06 11:23:53.359 17424 17496 W om.evolucao.app: Long monitor contention with owner Instr: androidx.test.runner.AndroidJUnitRunner (17484) at void com.wix.detox.DetoxMain.launchActivityOnCue(android.content.Context, com.wix.detox.ActivityLaunchHelper)(DetoxMain.kt:53) waiters=0 in void com.wix.detox.DetoxMain$setupActionHandlers$SynchronizedActionHandler.handle(java.lang.String, long) for 922ms
04-06 11:23:53.435 17424 17559 I WebViewFactory: Loading com.google.android.webview version 146.0.7680.164 (code 768016403)
04-06 11:23:53.437 17424 17559 D ApplicationLoaders: Returning zygote-cached class loader: /system/framework/android.test.base.jar
04-06 11:23:53.442 17424 17559 D nativeloader: Configuring classloader-namespace for other apk /data/app/~~23ppwVuk64Fm9vdWCRWMMw==/com.google.android.webview-FPIphznatdLDx2VBYoD68A==/base.apk. target_sdk_version=36, uses_libraries=, library_path=/data/app/~~23ppwVuk64Fm9vdWCRWMMw==/com.google.android.webview-FPIphznatdLDx2VBYoD68A==/lib/arm64:/data/app/~~23ppwVuk64Fm9vdWCRWMMw==/com.google.android.webview-FPIphznatdLDx2VBYoD68A==/base.apk!/lib/arm64-v8a, permitted_path=/data:/mnt/expand
04-06 11:23:53.453 17424 17559 I cr_WVCFactoryProvider: version=146.0.7680.164 (768016403) minSdkVersion=29 multiprocess=true packageId=127 splits=<none>
04-06 11:23:53.459 17424 17572 I chromium: [0406/112353.459263:INFO:android_webview/browser/variations/variations_seed_loader.cc:67] Failed to open file for reading.: No such file or directory (2)
04-06 11:23:53.459 17424 17572 I chromium: [0406/112353.459413:INFO:android_webview/browser/variations/variations_seed_loader.cc:67] Failed to open file for reading.: No such file or directory (2)
04-06 11:23:53.463 17424 17559 I cr_LibraryLoader: Successfully loaded native library
04-06 11:23:53.464 17424 17559 I cr_CachingUmaRecorder: Flushed 16 samples from 16 histograms, 0 samples were dropped.
04-06 11:23:53.481 17424 17575 D TrafficStats: tagSocket(143) with statsTag=0xffffffff, statsUid=-1
04-06 11:23:53.483 17424 17575 D TrafficStats: tagSocket(143) with statsTag=0xffffffff, statsUid=-1
04-06 11:23:53.488 17424 17558 W BridgelessReactContext: [WARNING] Bridgeless doesn't support CatalystInstance. Accessing an API that's not part of the new architecture is not encouraged usage.
04-06 11:23:53.494 17424 17558 I ExpoModulesCore: ✅ JSI interop was installed
04-06 11:23:53.498 17424 17558 I ExpoModulesCore: ✅ Constants were exported
04-06 11:23:53.543 17424 17558 W unknown:ViewManagerPropertyUpdater: Could not find generated setter for class com.th3rdwave.safeareacontext.SafeAreaProviderManager
04-06 11:23:53.546 17424 17558 W unknown:ViewManagerPropertyUpdater: Could not find generated setter for class com.facebook.react.uimanager.LayoutShadowNode
04-06 11:23:53.548 17424 17558 W unknown:ViewManagerPropertyUpdater: Could not find generated setter for class com.swmansion.rnscreens.SearchBarManager
04-06 11:23:53.548 17424 17558 W unknown:ViewManagerPropertyUpdater: Could not find generated setter for class com.swmansion.rnscreens.ScreenFooterManager
04-06 11:23:53.549 17424 17558 W unknown:ViewManagerPropertyUpdater: Could not find generated setter for class com.swmansion.rnscreens.gamma.tabs.TabScreenViewManager
04-06 11:23:53.550 17424 17558 W unknown:ViewManagerPropertyUpdater: Could not find generated setter for class expo.modules.kotlin.views.GroupViewManagerWrapper
04-06 11:23:53.551 17424 17558 W unknown:ViewManagerPropertyUpdater: Could not find generated setter for class com.swmansion.rnscreens.ScreenContainerViewManager
04-06 11:23:53.552 17424 17558 W unknown:ViewManagerPropertyUpdater: Could not find generated setter for class com.swmansion.rnscreens.gamma.tabs.TabsHostViewManager
04-06 11:23:53.553 17424 17558 W unknown:ViewManagerPropertyUpdater: Could not find generated setter for class com.swmansion.rnscreens.ModalScreenViewManager
04-06 11:23:53.554 17424 17558 W unknown:ViewManagerPropertyUpdater: Could not find generated setter for class com.swmansion.rnscreens.ScreenStackHeaderConfigViewManager
04-06 11:23:53.555 17424 17558 W unknown:ViewManagerPropertyUpdater: Could not find generated setter for class com.swmansion.rnscreens.ScreenContentWrapperManager
04-06 11:23:53.555 17424 17558 W unknown:ViewManagerPropertyUpdater: Could not find generated setter for class com.th3rdwave.safeareacontext.SafeAreaViewManager
04-06 11:23:53.557 17424 17558 W unknown:ViewManagerPropertyUpdater: Could not find generated setter for class com.th3rdwave.safeareacontext.SafeAreaViewShadowNode
04-06 11:23:53.557 17424 17558 W unknown:ViewManagerPropertyUpdater: Could not find generated setter for class com.swmansion.rnscreens.safearea.SafeAreaViewManager
04-06 11:23:53.558 17424 17558 W unknown:ViewManagerPropertyUpdater: Could not find generated setter for class com.swmansion.rnscreens.safearea.paper.SafeAreaViewShadowNode
04-06 11:23:53.558 17424 17558 W unknown:ViewManagerPropertyUpdater: Could not find generated setter for class com.swmansion.rnscreens.ScreenViewManager
04-06 11:23:53.558 17424 17558 W unknown:ViewManagerPropertyUpdater: Could not find generated setter for class com.swmansion.rnscreens.gamma.stack.host.StackHostViewManager
04-06 11:23:53.559 17424 17558 W unknown:ViewManagerPropertyUpdater: Could not find generated setter for class com.swmansion.rnscreens.ScreenStackHeaderSubviewManager
04-06 11:23:53.559 17424 17558 W unknown:ViewManagerPropertyUpdater: Could not find generated setter for class com.swmansion.rnscreens.gamma.stack.screen.StackScreenViewManager
04-06 11:23:53.559 17424 17558 W unknown:ViewManagerPropertyUpdater: Could not find generated setter for class com.swmansion.rnscreens.ScreenStackViewManager
04-06 11:23:53.634 17424 17558 W unknown:ViewManagerPropertyUpdater: Could not find generated setter for class com.facebook.react.views.debuggingoverlay.DebuggingOverlayManager
04-06 11:23:53.639 17424 17558 W unknown:ViewManagerPropertyUpdater: Could not find generated setter for class com.swmansion.gesturehandler.react.RNGestureHandlerButtonViewManager
04-06 11:23:53.644 17424 17558 W unknown:ViewManagerPropertyUpdater: Could not find generated setter for class com.facebook.react.views.safeareaview.ReactSafeAreaViewManager
04-06 11:23:53.648 17424 17558 W unknown:ViewManagerPropertyUpdater: Could not find generated setter for class com.facebook.react.views.modal.ReactModalHostManager
04-06 11:23:53.654 17424 17558 W unknown:ViewManagerPropertyUpdater: Could not find generated setter for class com.facebook.react.views.text.frescosupport.FrescoBasedReactTextInlineImageViewManager
04-06 11:23:53.654 17424 17558 W unknown:ViewManagerPropertyUpdater: Could not find generated setter for class com.facebook.react.views.text.frescosupport.FrescoBasedReactTextInlineImageShadowNode
04-06 11:23:53.659 17424 17558 W unknown:ViewManagerPropertyUpdater: Could not find generated setter for class com.facebook.react.views.progressbar.ReactProgressBarViewManager
04-06 11:23:53.659 17424 17558 W unknown:ViewManagerPropertyUpdater: Could not find generated setter for class com.facebook.react.views.progressbar.ProgressBarShadowNode
04-06 11:23:53.665 17424 17558 W unknown:ViewManagerPropertyUpdater: Could not find generated setter for class com.facebook.react.views.scroll.ReactHorizontalScrollViewManager
04-06 11:23:53.671 17424 17558 W unknown:ViewManagerPropertyUpdater: Could not find generated setter for class com.facebook.react.views.image.ReactImageManager
04-06 11:23:53.678 17424 17558 W unknown:ViewManagerPropertyUpdater: Could not find generated setter for class com.facebook.react.views.text.ReactTextViewManager
04-06 11:23:53.678 17424 17558 W unknown:ViewManagerPropertyUpdater: Could not find generated setter for class com.facebook.react.views.text.ReactTextShadowNode
04-06 11:23:53.685 17424 17558 W unknown:ViewManagerPropertyUpdater: Could not find generated setter for class com.facebook.react.views.scroll.ReactHorizontalScrollContainerViewManager
04-06 11:23:53.690 17424 17558 W unknown:ViewManagerPropertyUpdater: Could not find generated setter for class com.facebook.react.views.unimplementedview.ReactUnimplementedViewManager
04-06 11:23:53.695 17424 17558 W unknown:ViewManagerPropertyUpdater: Could not find generated setter for class com.facebook.react.views.scroll.ReactScrollViewManager
04-06 11:23:53.701 17424 17558 W unknown:ViewManagerPropertyUpdater: Could not find generated setter for class com.facebook.react.views.view.ReactViewManager
04-06 11:23:53.707 17424 17558 W unknown:ViewManagerPropertyUpdater: Could not find generated setter for class com.facebook.react.views.drawer.ReactDrawerLayoutManager
04-06 11:23:53.712 17424 17558 W unknown:ViewManagerPropertyUpdater: Could not find generated setter for class com.facebook.react.views.switchview.ReactSwitchManager
04-06 11:23:53.713 17424 17558 W unknown:ViewManagerPropertyUpdater: Could not find generated setter for class com.facebook.react.views.switchview.ReactSwitchShadowNode
04-06 11:23:53.718 17424 17558 W unknown:ViewManagerPropertyUpdater: Could not find generated setter for class com.facebook.react.views.swiperefresh.SwipeRefreshLayoutManager
04-06 11:23:53.725 17424 17558 W unknown:ViewManagerPropertyUpdater: Could not find generated setter for class com.facebook.react.views.textinput.ReactTextInputManager
04-06 11:23:53.726 17424 17558 W unknown:ViewManagerPropertyUpdater: Could not find generated setter for class com.facebook.react.views.textinput.ReactTextInputShadowNode
04-06 11:23:53.733 17424 17558 W unknown:ViewManagerPropertyUpdater: Could not find generated setter for class com.swmansion.gesturehandler.react.RNGestureHandlerRootViewManager
04-06 11:23:53.762 17424 17575 D TrafficStats: tagSocket(145) with statsTag=0xffffffff, statsUid=-1
04-06 11:23:53.940 17424 17558 V AsyncStorageExpoMigration: No scoped database found
04-06 11:23:54.110 17424 17558 D Detox.RNMarker: RUN_JS_BUNDLE_END (/.virtual-metro-entry.bundle?platform=android&dev=true&lazy=true&minify=false&app=com.evolucao.app&modulesOnly=false&runModule=true&excludeSource=true&sourcePaths=url-server)
04-06 11:23:54.112 17424 17558 I ReactNativeJS: Running "main" with {"rootTag":1,"initialProps":{},"fabric":true}
04-06 11:23:54.188 17424 17591 D TrafficStats: tagSocket(133) with statsTag=0xffffffff, statsUid=-1
04-06 11:23:54.318 17424 17424 I DecorView: notifyKeepScreenOnChanged: keepScreenOn=true
04-06 11:23:54.329 17424 17424 D Detox.RNMarker: CONTENT_APPEARED (main)
04-06 11:23:54.333 17424 17424 I ViewRootImpl@ac0a76d[MainActivity]: performTraversals params={(0,0)(fillxfill) sim={adjust=resize} layoutInDisplayCutoutMode=always ty=BASE_APPLICATION wanim=0x1030309
04-06 11:23:54.333 17424 17424 I ViewRootImpl@ac0a76d[MainActivity]:   fl=81810180
04-06 11:23:54.333 17424 17424 I ViewRootImpl@ac0a76d[MainActivity]:   pfl=16020040
04-06 11:23:54.333 17424 17424 I ViewRootImpl@ac0a76d[MainActivity]:   vsysui=100
04-06 11:23:54.333 17424 17424 I ViewRootImpl@ac0a76d[MainActivity]:   bhv=DEFAULT
04-06 11:23:54.333 17424 17424 I ViewRootImpl@ac0a76d[MainActivity]:   fitSides= naviIconColor=0}
04-06 11:23:54.334 17424 17424 I ViewRootImpl@ac0a76d[MainActivity]: performTraversals mFirst=false windowShouldResize=false viewVisibilityChanged=false mForceNextWindowRelayout=false params={(0,0)(fillxfill) sim={adjust=resize} layoutInDisplayCutoutMode=always ty=BASE_APPLICATION wanim=0x1030309
04-06 11:23:54.334 17424 17424 I ViewRootImpl@ac0a76d[MainActivity]:   fl=81810180
04-06 11:23:54.334 17424 17424 I ViewRootImpl@ac0a76d[MainActivity]:   pfl=16020040
04-06 11:23:54.334 17424 17424 I ViewRootImpl@ac0a76d[MainActivity]:   vsysui=100
04-06 11:23:54.334 17424 17424 I ViewRootImpl@ac0a76d[MainActivity]:   bhv=DEFAULT
04-06 11:23:54.334 17424 17424 I ViewRootImpl@ac0a76d[MainActivity]:   fitSides= naviIconColor=0}
04-06 11:23:54.342 17424 17424 I ViewRootImpl@ac0a76d[MainActivity]: updateBlastSurfaceIfNeeded mBlastBufferQueue=0xb4000070c2c34c00 isSameSurfaceControl=true
04-06 11:23:54.343 17424 17424 I BLASTBufferQueue: update, w= 1080 h= 2400 mName = ViewRootImpl@ac0a76d[MainActivity] mNativeObject= 0xb4000070c2c34c00 sc.mNativeObject= 0xb4000070a6ec6e40 format= -1 caller= android.view.ViewRootImpl.updateBlastSurfaceIfNeeded:2898 android.view.ViewRootImpl.relayoutWindow:9847 android.view.ViewRootImpl.performTraversals:3884 android.view.ViewRootImpl.doTraversal:3116 android.view.ViewRootImpl$TraversalRunnable.run:10885 android.view.Choreographer$CallbackRecord.run:1301 
04-06 11:23:54.343 17424 17424 I ViewRootImpl@ac0a76d[MainActivity]: Relayout returned: old=(0,0,1080,2400) new=(0,0,1080,2400) req=(1080,2400)0 dur=8 res=0x0 s={true 0xb4000070a6e07000} ch=false seqId=0
04-06 11:23:54.535 17424 17443 I om.evolucao.app: Compiler allocated 4177KB to compile void android.widget.TextView.<init>(android.content.Context, android.util.AttributeSet, int, int)
04-06 11:23:54.556 17424 17558 D Detox.RNMarker: REACT_BRIDGELESS_LOADING_END (null)
04-06 11:23:54.556 17424 17424 D CompatibilityChangeReporter: Compat change id reported: 171228096; UID 10517; state: ENABLED
04-06 11:23:54.558 17424 17424 D ScrollView: initGoToTop
04-06 11:23:54.559 17424 17424 W om.evolucao.app: Accessing hidden field Landroid/widget/ScrollView;->mScroller:Landroid/widget/OverScroller; (unsupported, reflection, allowed)
04-06 11:23:54.567 17424 17558 I ReactNativeJS: '[ANALYTICS]', 'app_opened', { event: 'app_opened',
04-06 11:23:54.567 17424 17558 I ReactNativeJS:   eventId: '1775485434562_468a7bedd5517',
04-06 11:23:54.567 17424 17558 I ReactNativeJS:   appVersion: '1.0.0',
04-06 11:23:54.567 17424 17558 I ReactNativeJS:   category: 'engagement',
04-06 11:23:54.567 17424 17558 I ReactNativeJS:   userId: 'anonymous',
04-06 11:23:54.567 17424 17558 I ReactNativeJS:   timestamp: 1775485434561,
04-06 11:23:54.567 17424 17558 I ReactNativeJS:   timestampIso: '2026-04-06T14:23:54.561Z',
04-06 11:23:54.567 17424 17558 I ReactNativeJS:   screen: 'App',
04-06 11:23:54.567 17424 17558 I ReactNativeJS:   sessionId: 'session-1775485434346-bb6d3860ee71b',
04-06 11:23:54.567 17424 17558 I ReactNativeJS:   flowId: 'session-1775485434346-bb6d3860ee71b',
04-06 11:23:54.567 17424 17558 I ReactNativeJS:   meta: 
04-06 11:23:54.567 17424 17558 I ReactNativeJS:    { domain: 'engagement',
04-06 11:23:54.567 17424 17558 I ReactNativeJS:      version: 1,
04-06 11:23:54.567 17424 17558 I ReactNativeJS:      dayKey: '2026-04-06',
04-06 11:23:54.567 17424 17558 I ReactNativeJS:      isFirstOpenOfDay: true,
04-06 11:23:54.567 17424 17558 I ReactNativeJS:      category: 'engagement' } }
04-06 11:23:54.573 17424 17424 W [RNScreens]: backTitleFontFamily prop is not available on Android
04-06 11:23:54.573 17424 17424 W [RNScreens]: disableBackButtonMenu prop is not available on Android
04-06 11:23:54.573 17424 17424 W [RNScreens]: backTitleVisible prop is not available on Android
04-06 11:23:54.574 17424 17424 W [RNScreens]: topInsetEnabled prop is not available on Android
04-06 11:23:54.574 17424 17424 W [RNScreens]: largeTitleHideShadow prop is not available on Android
04-06 11:23:54.574 17424 17424 W [RNScreens]: largeTitleFontWeight prop is not available on Android
04-06 11:23:54.574 17424 17424 W [RNScreens]: userInterfaceStyle prop is not available on Android
04-06 11:23:54.574 17424 17424 W [RNScreens]: largeTitleFontFamily prop is not available on Android
04-06 11:23:54.583 17424 17512 D OpenGLRenderer: setSurface called with nu