--------- beginning of main
04-06 13:22:55.294  4216  4216 W Choreographer: Frame time is 0.042768 ms in the future!  Check that graphics HAL is generating vsync timestamps using the correct timebase.
04-06 13:22:56.760  4216  4309 D NativeCustomFrequencyManager: [NativeCFMS] BpCustomFrequencyManager::BpCustomFrequencyManager()
04-06 13:22:56.765  4216  4216 D InsetsController: onStateChanged: InsetsState: {mDisplayFrame=Rect(0, 0 - 1080, 2400), mDisplayCutout=DisplayCutout{insets=Rect(0, 88 - 0, 0) waterfall=Insets{left=0, top=0, right=0, bottom=0} boundingRect={Bounds=[Rect(0, 0 - 0, 0), Rect(512, 0 - 568, 88), Rect(0, 0 - 0, 0), Rect(0, 0 - 0, 0)]} cutoutPathParserInfo={CutoutPathParserInfo{displayWidth=1080 displayHeight=2400 physicalDisplayWidth=1080 physicalDisplayHeight=2400 density={3.0} cutoutSpec={M 0,0 M 0,10.71963616907435 a 9.280363830925644,9.280363830925644 0 1,0 0,18.56072766185129 a 9.280363830925644,9.280363830925644 0 1,0 0,-18.56072766185129 Z @dp} rotation={0} scale={1.0} physicalPixelDisplaySizeRatio={1.0}}}}, mRoundedCorners=RoundedCorners{[RoundedCorner{position=TopLeft, radius=96, center=Point(96, 96)}, RoundedCorner{position=TopRight, radius=96, center=Point(984, 96)}, RoundedCorner{position=BottomRight, radius=96, center=Point(984, 2304)}, RoundedCorner{position=BottomLeft, radius=96, center=Point(96, 2304)}]}  mRoundedCornerFrame=Rect(0, 0 - 1080, 2400), mPrivacyIndicatorBounds=PrivacyIndicatorBounds {static bounds=Rect(948, 0 - 1080, 88) rotation=0}, mSources= { InsetsSource: {mType=ITYPE_STATUS_BAR, mFrame=[0,0][1080,88], mVisible=true, mInsetsRoundedCornerFrame=false}, InsetsSource: {mType=ITYPE_NAVIGATION_BAR, mFrame=[0,2256][1080,2400], mVisible=true, mInsetsRoundedCornerFrame=false}, InsetsSource: {mType=ITYPE_LEFT_GESTURES, mFrame=[0,0][0,2400], mVisible=true, mInsetsRoundedCornerFrame=false}, InsetsSource: {mType=ITYPE_RIGHT_GESTURES, mFrame=[1080,0][1080,2400], mVisible=true, mInsetsRoundedCornerFrame=false}, InsetsSource: {mType=ITYPE_TOP_MANDATORY_GESTURES, mFrame=[0,0][1080,124], mVisible=true, mInsetsRoundedCornerFrame=false}, InsetsSource: {mType=ITYPE_BOTTOM_MANDATORY_GESTURES, mFrame=[0,2256][1080,2400], mVisible=true, mInsetsRoundedCornerFrame=false}, InsetsSource: {mType=ITYPE_LEFT_DISPLAY_CUTOUT, mFrame=[0,0][-100000,2400], mVisible=true, mInsetsRoundedCornerFrame=false}, InsetsSource: {mType=ITYPE_TOP_DISPLAY_CUTOUT, mFrame=[0,0][1080,88], mVisible=true, mInsetsRoundedCornerFrame=false}, InsetsSource: {mType=ITYPE_RIGHT_DISPLAY_CUTOUT, mFrame=[100000,0][1080,2400], mVisible=true, mInsetsRoundedCornerFrame=false}, InsetsSource: {mType=ITYPE_BOTTOM_DISPLAY_CUTOUT, mFrame=[0,100000][1080,2400], mVisible=true, mInsetsRoundedCornerFrame=false}, InsetsSource: {mType=ITYPE_TOP_TAPPABLE_ELEMENT, mFrame=[0,0][1080,88], mVisible=true, mInsetsRoundedCornerFrame=false}, InsetsSource: {mType=ITYPE_BOTTOM_TAPPABLE_ELEMENT, mFrame=[0,2256][1080,2400], mVisible=true, mInsetsRoundedCornerFrame=false} } host=PopupWindow:a21a7 from=android.view.ViewRootImpl.setView:1732
04-06 13:22:56.767  4216  4216 I ViewRootImpl@8bb6654[PopupWindow:a21a7]: setView = android.widget.PopupWindow$PopupDecorView@9293c0 TM=false
04-06 13:22:56.770  4216  4216 I ViewRootImpl@8bb6654[PopupWindow:a21a7]: performTraversals params={(0,88)(fillxwrap) gr=TOP START CENTER sim={state=unchanged adjust=pan} ty=APPLICATION_PANEL fmt=TRANSLUCENT surfaceInsets=Rect(0, 0 - 0, 0) (manual)
04-06 13:22:56.770  4216  4216 I ViewRootImpl@8bb6654[PopupWindow:a21a7]:   fl=41800008
04-06 13:22:56.770  4216  4216 I ViewRootImpl@8bb6654[PopupWindow:a21a7]:   pfl=42018000
04-06 13:22:56.770  4216  4216 I ViewRootImpl@8bb6654[PopupWindow:a21a7]:   bhv=DEFAULT
04-06 13:22:56.770  4216  4216 I ViewRootImpl@8bb6654[PopupWindow:a21a7]:   fitTypes=STATUS_BARS NAVIGATION_BARS CAPTION_BAR naviIconColor=0
04-06 13:22:56.770  4216  4216 I ViewRootImpl@8bb6654[PopupWindow:a21a7]:   sfl=20000}
04-06 13:22:56.771  4216  4216 I ViewRootImpl@8bb6654[PopupWindow:a21a7]: performTraversals mFirst=true windowShouldResize=true viewVisibilityChanged=false mForceNextWindowRelayout=false params={(0,88)(fillxwrap) gr=TOP START CENTER sim={state=unchanged adjust=pan} ty=APPLICATION_PANEL fmt=TRANSLUCENT surfaceInsets=Rect(0, 0 - 0, 0) (manual)
04-06 13:22:56.771  4216  4216 I ViewRootImpl@8bb6654[PopupWindow:a21a7]:   fl=41800008
04-06 13:22:56.771  4216  4216 I ViewRootImpl@8bb6654[PopupWindow:a21a7]:   pfl=42018000
04-06 13:22:56.771  4216  4216 I ViewRootImpl@8bb6654[PopupWindow:a21a7]:   bhv=DEFAULT
04-06 13:22:56.771  4216  4216 I ViewRootImpl@8bb6654[PopupWindow:a21a7]:   fitTypes=STATUS_BARS NAVIGATION_BARS CAPTION_BAR naviIconColor=0
04-06 13:22:56.771  4216  4216 I ViewRootImpl@8bb6654[PopupWindow:a21a7]:   sfl=20000}
04-06 13:22:56.775  4216  4344 I ViewRootImpl@8bb6654[PopupWindow:a21a7]: Resizing android.view.ViewRootImpl@ded98f9: frame = [0,88][1080,167] reportDraw = true forceLayout = false syncSeqId = 0
04-06 13:22:56.775  4216  4216 I ViewRootImpl@8bb6654[PopupWindow:a21a7]: updateBlastSurfaceIfNeeded mBlastBufferQueue=null isSameSurfaceControl=false
04-06 13:22:56.776  4216  4216 I BLASTBufferQueue: new BLASTBufferQueue, mName= ViewRootImpl@8bb6654[PopupWindow:a21a7] mNativeObject= 0xb4000070a06a9380 sc.mNativeObject= 0xb4000070a70af240 caller= android.view.ViewRootImpl.updateBlastSurfaceIfNeeded:2909 android.view.ViewRootImpl.relayoutWindow:9847 android.view.ViewRootImpl.performTraversals:3884 android.view.ViewRootImpl.doTraversal:3116 android.view.ViewRootImpl$TraversalRunnable.run:10885 android.view.Choreographer$CallbackRecord.run:1301 android.view.Choreographer$CallbackRecord.run:1309 android.view.Choreographer.doCallbacks:923 android.view.Choreographer.doFrame:852 android.view.Choreographer$FrameDisplayEventReceiver.run:1283 
04-06 13:22:56.776  4216  4216 I BLASTBufferQueue: update, w= 1080 h= 79 mName = ViewRootImpl@8bb6654[PopupWindow:a21a7] mNativeObject= 0xb4000070a06a9380 sc.mNativeObject= 0xb4000070a70af240 format= -3 caller= android.graphics.BLASTBufferQueue.<init>:84 android.view.ViewRootImpl.updateBlastSurfaceIfNeeded:2909 android.view.ViewRootImpl.relayoutWindow:9847 android.view.ViewRootImpl.performTraversals:3884 android.view.ViewRootImpl.doTraversal:3116 android.view.ViewRootImpl$TraversalRunnable.run:10885 
04-06 13:22:56.776  4216  4216 I ViewRootImpl@8bb6654[PopupWindow:a21a7]: Relayout returned: old=(0,88,1080,2256) new=(0,88,1080,167) req=(1080,79)0 dur=4 res=0x3 s={true 0xb4000070a0e76800} ch=true seqId=0
04-06 13:22:56.777  4216  4216 I ViewRootImpl@8bb6654[PopupWindow:a21a7]: mThreadedRenderer.initialize() mSurface={isValid=true 0xb4000070a0e76800} hwInitialized=true
04-06 13:22:56.777  4216  4309 D OpenGLRenderer: eglCreateWindowSurface
04-06 13:22:56.778  4216  4216 I ViewRootImpl@8bb6654[PopupWindow:a21a7]: reportNextDraw android.view.ViewRootImpl.performTraversals:4438 android.view.ViewRootImpl.doTraversal:3116 android.view.ViewRootImpl$TraversalRunnable.run:10885 android.view.Choreographer$CallbackRecord.run:1301 android.view.Choreographer$CallbackRecord.run:1309 
04-06 13:22:56.778  4216  4216 I ViewRootImpl@8bb6654[PopupWindow:a21a7]: Setup new sync id=0
04-06 13:22:56.778  4216  4216 I ViewRootImpl@8bb6654[PopupWindow:a21a7]: Setting syncFrameCallback
04-06 13:22:56.778  4216  4216 I ViewRootImpl@8bb6654[PopupWindow:a21a7]: registerCallbacksForSync syncBuffer=false
04-06 13:22:56.780  4216  4343 I ViewRootImpl@8bb6654[PopupWindow:a21a7]: Received frameDrawingCallback syncResult=0 frameNum=1.
04-06 13:22:56.780  4216  4343 I ViewRootImpl@8bb6654[PopupWindow:a21a7]: Setting up sync and frameCommitCallback
04-06 13:22:56.780  4216  4309 I BLASTBufferQueue: [ViewRootImpl@8bb6654[PopupWindow:a21a7]#2](f:0,a:0) onFrameAvailable the first frame is available
04-06 13:22:56.781  4216  4309 I ViewRootImpl@8bb6654[PopupWindow:a21a7]: Received frameCommittedCallback lastAttemptedDrawFrameNum=1 didProduceBuffer=true
04-06 13:22:56.781  4216  4309 D OpenGLRenderer: CFMS:: SetUp Pid : 4216    Tid : 4309
04-06 13:22:56.782  4216  4309 W Parcel  : Expecting binder but got null!
04-06 13:22:56.782  4216  4216 I ViewRootImpl@8bb6654[PopupWindow--------- beginning of main
04-06 13:23:05.240  5080  5080 D nativeloader: Configuring classloader-namespace for other apk /system/framework/android.test.runner.jar:/system/framework/android.test.mock.jar:/system/framework/android.test.base.jar:/data/app/~~pjeNB5NKq4c30IN5ZDiRFg==/com.evolucao.app.test-AKD_3ucEdcMjO12S3hnDyQ==/base.apk:/data/app/~~KE7B04-QMj6ojrD1-PmVyQ==/com.evolucao.app-jpzPVj9mm-Kr9fP-ArJd4Q==/base.apk. target_sdk_version=36, uses_libraries=, library_path=/data/app/~~pjeNB5NKq4c30IN5ZDiRFg==/com.evolucao.app.test-AKD_3ucEdcMjO12S3hnDyQ==/lib/arm64:/data/app/~~KE7B04-QMj6ojrD1-PmVyQ==/com.evolucao.app-jpzPVj9mm-Kr9fP-ArJd4Q==/lib/arm64:/data/app/~~pjeNB5NKq4c30IN5ZDiRFg==/com.evolucao.app.test-AKD_3ucEdcMjO12S3hnDyQ==/base.apk!/lib/arm64-v8a:/data/app/~~KE7B04-QMj6ojrD1-PmVyQ==/com.evolucao.app-jpzPVj9mm-Kr9fP-ArJd4Q==/base.apk!/lib/arm64-v8a, permitted_path=/data:/mnt/expand:/data/user/0/com.evolucao.app
04-06 13:23:05.255  5080  5080 V GraphicsEnvironment: ANGLE Developer option for 'com.evolucao.app' set to: 'default'
04-06 13:23:05.255  5080  5080 V GraphicsEnvironment: ANGLE GameManagerService for com.evolucao.app: false
04-06 13:23:05.255  5080  5080 V GraphicsEnvironment: App is not on the allowlist for updatable production driver.
04-06 13:23:05.260  5080  5080 D ApplicationLoaders: Returning zygote-cached class loader: /system/framework/android.test.base.jar
04-06 13:23:05.262  5080  5080 D nativeloader: Configuring classloader-namespace for other apk /system/framework/android.test.mock.jar. target_sdk_version=36, uses_libraries=ALL, library_path=/data/app/~~pjeNB5NKq4c30IN5ZDiRFg==/com.evolucao.app.test-AKD_3ucEdcMjO12S3hnDyQ==/lib/arm64:/data/app/~~KE7B04-QMj6ojrD1-PmVyQ==/com.evolucao.app-jpzPVj9mm-Kr9fP-ArJd4Q==/lib/arm64, permitted_path=/data:/mnt/expand
04-06 13:23:05.262  5080  5080 D nativeloader: Extending system_exposed_libraries: libhumantracking.arcsoft.so:libPortraitDistortionCorrection.arcsoft.so:libPortraitDistortionCorrectionCali.arcsoft.so:libface_landmark.arcsoft.so:libFacialStickerEngine.arcsoft.so:libveengine.arcsoft.so:lib_pet_detection.arcsoft.so:libhigh_res.arcsoft.so:libimage_enhancement.arcsoft.so:liblow_light_hdr.arcsoft.so:libhigh_dynamic_range.arcsoft.so:libsuperresolution.arcsoft.so:libobjectcapture_jni.arcsoft.so:libobjectcapture_jni.arcsoft.so:libobjectcapture.arcsoft.so:libFacialAttributeDetection.arcsoft.so:libBeauty_v4.camera.samsung.so:libexifa.camera.samsung.so:libjpega.camera.samsung.so:libOpenCv.camera.samsung.so:libVideoClassifier.camera.samsung.so:libtensorflowLite.dynamic_viewing.camera.samsung.so:libImageScreener.camera.samsung.so:libMyFilter.camera.samsung.so:libtflite2.myfilters.camera.samsung.so:libHIDTSnapJNI.camera.samsung.so:libSmartScan.camera.samsung.so:libRectify.camera.samsung.so:libDocRectifyWrapper.camera.samsung.so:libUltraWideDistortionCorrection.camera.
04-06 13:23:05.265  5080  5080 D ApplicationLoaders: Returning zygote-cached class loader: /system/framework/android.test.base.jar
04-06 13:23:05.266  5080  5080 W om.evolucao.app: ClassLoaderContext shared library size mismatch. Expected=0, found=2 (PCL[] | PCL[]{PCL[/system/framework/android.test.base.jar*1628045882]#PCL[/system/framework/android.test.mock.jar*2695051129]})
04-06 13:23:05.267  5080  5080 D nativeloader: Configuring classloader-namespace for other apk /system/framework/android.test.runner.jar. target_sdk_version=36, uses_libraries=ALL, library_path=/data/app/~~pjeNB5NKq4c30IN5ZDiRFg==/com.evolucao.app.test-AKD_3ucEdcMjO12S3hnDyQ==/lib/arm64:/data/app/~~KE7B04-QMj6ojrD1-PmVyQ==/com.evolucao.app-jpzPVj9mm-Kr9fP-ArJd4Q==/lib/arm64, permitted_path=/data:/mnt/expand
04-06 13:23:05.267  5080  5080 D nativeloader: Extending system_exposed_libraries: libhumantracking.arcsoft.so:libPortraitDistortionCorrection.arcsoft.so:libPortraitDistortionCorrectionCali.arcsoft.so:libface_landmark.arcsoft.so:libFacialStickerEngine.arcsoft.so:libveengine.arcsoft.so:lib_pet_detection.arcsoft.so:libhigh_res.arcsoft.so:libimage_enhancement.arcsoft.so:liblow_light_hdr.arcsoft.so:libhigh_dynamic_range.arcsoft.so:libsuperresolution.arcsoft.so:libobjectcapture_jni.arcsoft.so:libobjectcapture_jni.arcsoft.so:libobjectcapture.arcsoft.so:libFacialAttributeDetection.arcsoft.so:libBeauty_v4.camera.samsung.so:libexifa.camera.samsung.so:libjpega.camera.samsung.so:libOpenCv.camera.samsung.so:libVideoClassifier.camera.samsung.so:libtensorflowLite.dynamic_viewing.camera.samsung.so:libImageScreener.camera.samsung.so:libMyFilter.camera.samsung.so:libtflite2.myfilters.camera.samsung.so:libHIDTSnapJNI.camera.samsung.so:libSmartScan.camera.samsung.so:libRectify.camera.samsung.so:libDocRectifyWrapper.camera.samsung.so:libUltraWideDistortionCorrection.camera.
04-06 13:23:05.271  5080  5080 W om.evolucao.app: ClassLoaderContext shared library size mismatch. Expected=0, found=3 (PCL[] | PCL[]{PCL[/system/framework/android.test.base.jar*1628045882]#PCL[/system/framework/android.test.mock.jar*2695051129]#PCL[/system/framework/android.test.runner.jar*2256426886]{PCL[/system/framework/android.test.base.jar*1628045882]#PCL[/system/framework/android.test.mock.jar*2695051129]}};PCL[/system/framework/android.test.runner.jar*2256426886:/system/framework/android.test.mock.jar*2695051129:/system/framework/android.test.base.jar*1628045882:/data/app/~~pjeNB5NKq4c30IN5ZDiRFg==/com.evolucao.app.test-AKD_3ucEdcMjO12S3hnDyQ==/base.apk*2272993428:/data/app/~~pjeNB5NKq4c30IN5ZDiRFg==/com.evolucao.app.test-AKD_3ucEdcMjO12S3hnDyQ==/base.apk!classes2.dex*714357168:/data/app/~~pjeNB5NKq4c30IN5ZDiRFg==/com.evolucao.app.test-AKD_3ucEdcMjO12S3hnDyQ==/base.apk!classes3.dex*1380987315:/data/app/~~pjeNB5NKq4c30IN5ZDiRFg==/com.evolucao.app.test-AKD_3ucEdcMjO12S3hnDyQ==/base.apk!classes4.dex*3771904477:/data/app/~~pjeNB5NKq4c30IN5ZDiRFg==/com.evolucao.app.test-AKD_3ucEdcMjO12S3hnDyQ==/base.apk!classes5.dex*2127157885:/data/app/~~pjeNB5NKq4c30IN5ZDiRFg==/com.evolucao.app.test-AKD_3ucEdcMjO12S3hnDyQ==/base.apk!classes6.dex*971414087:/data/app/~~pjeNB5NKq4c30IN5ZDiRFg==/com.evolucao.app.test-AKD_3ucEdcMjO12S3hnDyQ==/base.apk!classes7.dex*742752503:/data/app/~~pjeNB5NKq4c30IN5ZDiRFg==/com.evolucao.app.test-AKD_3ucEdcMjO12S3hnDyQ==/base.apk!classes8.dex*388434936:/data/app/~~pjeNB5NKq4c30IN5ZDiRFg==/com.evolucao.app.test-AKD_3ucEdcMjO12S3hnDyQ==/base.apk!classes9.dex*209335023:/data/app/~~pjeNB5NKq4c30IN5ZDiRFg==/com.evolucao.app.test-AKD_3ucEdcMjO12S3hnDyQ==/base.apk!classes10.dex*2871199926:/data/app/~~pjeNB5NKq4c30IN5ZDiRFg==/com.evolucao.app.test-AKD_3ucEdcMjO12S3hnDyQ==/base.apk!classes11.dex*3957027005:/data/app/~~pjeNB5NKq4c30IN5ZDiRFg==/com.evolucao.app.test-AKD_3ucEdcMjO12S3hnDyQ==/base.apk!classes12.dex*914099516:/data/app/~~pjeNB5NKq4c30IN5ZDiRFg==/com.evolucao.app.test-AKD_3ucEdcMjO12S3hnDyQ==/base.apk!classes13.dex*4108993750:/data/app/~~pjeNB5NKq4c30IN5ZDiRFg==/com.evolucao.app.test-AKD_3ucEdcMjO12S3hnDyQ==/base.apk!classes14.dex*1632137592:/data/app/~~pjeNB5NKq4c30IN5ZDiRFg==/com.evolucao.app.test-AKD_3ucEdcMjO12S3hnDyQ==/base.apk!classes15.dex*1757943310:/data/app/~~pjeNB5NKq4c30IN5ZDiRFg==/com.evolucao.app.test-AKD_3ucEdcMjO12S3hnDyQ==/base.apk!classes16.dex*931013159:/data/app/~~pjeNB5NKq4c30IN5ZDiRFg==/com.evolucao.app.test-AKD_3ucEdcMjO12S3hnDyQ==/base.apk!classes17.dex*2782462504:/data/app/~~pjeNB5NKq4c30IN5ZDiRFg==/com.evolucao.app.test-AKD_3ucEdcMjO12S3hnDyQ==/base.apk!classes18.dex*3468966139:/data/app/~~pjeNB5NKq4c30IN5ZDiRFg==/com.evolucao.app.test-AKD_3ucEdcMjO12S3hnDyQ==/base.apk!classes19.dex*2267436335:/data/app/~~KE7B04-QMj6ojrD1-PmVyQ==/com.evolucao.app-jpzPVj9mm-Kr9fP-ArJd4Q==/base.apk*198750528:/data/app/~~KE7B04-QMj6ojrD1-PmVyQ==/com.evolucao.app-jpzPVj9mm-Kr9fP-ArJd4Q==/base.apk!classes2.dex*1675103030:/data/app/~~KE7B04-QMj6ojrD1-PmVyQ==/com.evolucao.app-jpzPVj9mm-Kr9fP-ArJd4Q==/base.apk!classes3.dex*1788775668:/data/app/~~KE7B04-QMj6ojrD1-PmVyQ==/com.evolucao.app-jpzPVj9mm-Kr9fP-ArJd4Q==/base.apk!classes4.dex*2572157285:/data/app/~~KE7B04-QMj6ojrD1-PmVyQ==/com.evolucao.app-jpzPVj9mm-Kr9fP-ArJd4Q==/base.apk!classes5.dex*3994030385:/data/app/~~KE7B04-QMj6ojrD1-PmVyQ==/com.evolucao.app-jpzPVj9mm-Kr9fP-ArJd4Q==/base.apk!classes6.dex*1028875939:/data/app/~~KE7B04-QMj6ojrD1-PmVyQ==/com.evolucao.app-jpzPVj9mm-Kr9fP-ArJd4Q==/base.apk!classes7.dex*2113616002:/data/app/~~KE7B04-QMj6ojrD1-PmVyQ==/com.evolucao.app-jpzPVj9mm-Kr9fP-ArJd4Q==/base.apk!classes8.dex*3287389796:/data/app/~~KE7B04-QMj6ojrD1-PmVyQ==/com.evolucao.app-jpzPVj9mm-Kr9fP-ArJd4Q==/base.apk!classes9.dex*2030025819:/data/app/~~KE7B04-QMj6ojrD1-PmVyQ==/com.evolucao.app-jpzPVj9mm-Kr9fP-ArJd4Q==/base.apk!classes10.dex*1917680387:/data/app/~~KE7B04-QMj6ojrD1-PmVyQ==/com.evolucao.app-jpzPVj9mm-Kr9fP-ArJd4Q==/base.apk!classes11.dex*152968521:/data/app/~~KE7B04-QMj6ojrD1-PmVyQ==/com.evolucao.app-jpzPVj9mm-Kr9fP-ArJd4Q==/base.apk!cla
04-06 13:23:05.272  5080  5080 W om.evolucao.app: ClassLoaderContext classpath size mismatch. expected=0, found=1 (PCL[] | PCL[/system/framework/android.test.runner.jar*2256426886]{PCL[/system/framework/android.test.base.jar*1628045882]#PCL[/system/framework/android.test.mock.jar*2695051129]#PCL[/system/framework/android.test.runner.jar*2256426886]{PCL[/system/framework/android.test.base.jar*1628045882]#PCL[/system/framework/android.test.mock.jar*2695051129]}};PCL[/system/framework/android.test.runner.jar*2256426886:/system/framework/android.test.mock.jar*2695051129:/system/framework/android.test.base.jar*1628045882:/data/app/~~pjeNB5NKq4c30IN5ZDiRFg==/com.evolucao.app.test-AKD_3ucEdcMjO12S3hnDyQ==/base.apk*2272993428:/data/app/~~pjeNB5NKq4c30IN5ZDiRFg==/com.evolucao.app.test-AKD_3ucEdcMjO12S3hnDyQ==/base.apk!classes2.dex*714357168:/data/app/~~pjeNB5NKq4c30IN5ZDiRFg==/com.evolucao.app.test-AKD_3ucEdcMjO12S3hnDyQ==/base.apk!classes3.dex*1380987315:/data/app/~~pjeNB5NKq4c30IN5ZDiRFg==/com.evolucao.app.test-AKD_3ucEdcMjO12S3hnDyQ==/base.apk!classes4.dex*3771904477:/data/app/~~pjeNB5NKq4c30IN5ZDiRFg==/com.evolucao.app.test-AKD_3ucEdcMjO12S3hnDyQ==/base.apk!classes5.dex*2127157885:/data/app/~~pjeNB5NKq4c30IN5ZDiRFg==/com.evolucao.app.test-AKD_3ucEdcMjO12S3hnDyQ==/base.apk!classes6.dex*971414087:/data/app/~~pjeNB5NKq4c30IN5ZDiRFg==/com.evolucao.app.test-AKD_3ucEdcMjO12S3hnDyQ==/base.apk!classes7.dex*742752503:/data/app/~~pjeNB5NKq4c30IN5ZDiRFg==/com.evolucao.app.test-AKD_3ucEdcMjO12S3hnDyQ==/base.apk!classes8.dex*388434936:/data/app/~~pjeNB5NKq4c30IN5ZDiRFg==/com.evolucao.app.test-AKD_3ucEdcMjO12S3hnDyQ==/base.apk!classes9.dex*209335023:/data/app/~~pjeNB5NKq4c30IN5ZDiRFg==/com.evolucao.app.test-AKD_3ucEdcMjO12S3hnDyQ==/base.apk!classes10.dex*2871199926:/data/app/~~pjeNB5NKq4c30IN5ZDiRFg==/com.evolucao.app.test-AKD_3ucEdcMjO12S3hnDyQ==/base.apk!classes11.dex*3957027005:/data/app/~~pjeNB5NKq4c30IN5ZDiRFg==/com.evolucao.app.test-AKD_3ucEdcMjO12S3hnDyQ==/base.apk!classes12.dex*914099516:/data/app/~~pjeNB5NKq4c30IN5ZDiRFg==/com.evolucao.app.test-AKD_3ucEdcMjO12S3hnDyQ==/base.apk!classes13.dex*4108993750:/data/app/~~pjeNB5NKq4c30IN5ZDiRFg==/com.evolucao.app.test-AKD_3ucEdcMjO12S3hnDyQ==/base.apk!classes14.dex*1632137592:/data/app/~~pjeNB5NKq4c30IN5ZDiRFg==/com.evolucao.app.test-AKD_3ucEdcMjO12S3hnDyQ==/base.apk!classes15.dex*1757943310:/data/app/~~pjeNB5NKq4c30IN5ZDiRFg==/com.evolucao.app.test-AKD_3ucEdcMjO12S3hnDyQ==/base.apk!classes16.dex*931013159:/data/app/~~pjeNB5NKq4c30IN5ZDiRFg==/com.evolucao.app.test-AKD_3ucEdcMjO12S3hnDyQ==/base.apk!classes17.dex*2782462504:/data/app/~~pjeNB5NKq4c30IN5ZDiRFg==/com.evolucao.app.test-AKD_3ucEdcMjO12S3hnDyQ==/base.apk!classes18.dex*3468966139:/data/app/~~pjeNB5NKq4c30IN5ZDiRFg==/com.evolucao.app.test-AKD_3ucEdcMjO12S3hnDyQ==/base.apk!classes19.dex*2267436335:/data/app/~~KE7B04-QMj6ojrD1-PmVyQ==/com.evolucao.app-jpzPVj9mm-Kr9fP-ArJd4Q==/base.apk*198750528:/data/app/~~KE7B04-QMj6ojrD1-PmVyQ==/com.evolucao.app-jpzPVj9mm-Kr9fP-ArJd4Q==/base.apk!classes2.dex*1675103030:/data/app/~~KE7B04-QMj6ojrD1-PmVyQ==/com.evolucao.app-jpzPVj9mm-Kr9fP-ArJd4Q==/base.apk!classes3.dex*1788775668:/data/app/~~KE7B04-QMj6ojrD1-PmVyQ==/com.evolucao.app-jpzPVj9mm-Kr9fP-ArJd4Q==/base.apk!classes4.dex*2572157285:/data/app/~~KE7B04-QMj6ojrD1-PmVyQ==/com.evolucao.app-jpzPVj9mm-Kr9fP-ArJd4Q==/base.apk!classes5.dex*3994030385:/data/app/~~KE7B04-QMj6ojrD1-PmVyQ==/com.evolucao.app-jpzPVj9mm-Kr9fP-ArJd4Q==/base.apk!classes6.dex*1028875939:/data/app/~~KE7B04-QMj6ojrD1-PmVyQ==/com.evolucao.app-jpzPVj9mm-Kr9fP-ArJd4Q==/base.apk!classes7.dex*2113616002:/data/app/~~KE7B04-QMj6ojrD1-PmVyQ==/com.evolucao.app-jpzPVj9mm-Kr9fP-ArJd4Q==/base.apk!classes8.dex*3287389796:/data/app/~~KE7B04-QMj6ojrD1-PmVyQ==/com.evolucao.app-jpzPVj9mm-Kr9fP-ArJd4Q==/base.apk!classes9.dex*2030025819:/data/app/~~KE7B04-QMj6ojrD1-PmVyQ==/com.evolucao.app-jpzPVj9mm-Kr9fP-ArJd4Q==/base.apk!classes10.dex*1917680387:/data/app/~~KE7B04-QMj6ojrD1-PmVyQ==/com.evolucao.app-jpzPVj9mm-Kr9fP-ArJd4Q==/base.apk!classes11.dex*152968521:/data/app/~~KE7B04-QMj6ojrD1-PmVyQ==/com.evo
04-06 13:23:05.273  5080  5080 W om.evolucao.app: ClassLoaderContext classpath size mismatch. expected=0, found=2 (PCL[] | PCL[/system/framework/android.test.runner.jar*2256426886:/system/framework/android.test.mock.jar*2695051129]{PCL[/system/framework/android.test.base.jar*1628045882]#PCL[/system/framework/android.test.mock.jar*2695051129]#PCL[/system/framework/android.test.runner.jar*2256426886]{PCL[/system/framework/android.test.base.jar*1628045882]#PCL[/system/framework/android.test.mock.jar*2695051129]}};PCL[/system/framework/android.test.runner.jar*2256426886:/system/framework/android.test.mock.jar*2695051129:/system/framework/android.test.base.jar*1628045882:/data/app/~~pjeNB5NKq4c30IN5ZDiRFg==/com.evolucao.app.test-AKD_3ucEdcMjO12S3hnDyQ==/base.apk*2272993428:/data/app/~~pjeNB5NKq4c30IN5ZDiRFg==/com.evolucao.app.test-AKD_3ucEdcMjO12S3hnDyQ==/base.apk!classes2.dex*714357168:/data/app/~~pjeNB5NKq4c30IN5ZDiRFg==/com.evolucao.app.test-AKD_3ucEdcMjO12S3hnDyQ==/base.apk!classes3.dex*1380987315:/data/app/~~pjeNB5NKq4c30IN5ZDiRFg==/com.evolucao.app.test-AKD_3ucEdcMjO12S3hnDyQ==/base.apk!classes4.dex*3771904477:/data/app/~~pjeNB5NKq4c30IN5ZDiRFg==/com.evolucao.app.test-AKD_3ucEdcMjO12S3hnDyQ==/base.apk!classes5.dex*2127157885:/data/app/~~pjeNB5NKq4c30IN5ZDiRFg==/com.evolucao.app.test-AKD_3ucEdcMjO12S3hnDyQ==/base.apk!classes6.dex*971414087:/data/app/~~pjeNB5NKq4c30IN5ZDiRFg==/com.evolucao.app.test-AKD_3ucEdcMjO12S3hnDyQ==/base.apk!classes7.dex*742752503:/data/app/~~pjeNB5NKq4c30IN5ZDiRFg==/com.evolucao.app.test-AKD_3ucEdcMjO12S3hnDyQ==/base.apk!classes8.dex*388434936:/data/app/~~pjeNB5NKq4c30IN5ZDiRFg==/com.evolucao.app.test-AKD_3ucEdcMjO12S3hnDyQ==/base.apk!classes9.dex*209335023:/data/app/~~pjeNB5NKq4c30IN5ZDiRFg==/com.evolucao.app.test-AKD_3ucEdcMjO12S3hnDyQ==/base.apk!classes10.dex*2871199926:/data/app/~~pjeNB5NKq4c30IN5ZDiRFg==/com.evolucao.app.test-AKD_3ucEdcMjO12S3hnDyQ==/base.apk!classes11.dex*3957027005:/data/app/~~pjeNB5NKq4c30IN5ZDiRFg==/com.evolucao.app.test-AKD_3ucEdcMjO12S3hnDyQ==/base.apk!classes12.dex*914099516:/data/app/~~pjeNB5NKq4c30IN5ZDiRFg==/com.evolucao.app.test-AKD_3ucEdcMjO12S3hnDyQ==/base.apk!classes13.dex*4108993750:/data/app/~~pjeNB5NKq4c30IN5ZDiRFg==/com.evolucao.app.test-AKD_3ucEdcMjO12S3hnDyQ==/base.apk!classes14.dex*1632137592:/data/app/~~pjeNB5NKq4c30IN5ZDiRFg==/com.evolucao.app.test-AKD_3ucEdcMjO12S3hnDyQ==/base.apk!classes15.dex*1757943310:/data/app/~~pjeNB5NKq4c30IN5ZDiRFg==/com.evolucao.app.test-AKD_3ucEdcMjO12S3hnDyQ==/base.apk!classes16.dex*931013159:/data/app/~~pjeNB5NKq4c30IN5ZDiRFg==/com.evolucao.app.test-AKD_3ucEdcMjO12S3hnDyQ==/base.apk!classes17.dex*2782462504:/data/app/~~pjeNB5NKq4c30IN5ZDiRFg==/com.evolucao.app.test-AKD_3ucEdcMjO12S3hnDyQ==/base.apk!classes18.dex*3468966139:/data/app/~~pjeNB5NKq4c30IN5ZDiRFg==/com.evolucao.app.test-AKD_3ucEdcMjO12S3hnDyQ==/base.apk!classes19.dex*2267436335:/data/app/~~KE7B04-QMj6ojrD1-PmVyQ==/com.evolucao.app-jpzPVj9mm-Kr9fP-ArJd4Q==/base.apk*198750528:/data/app/~~KE7B04-QMj6ojrD1-PmVyQ==/com.evolucao.app-jpzPVj9mm-Kr9fP-ArJd4Q==/base.apk!classes2.dex*1675103030:/data/app/~~KE7B04-QMj6ojrD1-PmVyQ==/com.evolucao.app-jpzPVj9mm-Kr9fP-ArJd4Q==/base.apk!classes3.dex*1788775668:/data/app/~~KE7B04-QMj6ojrD1-PmVyQ==/com.evolucao.app-jpzPVj9mm-Kr9fP-ArJd4Q==/base.apk!classes4.dex*2572157285:/data/app/~~KE7B04-QMj6ojrD1-PmVyQ==/com.evolucao.app-jpzPVj9mm-Kr9fP-ArJd4Q==/base.apk!classes5.dex*3994030385:/data/app/~~KE7B04-QMj6ojrD1-PmVyQ==/com.evolucao.app-jpzPVj9mm-Kr9fP-ArJd4Q==/base.apk!classes6.dex*1028875939:/data/app/~~KE7B04-QMj6ojrD1-PmVyQ==/com.evolucao.app-jpzPVj9mm-Kr9fP-ArJd4Q==/base.apk!classes7.dex*2113616002:/data/app/~~KE7B04-QMj6ojrD1-PmVyQ==/com.evolucao.app-jpzPVj9mm-Kr9fP-ArJd4Q==/base.apk!classes8.dex*3287389796:/data/app/~~KE7B04-QMj6ojrD1-PmVyQ==/com.evolucao.app-jpzPVj9mm-Kr9fP-ArJd4Q==/base.apk!classes9.dex*2030025819:/data/app/~~KE7B04-QMj6ojrD1-PmVyQ==/com.evolucao.app-jpzPVj9mm-Kr9fP-ArJd4Q==/base.apk!classes10.dex*1917680387:/data/app/~~KE7B04-QMj6ojrD1-PmVyQ==/com.evolucao.app-jpzPVj9mm-Kr9fP-ArJd4Q==/base.apk!classes11.dex*152
04-06 13:23:05.274  5080  5080 W ziparchive: Unable to open '/data/app/~~pjeNB5NKq4c30IN5ZDiRFg==/com.evolucao.app.test-AKD_3ucEdcMjO12S3hnDyQ==/base.dm': No such file or directory
04-06 13:23:05.274  5080  5080 W ziparchive: Unable to open '/data/app/~~pjeNB5NKq4c30IN5ZDiRFg==/com.evolucao.app.test-AKD_3ucEdcMjO12S3hnDyQ==/base.dm': No such file or directory
04-06 13:23:05.355  5080  5080 W ziparchive: Unable to open '/data/app/~~KE7B04-QMj6ojrD1-PmVyQ==/com.evolucao.app-jpzPVj9mm-Kr9fP-ArJd4Q==/base.dm': No such file or directory
04-06 13:23:05.355  5080  5080 W ziparchive: Unable to open '/data/app/~~KE7B04-QMj6ojrD1-PmVyQ==/com.evolucao.app-jpzPVj9mm-Kr9fP-ArJd4Q==/base.dm': No such file or directory
04-06 13:23:05.680  5080  5080 D NetworkSecurityConfig: No Network Security Config specified, using platform default
04-06 13:23:05.691  5080  5080 D NetworkSecurityConfig: No Network Security Config specified, using platform default
04-06 13:23:05.691  5080  5080 I AndroidJUnitRunner: newApplication com.evolucao.app.MainApplication
04-06 13:23:05.701  5080  5080 W FirebaseApp: Default FirebaseApp failed to initialize because no default options were found. This usually means that com.google.gms:google-services was not applied to your gradle project.
04-06 13:23:05.701  5080  5080 I FirebaseInitProvider: FirebaseApp initialization unsuccessful
04-06 13:23:05.723  5080  5080 I AndroidJUnitRunner: onCreate Bundle[mParcelledData.dataSize=240]
04-06 13:23:05.724  5080  5080 D AndroidJUnitRunner: Use the raw file system for managing file I/O.
04-06 13:23:05.731  5080  5080 V TestEventClient: No service name argument was given (testDiscoveryService, testRunEventService or orchestratorService)
04-06 13:23:05.732  5080  5122 D AndroidJUnitRunner: onStart is called.
04-06 13:23:05.736  5080  5080 W SoLoader: Initializing SoLoader: 0
04-06 13:23:05.737  5080  5080 W SoLoader: Recording new base apk path: /data/app/~~KE7B04-QMj6ojrD1-PmVyQ==/com.evolucao.app-jpzPVj9mm-Kr9fP-ArJd4Q==/base.apk
04-06 13:23:05.737  5080  5080 W SoLoader: Previously recorded 0 base apk paths.
04-06 13:23:05.739  5080  5080 I SoLoader: Preparing SO source: DirectorySoSource[root = /vendor/lib64 flags = 2]
04-06 13:23:05.739  5080  5080 I SoLoader: Preparing SO source: DirectorySoSource[root = /system/lib64 flags = 2]
04-06 13:23:05.739  5080  5080 I SoLoader: Preparing SO source: DirectApkSoSource[root = [/data/app/~~KE7B04-QMj6ojrD1-PmVyQ==/com.evolucao.app-jpzPVj9mm-Kr9fP-ArJd4Q==/base.apk!/lib/arm64-v8a]]
04-06 13:23:05.758  5080  5080 I SoLoader: Preparing SO source: ApplicationSoSource[DirectorySoSource[root = /data/app/~~KE7B04-QMj6ojrD1-PmVyQ==/com.evolucao.app-jpzPVj9mm-Kr9fP-ArJd4Q==/lib/arm64 flags = 0]]
04-06 13:23:05.758  5080  5080 I SoLoader: init finish: 4 SO sources prepared
04-06 13:23:05.758  5080  5080 W SoLoader: SoLoader initialized: 8
04-06 13:23:05.782  5080  5080 D jni_lib_merge: Entering merged library JNI_OnLoad.
04-06 13:23:05.782  5080  5080 D jni_lib_merge: Preparing 12 pre-merged libs (including stub)
04-06 13:23:05.782  5080  5080 D jni_lib_merge: Preparing to register libfabricjni_so.  onload_func: 0x70409cff38
04-06 13:23:05.782  5080  5080 D jni_lib_merge: Preparing to register libreact_devsupportjni_so.  onload_func: 0x7040bd881c
04-06 13:23:05.782  5080  5080 D jni_lib_merge: Preparing to register libreact_featureflagsjni_so.  onload_func: 0x7040beab7c
04-06 13:23:05.782  5080  5080 D jni_lib_merge: Preparing to register libreact_newarchdefaults_so.  onload_func: 0x7040c8ff24
04-06 13:23:05.782  5080  5080 D jni_lib_merge: Preparing to register libreactnativeblob_so.  onload_func: 0x7040ea2088
04-06 13:23:05.783  5080  5080 D jni_lib_merge: Preparing to register libreactnativejni_so.  onload_func: 0x7040ee4ffc
04-06 13:23:05.783  5080  5080 D jni_lib_merge: Preparing to register libreactnativejni_common_so.  onload_func: 0x7040ef59f0
04-06 13:23:05.783  5080  5080 D jni_lib_merge: Preparing to register librninstance_so.  onload_func: 0x7040f3462c
04-06 13:23:05.783  5080  5080 D jni_lib_merge: Preparing to register libturbomodulejsijni_so.  onload_func: 0x7041091734
04-06 13:23:05.783  5080  5080 D jni_lib_merge: Preparing to register libuimanagerjni_so.  onload_func: 0x70410aa6e8
04-06 13:23:05.783  5080  5080 D jni_lib_merge: Preparing to register libyoga_so.  onload_func: 0x70410ba16c
04-06 13:23:05.783  5080  5080 D jni_lib_merge: About to register 11 actual methods.
04-06 13:23:05.791  5080  5080 D jni_lib_merge: Entering merged library JNI_OnLoad.
04-06 13:23:05.791  5080  5080 D jni_lib_merge: Preparing 12 pre-merged libs (including stub)
04-06 13:23:05.791  5080  5080 D jni_lib_merge: Preparing to register libfabricjni_so.  onload_func: 0x70409cff38
04-06 13:23:05.791  5080  5080 D jni_lib_merge: Preparing to register libreact_devsupportjni_so.  onload_func: 0x7040bd881c
04-06 13:23:05.791  5080  5080 D jni_lib_merge: Preparing to register libreact_featureflagsjni_so.  onload_func: 0x7040beab7c
04-06 13:23:05.791  5080  5080 D jni_lib_merge: Preparing to register libreact_newarchdefaults_so.  onload_func: 0x7040c8ff24
04-06 13:23:05.791  5080  5080 D jni_lib_merge: Preparing to register libreactnativeblob_so.  onload_func: 0x7040ea2088
04-06 13:23:05.791  5080  5080 D jni_lib_merge: Preparing to register libreactnativejni_so.  onload_func: 0x7040ee4ffc
04-06 13:23:05.791  5080  5080 D jni_lib_merge: Preparing to register libreactnativejni_common_so.  onload_func: 0x7040ef59f0
04-06 13:23:05.791  5080  5080 D jni_lib_merge: Preparing to register librninstance_so.  onload_func: 0x7040f3462c
04-06 13:23:05.791  5080  5080 D jni_lib_merge: Preparing to register libturbomodulejsijni_so.  onload_func: 0x7041091734
04-06 13:23:05.791  5080  5080 D jni_lib_merge: Preparing to register libuimanagerjni_so.  onload_func: 0x70410aa6e8
04-06 13:23:05.791  5080  5080 D jni_lib_merge: Preparing to register libyoga_so.  onload_func: 0x70410ba16c
04-06 13:23:05.791  5080  5080 D jni_lib_merge: About to register 11 actual methods.
04-06 13:23:05.877  5080  5122 D TestRequestBuilder: Using class path scanning to discover tests
04-06 13:23:05.877  5080  5122 I TestRequestBuilder: Scanning classpath to find tests in paths [/data/app/~~pjeNB5NKq4c30IN5ZDiRFg==/com.evolucao.app.test-AKD_3ucEdcMjO12S3hnDyQ==/base.apk]
04-06 13:23:05.878  5080  5122 W om.evolucao.app: Opening an oat file without a class loader. Are you using the deprecated DexFile APIs?
04-06 13:23:06.302  5080  5122 I TestRunner: run started: 1 tests
04-06 13:23:06.303  5080  5122 I TestRunner: started: runDetoxTests(com.evolucao.app.DetoxTest)
04-06 13:23:06.310  5080  5122 I Detox   : Detox server connection details: url=ws://localhost:62510, sessionId=6b9d28b8-27d6-3c26-10d8-e5f56752f5ba
04-06 13:23:06.317  5080  5122 I Tracing : Tracer added: class androidx.test.platform.tracing.AndroidXTracer
04-06 13:23:06.332  5080  5122 W om.evolucao.app: Accessing hidden field Ljava/lang/reflect/Field;->accessFlags:I (unsupported, reflection, allowed)
04-06 13:23:06.334  5080  5122 I Detox   : Connecting to server...
04-06 13:23:06.334  5080  5122 I DetoxWSClient: At connectToServer
04-06 13:23:06.433  5080  5132 D TrafficStats: tagSocket(95) with statsTag=0xffffffff, statsUid=-1
04-06 13:23:06.459  5080  5132 D DetoxWSClient: At onOpen
04-06 13:23:06.459  5080  5132 I DetoxWSClient: Sending out action 'login' (ID #0)
04-06 13:23:06.460  5080  5132 I Detox   : Connected to server!
04-06 13:23:06.465  5080  5132 D DetoxWSClient: Received action 'loginSuccess' (ID #0, params={"testerConnected":true,"appConnected":true})
04-06 13:23:06.466  5080  5128 I DetoxDispatcher: Handling action 'loginSuccess' (ID #0)...
04-06 13:23:06.466  5080  5128 I DetoxDispatcher: Done with action 'loginSuccess'
04-06 13:23:06.467  5080  5122 I Detox   : Launching the tested activity!
04-06 13:23:06.530  5080  5148 D OpenGLRenderer: RenderThread::requireGlContext()
04-06 13:23:06.531  5080  5148 I AdrenoGLES-0: QUALCOMM build                   : db7e7066a2, I1fad33e957
04-06 13:23:06.531  5080  5148 I AdrenoGLES-0: Build Date                       : 05/11/25
04-06 13:23:06.531  5080  5148 I AdrenoGLES-0: OpenGL ES Shader Compiler Version: EV031.32.02.10
04-06 13:23:06.531  5080  5148 I AdrenoGLES-0: Local Branch                     : 
04-06 13:23:06.531  5080  5148 I AdrenoGLES-0: Remote Branch                    : refs/tags/AU_LINUX_ANDROID_LA.UM.9.12.11.00.00.582.697
04-06 13:23:06.531  5080  5148 I AdrenoGLES-0: Remote Branch                    : NONE
04-06 13:23:06.531  5080  5148 I AdrenoGLES-0: Reconstruct Branch               : NOTHING
04-06 13:23:06.531  5080  5148 I AdrenoGLES-0: Build Config                     : S P 10.0.7 AArch64
04-06 13:23:06.531  5080  5148 I AdrenoGLES-0: Driver Path                      : /vendor/lib64/egl/libGLESv2_adreno.so
04-06 13:23:06.538  5080  5148 I AdrenoGLES-0: PFP: 0x016dd093, ME: 0x00000000
04-06 13:23:06.545  5080  5148 D OpenGLRenderer: RenderThread::setGrContext()
04-06 13:23:06.558  5080  5080 D AppCompatDelegate: Checking for metadata for AppLocalesMetadataHolderService : Service not found
04-06 13:23:06.575  5080  5080 D LifecycleMonitor: Lifecycle status change: com.evolucao.app.MainActivity@36d1a3a in: PRE_ON_CREATE
04-06 13:23:06.630  5080  5080 D SensorManager: registerListener :: 11, LSM6DSO Accelerometer, 66667, 0, 
04-06 13:23:06.658  5080  5080 W unknown:BridgelessReact: ReactHost{0}.startSurface(surfaceId = 0): Schedule
04-06 13:23:06.658  5080  5080 W unknown:BridgelessReact: ReactHost{0}.attachSurface(surfaceId = 0)
04-06 13:23:06.659  5080  5169 W unknown:BridgelessReact: ReactHost{0}.getOrCreateReactInstanceTask()
04-06 13:23:06.659  5080  5169 W unknown:BridgelessReact: ReactHost{0}.getOrCreateReactInstanceTask(): Start
04-06 13:23:06.659  5080  5169 D Detox.RNMarker: REACT_BRIDGELESS_LOADING_START (null)
04-06 13:23:06.659  5080  5169 W unknown:BridgelessReact: ReactHost{0}.getJSBundleLoader()
04-06 13:23:06.659  5080  5169 W unknown:BridgelessReact: ReactHost{0}.isMetroRunning()
04-06 13:23:06.661  5080  5170 D TrafficStats: tagSocket(107) with statsTag=0xffffffff, statsUid=-1
04-06 13:23:06.662  5080  5080 I DecorView: [INFO] isPopOver=false config=true
04-06 13:23:06.662  5080  5080 I DecorView: updateCaptionType: isFloating=false isApplication=true hasWindowDecorCaption=false this=DecorView@69f84fd[]
04-06 13:23:06.662  5080  5080 D DecorView: setCaptionType = 0, this = DecorView@69f84fd[]
04-06 13:23:06.667  5080  5171 D TrafficStats: tagSocket(109) with statsTag=0xffffffff, statsUid=-1
04-06 13:23:06.667  5080  5080 I DecorView: getCurrentDensityDpi: from real metrics. densityDpi=480 msg=resources_loaded
04-06 13:23:06.667  5080  5080 I DecorView: setWindowBackground: isPopOver=false color=ff303030 d=android.graphics.drawable.ColorDrawable@de473f9
04-06 13:23:06.672  5080  5080 W om.evolucao.app: Accessing hidden method Landroid/view/ViewGroup;->makeOptionalFitsSystemWindows()V (unsupported, reflection, allowed)
04-06 13:23:06.676  5080  5080 D LifecycleMonitor: Lifecycle status change: com.evolucao.app.MainActivity@36d1a3a in: CREATED
04-06 13:23:06.677  5080  5080 D LifecycleMonitor: Lifecycle status change: com.evolucao.app.MainActivity@36d1a3a in: STARTED
04-06 13:23:06.679  5080  5080 W unknown:BridgelessReact: ReactHost{0}.onHostResume(activity)
04-06 13:23:06.679  5080  5080 W unknown:ReactNative: Packager connection already open, nooping.
04-06 13:23:06.679  5080  5080 D LifecycleMonitor: Lifecycle status change: com.evolucao.app.MainActivity@36d1a3a in: RESUMED
04-06 13:23:06.680  5080  5080 I MSHandlerLifeCycle: check: return. pkg=com.evolucao.app parent=null callers=com.android.internal.policy.DecorView.setVisibility:4412 android.app.ActivityThread.handleResumeActivity:5476 android.app.servertransaction.ResumeActivityItem.execute:54 android.app.servertransaction.ActivityTransactionItem.execute:45 android.app.servertransaction.TransactionExecutor.executeLifecycleState:176 
04-06 13:23:06.680  5080  5080 I MSHandlerLifeCycle: removeMultiSplitHandler: no exist. decor=DecorView@69f84fd[]
04-06 13:23:06.684  5080  5148 D NativeCustomFrequencyManager: [NativeCFMS] BpCustomFrequencyManager::BpCustomFrequencyManager()
04-06 13:23:06.686  5080  5080 I DecorView: notifyKeepScreenOnChanged: keepScreenOn=false
04-06 13:23:06.689  5080  5080 D InsetsController: onStateChanged: InsetsState: {mDisplayFrame=Rect(0, 0 - 1080, 2400), mDisplayCutout=DisplayCutout{insets=Rect(0, 88 - 0, 0) waterfall=Insets{left=0, top=0, right=0, bottom=0} boundingRect={Bounds=[Rect(0, 0 - 0, 0), Rect(512, 0 - 568, 88), Rect(0, 0 - 0, 0), Rect(0, 0 - 0, 0)]} cutoutPathParserInfo={CutoutPathParserInfo{displayWidth=1080 displayHeight=2400 physicalDisplayWidth=1080 physicalDisplayHeight=2400 density={3.0} cutoutSpec={M 0,0 M 0,10.71963616907435 a 9.280363830925644,9.280363830925644 0 1,0 0,18.56072766185129 a 9.280363830925644,9.280363830925644 0 1,0 0,-18.56072766185129 Z @dp} rotation={0} scale={1.0} physicalPixelDisplaySizeRatio={1.0}}}}, mRoundedCorners=RoundedCorners{[RoundedCorner{position=TopLeft, radius=96, center=Point(96, 96)}, RoundedCorner{position=TopRight, radius=96, center=Point(984, 96)}, RoundedCorner{position=BottomRight, radius=96, center=Point(984, 2304)}, RoundedCorner{position=BottomLeft, radius=96, center=Point(96, 2304)}]}  mRoundedCornerFrame=Rect(0, 0 - 1080, 2400), mPrivacyIndicatorBounds=PrivacyIndicatorBounds {static bounds=Rect(948, 0 - 1080, 88) rotation=0}, mSources= { InsetsSource: {mType=ITYPE_STATUS_BAR, mFrame=[0,0][1080,88], mVisible=true, mInsetsRoundedCornerFrame=false}, InsetsSource: {mType=ITYPE_NAVIGATION_BAR, mFrame=[0,2256][1080,2400], mVisible=true, mInsetsRoundedCornerFrame=false}, InsetsSource: {mType=ITYPE_LEFT_GESTURES, mFrame=[0,0][0,2400], mVisible=true, mInsetsRoundedCornerFrame=false}, InsetsSource: {mType=ITYPE_RIGHT_GESTURES, mFrame=[1080,0][1080,2400], mVisible=true, mInsetsRoundedCornerFrame=false}, InsetsSource: {mType=ITYPE_TOP_MANDATORY_GESTURES, mFrame=[0,0][1080,124], mVisible=true, mInsetsRoundedCornerFrame=false}, InsetsSource: {mType=ITYPE_BOTTOM_MANDATORY_GESTURES, mFrame=[0,2256][1080,2400], mVisible=true, mInsetsRoundedCornerFrame=false}, InsetsSource: {mType=ITYPE_LEFT_DISPLAY_CUTOUT, mFrame=[0,0][-100000,2400], mVisible=true, mInsetsRoundedCornerFrame=false}, InsetsSource: {mType=ITYPE_TOP_DISPLAY_CUTOUT, mFrame=[0,0][1080,88], mVisible=true, mInsetsRoundedCornerFrame=false}, InsetsSource: {mType=ITYPE_RIGHT_DISPLAY_CUTOUT, mFrame=[100000,0][1080,2400], mVisible=true, mInsetsRoundedCornerFrame=false}, InsetsSource: {mType=ITYPE_BOTTOM_DISPLAY_CUTOUT, mFrame=[0,100000][1080,2400], mVisible=true, mInsetsRoundedCornerFrame=false}, InsetsSource: {mType=ITYPE_TOP_TAPPABLE_ELEMENT, mFrame=[0,0][1080,88], mVisible=true, mInsetsRoundedCornerFrame=false}, InsetsSource: {mType=ITYPE_BOTTOM_TAPPABLE_ELEMENT, mFrame=[0,2256][1080,2400], mVisible=true, mInsetsRoundedCornerFrame=false}, InsetsSource: {mType=ITYPE_IME, mFrame=[0,0][0,0], mVisibleFrame=[0,1374][1080,2400], mVisible=false, mInsetsRoundedCornerFrame=false} } host=com.evolucao.app/com.evolucao.app.MainActivity from=android.view.ViewRootImpl.setView:1732
04-06 13:23:06.690  5080  5080 I ViewRootImpl@73623ee[MainActivity]: setView = com.android.internal.policy.DecorView@69f84fd TM=false
04-06 13:23:06.691  5080  5080 I MSHandlerLifeCycle: removeMultiSplitHandler: no exist. decor=DecorView@69f84fd[MainActivity]
04-06 13:23:06.698  5080  5080 I ViewRootImpl@73623ee[MainActivity]: performTraversals params={(0,0)(fillxfill) sim={adjust=resize forwardNavigation} layoutInDisplayCutoutMode=always ty=BASE_APPLICATION wanim=0x1030309
04-06 13:23:06.698  5080  5080 I ViewRootImpl@73623ee[MainActivity]:   fl=81810100
04-06 13:23:06.698  5080  5080 I ViewRootImpl@73623ee[MainActivity]:   pfl=16020040
04-06 13:23:06.698  5080  5080 I ViewRootImpl@73623ee[MainActivity]:   vsysui=100
04-06 13:23:06.698  5080  5080 I ViewRootImpl@73623ee[MainActivity]:   bhv=DEFAULT
04-06 13:23:06.698  5080  5080 I ViewRootImpl@73623ee[MainActivity]:   fitSides= naviIconColor=0}
04-06 13:23:06.698  5080  5080 I ViewRootImpl@73623ee[MainActivity]: performTraversals mFirst=true windowShouldResize=true viewVisibilityChanged=false mForceNextWindowRelayout=false params={(0,0)(fillxfill) sim={adjust=resize forwardNavigation} layoutInDisplayCutoutMode=always ty=BASE_APPLICATION wanim=0x1030309
04-06 13:23:06.698  5080  5080 I ViewRootImpl@73623ee[MainActivity]:   fl=81810100
04-06 13:23:06.698  5080  5080 I ViewRootImpl@73623ee[MainActivity]:   pfl=16020040
04-06 13:23:06.698  5080  5080 I ViewRootImpl@73623ee[MainActivity]:   vsysui=100
04-06 13:23:06.698  5080  5080 I ViewRootImpl@73623ee[MainActivity]:   bhv=DEFAULT
04-06 13:23:06.698  5080  5080 I ViewRootImpl@73623ee[MainActivity]:   fitSides= naviIconColor=0}
04-06 13:23:06.699  5080  5170 W unknown:BridgelessReact: ReactHost{0}.isMetroRunning(): Async result = true
04-06 13:23:06.699  5080  5169 W unknown:BridgelessReact: ReactHost{0}.loadJSBundleFromMetro()
04-06 13:23:06.700  5080  5169 D Detox.RNMarker: DOWNLOAD_START (null)
04-06 13:23:06.704  5080  5080 I ViewRootImpl@73623ee[MainActivity]: updateBlastSurfaceIfNeeded mBlastBufferQueue=null isSameSurfaceControl=false
04-06 13:23:06.705  5080  5080 E BufferQueueProducer: Unable to open libpenguin.so: dlopen failed: library "libpenguin.so" not found.
04-06 13:23:06.705  5080  5080 I BLASTBufferQueue: new BLASTBufferQueue, mName= ViewRootImpl@73623ee[MainActivity] mNativeObject= 0xb4000070c2c34c00 sc.mNativeObject= 0xb4000070a0cf3aa0 caller= android.view.ViewRootImpl.updateBlastSurfaceIfNeeded:2909 android.view.ViewRootImpl.relayoutWindow:9847 android.view.ViewRootImpl.performTraversals:3884 android.view.ViewRootImpl.doTraversal:3116 android.view.ViewRootImpl$TraversalRunnable.run:10885 android.view.Choreographer$CallbackRecord.run:1301 android.view.Choreographer$CallbackRecord.run:1309 android.view.Choreographer.doCallbacks:923 android.view.Choreographer.doFrame:852 android.view.Choreographer$FrameDisplayEventReceiver.run:1283 
04-06 13:23:06.705  5080  5080 I BLASTBufferQueue: update, w= 1080 h= 2400 mName = ViewRootImpl@73623ee[MainActivity] mNativeObject= 0xb4000070c2c34c00 sc.mNativeObject= 0xb4000070a0cf3aa0 format= -1 caller= android.graphics.BLASTBufferQueue.<init>:84 android.view.ViewRootImpl.updateBlastSurfaceIfNeeded:2909 android.view.ViewRootImpl.relayoutWindow:9847 android.view.ViewRootImpl.performTraversals:3884 android.view.ViewRootImpl.doTraversal:3116 android.view.ViewRootImpl$TraversalRunnable.run:10885 
04-06 13:23:06.706  5080  5080 I ViewRootImpl@73623ee[MainActivity]: Relayout returned: old=(0,0,1080,2400) new=(0,0,1080,2400) req=(1080,2400)0 dur=6 res=0x3 s={true 0xb4000070b13bb000} ch=true seqId=0
04-06 13:23:06.707  5080  5080 I ViewRootImpl@73623ee[MainActivity]: mThreadedRenderer.initialize() mSurface={isValid=true 0xb4000070b13bb000} hwInitialized=true
04-06 13:23:06.708  5080  5080 I ViewRootImpl@73623ee[MainActivity]: reportNextDraw android.view.ViewRootImpl.performTraversals:4438 android.view.ViewRootImpl.doTraversal:3116 android.view.ViewRootImpl$TraversalRunnable.run:10885 android.view.Choreographer$CallbackRecord.run:1301 android.view.Choreographer$CallbackRecord.run:1309 
04-06 13:23:06.708  5080  5080 I ViewRootImpl@73623ee[MainActivity]: Setup new sync id=0
04-06 13:23:06.708  5080  5080 I ViewRootImpl@73623ee[MainActivity]: Setting syncFrameCallback
04-06 13:23:06.708  5080  5080 I ViewRootImpl@73623ee[MainActivity]: registerCallbacksForSync syncBuffer=false
04-06 13:23:06.709  5080  5148 D OpenGLRenderer: eglCreateWindowSurface
04-06 13:23:06.710  5080  5174 I ViewRootImpl@73623ee[MainActivity]: Received frameDrawingCallback syncResult=0 frameNum=1.
04-06 13:23:06.710  5080  5174 I ViewRootImpl@73623ee[MainActivity]: Setting up sync and frameCommitCallback
04-06 13:23:06.726  5080  5148 I BLASTBufferQueue: [ViewRootImpl@73623ee[MainActivity]#0](f:0,a:0) onFrameAvailable the first frame is available
04-06 13:23:06.727  5080  5148 I ViewRootImpl@73623ee[MainActivity]: Received frameCommittedCallback lastAttemptedDrawFrameNum=1 didProduceBuffer=true
04-06 13:23:06.727  5080  5148 D OpenGLRenderer: CFMS:: SetUp Pid : 5080    Tid : 5148
04-06 13:23:06.729  5080  5148 W Parcel  : Expecting binder but got null!
04-06 13:23:06.730  5080  5080 I ViewRootImpl@73623ee[MainActivity]: onSyncComplete
04-06 13:23:06.730  5080  5080 I ViewRootImpl@73623ee[MainActivity]: setupSync seqId=0 mSyncId=0 fn=1 caller=android.view.ViewRootImpl$$ExternalSyntheticLambda11.accept:6 android.window.SurfaceSyncer.lambda$setupSync$1$android-window-SurfaceSyncer:128 android.window.SurfaceSyncer$$ExternalSyntheticLambda1.accept:8 android.window.SurfaceSyncer$SyncSet.checkIfSyncIsComplete:382 android.window.SurfaceSyncer$SyncSet.markSyncReady:359 android.window.SurfaceSyncer.markSyncReady:151 android.view.ViewRootImpl.performTraversals:4503 
04-06 13:23:06.730  5080  5080 I ViewRootImpl@73623ee[MainActivity]: reportDrawFinished seqId=0 mSyncId=-1 fn=1 mSurfaceChangedTransaction=0xb4000070a0bf9c00
04-06 13:23:06.734  5080  5080 D CompatibilityChangeReporter: Compat change id reported: 210923482; UID 10655; state: ENABLED
04-06 13:23:06.742  5080  5148 D NativeCustomFrequencyManager: [NativeCFMS] BpCustomFrequencyManager::BpCustomFrequencyManager()
04-06 13:23:06.745  5080  5080 D InsetsController: onStateChanged: InsetsState: {mDisplayFrame=Rect(0, 0 - 1080, 2400), mDisplayCutout=DisplayCutout{insets=Rect(0, 88 - 0, 0) waterfall=Insets{left=0, top=0, right=0, bottom=0} boundingRect={Bounds=[Rect(0, 0 - 0, 0), Rect(512, 0 - 568, 88), Rect(0, 0 - 0, 0), Rect(0, 0 - 0, 0)]} cutoutPathParserInfo={CutoutPathParserInfo{displayWidth=1080 displayHeight=2400 physicalDisplayWidth=1080 physicalDisplayHeight=2400 density={3.0} cutoutSpec={M 0,0 M 0,10.71963616907435 a 9.280363830925644,9.280363830925644 0 1,0 0,18.56072766185129 a 9.280363830925644,9.280363830925644 0 1,0 0,-18.56072766185129 Z @dp} rotation={0} scale={1.0} physicalPixelDisplaySizeRatio={1.0}}}}, mRoundedCorners=RoundedCorners{[RoundedCorner{position=TopLeft, radius=96, center=Point(96, 96)}, RoundedCorner{position=TopRight, radius=96, center=Point(984, 96)}, RoundedCorner{position=BottomRight, radius=96, center=Point(984, 2304)}, RoundedCorner{position=BottomLeft, radius=96, center=Point(96, 2304)}]}  mRoundedCornerFrame=Rect(0, 0 - 1080, 2400), mPrivacyIndicatorBounds=PrivacyIndicatorBounds {static bounds=Rect(948, 0 - 1080, 88) rotation=0}, mSources= { InsetsSource: {mType=ITYPE_STATUS_BAR, mFrame=[0,0][1080,88], mVisible=true, mInsetsRoundedCornerFrame=false}, InsetsSource: {mType=ITYPE_NAVIGATION_BAR, mFrame=[0,2256][1080,2400], mVisible=true, mInsetsRoundedCornerFrame=false}, InsetsSource: {mType=ITYPE_LEFT_GESTURES, mFrame=[0,0][0,2400], mVisible=true, mInsetsRoundedCornerFrame=false}, InsetsSource: {mType=ITYPE_RIGHT_GESTURES, mFrame=[1080,0][1080,2400], mVisible=true, mInsetsRoundedCornerFrame=false}, InsetsSource: {mType=ITYPE_TOP_MANDATORY_GESTURES, mFrame=[0,0][1080,124], mVisible=true, mInsetsRoundedCornerFrame=false}, InsetsSource: {mType=ITYPE_BOTTOM_MANDATORY_GESTURES, mFrame=[0,2256][1080,2400], mVisible=true, mInsetsRoundedCornerFrame=false}, InsetsSource: {mType=ITYPE_LEFT_DISPLAY_CUTOUT, mFrame=[0,0][-100000,2400], mVisible=true, mInsetsRoundedCornerFrame=false}, InsetsSource: {mType=ITYPE_TOP_DISPLAY_CUTOUT, mFrame=[0,0][1080,88], mVisible=true, mInsetsRoundedCornerFrame=false}, InsetsSource: {mType=ITYPE_RIGHT_DISPLAY_CUTOUT, mFrame=[100000,0][1080,2400], mVisible=true, mInsetsRoundedCornerFrame=false}, InsetsSource: {mType=ITYPE_BOTTOM_DISPLAY_CUTOUT, mFrame=[0,100000][1080,2400], mVisible=true, mInsetsRoundedCornerFrame=false}, InsetsSource: {mType=ITYPE_TOP_TAPPABLE_ELEMENT, mFrame=[0,0][1080,88], mVisible=true, mInsetsRoundedCornerFrame=false}, InsetsSource: {mType=ITYPE_BOTTOM_TAPPABLE_ELEMENT, mFrame=[0,2256][1080,2400], mVisible=true, mInsetsRoundedCornerFrame=false}, InsetsSource: {mType=ITYPE_IME, mFrame=[0,0][0,0], mVisibleFrame=[0,1374][1080,2400], mVisible=false, mInsetsRoundedCornerFrame=false} } host=PopupWindow:b19674c from=android.view.ViewRootImpl.setView:1732
04-06 13:23:06.746  5080  5080 I ViewRootImpl@8125395[PopupWindow:b19674c]: setView = android.widget.PopupWindow$PopupDecorView@2919411 TM=false
04-06 13:23:06.751  5080  5080 I ViewRootImpl@8125395[PopupWindow:b19674c]: performTraversals params={(0,88)(fillxwrap) gr=TOP START CENTER sim={state=unchanged adjust=pan} ty=APPLICATION_PANEL fmt=TRANSLUCENT surfaceInsets=Rect(0, 0 - 0, 0) (manual)
04-06 13:23:06.751  5080  5080 I ViewRootImpl@8125395[PopupWindow:b19674c]:   fl=41800008
04-06 13:23:06.751  5080  5080 I ViewRootImpl@8125395[PopupWindow:b19674c]:   pfl=42018000
04-06 13:23:06.751  5080  5080 I ViewRootImpl@8125395[PopupWindow:b19674c]:   bhv=DEFAULT
04-06 13:23:06.751  5080  5080 I ViewRootImpl@8125395[PopupWindow:b19674c]:   fitTypes=STATUS_BARS NAVIGATION_BARS CAPTION_BAR naviIconColor=0
04-06 13:23:06.751  5080  5080 I ViewRootImpl@8125395[PopupWindow:b19674c]:   sfl=20000}
04-06 13:23:06.752  5080  5080 I ViewRootImpl@8125395[PopupWindow:b19674c]: performTraversals mFirst=true windowShouldResize=true viewVisibilityChanged=false mForceNextWindowRelayout=false params={(0,88)(fillxwrap) gr=TOP START CENTER sim={state=unchanged adjust=pan} ty=APPLICATION_PANEL fmt=TRANSLUCENT surfaceInsets=Rect(0, 0 - 0, 0) (manual)
04-06 13:23:06.752  5080  5080 I ViewRootImpl@8125395[PopupWindow:b19674c]:   fl=41800008
04-06 13:23:06.752  5080  5080 I ViewRootImpl@8125395[PopupWindow:b19674c]:   pfl=42018000
04-06 13:23:06.752  5080  5080 I ViewRootImpl@8125395[PopupWindow:b19674c]:   bhv=DEFAULT
04-06 13:23:06.752  5080  5080 I ViewRootImpl@8125395[PopupWindow:b19674c]:   fitTypes=STATUS_BARS NAVIGATION_BARS CAPTION_BAR naviIconColor=0
04-06 13:23:06.752  5080  5080 I ViewRootImpl@8125395[PopupWindow:b19674c]:   sfl=20000}
04-06 13:23:06.756  5080  5099 I ViewRootImpl@8125395[PopupWindow:b19674c]: Resizing android.view.ViewRootImpl@93f6976: frame = [0,88][1080,167] reportDraw = true forceLayout = false syncSeqId = 0
04-06 13:23:06.757  5080  5080 I ViewRootImpl@8125395[PopupWindow:b19674c]: updateBlastSurfaceIfNeeded mBlastBufferQueue=null isSameSurfaceControl=false
04-06 13:23:06.757  5080  5080 I BLASTBufferQueue: new BLASTBufferQueue, mName= ViewRootImpl@8125395[PopupWindow:b19674c] mNativeObject= 0xb4000070b13cca80 sc.mNativeObject= 0xb4000070a0cf4ea0 caller= android.view.ViewRootImpl.updateBlastSurfaceIfNeeded:2909 android.view.ViewRootImpl.relayoutWindow:9847 android.view.ViewRootImpl.performTraversals:3884 android.view.ViewRootImpl.doTraversal:3116 android.view.ViewRootImpl$TraversalRunnable.run:10885 android.view.Choreographer$CallbackRecord.run:1301 android.view.Choreographer$CallbackRecord.run:1309 android.view.Choreographer.doCallbacks:923 android.view.Choreographer.doFrame:852 android.view.Choreographer$FrameDisplayEventReceiver.run:1283 
04-06 13:23:06.757  5080  5080 I BLASTBufferQueue: update, w= 1080 h= 79 mName = ViewRootImpl@8125395[PopupWindow:b19674c] mNativeObject= 0xb4000070b13cca80 sc.mNativeObject= 0xb4000070a0cf4ea0 format= -3 caller= android.graphics.BLASTBufferQueue.<init>:84 android.view.ViewRootImpl.updateBlastSurfaceIfNeeded:2909 android.view.ViewRootImpl.relayoutWindow:9847 android.view.ViewRootImpl.performTraversals:3884 android.view.ViewRootImpl.doTraversal:3116 android.view.ViewRootImpl$TraversalRunnable.run:10885 
04-06 13:23:06.757  5080  5080 I ViewRootImpl@8125395[PopupWindow:b19674c]: Relayout returned: old=(0,88,1080,2256) new=(0,88,1080,167) req=(1080,79)0 dur=5 res=0x3 s={true 0xb4000070b13bd800} ch=true seqId=0
04-06 13:23:06.758  5080  5080 I ViewRootImpl@8125395[PopupWindow:b19674c]: mThreadedRenderer.initialize() mSurface={isValid=true 0xb4000070b13bd800} hwInitialized=true
04-06 13:23:06.758  5080  5148 D OpenGLRenderer: eglCreateWindowSurface
04-06 13:23:06.759  5080  5080 I ViewRootImpl@8125395[PopupWindow:b19674c]: reportNextDraw android.view.ViewRootImpl.performTraversals:4438 android.view.ViewRootImpl.doTraversal:3116 android.view.ViewRootImpl$TraversalRunnable.run:10885 android.view.Choreographer$CallbackRecord.run:1301 android.view.Choreographer$CallbackRecord.run:1309 
04-06 13:23:06.759  5080  5080 I ViewRootImpl@8125395[PopupWindow:b19674c]: Setup new sync id=0
04-06 13:23:06.759  5080  5080 I ViewRootImpl@8125395[PopupWindow:b19674c]: Setting syncFrameCallback
04-06 13:23:06.759  5080  5080 I ViewRootImpl@8125395[PopupWindow:b19674c]: registerCallbacksForSync syncBuffer=false
04-06 13:23:06.761  5080  5173 I ViewRootImpl@8125395[PopupWindow:b19674c]: Received frameDrawingCallback syncResult=0 frameNum=1.
04-06 13:23:06.761  5080  5173 I ViewRootImpl@8125395[PopupWindow:b19674c]: Setting up sync and frameCommitCallback
04-06 13:23:06.770  5080  5148 I BLASTBufferQueue: [ViewRootImpl@8125395[PopupWindow:b19674c]#1](f:0,a:0) onFrameAvailable the first frame is available
04-06 13:23:06.770  5080  5148 I ViewRootImpl@8125395[PopupWindow:b19674c]: Received frameCommittedCallback lastAttemptedDrawFrameNum=1 didProduceBuffer=true
04-06 13:23:06.771  5080  5148 D OpenGLRenderer: CFMS:: SetUp Pid : 5080    Tid : 5148
04-06 13:23:06.771  5080  5148 W Parcel  : Expecting binder but got null!
04-06 13:23:06.771  5080  5080 I ViewRootImpl@8125395[PopupWindow:b19674c]: onSyncComplete
04-06 13:23:06.771  5080  5080 I ViewRootImpl@8125395[PopupWindow:b19674c]: setupSync seqId=0 mSyncId=0 fn=1 caller=android.view.ViewRootImpl$$ExternalSyntheticLambda11.accept:6 android.window.SurfaceSyncer.lambda$setupSync$1$android-window-SurfaceSyncer:128 android.window.SurfaceSyncer$$ExternalSyntheticLambda1.accept:8 android.window.SurfaceSyncer$SyncSet.checkIfSyncIsComplete:382 android.window.SurfaceSyncer$SyncSet.markSyncReady:359 android.window.SurfaceSyncer.markSyncReady:151 android.view.ViewRootImpl.performTraversals:4503 
04-06 13:23:06.772  5080  5080 I ViewRootImpl@8125395[PopupWindow:b19674c]: reportDrawFinished seqId=0 mSyncId=-1 fn=1 mSurfaceChangedTransaction=0xb4000070c2c1c400
04-06 13:23:06.773  5080  5080 I ViewRootImpl@8125395[PopupWindow:b19674c]: handleResized, msg = 5 frames=ClientWindowFrames{frame=[0,88][1080,167] display=[0,88][1080,2256] parentFrame=[0,0][0,0] parentClippedByDisplayCutout=false} forceNextWindowRelayout=false displayId=0 resizeMode=-1 frameChanged=false displayFrameChanged=false configChanged=false displayChanged=false
04-06 13:23:06.773  5080  5080 I ViewRootImpl@8125395[PopupWindow:b19674c]: handleResized mSyncSeqId = 0
04-06 13:23:06.773  5080  5080 I ViewRootImpl@8125395[PopupWindow:b19674c]: reportNextDraw android.view.ViewRootImpl.handleResized:2450 android.view.ViewRootImpl.-$$Nest$mhandleResized:0 android.view.ViewRootImpl$ViewRootHandler.handleMessageImpl:6728 android.view.ViewRootImpl$ViewRootHandler.handleMessage:6697 android.os.Handler.dispatchMessage:106 
04-06 13:23:06.774  5080  5080 I ViewRootImpl@73623ee[MainActivity]: MSG_WINDOW_FOCUS_CHANGED 1 0
04-06 13:23:06.774  5080  5080 I ViewRootImpl@73623ee[MainActivity]: mThreadedRenderer.initializeIfNeeded()#2 mSurface={isValid=true 0xb4000070b13bb000}
04-06 13:23:06.774  5080  5080 W unknown:BridgelessReact: ReactHost{0}.raiseSoftException(onWindowFocusChange(hasFocus = "true")): Tried to access onWindowFocusChange while context is not ready
04-06 13:23:06.775  5080  5080 E unknown:ReactHost: Unhandled SoftException
04-06 13:23:06.775  5080  5080 E unknown:ReactHost: com.facebook.react.bridge.ReactNoCrashSoftException: raiseSoftException(onWindowFocusChange(hasFocus = "true")): Tried to access onWindowFocusChange while context is not ready
04-06 13:23:06.775  5080  5080 E unknown:ReactHost: 	at com.facebook.react.runtime.ReactHostImpl.raiseSoftException(ReactHostImpl.kt:861)
04-06 13:23:06.775  5080  5080 E unknown:ReactHost: 	at com.facebook.react.runtime.ReactHostImpl.raiseSoftException$default(ReactHostImpl.kt:852)
04-06 13:23:06.775  5080  5080 E unknown:ReactHost: 	at com.facebook.react.runtime.ReactHostImpl.onWindowFocusChange(ReactHostImpl.kt:625)
04-06 13:23:06.775  5080  5080 E unknown:ReactHost: 	at com.facebook.react.ReactDelegate.onWindowFocusChanged(ReactDelegate.kt:232)
04-06 13:23:06.775  5080  5080 E unknown:ReactHost: 	at com.facebook.react.ReactActivityDelegate.onWindowFocusChanged(ReactActivityDelegate.java:237)
04-06 13:23:06.775  5080  5080 E unknown:ReactHost: 	at expo.modules.ReactActivityDelegateWrapper$onWindowFocusChanged$1.invokeSuspend(ReactActivityDelegateWrapper.kt:320)
04-06 13:23:06.775  5080  5080 E unknown:ReactHost: 	at expo.modules.ReactActivityDelegateWrapper$onWindowFocusChanged$1.invoke(Unknown Source:8)
04-06 13:23:06.775  5080  5080 E unknown:ReactHost: 	at expo.modules.ReactActivityDelegateWrapper$onWindowFocusChanged$1.invoke(Unknown Source:4)
04-06 13:23:06.775  5080  5080 E unknown:ReactHost: 	at expo.modules.ReactActivityDelegateWrapper$launchLifecycleScopeWithLock$1.invokeSuspend(ReactActivityDelegateWrapper.kt:452)
04-06 13:23:06.775  5080  5080 E unknown:ReactHost: 	at kotlin.coroutines.jvm.internal.BaseContinuationImpl.resumeWith(ContinuationImpl.kt:33)
04-06 13:23:06.775  5080  5080 E unknown:ReactHost: 	at kotlinx.coroutines.internal.DispatchedContinuationKt.resumeCancellableWith(DispatchedContinuation.kt:375)
04-06 13:23:06.775  5080  5080 E unknown:ReactHost: 	at kotlinx.coroutines.intrinsics.CancellableKt.startCoroutineCancellable(Cancellable.kt:26)
04-06 13:23:06.775  5080  5080 E unknown:ReactHost: 	at kotlinx.coroutines.CoroutineStart.invoke(CoroutineStart.kt:358)
04-06 13:23:06.775  5080  5080 E unknown:ReactHost: 	at kotlinx.coroutines.AbstractCoroutine.start(AbstractCoroutine.kt:134)
04-06 13:23:06.775  5080  5080 E unknown:ReactHost: 	at kotlinx.coroutines.BuildersKt__Builders_commonKt.launch(Builders.common.kt:53)
04-06 13:23:06.775  5080  5080 E unknown:ReactHost: 	at kotlinx.coroutines.BuildersKt.launch(Unknown Source:1)
04-06 13:23:06.775  5080  5080 E unknown:ReactHost: 	at kotlinx.coroutines.BuildersKt__Builders_commonKt.launch$default(Builders.common.kt:44)
04-06 13:23:06.775  5080  5080 E unknown:ReactHost: 	at kotlinx.coroutines.BuildersKt.launch$default(Unknown Source:1)
04-06 13:23:06.775  5080  5080 E unknown:ReactHost: 	at expo.modules.ReactActivityDelegateWrapper.launchLifecycleScopeWithLock(ReactActivityDelegateWrapper.kt:450)
04-06 13:23:06.775  5080  5080 E unknown:ReactHost: 	at expo.modules.ReactActivityDelegateWrapper.launchLifecycleScopeWithLock$default(ReactActivityDelegateWrapper.kt:446)
04-06 13:23:06.775  5080  5080 E unknown:ReactHost: 	at expo.modules.ReactActivityDelegateWrapper.onWindowFocusChanged(ReactActivityDelegateWrapper.kt:318)
04-06 13:23:06.775  5080  5080 E unknown:ReactHost: 	at com.facebook.react.ReactActivity.onWindowFocusChanged(ReactActivity.java:158)
04-06 13:23:06.775  5080  5080 E unknown:ReactHost: 	at androidx.appcompat.view.WindowCallbackWrapper.onWindowFocusChanged(WindowCallbackWrapper.java:124)
04-06 13:23:06.775  5080  5080 E unknown:ReactHost: 	at com.android.internal.policy.DecorView.onWindowFocusChanged(DecorView.java:2710)
04-06 13:23:06.775  5080  5080 E unknown:ReactHost: 	at android.view.View.dispatchWindowFocusChanged(View.java:15817)
04-06 13:23:06.775  5080  5080 E unknown:ReactHost: 	at android.view.ViewGroup.dispatchWindowFocusChanged(ViewGroup.java:1512)
04-06 13:23:06.775  5080  5080 E unknown:ReactHost: 	at android.view.ViewRootImpl.handleWindowFocusChanged(ViewRootImpl.java:4678)
04-06 13:23:06.775  5080  5080 E unknown:ReactHost: 	at android.view.ViewRootImpl.-$$Nest$mhandleWindowFocusChanged(Unknown Source:0)
04-06 13:23:06.775  5080  5080 E unknown:ReactHost: 	at android.view.ViewRootImpl$ViewRootHandler.handleMessageImpl(ViewRootImpl.java:6788)
04-06 13:23:06.775  5080  5080 E unknown:ReactHost: 	at android.view.ViewRootImpl$ViewRootHandler.handleMessage(ViewRootImpl.java:6697)
04-06 13:23:06.775  5080  5080 E unknown:ReactHost: 	at android.os.Handler.dispatchMessage(Handler.java:106)
04-06 13:23:06.775  5080  5080 E unknown:ReactHost: 	at android.os.Looper.loopOnce(Looper.java:226)
04-06 13:23:06.775  5080  5080 E unknown:ReactHost: 	at android.os.Looper.loop(Looper.java:313)
04-06 13:23:06.775  5080  5080 E unknown:ReactHost: 	at android.app.ActivityThread.main(ActivityThread.java:8762)
04-06 13:23:06.775  5080  5080 E unknown:ReactHost: 	at java.lang.reflect.Method.invoke(Native Method)
04-06 13:23:06.775  5080  5080 E unknown:ReactHost: 	at com.android.internal.os.RuntimeInit$MethodAndArgsCaller.run(RuntimeInit.java:604)
04-06 13:23:06.775  5080  5080 E unknown:ReactHost: 	at com.android.internal.os.ZygoteInit.main(ZygoteInit.java:1067)
04-06 13:23:06.776  5080  5080 D InputMethodManager: startInputInner - Id : 0
04-06 13:23:06.776  5080  5080 I InputMethodManager: startInputInner - mService.startInputOrWindowGainedFocus
04-06 13:23:06.782  5080  5080 I ViewRootImpl@8125395[PopupWindow:b19674c]: Setup new sync id=1
04-06 13:23:06.782  5080  5080 I ViewRootImpl@8125395[PopupWindow:b19674c]: Setting syncFrameCallback
04-06 13:23:06.782  5080  5080 I ViewRootImpl@8125395[PopupWindow:b19674c]: registerCallbacksForSync syncBuffer=false
04-06 13:23:06.783  5080  5174 I ViewRootImpl@8125395[PopupWindow:b19674c]: Received frameDrawingCallback syncResult=0 frameNum=3.
04-06 13:23:06.783  5080  5174 I ViewRootImpl@8125395[PopupWindow:b19674c]: Setting up sync and frameCommitCallback
04-06 13:23:06.790  5080  5148 I ViewRootImpl@8125395[PopupWindow:b19674c]: Received frameCommittedCallback lastAttemptedDrawFrameNum=3 didProduceBuffer=true
04-06 13:23:06.790  5080  5080 I ViewRootImpl@8125395[PopupWindow:b19674c]: onSyncComplete
04-06 13:23:06.790  5080  5080 I ViewRootImpl@8125395[PopupWindow:b19674c]: setupSync seqId=0 mSyncId=1 fn=3 caller=android.view.ViewRootImpl$$ExternalSyntheticLambda11.accept:6 android.window.SurfaceSyncer.lambda$setupSync$1$android-window-SurfaceSyncer:128 android.window.SurfaceSyncer$$ExternalSyntheticLambda1.accept:8 android.window.SurfaceSyncer$SyncSet.checkIfSyncIsComplete:382 android.window.SurfaceSyncer$SyncSet.markSyncReady:359 android.window.SurfaceSyncer.markSyncReady:151 android.view.ViewRootImpl.performTraversals:4503 
04-06 13:23:06.790  5080  5080 I ViewRootImpl@8125395[PopupWindow:b19674c]: reportDrawFinished seqId=0 mSyncId=-1 fn=3 mSurfaceChangedTransaction=0xb4000070c2c1c400
04-06 13:23:06.791  5080  5080 D InputMethodManager: startInputInner - Id : 0
04-06 13:23:07.028  5080  5170 D Detox.RNMarker: DOWNLOAD_END ({"url":"http:\/\/localhost:8081\/.expo\/.virtual-metro-entry.bundle?platform=android&dev=true&lazy=true&minify=false&app=com.evolucao.app&modulesOnly=false&runModule=true&excludeSource=true&sourcePaths=url-server","filesChangedCount":0})
04-06 13:23:07.028  5080  5170 W unknown:BridgelessReact: ReactHost{0}.loadJSBundleFromMetro(): Creating BundleLoader
04-06 13:23:07.029  5080  5148 D OpenGLRenderer: setSurface called with nullptr
04-06 13:23:07.029  5080  5148 D OpenGLRenderer: setSurface() destroyed EGLSurface
04-06 13:23:07.029  5080  5148 D OpenGLRenderer: destroyEglSurface
04-06 13:23:07.029  5080  5169 W unknown:BridgelessReact: ReactHost{0}.getOrCreateReactInstanceTask(): Creating BridgelessReactContext
04-06 13:23:07.030  5080  5169 W unknown:BridgelessReact: ReactHost{0}.getOrCreateReactInstanceTask(): Creating ReactInstance
04-06 13:23:07.031  5080  5080 I ViewRootImpl@8125395[PopupWindow:b19674c]: dispatchDetachedFromWindow
04-06 13:23:07.033  5080  5080 D InputTransport: Input channel destroyed: '4fdb8fa', fd=119
04-06 13:23:07.043  5080  5170 D TrafficStats: tagSocket(129) with statsTag=0xffffffff, statsUid=-1
04-06 13:23:07.047  5080  5169 D jni_lib_merge: Entering merged library JNI_OnLoad.
04-06 13:23:07.048  5080  5169 D jni_lib_merge: Preparing 4 pre-merged libs (including stub)
04-06 13:23:07.048  5080  5169 D jni_lib_merge: Preparing to register libhermes_executor_so.  onload_func: 0x701dfb2fa4
04-06 13:23:07.048  5080  5169 D jni_lib_merge: Preparing to register libhermesinstancejni_so.  onload_func: 0x701dfec8b4
04-06 13:23:07.048  5080  5169 D jni_lib_merge: Preparing to register libjsijniprofiler_so.  onload_func: 0x701dfee8f8
04-06 13:23:07.048  5080  5169 D jni_lib_merge: About to register 3 actual methods.
04-06 13:23:07.156  5080  5169 I ExpoModulesCore: ✅ AppContext was initialized
04-06 13:23:07.184  5080  5169 W unknown:BridgelessReact: ReactHost{0}.getOrCreateReactInstanceTask(): Loading JS Bundle
04-06 13:23:07.185  5080  5169 W unknown:BridgelessReact: ReactHost{0}.getOrCreateReactInstanceTask(): DevSupportManager.onNewReactContextCreated()
04-06 13:23:07.185  5080  5200 D Detox.RNMarker: RUN_JS_BUNDLE_START (/.virtual-metro-entry.bundle?platform=android&dev=true&lazy=true&minify=false&app=com.evolucao.app&modulesOnly=false&runModule=true&excludeSource=true&sourcePaths=url-server)
04-06 13:23:07.188  5080  5080 W unknown:ReactNative: Packager connection already open, nooping.
04-06 13:23:07.191  5080  5080 W unknown:BridgelessReact: ReactHost{0}.ReactContext.onHostResume()
04-06 13:23:07.191  5080  5169 W unknown:BridgelessReact: ReactHost{0}.startSurface(surfaceId = 0): Execute
04-06 13:23:07.195  5080  5080 W unknown:BridgelessReact: ReactHost{0}.getOrCreateReactInstanceTask(): Executing ReactInstanceEventListeners
04-06 13:23:07.195  5080  5080 I DetoxRNLoading: Got new RN-context through listener
04-06 13:23:07.196  5080  5122 I DetoxRNIdleRes: Setting up Espresso Idling Resources for React Native
04-06 13:23:07.204  5080  5080 D DetoxRNHelpers: Native RN module resolution (class com.reactnativecommunity.asyncstorage.AsyncStorageModule): no registered module found
04-06 13:23:07.204  5080  5122 D IdlingRegistry: Registering idling resources: [com.wix.detox.reactnative.idlingresources.uimodule.fabric.FabricUIManagerIdlingResources@5d7ad2c]
04-06 13:23:07.204  5080  5122 D IdlingRegistry: Registering idling resources: [com.wix.detox.reactnative.idlingresources.animations.AnimatedModuleIdlingResource@fa053f5]
04-06 13:23:07.205  5080  5122 D IdlingRegistry: Registering idling resources: [com.wix.detox.reactnative.idlingresources.timers.FabricTimersIdlingResource@556958a]
04-06 13:23:07.205  5080  5122 D IdlingRegistry: Registering idling resources: [com.wix.detox.reactnative.idlingresources.network.NetworkIdlingResource@a29e7fb]
04-06 13:23:07.205  5080  5122 D IdlingRegistry: Registering idling resources: [com.wix.detox.reactnative.idlingresources.StabilizedIdlingResource@fa87018]
04-06 13:23:07.222  5080  5201 W om.evolucao.app: Accessing hidden method Landroid/os/MessageQueue;->next()Landroid/os/Message; (unsupported, reflection, allowed)
04-06 13:23:07.222  5080  5201 W om.evolucao.app: Accessing hidden field Landroid/os/MessageQueue;->mMessages:Landroid/os/Message; (unsupported, reflection, allowed)
04-06 13:23:07.222  5080  5201 W om.evolucao.app: Accessing hidden method Landroid/os/Message;->recycleUnchecked()V (unsupported, reflection, allowed)
04-06 13:23:07.367  5080  5080 D DetoxRNHelpers: Native RN module resolution (class com.reactnativecommunity.asyncstorage.AsyncStorageModule): no registered module found
04-06 13:23:07.432  5080  5201 I WebViewFactory: Loading com.google.android.webview version 146.0.7680.164 (code 768016403)
04-06 13:23:07.433  5080  5201 D ApplicationLoaders: Returning zygote-cached class loader: /system/framework/android.test.base.jar
04-06 13:23:07.437  5080  5201 D nativeloader: Configuring classloader-namespace for other apk /data/app/~~23ppwVuk64Fm9vdWCRWMMw==/com.google.android.webview-FPIphznatdLDx2VBYoD68A==/base.apk. target_sdk_version=36, uses_libraries=, library_path=/data/app/~~23ppwVuk64Fm9vdWCRWMMw==/com.google.android.webview-FPIphznatdLDx2VBYoD68A==/lib/arm64:/data/app/~~23ppwVuk64Fm9vdWCRWMMw==/com.google.android.webview-FPIphznatdLDx2VBYoD68A==/base.apk!/lib/arm64-v8a, permitted_path=/data:/mnt/expand
04-06 13:23:07.448  5080  5201 I cr_WVCFactoryProvider: version=146.0.7680.164 (768016403) minSdkVersion=29 multiprocess=true packageId=127 splits=<none>
04-06 13:23:07.453  5080  5240 I chromium: [0406/132307.453414:INFO:android_webview/browser/variations/variations_seed_loader.cc:67] Failed to open file for reading.: No such file or directory (2)
04-06 13:23:07.453  5080  5240 I chromium: [0406/132307.453559:INFO:android_webview/browser/variations/variations_seed_loader.cc:67] Failed to open file for reading.: No such file or directory (2)
04-06 13:23:07.457  5080  5201 I cr_LibraryLoader: Successfully loaded native library
04-06 13:23:07.458  5080  5201 I cr_CachingUmaRecorder: Flushed 16 samples from 16 histograms, 0 samples were dropped.
04-06 13:23:07.471  5080  5243 D TrafficStats: tagSocket(143) with statsTag=0xffffffff, statsUid=-1
04-06 13:23:07.473  5080  5243 D TrafficStats: tagSocket(143) with statsTag=0xffffffff, statsUid=-1
04-06 13:23:07.480  5080  5200 W BridgelessReactContext: [WARNING] Bridgeless doesn't support CatalystInstance. Accessing an API that's not part of the new architecture is not encouraged usage.
04-06 13:23:07.486  5080  5200 I ExpoModulesCore: ✅ JSI interop was installed
04-06 13:23:07.490  5080  5200 I ExpoModulesCore: ✅ Constants were exported
04-06 13:23:07.534  5080  5200 W unknown:ViewManagerPropertyUpdater: Could not find generated setter for class com.th3rdwave.safeareacontext.SafeAreaProviderManager
04-06 13:23:07.537  5080  5200 W unknown:ViewManagerPropertyUpdater: Could not find generated setter for class com.facebook.react.uimanager.LayoutShadowNode
04-06 13:23:07.538  5080  5200 W unknown:ViewManagerPropertyUpdater: Could not find generated setter for class com.swmansion.rnscreens.SearchBarManager
04-06 13:23:07.539  5080  5200 W unknown:ViewManagerPropertyUpdater: Could not find generated setter for class com.swmansion.rnscreens.ScreenFooterManager
04-06 13:23:07.540  5080  5200 W unknown:ViewManagerPropertyUpdater: Could not find generated setter for class com.swmansion.rnscreens.gamma.tabs.TabScreenViewManager
04-06 13:23:07.541  5080  5200 W unknown:ViewManagerPropertyUpdater: Could not find generated setter for class expo.modules.kotlin.views.GroupViewManagerWrapper
04-06 13:23:07.542  5080  5200 W unknown:ViewManagerPropertyUpdater: Could not find generated setter for class com.swmansion.rnscreens.ScreenContainerViewManager
04-06 13:23:07.543  5080  5200 W unknown:ViewManagerPropertyUpdater: Could not find generated setter for class com.swmansion.rnscreens.gamma.tabs.TabsHostViewManager
04-06 13:23:07.545  5080  5200 W unknown:ViewManagerPropertyUpdater: Could not find generated setter for class com.swmansion.rnscreens.ModalScreenViewManager
04-06 13:23:07.546  5080  5200 W unknown:ViewManagerPropertyUpdater: Could not find generated setter for class com.swmansion.rnscreens.ScreenStackHeaderConfigViewManager
04-06 13:23:07.547  5080  5200 W unknown:ViewManagerPropertyUpdater: Could not find generated setter for class com.swmansion.rnscreens.ScreenContentWrapperManager
04-06 13:23:07.547  5080  5200 W unknown:ViewManagerPropertyUpdater: Could not find generated setter for class com.th3rdwave.safeareacontext.SafeAreaViewManager
04-06 13:23:07.549  5080  5200 W unknown:ViewManagerPropertyUpdater: Could not find generated setter for class com.th3rdwave.safeareacontext.SafeAreaViewShadowNode
04-06 13:23:07.549  5080  5200 W unknown:ViewManagerPropertyUpdater: Could not find generated setter for class com.swmansion.rnscreens.safearea.SafeAreaViewManager
04-06 13:23:07.550  5080  5200 W unknown:ViewManagerPropertyUpdater: Could not find generated setter for class com.swmansion.rnscreens.safearea.paper.SafeAreaViewShadowNode
04-06 13:23:07.550  5080  5200 W unknown:ViewManagerPropertyUpdater: Could not find generated setter for class com.swmansion.rnscreens.ScreenViewManager
04-06 13:23:07.551  5080  5200 W unknown:ViewManagerPropertyUpdater: Could not find generated setter for class com.swmansion.rnscreens.gamma.stack.host.StackHostViewManager
04-06 13:23:07.551  5080  5200 W unknown:ViewManagerPropertyUpdater: Could not find generated setter for class com.swmansion.rnscreens.ScreenStackHeaderSubviewManager
04-06 13:23:07.552  5080  5200 W unknown:ViewManagerPropertyUpdater: Could not find generated setter for class com.swmansion.rnscreens.gamma.stack.screen.StackScreenViewManager
04-06 13:23:07.552  5080  5200 W unknown:ViewManagerPropertyUpdater: Could not find generated setter for class com.swmansion.rnscreens.ScreenStackViewManager
04-06 13:23:07.627  5080  5200 W unknown:ViewManagerPropertyUpdater: Could not find generated setter for class com.facebook.react.views.debuggingoverlay.DebuggingOverlayManager
04-06 13:23:07.631  5080  5200 W unknown:ViewManagerPropertyUpdater: Could not find generated setter for class com.swmansion.gesturehandler.react.RNGestureHandlerButtonViewManager
04-06 13:23:07.636  5080  5200 W unknown:ViewManagerPropertyUpdater: Could not find generated setter for class com.facebook.react.views.safeareaview.ReactSafeAreaViewManager
04-06 13:23:07.640  5080  5200 W unknown:ViewManagerPropertyUpdater: Could not find generated setter for class com.facebook.react.views.modal.ReactModalHostManager
04-06 13:23:07.646  5080  5200 W unknown:ViewManagerPropertyUpdater: Could not find generated setter for class com.facebook.react.views.text.frescosupport.FrescoBasedReactTextInlineImageViewManager
04-06 13:23:07.646  5080  5200 W unknown:ViewManagerPropertyUpdater: Could not find generated setter for class com.facebook.react.views.text.frescosupport.FrescoBasedReactTextInlineImageShadowNode
04-06 13:23:07.650  5080  5200 W unknown:ViewManagerPropertyUpdater: Could not find generated setter for class com.facebook.react.views.progressbar.ReactProgressBarViewManager
04-06 13:23:07.651  5080  5200 W unknown:ViewManagerPropertyUpdater: Could not find generated setter for class com.facebook.react.views.progressbar.ProgressBarShadowNode
04-06 13:23:07.656  5080  5200 W unknown:ViewManagerPropertyUpdater: Could not find generated setter for class com.facebook.react.views.scroll.ReactHorizontalScrollViewManager
04-06 13:23:07.662  5080  5200 W unknown:ViewManagerPropertyUpdater: Could not find generated setter for class com.facebook.react.views.image.ReactImageManager
04-06 13:23:07.668  5080  5200 W unknown:ViewManagerPropertyUpdater: Could not find generated setter for class com.facebook.react.views.text.ReactTextViewManager
04-06 13:23:07.669  5080  5200 W unknown:ViewManagerPropertyUpdater: Could not find generated setter for class com.facebook.react.views.text.ReactTextShadowNode
04-06 13:23:07.675  5080  5200 W unknown:ViewManagerPropertyUpdater: Could not find generated setter for class com.facebook.react.views.scroll.ReactHorizontalScrollContainerViewManager
04-06 13:23:07.680  5080  5200 W unknown:ViewManagerPropertyUpdater: Could not find generated setter for class com.facebook.react.views.unimplementedview.ReactUnimplementedViewManager
04-06 13:23:07.685  5080  5200 W unknown:ViewManagerPropertyUpdater: Could not find generated setter for class com.facebook.react.views.scroll.ReactScrollViewManager
04-06 13:23:07.690  5080  5200 W unknown:ViewManagerPropertyUpdater: Could not find generated setter for class com.facebook.react.views.view.ReactViewManager
04-06 13:23:07.696  5080  5200 W unknown:ViewManagerPropertyUpdater: Could not find generated setter for class com.facebook.react.views.drawer.ReactDrawerLayoutManager
04-06 13:23:07.701  5080  5200 W unknown:ViewManagerPropertyUpdater: Could not find generated setter for class com.facebook.react.views.switchview.ReactSwitchManager
04-06 13:23:07.702  5080  5200 W unknown:ViewManagerPropertyUpdater: Could not find generated setter for class com.facebook.react.views.switchview.ReactSwitchShadowNode
04-06 13:23:07.706  5080  5200 W unknown:ViewManagerPropertyUpdater: Could not find generated setter for class com.facebook.react.views.swiperefresh.SwipeRefreshLayoutManager
04-06 13:23:07.713  5080  5200 W unknown:ViewManagerPropertyUpdater: Could not find generated setter for class com.facebook.react.views.textinput.ReactTextInputManager
04-06 13:23:07.714  5080  5200 W unknown:ViewManagerPropertyUpdater: Could not find generated setter for class com.facebook.react.views.textinput.ReactTextInputShadowNode
04-06 13:23:07.720  5080  5200 W unknown:ViewManagerPropertyUpdater: Could not find generated setter for class com.swmansion.gesturehandler.react.RNGestureHandlerRootViewManager
04-06 13:23:07.753  5080  5243 D TrafficStats: tagSocket(146) with statsTag=0xffffffff, statsUid=-1
04-06 13:23:07.919  5080  5200 V AsyncStorageExpoMigration: No scoped database found
04-06 13:23:08.092  5080  5200 D Detox.RNMarker: RUN_JS_BUNDLE_END (/.virtual-metro-entry.bundle?platform=android&dev=true&lazy=true&minify=false&app=com.evolucao.app&modulesOnly=false&runModule=true&excludeSource=true&sourcePaths=url-server)
04-06 13:23:08.094  5080  5200 I ReactNativeJS: Running "main" with {"rootTag":1,"initialProps":{},"fabric":true}
04-06 13:23:08.171  5080  5250 D TrafficStats: tagSocket(133) with statsTag=0xffffffff, statsUid=-1
04-06 13:23:08.302  5080  5080 I DecorView: notifyKeepScreenOnChanged: keepScreenOn=true
04-06 13:23:08.307  5080  5080 I ViewRootImpl@73623ee[MainActivity]: performTraversals params={(0,0)(fillxfill) sim={adjust=resize} layoutInDisplayCutoutMode=always ty=BASE_APPLICATION wanim=0x1030309
04-06 13:23:08.307  5080  5080 I ViewRootImpl@73623ee[MainActivity]:   fl=81810180
04-06 13:23:08.307  5080  5080 I ViewRootImpl@73623ee[MainActivity]:   pfl=16020040
04-06 13:23:08.307  5080  5080 I ViewRootImpl@73623ee[MainActivity]:   vsysui=100
04-06 13:23:08.307  5080  5080 I ViewRootImpl@73623ee[MainActivity]:   bhv=DEFAULT
04-06 13:23:08.307  5080  5080 I ViewRootImpl@73623ee[MainActivity]:   fitSides= naviIconColor=0}
04-06 13:23:08.309  5080  5080 I ViewRootImpl@73623ee[MainActivity]: performTraversals mFirst=false windowShouldResize=false viewVisibilityChanged=false mForceNextWindowRelayout=false params={(0,0)(fillxfill) sim={adjust=resize} layoutInDisplayCutoutMode=always ty=BASE_APPLICATION wanim=0x1030309
04-06 13:23:08.309  5080  5080 I ViewRootImpl@73623ee[MainActivity]:   fl=81810180
04-06 13:23:08.309  5080  5080 I ViewRootImpl@73623ee[MainActivity]:   pfl=16020040
04-06 13:23:08.309  5080  5080 I ViewRootImpl@73623ee[MainActivity]:   vsysui=100
04-06 13:23:08.309  5080  5080 I ViewRootImpl@73623ee[MainActivity]:   bhv=DEFAULT
04-06 13:23:08.309  5080  5080 I ViewRootImpl@73623ee[MainActivity]:   fitSides= naviIconColor=0}
04-06 13:23:08.318  5080  5080 I ViewRootImpl@73623ee[MainActivity]: updateBlastSurfaceIfNeeded mBlastBufferQueue=0xb4000070c2c34c00 isSameSurfaceControl=true
04-06 13:23:08.318  5080  5080 I BLASTBufferQueue: update, w= 1080 h= 2400 mName = ViewRootImpl@73623ee[MainActivity] mNativeObject= 0xb4000070c2c34c00 sc.mNativeObject= 0xb4000070a0cf8280 format= -1 caller= android.view.ViewRootImpl.updateBlastSurfaceIfNeeded:2898 android.view.ViewRootImpl.relayoutWindow:9847 android.view.ViewRootImpl.performTraversals:3884 android.view.ViewRootImpl.doTraversal:3116 android.view.ViewRootImpl$TraversalRunnable.run:10885 android.view.Choreographer$CallbackRecord.run:1301 
04-06 13:23:08.318  5080  5080 I ViewRootImpl@73623ee[MainActivity]: Relayout returned: old=(0,0,1080,2400) new=(0,0,1080,2400) req=(1080,2400)0 dur=9 res=0x0 s={true 0xb4000070b13bb000} ch=false seqId=0
04-06 13:23:08.323  5080  5080 D Detox.RNMarker: CONTENT_APPEARED (main)
04-06 13:23:08.333  5080  5200 D Detox.RNMarker: REACT_BRIDGELESS_LOADING_END (null)
04-06 13:23:08.341  5080  5200 I ReactNativeJS: '[ANALYTICS]', 'app_opened', { event: 'app_opened',
04-06 13:23:08.341  5080  5200 I ReactNativeJS:   eventId: '1775492588336_b333f22a25efa8',
04-06 13:23:08.341  5080  5200 I ReactNativeJS:   appVersion: '1.0.0',
04-06 13:23:08.341  5080  5200 I ReactNativeJS:   category: 'engagement',
04-06 13:23:08.341  5080  5200 I ReactNativeJS:   userId: 'anonymous',
04-06 13:23:08.341  5080  5200 I ReactNativeJS:   timestamp: 1775492588336,
04-06 13:23:08.341  5080  5200 I ReactNativeJS:   timestampIso: '2026-04-06T16:23:08.336Z',
04-06 13:23:08.341  5080  5200 I ReactNativeJS:   screen: 'App',
04-06 13:23:08.341  5080  5200 I ReactNativeJS:   sessionId: 'session-1775492588321-15ec8c41da912d',
04-06 13:23:08.341  5080  5200 I ReactNativeJS:   flowId: 'session-1775492588321-15ec8c41da912d',
04-06 13:23:08.341  5080  5200 I ReactNativeJS:   meta: 
04-06 13:23:08.341  5080  5200 I ReactNativeJS:    { domain: 'engagement',
04-06 13:23:08.341  5080  5200 I ReactNativeJS:      version: 1,
04-06 13:23:08.341  5080  5200 I ReactNativeJS:      dayKey: '2026-04-06',
04-06 13:23:08.341  5080  5200 I ReactNativeJS:      isFirstOpenOfDay: true,
04-06 13:23:08.341  5080  5200 I ReactNativeJS:      category: 'engagement' } }
04-06 13:23:08.563  5080  5080 D CompatibilityChangeReporter: Compat change id reported: 171228096; UID 10655; state: ENABLED
04-06 13:23:08.565  5080  5080 D ScrollView: initGoToTop
04-06 13:23:08.565  5080  5080 W om.evolucao.app: Accessing hidden field Landroid/widget/ScrollView;->mScroller:Landroid/widget/OverScroller; (unsupported, reflection, allowed)
04-06 13:23:08.576  5080  5091 I om.evolucao.app: Compiler allocated 4177KB to compile void android.widget.TextView.<init>(android.content.Context, android.util.AttributeSet, int, int)
04-06 13:23:08.584  5080  5080 W [RNScreens]: backTitleFontFamily prop is not available on Android
04-06 13:23:08.584  5080  5080 W [RNScreens]: disableBackButtonMenu prop is not available on Android
04-06 13:23:08.584  5080  5080 W [RNScreens]: backTitleVisible prop is not available on Android
04-06 13:23:08.584  5080  5080 W [RNScreens]: topInsetEnabled prop is not available on Android
04-06 13:23:08.584  5080  5080 W [RNScreens]: largeTitleHideShadow prop is not available on Android
04-06 13:23:08.584  5080  5080 W [RNScreens]: largeTitleFontWeight prop is not available on Android
04-06 13:23:08.584  5080  5080 W [RNScreens]: userInterfaceStyle prop is not available on Android
04-06 13:23:08.584  5080  5080 W [RNScreens]: largeTitleFontFamily prop is not available on Android
04-06 13:23:08.604  5080  5148 D OpenGLRenderer: setSurface called with nullptr
04-06 13:23:11.107  5080  5268 D ProfileInstaller: Installing profile for com.evolucao.app
04-06 13:23:15.500  5080  5132 D DetoxWSClient: Received action 'currentStatus' (ID #79, params={})
04-06 13:23:15.500  5080  5129 I DetoxDispatcher: Handling action 'currentStatus' (ID #79)...
04-06 13:23:15.508  5080  5129 I DetoxWSClient: Sending out action 'currentStatusResult' (ID #79)
04-06 13:23:15.509  5080  5129 I DetoxDispatcher: Done with action 'currentStatus'
04-06 13:23:25.529  5080  5132 D DetoxWSClient: Received action 'currentStatus' (ID #80, params={})
04-06 13:23:25.529  5080  5129 I DetoxDispatcher: Handling action 'currentStatus' (ID #80)...
04-06 13:23:25.533  5080  5129 I DetoxWSClient: Sending out action 'currentStatusResult' (ID #80)
04-06 13:23:25.533  5080  5129 I DetoxDispatcher: Done with action 'currentStatus'
04-06 13:23:35.543  5080  5132 D DetoxWSClient: Received action 'currentStatus' (ID #81, params={})
04-06 13:23:35.544  5080  5129 I DetoxDispatcher: Handling action 'currentStatus' (ID #81)...
04-06 13:23:35.553  5080  5129 I DetoxWSClient: Sending out action 'currentStatusResult' (ID #81)
04-06 13:23:35.554  5080  5129 I DetoxDispatcher: Done with action 'currentStatus'
04-06 13:23:45.562  5080  5132 D DetoxWSClient: Received action 'currentStatus' (ID #82, params={})
04-06 13:23:45.563  5080  5129 I DetoxDispatcher: Handling action 'currentStatus' (ID #82)...
04-06 13:23:45.573  5080  5129 I DetoxWSClient: Sending out action 'currentStatusResult' (ID #82)
04-06 13:23:45.574  5080  5129 I DetoxDispatcher: Done with action 'currentStatus'
04-06 13:23:55.592  5080  5132 D DetoxWSClient: Received action 'currentStatus' (ID #83, params={})
04-06 13:23:55.593  5080  5129 I DetoxDispatcher: Handling action 'currentStatus' (ID #83)...
04-06 13:23:55.602  5080  5129 I DetoxWSClient: Sending out action 'currentStatusResult' (ID #83)
04-06 13:23:55.603  5080  5129 I DetoxDispatcher: Done with action 'currentStatus'
04-06 13:24:05.622  5080  5132 D DetoxWSClient: Received action 'currentStatus' (ID #84, params={})
04-06 13:24:05.623  5080  5129 I DetoxDispatcher: Handling action 'currentStatus' (ID #84)...
04-06 13:24:05.632  5080  5129 I DetoxWSClient: Sending out action 'currentStatusResult' (ID #84)
04-06 13:24:05.633  5080  5129 I DetoxDispatcher: Done with action 'currentStatus'
04-06 13:24:15.644  5080  5132 D DetoxWSClient: Received action 'currentStatus' (ID #85, params={})
04-06 13:24:15.646  5080  5129 I DetoxDispatcher: Handling action 'currentStatus' (ID #85)...
04-06 13:24:15.655  5080  5129 I DetoxWSClient: Sending out action 'currentStatusResult' (ID #85)
04-06 13:24:15.656  5080  5129 I DetoxDispatcher: Done with action 'currentStatus'
04-06 13:24:25.670  5080  5132 D DetoxWSClient: Received action 'currentStatus' (ID #86, params={})
04-06 13:24:25.671  5080  5129 I DetoxDispatcher: Handling action 'currentStatus' (ID #86)...
04-06 13:24:25.679  5080  5129 I DetoxWSClient: Sending out action 'currentStatusResult' (ID #86)
04-06 13:24:25.680  5080  5129 I DetoxDispatcher: Done with action 'currentStatus'
04-06 13:24:35.697  5080  5132 D DetoxWSClient: Received action 'currentStatus' (ID #87, params={})
04-06 13:24:35.698  5080  5129 I DetoxDispatcher: Handling action 'currentStatus' (ID #87)...
04-06 13:24:35.707  5080  5129 I DetoxWSClient: Sending out action 'currentStatusResult' (ID #87)
04-06 13:24:35.708  5080  5129 I DetoxDispatcher: Done with action 'currentStatus'
04-06 13:24:45.716  5080  5132 D DetoxWSClient: Received action 'currentStatus' (ID #88, params={})
04-06 13:24:45.717  5080  5129 I DetoxDispatcher: Handling action 'currentStatus' (ID #88)...
04-06 13:24:45.726  5080  5129 I DetoxWSClient: Sending out action 'currentStatusResult' (ID #88)
04-06 13:24:45.727  5080  5129 I DetoxDispatcher: Done with action 'currentStatus'
04-06 13:24:55.747  5080  5132 D DetoxWSClient: Received action 'currentStatus' (ID #89, params={})
04-06 13:24:55.748  5080  5129 I DetoxDispatcher: Handling action 'currentStatus' (ID #89)...
04-06 13:24:55.757  5080  5129 I DetoxWSClient: Sending out action 'currentStatusResult' (ID #89)
04-06 13:24:55.758  5080  5129 I DetoxDispatcher: Done with action 'currentStatus'
04-06 13:25:05.778  5080  5132 D DetoxWSClient: Received action 'currentStatus' (ID #90, params={})
04-06 13:25:05.779  5080  5129 I DetoxDispatcher: Handling action 'currentStatus' (ID #90)...
04-06 13:25:05.788  5080  5129 I DetoxWSClient: Sending out action 'currentStatusResult' (ID #90)
04-06 13:25:05.789  5080  5129 I DetoxDispatcher: Done with action 'currentStatus'
04-06 13:25:15.801  5080  5132 D DetoxWSClient: Received action 'currentStatus' (ID #91, params={})
04-06 13:25:15.802  5080  5129 I DetoxDispatcher: Handling action 'currentStatus' (ID #91)...
04-06 13:25:15.811  5080  5129 I DetoxWSClient: Sending out action 'currentStatusResult' (ID #91)
04-06 13:25:15.812  5080  5129 I DetoxDispatcher: Done with action 'currentStatus'
04-06 13:25:25.820  5080  5132 D DetoxWSClient: Received action 'currentStatus' (ID #92, params={})
04-06 13:25:25.822  5080  5129 I DetoxDispatcher: Handling action 'currentStatus' (ID #92)...
04-06 13:25:25.832  5080  5129 I DetoxWSClient: Sending out action 'currentStatusResult' (ID #92)
04-06 13:25:25.832  5080  5129 I DetoxDispatcher: Done with action 'currentStatus'
04-06 13:25:35.851  5080  5132 D DetoxWSClient: Received action 'currentStatus' (ID #93, params={})
04-06 13:25:35.852  5080  5129 I DetoxDispatcher: Handling action 'currentStatus' (ID #93)...
04-06 13:25:35.860  5080  5129 I DetoxWSClient: Sending out action 'currentStatusResult' (ID #93)
04-06 13:25:35.861  5080  5129 I DetoxDispatcher: Done with action 'currentStatus'
04-06 13:25:45.870  5080  5132 D DetoxWSClient: Received action 'currentStatus' (ID #94, params={})
04-06 13:25:45.871  5080  5129 I DetoxDispatcher: Handling action 'currentStatus' (ID #94)...
04-06 13:25:45.880  5080  5129 I DetoxWSClient: Sending out action 'currentStatusResult' (ID #94)
04-06 13:25:45.880  5080  5129 I DetoxDispatcher: Done with action 'currentStatus'
04-06 13:25:55.894  5080  5132 D DetoxWSClient: Received action 'currentStatus' (ID #95, params={})
04-06 13:25:55.894  5080  5129 I DetoxDispatcher: Handling action 'currentStatus' (ID #95)...
04-06 13:25:55.904  5080  5129 I DetoxWSClient: Sending out action 'currentStatusResult' (ID #95)
04-06 13:25:55.905  5080  5129 I DetoxDispatcher: Done with action 'currentStat