--------- beginning of main
04-06 02:22:25.528 14987 14987 I om.evolucao.app: Late-enabling -Xcheck:jni
04-06 02:22:25.551 14987 14987 I om.evolucao.app: Using CollectorTypeCC GC.
04-06 02:22:25.578 14987 14987 D ActivityThread: setConscryptValidator
04-06 02:22:25.578 14987 14987 D ActivityThread: setConscryptValidator - put
04-06 02:22:25.593 14987 14987 D CompatibilityChangeReporter: Compat change id reported: 171979766; UID 10385; state: ENABLED
--------- beginning of system
04-06 02:22:25.599 14987 14987 W ActivityThread: Package uses different ABI(s) than its instrumentation: package[com.evolucao.app]: arm64-v8a, null instrumentation[com.evolucao.app.test]: null, null
04-06 02:22:25.603 14987 14987 W om.evolucao.app: ClassLoaderContext classpath size mismatch. expected=0, found=1 (PCL[] | PCL[/system/framework/android.test.runner.jar*2256426886])
04-06 02:22:25.604 14987 14987 W om.evolucao.app: ClassLoaderContext classpath size mismatch. expected=0, found=2 (PCL[] | PCL[/system/framework/android.test.runner.jar*2256426886:/system/framework/android.test.mock.jar*2695051129])
04-06 02:22:25.605 14987 14987 W ziparchive: Unable to open '/data/app/~~-bXZUMj5ha6mTQPrXWpyzQ==/com.evolucao.app.test-A2SZROTs5l9c5PhazOUwPg==/base.dm': No such file or directory
04-06 02:22:25.605 14987 14987 W ziparchive: Unable to open '/data/app/~~-bXZUMj5ha6mTQPrXWpyzQ==/com.evolucao.app.test-A2SZROTs5l9c5PhazOUwPg==/base.dm': No such file or directory
04-06 02:22:25.685 14987 14987 W ziparchive: Unable to open '/data/app/~~5OYi6hvRda8Qr2SRNarFYw==/com.evolucao.app-RNshERQT_wY4FPzr4baWzQ==/base.dm': No such file or directory
04-06 02:22:25.685 14987 14987 W ziparchive: Unable to open '/data/app/~~5OYi6hvRda8Qr2SRNarFYw==/com.evolucao.app-RNshERQT_wY4FPzr4baWzQ==/base.dm': No such file or directory
04-06 02:22:26.010 14987 14987 D nativeloader: Configuring classloader-namespace for other apk /system/framework/android.test.runner.jar:/system/framework/android.test.mock.jar:/system/framework/android.test.base.jar:/data/app/~~-bXZUMj5ha6mTQPrXWpyzQ==/com.evolucao.app.test-A2SZROTs5l9c5PhazOUwPg==/base.apk:/data/app/~~5OYi6hvRda8Qr2SRNarFYw==/com.evolucao.app-RNshERQT_wY4FPzr4baWzQ==/base.apk. target_sdk_version=36, uses_libraries=, library_path=/data/app/~~-bXZUMj5ha6mTQPrXWpyzQ==/com.evolucao.app.test-A2SZROTs5l9c5PhazOUwPg==/lib/arm64:/data/app/~~5OYi6hvRda8Qr2SRNarFYw==/com.evolucao.app-RNshERQT_wY4FPzr4baWzQ==/lib/arm64:/data/app/~~-bXZUMj5ha6mTQPrXWpyzQ==/com.evolucao.app.test-A2SZROTs5l9c5PhazOUwPg==/base.apk!/lib/arm64-v8a:/data/app/~~5OYi6hvRda8Qr2SRNarFYw==/com.evolucao.app-RNshERQT_wY4FPzr4baWzQ==/base.apk!/lib/arm64-v8a, permitted_path=/data:/mnt/expand:/data/user/0/com.evolucao.app
04-06 02:22:26.027 14987 14987 V GraphicsEnvironment: ANGLE Developer option for 'com.evolucao.app' set to: 'default'
04-06 02:22:26.027 14987 14987 V GraphicsEnvironment: ANGLE GameManagerService for com.evolucao.app: false
04-06 02:22:26.028 14987 14987 V GraphicsEnvironment: App is not on the allowlist for updatable production driver.
04-06 02:22:26.032 14987 14987 D ApplicationLoaders: Returning zygote-cached class loader: /system/framework/android.test.base.jar
04-06 02:22:26.034 14987 14987 D nativeloader: Configuring classloader-namespace for other apk /system/framework/android.test.mock.jar. target_sdk_version=36, uses_libraries=ALL, library_path=/data/app/~~-bXZUMj5ha6mTQPrXWpyzQ==/com.evolucao.app.test-A2SZROTs5l9c5PhazOUwPg==/lib/arm64:/data/app/~~5OYi6hvRda8Qr2SRNarFYw==/com.evolucao.app-RNshERQT_wY4FPzr4baWzQ==/lib/arm64, permitted_path=/data:/mnt/expand
04-06 02:22:26.034 14987 14987 D nativeloader: Extending system_exposed_libraries: libhumantracking.arcsoft.so:libPortraitDistortionCorrection.arcsoft.so:libPortraitDistortionCorrectionCali.arcsoft.so:libface_landmark.arcsoft.so:libFacialStickerEngine.arcsoft.so:libveengine.arcsoft.so:lib_pet_detection.arcsoft.so:libhigh_res.arcsoft.so:libimage_enhancement.arcsoft.so:liblow_light_hdr.arcsoft.so:libhigh_dynamic_range.arcsoft.so:libsuperresolution.arcsoft.so:libobjectcapture_jni.arcsoft.so:libobjectcapture_jni.arcsoft.so:libobjectcapture.arcsoft.so:libFacialAttributeDetection.arcsoft.so:libBeauty_v4.camera.samsung.so:libexifa.camera.samsung.so:libjpega.camera.samsung.so:libOpenCv.camera.samsung.so:libVideoClassifier.camera.samsung.so:libtensorflowLite.dynamic_viewing.camera.samsung.so:libImageScreener.camera.samsung.so:libMyFilter.camera.samsung.so:libtflite2.myfilters.camera.samsung.so:libHIDTSnapJNI.camera.samsung.so:libSmartScan.camera.samsung.so:libRectify.camera.samsung.so:libDocRectifyWrapper.camera.samsung.so:libUltraWideDistortionCorrection.camera.
04-06 02:22:26.036 14987 14987 D ApplicationLoaders: Returning zygote-cached class loader: /system/framework/android.test.base.jar
04-06 02:22:26.037 14987 14987 W om.evolucao.app: ClassLoaderContext shared library size mismatch. Expected=0, found=2 (PCL[] | PCL[]{PCL[/system/framework/android.test.base.jar*1628045882]#PCL[/system/framework/android.test.mock.jar*2695051129]})
04-06 02:22:26.038 14987 14987 D nativeloader: Configuring classloader-namespace for other apk /system/framework/android.test.runner.jar. target_sdk_version=36, uses_libraries=ALL, library_path=/data/app/~~-bXZUMj5ha6mTQPrXWpyzQ==/com.evolucao.app.test-A2SZROTs5l9c5PhazOUwPg==/lib/arm64:/data/app/~~5OYi6hvRda8Qr2SRNarFYw==/com.evolucao.app-RNshERQT_wY4FPzr4baWzQ==/lib/arm64, permitted_path=/data:/mnt/expand
04-06 02:22:26.039 14987 14987 D nativeloader: Extending system_exposed_libraries: libhumantracking.arcsoft.so:libPortraitDistortionCorrection.arcsoft.so:libPortraitDistortionCorrectionCali.arcsoft.so:libface_landmark.arcsoft.so:libFacialStickerEngine.arcsoft.so:libveengine.arcsoft.so:lib_pet_detection.arcsoft.so:libhigh_res.arcsoft.so:libimage_enhancement.arcsoft.so:liblow_light_hdr.arcsoft.so:libhigh_dynamic_range.arcsoft.so:libsuperresolution.arcsoft.so:libobjectcapture_jni.arcsoft.so:libobjectcapture_jni.arcsoft.so:libobjectcapture.arcsoft.so:libFacialAttributeDetection.arcsoft.so:libBeauty_v4.camera.samsung.so:libexifa.camera.samsung.so:libjpega.camera.samsung.so:libOpenCv.camera.samsung.so:libVideoClassifier.camera.samsung.so:libtensorflowLite.dynamic_viewing.camera.samsung.so:libImageScreener.camera.samsung.so:libMyFilter.camera.samsung.so:libtflite2.myfilters.camera.samsung.so:libHIDTSnapJNI.camera.samsung.so:libSmartScan.camera.samsung.so:libRectify.camera.samsung.so:libDocRectifyWrapper.camera.samsung.so:libUltraWideDistortionCorrection.camera.
04-06 02:22:26.042 14987 14987 W om.evolucao.app: ClassLoaderContext shared library size mismatch. Expected=0, found=3 (PCL[] | PCL[]{PCL[/system/framework/android.test.base.jar*1628045882]#PCL[/system/framework/android.test.mock.jar*2695051129]#PCL[/system/framework/android.test.runner.jar*2256426886]{PCL[/system/framework/android.test.base.jar*1628045882]#PCL[/system/framework/android.test.mock.jar*2695051129]}};PCL[/system/framework/android.test.runner.jar*2256426886:/system/framework/android.test.mock.jar*2695051129:/system/framework/android.test.base.jar*1628045882:/data/app/~~-bXZUMj5ha6mTQPrXWpyzQ==/com.evolucao.app.test-A2SZROTs5l9c5PhazOUwPg==/base.apk*2272993428:/data/app/~~-bXZUMj5ha6mTQPrXWpyzQ==/com.evolucao.app.test-A2SZROTs5l9c5PhazOUwPg==/base.apk!classes2.dex*714357168:/data/app/~~-bXZUMj5ha6mTQPrXWpyzQ==/com.evolucao.app.test-A2SZROTs5l9c5PhazOUwPg==/base.apk!classes3.dex*1380987315:/data/app/~~-bXZUMj5ha6mTQPrXWpyzQ==/com.evolucao.app.test-A2SZROTs5l9c5PhazOUwPg==/base.apk!classes4.dex*3771904477:/data/app/~~-bXZUMj5ha6mTQPrXWpyzQ==/com.evolucao.app.test-A2SZROTs5l9c5PhazOUwPg==/base.apk!classes5.dex*2127157885:/data/app/~~-bXZUMj5ha6mTQPrXWpyzQ==/com.evolucao.app.test-A2SZROTs5l9c5PhazOUwPg==/base.apk!classes6.dex*971414087:/data/app/~~-bXZUMj5ha6mTQPrXWpyzQ==/com.evolucao.app.test-A2SZROTs5l9c5PhazOUwPg==/base.apk!classes7.dex*742752503:/data/app/~~-bXZUMj5ha6mTQPrXWpyzQ==/com.evolucao.app.test-A2SZROTs5l9c5PhazOUwPg==/base.apk!classes8.dex*388434936:/data/app/~~-bXZUMj5ha6mTQPrXWpyzQ==/com.evolucao.app.test-A2SZROTs5l9c5PhazOUwPg==/base.apk!classes9.dex*209335023:/data/app/~~-bXZUMj5ha6mTQPrXWpyzQ==/com.evolucao.app.test-A2SZROTs5l9c5PhazOUwPg==/base.apk!classes10.dex*2871199926:/data/app/~~-bXZUMj5ha6mTQPrXWpyzQ==/com.evolucao.app.test-A2SZROTs5l9c5PhazOUwPg==/base.apk!classes11.dex*3957027005:/data/app/~~-bXZUMj5ha6mTQPrXWpyzQ==/com.evolucao.app.test-A2SZROTs5l9c5PhazOUwPg==/base.apk!classes12.dex*914099516:/data/app/~~-bXZUMj5ha6mTQPrXWpyzQ==/com.evolucao.app.test-A2SZROTs5l9c5PhazOUwPg==/base.apk!classes13.dex*4108993750:/data/app/~~-bXZUMj5ha6mTQPrXWpyzQ==/com.evolucao.app.test-A2SZROTs5l9c5PhazOUwPg==/base.apk!classes14.dex*1632137592:/data/app/~~-bXZUMj5ha6mTQPrXWpyzQ==/com.evolucao.app.test-A2SZROTs5l9c5PhazOUwPg==/base.apk!classes15.dex*1757943310:/data/app/~~-bXZUMj5ha6mTQPrXWpyzQ==/com.evolucao.app.test-A2SZROTs5l9c5PhazOUwPg==/base.apk!classes16.dex*931013159:/data/app/~~-bXZUMj5ha6mTQPrXWpyzQ==/com.evolucao.app.test-A2SZROTs5l9c5PhazOUwPg==/base.apk!classes17.dex*2782462504:/data/app/~~-bXZUMj5ha6mTQPrXWpyzQ==/com.evolucao.app.test-A2SZROTs5l9c5PhazOUwPg==/base.apk!classes18.dex*3468966139:/data/app/~~-bXZUMj5ha6mTQPrXWpyzQ==/com.evolucao.app.test-A2SZROTs5l9c5PhazOUwPg==/base.apk!classes19.dex*2267436335:/data/app/~~5OYi6hvRda8Qr2SRNarFYw==/com.evolucao.app-RNshERQT_wY4FPzr4baWzQ==/base.apk*198750528:/data/app/~~5OYi6hvRda8Qr2SRNarFYw==/com.evolucao.app-RNshERQT_wY4FPzr4baWzQ==/base.apk!classes2.dex*1675103030:/data/app/~~5OYi6hvRda8Qr2SRNarFYw==/com.evolucao.app-RNshERQT_wY4FPzr4baWzQ==/base.apk!classes3.dex*1788775668:/data/app/~~5OYi6hvRda8Qr2SRNarFYw==/com.evolucao.app-RNshERQT_wY4FPzr4baWzQ==/base.apk!classes4.dex*2572157285:/data/app/~~5OYi6hvRda8Qr2SRNarFYw==/com.evolucao.app-RNshERQT_wY4FPzr4baWzQ==/base.apk!classes5.dex*3994030385:/data/app/~~5OYi6hvRda8Qr2SRNarFYw==/com.evolucao.app-RNshERQT_wY4FPzr4baWzQ==/base.apk!classes6.dex*1028875939:/data/app/~~5OYi6hvRda8Qr2SRNarFYw==/com.evolucao.app-RNshERQT_wY4FPzr4baWzQ==/base.apk!classes7.dex*2113616002:/data/app/~~5OYi6hvRda8Qr2SRNarFYw==/com.evolucao.app-RNshERQT_wY4FPzr4baWzQ==/base.apk!classes8.dex*3287389796:/data/app/~~5OYi6hvRda8Qr2SRNarFYw==/com.evolucao.app-RNshERQT_wY4FPzr4baWzQ==/base.apk!classes9.dex*2030025819:/data/app/~~5OYi6hvRda8Qr2SRNarFYw==/com.evolucao.app-RNshERQT_wY4FPzr4baWzQ==/base.apk!classes10.dex*1917680387:/data/app/~~5OYi6hvRda8Qr2SRNarFYw==/com.evolucao.app-RNshERQT_wY4FPzr4baWzQ==/base.apk!classes11.dex*152968521:/data/app/~~5OYi6hvRda8Qr2SRNarFYw==/com.evolucao.app-RNshERQT_wY4FPzr4baWzQ==/base.apk!cla
04-06 02:22:26.044 14987 14987 W om.evolucao.app: ClassLoaderContext classpath size mismatch. expected=0, found=1 (PCL[] | PCL[/system/framework/android.test.runner.jar*2256426886]{PCL[/system/framework/android.test.base.jar*1628045882]#PCL[/system/framework/android.test.mock.jar*2695051129]#PCL[/system/framework/android.test.runner.jar*2256426886]{PCL[/system/framework/android.test.base.jar*1628045882]#PCL[/system/framework/android.test.mock.jar*2695051129]}};PCL[/system/framework/android.test.runner.jar*2256426886:/system/framework/android.test.mock.jar*2695051129:/system/framework/android.test.base.jar*1628045882:/data/app/~~-bXZUMj5ha6mTQPrXWpyzQ==/com.evolucao.app.test-A2SZROTs5l9c5PhazOUwPg==/base.apk*2272993428:/data/app/~~-bXZUMj5ha6mTQPrXWpyzQ==/com.evolucao.app.test-A2SZROTs5l9c5PhazOUwPg==/base.apk!classes2.dex*714357168:/data/app/~~-bXZUMj5ha6mTQPrXWpyzQ==/com.evolucao.app.test-A2SZROTs5l9c5PhazOUwPg==/base.apk!classes3.dex*1380987315:/data/app/~~-bXZUMj5ha6mTQPrXWpyzQ==/com.evolucao.app.test-A2SZROTs5l9c5PhazOUwPg==/base.apk!classes4.dex*3771904477:/data/app/~~-bXZUMj5ha6mTQPrXWpyzQ==/com.evolucao.app.test-A2SZROTs5l9c5PhazOUwPg==/base.apk!classes5.dex*2127157885:/data/app/~~-bXZUMj5ha6mTQPrXWpyzQ==/com.evolucao.app.test-A2SZROTs5l9c5PhazOUwPg==/base.apk!classes6.dex*971414087:/data/app/~~-bXZUMj5ha6mTQPrXWpyzQ==/com.evolucao.app.test-A2SZROTs5l9c5PhazOUwPg==/base.apk!classes7.dex*742752503:/data/app/~~-bXZUMj5ha6mTQPrXWpyzQ==/com.evolucao.app.test-A2SZROTs5l9c5PhazOUwPg==/base.apk!classes8.dex*388434936:/data/app/~~-bXZUMj5ha6mTQPrXWpyzQ==/com.evolucao.app.test-A2SZROTs5l9c5PhazOUwPg==/base.apk!classes9.dex*209335023:/data/app/~~-bXZUMj5ha6mTQPrXWpyzQ==/com.evolucao.app.test-A2SZROTs5l9c5PhazOUwPg==/base.apk!classes10.dex*2871199926:/data/app/~~-bXZUMj5ha6mTQPrXWpyzQ==/com.evolucao.app.test-A2SZROTs5l9c5PhazOUwPg==/base.apk!classes11.dex*3957027005:/data/app/~~-bXZUMj5ha6mTQPrXWpyzQ==/com.evolucao.app.test-A2SZROTs5l9c5PhazOUwPg==/base.apk!classes12.dex*914099516:/data/app/~~-bXZUMj5ha6mTQPrXWpyzQ==/com.evolucao.app.test-A2SZROTs5l9c5PhazOUwPg==/base.apk!classes13.dex*4108993750:/data/app/~~-bXZUMj5ha6mTQPrXWpyzQ==/com.evolucao.app.test-A2SZROTs5l9c5PhazOUwPg==/base.apk!classes14.dex*1632137592:/data/app/~~-bXZUMj5ha6mTQPrXWpyzQ==/com.evolucao.app.test-A2SZROTs5l9c5PhazOUwPg==/base.apk!classes15.dex*1757943310:/data/app/~~-bXZUMj5ha6mTQPrXWpyzQ==/com.evolucao.app.test-A2SZROTs5l9c5PhazOUwPg==/base.apk!classes16.dex*931013159:/data/app/~~-bXZUMj5ha6mTQPrXWpyzQ==/com.evolucao.app.test-A2SZROTs5l9c5PhazOUwPg==/base.apk!classes17.dex*2782462504:/data/app/~~-bXZUMj5ha6mTQPrXWpyzQ==/com.evolucao.app.test-A2SZROTs5l9c5PhazOUwPg==/base.apk!classes18.dex*3468966139:/data/app/~~-bXZUMj5ha6mTQPrXWpyzQ==/com.evolucao.app.test-A2SZROTs5l9c5PhazOUwPg==/base.apk!classes19.dex*2267436335:/data/app/~~5OYi6hvRda8Qr2SRNarFYw==/com.evolucao.app-RNshERQT_wY4FPzr4baWzQ==/base.apk*198750528:/data/app/~~5OYi6hvRda8Qr2SRNarFYw==/com.evolucao.app-RNshERQT_wY4FPzr4baWzQ==/base.apk!classes2.dex*1675103030:/data/app/~~5OYi6hvRda8Qr2SRNarFYw==/com.evolucao.app-RNshERQT_wY4FPzr4baWzQ==/base.apk!classes3.dex*1788775668:/data/app/~~5OYi6hvRda8Qr2SRNarFYw==/com.evolucao.app-RNshERQT_wY4FPzr4baWzQ==/base.apk!classes4.dex*2572157285:/data/app/~~5OYi6hvRda8Qr2SRNarFYw==/com.evolucao.app-RNshERQT_wY4FPzr4baWzQ==/base.apk!classes5.dex*3994030385:/data/app/~~5OYi6hvRda8Qr2SRNarFYw==/com.evolucao.app-RNshERQT_wY4FPzr4baWzQ==/base.apk!classes6.dex*1028875939:/data/app/~~5OYi6hvRda8Qr2SRNarFYw==/com.evolucao.app-RNshERQT_wY4FPzr4baWzQ==/base.apk!classes7.dex*2113616002:/data/app/~~5OYi6hvRda8Qr2SRNarFYw==/com.evolucao.app-RNshERQT_wY4FPzr4baWzQ==/base.apk!classes8.dex*3287389796:/data/app/~~5OYi6hvRda8Qr2SRNarFYw==/com.evolucao.app-RNshERQT_wY4FPzr4baWzQ==/base.apk!classes9.dex*2030025819:/data/app/~~5OYi6hvRda8Qr2SRNarFYw==/com.evolucao.app-RNshERQT_wY4FPzr4baWzQ==/base.apk!classes10.dex*1917680387:/data/app/~~5OYi6hvRda8Qr2SRNarFYw==/com.evolucao.app-RNshERQT_wY4FPzr4baWzQ==/base.apk!classes11.dex*152968521:/data/app/~~5OYi6hvRda8Qr2SRNarFYw==/com.evo
04-06 02:22:26.045 14987 14987 W om.evolucao.app: ClassLoaderContext classpath size mismatch. expected=0, found=2 (PCL[] | PCL[/system/framework/android.test.runner.jar*2256426886:/system/framework/android.test.mock.jar*2695051129]{PCL[/system/framework/android.test.base.jar*1628045882]#PCL[/system/framework/android.test.mock.jar*2695051129]#PCL[/system/framework/android.test.runner.jar*2256426886]{PCL[/system/framework/android.test.base.jar*1628045882]#PCL[/system/framework/android.test.mock.jar*2695051129]}};PCL[/system/framework/android.test.runner.jar*2256426886:/system/framework/android.test.mock.jar*2695051129:/system/framework/android.test.base.jar*1628045882:/data/app/~~-bXZUMj5ha6mTQPrXWpyzQ==/com.evolucao.app.test-A2SZROTs5l9c5PhazOUwPg==/base.apk*2272993428:/data/app/~~-bXZUMj5ha6mTQPrXWpyzQ==/com.evolucao.app.test-A2SZROTs5l9c5PhazOUwPg==/base.apk!classes2.dex*714357168:/data/app/~~-bXZUMj5ha6mTQPrXWpyzQ==/com.evolucao.app.test-A2SZROTs5l9c5PhazOUwPg==/base.apk!classes3.dex*1380987315:/data/app/~~-bXZUMj5ha6mTQPrXWpyzQ==/com.evolucao.app.test-A2SZROTs5l9c5PhazOUwPg==/base.apk!classes4.dex*3771904477:/data/app/~~-bXZUMj5ha6mTQPrXWpyzQ==/com.evolucao.app.test-A2SZROTs5l9c5PhazOUwPg==/base.apk!classes5.dex*2127157885:/data/app/~~-bXZUMj5ha6mTQPrXWpyzQ==/com.evolucao.app.test-A2SZROTs5l9c5PhazOUwPg==/base.apk!classes6.dex*971414087:/data/app/~~-bXZUMj5ha6mTQPrXWpyzQ==/com.evolucao.app.test-A2SZROTs5l9c5PhazOUwPg==/base.apk!classes7.dex*742752503:/data/app/~~-bXZUMj5ha6mTQPrXWpyzQ==/com.evolucao.app.test-A2SZROTs5l9c5PhazOUwPg==/base.apk!classes8.dex*388434936:/data/app/~~-bXZUMj5ha6mTQPrXWpyzQ==/com.evolucao.app.test-A2SZROTs5l9c5PhazOUwPg==/base.apk!classes9.dex*209335023:/data/app/~~-bXZUMj5ha6mTQPrXWpyzQ==/com.evolucao.app.test-A2SZROTs5l9c5PhazOUwPg==/base.apk!classes10.dex*2871199926:/data/app/~~-bXZUMj5ha6mTQPrXWpyzQ==/com.evolucao.app.test-A2SZROTs5l9c5PhazOUwPg==/base.apk!classes11.dex*3957027005:/data/app/~~-bXZUMj5ha6mTQPrXWpyzQ==/com.evolucao.app.test-A2SZROTs5l9c5PhazOUwPg==/base.apk!classes12.dex*914099516:/data/app/~~-bXZUMj5ha6mTQPrXWpyzQ==/com.evolucao.app.test-A2SZROTs5l9c5PhazOUwPg==/base.apk!classes13.dex*4108993750:/data/app/~~-bXZUMj5ha6mTQPrXWpyzQ==/com.evolucao.app.test-A2SZROTs5l9c5PhazOUwPg==/base.apk!classes14.dex*1632137592:/data/app/~~-bXZUMj5ha6mTQPrXWpyzQ==/com.evolucao.app.test-A2SZROTs5l9c5PhazOUwPg==/base.apk!classes15.dex*1757943310:/data/app/~~-bXZUMj5ha6mTQPrXWpyzQ==/com.evolucao.app.test-A2SZROTs5l9c5PhazOUwPg==/base.apk!classes16.dex*931013159:/data/app/~~-bXZUMj5ha6mTQPrXWpyzQ==/com.evolucao.app.test-A2SZROTs5l9c5PhazOUwPg==/base.apk!classes17.dex*2782462504:/data/app/~~-bXZUMj5ha6mTQPrXWpyzQ==/com.evolucao.app.test-A2SZROTs5l9c5PhazOUwPg==/base.apk!classes18.dex*3468966139:/data/app/~~-bXZUMj5ha6mTQPrXWpyzQ==/com.evolucao.app.test-A2SZROTs5l9c5PhazOUwPg==/base.apk!classes19.dex*2267436335:/data/app/~~5OYi6hvRda8Qr2SRNarFYw==/com.evolucao.app-RNshERQT_wY4FPzr4baWzQ==/base.apk*198750528:/data/app/~~5OYi6hvRda8Qr2SRNarFYw==/com.evolucao.app-RNshERQT_wY4FPzr4baWzQ==/base.apk!classes2.dex*1675103030:/data/app/~~5OYi6hvRda8Qr2SRNarFYw==/com.evolucao.app-RNshERQT_wY4FPzr4baWzQ==/base.apk!classes3.dex*1788775668:/data/app/~~5OYi6hvRda8Qr2SRNarFYw==/com.evolucao.app-RNshERQT_wY4FPzr4baWzQ==/base.apk!classes4.dex*2572157285:/data/app/~~5OYi6hvRda8Qr2SRNarFYw==/com.evolucao.app-RNshERQT_wY4FPzr4baWzQ==/base.apk!classes5.dex*3994030385:/data/app/~~5OYi6hvRda8Qr2SRNarFYw==/com.evolucao.app-RNshERQT_wY4FPzr4baWzQ==/base.apk!classes6.dex*1028875939:/data/app/~~5OYi6hvRda8Qr2SRNarFYw==/com.evolucao.app-RNshERQT_wY4FPzr4baWzQ==/base.apk!classes7.dex*2113616002:/data/app/~~5OYi6hvRda8Qr2SRNarFYw==/com.evolucao.app-RNshERQT_wY4FPzr4baWzQ==/base.apk!classes8.dex*3287389796:/data/app/~~5OYi6hvRda8Qr2SRNarFYw==/com.evolucao.app-RNshERQT_wY4FPzr4baWzQ==/base.apk!classes9.dex*2030025819:/data/app/~~5OYi6hvRda8Qr2SRNarFYw==/com.evolucao.app-RNshERQT_wY4FPzr4baWzQ==/base.apk!classes10.dex*1917680387:/data/app/~~5OYi6hvRda8Qr2SRNarFYw==/com.evolucao.app-RNshERQT_wY4FPzr4baWzQ==/base.apk!classes11.dex*152
04-06 02:22:26.045 14987 14987 W ziparchive: Unable to open '/data/app/~~-bXZUMj5ha6mTQPrXWpyzQ==/com.evolucao.app.test-A2SZROTs5l9c5PhazOUwPg==/base.dm': No such file or directory
04-06 02:22:26.045 14987 14987 W ziparchive: Unable to open '/data/app/~~-bXZUMj5ha6mTQPrXWpyzQ==/com.evolucao.app.test-A2SZROTs5l9c5PhazOUwPg==/base.dm': No such file or directory
04-06 02:22:26.125 14987 14987 W ziparchive: Unable to open '/data/app/~~5OYi6hvRda8Qr2SRNarFYw==/com.evolucao.app-RNshERQT_wY4FPzr4baWzQ==/base.dm': No such file or directory
04-06 02:22:26.125 14987 14987 W ziparchive: Unable to open '/data/app/~~5OYi6hvRda8Qr2SRNarFYw==/com.evolucao.app-RNshERQT_wY4FPzr4baWzQ==/base.dm': No such file or directory
04-06 02:22:26.454 14987 14987 D NetworkSecurityConfig: No Network Security Config specified, using platform default
04-06 02:22:26.465 14987 14987 D NetworkSecurityConfig: No Network Security Config specified, using platform default
04-06 02:22:26.465 14987 14987 I AndroidJUnitRunner: newApplication com.evolucao.app.MainApplication
04-06 02:22:26.475 14987 14987 W FirebaseApp: Default FirebaseApp failed to initialize because no default options were found. This usually means that com.google.gms:google-services was not applied to your gradle project.
04-06 02:22:26.475 14987 14987 I FirebaseInitProvider: FirebaseApp initialization unsuccessful
04-06 02:22:26.496 14987 14987 I AndroidJUnitRunner: onCreate Bundle[mParcelledData.dataSize=240]
04-06 02:22:26.497 14987 14987 D AndroidJUnitRunner: Use the raw file system for managing file I/O.
04-06 02:22:26.504 14987 14987 V TestEventClient: No service name argument was given (testDiscoveryService, testRunEventService or orchestratorService)
04-06 02:22:26.504 14987 15018 D AndroidJUnitRunner: onStart is called.
04-06 02:22:26.508 14987 14987 W SoLoader: Initializing SoLoader: 0
04-06 02:22:26.510 14987 14987 W SoLoader: Recording new base apk path: /data/app/~~5OYi6hvRda8Qr2SRNarFYw==/com.evolucao.app-RNshERQT_wY4FPzr4baWzQ==/base.apk
04-06 02:22:26.510 14987 14987 W SoLoader: Previously recorded 0 base apk paths.
04-06 02:22:26.511 14987 14987 I SoLoader: Preparing SO source: DirectorySoSource[root = /vendor/lib64 flags = 2]
04-06 02:22:26.511 14987 14987 I SoLoader: Preparing SO source: DirectorySoSource[root = /system/lib64 flags = 2]
04-06 02:22:26.511 14987 14987 I SoLoader: Preparing SO source: DirectApkSoSource[root = [/data/app/~~5OYi6hvRda8Qr2SRNarFYw==/com.evolucao.app-RNshERQT_wY4FPzr4baWzQ==/base.apk!/lib/arm64-v8a]]
04-06 02:22:26.531 14987 14987 I SoLoader: Preparing SO source: ApplicationSoSource[DirectorySoSource[root = /data/app/~~5OYi6hvRda8Qr2SRNarFYw==/com.evolucao.app-RNshERQT_wY4FPzr4baWzQ==/lib/arm64 flags = 0]]
04-06 02:22:26.531 14987 14987 I SoLoader: init finish: 4 SO sources prepared
04-06 02:22:26.531 14987 14987 W SoLoader: SoLoader initialized: 8
04-06 02:22:26.557 14987 14987 D jni_lib_merge: Entering merged library JNI_OnLoad.
04-06 02:22:26.557 14987 14987 D jni_lib_merge: Preparing 12 pre-merged libs (including stub)
04-06 02:22:26.557 14987 14987 D jni_lib_merge: Preparing to register libfabricjni_so.  onload_func: 0x703e930f38
04-06 02:22:26.557 14987 14987 D jni_lib_merge: Preparing to register libreact_devsupportjni_so.  onload_func: 0x703eb3981c
04-06 02:22:26.557 14987 14987 D jni_lib_merge: Preparing to register libreact_featureflagsjni_so.  onload_func: 0x703eb4bb7c
04-06 02:22:26.557 14987 14987 D jni_lib_merge: Preparing to register libreact_newarchdefaults_so.  onload_func: 0x703ebf0f24
04-06 02:22:26.557 14987 14987 D jni_lib_merge: Preparing to register libreactnativeblob_so.  onload_func: 0x703ee03088
04-06 02:22:26.557 14987 14987 D jni_lib_merge: Preparing to register libreactnativejni_so.  onload_func: 0x703ee45ffc
04-06 02:22:26.557 14987 14987 D jni_lib_merge: Preparing to register libreactnativejni_common_so.  onload_func: 0x703ee569f0
04-06 02:22:26.557 14987 14987 D jni_lib_merge: Preparing to register librninstance_so.  onload_func: 0x703ee9562c
04-06 02:22:26.557 14987 14987 D jni_lib_merge: Preparing to register libturbomodulejsijni_so.  onload_func: 0x703eff2734
04-06 02:22:26.557 14987 14987 D jni_lib_merge: Preparing to register libuimanagerjni_so.  onload_func: 0x703f00b6e8
04-06 02:22:26.557 14987 14987 D jni_lib_merge: Preparing to register libyoga_so.  onload_func: 0x703f01b16c
04-06 02:22:26.557 14987 14987 D jni_lib_merge: About to register 11 actual methods.
04-06 02:22:26.564 14987 14987 D jni_lib_merge: Entering merged library JNI_OnLoad.
04-06 02:22:26.564 14987 14987 D jni_lib_merge: Preparing 12 pre-merged libs (including stub)
04-06 02:22:26.564 14987 14987 D jni_lib_merge: Preparing to register libfabricjni_so.  onload_func: 0x703e930f38
04-06 02:22:26.564 14987 14987 D jni_lib_merge: Preparing to register libreact_devsupportjni_so.  onload_func: 0x703eb3981c
04-06 02:22:26.564 14987 14987 D jni_lib_merge: Preparing to register libreact_featureflagsjni_so.  onload_func: 0x703eb4bb7c
04-06 02:22:26.564 14987 14987 D jni_lib_merge: Preparing to register libreact_newarchdefaults_so.  onload_func: 0x703ebf0f24
04-06 02:22:26.564 14987 14987 D jni_lib_merge: Preparing to register libreactnativeblob_so.  onload_func: 0x703ee03088
04-06 02:22:26.564 14987 14987 D jni_lib_merge: Preparing to register libreactnativejni_so.  onload_func: 0x703ee45ffc
04-06 02:22:26.564 14987 14987 D jni_lib_merge: Preparing to register libreactnativejni_common_so.  onload_func: 0x703ee569f0
04-06 02:22:26.564 14987 14987 D jni_lib_merge: Preparing to register librninstance_so.  onload_func: 0x703ee9562c
04-06 02:22:26.564 14987 14987 D jni_lib_merge: Preparing to register libturbomodulejsijni_so.  onload_func: 0x703eff2734
04-06 02:22:26.564 14987 14987 D jni_lib_merge: Preparing to register libuimanagerjni_so.  onload_func: 0x703f00b6e8
04-06 02:22:26.564 14987 14987 D jni_lib_merge: Preparing to register libyoga_so.  onload_func: 0x703f01b16c
04-06 02:22:26.564 14987 14987 D jni_lib_merge: About to register 11 actual methods.
04-06 02:22:26.667 14987 15018 D TestRequestBuilder: Using class path scanning to discover tests
04-06 02:22:26.668 14987 15018 I TestRequestBuilder: Scanning classpath to find tests in paths [/data/app/~~-bXZUMj5ha6mTQPrXWpyzQ==/com.evolucao.app.test-A2SZROTs5l9c5PhazOUwPg==/base.apk]
04-06 02:22:26.669 14987 15018 W om.evolucao.app: Opening an oat file without a class loader. Are you using the deprecated DexFile APIs?
04-06 02:22:27.111 14987 15018 I TestRunner: run started: 1 tests
04-06 02:22:27.112 14987 15018 I TestRunner: started: runDetoxTests(com.evolucao.app.DetoxTest)
04-06 02:22:27.120 14987 15018 I Detox   : Detox server connection details: url=ws://localhost:60113, sessionId=9f369fe7-c8e1-4128-b84f-a4f7a3f9bdbf
04-06 02:22:27.127 14987 15018 I Tracing : Tracer added: class androidx.test.platform.tracing.AndroidXTracer
04-06 02:22:27.143 14987 15018 W om.evolucao.app: Accessing hidden field Ljava/lang/reflect/Field;->accessFlags:I (unsupported, reflection, allowed)
04-06 02:22:27.146 14987 15018 I Detox   : Connecting to server...
04-06 02:22:27.146 14987 15018 I DetoxWSClient: At connectToServer
04-06 02:22:27.251 14987 15029 D TrafficStats: tagSocket(95) with statsTag=0xffffffff, statsUid=-1
04-06 02:22:27.265 14987 15029 D DetoxWSClient: At onOpen
04-06 02:22:27.265 14987 15029 I DetoxWSClient: Sending out action 'login' (ID #0)
04-06 02:22:27.266 14987 15029 I Detox   : Connected to server!
04-06 02:22:27.273 14987 15029 D DetoxWSClient: Received action 'loginSuccess' (ID #0, params={"testerConnected":true,"appConnected":true})
04-06 02:22:27.273 14987 15025 I DetoxDispatcher: Handling action 'loginSuccess' (ID #0)...
04-06 02:22:27.274 14987 15025 I DetoxDispatcher: Done with action 'loginSuccess'
04-06 02:22:27.274 14987 15018 I Detox   : Launching the tested activity!
04-06 02:22:27.323 14987 15043 D OpenGLRenderer: RenderThread::requireGlContext()
04-06 02:22:27.327 14987 15043 I AdrenoGLES-0: QUALCOMM build                   : db7e7066a2, I1fad33e957
04-06 02:22:27.327 14987 15043 I AdrenoGLES-0: Build Date                       : 05/11/25
04-06 02:22:27.327 14987 15043 I AdrenoGLES-0: OpenGL ES Shader Compiler Version: EV031.32.02.10
04-06 02:22:27.327 14987 15043 I AdrenoGLES-0: Local Branch                     : 
04-06 02:22:27.327 14987 15043 I AdrenoGLES-0: Remote Branch                    : refs/tags/AU_LINUX_ANDROID_LA.UM.9.12.11.00.00.582.697
04-06 02:22:27.327 14987 15043 I AdrenoGLES-0: Remote Branch                    : NONE
04-06 02:22:27.327 14987 15043 I AdrenoGLES-0: Reconstruct Branch               : NOTHING
04-06 02:22:27.327 14987 15043 I AdrenoGLES-0: Build Config                     : S P 10.0.7 AArch64
04-06 02:22:27.327 14987 15043 I AdrenoGLES-0: Driver Path                      : /vendor/lib64/egl/libGLESv2_adreno.so
04-06 02:22:27.343 14987 15043 I AdrenoGLES-0: PFP: 0x016dd093, ME: 0x00000000
04-06 02:22:27.356 14987 15043 D OpenGLRenderer: RenderThread::setGrContext()
04-06 02:22:27.360 14987 14987 D AppCompatDelegate: Checking for metadata for AppLocalesMetadataHolderService : Service not found
04-06 02:22:27.368 14987 14987 D LifecycleMonitor: Lifecycle status change: com.evolucao.app.MainActivity@36d1a3a in: PRE_ON_CREATE
04-06 02:22:27.420 14987 14987 D SensorManager: registerListener :: 11, LSM6DSO Accelerometer, 66667, 0, 
04-06 02:22:27.444 14987 15060 D TrafficStats: tagSocket(107) with statsTag=0xffffffff, statsUid=-1
04-06 02:22:27.449 14987 14987 W unknown:BridgelessReact: ReactHost{0}.startSurface(surfaceId = 0): Schedule
04-06 02:22:27.449 14987 14987 W unknown:BridgelessReact: ReactHost{0}.attachSurface(surfaceId = 0)
04-06 02:22:27.451 14987 15061 W unknown:BridgelessReact: ReactHost{0}.getOrCreateReactInstanceTask()
04-06 02:22:27.452 14987 15061 W unknown:BridgelessReact: ReactHost{0}.getOrCreateReactInstanceTask(): Start
04-06 02:22:27.452 14987 15061 D Detox.RNMarker: REACT_BRIDGELESS_LOADING_START (null)
04-06 02:22:27.452 14987 15061 W unknown:BridgelessReact: ReactHost{0}.getJSBundleLoader()
04-06 02:22:27.452 14987 15061 W unknown:BridgelessReact: ReactHost{0}.isMetroRunning()
04-06 02:22:27.453 14987 14987 I DecorView: [INFO] isPopOver=false config=true
04-06 02:22:27.453 14987 14987 I DecorView: updateCaptionType: isFloating=false isApplication=true hasWindowDecorCaption=false this=DecorView@9505d54[]
04-06 02:22:27.453 14987 14987 D DecorView: setCaptionType = 0, this = DecorView@9505d54[]
04-06 02:22:27.456 14987 15062 D TrafficStats: tagSocket(109) with statsTag=0xffffffff, statsUid=-1
04-06 02:22:27.458 14987 14987 I DecorView: getCurrentDensityDpi: from real metrics. densityDpi=480 msg=resources_loaded
04-06 02:22:27.458 14987 14987 I DecorView: setWindowBackground: isPopOver=false color=ff303030 d=android.graphics.drawable.ColorDrawable@de473f9
04-06 02:22:27.463 14987 14987 W om.evolucao.app: Accessing hidden method Landroid/view/ViewGroup;->makeOptionalFitsSystemWindows()V (unsupported, reflection, allowed)
04-06 02:22:27.468 14987 14987 D LifecycleMonitor: Lifecycle status change: com.evolucao.app.MainActivity@36d1a3a in: CREATED
04-06 02:22:27.469 14987 14987 D LifecycleMonitor: Lifecycle status change: com.evolucao.app.MainActivity@36d1a3a in: STARTED
04-06 02:22:27.471 14987 14987 W unknown:BridgelessReact: ReactHost{0}.onHostResume(activity)
04-06 02:22:27.471 14987 14987 W unknown:ReactNative: Packager connection already open, nooping.
04-06 02:22:27.471 14987 14987 D LifecycleMonitor: Lifecycle status change: com.evolucao.app.MainActivity@36d1a3a in: RESUMED
04-06 02:22:27.472 14987 14987 I MSHandlerLifeCycle: check: return. pkg=com.evolucao.app parent=null callers=com.android.internal.policy.DecorView.setVisibility:4412 android.app.ActivityThread.handleResumeActivity:5476 android.app.servertransaction.ResumeActivityItem.execute:54 android.app.servertransaction.ActivityTransactionItem.execute:45 android.app.servertransaction.TransactionExecutor.executeLifecycleState:176 
04-06 02:22:27.472 14987 14987 I MSHandlerLifeCycle: removeMultiSplitHandler: no exist. decor=DecorView@9505d54[]
04-06 02:22:27.481 14987 15043 D NativeCustomFrequencyManager: [NativeCFMS] BpCustomFrequencyManager::BpCustomFrequencyManager()
04-06 02:22:27.484 14987 14987 I DecorView: notifyKeepScreenOnChanged: keepScreenOn=false
04-06 02:22:27.496 14987 14987 D InsetsController: onStateChanged: InsetsState: {mDisplayFrame=Rect(0, 0 - 1080, 2400), mDisplayCutout=DisplayCutout{insets=Rect(0, 88 - 0, 0) waterfall=Insets{left=0, top=0, right=0, bottom=0} boundingRect={Bounds=[Rect(0, 0 - 0, 0), Rect(512, 0 - 568, 88), Rect(0, 0 - 0, 0), Rect(0, 0 - 0, 0)]} cutoutPathParserInfo={CutoutPathParserInfo{displayWidth=1080 displayHeight=2400 physicalDisplayWidth=1080 physicalDisplayHeight=2400 density={3.0} cutoutSpec={M 0,0 M 0,10.71963616907435 a 9.280363830925644,9.280363830925644 0 1,0 0,18.56072766185129 a 9.280363830925644,9.280363830925644 0 1,0 0,-18.56072766185129 Z @dp} rotation={0} scale={1.0} physicalPixelDisplaySizeRatio={1.0}}}}, mRoundedCorners=RoundedCorners{[RoundedCorner{position=TopLeft, radius=96, center=Point(96, 96)}, RoundedCorner{position=TopRight, radius=96, center=Point(984, 96)}, RoundedCorner{position=BottomRight, radius=96, center=Point(984, 2304)}, RoundedCorner{position=BottomLeft, radius=96, center=Point(96, 2304)}]}  mRoundedCornerFrame=Rect(0, 0 - 1080, 2400), mPrivacyIndicatorBounds=PrivacyIndicatorBounds {static bounds=Rect(948, 0 - 1080, 88) rotation=0}, mSources= { InsetsSource: {mType=ITYPE_STATUS_BAR, mFrame=[0,0][1080,88], mVisible=false, mInsetsRoundedCornerFrame=false}, InsetsSource: {mType=ITYPE_NAVIGATION_BAR, mFrame=[0,2256][1080,2400], mVisible=true, mInsetsRoundedCornerFrame=false}, InsetsSource: {mType=ITYPE_LEFT_GESTURES, mFrame=[0,0][0,2400], mVisible=true, mInsetsRoundedCornerFrame=false}, InsetsSource: {mType=ITYPE_RIGHT_GESTURES, mFrame=[1080,0][1080,2400], mVisible=true, mInsetsRoundedCornerFrame=false}, InsetsSource: {mType=ITYPE_TOP_MANDATORY_GESTURES, mFrame=[0,0][1080,124], mVisible=true, mInsetsRoundedCornerFrame=false}, InsetsSource: {mType=ITYPE_BOTTOM_MANDATORY_GESTURES, mFrame=[0,2256][1080,2400], mVisible=true, mInsetsRoundedCornerFrame=false}, InsetsSource: {mType=ITYPE_LEFT_DISPLAY_CUTOUT, mFrame=[0,0][-100000,2400], mVisible=true, mInsetsRoundedCornerFrame=false}, InsetsSource: {mType=ITYPE_TOP_DISPLAY_CUTOUT, mFrame=[0,0][1080,88], mVisible=true, mInsetsRoundedCornerFrame=false}, InsetsSource: {mType=ITYPE_RIGHT_DISPLAY_CUTOUT, mFrame=[100000,0][1080,2400], mVisible=true, mInsetsRoundedCornerFrame=false}, InsetsSource: {mType=ITYPE_BOTTOM_DISPLAY_CUTOUT, mFrame=[0,100000][1080,2400], mVisible=true, mInsetsRoundedCornerFrame=false}, InsetsSource: {mType=ITYPE_TOP_TAPPABLE_ELEMENT, mFrame=[0,0][1080,88], mVisible=true, mInsetsRoundedCornerFrame=false}, InsetsSource: {mType=ITYPE_BOTTOM_TAPPABLE_ELEMENT, mFrame=[0,2256][1080,2400], mVisible=true, mInsetsRoundedCornerFrame=false}, InsetsSource: {mType=ITYPE_IME, mFrame=[0,0][0,0], mVisibleFrame=[0,1374][1080,2400], mVisible=false, mInsetsRoundedCornerFrame=false} } host=com.evolucao.app/com.evolucao.app.MainActivity from=android.view.ViewRootImpl.setView:1732
04-06 02:22:27.498 14987 14987 I ViewRootImpl@73623ee[MainActivity]: setView = com.android.internal.policy.DecorView@9505d54 TM=false
04-06 02:22:27.499 14987 14987 I MSHandlerLifeCycle: removeMultiSplitHandler: no exist. decor=DecorView@9505d54[MainActivity]
04-06 02:22:27.507 14987 15062 W unknown:BridgelessReact: ReactHost{0}.isMetroRunning(): Async result = true
04-06 02:22:27.508 14987 14987 I ViewRootImpl@73623ee[MainActivity]: performTraversals params={(0,0)(fillxfill) sim={adjust=resize forwardNavigation} layoutInDisplayCutoutMode=always ty=BASE_APPLICATION wanim=0x1030309
04-06 02:22:27.508 14987 14987 I ViewRootImpl@73623ee[MainActivity]:   fl=81810100
04-06 02:22:27.508 14987 14987 I ViewRootImpl@73623ee[MainActivity]:   pfl=16020040
04-06 02:22:27.508 14987 14987 I ViewRootImpl@73623ee[MainActivity]:   vsysui=100
04-06 02:22:27.508 14987 14987 I ViewRootImpl@73623ee[MainActivity]:   bhv=DEFAULT
04-06 02:22:27.508 14987 14987 I ViewRootImpl@73623ee[MainActivity]:   fitSides= naviIconColor=0}
04-06 02:22:27.509 14987 14987 I ViewRootImpl@73623ee[MainActivity]: performTraversals mFirst=true windowShouldResize=true viewVisibilityChanged=false mForceNextWindowRelayout=false params={(0,0)(fillxfill) sim={adjust=resize forwardNavigation} layoutInDisplayCutoutMode=always ty=BASE_APPLICATION wanim=0x1030309
04-06 02:22:27.509 14987 14987 I ViewRootImpl@73623ee[MainActivity]:   fl=81810100
04-06 02:22:27.509 14987 14987 I ViewRootImpl@73623ee[MainActivity]:   pfl=16020040
04-06 02:22:27.509 14987 14987 I ViewRootImpl@73623ee[MainActivity]:   vsysui=100
04-06 02:22:27.509 14987 14987 I ViewRootImpl@73623ee[MainActivity]:   bhv=DEFAULT
04-06 02:22:27.509 14987 14987 I ViewRootImpl@73623ee[MainActivity]:   fitSides= naviIconColor=0}
04-06 02:22:27.511 14987 15061 W unknown:BridgelessReact: ReactHost{0}.loadJSBundleFromMetro()
04-06 02:22:27.513 14987 15061 D Detox.RNMarker: DOWNLOAD_START (null)
04-06 02:22:27.516 14987 14987 I ViewRootImpl@73623ee[MainActivity]: updateBlastSurfaceIfNeeded mBlastBufferQueue=null isSameSurfaceControl=false
04-06 02:22:27.516 14987 14987 E BufferQueueProducer: Unable to open libpenguin.so: dlopen failed: library "libpenguin.so" not found.
04-06 02:22:27.517 14987 14987 I BLASTBufferQueue: new BLASTBufferQueue, mName= ViewRootImpl@73623ee[MainActivity] mNativeObject= 0xb4000070c2c34c00 sc.mNativeObject= 0xb4000070a0cced20 caller= android.view.ViewRootImpl.updateBlastSurfaceIfNeeded:2909 android.view.ViewRootImpl.relayoutWindow:9847 android.view.ViewRootImpl.performTraversals:3884 android.view.ViewRootImpl.doTraversal:3116 android.view.ViewRootImpl$TraversalRunnable.run:10885 android.view.Choreographer$CallbackRecord.run:1301 android.view.Choreographer$CallbackRecord.run:1309 android.view.Choreographer.doCallbacks:923 android.view.Choreographer.doFrame:852 android.view.Choreographer$FrameDisplayEventReceiver.run:1283 
04-06 02:22:27.517 14987 14987 I BLASTBufferQueue: update, w= 1080 h= 2400 mName = ViewRootImpl@73623ee[MainActivity] mNativeObject= 0xb4000070c2c34c00 sc.mNativeObject= 0xb4000070a0cced20 format= -1 caller= android.graphics.BLASTBufferQueue.<init>:84 android.view.ViewRootImpl.updateBlastSurfaceIfNeeded:2909 android.view.ViewRootImpl.relayoutWindow:9847 android.view.ViewRootImpl.performTraversals:3884 android.view.ViewRootImpl.doTraversal:3116 android.view.ViewRootImpl$TraversalRunnable.run:10885 
04-06 02:22:27.517 14987 14987 I ViewRootImpl@73623ee[MainActivity]: Relayout returned: old=(0,0,1080,2400) new=(0,0,1080,2400) req=(1080,2400)0 dur=7 res=0x3 s={true 0xb4000070a0e83000} ch=true seqId=0
04-06 02:22:27.519 14987 14987 I ViewRootImpl@73623ee[MainActivity]: mThreadedRenderer.initialize() mSurface={isValid=true 0xb4000070a0e83000} hwInitialized=true
04-06 02:22:27.520 14987 14987 I ViewRootImpl@73623ee[MainActivity]: reportNextDraw android.view.ViewRootImpl.performTraversals:4438 android.view.ViewRootImpl.doTraversal:3116 android.view.ViewRootImpl$TraversalRunnable.run:10885 android.view.Choreographer$CallbackRecord.run:1301 android.view.Choreographer$CallbackRecord.run:1309 
04-06 02:22:27.520 14987 14987 I ViewRootImpl@73623ee[MainActivity]: Setup new sync id=0
04-06 02:22:27.520 14987 14987 I ViewRootImpl@73623ee[MainActivity]: Setting syncFrameCallback
04-06 02:22:27.520 14987 14987 I ViewRootImpl@73623ee[MainActivity]: registerCallbacksForSync syncBuffer=false
04-06 02:22:27.520 14987 15043 D OpenGLRenderer: eglCreateWindowSurface
04-06 02:22:27.521 14987 15066 I ViewRootImpl@73623ee[MainActivity]: Received frameDrawingCallback syncResult=0 frameNum=1.
04-06 02:22:27.522 14987 15066 I ViewRootImpl@73623ee[MainActivity]: Setting up sync and frameCommitCallback
04-06 02:22:27.537 14987 15057 I ViewRootImpl@73623ee[MainActivity]: Resizing android.view.ViewRootImpl@25a16ab: frame = [0,0][1080,2400] reportDraw = true forceLayout = false syncSeqId = 0
04-06 02:22:27.538 14987 15043 I BLASTBufferQueue: [ViewRootImpl@73623ee[MainActivity]#0](f:0,a:0) onFrameAvailable the first frame is available
04-06 02:22:27.539 14987 15043 I ViewRootImpl@73623ee[MainActivity]: Received frameCommittedCallback lastAttemptedDrawFrameNum=1 didProduceBuffer=true
04-06 02:22:27.540 14987 15043 D OpenGLRenderer: CFMS:: SetUp Pid : 14987    Tid : 15043
04-06 02:22:27.542 14987 15043 W Parcel  : Expecting binder but got null!
04-06 02:22:27.542 14987 14987 I ViewRootImpl@73623ee[MainActivity]: onSyncComplete
04-06 02:22:27.543 14987 14987 I ViewRootImpl@73623ee[MainActivity]: setupSync seqId=0 mSyncId=0 fn=1 caller=android.view.ViewRootImpl$$ExternalSyntheticLambda11.accept:6 android.window.SurfaceSyncer.lambda$setupSync$1$android-window-SurfaceSyncer:128 android.window.SurfaceSyncer$$ExternalSyntheticLambda1.accept:8 android.window.SurfaceSyncer$SyncSet.checkIfSyncIsComplete:382 android.window.SurfaceSyncer$SyncSet.markSyncReady:359 android.window.SurfaceSyncer.markSyncReady:151 android.view.ViewRootImpl.performTraversals:4503 
04-06 02:22:27.543 14987 14987 I ViewRootImpl@73623ee[MainActivity]: reportDrawFinished seqId=0 mSyncId=-1 fn=1 mSurfaceChangedTransaction=0xb4000070a6e17100
04-06 02:22:27.547 14987 14987 D CompatibilityChangeReporter: Compat change id reported: 210923482; UID 10385; state: ENABLED
04-06 02:22:27.552 14987 15043 D NativeCustomFrequencyManager: [NativeCFMS] BpCustomFrequencyManager::BpCustomFrequencyManager()
04-06 02:22:27.554 14987 14987 D InsetsController: onStateChanged: InsetsState: {mDisplayFrame=Rect(0, 0 - 1080, 2400), mDisplayCutout=DisplayCutout{insets=Rect(0, 88 - 0, 0) waterfall=Insets{left=0, top=0, right=0, bottom=0} boundingRect={Bounds=[Rect(0, 0 - 0, 0), Rect(512, 0 - 568, 88), Rect(0, 0 - 0, 0), Rect(0, 0 - 0, 0)]} cutoutPathParserInfo={CutoutPathParserInfo{displayWidth=1080 displayHeight=2400 physicalDisplayWidth=1080 physicalDisplayHeight=2400 density={3.0} cutoutSpec={M 0,0 M 0,10.71963616907435 a 9.280363830925644,9.280363830925644 0 1,0 0,18.56072766185129 a 9.280363830925644,9.280363830925644 0 1,0 0,-18.56072766185129 Z @dp} rotation={0} scale={1.0} physicalPixelDisplaySizeRatio={1.0}}}}, mRoundedCorners=RoundedCorners{[RoundedCorner{position=TopLeft, radius=96, center=Point(96, 96)}, RoundedCorner{position=TopRight, radius=96, center=Point(984, 96)}, RoundedCorner{position=BottomRight, radius=96, center=Point(984, 2304)}, RoundedCorner{position=BottomLeft, radius=96, center=Point(96, 2304)}]}  mRoundedCornerFrame=Rect(0, 0 - 1080, 2400), mPrivacyIndicatorBounds=PrivacyIndicatorBounds {static bounds=Rect(948, 0 - 1080, 88) rotation=0}, mSources= { InsetsSource: {mType=ITYPE_STATUS_BAR, mFrame=[0,0][1080,88], mVisible=true, mInsetsRoundedCornerFrame=false}, InsetsSource: {mType=ITYPE_NAVIGATION_BAR, mFrame=[0,2256][1080,2400], mVisible=true, mInsetsRoundedCornerFrame=false}, InsetsSource: {mType=ITYPE_LEFT_GESTURES, mFrame=[0,0][0,2400], mVisible=true, mInsetsRoundedCornerFrame=false}, InsetsSource: {mType=ITYPE_RIGHT_GESTURES, mFrame=[1080,0][1080,2400], mVisible=true, mInsetsRoundedCornerFrame=false}, InsetsSource: {mType=ITYPE_TOP_MANDATORY_GESTURES, mFrame=[0,0][1080,124], mVisible=true, mInsetsRoundedCornerFrame=false}, InsetsSource: {mType=ITYPE_BOTTOM_MANDATORY_GESTURES, mFrame=[0,2256][1080,2400], mVisible=true, mInsetsRoundedCornerFrame=false}, InsetsSource: {mType=ITYPE_LEFT_DISPLAY_CUTOUT, mFrame=[0,0][-100000,2400], mVisible=true, mInsetsRoundedCornerFrame=false}, InsetsSource: {mType=ITYPE_TOP_DISPLAY_CUTOUT, mFrame=[0,0][1080,88], mVisible=true, mInsetsRoundedCornerFrame=false}, InsetsSource: {mType=ITYPE_RIGHT_DISPLAY_CUTOUT, mFrame=[100000,0][1080,2400], mVisible=true, mInsetsRoundedCornerFrame=false}, InsetsSource: {mType=ITYPE_BOTTOM_DISPLAY_CUTOUT, mFrame=[0,100000][1080,2400], mVisible=true, mInsetsRoundedCornerFrame=false}, InsetsSource: {mType=ITYPE_TOP_TAPPABLE_ELEMENT, mFrame=[0,0][1080,88], mVisible=true, mInsetsRoundedCornerFrame=false}, InsetsSource: {mType=ITYPE_BOTTOM_TAPPABLE_ELEMENT, mFrame=[0,2256][1080,2400], mVisible=true, mInsetsRoundedCornerFrame=false}, InsetsSource: {mType=ITYPE_IME, mFrame=[0,0][0,0], mVisibleFrame=[0,1374][1080,2400], mVisible=false, mInsetsRoundedCornerFrame=false} } host=PopupWindow:f832caa from=android.view.ViewRootImpl.setView:1732
04-06 02:22:27.555 14987 14987 I ViewRootImpl@7f2009b[PopupWindow:f832caa]: setView = android.widget.PopupWindow$PopupDecorView@9660b77 TM=false
04-06 02:22:27.559 14987 14987 I ViewRootImpl@7f2009b[PopupWindow:f832caa]: performTraversals params={(0,88)(fillxwrap) gr=TOP START CENTER sim={state=unchanged adjust=pan} ty=APPLICATION_PANEL fmt=TRANSLUCENT surfaceInsets=Rect(0, 0 - 0, 0) (manual)
04-06 02:22:27.559 14987 14987 I ViewRootImpl@7f2009b[PopupWindow:f832caa]:   fl=41800008
04-06 02:22:27.559 14987 14987 I ViewRootImpl@7f2009b[PopupWindow:f832caa]:   pfl=42018000
04-06 02:22:27.559 14987 14987 I ViewRootImpl@7f2009b[PopupWindow:f832caa]:   bhv=DEFAULT
04-06 02:22:27.559 14987 14987 I ViewRootImpl@7f2009b[PopupWindow:f832caa]:   fitTypes=STATUS_BARS NAVIGATION_BARS CAPTION_BAR naviIconColor=0
04-06 02:22:27.559 14987 14987 I ViewRootImpl@7f2009b[PopupWindow:f832caa]:   sfl=20000}
04-06 02:22:27.559 14987 14987 I ViewRootImpl@7f2009b[PopupWindow:f832caa]: performTraversals mFirst=true windowShouldResize=true viewVisibilityChanged=false mForceNextWindowRelayout=false params={(0,88)(fillxwrap) gr=TOP START CENTER sim={state=unchanged adjust=pan} ty=APPLICATION_PANEL fmt=TRANSLUCENT surfaceInsets=Rect(0, 0 - 0, 0) (manual)
04-06 02:22:27.559 14987 14987 I ViewRootImpl@7f2009b[PopupWindow:f832caa]:   fl=41800008
04-06 02:22:27.559 14987 14987 I ViewRootImpl@7f2009b[PopupWindow:f832caa]:   pfl=42018000
04-06 02:22:27.559 14987 14987 I ViewRootImpl@7f2009b[PopupWindow:f832caa]:   bhv=DEFAULT
04-06 02:22:27.559 14987 14987 I ViewRootImpl@7f2009b[PopupWindow:f832caa]:   fitTypes=STATUS_BARS NAVIGATION_BARS CAPTION_BAR naviIconColor=0
04-06 02:22:27.559 14987 14987 I ViewRootImpl@7f2009b[PopupWindow:f832caa]:   sfl=20000}
04-06 02:22:27.564 14987 15057 I ViewRootImpl@7f2009b[PopupWindow:f832caa]: Resizing android.view.ViewRootImpl@cfb53e4: frame = [0,88][1080,167] reportDraw = true forceLayout = false syncSeqId = 0
04-06 02:22:27.565 14987 14987 I ViewRootImpl@7f2009b[PopupWindow:f832caa]: updateBlastSurfaceIfNeeded mBlastBufferQueue=null isSameSurfaceControl=false
04-06 02:22:27.565 14987 14987 I BLASTBufferQueue: new BLASTBufferQueue, mName= ViewRootImpl@7f2009b[PopupWindow:f832caa] mNativeObject= 0xb4000070a0e63500 sc.mNativeObject= 0xb4000070a0cd0260 caller= android.view.ViewRootImpl.updateBlastSurfaceIfNeeded:2909 android.view.ViewRootImpl.relayoutWindow:9847 android.view.ViewRootImpl.performTraversals:3884 android.view.ViewRootImpl.doTraversal:3116 android.view.ViewRootImpl$TraversalRunnable.run:10885 android.view.Choreographer$CallbackRecord.run:1301 android.view.Choreographer$CallbackRecord.run:1309 android.view.Choreographer.doCallbacks:923 android.view.Choreographer.doFrame:852 android.view.Choreographer$FrameDisplayEventReceiver.run:1283 
04-06 02:22:27.565 14987 14987 I BLASTBufferQueue: update, w= 1080 h= 79 mName = ViewRootImpl@7f2009b[PopupWindow:f832caa] mNativeObject= 0xb4000070a0e63500 sc.mNativeObject= 0xb4000070a0cd0260 format= -3 caller= android.graphics.BLASTBufferQueue.<init>:84 android.view.ViewRootImpl.updateBlastSurfaceIfNeeded:2909 android.view.ViewRootImpl.relayoutWindow:9847 android.view.ViewRootImpl.performTraversals:3884 android.view.ViewRootImpl.doTraversal:3116 android.view.ViewRootImpl$TraversalRunnable.run:10885 
04-06 02:22:27.565 14987 14987 I ViewRootImpl@7f2009b[PopupWindow:f832caa]: Relayout returned: old=(0,88,1080,2256) new=(0,88,1080,167) req=(1080,79)0 dur=6 res=0x3 s={true 0xb4000070a0e85800} ch=true seqId=0
04-06 02:22:27.566 14987 14987 I ViewRootImpl@7f2009b[PopupWindow:f832caa]: mThreadedRenderer.initialize() mSurface={isValid=true 0xb4000070a0e85800} hwInitialized=true
04-06 02:22:27.566 14987 15043 D OpenGLRenderer: eglCreateWindowSurface
04-06 02:22:27.567 14987 14987 I ViewRootImpl@7f2009b[PopupWindow:f832caa]: reportNextDraw android.view.ViewRootImpl.performTraversals:4438 android.view.ViewRootImpl.doTraversal:3116 android.view.ViewRootImpl$TraversalRunnable.run:10885 android.view.Choreographer$CallbackRecord.run:1301 android.view.Choreographer$CallbackRecord.run:1309 
04-06 02:22:27.567 14987 14987 I ViewRootImpl@7f2009b[PopupWindow:f832caa]: Setup new sync id=0
04-06 02:22:27.567 14987 14987 I ViewRootImpl@7f2009b[PopupWindow:f832caa]: Setting syncFrameCallback
04-06 02:22:27.567 14987 14987 I ViewRootImpl@7f2009b[PopupWindow:f832caa]: registerCallbacksForSync syncBuffer=false
04-06 02:22:27.568 14987 15067 I ViewRootImpl@7f2009b[PopupWindow:f832caa]: Received frameDrawingCallback syncResult=0 frameNum=1.
04-06 02:22:27.568 14987 15067 I ViewRootImpl@7f2009b[PopupWindow:f832caa]: Setting up sync and frameCommitCallback
04-06 02:22:27.574 14987 15043 I BLASTBufferQueue: [ViewRootImpl@7f2009b[PopupWindow:f832caa]#1](f:0,a:0) onFrameAvailable the first frame is available
04-06 02:22:27.575 14987 15043 I ViewRootImpl@7f2009b[PopupWindow:f832caa]: Received frameCommittedCallback lastAttemptedDrawFrameNum=1 didProduceBuffer=true
04-06 02:22:27.575 14987 15043 D OpenGLRenderer: CFMS:: SetUp Pid : 14987    Tid : 15043
04-06 02:22:27.575 14987 15043 W Parcel  : Expecting binder but got null!
04-06 02:22:27.575 14987 14987 I ViewRootImpl@7f2009b[PopupWindow:f832caa]: onSyncComplete
04-06 02:22:27.575 14987 14987 I ViewRootImpl@7f2009b[PopupWindow:f832caa]: setupSync seqId=0 mSyncId=0 fn=1 caller=android.view.ViewRootImpl$$ExternalSyntheticLambda11.accept:6 android.window.SurfaceSyncer.lambda$setupSync$1$android-window-SurfaceSyncer:128 android.window.SurfaceSyncer$$ExternalSyntheticLambda1.accept:8 android.window.SurfaceSyncer$SyncSet.checkIfSyncIsComplete:382 android.window.SurfaceSyncer$SyncSet.markSyncReady:359 android.window.SurfaceSyncer.markSyncReady:151 android.view.ViewRootImpl.performTraversals:4503 
04-06 02:22:27.576 14987 14987 I ViewRootImpl@7f2009b[PopupWindow:f832caa]: reportDrawFinished seqId=0 mSyncId=-1 fn=1 mSurfaceChangedTransaction=0xb4000070c2da4300
04-06 02:22:27.576 14987 14987 D InsetsController: onStateChanged: InsetsState: {mDisplayFrame=Rect(0, 0 - 1080, 2400), mDisplayCutout=DisplayCutout{insets=Rect(0, 88 - 0, 0) waterfall=Insets{left=0, top=0, right=0, bottom=0} boundingRect={Bounds=[Rect(0, 0 - 0, 0), Rect(512, 0 - 568, 88), Rect(0, 0 - 0, 0), Rect(0, 0 - 0, 0)]} cutoutPathParserInfo={CutoutPathParserInfo{displayWidth=1080 displayHeight=2400 physicalDisplayWidth=1080 physicalDisplayHeight=2400 density={3.0} cutoutSpec={M 0,0 M 0,10.71963616907435 a 9.280363830925644,9.280363830925644 0 1,0 0,18.56072766185129 a 9.280363830925644,9.280363830925644 0 1,0 0,-18.56072766185129 Z @dp} rotation={0} scale={1.0} physicalPixelDisplaySizeRatio={1.0}}}}, mRoundedCorners=RoundedCorners{[RoundedCorner{position=TopLeft, radius=96, center=Point(96, 96)}, RoundedCorner{position=TopRight, radius=96, center=Point(984, 96)}, RoundedCorner{position=BottomRight, radius=96, center=Point(984, 2304)}, RoundedCorner{position=BottomLeft, radius=96, center=Point(96, 2304)}]}  mRoundedCornerFrame=Rect(0, 0 - 1080, 2400), mPrivacyIndicatorBounds=PrivacyIndicatorBounds {static bounds=Rect(948, 0 - 1080, 88) rotation=0}, mSources= { InsetsSource: {mType=ITYPE_STATUS_BAR, mFrame=[0,0][1080,88], mVisible=false, mInsetsRoundedCornerFrame=false}, InsetsSource: {mType=ITYPE_NAVIGATION_BAR, mFrame=[0,2256][1080,2400], mVisible=true, mInsetsRoundedCornerFrame=false}, InsetsSource: {mType=ITYPE_LEFT_GESTURES, mFrame=[0,0][0,2400], mVisible=true, mInsetsRoundedCornerFrame=false}, InsetsSource: {mType=ITYPE_RIGHT_GESTURES, mFrame=[1080,0][1080,2400], mVisible=true, mInsetsRoundedCornerFrame=false}, InsetsSource: {mType=ITYPE_TOP_MANDATORY_GESTURES, mFrame=[0,0][1080,124], mVisible=true, mInsetsRoundedCornerFrame=false}, InsetsSource: {mType=ITYPE_BOTTOM_MANDATORY_GESTURES, mFrame=[0,2256][1080,2400], mVisible=true, mInsetsRoundedCornerFrame=false}, InsetsSource: {mType=ITYPE_LEFT_DISPLAY_CUTOUT, mFrame=[0,0][-100000,2400], mVisible=true, mInsetsRoundedCornerFrame=false}, InsetsSource: {mType=ITYPE_TOP_DISPLAY_CUTOUT, mFrame=[0,0][1080,88], mVisible=true, mInsetsRoundedCornerFrame=false}, InsetsSource: {mType=ITYPE_RIGHT_DISPLAY_CUTOUT, mFrame=[100000,0][1080,2400], mVisible=true, mInsetsRoundedCornerFrame=false}, InsetsSource: {mType=ITYPE_BOTTOM_DISPLAY_CUTOUT, mFrame=[0,100000][1080,2400], mVisible=true, mInsetsRoundedCornerFrame=false}, InsetsSource: {mType=ITYPE_TOP_TAPPABLE_ELEMENT, mFrame=[0,0][1080,88], mVisible=true, mInsetsRoundedCornerFrame=false}, InsetsSource: {mType=ITYPE_BOTTOM_TAPPABLE_ELEMENT, mFrame=[0,2256][1080,2400], mVisible=true, mInsetsRoundedCornerFrame=false}, InsetsSource: {mType=ITYPE_IME, mFrame=[0,0][0,0], mVisibleFrame=[0,1374][1080,2400], mVisible=false, mInsetsRoundedCornerFrame=false} } host=com.evolucao.app/com.evolucao.app.MainActivity from=android.view.ViewRootImpl$ViewRootHandler.handleMessageImpl:6740
04-06 02:22:27.578 14987 14987 D InsetsController: controlAnimationUnchecked: Added types=1 animType=0 host=com.evolucao.app/com.evolucao.app.MainActivity from=android.view.InsetsController.applyAnimation:1576 android.view.InsetsController.applyAnimation:1557 android.view.InsetsController.onControlsChanged:992 
04-06 02:22:27.578 14987 14987 D InsetsController: onStateChanged: InsetsState: {mDisplayFrame=Rect(0, 0 - 1080, 2400), mDisplayCutout=DisplayCutout{insets=Rect(0, 88 - 0, 0) waterfall=Insets{left=0, top=0, right=0, bottom=0} boundingRect={Bounds=[Rect(0, 0 - 0, 0), Rect(512, 0 - 568, 88), Rect(0, 0 - 0, 0), Rect(0, 0 - 0, 0)]} cutoutPathParserInfo={CutoutPathParserInfo{displayWidth=1080 displayHeight=2400 physicalDisplayWidth=1080 physicalDisplayHeight=2400 density={3.0} cutoutSpec={M 0,0 M 0,10.71963616907435 a 9.280363830925644,9.280363830925644 0 1,0 0,18.56072766185129 a 9.280363830925644,9.280363830925644 0 1,0 0,-18.56072766185129 Z @dp} rotation={0} scale={1.0} physicalPixelDisplaySizeRatio={1.0}}}}, mRoundedCorners=RoundedCorners{[RoundedCorner{position=TopLeft, radius=96, center=Point(96, 96)}, RoundedCorner{position=TopRight, radius=96, center=Point(984, 96)}, RoundedCorner{position=BottomRight, radius=96, center=Point(984, 2304)}, RoundedCorner{position=BottomLeft, radius=96, center=Point(96, 2304)}]}  mRoundedCornerFrame=Rect(0, 0 - 1080, 2400), mPrivacyIndicatorBounds=PrivacyIndicatorBounds {static bounds=Rect(948, 0 - 1080, 88) rotation=0}, mSources= { InsetsSource: {mType=ITYPE_STATUS_BAR, mFrame=[0,0][1080,88], mVisible=true, mInsetsRoundedCornerFrame=false}, InsetsSource: {mType=ITYPE_NAVIGATION_BAR, mFrame=[0,2256][1080,2400], mVisible=true, mInsetsRoundedCornerFrame=false}, InsetsSource: {mType=ITYPE_LEFT_GESTURES, mFrame=[0,0][0,2400], mVisible=true, mInsetsRoundedCornerFrame=false}, InsetsSource: {mType=ITYPE_RIGHT_GESTURES, mFrame=[1080,0][1080,2400], mVisible=true, mInsetsRoundedCornerFrame=false}, InsetsSource: {mType=ITYPE_TOP_MANDATORY_GESTURES, mFrame=[0,0][1080,124], mVisible=true, mInsetsRoundedCornerFrame=false}, InsetsSource: {mType=ITYPE_BOTTOM_MANDATORY_GESTURES, mFrame=[0,2256][1080,2400], mVisible=true, mInsetsRoundedCornerFrame=false}, InsetsSource: {mType=ITYPE_LEFT_DISPLAY_CUTOUT, mFrame=[0,0][-100000,2400], mVisible=true, mInsetsRoundedCornerFrame=false}, InsetsSource: {mType=ITYPE_TOP_DISPLAY_CUTOUT, mFrame=[0,0][1080,88], mVisible=true, mInsetsRoundedCornerFrame=false}, InsetsSource: {mType=ITYPE_RIGHT_DISPLAY_CUTOUT, mFrame=[100000,0][1080,2400], mVisible=true, mInsetsRoundedCornerFrame=false}, InsetsSource: {mType=ITYPE_BOTTOM_DISPLAY_CUTOUT, mFrame=[0,100000][1080,2400], mVisible=true, mInsetsRoundedCornerFrame=false}, InsetsSource: {mType=ITYPE_TOP_TAPPABLE_ELEMENT, mFrame=[0,0][1080,88], mVisible=true, mInsetsRoundedCornerFrame=false}, InsetsSource: {mType=ITYPE_BOTTOM_TAPPABLE_ELEMENT, mFrame=[0,2256][1080,2400], mVisible=true, mInsetsRoundedCornerFrame=false}, InsetsSource: {mType=ITYPE_IME, mFrame=[0,0][0,0], mVisibleFrame=[0,1374][1080,2400], mVisible=false, mInsetsRoundedCornerFrame=false} } host=com.evolucao.app/com.evolucao.app.MainActivity from=android.view.ViewRootImpl$ViewRootHandler.handleMessageImpl:6727
04-06 02:22:27.578 14987 14987 I ViewRootImpl@73623ee[MainActivity]: handleResized, msg = 5 frames=ClientWindowFrames{frame=[0,0][1080,2400] display=[0,0][1080,2400] parentFrame=[0,0][0,0] parentClippedByDisplayCutout=false} forceNextWindowRelayout=false displayId=0 resizeMode=-1 frameChanged=false displayFrameChanged=false configChanged=false displayChanged=false
04-06 02:22:27.578 14987 14987 I ViewRootImpl@73623ee[MainActivity]: handleResized mSyncSeqId = 0
04-06 02:22:27.578 14987 14987 I ViewRootImpl@73623ee[MainActivity]: reportNextDraw android.view.ViewRootImpl.handleResized:2450 android.view.ViewRootImpl.-$$Nest$mhandleResized:0 android.view.ViewRootImpl$ViewRootHandler.handleMessageImpl:6728 android.view.ViewRootImpl$ViewRootHandler.handleMessage:6697 android.os.Handler.dispatchMessage:106 
04-06 02:22:27.582 14987 14987 I ViewRootImpl@73623ee[MainActivity]: Setup new sync id=1
04-06 02:22:27.582 14987 14987 I ViewRootImpl@73623ee[MainActivity]: Setting syncFrameCallback
04-06 02:22:27.582 14987 14987 I ViewRootImpl@73623ee[MainActivity]: registerCallbacksForSync syncBuffer=false
04-06 02:22:27.583 14987 15066 I ViewRootImpl@73623ee[MainActivity]: Received frameDrawingCallback syncResult=0 frameNum=2.
04-06 02:22:27.583 14987 15066 I ViewRootImpl@73623ee[MainActivity]: Setting up sync and frameCommitCallback
04-06 02:22:27.583 14987 15043 I ViewRootImpl@73623ee[MainActivity]: Received frameCommittedCallback lastAttemptedDrawFrameNum=2 didProduceBuffer=true
04-06 02:22:27.583 14987 14987 I ViewRootImpl@73623ee[MainActivity]: onSyncComplete
04-06 02:22:27.584 14987 14987 I ViewRootImpl@73623ee[MainActivity]: setupSync seqId=0 mSyncId=1 fn=2 caller=android.view.ViewRootImpl$$ExternalSyntheticLambda11.accept:6 android.window.SurfaceSyncer.lambda$setupSync$1$android-window-SurfaceSyncer:128 android.window.SurfaceSyncer$$ExternalSyntheticLambda1.accept:8 android.window.SurfaceSyncer$SyncSet.checkIfSyncIsComplete:382 android.window.SurfaceSyncer$SyncSet.markSyncReady:359 android.window.SurfaceSyncer.markSyncReady:151 android.view.ViewRootImpl.performTraversals:4503 
04-06 02:22:27.584 14987 14987 I ViewRootImpl@73623ee[MainActivity]: reportDrawFinished seqId=0 mSyncId=-1 fn=2 mSurfaceChangedTransaction=0xb4000070a6e17100
04-06 02:22:27.584 14987 14987 I ViewRootImpl@7f2009b[PopupWindow:f832caa]: handleResized, msg = 5 frames=ClientWindowFrames{frame=[0,88][1080,167] display=[0,88][1080,2256] parentFrame=[0,0][0,0] parentClippedByDisplayCutout=false} forceNextWindowRelayout=false displayId=0 resizeMode=-1 frameChanged=false displayFrameChanged=false configChanged=false displayChanged=false
04-06 02:22:27.584 14987 14987 I ViewRootImpl@7f2009b[PopupWindow:f832caa]: handleResized mSyncSeqId = 0
04-06 02:22:27.584 14987 14987 I ViewRootImpl@7f2009b[PopupWindow:f832caa]: reportNextDraw android.view.ViewRootImpl.handleResized:2450 android.view.ViewRootImpl.-$$Nest$mhandleResized:0 android.view.ViewRootImpl$ViewRootHandler.handleMessageImpl:6728 android.view.ViewRootImpl$ViewRootHandler.handleMessage:6697 android.os.Handler.dispatchMessage:106 
04-06 02:22:27.584 14987 14987 I ViewRootImpl@73623ee[MainActivity]: MSG_WINDOW_FOCUS_CHANGED 1 0
04-06 02:22:27.584 14987 14987 I ViewRootImpl@73623ee[MainActivity]: mThreadedRenderer.initializeIfNeeded()#2 mSurface={isValid=true 0xb4000070a0e83000}
04-06 02:22:27.585 14987 14987 W unknown:BridgelessReact: ReactHost{0}.raiseSoftException(onWindowFocusChange(hasFocus = "true")): Tried to access onWindowFocusChange while context is not ready
04-06 02:22:27.586 14987 14987 E unknown:ReactHost: Unhandled SoftException
04-06 02:22:27.586 14987 14987 E unknown:ReactHost: com.facebook.react.bridge.ReactNoCrashSoftException: raiseSoftException(onWindowFocusChange(hasFocus = "true")): Tried to access onWindowFocusChange while context is not ready
04-06 02:22:27.586 14987 14987 E unknown:ReactHost: 	at com.facebook.react.runtime.ReactHostImpl.raiseSoftException(ReactHostImpl.kt:861)
04-06 02:22:27.586 14987 14987 E unknown:ReactHost: 	at com.facebook.react.runtime.ReactHostImpl.raiseSoftException$default(ReactHostImpl.kt:852)
04-06 02:22:27.586 14987 14987 E unknown:ReactHost: 	at com.facebook.react.runtime.ReactHostImpl.onWindowFocusChange(ReactHostImpl.kt:625)
04-06 02:22:27.586 14987 14987 E unknown:ReactHost: 	at com.facebook.react.ReactDelegate.onWindowFocusChanged(ReactDelegate.kt:232)
04-06 02:22:27.586 14987 14987 E unknown:ReactHost: 	at com.facebook.react.ReactActivityDelegate.onWindowFocusChanged(ReactActivityDelegate.java:237)
04-06 02:22:27.586 14987 14987 E unknown:ReactHost: 	at expo.modules.ReactActivityDelegateWrapper$onWindowFocusChanged$1.invokeSuspend(ReactActivityDelegateWrapper.kt:320)
04-06 02:22:27.586 14987 14987 E unknown:ReactHost: 	at expo.modules.ReactActivityDelegateWrapper$onWindowFocusChanged$1.invoke(Unknown Source:8)
04-06 02:22:27.586 14987 14987 E unknown:ReactHost: 	at expo.modules.ReactActivityDelegateWrapper$onWindowFocusChanged$1.invoke(Unknown Source:4)
04-06 02:22:27.586 14987 14987 E unknown:ReactHost: 	at expo.modules.ReactActivityDelegateWrapper$launchLifecycleScopeWithLock$1.invokeSuspend(ReactActivityDelegateWrapper.kt:452)
04-06 02:22:27.586 14987 14987 E unknown:ReactHost: 	at kotlin.coroutines.jvm.internal.BaseContinuationImpl.resumeWith(ContinuationImpl.kt:33)
04-06 02:22:27.586 14987 14987 E unknown:ReactHost: 	at kotlinx.coroutines.internal.DispatchedContinuationKt.resumeCancellableWith(DispatchedContinuation.kt:375)
04-06 02:22:27.586 14987 14987 E unknown:ReactHost: 	at kotlinx.coroutines.intrinsics.CancellableKt.startCoroutineCancellable(Cancellable.kt:26)
04-06 02:22:27.586 14987 14987 E unknown:ReactHost: 	at kotlinx.coroutines.CoroutineStart.invoke(CoroutineStart.kt:358)
04-06 02:22:27.586 14987 14987 E unknown:ReactHost: 	at kotlinx.coroutines.AbstractCoroutine.start(AbstractCoroutine.kt:134)
04-06 02:22:27.586 14987 14987 E unknown:ReactHost: 	at kotlinx.coroutines.BuildersKt__Builders_commonKt.launch(Builders.common.kt:53)
04-06 02:22:27.586 14987 14987 E unknown:ReactHost: 	at kotlinx.coroutines.BuildersKt.launch(Unknown Source:1)
04-06 02:22:27.586 14987 14987 E unknown:ReactHost: 	at kotlinx.coroutines.BuildersKt__Builders_commonKt.launch$default(Builders.common.kt:44)
04-06 02:22:27.586 14987 14987 E unknown:ReactHost: 	at kotlinx.coroutines.BuildersKt.launch$default(Unknown Source:1)
04-06 02:22:27.586 14987 14987 E unknown:ReactHost: 	at expo.modules.ReactActivityDelegateWrapper.launchLifecycleScopeWithLock(ReactActivityDelegateWrapper.kt:450)
04-06 02:22:27.586 14987 14987 E unknown:ReactHost: 	at expo.modules.ReactActivityDelegateWrapper.launchLifecycleScopeWithLock$default(ReactActivityDelegateWrapper.kt:446)
04-06 02:22:27.586 14987 14987 E unknown:ReactHost: 	at expo.modules.ReactActivityDelegateWrapper.onWindowFocusChanged(ReactActivityDelegateWrapper.kt:318)
04-06 02:22:27.586 14987 14987 E unknown:ReactHost: 	at com.facebook.react.ReactActivity.onWindowFocusChanged(ReactActivity.java:158)
04-06 02:22:27.586 14987 14987 E unknown:ReactHost: 	at androidx.appcompat.view.WindowCallbackWrapper.onWindowFocusChanged(WindowCallbackWrapper.java:124)
04-06 02:22:27.586 14987 14987 E unknown:ReactHost: 	at com.android.internal.policy.DecorView.onWindowFocusChanged(DecorView.java:2710)
04-06 02:22:27.586 14987 14987 E unknown:ReactHost: 	at android.view.View.dispatchWindowFocusChanged(View.java:15817)
04-06 02:22:27.586 14987 14987 E unknown:ReactHost: 	at android.view.ViewGroup.dispatchWindowFocusChanged(ViewGroup.java:1512)
04-06 02:22:27.586 14987 14987 E unknown:ReactHost: 	at android.view.ViewRootImpl.handleWindowFocusChanged(ViewRootImpl.java:4678)
04-06 02:22:27.586 14987 14987 E unknown:ReactHost: 	at android.view.ViewRootImpl.-$$Nest$mhandleWindowFocusChanged(Unknown Source:0)
04-06 02:22:27.586 14987 14987 E unknown:ReactHost: 	at android.view.ViewRootImpl$ViewRootHandler.handleMessageImpl(ViewRootImpl.java:6788)
04-06 02:22:27.586 14987 14987 E unknown:ReactHost: 	at android.view.ViewRootImpl$ViewRootHandler.handleMessage(ViewRootImpl.java:6697)
04-06 02:22:27.586 14987 14987 E unknown:ReactHost: 	at android.os.Handler.dispatchMessage(Handler.java:106)
04-06 02:22:27.586 14987 14987 E unknown:ReactHost: 	at android.os.Looper.loopOnce(Looper.java:226)
04-06 02:22:27.586 14987 14987 E unknown:ReactHost: 	at android.os.Looper.loop(Looper.java:313)
04-06 02:22:27.586 14987 14987 E unknown:ReactHost: 	at android.app.ActivityThread.main(ActivityThread.java:8762)
04-06 02:22:27.586 14987 14987 E unknown:ReactHost: 	at java.lang.reflect.Method.invoke(Native Method)
04-06 02:22:27.586 14987 14987 E unknown:ReactHost: 	at com.android.internal.os.RuntimeInit$MethodAndArgsCaller.run(RuntimeInit.java:604)
04-06 02:22:27.586 14987 14987 E unknown:ReactHost: 	at com.android.internal.os.ZygoteInit.main(ZygoteInit.java:1067)
04-06 02:22:27.586 14987 14987 D InputMethodManager: startInputInner - Id : 0
04-06 02:22:27.586 14987 14987 I InputMethodManager: startInputInner - mService.startInputOrWindowGainedFocus
04-06 02:22:27.589 14987 14987 D InputMethodManager: startInputInner - Id : 0
04-06 02:22:27.595 14987 14987 I ViewRootImpl@7f2009b[PopupWindow:f832caa]: Setup new sync id=1
04-06 02:22:27.595 14987 14987 I ViewRootImpl@7f2009b[PopupWindow:f832caa]: Setting syncFrameCallback
04-06 02:22:27.595 14987 14987 I ViewRootImpl@7f2009b[PopupWindow:f832caa]: registerCallbacksForSync syncBuffer=false
04-06 02:22:27.596 14987 15067 I ViewRootImpl@7f2009b[PopupWindow:f832caa]: Received frameDrawingCallback syncResult=0 frameNum=3.
04-06 02:22:27.596 14987 15067 I ViewRootImpl@7f2009b[PopupWindow:f832caa]: Setting up sync and frameCommitCallback
04-06 02:22:27.602 14987 15043 I ViewRootImpl@7f2009b[PopupWindow:f832caa]: Received frameCommittedCallback lastAttemptedDrawFrameNum=3 didProduceBuffer=true
04-06 02:22:27.602 14987 14987 I ViewRootImpl@7f2009b[PopupWindow:f832caa]: onSyncComplete
04-06 02:22:27.603 14987 14987 I ViewRootImpl@7f2009b[PopupWindow:f832caa]: setupSync seqId=0 mSyncId=1 fn=3 caller=android.view.ViewRootImpl$$ExternalSyntheticLambda11.accept:6 android.window.SurfaceSyncer.lambda$setupSync$1$android-window-SurfaceSyncer:128 android.window.SurfaceSyncer$$ExternalSyntheticLambda1.accept:8 android.window.SurfaceSyncer$SyncSet.checkIfSyncIsComplete:382 android.window.SurfaceSyncer$SyncSet.markSyncReady:359 android.window.SurfaceSyncer.markSyncReady:151 android.view.ViewRootImpl.performTraversals:4503 
04-06 02:22:27.603 14987 14987 I ViewRootImpl@7f2009b[PopupWindow:f832caa]: reportDrawFinished seqId=0 mSyncId=-1 fn=3 mSurfaceChangedTransaction=0xb4000070c2da4300
04-06 02:22:27.877 14987 14987 D InsetsController: cancelAnimation of types: 1, animType: 0, host: com.evolucao.app/com.evolucao.app.MainActivity, from:android.view.InsetsController.notifyFinished:1375 android.view.InsetsAnimationThreadControlRunner$1.lambda$notifyFinished$0$android-view-InsetsAnimationThreadControlRunner$1:84 android.view.InsetsAnimationThreadControlRunner$1$$ExternalSyntheticLambda1.run:4 
04-06 02:22:27.877 14987 14987 D InsetsSourceConsumer: ensureControlPosition: Point(0, 0) for ITYPE_STATUS_BAR on com.evolucao.app/com.evolucao.app.MainActivity from android.view.InsetsSourceConsumer.notifyAnimationFinished:419
04-06 02:22:27.884 14987 15062 D Detox.RNMarker: DOWNLOAD_END ({"url":"http:\/\/localhost:8081\/.expo\/.virtual-metro-entry.bundle?platform=android&dev=true&lazy=true&minify=false&app=com.evolucao.app&modulesOnly=false&runModule=true&excludeSource=true&sourcePaths=url-server","filesChangedCount":0})
04-06 02:22:27.885 14987 15062 W unknown:BridgelessReact: ReactHost{0}.loadJSBundleFromMetro(): Creating BundleLoader
04-06 02:22:27.885 14987 15061 W unknown:BridgelessReact: ReactHost{0}.getOrCreateReactInstanceTask(): Creating BridgelessReactContext
04-06 02:22:27.887 14987 15061 W unknown:BridgelessReact: ReactHost{0}.getOrCreateReactInstanceTask(): Creating ReactInstance
04-06 02:22:27.895 14987 15066 I ViewRootImpl@73623ee[MainActivity]: mWNT: t=0xb4000070a7041800 mBlastBufferQueue=0xb4000070c2c34c00 fn= 3 caller= android.view.SyncRtSurfaceTransactionApplier.applyTransaction:96 android.view.SyncRtSurfaceTransactionApplier.lambda$scheduleApply$0$android-view-SyncRtSurfaceTransactionApplier:69 android.view.SyncRtSurfaceTransactionApplier$$ExternalSyntheticLambda0.onFrameDraw:4 
04-06 02:22:27.897 14987 15062 D TrafficStats: tagSocket(177) with statsTag=0xffffffff, statsUid=-1
04-06 02:22:27.899 14987 15061 D jni_lib_merge: Entering merged library JNI_OnLoad.
04-06 02:22:27.899 14987 15061 D jni_lib_merge: Preparing 4 pre-merged libs (including stub)
04-06 02:22:27.899 14987 15061 D jni_lib_merge: Preparing to register libhermes_executor_so.  onload_func: 0x7026130fa4
04-06 02:22:27.899 14987 15061 D jni_lib_merge: Preparing to register libhermesinstancejni_so.  onload_func: 0x702616a8b4
04-06 02:22:27.899 14987 15061 D jni_lib_merge: Preparing to register libjsijniprofiler_so.  onload_func: 0x702616c8f8
04-06 02:22:27.899 14987 15061 D jni_lib_merge: About to register 3 actual methods.
04-06 02:22:27.902 14987 15043 D OpenGLRenderer: setSurface called with nullptr
04-06 02:22:27.902 14987 15043 D OpenGLRenderer: setSurface() destroyed EGLSurface
04-06 02:22:27.902 14987 15043 D OpenGLRenderer: destroyEglSurface
04-06 02:22:27.903 14987 14987 I ViewRootImpl@7f2009b[PopupWindow:f832caa]: dispatchDetachedFromWindow
04-06 02:22:27.905 14987 14987 D InputTransport: Input channel destroyed: '65e34a7', fd=124
04-06 02:22:28.001 14987 15061 I ExpoModulesCore: ✅ AppContext was initialized
04-06 02:22:28.030 14987 15061 W unknown:BridgelessReact: ReactHost{0}.getOrCreateReactInstanceTask(): Loading JS Bundle
04-06 02:22:28.031 14987 15061 W unknown:BridgelessReact: ReactHost{0}.getOrCreateReactInstanceTask(): DevSupportManager.onNewReactContextCreated()
04-06 02:22:28.031 14987 15079 D Detox.RNMarker: RUN_JS_BUNDLE_START (/.virtual-metro-entry.bundle?platform=android&dev=true&lazy=true&minify=false&app=com.evolucao.app&modulesOnly=false&runModule=true&excludeSource=true&sourcePaths=url-server)
04-06 02:22:28.034 14987 14987 W unknown:ReactNative: Packager connection already open, nooping.
04-06 02:22:28.037 14987 14987 W unknown:BridgelessReact: ReactHost{0}.ReactContext.onHostResume()
04-06 02:22:28.039 14987 15061 W unknown:BridgelessReact: ReactHost{0}.startSurface(surfaceId = 0): Execute
04-06 02:22:28.041 14987 14987 W unknown:BridgelessReact: ReactHost{0}.getOrCreateReactInstanceTask(): Executing ReactInstanceEventListeners
04-06 02:22:28.041 14987 14987 I DetoxRNLoading: Got new RN-context through listener
04-06 02:22:28.042 14987 15018 I DetoxRNIdleRes: Setting up Espresso Idling Resources for React Native
04-06 02:22:28.049 14987 14987 D DetoxRNHelpers: Native RN module resolution (class com.reactnativecommunity.asyncstorage.AsyncStorageModule): no registered module found
04-06 02:22:28.049 14987 15018 D IdlingRegistry: Registering idling resources: [com.wix.detox.reactnative.idlingresources.uimodule.fabric.FabricUIManagerIdlingResources@76f3a71]
04-06 02:22:28.049 14987 15018 D IdlingRegistry: Registering idling resources: [com.wix.detox.reactnative.idlingresources.animations.AnimatedModuleIdlingResource@2908056]
04-06 02:22:28.049 14987 15018 D IdlingRegistry: Registering idling resources: [com.wix.detox.reactnative.idlingresources.timers.FabricTimersIdlingResource@72508d7]
04-06 02:22:28.049 14987 15018 D IdlingRegistry: Registering idling resources: [com.wix.detox.reactnative.idlingresources.network.NetworkIdlingResource@c075c4]
04-06 02:22:28.049 14987 15018 D IdlingRegistry: Registering idling resources: [com.wix.detox.reactnative.idlingresources.StabilizedIdlingResource@f6c0cad]
04-06 02:22:28.073 14987 15080 W om.evolucao.app: Accessing hidden method Landroid/os/MessageQueue;->next()Landroid/os/Message; (unsupported, reflection, allowed)
04-06 02:22:28.073 14987 15080 W om.evolucao.app: Accessing hidden field Landroid/os/MessageQueue;->mMessages:Landroid/os/Message; (unsupported, reflection, allowed)
04-06 02:22:28.073 14987 15080 W om.evolucao.app: Accessing hidden method Landroid/os/Message;->recycleUnchecked()V (unsupported, reflection, allowed)
04-06 02:22:28.212 14987 14987 D DetoxRNHelpers: Native RN module resolution (class com.reactnativecommunity.asyncstorage.AsyncStorageModule): no registered module found
04-06 02:22:28.282 14987 15080 I WebViewFactory: Loading com.google.android.webview version 146.0.7680.164 (code 768016403)
04-06 02:22:28.284 14987 15080 D ApplicationLoaders: Returning zygote-cached class loader: /system/framework/android.test.base.jar
04-06 02:22:28.287 14987 15080 D nativeloader: Configuring classloader-namespace for other apk /data/app/~~23ppwVuk64Fm9vdWCRWMMw==/com.google.android.webview-FPIphznatdLDx2VBYoD68A==/base.apk. target_sdk_version=36, uses_libraries=, library_path=/data/app/~~23ppwVuk64Fm9vdWCRWMMw==/com.google.android.webview-FPIphznatdLDx2VBYoD68A==/lib/arm64:/data/app/~~23ppwVuk64Fm9vdWCRWMMw==/com.google.android.webview-FPIphznatdLDx2VBYoD68A==/base.apk!/lib/arm64-v8a, permitted_path=/data:/mnt/expand
04-06 02:22:28.299 14987 15080 I cr_WVCFactoryProvider: version=146.0.7680.164 (768016403) minSdkVersion=29 multiprocess=true packageId=127 splits=<none>
04-06 02:22:28.306 14987 15094 I chromium: [0406/022228.305937:INFO:android_webview/browser/variations/variations_seed_loader.cc:67] Failed to open file for reading.: No such file or directory (2)
04-06 02:22:28.306 14987 15094 I chromium: [0406/022228.306145:INFO:android_webview/browser/variations/variations_seed_loader.cc:67] Failed to open file for reading.: No such file or directory (2)
04-06 02:22:28.310 14987 15080 I cr_LibraryLoader: Successfully loaded native library
04-06 02:22:28.312 14987 15080 I cr_CachingUmaRecorder: Flushed 16 samples from 16 histograms, 0 samples were dropped.
04-06 02:22:28.329 14987 15098 D TrafficStats: tagSocket(143) with statsTag=0xffffffff, statsUid=-1
04-06 02:22:28.332 14987 15098 D TrafficStats: tagSocket(143) with statsTag=0xffffffff, statsUid=-1
04-06 02:22:28.335 14987 15079 W BridgelessReactContext: [WARNING] Bridgeless doesn't support CatalystInstance. Accessing an API that's not part of the new architecture is not encouraged usage.
04-06 02:22:28.341 14987 15079 I ExpoModulesCore: ✅ JSI interop was installed
04-06 02:22:28.346 14987 15079 I ExpoModulesCore: ✅ Constants were exported
04-06 02:22:28.387 14987 15079 W unknown:ViewManagerPropertyUpdater: Could not find generated setter for class com.th3rdwave.safeareacontext.SafeAreaProviderManager
04-06 02:22:28.389 14987 15079 W unknown:ViewManagerPropertyUpdater: Could not find generated setter for class com.facebook.react.uimanager.LayoutShadowNode
04-06 02:22:28.392 14987 15079 W unknown:ViewManagerPropertyUpdater: Could not find generated setter for class com.swmansion.rnscreens.SearchBarManager
04-06 02:22:28.392 14987 15079 W unknown:ViewManagerPropertyUpdater: Could not find generated setter for class com.swmansion.rnscreens.ScreenFooterManager
04-06 02:22:28.393 14987 15079 W unknown:ViewManagerPropertyUpdater: Could not find generated setter for class com.swmansion.rnscreens.gamma.tabs.TabScreenViewManager
04-06 02:22:28.394 14987 15079 W unknown:ViewManagerPropertyUpdater: Could not find generated setter for class expo.modules.kotlin.views.GroupViewManagerWrapper
04-06 02:22:28.395 14987 15079 W unknown:ViewManagerPropertyUpdater: Could not find generated setter for class com.swmansion.rnscreens.ScreenContainerViewManager
04-06 02:22:28.395 14987 15079 W unknown:ViewManagerPropertyUpdater: Could not find generated setter for class com.swmansion.rnscreens.gamma.tabs.TabsHostViewManager
04-06 02:22:28.397 14987 15079 W unknown:ViewManagerPropertyUpdater: Could not find generated setter for class com.swmansion.rnscreens.ModalScreenViewManager
04-06 02:22:28.398 14987 15079 W unknown:ViewManagerPropertyUpdater: Could not find generated setter for class com.swmansion.rnscreens.ScreenStackHeaderConfigViewManager
04-06 02:22:28.398 14987 15079 W unknown:ViewManagerPropertyUpdater: Could not find generated setter for class com.swmansion.rnscreens.ScreenContentWrapperManager
04-06 02:22:28.399 14987 15079 W unknown:ViewManagerPropertyUpdater: Could not find generated setter for class com.th3rdwave.safeareacontext.SafeAreaViewManager
04-06 02:22:28.400 14987 15079 W unknown:ViewManagerPropertyUpdater: Could not find generated setter for class com.th3rdwave.safeareacontext.SafeAreaViewShadowNode
04-06 02:22:28.401 14987 15079 W unknown:ViewManagerPropertyUpdater: Could not find generated setter for class com.swmansion.rnscreens.safearea.SafeAreaViewManager
04-06 02:22:28.401 14987 15079 W unknown:ViewManagerPropertyUpdater: Could not find generated setter for class com.swmansion.rnscreens.safearea.paper.SafeAreaViewShadowNode
04-06 02:22:28.401 14987 15079 W unknown:ViewManagerPropertyUpdater: Could not find generated setter for class com.swmansion.rnscreens.ScreenViewManager
04-06 02:22:28.402 14987 15079 W unknown:ViewManagerPropertyUpdater: Could not find generated setter for class com.swmansion.rnscreens.gamma.stack.host.StackHostViewManager
04-06 02:22:28.402 14987 15079 W unknown:ViewManagerPropertyUpdater: Could not find generated setter for class com.swmansion.rnscreens.ScreenStackHeaderSubviewManager
04-06 02:22:28.402 14987 15079 W unknown:ViewManagerPropertyUpdater: Could not find generated setter for class com.swmansion.rnscreens.gamma.stack.screen.StackScreenViewManager
04-06 02:22:28.403 14987 15079 W unknown:ViewManagerPropertyUpdater: Could not find generated setter for class com.swmansion.rnscreens.ScreenStackViewManager
04-06 02:22:28.476 14987 15079 W unknown:ViewManagerPropertyUpdater: Could not find generated setter for class com.facebook.react.views.debuggingoverlay.DebuggingOverlayManager
04-06 02:22:28.481 14987 15079 W unknown:ViewManagerPropertyUpdater: Could not find generated setter for class com.swmansion.gesturehandler.react.RNGestureHandlerButtonViewManager
04-06 02:22:28.486 14987 15079 W unknown:ViewManagerPropertyUpdater: Could not find generated setter for class com.facebook.react.views.safeareaview.ReactSafeAreaViewManager
04-06 02:22:28.491 14987 15079 W unknown:ViewManagerPropertyUpdater: Could not find generated setter for class com.facebook.react.views.modal.ReactModalHostManager
04-06 02:22:28.495 14987 15079 W unknown:ViewManagerPropertyUpdater: Could not find generated setter for class com.facebook.react.views.text.frescosupport.FrescoBasedReactTextInlineImageViewManager
04-06 02:22:28.496 14987 15079 W unknown:ViewManagerPropertyUpdater: Could not find generated setter for class com.facebook.react.views.text.frescosupport.FrescoBasedReactTextInlineImageShadowNode
04-06 02:22:28.501 14987 15079 W unknown:ViewManagerPropertyUpdater: Could not find generated setter for class com.facebook.react.views.progressbar.ReactProgressBarViewManager
04-06 02:22:28.501 14987 15079 W unknown:ViewManagerPropertyUpdater: Could not find generated setter for class com.facebook.react.views.progressbar.ProgressBarShadowNode
04-06 02:22:28.506 14987 15079 W unknown:ViewManagerPropertyUpdater: Could not find generated setter for class com.facebook.react.views.scroll.ReactHorizontalScrollViewManager
04-06 02:22:28.512 14987 15079 W unknown:ViewManagerPropertyUpdater: Could not find generated setter for class com.facebook.react.views.image.ReactImageManager
04-06 02:22:28.518 14987 15079 W unknown:ViewManagerPropertyUpdater: Could not find generated setter for class com.facebook.react.views.text.ReactTextViewManager
04-06 02:22:28.519 14987 15079 W unknown:ViewManagerPropertyUpdater: Could not find generated setter for class com.facebook.react.views.text.ReactTextShadowNode
04-06 02:22:28.525 14987 15079 W unknown:ViewManagerPropertyUpdater: Could not find generated setter for class com.facebook.react.views.scroll.ReactHorizontalScrollContainerViewManager
04-06 02:22:28.531 14987 15079 W unknown:ViewManagerPropertyUpdater: Could not find generated setter for class com.facebook.react.views.unimplementedview.ReactUnimplementedViewManager
04-06 02:22:28.536 14987 15079 W unknown:ViewManagerPropertyUpdater: Could not find generated setter for class com.facebook.react.views.scroll.ReactScrollViewManager
04-06 02:22:28.541 14987 15079 W unknown:ViewManagerPropertyUpdater: Could not find generated setter for class com.facebook.react.views.view.ReactViewManager
04-06 02:22:28.547 14987 15079 W unknown:ViewManagerPropertyUpdater: Could not find generated setter for class com.facebook.react.views.drawer.ReactDrawerLayoutManager
04-06 02:22:28.552 14987 15079 W unknown:ViewManagerPropertyUpdater: Could not find generated setter for class com.facebook.react.views.switchview.ReactSwitchManager
04-06 02:22:28.552 14987 15079 W unknown:ViewManagerPropertyUpdater: Could not find generated setter for class com.facebook.react.views.switchview.ReactSwitchShadowNode
04-06 02:22:28.558 14987 15079 W unknown:ViewManagerPropertyUpdater: Could not find generated setter for class com.facebook.react.views.swiperefresh.SwipeRefreshLayoutManager
04-06 02:22:28.564 14987 15079 W unknown:ViewManagerPropertyUpdater: Could not find generated setter for class com.facebook.react.views.textinput.ReactTextInputManager
04-06 02:22:28.565 14987 15079 W unknown:ViewManagerPropertyUpdater: Could not find generated setter for class com.facebook.react.views.textinput.ReactTextInputShadowNode
04-06 02:22:28.572 14987 15079 W unknown:ViewManagerPropertyUpdater: Could not find generated setter for class com.swmansion.gesturehandler.react.RNGestureHandlerRootViewManager
04-06 02:22:28.604 14987 15098 D TrafficStats: tagSocket(145) with statsTag=0xffffffff, statsUid=-1
04-06 02:22:28.775 14987 15079 V AsyncStorageExpoMigration: No scoped database found
04-06 02:22:28.951 14987 15079 D Detox.RNMarker: RUN_JS_BUNDLE_END (/.virtual-metro-entry.bundle?platform=android&dev=true&lazy=true&minify=false&app=com.evolucao.app&modulesOnly=false&runModule=true&excludeSource=true&sourcePaths=url-server)
04-06 02:22:28.953 14987 15079 I ReactNativeJS: Running "main" with {"rootTag":1,"initialProps":{},"fabric":true}
04-06 02:22:29.030 14987 15102 D TrafficStats: tagSocket(128) with statsTag=0xffffffff, statsUid=-1
04-06 02:22:29.159 14987 14987 I DecorView: notifyKeepScreenOnChanged: keepScreenOn=true
04-06 02:22:29.170 14987 14987 I ViewRootImpl@73623ee[MainActivity]: performTraversals params={(0,0)(fillxfill) sim={adjust=resize} layoutInDisplayCutoutMode=always ty=BASE_APPLICATION wanim=0x1030309
04-06 02:22:29.170 14987 14987 I ViewRootImpl@73623ee[MainActivity]:   fl=81810180
04-06 02:22:29.170 14987 14987 I ViewRootImpl@73623ee[MainActivity]:   pfl=16020040
04-06 02:22:29.170 14987 14987 I ViewRootImpl@73623ee[MainActivity]:   vsysui=100
04-06 02:22:29.170 14987 14987 I ViewRootImpl@73623ee[MainActivity]:   bhv=DEFAULT
04-06 02:22:29.170 14987 14987 I ViewRootImpl@73623ee[MainActivity]:   fitSides= naviIconColor=0}
04-06 02:22:29.172 14987 14987 I ViewRootImpl@73623ee[MainActivity]: performTraversals mFirst=false windowShouldResize=false viewVisibilityChanged=false mForceNextWindowRelayout=false params={(0,0)(fillxfill) sim={adjust=resize} layoutInDisplayCutoutMode=always ty=BASE_APPLICATION wanim=0x1030309
04-06 02:22:29.172 14987 14987 I ViewRootImpl@73623ee[MainActivity]:   fl=81810180
04-06 02:22:29.172 14987 14987 I ViewRootImpl@73623ee[MainActivity]:   pfl=16020040
04-06 02:22:29.172 14987 14987 I ViewRootImpl@73623ee[MainActivity]:   vsysui=100
04-06 02:22:29.172 14987 14987 I ViewRootImpl@73623ee[MainActivity]:   bhv=DEFAULT
04-06 02:22:29.172 14987 14987 I ViewRootImpl@73623ee[MainActivity]:   fitSides= naviIconColor=0}
04-06 02:22:29.180 14987 14987 I ViewRootImpl@73623ee[MainActivity]: updateBlastSurfaceIfNeeded mBlastBufferQueue=0xb4000070c2c34c00 isSameSurfaceControl=true
04-06 02:22:29.181 14987 14987 I BLASTBufferQueue: update, w= 1080 h= 2400 mName = ViewRootImpl@73623ee[MainActivity] mNativeObject= 0xb4000070c2c34c00 sc.mNativeObject= 0xb4000070a0cd3000 format= -1 caller= android.view.ViewRootImpl.updateBlastSurfaceIfNeeded:2898 android.view.ViewRootImpl.relayoutWindow:9847 android.view.ViewRootImpl.performTraversals:3884 android.view.ViewRootImpl.doTraversal:3116 android.view.ViewRootImpl$TraversalRunnable.run:10885 android.view.Choreographer$CallbackRecord.run:1301 
04-06 02:22:29.181 14987 14987 I ViewRootImpl@73623ee[MainActivity]: Relayout returned: old=(0,0,1080,2400) new=(0,0,1080,2400) req=(1080,2400)0 dur=8 res=0x0 s={true 0xb4000070a0e83000} ch=false seqId=0
04-06 02:22:29.186 14987 14987 D Detox.RNMarker: CONTENT_APPEARED (main)
04-06 02:22:29.187 14987 15079 D Detox.RNMarker: REACT_BRIDGELESS_LOADING_END (null)
04-06 02:22:29.198 14987 15079 I ReactNativeJS: '[ANALYTICS]', 'app_opened', { event: 'app_opened',
04-06 02:22:29.198 14987 15079 I ReactNativeJS:   eventId: '1775452949191_707f964d03c53c',
04-06 02:22:29.198 14987 15079 I ReactNativeJS:   appVersion: '1.0.0',
04-06 02:22:29.198 14987 15079 I ReactNativeJS:   category: 'engagement',
04-06 02:22:29.198 14987 15079 I ReactNativeJS:   userId: 'anonymous',
04-06 02:22:29.198 14987 15079 I ReactNativeJS:   timestamp: 1775452949191,
04-06 02:22:29.198 14987 15079 I ReactNativeJS:   timestampIso: '2026-04-06T05:22:29.191Z',
04-06 02:22:29.198 14987 15079 I ReactNativeJS:   screen: 'App',
04-06 02:22:29.198 14987 15079 I ReactNativeJS:   sessionId: 'session-1775452949174-0848018b233bf7',
04-06 02:22:29.198 14987 15079 I ReactNativeJS:   flowId: 'session-1775452949174-0848018b233bf7',
04-06 02:22:29.198 14987 15079 I ReactNativeJS:   meta: 
04-06 02:22:29.198 14987 15079 I ReactNativeJS:    { domain: 'engagement',
04-06 02:22:29.198 14987 15079 I ReactNativeJS:      version: 1,
04-06 02:22:29.198 14987 15079 I ReactNativeJS:      dayKey: '2026-04-06',
04-06 02:22:29.198 14987 15079 I ReactNativeJS:      isFirstOpenOfDay: true,
04-06 02:22:29.198 14987 15079 I ReactNativeJS:      category: 'engagement' } }
04-06 02:22:29.421 14987 14987 D CompatibilityChangeReporter: Compat change id reported: 171228096; UID 10385; state: ENABLED
04-06 02:22:29.423 14987 14987 D ScrollView: initGoToTop
04-06 02:22:29.423 14987 14987 W om.evolucao.app: Accessing hidden field Landroid/widget/ScrollView;->mScroller:Landroid/widget/OverScroller; (unsupported, reflection, allowed)
04-06 02:22:29.428 14987 14995 I om.evolucao.app: Compiler allocated 4177KB to compile void android.widget.TextView.<init>(android.content.Context, android.util.AttributeSet, int, int)
04-06 02:22:29.434 14987 14987 W [RNScreens]: backTitleFontFamily prop is not available on Android
04-06 02:22:29.434 14987 14987 W [RNScreens]: disableBackButtonMenu prop is not available on Android
04-06 02:22:29.434 14987 14987 W [RNScreens]: backTitleVisible prop is not available on Android
04-06 02:22:29.435 14987 14987 W [RNScreens]: topInsetEnabled prop is not available on Android
04-06 02:22:29.435 14987 14987 W [RNScreens]: largeTitleHideShadow prop is not available on Android
04-06 02:22:29.435 14987 14987 W [RNScreens]: largeTitleFontWeight prop is not available on Android
04-06 02:22:29.435 14987 14987 W [RNScreens]: userInterfaceStyle prop is not available on Android
04-06 02:22:29.435 14987 14987 W [RNScreens]: largeTitleFontFamily prop is not available on Android
04-06 02:22:29.477 14987 15043 D OpenGLRenderer: setSurface called with nullptr
04-06 02:22:32.604 14987 15109 D ProfileInstaller: Installing profile for com.evolucao.app
04-06 02:22:35.798 14987 15029 D DetoxWSClient: Received action 'currentStatus' (ID #1, params={})
04-06 02:22:35.799 14987 15026 I DetoxDispatcher: Handling action 'currentStatus' (ID #1)...
04-06 02:22:35.805 14987 15026 I DetoxWSClient: Sending out action 'currentStatusResult' (ID #1)
04-06 02:22:35.805 14987 15026 I DetoxDispatcher: Done with action 'currentStatus'
04-06 02:22:40.870 14987 15043 D NativeCustomFrequencyManager: [NativeCFMS] BpCustomFrequencyManager::BpCustomFrequencyManager()
04-06 02:22:40.878 14987 14987 D InsetsController: onStateChanged: InsetsState: {mDisplayFrame=Rect(0, 0 - 1080, 2400), mDisplayCutout=DisplayCutout{insets=Rect(0, 88 - 0, 0) waterfall=Insets{left=0, top=0, right=0, bottom=0} boundingRect={Bounds=[Rect(0, 0 - 0, 0), Rect(512, 0 - 568, 88), Rect(0, 0 - 0, 0), Rect(0, 0 - 0, 0)]} cutoutPathParserInfo={CutoutPathParserInfo{displayWidth=1080 displayHeight=2400 physicalDisplayWidth=1080 physicalDisplayHeight=2400 density={3.0} cutoutSpec={M 0,0 M 0,10.71963616907435 a 9.280363830925644,9.280363830925644 0 1,0 0,18.56072766185129 a 9.280363830925644,9.280363830925644 0 1,0 0,-18.56072766185129 Z @dp} rotation={0} scale={1.0} physicalPixelDisplaySizeRatio={1.0}}}}, mRoundedCorners=RoundedCorners{[RoundedCorner{position=TopLeft, radius=96, center=Point(96, 96)}, RoundedCorner{position=TopRight, radius=96, center=Point(984, 96)}, RoundedCorner{position=BottomRight, radius=96, center=Point(984, 2304)}, RoundedCorner{position=BottomLeft, radius=96, center=Point(96, 2304)}]}  mRoundedCornerFrame=Rect(0, 0 - 1080, 2400), mPrivacyIndicatorBounds=PrivacyIndicatorBounds {static bounds=Rect(948, 0 - 1080, 88) rotation=0}, mSources= { InsetsSource: {mType=ITYPE_STATUS_BAR, mFrame=[0,0][1080,88], mVisible=true, mInsetsRoundedCornerFrame=false}, InsetsSource: {mType=ITYPE_NAVIGATION_BAR, mFrame=[0,2256][1080,2400], mVisible=true, mInsetsRoundedCornerFrame=false}, InsetsSource: {mType=ITYPE_LEFT_GESTURES, mFrame=[0,0][0,2400], mVisible=true, mInsetsRoundedCornerFrame=false}, InsetsSource: {mType=ITYPE_RIGHT_GESTURES, mFrame=[1080,0][1080,2400], mVisible=true, mInsetsRoundedCornerFrame=false}, InsetsSource: {mType=ITYPE_TOP_MANDATORY_GESTURES, mFrame=[0,0][1080,124], mVisible=true, mInsetsRoundedCornerFrame=false}, InsetsSource: {mType=ITYPE_BOTTOM_MANDATORY_GESTURES, mFrame=[0,2256][1080,2400], mVisible=true, mInsetsRoundedCornerFrame=false}, InsetsSource: {mType=ITYPE_LEFT_DISPLAY_CUTOUT, mFrame=[0,0][-100000,2400], mVisible=true, mInsetsRoundedCornerFrame=false}, InsetsSource: {mType=ITYPE_TOP_DISPLAY_CUTOUT, mFrame=[0,0][1080,88], mVisible=true, mInsetsRoundedCornerFrame=false}, InsetsSource: {mType=ITYPE_RIGHT_DISPLAY_CUTOUT, mFrame=[100000,0][1080,2400], mVisible=true, mInsetsRoundedCornerFrame=false}, InsetsSource: {mType=ITYPE_BOTTOM_DISPLAY_CUTOUT, mFrame=[0,100000][1080,2400], mVisible=true, mInsetsRoundedCornerFrame=false}, InsetsSource: {mType=ITYPE_TOP_TAPPABLE_ELEMENT, mFrame=[0,0][1080,88], mVisible=true, mInsetsRoundedCornerFrame=false}, InsetsSource: {mType=ITYPE_BOTTOM_TAPPABLE_ELEMENT, mFrame=[0,2256][1080,2400], mVisible=true, mInsetsRoundedCornerFrame=false} } host=PopupWindow:d6f96f2 from=android.view.ViewRootImpl.setView:1732
04-06 02:22:40.880 14987 14987 I ViewRootImpl@9ad3143[PopupWindow:d6f96f2]: setView = android.widget.PopupWindow$PopupDecorView@7e79e9f TM=false
04-06 02:22:40.885 14987 14987 I ViewRootImpl@9ad3143[PopupWindow:d6f96f2]: performTraversals params={(0,88)(fillxwrap) gr=TOP START CENTER sim={state=unchanged adjust=pan} ty=APPLICATION_PANEL fmt=TRANSLUCENT surfaceInsets=Rect(0, 0 - 0, 0) (manual)
04-06 02:22:40.885 14987 14987 I ViewRootImpl@9ad3143[PopupWindow:d6f96f2]:   fl=41800008
04-06 02:22:40.885 14987 14987 I ViewRootImpl@9ad3143[PopupWindow:d6f96f2]:   pfl=42018000
04-06 02:22:40.885 14987 14987 I ViewRootImpl@9ad3143[PopupWindow:d6f96f2]:   bhv=DEFAULT
04-06 02:22:40.885 14987 14987 I ViewRootImpl@9ad3143[PopupWindow:d6f96f2]:   fitTypes=STATUS_BARS NAVIGATION_BARS CAPTION_BAR naviIconColor=0
04-06 02:22:40.885 14987 14987 I ViewRootImpl@9ad3143[PopupWindow:d6f96f2]:   sfl=20000}
04-06 02:22:40.887 14987 14987 I ViewRootImpl@9ad3143[PopupWindow:d6f96f2]: performTraversals mFirst=true windowShouldResize=true viewVisibilityChanged=false mForceNextWindowRelayout=false params={(0,88)(fillxwrap) gr=TOP START CENTER sim={state=unchanged adjust=pan} ty=APPLICATION_PANEL fmt=TRANSLUCENT surfaceInsets=Rect(0, 0 - 0, 0) (manual)
04-06 02:22:40.887 14987 14987 I ViewRootImpl@9ad3143[PopupWindow:d6f96f2]:   fl=41800008
04-06 02:22:40.887 14987 14987 I ViewRootImpl@9ad3143[PopupWindow:d6f96f2]:   pfl=42018000
04-06 02:22:40.887 14987 14987 I ViewRootImpl@9ad3143[PopupWindow:d6f96f2]:   bhv=DEFAULT
04-06 02:22:40.887 14987 14987 I ViewRootImpl@9ad3143[PopupWindow:d6f96f2]:   fitTypes=STATUS_BARS NAVIGATION_BARS CAPTION_BAR naviIconColor=0
04-06 02:22:40.887 14987 14987 I ViewRootImpl@9ad3143[PopupWindow:d6f96f2]:   sfl=20000}
04-06 02:22:40.893 14987 15057 I ViewRootImpl@9ad3143[PopupWindow:d6f96f2]: Resizing android.view.ViewRootImpl@ded2bec: frame = [0,88][1080,167] reportDraw = true forceLayout = false syncSeqId = 0
04-06 02:22:40.896 14987 14987 I ViewRootImpl@9ad3143[PopupWindow:d6f96f2]: updateBlastSurfaceIfNeeded mBlastBufferQueue=null isSameSurfaceControl=false
04-06 02:22:40.897 14987 14987 I BLASTBufferQueue: new BLASTBufferQueue, mName= ViewRootImpl@9ad3143[PopupWindow:d6f96f2] mNativeObject= 0xb4000070a0e66600 sc.mNativeObject= 0xb4000070a0cd3f00 caller= android.view.ViewRootImpl.updateBlastSurfaceIfNeeded:2909 android.view.ViewRootImpl.relayoutWindow:9847 android.view.ViewRootImpl.performTraversals:3884 android.view.ViewRootImpl.doTraversal:3116 android.view.ViewRootImpl$TraversalRunnable.run:10885 android.view.Choreographer$CallbackRecord.run:1301 android.view.Choreographer$CallbackRecord.run:1309 android.view.Choreographer.doCallbacks:923 android.view.Choreographer.doFrame:852 android.view.Choreographer$FrameDisplayEventReceiver.run:1283 
04-06 02:22:40.897 14987 14987 I BLASTBufferQueue: update, w= 1080 h= 79 mName = ViewRootImpl@9ad3143[PopupWindow:d6f96f2] mNativeObject= 0xb4000070a0e66600 sc.mNativeObject= 0xb4000070a0cd3f00 format= -3 caller= android.graphics.BLASTBufferQueue.<init>:84 android.view.ViewRootImpl.updateBlastSurfaceIfNeeded:2909 android.view.ViewRootImpl.relayoutWindow:9847 android.view.ViewRootImpl.performTraversals:3884 android.view.ViewRootImpl.doTraversal:3116 android.view.ViewRootImpl$TraversalRunnable.run:10885 
04-06 02:22:40.898 14987 14987 I ViewRootImpl@9ad3143[PopupWindow:d6f96f2]: Relayout returned: old=(0,88,1080,2256) new=(0,88,1080,167) req=(1080,79)0 dur=9 res=0x3 s={true 0xb4000070a0e1d800} ch=true seqId=0
04-06 02:22:40.899 14987 14987 I ViewRootImpl@9ad3143[PopupWindow:d6f96f2]: mThreadedRenderer.initialize() mSurface={isValid=true 0xb4000070a0e1d800} hwInitialized=true
04-06 02:22:40.899 14987 15043 D OpenGLRenderer: eglCreateWindowSurface
04-06 02:22:40.900 14987 14987 I ViewRootImpl@9ad3143[PopupWindow:d6f96f2]: reportNextDraw android.view.ViewRootImpl.performTraversals:4438 android.view.ViewRootImpl.doTraversal:3116 android.view.ViewRootImpl$TraversalRunnable.run:10885 an