--------- beginning of main
04-06 10:52:58.184  3359  3359 I om.evolucao.app: Late-enabling -Xcheck:jni
04-06 10:52:58.238  3359  3359 I om.evolucao.app: Using CollectorTypeCC GC.
04-06 10:52:58.273  3359  3359 D ActivityThread: setConscryptValidator
04-06 10:52:58.273  3359  3359 D ActivityThread: setConscryptValidator - put
04-06 10:52:58.292  3359  3359 D CompatibilityChangeReporter: Compat change id reported: 171979766; UID 10481; state: ENABLED
--------- beginning of system
04-06 10:52:58.300  3359  3359 W ActivityThread: Package uses different ABI(s) than its instrumentation: package[com.evolucao.app]: arm64-v8a, null instrumentation[com.evolucao.app.test]: null, null
04-06 10:52:58.308  3359  3359 W om.evolucao.app: ClassLoaderContext classpath size mismatch. expected=0, found=1 (PCL[] | PCL[/system/framework/android.test.runner.jar*2256426886])
04-06 10:52:58.313  3359  3359 W om.evolucao.app: ClassLoaderContext classpath size mismatch. expected=0, found=2 (PCL[] | PCL[/system/framework/android.test.runner.jar*2256426886:/system/framework/android.test.mock.jar*2695051129])
04-06 10:52:58.314  3359  3359 W ziparchive: Unable to open '/data/app/~~JBHtBgLfZHWQRtULOYGc7g==/com.evolucao.app.test-K_U7oLoNONXAnS9cbJZ-MQ==/base.dm': No such file or directory
04-06 10:52:58.314  3359  3359 W ziparchive: Unable to open '/data/app/~~JBHtBgLfZHWQRtULOYGc7g==/com.evolucao.app.test-K_U7oLoNONXAnS9cbJZ-MQ==/base.dm': No such file or directory
04-06 10:52:58.392  3359  3359 W ziparchive: Unable to open '/data/app/~~kO7uv0sDQQPWaPeeUwoyoQ==/com.evolucao.app-wbHCfg4JUbzvqL6-v0fl-w==/base.dm': No such file or directory
04-06 10:52:58.392  3359  3359 W ziparchive: Unable to open '/data/app/~~kO7uv0sDQQPWaPeeUwoyoQ==/com.evolucao.app-wbHCfg4JUbzvqL6-v0fl-w==/base.dm': No such file or directory
04-06 10:52:58.668  3359  3359 D nativeloader: Configuring classloader-namespace for other apk /system/framework/android.test.runner.jar:/system/framework/android.test.mock.jar:/system/framework/android.test.base.jar:/data/app/~~JBHtBgLfZHWQRtULOYGc7g==/com.evolucao.app.test-K_U7oLoNONXAnS9cbJZ-MQ==/base.apk:/data/app/~~kO7uv0sDQQPWaPeeUwoyoQ==/com.evolucao.app-wbHCfg4JUbzvqL6-v0fl-w==/base.apk. target_sdk_version=36, uses_libraries=, library_path=/data/app/~~JBHtBgLfZHWQRtULOYGc7g==/com.evolucao.app.test-K_U7oLoNONXAnS9cbJZ-MQ==/lib/arm64:/data/app/~~kO7uv0sDQQPWaPeeUwoyoQ==/com.evolucao.app-wbHCfg4JUbzvqL6-v0fl-w==/lib/arm64:/data/app/~~JBHtBgLfZHWQRtULOYGc7g==/com.evolucao.app.test-K_U7oLoNONXAnS9cbJZ-MQ==/base.apk!/lib/arm64-v8a:/data/app/~~kO7uv0sDQQPWaPeeUwoyoQ==/com.evolucao.app-wbHCfg4JUbzvqL6-v0fl-w==/base.apk!/lib/arm64-v8a, permitted_path=/data:/mnt/expand:/data/user/0/com.evolucao.app
04-06 10:52:58.682  3359  3359 V GraphicsEnvironment: ANGLE Developer option for 'com.evolucao.app' set to: 'default'
04-06 10:52:58.682  3359  3359 V GraphicsEnvironment: ANGLE GameManagerService for com.evolucao.app: false
04-06 10:52:58.682  3359  3359 V GraphicsEnvironment: App is not on the allowlist for updatable production driver.
04-06 10:52:58.688  3359  3359 D ApplicationLoaders: Returning zygote-cached class loader: /system/framework/android.test.base.jar
04-06 10:52:58.689  3359  3359 D nativeloader: Configuring classloader-namespace for other apk /system/framework/android.test.mock.jar. target_sdk_version=36, uses_libraries=ALL, library_path=/data/app/~~JBHtBgLfZHWQRtULOYGc7g==/com.evolucao.app.test-K_U7oLoNONXAnS9cbJZ-MQ==/lib/arm64:/data/app/~~kO7uv0sDQQPWaPeeUwoyoQ==/com.evolucao.app-wbHCfg4JUbzvqL6-v0fl-w==/lib/arm64, permitted_path=/data:/mnt/expand
04-06 10:52:58.689  3359  3359 D nativeloader: Extending system_exposed_libraries: libhumantracking.arcsoft.so:libPortraitDistortionCorrection.arcsoft.so:libPortraitDistortionCorrectionCali.arcsoft.so:libface_landmark.arcsoft.so:libFacialStickerEngine.arcsoft.so:libveengine.arcsoft.so:lib_pet_detection.arcsoft.so:libhigh_res.arcsoft.so:libimage_enhancement.arcsoft.so:liblow_light_hdr.arcsoft.so:libhigh_dynamic_range.arcsoft.so:libsuperresolution.arcsoft.so:libobjectcapture_jni.arcsoft.so:libobjectcapture_jni.arcsoft.so:libobjectcapture.arcsoft.so:libFacialAttributeDetection.arcsoft.so:libBeauty_v4.camera.samsung.so:libexifa.camera.samsung.so:libjpega.camera.samsung.so:libOpenCv.camera.samsung.so:libVideoClassifier.camera.samsung.so:libtensorflowLite.dynamic_viewing.camera.samsung.so:libImageScreener.camera.samsung.so:libMyFilter.camera.samsung.so:libtflite2.myfilters.camera.samsung.so:libHIDTSnapJNI.camera.samsung.so:libSmartScan.camera.samsung.so:libRectify.camera.samsung.so:libDocRectifyWrapper.camera.samsung.so:libUltraWideDistortionCorrection.camera.
04-06 10:52:58.691  3359  3359 D ApplicationLoaders: Returning zygote-cached class loader: /system/framework/android.test.base.jar
04-06 10:52:58.692  3359  3359 W om.evolucao.app: ClassLoaderContext shared library size mismatch. Expected=0, found=2 (PCL[] | PCL[]{PCL[/system/framework/android.test.base.jar*1628045882]#PCL[/system/framework/android.test.mock.jar*2695051129]})
04-06 10:52:58.693  3359  3359 D nativeloader: Configuring classloader-namespace for other apk /system/framework/android.test.runner.jar. target_sdk_version=36, uses_libraries=ALL, library_path=/data/app/~~JBHtBgLfZHWQRtULOYGc7g==/com.evolucao.app.test-K_U7oLoNONXAnS9cbJZ-MQ==/lib/arm64:/data/app/~~kO7uv0sDQQPWaPeeUwoyoQ==/com.evolucao.app-wbHCfg4JUbzvqL6-v0fl-w==/lib/arm64, permitted_path=/data:/mnt/expand
04-06 10:52:58.693  3359  3359 D nativeloader: Extending system_exposed_libraries: libhumantracking.arcsoft.so:libPortraitDistortionCorrection.arcsoft.so:libPortraitDistortionCorrectionCali.arcsoft.so:libface_landmark.arcsoft.so:libFacialStickerEngine.arcsoft.so:libveengine.arcsoft.so:lib_pet_detection.arcsoft.so:libhigh_res.arcsoft.so:libimage_enhancement.arcsoft.so:liblow_light_hdr.arcsoft.so:libhigh_dynamic_range.arcsoft.so:libsuperresolution.arcsoft.so:libobjectcapture_jni.arcsoft.so:libobjectcapture_jni.arcsoft.so:libobjectcapture.arcsoft.so:libFacialAttributeDetection.arcsoft.so:libBeauty_v4.camera.samsung.so:libexifa.camera.samsung.so:libjpega.camera.samsung.so:libOpenCv.camera.samsung.so:libVideoClassifier.camera.samsung.so:libtensorflowLite.dynamic_viewing.camera.samsung.so:libImageScreener.camera.samsung.so:libMyFilter.camera.samsung.so:libtflite2.myfilters.camera.samsung.so:libHIDTSnapJNI.camera.samsung.so:libSmartScan.camera.samsung.so:libRectify.camera.samsung.so:libDocRectifyWrapper.camera.samsung.so:libUltraWideDistortionCorrection.camera.
04-06 10:52:58.695  3359  3359 W om.evolucao.app: ClassLoaderContext shared library size mismatch. Expected=0, found=3 (PCL[] | PCL[]{PCL[/system/framework/android.test.base.jar*1628045882]#PCL[/system/framework/android.test.mock.jar*2695051129]#PCL[/system/framework/android.test.runner.jar*2256426886]{PCL[/system/framework/android.test.base.jar*1628045882]#PCL[/system/framework/android.test.mock.jar*2695051129]}};PCL[/system/framework/android.test.runner.jar*2256426886:/system/framework/android.test.mock.jar*2695051129:/system/framework/android.test.base.jar*1628045882:/data/app/~~JBHtBgLfZHWQRtULOYGc7g==/com.evolucao.app.test-K_U7oLoNONXAnS9cbJZ-MQ==/base.apk*2272993428:/data/app/~~JBHtBgLfZHWQRtULOYGc7g==/com.evolucao.app.test-K_U7oLoNONXAnS9cbJZ-MQ==/base.apk!classes2.dex*714357168:/data/app/~~JBHtBgLfZHWQRtULOYGc7g==/com.evolucao.app.test-K_U7oLoNONXAnS9cbJZ-MQ==/base.apk!classes3.dex*1380987315:/data/app/~~JBHtBgLfZHWQRtULOYGc7g==/com.evolucao.app.test-K_U7oLoNONXAnS9cbJZ-MQ==/base.apk!classes4.dex*3771904477:/data/app/~~JBHtBgLfZHWQRtULOYGc7g==/com.evolucao.app.test-K_U7oLoNONXAnS9cbJZ-MQ==/base.apk!classes5.dex*2127157885:/data/app/~~JBHtBgLfZHWQRtULOYGc7g==/com.evolucao.app.test-K_U7oLoNONXAnS9cbJZ-MQ==/base.apk!classes6.dex*971414087:/data/app/~~JBHtBgLfZHWQRtULOYGc7g==/com.evolucao.app.test-K_U7oLoNONXAnS9cbJZ-MQ==/base.apk!classes7.dex*742752503:/data/app/~~JBHtBgLfZHWQRtULOYGc7g==/com.evolucao.app.test-K_U7oLoNONXAnS9cbJZ-MQ==/base.apk!classes8.dex*388434936:/data/app/~~JBHtBgLfZHWQRtULOYGc7g==/com.evolucao.app.test-K_U7oLoNONXAnS9cbJZ-MQ==/base.apk!classes9.dex*209335023:/data/app/~~JBHtBgLfZHWQRtULOYGc7g==/com.evolucao.app.test-K_U7oLoNONXAnS9cbJZ-MQ==/base.apk!classes10.dex*2871199926:/data/app/~~JBHtBgLfZHWQRtULOYGc7g==/com.evolucao.app.test-K_U7oLoNONXAnS9cbJZ-MQ==/base.apk!classes11.dex*3957027005:/data/app/~~JBHtBgLfZHWQRtULOYGc7g==/com.evolucao.app.test-K_U7oLoNONXAnS9cbJZ-MQ==/base.apk!classes12.dex*914099516:/data/app/~~JBHtBgLfZHWQRtULOYGc7g==/com.evolucao.app.test-K_U7oLoNONXAnS9cbJZ-MQ==/base.apk!classes13.dex*4108993750:/data/app/~~JBHtBgLfZHWQRtULOYGc7g==/com.evolucao.app.test-K_U7oLoNONXAnS9cbJZ-MQ==/base.apk!classes14.dex*1632137592:/data/app/~~JBHtBgLfZHWQRtULOYGc7g==/com.evolucao.app.test-K_U7oLoNONXAnS9cbJZ-MQ==/base.apk!classes15.dex*1757943310:/data/app/~~JBHtBgLfZHWQRtULOYGc7g==/com.evolucao.app.test-K_U7oLoNONXAnS9cbJZ-MQ==/base.apk!classes16.dex*931013159:/data/app/~~JBHtBgLfZHWQRtULOYGc7g==/com.evolucao.app.test-K_U7oLoNONXAnS9cbJZ-MQ==/base.apk!classes17.dex*2782462504:/data/app/~~JBHtBgLfZHWQRtULOYGc7g==/com.evolucao.app.test-K_U7oLoNONXAnS9cbJZ-MQ==/base.apk!classes18.dex*3468966139:/data/app/~~JBHtBgLfZHWQRtULOYGc7g==/com.evolucao.app.test-K_U7oLoNONXAnS9cbJZ-MQ==/base.apk!classes19.dex*2267436335:/data/app/~~kO7uv0sDQQPWaPeeUwoyoQ==/com.evolucao.app-wbHCfg4JUbzvqL6-v0fl-w==/base.apk*198750528:/data/app/~~kO7uv0sDQQPWaPeeUwoyoQ==/com.evolucao.app-wbHCfg4JUbzvqL6-v0fl-w==/base.apk!classes2.dex*1675103030:/data/app/~~kO7uv0sDQQPWaPeeUwoyoQ==/com.evolucao.app-wbHCfg4JUbzvqL6-v0fl-w==/base.apk!classes3.dex*1788775668:/data/app/~~kO7uv0sDQQPWaPeeUwoyoQ==/com.evolucao.app-wbHCfg4JUbzvqL6-v0fl-w==/base.apk!classes4.dex*2572157285:/data/app/~~kO7uv0sDQQPWaPeeUwoyoQ==/com.evolucao.app-wbHCfg4JUbzvqL6-v0fl-w==/base.apk!classes5.dex*3994030385:/data/app/~~kO7uv0sDQQPWaPeeUwoyoQ==/com.evolucao.app-wbHCfg4JUbzvqL6-v0fl-w==/base.apk!classes6.dex*1028875939:/data/app/~~kO7uv0sDQQPWaPeeUwoyoQ==/com.evolucao.app-wbHCfg4JUbzvqL6-v0fl-w==/base.apk!classes7.dex*2113616002:/data/app/~~kO7uv0sDQQPWaPeeUwoyoQ==/com.evolucao.app-wbHCfg4JUbzvqL6-v0fl-w==/base.apk!classes8.dex*3287389796:/data/app/~~kO7uv0sDQQPWaPeeUwoyoQ==/com.evolucao.app-wbHCfg4JUbzvqL6-v0fl-w==/base.apk!classes9.dex*2030025819:/data/app/~~kO7uv0sDQQPWaPeeUwoyoQ==/com.evolucao.app-wbHCfg4JUbzvqL6-v0fl-w==/base.apk!classes10.dex*1917680387:/data/app/~~kO7uv0sDQQPWaPeeUwoyoQ==/com.evolucao.app-wbHCfg4JUbzvqL6-v0fl-w==/base.apk!classes11.dex*152968521:/data/app/~~kO7uv0sDQQPWaPeeUwoyoQ==/com.evolucao.app-wbHCfg4JUbzvqL6-v0fl-w==/base.apk!cla
04-06 10:52:58.697  3359  3359 W om.evolucao.app: ClassLoaderContext classpath size mismatch. expected=0, found=1 (PCL[] | PCL[/system/framework/android.test.runner.jar*2256426886]{PCL[/system/framework/android.test.base.jar*1628045882]#PCL[/system/framework/android.test.mock.jar*2695051129]#PCL[/system/framework/android.test.runner.jar*2256426886]{PCL[/system/framework/android.test.base.jar*1628045882]#PCL[/system/framework/android.test.mock.jar*2695051129]}};PCL[/system/framework/android.test.runner.jar*2256426886:/system/framework/android.test.mock.jar*2695051129:/system/framework/android.test.base.jar*1628045882:/data/app/~~JBHtBgLfZHWQRtULOYGc7g==/com.evolucao.app.test-K_U7oLoNONXAnS9cbJZ-MQ==/base.apk*2272993428:/data/app/~~JBHtBgLfZHWQRtULOYGc7g==/com.evolucao.app.test-K_U7oLoNONXAnS9cbJZ-MQ==/base.apk!classes2.dex*714357168:/data/app/~~JBHtBgLfZHWQRtULOYGc7g==/com.evolucao.app.test-K_U7oLoNONXAnS9cbJZ-MQ==/base.apk!classes3.dex*1380987315:/data/app/~~JBHtBgLfZHWQRtULOYGc7g==/com.evolucao.app.test-K_U7oLoNONXAnS9cbJZ-MQ==/base.apk!classes4.dex*3771904477:/data/app/~~JBHtBgLfZHWQRtULOYGc7g==/com.evolucao.app.test-K_U7oLoNONXAnS9cbJZ-MQ==/base.apk!classes5.dex*2127157885:/data/app/~~JBHtBgLfZHWQRtULOYGc7g==/com.evolucao.app.test-K_U7oLoNONXAnS9cbJZ-MQ==/base.apk!classes6.dex*971414087:/data/app/~~JBHtBgLfZHWQRtULOYGc7g==/com.evolucao.app.test-K_U7oLoNONXAnS9cbJZ-MQ==/base.apk!classes7.dex*742752503:/data/app/~~JBHtBgLfZHWQRtULOYGc7g==/com.evolucao.app.test-K_U7oLoNONXAnS9cbJZ-MQ==/base.apk!classes8.dex*388434936:/data/app/~~JBHtBgLfZHWQRtULOYGc7g==/com.evolucao.app.test-K_U7oLoNONXAnS9cbJZ-MQ==/base.apk!classes9.dex*209335023:/data/app/~~JBHtBgLfZHWQRtULOYGc7g==/com.evolucao.app.test-K_U7oLoNONXAnS9cbJZ-MQ==/base.apk!classes10.dex*2871199926:/data/app/~~JBHtBgLfZHWQRtULOYGc7g==/com.evolucao.app.test-K_U7oLoNONXAnS9cbJZ-MQ==/base.apk!classes11.dex*3957027005:/data/app/~~JBHtBgLfZHWQRtULOYGc7g==/com.evolucao.app.test-K_U7oLoNONXAnS9cbJZ-MQ==/base.apk!classes12.dex*914099516:/data/app/~~JBHtBgLfZHWQRtULOYGc7g==/com.evolucao.app.test-K_U7oLoNONXAnS9cbJZ-MQ==/base.apk!classes13.dex*4108993750:/data/app/~~JBHtBgLfZHWQRtULOYGc7g==/com.evolucao.app.test-K_U7oLoNONXAnS9cbJZ-MQ==/base.apk!classes14.dex*1632137592:/data/app/~~JBHtBgLfZHWQRtULOYGc7g==/com.evolucao.app.test-K_U7oLoNONXAnS9cbJZ-MQ==/base.apk!classes15.dex*1757943310:/data/app/~~JBHtBgLfZHWQRtULOYGc7g==/com.evolucao.app.test-K_U7oLoNONXAnS9cbJZ-MQ==/base.apk!classes16.dex*931013159:/data/app/~~JBHtBgLfZHWQRtULOYGc7g==/com.evolucao.app.test-K_U7oLoNONXAnS9cbJZ-MQ==/base.apk!classes17.dex*2782462504:/data/app/~~JBHtBgLfZHWQRtULOYGc7g==/com.evolucao.app.test-K_U7oLoNONXAnS9cbJZ-MQ==/base.apk!classes18.dex*3468966139:/data/app/~~JBHtBgLfZHWQRtULOYGc7g==/com.evolucao.app.test-K_U7oLoNONXAnS9cbJZ-MQ==/base.apk!classes19.dex*2267436335:/data/app/~~kO7uv0sDQQPWaPeeUwoyoQ==/com.evolucao.app-wbHCfg4JUbzvqL6-v0fl-w==/base.apk*198750528:/data/app/~~kO7uv0sDQQPWaPeeUwoyoQ==/com.evolucao.app-wbHCfg4JUbzvqL6-v0fl-w==/base.apk!classes2.dex*1675103030:/data/app/~~kO7uv0sDQQPWaPeeUwoyoQ==/com.evolucao.app-wbHCfg4JUbzvqL6-v0fl-w==/base.apk!classes3.dex*1788775668:/data/app/~~kO7uv0sDQQPWaPeeUwoyoQ==/com.evolucao.app-wbHCfg4JUbzvqL6-v0fl-w==/base.apk!classes4.dex*2572157285:/data/app/~~kO7uv0sDQQPWaPeeUwoyoQ==/com.evolucao.app-wbHCfg4JUbzvqL6-v0fl-w==/base.apk!classes5.dex*3994030385:/data/app/~~kO7uv0sDQQPWaPeeUwoyoQ==/com.evolucao.app-wbHCfg4JUbzvqL6-v0fl-w==/base.apk!classes6.dex*1028875939:/data/app/~~kO7uv0sDQQPWaPeeUwoyoQ==/com.evolucao.app-wbHCfg4JUbzvqL6-v0fl-w==/base.apk!classes7.dex*2113616002:/data/app/~~kO7uv0sDQQPWaPeeUwoyoQ==/com.evolucao.app-wbHCfg4JUbzvqL6-v0fl-w==/base.apk!classes8.dex*3287389796:/data/app/~~kO7uv0sDQQPWaPeeUwoyoQ==/com.evolucao.app-wbHCfg4JUbzvqL6-v0fl-w==/base.apk!classes9.dex*2030025819:/data/app/~~kO7uv0sDQQPWaPeeUwoyoQ==/com.evolucao.app-wbHCfg4JUbzvqL6-v0fl-w==/base.apk!classes10.dex*1917680387:/data/app/~~kO7uv0sDQQPWaPeeUwoyoQ==/com.evolucao.app-wbHCfg4JUbzvqL6-v0fl-w==/base.apk!classes11.dex*152968521:/data/app/~~kO7uv0sDQQPWaPeeUwoyoQ==/com.evo
04-06 10:52:58.698  3359  3359 W om.evolucao.app: ClassLoaderContext classpath size mismatch. expected=0, found=2 (PCL[] | PCL[/system/framework/android.test.runner.jar*2256426886:/system/framework/android.test.mock.jar*2695051129]{PCL[/system/framework/android.test.base.jar*1628045882]#PCL[/system/framework/android.test.mock.jar*2695051129]#PCL[/system/framework/android.test.runner.jar*2256426886]{PCL[/system/framework/android.test.base.jar*1628045882]#PCL[/system/framework/android.test.mock.jar*2695051129]}};PCL[/system/framework/android.test.runner.jar*2256426886:/system/framework/android.test.mock.jar*2695051129:/system/framework/android.test.base.jar*1628045882:/data/app/~~JBHtBgLfZHWQRtULOYGc7g==/com.evolucao.app.test-K_U7oLoNONXAnS9cbJZ-MQ==/base.apk*2272993428:/data/app/~~JBHtBgLfZHWQRtULOYGc7g==/com.evolucao.app.test-K_U7oLoNONXAnS9cbJZ-MQ==/base.apk!classes2.dex*714357168:/data/app/~~JBHtBgLfZHWQRtULOYGc7g==/com.evolucao.app.test-K_U7oLoNONXAnS9cbJZ-MQ==/base.apk!classes3.dex*1380987315:/data/app/~~JBHtBgLfZHWQRtULOYGc7g==/com.evolucao.app.test-K_U7oLoNONXAnS9cbJZ-MQ==/base.apk!classes4.dex*3771904477:/data/app/~~JBHtBgLfZHWQRtULOYGc7g==/com.evolucao.app.test-K_U7oLoNONXAnS9cbJZ-MQ==/base.apk!classes5.dex*2127157885:/data/app/~~JBHtBgLfZHWQRtULOYGc7g==/com.evolucao.app.test-K_U7oLoNONXAnS9cbJZ-MQ==/base.apk!classes6.dex*971414087:/data/app/~~JBHtBgLfZHWQRtULOYGc7g==/com.evolucao.app.test-K_U7oLoNONXAnS9cbJZ-MQ==/base.apk!classes7.dex*742752503:/data/app/~~JBHtBgLfZHWQRtULOYGc7g==/com.evolucao.app.test-K_U7oLoNONXAnS9cbJZ-MQ==/base.apk!classes8.dex*388434936:/data/app/~~JBHtBgLfZHWQRtULOYGc7g==/com.evolucao.app.test-K_U7oLoNONXAnS9cbJZ-MQ==/base.apk!classes9.dex*209335023:/data/app/~~JBHtBgLfZHWQRtULOYGc7g==/com.evolucao.app.test-K_U7oLoNONXAnS9cbJZ-MQ==/base.apk!classes10.dex*2871199926:/data/app/~~JBHtBgLfZHWQRtULOYGc7g==/com.evolucao.app.test-K_U7oLoNONXAnS9cbJZ-MQ==/base.apk!classes11.dex*3957027005:/data/app/~~JBHtBgLfZHWQRtULOYGc7g==/com.evolucao.app.test-K_U7oLoNONXAnS9cbJZ-MQ==/base.apk!classes12.dex*914099516:/data/app/~~JBHtBgLfZHWQRtULOYGc7g==/com.evolucao.app.test-K_U7oLoNONXAnS9cbJZ-MQ==/base.apk!classes13.dex*4108993750:/data/app/~~JBHtBgLfZHWQRtULOYGc7g==/com.evolucao.app.test-K_U7oLoNONXAnS9cbJZ-MQ==/base.apk!classes14.dex*1632137592:/data/app/~~JBHtBgLfZHWQRtULOYGc7g==/com.evolucao.app.test-K_U7oLoNONXAnS9cbJZ-MQ==/base.apk!classes15.dex*1757943310:/data/app/~~JBHtBgLfZHWQRtULOYGc7g==/com.evolucao.app.test-K_U7oLoNONXAnS9cbJZ-MQ==/base.apk!classes16.dex*931013159:/data/app/~~JBHtBgLfZHWQRtULOYGc7g==/com.evolucao.app.test-K_U7oLoNONXAnS9cbJZ-MQ==/base.apk!classes17.dex*2782462504:/data/app/~~JBHtBgLfZHWQRtULOYGc7g==/com.evolucao.app.test-K_U7oLoNONXAnS9cbJZ-MQ==/base.apk!classes18.dex*3468966139:/data/app/~~JBHtBgLfZHWQRtULOYGc7g==/com.evolucao.app.test-K_U7oLoNONXAnS9cbJZ-MQ==/base.apk!classes19.dex*2267436335:/data/app/~~kO7uv0sDQQPWaPeeUwoyoQ==/com.evolucao.app-wbHCfg4JUbzvqL6-v0fl-w==/base.apk*198750528:/data/app/~~kO7uv0sDQQPWaPeeUwoyoQ==/com.evolucao.app-wbHCfg4JUbzvqL6-v0fl-w==/base.apk!classes2.dex*1675103030:/data/app/~~kO7uv0sDQQPWaPeeUwoyoQ==/com.evolucao.app-wbHCfg4JUbzvqL6-v0fl-w==/base.apk!classes3.dex*1788775668:/data/app/~~kO7uv0sDQQPWaPeeUwoyoQ==/com.evolucao.app-wbHCfg4JUbzvqL6-v0fl-w==/base.apk!classes4.dex*2572157285:/data/app/~~kO7uv0sDQQPWaPeeUwoyoQ==/com.evolucao.app-wbHCfg4JUbzvqL6-v0fl-w==/base.apk!classes5.dex*3994030385:/data/app/~~kO7uv0sDQQPWaPeeUwoyoQ==/com.evolucao.app-wbHCfg4JUbzvqL6-v0fl-w==/base.apk!classes6.dex*1028875939:/data/app/~~kO7uv0sDQQPWaPeeUwoyoQ==/com.evolucao.app-wbHCfg4JUbzvqL6-v0fl-w==/base.apk!classes7.dex*2113616002:/data/app/~~kO7uv0sDQQPWaPeeUwoyoQ==/com.evolucao.app-wbHCfg4JUbzvqL6-v0fl-w==/base.apk!classes8.dex*3287389796:/data/app/~~kO7uv0sDQQPWaPeeUwoyoQ==/com.evolucao.app-wbHCfg4JUbzvqL6-v0fl-w==/base.apk!classes9.dex*2030025819:/data/app/~~kO7uv0sDQQPWaPeeUwoyoQ==/com.evolucao.app-wbHCfg4JUbzvqL6-v0fl-w==/base.apk!classes10.dex*1917680387:/data/app/~~kO7uv0sDQQPWaPeeUwoyoQ==/com.evolucao.app-wbHCfg4JUbzvqL6-v0fl-w==/base.apk!classes11.dex*152
04-06 10:52:58.698  3359  3359 W ziparchive: Unable to open '/data/app/~~JBHtBgLfZHWQRtULOYGc7g==/com.evolucao.app.test-K_U7oLoNONXAnS9cbJZ-MQ==/base.dm': No such file or directory
04-06 10:52:58.698  3359  3359 W ziparchive: Unable to open '/data/app/~~JBHtBgLfZHWQRtULOYGc7g==/com.evolucao.app.test-K_U7oLoNONXAnS9cbJZ-MQ==/base.dm': No such file or directory
04-06 10:52:58.766  3359  3359 W ziparchive: Unable to open '/data/app/~~kO7uv0sDQQPWaPeeUwoyoQ==/com.evolucao.app-wbHCfg4JUbzvqL6-v0fl-w==/base.dm': No such file or directory
04-06 10:52:58.766  3359  3359 W ziparchive: Unable to open '/data/app/~~kO7uv0sDQQPWaPeeUwoyoQ==/com.evolucao.app-wbHCfg4JUbzvqL6-v0fl-w==/base.dm': No such file or directory
04-06 10:52:59.044  3359  3359 D NetworkSecurityConfig: No Network Security Config specified, using platform default
04-06 10:52:59.053  3359  3359 D NetworkSecurityConfig: No Network Security Config specified, using platform default
04-06 10:52:59.053  3359  3359 I AndroidJUnitRunner: newApplication com.evolucao.app.MainApplication
04-06 10:52:59.062  3359  3359 W FirebaseApp: Default FirebaseApp failed to initialize because no default options were found. This usually means that com.google.gms:google-services was not applied to your gradle project.
04-06 10:52:59.063  3359  3359 I FirebaseInitProvider: FirebaseApp initialization unsuccessful
04-06 10:52:59.086  3359  3359 I AndroidJUnitRunner: onCreate Bundle[mParcelledData.dataSize=240]
04-06 10:52:59.087  3359  3359 D AndroidJUnitRunner: Use the raw file system for managing file I/O.
04-06 10:52:59.094  3359  3359 V TestEventClient: No service name argument was given (testDiscoveryService, testRunEventService or orchestratorService)
04-06 10:52:59.095  3359  3412 D AndroidJUnitRunner: onStart is called.
04-06 10:52:59.098  3359  3359 W SoLoader: Initializing SoLoader: 0
04-06 10:52:59.101  3359  3359 W SoLoader: Recording new base apk path: /data/app/~~kO7uv0sDQQPWaPeeUwoyoQ==/com.evolucao.app-wbHCfg4JUbzvqL6-v0fl-w==/base.apk
04-06 10:52:59.101  3359  3359 W SoLoader: Previously recorded 0 base apk paths.
04-06 10:52:59.103  3359  3359 I SoLoader: Preparing SO source: DirectorySoSource[root = /vendor/lib64 flags = 2]
04-06 10:52:59.103  3359  3359 I SoLoader: Preparing SO source: DirectorySoSource[root = /system/lib64 flags = 2]
04-06 10:52:59.103  3359  3359 I SoLoader: Preparing SO source: DirectApkSoSource[root = [/data/app/~~kO7uv0sDQQPWaPeeUwoyoQ==/com.evolucao.app-wbHCfg4JUbzvqL6-v0fl-w==/base.apk!/lib/arm64-v8a]]
04-06 10:52:59.120  3359  3359 I SoLoader: Preparing SO source: ApplicationSoSource[DirectorySoSource[root = /data/app/~~kO7uv0sDQQPWaPeeUwoyoQ==/com.evolucao.app-wbHCfg4JUbzvqL6-v0fl-w==/lib/arm64 flags = 0]]
04-06 10:52:59.120  3359  3359 I SoLoader: init finish: 4 SO sources prepared
04-06 10:52:59.120  3359  3359 W SoLoader: SoLoader initialized: 8
04-06 10:52:59.142  3359  3359 D jni_lib_merge: Entering merged library JNI_OnLoad.
04-06 10:52:59.142  3359  3359 D jni_lib_merge: Preparing 12 pre-merged libs (including stub)
04-06 10:52:59.142  3359  3359 D jni_lib_merge: Preparing to register libfabricjni_so.  onload_func: 0x703a805f38
04-06 10:52:59.142  3359  3359 D jni_lib_merge: Preparing to register libreact_devsupportjni_so.  onload_func: 0x703aa0e81c
04-06 10:52:59.142  3359  3359 D jni_lib_merge: Preparing to register libreact_featureflagsjni_so.  onload_func: 0x703aa20b7c
04-06 10:52:59.142  3359  3359 D jni_lib_merge: Preparing to register libreact_newarchdefaults_so.  onload_func: 0x703aac5f24
04-06 10:52:59.142  3359  3359 D jni_lib_merge: Preparing to register libreactnativeblob_so.  onload_func: 0x703acd8088
04-06 10:52:59.142  3359  3359 D jni_lib_merge: Preparing to register libreactnativejni_so.  onload_func: 0x703ad1affc
04-06 10:52:59.142  3359  3359 D jni_lib_merge: Preparing to register libreactnativejni_common_so.  onload_func: 0x703ad2b9f0
04-06 10:52:59.142  3359  3359 D jni_lib_merge: Preparing to register librninstance_so.  onload_func: 0x703ad6a62c
04-06 10:52:59.142  3359  3359 D jni_lib_merge: Preparing to register libturbomodulejsijni_so.  onload_func: 0x703aec7734
04-06 10:52:59.142  3359  3359 D jni_lib_merge: Preparing to register libuimanagerjni_so.  onload_func: 0x703aee06e8
04-06 10:52:59.142  3359  3359 D jni_lib_merge: Preparing to register libyoga_so.  onload_func: 0x703aef016c
04-06 10:52:59.142  3359  3359 D jni_lib_merge: About to register 11 actual methods.
04-06 10:52:59.149  3359  3359 D jni_lib_merge: Entering merged library JNI_OnLoad.
04-06 10:52:59.149  3359  3359 D jni_lib_merge: Preparing 12 pre-merged libs (including stub)
04-06 10:52:59.149  3359  3359 D jni_lib_merge: Preparing to register libfabricjni_so.  onload_func: 0x703a805f38
04-06 10:52:59.149  3359  3359 D jni_lib_merge: Preparing to register libreact_devsupportjni_so.  onload_func: 0x703aa0e81c
04-06 10:52:59.149  3359  3359 D jni_lib_merge: Preparing to register libreact_featureflagsjni_so.  onload_func: 0x703aa20b7c
04-06 10:52:59.149  3359  3359 D jni_lib_merge: Preparing to register libreact_newarchdefaults_so.  onload_func: 0x703aac5f24
04-06 10:52:59.149  3359  3359 D jni_lib_merge: Preparing to register libreactnativeblob_so.  onload_func: 0x703acd8088
04-06 10:52:59.149  3359  3359 D jni_lib_merge: Preparing to register libreactnativejni_so.  onload_func: 0x703ad1affc
04-06 10:52:59.149  3359  3359 D jni_lib_merge: Preparing to register libreactnativejni_common_so.  onload_func: 0x703ad2b9f0
04-06 10:52:59.149  3359  3359 D jni_lib_merge: Preparing to register librninstance_so.  onload_func: 0x703ad6a62c
04-06 10:52:59.149  3359  3359 D jni_lib_merge: Preparing to register libturbomodulejsijni_so.  onload_func: 0x703aec7734
04-06 10:52:59.149  3359  3359 D jni_lib_merge: Preparing to register libuimanagerjni_so.  onload_func: 0x703aee06e8
04-06 10:52:59.149  3359  3359 D jni_lib_merge: Preparing to register libyoga_so.  onload_func: 0x703aef016c
04-06 10:52:59.149  3359  3359 D jni_lib_merge: About to register 11 actual methods.
04-06 10:52:59.240  3359  3412 D TestRequestBuilder: Using class path scanning to discover tests
04-06 10:52:59.241  3359  3412 I TestRequestBuilder: Scanning classpath to find tests in paths [/data/app/~~JBHtBgLfZHWQRtULOYGc7g==/com.evolucao.app.test-K_U7oLoNONXAnS9cbJZ-MQ==/base.apk]
04-06 10:52:59.242  3359  3412 W om.evolucao.app: Opening an oat file without a class loader. Are you using the deprecated DexFile APIs?
04-06 10:52:59.657  3359  3412 I TestRunner: run started: 1 tests
04-06 10:52:59.658  3359  3412 I TestRunner: started: runDetoxTests(com.evolucao.app.DetoxTest)
04-06 10:52:59.664  3359  3412 I Detox   : Detox server connection details: url=ws://localhost:64925, sessionId=eb2eb938-0936-88d0-c19e-ebe9d1ea5b73
04-06 10:52:59.669  3359  3412 I Tracing : Tracer added: class androidx.test.platform.tracing.AndroidXTracer
04-06 10:52:59.685  3359  3412 W om.evolucao.app: Accessing hidden field Ljava/lang/reflect/Field;->accessFlags:I (unsupported, reflection, allowed)
04-06 10:52:59.688  3359  3412 I Detox   : Connecting to server...
04-06 10:52:59.688  3359  3412 I DetoxWSClient: At connectToServer
04-06 10:52:59.802  3359  3440 D TrafficStats: tagSocket(95) with statsTag=0xffffffff, statsUid=-1
04-06 10:52:59.841  3359  3440 D DetoxWSClient: At onOpen
04-06 10:52:59.842  3359  3440 I DetoxWSClient: Sending out action 'login' (ID #0)
04-06 10:52:59.842  3359  3440 I Detox   : Connected to server!
04-06 10:52:59.846  3359  3440 D DetoxWSClient: Received action 'loginSuccess' (ID #0, params={"testerConnected":true,"appConnected":true})
04-06 10:52:59.848  3359  3431 I DetoxDispatcher: Handling action 'loginSuccess' (ID #0)...
04-06 10:52:59.848  3359  3431 I DetoxDispatcher: Done with action 'loginSuccess'
04-06 10:52:59.849  3359  3412 I Detox   : Launching the tested activity!
04-06 10:52:59.883  3359  3440 D DetoxWSClient: Received action 'isReady' (ID #-1000, params={})
04-06 10:52:59.884  3359  3431 I DetoxDispatcher: Handling action 'isReady' (ID #-1000)...
04-06 10:52:59.904  3359  3459 D OpenGLRenderer: RenderThread::requireGlContext()
04-06 10:52:59.906  3359  3459 I AdrenoGLES-0: QUALCOMM build                   : db7e7066a2, I1fad33e957
04-06 10:52:59.906  3359  3459 I AdrenoGLES-0: Build Date                       : 05/11/25
04-06 10:52:59.906  3359  3459 I AdrenoGLES-0: OpenGL ES Shader Compiler Version: EV031.32.02.10
04-06 10:52:59.906  3359  3459 I AdrenoGLES-0: Local Branch                     : 
04-06 10:52:59.906  3359  3459 I AdrenoGLES-0: Remote Branch                    : refs/tags/AU_LINUX_ANDROID_LA.UM.9.12.11.00.00.582.697
04-06 10:52:59.906  3359  3459 I AdrenoGLES-0: Remote Branch                    : NONE
04-06 10:52:59.906  3359  3459 I AdrenoGLES-0: Reconstruct Branch               : NOTHING
04-06 10:52:59.906  3359  3459 I AdrenoGLES-0: Build Config                     : S P 10.0.7 AArch64
04-06 10:52:59.906  3359  3459 I AdrenoGLES-0: Driver Path                      : /vendor/lib64/egl/libGLESv2_adreno.so
04-06 10:52:59.935  3359  3459 I AdrenoGLES-0: PFP: 0x016dd093, ME: 0x00000000
04-06 10:52:59.943  3359  3459 D OpenGLRenderer: RenderThread::setGrContext()
04-06 10:52:59.944  3359  3359 D AppCompatDelegate: Checking for metadata for AppLocalesMetadataHolderService : Service not found
04-06 10:52:59.956  3359  3359 D LifecycleMonitor: Lifecycle status change: com.evolucao.app.MainActivity@64e06eb in: PRE_ON_CREATE
04-06 10:53:00.018  3359  3359 D SensorManager: registerListener :: 11, LSM6DSO Accelerometer, 66667, 0, 
04-06 10:53:00.045  3359  3486 D TrafficStats: tagSocket(107) with statsTag=0xffffffff, statsUid=-1
04-06 10:53:00.047  3359  3359 W unknown:BridgelessReact: ReactHost{0}.startSurface(surfaceId = 0): Schedule
04-06 10:53:00.047  3359  3359 W unknown:BridgelessReact: ReactHost{0}.attachSurface(surfaceId = 0)
04-06 10:53:00.047  3359  3487 W unknown:BridgelessReact: ReactHost{0}.getOrCreateReactInstanceTask()
04-06 10:53:00.048  3359  3487 W unknown:BridgelessReact: ReactHost{0}.getOrCreateReactInstanceTask(): Start
04-06 10:53:00.048  3359  3487 D Detox.RNMarker: REACT_BRIDGELESS_LOADING_START (null)
04-06 10:53:00.048  3359  3487 W unknown:BridgelessReact: ReactHost{0}.getJSBundleLoader()
04-06 10:53:00.048  3359  3487 W unknown:BridgelessReact: ReactHost{0}.isMetroRunning()
04-06 10:53:00.049  3359  3488 D TrafficStats: tagSocket(109) with statsTag=0xffffffff, statsUid=-1
04-06 10:53:00.052  3359  3359 I DecorView: [INFO] isPopOver=false config=true
04-06 10:53:00.052  3359  3359 I DecorView: updateCaptionType: isFloating=false isApplication=true hasWindowDecorCaption=false this=DecorView@afffac0[]
04-06 10:53:00.052  3359  3359 D DecorView: setCaptionType = 0, this = DecorView@afffac0[]
04-06 10:53:00.057  3359  3359 I DecorView: getCurrentDensityDpi: from real metrics. densityDpi=480 msg=resources_loaded
04-06 10:53:00.057  3359  3359 I DecorView: setWindowBackground: isPopOver=false color=ff303030 d=android.graphics.drawable.ColorDrawable@1316f3e
04-06 10:53:00.061  3359  3359 W om.evolucao.app: Accessing hidden method Landroid/view/ViewGroup;->makeOptionalFitsSystemWindows()V (unsupported, reflection, allowed)
04-06 10:53:00.065  3359  3359 D LifecycleMonitor: Lifecycle status change: com.evolucao.app.MainActivity@64e06eb in: CREATED
04-06 10:53:00.066  3359  3359 D LifecycleMonitor: Lifecycle status change: com.evolucao.app.MainActivity@64e06eb in: STARTED
04-06 10:53:00.068  3359  3359 W unknown:BridgelessReact: ReactHost{0}.onHostResume(activity)
04-06 10:53:00.068  3359  3359 W unknown:ReactNative: Packager connection already open, nooping.
04-06 10:53:00.068  3359  3359 D LifecycleMonitor: Lifecycle status change: com.evolucao.app.MainActivity@64e06eb in: RESUMED
04-06 10:53:00.068  3359  3359 I MSHandlerLifeCycle: check: return. pkg=com.evolucao.app parent=null callers=com.android.internal.policy.DecorView.setVisibility:4412 android.app.ActivityThread.handleResumeActivity:5476 android.app.servertransaction.ResumeActivityItem.execute:54 android.app.servertransaction.ActivityTransactionItem.execute:45 android.app.servertransaction.TransactionExecutor.executeLifecycleState:176 
04-06 10:53:00.069  3359  3359 I MSHandlerLifeCycle: removeMultiSplitHandler: no exist. decor=DecorView@afffac0[]
04-06 10:53:00.081  3359  3459 D NativeCustomFrequencyManager: [NativeCFMS] BpCustomFrequencyManager::BpCustomFrequencyManager()
04-06 10:53:00.082  3359  3488 W unknown:BridgelessReact: ReactHost{0}.isMetroRunning(): Async result = true
04-06 10:53:00.082  3359  3487 W unknown:BridgelessReact: ReactHost{0}.loadJSBundleFromMetro()
04-06 10:53:00.083  3359  3487 D Detox.RNMarker: DOWNLOAD_START (null)
04-06 10:53:00.083  3359  3359 I DecorView: notifyKeepScreenOnChanged: keepScreenOn=false
04-06 10:53:00.087  3359  3359 D InsetsController: onStateChanged: InsetsState: {mDisplayFrame=Rect(0, 0 - 1080, 2400), mDisplayCutout=DisplayCutout{insets=Rect(0, 88 - 0, 0) waterfall=Insets{left=0, top=0, right=0, bottom=0} boundingRect={Bounds=[Rect(0, 0 - 0, 0), Rect(512, 0 - 568, 88), Rect(0, 0 - 0, 0), Rect(0, 0 - 0, 0)]} cutoutPathParserInfo={CutoutPathParserInfo{displayWidth=1080 displayHeight=2400 physicalDisplayWidth=1080 physicalDisplayHeight=2400 density={3.0} cutoutSpec={M 0,0 M 0,10.71963616907435 a 9.280363830925644,9.280363830925644 0 1,0 0,18.56072766185129 a 9.280363830925644,9.280363830925644 0 1,0 0,-18.56072766185129 Z @dp} rotation={0} scale={1.0} physicalPixelDisplaySizeRatio={1.0}}}}, mRoundedCorners=RoundedCorners{[RoundedCorner{position=TopLeft, radius=96, center=Point(96, 96)}, RoundedCorner{position=TopRight, radius=96, center=Point(984, 96)}, RoundedCorner{position=BottomRight, radius=96, center=Point(984, 2304)}, RoundedCorner{position=BottomLeft, radius=96, center=Point(96, 2304)}]}  mRoundedCornerFrame=Rect(0, 0 - 1080, 2400), mPrivacyIndicatorBounds=PrivacyIndicatorBounds {static bounds=Rect(948, 0 - 1080, 88) rotation=0}, mSources= { InsetsSource: {mType=ITYPE_STATUS_BAR, mFrame=[0,0][1080,88], mVisible=true, mInsetsRoundedCornerFrame=false}, InsetsSource: {mType=ITYPE_NAVIGATION_BAR, mFrame=[0,2256][1080,2400], mVisible=true, mInsetsRoundedCornerFrame=false}, InsetsSource: {mType=ITYPE_LEFT_GESTURES, mFrame=[0,0][0,2400], mVisible=true, mInsetsRoundedCornerFrame=false}, InsetsSource: {mType=ITYPE_RIGHT_GESTURES, mFrame=[1080,0][1080,2400], mVisible=true, mInsetsRoundedCornerFrame=false}, InsetsSource: {mType=ITYPE_TOP_MANDATORY_GESTURES, mFrame=[0,0][1080,124], mVisible=true, mInsetsRoundedCornerFrame=false}, InsetsSource: {mType=ITYPE_BOTTOM_MANDATORY_GESTURES, mFrame=[0,2256][1080,2400], mVisible=true, mInsetsRoundedCornerFrame=false}, InsetsSource: {mType=ITYPE_LEFT_DISPLAY_CUTOUT, mFrame=[0,0][-100000,2400], mVisible=true, mInsetsRoundedCornerFrame=false}, InsetsSource: {mType=ITYPE_TOP_DISPLAY_CUTOUT, mFrame=[0,0][1080,88], mVisible=true, mInsetsRoundedCornerFrame=false}, InsetsSource: {mType=ITYPE_RIGHT_DISPLAY_CUTOUT, mFrame=[100000,0][1080,2400], mVisible=true, mInsetsRoundedCornerFrame=false}, InsetsSource: {mType=ITYPE_BOTTOM_DISPLAY_CUTOUT, mFrame=[0,100000][1080,2400], mVisible=true, mInsetsRoundedCornerFrame=false}, InsetsSource: {mType=ITYPE_TOP_TAPPABLE_ELEMENT, mFrame=[0,0][1080,88], mVisible=true, mInsetsRoundedCornerFrame=false}, InsetsSource: {mType=ITYPE_BOTTOM_TAPPABLE_ELEMENT, mFrame=[0,2256][1080,2400], mVisible=true, mInsetsRoundedCornerFrame=false}, InsetsSource: {mType=ITYPE_IME, mFrame=[0,0][0,0], mVisibleFrame=[0,1374][1080,2400], mVisible=false, mInsetsRoundedCornerFrame=false} } host=com.evolucao.app/com.evolucao.app.MainActivity from=android.view.ViewRootImpl.setView:1732
04-06 10:53:00.089  3359  3359 I ViewRootImpl@914008f[MainActivity]: setView = com.android.internal.policy.DecorView@afffac0 TM=false
04-06 10:53:00.091  3359  3359 I MSHandlerLifeCycle: removeMultiSplitHandler: no exist. decor=DecorView@afffac0[MainActivity]
04-06 10:53:00.099  3359  3359 I ViewRootImpl@914008f[MainActivity]: performTraversals params={(0,0)(fillxfill) sim={adjust=resize forwardNavigation} layoutInDisplayCutoutMode=always ty=BASE_APPLICATION wanim=0x1030309
04-06 10:53:00.099  3359  3359 I ViewRootImpl@914008f[MainActivity]:   fl=81810100
04-06 10:53:00.099  3359  3359 I ViewRootImpl@914008f[MainActivity]:   pfl=16020040
04-06 10:53:00.099  3359  3359 I ViewRootImpl@914008f[MainActivity]:   vsysui=100
04-06 10:53:00.099  3359  3359 I ViewRootImpl@914008f[MainActivity]:   bhv=DEFAULT
04-06 10:53:00.099  3359  3359 I ViewRootImpl@914008f[MainActivity]:   fitSides= naviIconColor=0}
04-06 10:53:00.099  3359  3359 I ViewRootImpl@914008f[MainActivity]: performTraversals mFirst=true windowShouldResize=true viewVisibilityChanged=false mForceNextWindowRelayout=false params={(0,0)(fillxfill) sim={adjust=resize forwardNavigation} layoutInDisplayCutoutMode=always ty=BASE_APPLICATION wanim=0x1030309
04-06 10:53:00.099  3359  3359 I ViewRootImpl@914008f[MainActivity]:   fl=81810100
04-06 10:53:00.099  3359  3359 I ViewRootImpl@914008f[MainActivity]:   pfl=16020040
04-06 10:53:00.099  3359  3359 I ViewRootImpl@914008f[MainActivity]:   vsysui=100
04-06 10:53:00.099  3359  3359 I ViewRootImpl@914008f[MainActivity]:   bhv=DEFAULT
04-06 10:53:00.099  3359  3359 I ViewRootImpl@914008f[MainActivity]:   fitSides= naviIconColor=0}
04-06 10:53:00.105  3359  3359 I ViewRootImpl@914008f[MainActivity]: updateBlastSurfaceIfNeeded mBlastBufferQueue=null isSameSurfaceControl=false
04-06 10:53:00.105  3359  3359 E BufferQueueProducer: Unable to open libpenguin.so: dlopen failed: library "libpenguin.so" not found.
04-06 10:53:00.105  3359  3359 I BLASTBufferQueue: new BLASTBufferQueue, mName= ViewRootImpl@914008f[MainActivity] mNativeObject= 0xb4000070c2c34c00 sc.mNativeObject= 0xb4000070a0c7e940 caller= android.view.ViewRootImpl.updateBlastSurfaceIfNeeded:2909 android.view.ViewRootImpl.relayoutWindow:9847 android.view.ViewRootImpl.performTraversals:3884 android.view.ViewRootImpl.doTraversal:3116 android.view.ViewRootImpl$TraversalRunnable.run:10885 android.view.Choreographer$CallbackRecord.run:1301 android.view.Choreographer$CallbackRecord.run:1309 android.view.Choreographer.doCallbacks:923 android.view.Choreographer.doFrame:852 android.view.Choreographer$FrameDisplayEventReceiver.run:1283 
04-06 10:53:00.106  3359  3359 I BLASTBufferQueue: update, w= 1080 h= 2400 mName = ViewRootImpl@914008f[MainActivity] mNativeObject= 0xb4000070c2c34c00 sc.mNativeObject= 0xb4000070a0c7e940 format= -1 caller= android.graphics.BLASTBufferQueue.<init>:84 android.view.ViewRootImpl.updateBlastSurfaceIfNeeded:2909 android.view.ViewRootImpl.relayoutWindow:9847 android.view.ViewRootImpl.performTraversals:3884 android.view.ViewRootImpl.doTraversal:3116 android.view.ViewRootImpl$TraversalRunnable.run:10885 
04-06 10:53:00.106  3359  3359 I ViewRootImpl@914008f[MainActivity]: Relayout returned: old=(0,0,1080,2400) new=(0,0,1080,2400) req=(1080,2400)0 dur=6 res=0x3 s={true 0xb4000070a0e76000} ch=true seqId=0
04-06 10:53:00.107  3359  3359 I ViewRootImpl@914008f[MainActivity]: mThreadedRenderer.initialize() mSurface={isValid=true 0xb4000070a0e76000} hwInitialized=true
04-06 10:53:00.108  3359  3359 I ViewRootImpl@914008f[MainActivity]: reportNextDraw android.view.ViewRootImpl.performTraversals:4438 android.view.ViewRootImpl.doTraversal:3116 android.view.ViewRootImpl$TraversalRunnable.run:10885 android.view.Choreographer$CallbackRecord.run:1301 android.view.Choreographer$CallbackRecord.run:1309 
04-06 10:53:00.108  3359  3359 I ViewRootImpl@914008f[MainActivity]: Setup new sync id=0
04-06 10:53:00.108  3359  3359 I ViewRootImpl@914008f[MainActivity]: Setting syncFrameCallback
04-06 10:53:00.108  3359  3359 I ViewRootImpl@914008f[MainActivity]: registerCallbacksForSync syncBuffer=false
04-06 10:53:00.117  3359  3459 D OpenGLRenderer: eglCreateWindowSurface
04-06 10:53:00.118  3359  3491 I ViewRootImpl@914008f[MainActivity]: Received frameDrawingCallback syncResult=0 frameNum=1.
04-06 10:53:00.118  3359  3491 I ViewRootImpl@914008f[MainActivity]: Setting up sync and frameCommitCallback
04-06 10:53:00.146  3359  3459 I BLASTBufferQueue: [ViewRootImpl@914008f[MainActivity]#0](f:0,a:0) onFrameAvailable the first frame is available
04-06 10:53:00.147  3359  3459 I ViewRootImpl@914008f[MainActivity]: Received frameCommittedCallback lastAttemptedDrawFrameNum=1 didProduceBuffer=true
04-06 10:53:00.147  3359  3459 D OpenGLRenderer: CFMS:: SetUp Pid : 3359    Tid : 3459
04-06 10:53:00.149  3359  3459 W Parcel  : Expecting binder but got null!
04-06 10:53:00.149  3359  3359 I ViewRootImpl@914008f[MainActivity]: onSyncComplete
04-06 10:53:00.149  3359  3359 I ViewRootImpl@914008f[MainActivity]: setupSync seqId=0 mSyncId=0 fn=1 caller=android.view.ViewRootImpl$$ExternalSyntheticLambda11.accept:6 android.window.SurfaceSyncer.lambda$setupSync$1$android-window-SurfaceSyncer:128 android.window.SurfaceSyncer$$ExternalSyntheticLambda1.accept:8 android.window.SurfaceSyncer$SyncSet.checkIfSyncIsComplete:382 android.window.SurfaceSyncer$SyncSet.markSyncReady:359 android.window.SurfaceSyncer.markSyncReady:151 android.view.ViewRootImpl.performTraversals:4503 
04-06 10:53:00.149  3359  3359 I ViewRootImpl@914008f[MainActivity]: reportDrawFinished seqId=0 mSyncId=-1 fn=1 mSurfaceChangedTransaction=0xb4000070a6e1ec00
04-06 10:53:00.153  3359  3359 D CompatibilityChangeReporter: Compat change id reported: 210923482; UID 10481; state: ENABLED
04-06 10:53:00.160  3359  3459 D NativeCustomFrequencyManager: [NativeCFMS] BpCustomFrequencyManager::BpCustomFrequencyManager()
04-06 10:53:00.163  3359  3359 D InsetsController: onStateChanged: InsetsState: {mDisplayFrame=Rect(0, 0 - 1080, 2400), mDisplayCutout=DisplayCutout{insets=Rect(0, 88 - 0, 0) waterfall=Insets{left=0, top=0, right=0, bottom=0} boundingRect={Bounds=[Rect(0, 0 - 0, 0), Rect(512, 0 - 568, 88), Rect(0, 0 - 0, 0), Rect(0, 0 - 0, 0)]} cutoutPathParserInfo={CutoutPathParserInfo{displayWidth=1080 displayHeight=2400 physicalDisplayWidth=1080 physicalDisplayHeight=2400 density={3.0} cutoutSpec={M 0,0 M 0,10.71963616907435 a 9.280363830925644,9.280363830925644 0 1,0 0,18.56072766185129 a 9.280363830925644,9.280363830925644 0 1,0 0,-18.56072766185129 Z @dp} rotation={0} scale={1.0} physicalPixelDisplaySizeRatio={1.0}}}}, mRoundedCorners=RoundedCorners{[RoundedCorner{position=TopLeft, radius=96, center=Point(96, 96)}, RoundedCorner{position=TopRight, radius=96, center=Point(984, 96)}, RoundedCorner{position=BottomRight, radius=96, center=Point(984, 2304)}, RoundedCorner{position=BottomLeft, radius=96, center=Point(96, 2304)}]}  mRoundedCornerFrame=Rect(0, 0 - 1080, 2400), mPrivacyIndicatorBounds=PrivacyIndicatorBounds {static bounds=Rect(948, 0 - 1080, 88) rotation=0}, mSources= { InsetsSource: {mType=ITYPE_STATUS_BAR, mFrame=[0,0][1080,88], mVisible=true, mInsetsRoundedCornerFrame=false}, InsetsSource: {mType=ITYPE_NAVIGATION_BAR, mFrame=[0,2256][1080,2400], mVisible=true, mInsetsRoundedCornerFrame=false}, InsetsSource: {mType=ITYPE_LEFT_GESTURES, mFrame=[0,0][0,2400], mVisible=true, mInsetsRoundedCornerFrame=false}, InsetsSource: {mType=ITYPE_RIGHT_GESTURES, mFrame=[1080,0][1080,2400], mVisible=true, mInsetsRoundedCornerFrame=false}, InsetsSource: {mType=ITYPE_TOP_MANDATORY_GESTURES, mFrame=[0,0][1080,124], mVisible=true, mInsetsRoundedCornerFrame=false}, InsetsSource: {mType=ITYPE_BOTTOM_MANDATORY_GESTURES, mFrame=[0,2256][1080,2400], mVisible=true, mInsetsRoundedCornerFrame=false}, InsetsSource: {mType=ITYPE_LEFT_DISPLAY_CUTOUT, mFrame=[0,0][-100000,2400], mVisible=true, mInsetsRoundedCornerFrame=false}, InsetsSource: {mType=ITYPE_TOP_DISPLAY_CUTOUT, mFrame=[0,0][1080,88], mVisible=true, mInsetsRoundedCornerFrame=false}, InsetsSource: {mType=ITYPE_RIGHT_DISPLAY_CUTOUT, mFrame=[100000,0][1080,2400], mVisible=true, mInsetsRoundedCornerFrame=false}, InsetsSource: {mType=ITYPE_BOTTOM_DISPLAY_CUTOUT, mFrame=[0,100000][1080,2400], mVisible=true, mInsetsRoundedCornerFrame=false}, InsetsSource: {mType=ITYPE_TOP_TAPPABLE_ELEMENT, mFrame=[0,0][1080,88], mVisible=true, mInsetsRoundedCornerFrame=false}, InsetsSource: {mType=ITYPE_BOTTOM_TAPPABLE_ELEMENT, mFrame=[0,2256][1080,2400], mVisible=true, mInsetsRoundedCornerFrame=false}, InsetsSource: {mType=ITYPE_IME, mFrame=[0,0][0,0], mVisibleFrame=[0,1374][1080,2400], mVisible=false, mInsetsRoundedCornerFrame=false} } host=PopupWindow:8125395 from=android.view.ViewRootImpl.setView:1732
04-06 10:53:00.165  3359  3359 I ViewRootImpl@f832caa[PopupWindow:8125395]: setView = android.widget.PopupWindow$PopupDecorView@93f6976 TM=false
04-06 10:53:00.170  3359  3359 I ViewRootImpl@f832caa[PopupWindow:8125395]: performTraversals params={(0,88)(fillxwrap) gr=TOP START CENTER sim={state=unchanged adjust=pan} ty=APPLICATION_PANEL fmt=TRANSLUCENT surfaceInsets=Rect(0, 0 - 0, 0) (manual)
04-06 10:53:00.170  3359  3359 I ViewRootImpl@f832caa[PopupWindow:8125395]:   fl=41800008
04-06 10:53:00.170  3359  3359 I ViewRootImpl@f832caa[PopupWindow:8125395]:   pfl=42018000
04-06 10:53:00.170  3359  3359 I ViewRootImpl@f832caa[PopupWindow:8125395]:   bhv=DEFAULT
04-06 10:53:00.170  3359  3359 I ViewRootImpl@f832caa[PopupWindow:8125395]:   fitTypes=STATUS_BARS NAVIGATION_BARS CAPTION_BAR naviIconColor=0
04-06 10:53:00.170  3359  3359 I ViewRootImpl@f832caa[PopupWindow:8125395]:   sfl=20000}
04-06 10:53:00.170  3359  3359 I ViewRootImpl@f832caa[PopupWindow:8125395]: performTraversals mFirst=true windowShouldResize=true viewVisibilityChanged=false mForceNextWindowRelayout=false params={(0,88)(fillxwrap) gr=TOP START CENTER sim={state=unchanged adjust=pan} ty=APPLICATION_PANEL fmt=TRANSLUCENT surfaceInsets=Rect(0, 0 - 0, 0) (manual)
04-06 10:53:00.170  3359  3359 I ViewRootImpl@f832caa[PopupWindow:8125395]:   fl=41800008
04-06 10:53:00.170  3359  3359 I ViewRootImpl@f832caa[PopupWindow:8125395]:   pfl=42018000
04-06 10:53:00.170  3359  3359 I ViewRootImpl@f832caa[PopupWindow:8125395]:   bhv=DEFAULT
04-06 10:53:00.170  3359  3359 I ViewRootImpl@f832caa[PopupWindow:8125395]:   fitTypes=STATUS_BARS NAVIGATION_BARS CAPTION_BAR naviIconColor=0
04-06 10:53:00.170  3359  3359 I ViewRootImpl@f832caa[PopupWindow:8125395]:   sfl=20000}
04-06 10:53:00.174  3359  3396 I ViewRootImpl@f832caa[PopupWindow:8125395]: Resizing android.view.ViewRootImpl@9660b77: frame = [0,88][1080,167] reportDraw = true forceLayout = false syncSeqId = 0
04-06 10:53:00.174  3359  3359 I ViewRootImpl@f832caa[PopupWindow:8125395]: updateBlastSurfaceIfNeeded mBlastBufferQueue=null isSameSurfaceControl=false
04-06 10:53:00.175  3359  3359 I BLASTBufferQueue: new BLASTBufferQueue, mName= ViewRootImpl@f832caa[PopupWindow:8125395] mNativeObject= 0xb4000070a0c0f200 sc.mNativeObject= 0xb4000070a0c7f7a0 caller= android.view.ViewRootImpl.updateBlastSurfaceIfNeeded:2909 android.view.ViewRootImpl.relayoutWindow:9847 android.view.ViewRootImpl.performTraversals:3884 android.view.ViewRootImpl.doTraversal:3116 android.view.ViewRootImpl$TraversalRunnable.run:10885 android.view.Choreographer$CallbackRecord.run:1301 android.view.Choreographer$CallbackRecord.run:1309 android.view.Choreographer.doCallbacks:923 android.view.Choreographer.doFrame:852 android.view.Choreographer$FrameDisplayEventReceiver.run:1283 
04-06 10:53:00.175  3359  3359 I BLASTBufferQueue: update, w= 1080 h= 79 mName = ViewRootImpl@f832caa[PopupWindow:8125395] mNativeObject= 0xb4000070a0c0f200 sc.mNativeObject= 0xb4000070a0c7f7a0 format= -3 caller= android.graphics.BLASTBufferQueue.<init>:84 android.view.ViewRootImpl.updateBlastSurfaceIfNeeded:2909 android.view.ViewRootImpl.relayoutWindow:9847 android.view.ViewRootImpl.performTraversals:3884 android.view.ViewRootImpl.doTraversal:3116 android.view.ViewRootImpl$TraversalRunnable.run:10885 
04-06 10:53:00.175  3359  3359 I ViewRootImpl@f832caa[PopupWindow:8125395]: Relayout returned: old=(0,88,1080,2256) new=(0,88,1080,167) req=(1080,79)0 dur=4 res=0x3 s={true 0xb4000070a0e78800} ch=true seqId=0
04-06 10:53:00.176  3359  3359 I ViewRootImpl@f832caa[PopupWindow:8125395]: mThreadedRenderer.initialize() mSurface={isValid=true 0xb4000070a0e78800} hwInitialized=true
04-06 10:53:00.176  3359  3459 D OpenGLRenderer: eglCreateWindowSurface
04-06 10:53:00.177  3359  3359 I ViewRootImpl@f832caa[PopupWindow:8125395]: reportNextDraw android.view.ViewRootImpl.performTraversals:4438 android.view.ViewRootImpl.doTraversal:3116 android.view.ViewRootImpl$TraversalRunnable.run:10885 android.view.Choreographer$CallbackRecord.run:1301 android.view.Choreographer$CallbackRecord.run:1309 
04-06 10:53:00.177  3359  3359 I ViewRootImpl@f832caa[PopupWindow:8125395]: Setup new sync id=0
04-06 10:53:00.177  3359  3359 I ViewRootImpl@f832caa[PopupWindow:8125395]: Setting syncFrameCallback
04-06 10:53:00.177  3359  3359 I ViewRootImpl@f832caa[PopupWindow:8125395]: registerCallbacksForSync syncBuffer=false
04-06 10:53:00.178  3359  3490 I ViewRootImpl@f832caa[PopupWindow:8125395]: Received frameDrawingCallback syncResult=0 frameNum=1.
04-06 10:53:00.178  3359  3490 I ViewRootImpl@f832caa[PopupWindow:8125395]: Setting up sync and frameCommitCallback
04-06 10:53:00.210  3359  3459 I ViewRootImpl@f832caa[PopupWindow:8125395]: Received frameCommittedCallback lastAttemptedDrawFrameNum=3 didProduceBuffer=true
04-06 10:53:00.211  3359  3359 I ViewRootImpl@f832caa[PopupWindow:8125395]: onSyncComplete
04-06 10:53:00.211  3359  3359 I ViewRootImpl@f832caa[PopupWindow:8125395]: setupSync seqId=0 mSyncId=1 fn=3 caller=android.view.ViewRootImpl$$ExternalSyntheticLambda11.accept:6 android.window.SurfaceSyncer.lambda$setupSync$1$android-window-SurfaceSyncer:128 android.window.SurfaceSyncer$$ExternalSyntheticLambda1.accept:8 android.window.SurfaceSyncer$SyncSet.checkIfSyncIsComplete:382 android.window.SurfaceSyncer$SyncSet.markSyncReady:359 android.window.SurfaceSyncer.markSyncReady:151 android.view.ViewRootImpl.performTraversals:4503 
04-06 10:53:00.211  3359  3359 I ViewRootImpl@f832caa[PopupWindow:8125395]: reportDrawFinished seqId=0 mSyncId=-1 fn=3 mSurfaceChangedTransaction=0xb4000070c2cf5b00
04-06 10:53:00.424  3359  3488 D Detox.RNMarker: DOWNLOAD_END ({"url":"http:\/\/localhost:8081\/.expo\/.virtual-metro-entry.bundle?platform=android&dev=true&lazy=true&minify=false&app=com.evolucao.app&modulesOnly=false&runModule=true&excludeSource=true&sourcePaths=url-server","filesChangedCount":0})
04-06 10:53:00.424  3359  3488 W unknown:BridgelessReact: ReactHost{0}.loadJSBundleFromMetro(): Creating BundleLoader
04-06 10:53:00.425  3359  3487 W unknown:BridgelessReact: ReactHost{0}.getOrCreateReactInstanceTask(): Creating BridgelessReactContext
04-06 10:53:00.425  3359  3459 D OpenGLRenderer: setSurface called with nullptr
04-06 10:53:00.425  3359  3459 D OpenGLRenderer: setSurface() destroyed EGLSurface
04-06 10:53:00.425  3359  3459 D OpenGLRenderer: destroyEglSurface
04-06 10:53:00.426  3359  3359 I ViewRootImpl@f832caa[PopupWindow:8125395]: dispatchDetachedFromWindow
04-06 10:53:00.428  3359  3487 W unknown:BridgelessReact: ReactHost{0}.getOrCreateReactInstanceTask(): Creating ReactInstance
04-06 10:53:00.429  3359  3359 D InputTransport: Input channel destroyed: 'b84f7b3', fd=123
04-06 10:53:00.445  3359  3487 D jni_lib_merge: Entering merged library JNI_OnLoad.
04-06 10:53:00.445  3359  3487 D jni_lib_merge: Preparing 4 pre-merged libs (including stub)
04-06 10:53:00.445  3359  3487 D jni_lib_merge: Preparing to register libhermes_executor_so.  onload_func: 0x7016571fa4
04-06 10:53:00.445  3359  3487 D jni_lib_merge: Preparing to register libhermesinstancejni_so.  onload_func: 0x70165ab8b4
04-06 10:53:00.445  3359  3487 D jni_lib_merge: Preparing to register libjsijniprofiler_so.  onload_func: 0x70165ad8f8
04-06 10:53:00.445  3359  3487 D jni_lib_merge: About to register 3 actual methods.
04-06 10:53:00.447  3359  3488 D TrafficStats: tagSocket(129) with statsTag=0xffffffff, statsUid=-1
04-06 10:53:00.546  3359  3487 I ExpoModulesCore: ✅ AppContext was initialized
04-06 10:53:00.575  3359  3487 W unknown:BridgelessReact: ReactHost{0}.getOrCreateReactInstanceTask(): Loading JS Bundle
04-06 10:53:00.575  3359  3487 W unknown:BridgelessReact: ReactHost{0}.getOrCreateReactInstanceTask(): DevSupportManager.onNewReactContextCreated()
04-06 10:53:00.576  3359  3499 D Detox.RNMarker: RUN_JS_BUNDLE_START (/.virtual-metro-entry.bundle?platform=android&dev=true&lazy=true&minify=false&app=com.evolucao.app&modulesOnly=false&runModule=true&excludeSource=true&sourcePaths=url-server)
04-06 10:53:00.578  3359  3359 W unknown:ReactNative: Packager connection already open, nooping.
04-06 10:53:00.584  3359  3359 W unknown:BridgelessReact: ReactHost{0}.ReactContext.onHostResume()
04-06 10:53:00.585  3359  3487 W unknown:BridgelessReact: ReactHost{0}.startSurface(surfaceId = 0): Execute
04-06 10:53:00.589  3359  3359 W unknown:BridgelessReact: ReactHost{0}.getOrCreateReactInstanceTask(): Executing ReactInstanceEventListeners
04-06 10:53:00.589  3359  3359 I DetoxRNLoading: Got new RN-context through listener
04-06 10:53:00.590  3359  3412 I DetoxRNIdleRes: Setting up Espresso Idling Resources for React Native
04-06 10:53:00.597  3359  3359 D DetoxRNHelpers: Native RN module resolution (class com.reactnativecommunity.asyncstorage.AsyncStorageModule): no registered module found
04-06 10:53:00.597  3359  3412 D IdlingRegistry: Registering idling resources: [com.wix.detox.reactnative.idlingresources.uimodule.fabric.FabricUIManagerIdlingResources@fa053f5]
04-06 10:53:00.597  3359  3412 D IdlingRegistry: Registering idling resources: [com.wix.detox.reactnative.idlingresources.animations.AnimatedModuleIdlingResource@556958a]
04-06 10:53:00.597  3359  3412 D IdlingRegistry: Registering idling resources: [com.wix.detox.reactnative.idlingresources.timers.FabricTimersIdlingResource@a29e7fb]
04-06 10:53:00.597  3359  3412 D IdlingRegistry: Registering idling resources: [com.wix.detox.reactnative.idlingresources.network.NetworkIdlingResource@fa87018]
04-06 10:53:00.597  3359  3412 D IdlingRegistry: Registering idling resources: [com.wix.detox.reactnative.idlingresources.StabilizedIdlingResource@76f3a71]
04-06 10:53:00.615  3359  3500 W om.evolucao.app: Accessing hidden method Landroid/os/MessageQueue;->next()Landroid/os/Message; (unsupported, reflection, allowed)
04-06 10:53:00.615  3359  3500 W om.evolucao.app: Accessing hidden field Landroid/os/MessageQueue;->mMessages:Landroid/os/Message; (unsupported, reflection, allowed)
04-06 10:53:00.615  3359  3500 W om.evolucao.app: Accessing hidden method Landroid/os/Message;->recycleUnchecked()V (unsupported, reflection, allowed)
04-06 10:53:00.757  3359  3359 D DetoxRNHelpers: Native RN module resolution (class com.reactnativecommunity.asyncstorage.AsyncStorageModule): no registered module found
04-06 10:53:00.758  3359  3431 W om.evolucao.app: Long monitor contention with owner Instr: androidx.test.runner.AndroidJUnitRunner (3412) at void com.wix.detox.DetoxMain.launchActivityOnCue(android.content.Context, com.wix.detox.ActivityLaunchHelper)(DetoxMain.kt:53) waiters=0 in void com.wix.detox.DetoxMain$setupActionHandlers$SynchronizedActionHandler.handle(java.lang.String, long) for 874ms
04-06 10:53:00.820  3359  3500 I WebViewFactory: Loading com.google.android.webview version 146.0.7680.164 (code 768016403)
04-06 10:53:00.822  3359  3500 D ApplicationLoaders: Returning zygote-cached class loader: /system/framework/android.test.base.jar
04-06 10:53:00.826  3359  3500 D nativeloader: Configuring classloader-namespace for other apk /data/app/~~23ppwVuk64Fm9vdWCRWMMw==/com.google.android.webview-FPIphznatdLDx2VBYoD68A==/base.apk. target_sdk_version=36, uses_libraries=, library_path=/data/app/~~23ppwVuk64Fm9vdWCRWMMw==/com.google.android.webview-FPIphznatdLDx2VBYoD68A==/lib/arm64:/data/app/~~23ppwVuk64Fm9vdWCRWMMw==/com.google.android.webview-FPIphznatdLDx2VBYoD68A==/base.apk!/lib/arm64-v8a, permitted_path=/data:/mnt/expand
04-06 10:53:00.841  3359  3500 I cr_WVCFactoryProvider: version=146.0.7680.164 (768016403) minSdkVersion=29 multiprocess=true packageId=127 splits=<none>
04-06 10:53:00.848  3359  3516 I chromium: [0406/105300.847763:INFO:android_webview/browser/variations/variations_seed_loader.cc:67] Failed to open file for reading.: No such file or directory (2)
04-06 10:53:00.848  3359  3516 I chromium: [0406/105300.848798:INFO:android_webview/browser/variations/variations_seed_loader.cc:67] Failed to open file for reading.: No such file or directory (2)
04-06 10:53:00.853  3359  3500 I cr_LibraryLoader: Successfully loaded native library
04-06 10:53:00.854  3359  3500 I cr_CachingUmaRecorder: Flushed 16 samples from 16 histograms, 0 samples were dropped.
04-06 10:53:00.870  3359  3499 W BridgelessReactContext: [WARNING] Bridgeless doesn't support CatalystInstance. Accessing an API that's not part of the new architecture is not encouraged usage.
04-06 10:53:00.877  3359  3521 D TrafficStats: tagSocket(143) with statsTag=0xffffffff, statsUid=-1
04-06 10:53:00.877  3359  3499 I ExpoModulesCore: ✅ JSI interop was installed
04-06 10:53:00.879  3359  3521 D TrafficStats: tagSocket(143) with statsTag=0xffffffff, statsUid=-1
04-06 10:53:00.883  3359  3499 I ExpoModulesCore: ✅ Constants were exported
04-06 10:53:00.927  3359  3499 W unknown:ViewManagerPropertyUpdater: Could not find generated setter for class com.th3rdwave.safeareacontext.SafeAreaProviderManager
04-06 10:53:00.930  3359  3499 W unknown:ViewManagerPropertyUpdater: Could not find generated setter for class com.facebook.react.uimanager.LayoutShadowNode
04-06 10:53:00.932  3359  3499 W unknown:ViewManagerPropertyUpdater: Could not find generated setter for class com.swmansion.rnscreens.SearchBarManager
04-06 10:53:00.932  3359  3499 W unknown:ViewManagerPropertyUpdater: Could not find generated setter for class com.swmansion.rnscreens.ScreenFooterManager
04-06 10:53:00.934  3359  3499 W unknown:ViewManagerPropertyUpdater: Could not find generated setter for class com.swmansion.rnscreens.gamma.tabs.TabScreenViewManager
04-06 10:53:00.935  3359  3499 W unknown:ViewManagerPropertyUpdater: Could not find generated setter for class expo.modules.kotlin.views.GroupViewManagerWrapper
04-06 10:53:00.935  3359  3499 W unknown:ViewManagerPropertyUpdater: Could not find generated setter for class com.swmansion.rnscreens.ScreenContainerViewManager
04-06 10:53:00.936  3359  3499 W unknown:ViewManagerPropertyUpdater: Could not find generated setter for class com.swmansion.rnscreens.gamma.tabs.TabsHostViewManager
04-06 10:53:00.937  3359  3499 W unknown:ViewManagerPropertyUpdater: Could not find generated setter for class com.swmansion.rnscreens.ModalScreenViewManager
04-06 10:53:00.938  3359  3499 W unknown:ViewManagerPropertyUpdater: Could not find generated setter for class com.swmansion.rnscreens.ScreenStackHeaderConfigViewManager
04-06 10:53:00.939  3359  3499 W unknown:ViewManagerPropertyUpdater: Could not find generated setter for class com.swmansion.rnscreens.ScreenContentWrapperManager
04-06 10:53:00.939  3359  3499 W unknown:ViewManagerPropertyUpdater: Could not find generated setter for class com.th3rdwave.safeareacontext.SafeAreaViewManager
04-06 10:53:00.941  3359  3499 W unknown:ViewManagerPropertyUpdater: Could not find generated setter for class com.th3rdwave.safeareacontext.SafeAreaViewShadowNode
04-06 10:53:00.941  3359  3499 W unknown:ViewManagerPropertyUpdater: Could not find generated setter for class com.swmansion.rnscreens.safearea.SafeAreaViewManager
04-06 10:53:00.941  3359  3499 W unknown:ViewManagerPropertyUpdater: Could not find generated setter for class com.swmansion.rnscreens.safearea.paper.SafeAreaViewShadowNode
04-06 10:53:00.942  3359  3499 W unknown:ViewManagerPropertyUpdater: Could not find generated setter for class com.swmansion.rnscreens.ScreenViewManager
04-06 10:53:00.942  3359  3499 W unknown:ViewManagerPropertyUpdater: Could not find generated setter for class com.swmansion.rnscreens.gamma.stack.host.StackHostViewManager
04-06 10:53:00.943  3359  3499 W unknown:ViewManagerPropertyUpdater: Could not find generated setter for class com.swmansion.rnscreens.ScreenStackHeaderSubviewManager
04-06 10:53:00.943  3359  3499 W unknown:ViewManagerPropertyUpdater: Could not find generated setter for class com.swmansion.rnscreens.gamma.stack.screen.StackScreenViewManager
04-06 10:53:00.943  3359  3499 W unknown:ViewManagerPropertyUpdater: Could not find generated setter for class com.swmansion.rnscreens.ScreenStackViewManager
04-06 10:53:01.020  3359  3499 W unknown:ViewManagerPropertyUpdater: Could not find generated setter for class com.facebook.react.views.debuggingoverlay.DebuggingOverlayManager
04-06 10:53:01.025  3359  3499 W unknown:ViewManagerPropertyUpdater: Could not find generated setter for class com.swmansion.gesturehandler.react.RNGestureHandlerButtonViewManager
04-06 10:53:01.030  3359  3499 W unknown:ViewManagerPropertyUpdater: Could not find generated setter for class com.facebook.react.views.safeareaview.ReactSafeAreaViewManager
04-06 10:53:01.035  3359  3499 W unknown:ViewManagerPropertyUpdater: Could not find generated setter for class com.facebook.react.views.modal.ReactModalHostManager
04-06 10:53:01.040  3359  3499 W unknown:ViewManagerPropertyUpdater: Could not find generated setter for class com.facebook.react.views.text.frescosupport.FrescoBasedReactTextInlineImageViewManager
04-06 10:53:01.040  3359  3499 W unknown:ViewManagerPropertyUpdater: Could not find generated setter for class com.facebook.react.views.text.frescosupport.FrescoBasedReactTextInlineImageShadowNode
04-06 10:53:01.045  3359  3499 W unknown:ViewManagerPropertyUpdater: Could not find generated setter for class com.facebook.react.views.progressbar.ReactProgressBarViewManager
04-06 10:53:01.045  3359  3499 W unknown:ViewManagerPropertyUpdater: Could not find generated setter for class com.facebook.react.views.progressbar.ProgressBarShadowNode
04-06 10:53:01.051  3359  3499 W unknown:ViewManagerPropertyUpdater: Could not find generated setter for class com.facebook.react.views.scroll.ReactHorizontalScrollViewManager
04-06 10:53:01.057  3359  3499 W unknown:ViewManagerPropertyUpdater: Could not find generated setter for class com.facebook.react.views.image.ReactImageManager
04-06 10:53:01.063  3359  3499 W unknown:ViewManagerPropertyUpdater: Could not find generated setter for class com.facebook.react.views.text.ReactTextViewManager
04-06 10:53:01.064  3359  3499 W unknown:ViewManagerPropertyUpdater: Could not find generated setter for class com.facebook.react.views.text.ReactTextShadowNode
04-06 10:53:01.070  3359  3499 W unknown:ViewManagerPropertyUpdater: Could not find generated setter for class com.facebook.react.views.scroll.ReactHorizontalScrollContainerViewManager
04-06 10:53:01.075  3359  3499 W unknown:ViewManagerPropertyUpdater: Could not find generated setter for class com.facebook.react.views.unimplementedview.ReactUnimplementedViewManager
04-06 10:53:01.080  3359  3499 W unknown:ViewManagerPropertyUpdater: Could not find generated setter for class com.facebook.react.views.scroll.ReactScrollViewManager
04-06 10:53:01.086  3359  3499 W unknown:ViewManagerPropertyUpdater: Could not find generated setter for class com.facebook.react.views.view.ReactViewManager
04-06 10:53:01.092  3359  3499 W unknown:ViewManagerPropertyUpdater: Could not find generated setter for class com.facebook.react.views.drawer.ReactDrawerLayoutManager
04-06 10:53:01.097  3359  3499 W unknown:ViewManagerPropertyUpdater: Could not find generated setter for class com.facebook.react.views.switchview.ReactSwitchManager
04-06 10:53:01.097  3359  3499 W unknown:ViewManagerPropertyUpdater: Could not find generated setter for class com.facebook.react.views.switchview.ReactSwitchShadowNode
04-06 10:53:01.102  3359  3499 W unknown:ViewManagerPropertyUpdater: Could not find generated setter for class com.facebook.react.views.swiperefresh.SwipeRefreshLayoutManager
04-06 10:53:01.109  3359  3499 W unknown:ViewManagerPropertyUpdater: Could not find generated setter for class com.facebook.react.views.textinput.ReactTextInputManager
04-06 10:53:01.110  3359  3499 W unknown:ViewManagerPropertyUpdater: Could not find generated setter for class com.facebook.react.views.textinput.ReactTextInputShadowNode
04-06 10:53:01.117  3359  3499 W unknown:ViewManagerPropertyUpdater: Could not find generated setter for class com.swmansion.gesturehandler.react.RNGestureHandlerRootViewManager
04-06 10:53:01.148  3359  3521 D TrafficStats: tagSocket(143) with statsTag=0xffffffff, statsUid=-1
04-06 10:53:01.313  3359  3499 V AsyncStorageExpoMigration: No scoped database found
04-06 10:53:01.487  3359  3499 D Detox.RNMarker: RUN_JS_BUNDLE_END (/.virtual-metro-entry.bundle?platform=android&dev=true&lazy=true&minify=false&app=com.evolucao.app&modulesOnly=false&runModule=true&excludeSource=true&sourcePaths=url-server)
04-06 10:53:01.489  3359  3499 I ReactNativeJS: Running "main" with {"rootTag":1,"initialProps":{},"fabric":true}
04-06 10:53:01.567  3359  3524 D TrafficStats: tagSocket(133) with statsTag=0xffffffff, statsUid=-1
04-06 10:53:01.693  3359  3359 I DecorView: notifyKeepScreenOnChanged: keepScreenOn=true
04-06 10:53:01.697  3359  3359 I ViewRootImpl@914008f[MainActivity]: performTraversals params={(0,0)(fillxfill) sim={adjust=resize} layoutInDisplayCutoutMode=always ty=BASE_APPLICATION wanim=0x1030309
04-06 10:53:01.697  3359  3359 I ViewRootImpl@914008f[MainActivity]:   fl=81810180
04-06 10:53:01.697  3359  3359 I ViewRootImpl@914008f[MainActivity]:   pfl=16020040
04-06 10:53:01.697  3359  3359 I ViewRootImpl@914008f[MainActivity]:   vsysui=100
04-06 10:53:01.697  3359  3359 I ViewRootImpl@914008f[MainActivity]:   bhv=DEFAULT
04-06 10:53:01.697  3359  3359 I ViewRootImpl@914008f[MainActivity]:   fitSides= naviIconColor=0}
04-06 10:53:01.699  3359  3359 I ViewRootImpl@914008f[MainActivity]: performTraversals mFirst=false windowShouldResize=false viewVisibilityChanged=false mForceNextWindowRelayout=false params={(0,0)(fillxfill) sim={adjust=resize} layoutInDisplayCutoutMode=always ty=BASE_APPLICATION wanim=0x1030309
04-06 10:53:01.699  3359  3359 I ViewRootImpl@914008f[MainActivity]:   fl=81810180
04-06 10:53:01.699  3359  3359 I ViewRootImpl@914008f[MainActivity]:   pfl=16020040
04-06 10:53:01.699  3359  3359 I ViewRootImpl@914008f[MainActivity]:   vsysui=100
04-06 10:53:01.699  3359  3359 I ViewRootImpl@914008f[MainActivity]:   bhv=DEFAULT
04-06 10:53:01.699  3359  3359 I ViewRootImpl@914008f[MainActivity]:   fitSides= naviIconColor=0}
04-06 10:53:01.708  3359  3359 I ViewRootImpl@914008f[MainActivity]: updateBlastSurfaceIfNeeded mBlastBufferQueue=0xb4000070c2c34c00 isSameSurfaceControl=true
04-06 10:53:01.708  3359  3359 I BLASTBufferQueue: update, w= 1080 h= 2400 mName = ViewRootImpl@914008f[MainActivity] mNativeObject= 0xb4000070c2c34c00 sc.mNativeObject= 0xb40000700a97e8e0 format= -1 caller= android.view.ViewRootImpl.updateBlastSurfaceIfNeeded:2898 android.view.ViewRootImpl.relayoutWindow:9847 android.view.ViewRootImpl.performTraversals:3884 android.view.ViewRootImpl.doTraversal:3116 android.view.ViewRootImpl$TraversalRunnable.run:10885 android.view.Choreographer$CallbackRecord.run:1301 
04-06 10:53:01.708  3359  3359 I ViewRootImpl@914008f[MainActivity]: Relayout returned: old=(0,0,1080,2400) new=(0,0,1080,2400) req=(1080,2400)0 dur=9 res=0x0 s={true 0xb4000070a0e76000} ch=false seqId=0
04-06 10:53:01.712  3359  3359 D Detox.RNMarker: CONTENT_APPEARED (main)
04-06 10:53:01.718  3359  3359 W UiControllerImpl: Waiting for: DYNAMIC_TASKS_HAVE_IDLED for 100 iterations.
04-06 10:53:01.912  3359  3386 I om.evolucao.app: Compiler allocated 4177KB to compile void android.widget.TextView.<init>(android.content.Context, android.util.AttributeSet, int, int)
04-06 10:53:01.917  3359  3359 D CompatibilityChangeReporter: Compat change id reported: 171228096; UID 10481; state: ENABLED
04-06 10:53:01.919  3359  3359 D ScrollView: initGoToTop
04-06 10:53:01.920  3359  3359 W om.evolucao.app: Accessing hidden field Landroid/widget/ScrollView;->mScroller:Landroid/widget/OverScroller; (unsupported, reflection, allowed)
04-06 10:53:01.937  3359  3359 W [RNScreens]: backTitleFontFamily prop is not available on Android
04-06 10:53:01.937  3359  3359 W [RNScreens]: disableBackButtonMenu prop is not available on Android
04-06 10:53:01.937  3359  3359 W [RNScreens]: backTitleVisible prop is not available on Android
04-06 10:53:01.937  3359  3359 W [RNScreens]: topInsetEnabled prop is not available on Android
04-06 10:53:01.937  3359  3359 W [RNScreens]: largeTitleHideShadow prop is not available on Android
04-06 10:53:01.937  3359  3359 W [RNScreens]: largeTitleFontWeight prop is not available on Android
04-06 10:53:01.937  3359  3359 W [RNScreens]: userInterfaceStyle prop is not available on Android
04-06 10:53:01.937  3359  3359 W [RNScreens]: largeTitleFontFamily prop is not available on Android
04-06 10:53:01.958  3359  3499 I ReactNativeJS: '[ANALYTICS]', 'app_opened', { event: 'app_opened',
04-06 10:53:01.958  3359  3499 I ReactNativeJS:   eventId: '1775483581955_9875e06a25189',
04-06 10:53:01.958  3359  3499 I ReactNativeJS:   appVersion: '1.0.0',
04-06 10:53:01.958  3359  3499 I ReactNativeJS:   category: 'engagement',
04-06 10:53:01.958  3359  3499 I ReactNativeJS:   userId: 'anonymous',
04-06 10:53:01.958  3359  3499 I ReactNativeJS:   timestamp: 1775483581954,
04-06 10:53:01.958  3359  3499 I ReactNativeJS:   timestampIso: '2026-04-06T13:53:01.954Z',
04-06 10:53:01.958  3359  3499 I ReactNativeJS:   screen: 'App',
04-06 10:53:01.958  3359  3499 I ReactNativeJS:   sessionId: 'session-1775483581717-19e35ad75c4f83',
04-06 10:53:01.958  3359  3499 I ReactNativeJS:   flowId: 'session-1775483581717-19e35ad75c4f83',
04-06 10:53:01.958  3359  3499 I ReactNativeJS:   meta: 
04-06 10:53:01.958  3359  3499 I ReactNativeJS:    { domain: 'engagement',
04-06 10:53:01.958  3359  3499 I ReactNativeJS:      version: 1,
04-06 10:53:01.958  3359  3499 I ReactNativeJS:      dayKey: '2026-04-06',
04-06 10:53:01.958  3359  3499 I ReactNativeJS:      isFirstOpenOfDay: true,
04-06 10:53:01.958  3359  3499 I ReactNativeJS:      category: 'engagement' } }
04-06 10:53:01.965  3359  3499 D Detox.RNMarker: REACT_BRIDGELESS_LOADING_END (null)
04-06 10:53:02.030  3359  3459 D OpenGLRenderer: setSurface called with nullptr
04-06 10:53:02.084  3359  3359 W UiControllerImpl: Waiting for: DYNAMIC_TASKS_HAVE_IDLED for 200 iterations.
04-06 10:53:03.302  3359  3359 W UiControllerImpl: Waiting for: DYNAMIC_TASKS_HAVE_IDLED for 300 iterations.
04-06 10:53:04.298  3359  3530 D ProfileInstaller: Installing profile for com.evolucao.app
04-06 10:53:04.592  3359  3359 W UiControllerImpl: Waiting for: DYNAMIC_TASKS_HAVE_IDLED for 400