--------- beginning of main
04-06 02:33:14.134 22887 22887 I om.evolucao.app: Late-enabling -Xcheck:jni
04-06 02:33:14.158 22887 22887 I om.evolucao.app: Using CollectorTypeCC GC.
04-06 02:33:14.187 22887 22887 D ActivityThread: setConscryptValidator
04-06 02:33:14.187 22887 22887 D ActivityThread: setConscryptValidator - put
04-06 02:33:14.205 22887 22887 D CompatibilityChangeReporter: Compat change id reported: 171979766; UID 10421; state: ENABLED
--------- beginning of system
04-06 02:33:14.211 22887 22887 W ActivityThread: Package uses different ABI(s) than its instrumentation: package[com.evolucao.app]: arm64-v8a, null instrumentation[com.evolucao.app.test]: null, null
04-06 02:33:14.214 22887 22887 W om.evolucao.app: ClassLoaderContext classpath size mismatch. expected=0, found=1 (PCL[] | PCL[/system/framework/android.test.runner.jar*2256426886])
04-06 02:33:14.217 22887 22887 W om.evolucao.app: ClassLoaderContext classpath size mismatch. expected=0, found=2 (PCL[] | PCL[/system/framework/android.test.runner.jar*2256426886:/system/framework/android.test.mock.jar*2695051129])
04-06 02:33:14.218 22887 22887 W ziparchive: Unable to open '/data/app/~~9qZMtdoh_KhzQKarzvvKRg==/com.evolucao.app.test-2orA_f_zHZMpXb0rVVcpdQ==/base.dm': No such file or directory
04-06 02:33:14.218 22887 22887 W ziparchive: Unable to open '/data/app/~~9qZMtdoh_KhzQKarzvvKRg==/com.evolucao.app.test-2orA_f_zHZMpXb0rVVcpdQ==/base.dm': No such file or directory
04-06 02:33:14.299 22887 22887 W ziparchive: Unable to open '/data/app/~~Q3sw_EgPzfee-rJIvz12vw==/com.evolucao.app-vpT_tcvmnqhOs5gxQMhzoA==/base.dm': No such file or directory
04-06 02:33:14.299 22887 22887 W ziparchive: Unable to open '/data/app/~~Q3sw_EgPzfee-rJIvz12vw==/com.evolucao.app-vpT_tcvmnqhOs5gxQMhzoA==/base.dm': No such file or directory
04-06 02:33:14.625 22887 22887 D nativeloader: Configuring classloader-namespace for other apk /system/framework/android.test.runner.jar:/system/framework/android.test.mock.jar:/system/framework/android.test.base.jar:/data/app/~~9qZMtdoh_KhzQKarzvvKRg==/com.evolucao.app.test-2orA_f_zHZMpXb0rVVcpdQ==/base.apk:/data/app/~~Q3sw_EgPzfee-rJIvz12vw==/com.evolucao.app-vpT_tcvmnqhOs5gxQMhzoA==/base.apk. target_sdk_version=36, uses_libraries=, library_path=/data/app/~~9qZMtdoh_KhzQKarzvvKRg==/com.evolucao.app.test-2orA_f_zHZMpXb0rVVcpdQ==/lib/arm64:/data/app/~~Q3sw_EgPzfee-rJIvz12vw==/com.evolucao.app-vpT_tcvmnqhOs5gxQMhzoA==/lib/arm64:/data/app/~~9qZMtdoh_KhzQKarzvvKRg==/com.evolucao.app.test-2orA_f_zHZMpXb0rVVcpdQ==/base.apk!/lib/arm64-v8a:/data/app/~~Q3sw_EgPzfee-rJIvz12vw==/com.evolucao.app-vpT_tcvmnqhOs5gxQMhzoA==/base.apk!/lib/arm64-v8a, permitted_path=/data:/mnt/expand:/data/user/0/com.evolucao.app
04-06 02:33:14.639 22887 22887 V GraphicsEnvironment: ANGLE Developer option for 'com.evolucao.app' set to: 'default'
04-06 02:33:14.639 22887 22887 V GraphicsEnvironment: ANGLE GameManagerService for com.evolucao.app: false
04-06 02:33:14.639 22887 22887 V GraphicsEnvironment: App is not on the allowlist for updatable production driver.
04-06 02:33:14.647 22887 22887 D ApplicationLoaders: Returning zygote-cached class loader: /system/framework/android.test.base.jar
04-06 02:33:14.649 22887 22887 D nativeloader: Configuring classloader-namespace for other apk /system/framework/android.test.mock.jar. target_sdk_version=36, uses_libraries=ALL, library_path=/data/app/~~9qZMtdoh_KhzQKarzvvKRg==/com.evolucao.app.test-2orA_f_zHZMpXb0rVVcpdQ==/lib/arm64:/data/app/~~Q3sw_EgPzfee-rJIvz12vw==/com.evolucao.app-vpT_tcvmnqhOs5gxQMhzoA==/lib/arm64, permitted_path=/data:/mnt/expand
04-06 02:33:14.649 22887 22887 D nativeloader: Extending system_exposed_libraries: libhumantracking.arcsoft.so:libPortraitDistortionCorrection.arcsoft.so:libPortraitDistortionCorrectionCali.arcsoft.so:libface_landmark.arcsoft.so:libFacialStickerEngine.arcsoft.so:libveengine.arcsoft.so:lib_pet_detection.arcsoft.so:libhigh_res.arcsoft.so:libimage_enhancement.arcsoft.so:liblow_light_hdr.arcsoft.so:libhigh_dynamic_range.arcsoft.so:libsuperresolution.arcsoft.so:libobjectcapture_jni.arcsoft.so:libobjectcapture_jni.arcsoft.so:libobjectcapture.arcsoft.so:libFacialAttributeDetection.arcsoft.so:libBeauty_v4.camera.samsung.so:libexifa.camera.samsung.so:libjpega.camera.samsung.so:libOpenCv.camera.samsung.so:libVideoClassifier.camera.samsung.so:libtensorflowLite.dynamic_viewing.camera.samsung.so:libImageScreener.camera.samsung.so:libMyFilter.camera.samsung.so:libtflite2.myfilters.camera.samsung.so:libHIDTSnapJNI.camera.samsung.so:libSmartScan.camera.samsung.so:libRectify.camera.samsung.so:libDocRectifyWrapper.camera.samsung.so:libUltraWideDistortionCorrection.camera.
04-06 02:33:14.651 22887 22887 D ApplicationLoaders: Returning zygote-cached class loader: /system/framework/android.test.base.jar
04-06 02:33:14.653 22887 22887 W om.evolucao.app: ClassLoaderContext shared library size mismatch. Expected=0, found=2 (PCL[] | PCL[]{PCL[/system/framework/android.test.base.jar*1628045882]#PCL[/system/framework/android.test.mock.jar*2695051129]})
04-06 02:33:14.654 22887 22887 D nativeloader: Configuring classloader-namespace for other apk /system/framework/android.test.runner.jar. target_sdk_version=36, uses_libraries=ALL, library_path=/data/app/~~9qZMtdoh_KhzQKarzvvKRg==/com.evolucao.app.test-2orA_f_zHZMpXb0rVVcpdQ==/lib/arm64:/data/app/~~Q3sw_EgPzfee-rJIvz12vw==/com.evolucao.app-vpT_tcvmnqhOs5gxQMhzoA==/lib/arm64, permitted_path=/data:/mnt/expand
04-06 02:33:14.654 22887 22887 D nativeloader: Extending system_exposed_libraries: libhumantracking.arcsoft.so:libPortraitDistortionCorrection.arcsoft.so:libPortraitDistortionCorrectionCali.arcsoft.so:libface_landmark.arcsoft.so:libFacialStickerEngine.arcsoft.so:libveengine.arcsoft.so:lib_pet_detection.arcsoft.so:libhigh_res.arcsoft.so:libimage_enhancement.arcsoft.so:liblow_light_hdr.arcsoft.so:libhigh_dynamic_range.arcsoft.so:libsuperresolution.arcsoft.so:libobjectcapture_jni.arcsoft.so:libobjectcapture_jni.arcsoft.so:libobjectcapture.arcsoft.so:libFacialAttributeDetection.arcsoft.so:libBeauty_v4.camera.samsung.so:libexifa.camera.samsung.so:libjpega.camera.samsung.so:libOpenCv.camera.samsung.so:libVideoClassifier.camera.samsung.so:libtensorflowLite.dynamic_viewing.camera.samsung.so:libImageScreener.camera.samsung.so:libMyFilter.camera.samsung.so:libtflite2.myfilters.camera.samsung.so:libHIDTSnapJNI.camera.samsung.so:libSmartScan.camera.samsung.so:libRectify.camera.samsung.so:libDocRectifyWrapper.camera.samsung.so:libUltraWideDistortionCorrection.camera.
04-06 02:33:14.657 22887 22887 W om.evolucao.app: ClassLoaderContext shared library size mismatch. Expected=0, found=3 (PCL[] | PCL[]{PCL[/system/framework/android.test.base.jar*1628045882]#PCL[/system/framework/android.test.mock.jar*2695051129]#PCL[/system/framework/android.test.runner.jar*2256426886]{PCL[/system/framework/android.test.base.jar*1628045882]#PCL[/system/framework/android.test.mock.jar*2695051129]}};PCL[/system/framework/android.test.runner.jar*2256426886:/system/framework/android.test.mock.jar*2695051129:/system/framework/android.test.base.jar*1628045882:/data/app/~~9qZMtdoh_KhzQKarzvvKRg==/com.evolucao.app.test-2orA_f_zHZMpXb0rVVcpdQ==/base.apk*2272993428:/data/app/~~9qZMtdoh_KhzQKarzvvKRg==/com.evolucao.app.test-2orA_f_zHZMpXb0rVVcpdQ==/base.apk!classes2.dex*714357168:/data/app/~~9qZMtdoh_KhzQKarzvvKRg==/com.evolucao.app.test-2orA_f_zHZMpXb0rVVcpdQ==/base.apk!classes3.dex*1380987315:/data/app/~~9qZMtdoh_KhzQKarzvvKRg==/com.evolucao.app.test-2orA_f_zHZMpXb0rVVcpdQ==/base.apk!classes4.dex*3771904477:/data/app/~~9qZMtdoh_KhzQKarzvvKRg==/com.evolucao.app.test-2orA_f_zHZMpXb0rVVcpdQ==/base.apk!classes5.dex*2127157885:/data/app/~~9qZMtdoh_KhzQKarzvvKRg==/com.evolucao.app.test-2orA_f_zHZMpXb0rVVcpdQ==/base.apk!classes6.dex*971414087:/data/app/~~9qZMtdoh_KhzQKarzvvKRg==/com.evolucao.app.test-2orA_f_zHZMpXb0rVVcpdQ==/base.apk!classes7.dex*742752503:/data/app/~~9qZMtdoh_KhzQKarzvvKRg==/com.evolucao.app.test-2orA_f_zHZMpXb0rVVcpdQ==/base.apk!classes8.dex*388434936:/data/app/~~9qZMtdoh_KhzQKarzvvKRg==/com.evolucao.app.test-2orA_f_zHZMpXb0rVVcpdQ==/base.apk!classes9.dex*209335023:/data/app/~~9qZMtdoh_KhzQKarzvvKRg==/com.evolucao.app.test-2orA_f_zHZMpXb0rVVcpdQ==/base.apk!classes10.dex*2871199926:/data/app/~~9qZMtdoh_KhzQKarzvvKRg==/com.evolucao.app.test-2orA_f_zHZMpXb0rVVcpdQ==/base.apk!classes11.dex*3957027005:/data/app/~~9qZMtdoh_KhzQKarzvvKRg==/com.evolucao.app.test-2orA_f_zHZMpXb0rVVcpdQ==/base.apk!classes12.dex*914099516:/data/app/~~9qZMtdoh_KhzQKarzvvKRg==/com.evolucao.app.test-2orA_f_zHZMpXb0rVVcpdQ==/base.apk!classes13.dex*4108993750:/data/app/~~9qZMtdoh_KhzQKarzvvKRg==/com.evolucao.app.test-2orA_f_zHZMpXb0rVVcpdQ==/base.apk!classes14.dex*1632137592:/data/app/~~9qZMtdoh_KhzQKarzvvKRg==/com.evolucao.app.test-2orA_f_zHZMpXb0rVVcpdQ==/base.apk!classes15.dex*1757943310:/data/app/~~9qZMtdoh_KhzQKarzvvKRg==/com.evolucao.app.test-2orA_f_zHZMpXb0rVVcpdQ==/base.apk!classes16.dex*931013159:/data/app/~~9qZMtdoh_KhzQKarzvvKRg==/com.evolucao.app.test-2orA_f_zHZMpXb0rVVcpdQ==/base.apk!classes17.dex*2782462504:/data/app/~~9qZMtdoh_KhzQKarzvvKRg==/com.evolucao.app.test-2orA_f_zHZMpXb0rVVcpdQ==/base.apk!classes18.dex*3468966139:/data/app/~~9qZMtdoh_KhzQKarzvvKRg==/com.evolucao.app.test-2orA_f_zHZMpXb0rVVcpdQ==/base.apk!classes19.dex*2267436335:/data/app/~~Q3sw_EgPzfee-rJIvz12vw==/com.evolucao.app-vpT_tcvmnqhOs5gxQMhzoA==/base.apk*198750528:/data/app/~~Q3sw_EgPzfee-rJIvz12vw==/com.evolucao.app-vpT_tcvmnqhOs5gxQMhzoA==/base.apk!classes2.dex*1675103030:/data/app/~~Q3sw_EgPzfee-rJIvz12vw==/com.evolucao.app-vpT_tcvmnqhOs5gxQMhzoA==/base.apk!classes3.dex*1788775668:/data/app/~~Q3sw_EgPzfee-rJIvz12vw==/com.evolucao.app-vpT_tcvmnqhOs5gxQMhzoA==/base.apk!classes4.dex*2572157285:/data/app/~~Q3sw_EgPzfee-rJIvz12vw==/com.evolucao.app-vpT_tcvmnqhOs5gxQMhzoA==/base.apk!classes5.dex*3994030385:/data/app/~~Q3sw_EgPzfee-rJIvz12vw==/com.evolucao.app-vpT_tcvmnqhOs5gxQMhzoA==/base.apk!classes6.dex*1028875939:/data/app/~~Q3sw_EgPzfee-rJIvz12vw==/com.evolucao.app-vpT_tcvmnqhOs5gxQMhzoA==/base.apk!classes7.dex*2113616002:/data/app/~~Q3sw_EgPzfee-rJIvz12vw==/com.evolucao.app-vpT_tcvmnqhOs5gxQMhzoA==/base.apk!classes8.dex*3287389796:/data/app/~~Q3sw_EgPzfee-rJIvz12vw==/com.evolucao.app-vpT_tcvmnqhOs5gxQMhzoA==/base.apk!classes9.dex*2030025819:/data/app/~~Q3sw_EgPzfee-rJIvz12vw==/com.evolucao.app-vpT_tcvmnqhOs5gxQMhzoA==/base.apk!classes10.dex*1917680387:/data/app/~~Q3sw_EgPzfee-rJIvz12vw==/com.evolucao.app-vpT_tcvmnqhOs5gxQMhzoA==/base.apk!classes11.dex*152968521:/data/app/~~Q3sw_EgPzfee-rJIvz12vw==/com.evolucao.app-vpT_tcvmnqhOs5gxQMhzoA==/base.apk!cla
04-06 02:33:14.659 22887 22887 W om.evolucao.app: ClassLoaderContext classpath size mismatch. expected=0, found=1 (PCL[] | PCL[/system/framework/android.test.runner.jar*2256426886]{PCL[/system/framework/android.test.base.jar*1628045882]#PCL[/system/framework/android.test.mock.jar*2695051129]#PCL[/system/framework/android.test.runner.jar*2256426886]{PCL[/system/framework/android.test.base.jar*1628045882]#PCL[/system/framework/android.test.mock.jar*2695051129]}};PCL[/system/framework/android.test.runner.jar*2256426886:/system/framework/android.test.mock.jar*2695051129:/system/framework/android.test.base.jar*1628045882:/data/app/~~9qZMtdoh_KhzQKarzvvKRg==/com.evolucao.app.test-2orA_f_zHZMpXb0rVVcpdQ==/base.apk*2272993428:/data/app/~~9qZMtdoh_KhzQKarzvvKRg==/com.evolucao.app.test-2orA_f_zHZMpXb0rVVcpdQ==/base.apk!classes2.dex*714357168:/data/app/~~9qZMtdoh_KhzQKarzvvKRg==/com.evolucao.app.test-2orA_f_zHZMpXb0rVVcpdQ==/base.apk!classes3.dex*1380987315:/data/app/~~9qZMtdoh_KhzQKarzvvKRg==/com.evolucao.app.test-2orA_f_zHZMpXb0rVVcpdQ==/base.apk!classes4.dex*3771904477:/data/app/~~9qZMtdoh_KhzQKarzvvKRg==/com.evolucao.app.test-2orA_f_zHZMpXb0rVVcpdQ==/base.apk!classes5.dex*2127157885:/data/app/~~9qZMtdoh_KhzQKarzvvKRg==/com.evolucao.app.test-2orA_f_zHZMpXb0rVVcpdQ==/base.apk!classes6.dex*971414087:/data/app/~~9qZMtdoh_KhzQKarzvvKRg==/com.evolucao.app.test-2orA_f_zHZMpXb0rVVcpdQ==/base.apk!classes7.dex*742752503:/data/app/~~9qZMtdoh_KhzQKarzvvKRg==/com.evolucao.app.test-2orA_f_zHZMpXb0rVVcpdQ==/base.apk!classes8.dex*388434936:/data/app/~~9qZMtdoh_KhzQKarzvvKRg==/com.evolucao.app.test-2orA_f_zHZMpXb0rVVcpdQ==/base.apk!classes9.dex*209335023:/data/app/~~9qZMtdoh_KhzQKarzvvKRg==/com.evolucao.app.test-2orA_f_zHZMpXb0rVVcpdQ==/base.apk!classes10.dex*2871199926:/data/app/~~9qZMtdoh_KhzQKarzvvKRg==/com.evolucao.app.test-2orA_f_zHZMpXb0rVVcpdQ==/base.apk!classes11.dex*3957027005:/data/app/~~9qZMtdoh_KhzQKarzvvKRg==/com.evolucao.app.test-2orA_f_zHZMpXb0rVVcpdQ==/base.apk!classes12.dex*914099516:/data/app/~~9qZMtdoh_KhzQKarzvvKRg==/com.evolucao.app.test-2orA_f_zHZMpXb0rVVcpdQ==/base.apk!classes13.dex*4108993750:/data/app/~~9qZMtdoh_KhzQKarzvvKRg==/com.evolucao.app.test-2orA_f_zHZMpXb0rVVcpdQ==/base.apk!classes14.dex*1632137592:/data/app/~~9qZMtdoh_KhzQKarzvvKRg==/com.evolucao.app.test-2orA_f_zHZMpXb0rVVcpdQ==/base.apk!classes15.dex*1757943310:/data/app/~~9qZMtdoh_KhzQKarzvvKRg==/com.evolucao.app.test-2orA_f_zHZMpXb0rVVcpdQ==/base.apk!classes16.dex*931013159:/data/app/~~9qZMtdoh_KhzQKarzvvKRg==/com.evolucao.app.test-2orA_f_zHZMpXb0rVVcpdQ==/base.apk!classes17.dex*2782462504:/data/app/~~9qZMtdoh_KhzQKarzvvKRg==/com.evolucao.app.test-2orA_f_zHZMpXb0rVVcpdQ==/base.apk!classes18.dex*3468966139:/data/app/~~9qZMtdoh_KhzQKarzvvKRg==/com.evolucao.app.test-2orA_f_zHZMpXb0rVVcpdQ==/base.apk!classes19.dex*2267436335:/data/app/~~Q3sw_EgPzfee-rJIvz12vw==/com.evolucao.app-vpT_tcvmnqhOs5gxQMhzoA==/base.apk*198750528:/data/app/~~Q3sw_EgPzfee-rJIvz12vw==/com.evolucao.app-vpT_tcvmnqhOs5gxQMhzoA==/base.apk!classes2.dex*1675103030:/data/app/~~Q3sw_EgPzfee-rJIvz12vw==/com.evolucao.app-vpT_tcvmnqhOs5gxQMhzoA==/base.apk!classes3.dex*1788775668:/data/app/~~Q3sw_EgPzfee-rJIvz12vw==/com.evolucao.app-vpT_tcvmnqhOs5gxQMhzoA==/base.apk!classes4.dex*2572157285:/data/app/~~Q3sw_EgPzfee-rJIvz12vw==/com.evolucao.app-vpT_tcvmnqhOs5gxQMhzoA==/base.apk!classes5.dex*3994030385:/data/app/~~Q3sw_EgPzfee-rJIvz12vw==/com.evolucao.app-vpT_tcvmnqhOs5gxQMhzoA==/base.apk!classes6.dex*1028875939:/data/app/~~Q3sw_EgPzfee-rJIvz12vw==/com.evolucao.app-vpT_tcvmnqhOs5gxQMhzoA==/base.apk!classes7.dex*2113616002:/data/app/~~Q3sw_EgPzfee-rJIvz12vw==/com.evolucao.app-vpT_tcvmnqhOs5gxQMhzoA==/base.apk!classes8.dex*3287389796:/data/app/~~Q3sw_EgPzfee-rJIvz12vw==/com.evolucao.app-vpT_tcvmnqhOs5gxQMhzoA==/base.apk!classes9.dex*2030025819:/data/app/~~Q3sw_EgPzfee-rJIvz12vw==/com.evolucao.app-vpT_tcvmnqhOs5gxQMhzoA==/base.apk!classes10.dex*1917680387:/data/app/~~Q3sw_EgPzfee-rJIvz12vw==/com.evolucao.app-vpT_tcvmnqhOs5gxQMhzoA==/base.apk!classes11.dex*152968521:/data/app/~~Q3sw_EgPzfee-rJIvz12vw==/com.evo
04-06 02:33:14.660 22887 22887 W om.evolucao.app: ClassLoaderContext classpath size mismatch. expected=0, found=2 (PCL[] | PCL[/system/framework/android.test.runner.jar*2256426886:/system/framework/android.test.mock.jar*2695051129]{PCL[/system/framework/android.test.base.jar*1628045882]#PCL[/system/framework/android.test.mock.jar*2695051129]#PCL[/system/framework/android.test.runner.jar*2256426886]{PCL[/system/framework/android.test.base.jar*1628045882]#PCL[/system/framework/android.test.mock.jar*2695051129]}};PCL[/system/framework/android.test.runner.jar*2256426886:/system/framework/android.test.mock.jar*2695051129:/system/framework/android.test.base.jar*1628045882:/data/app/~~9qZMtdoh_KhzQKarzvvKRg==/com.evolucao.app.test-2orA_f_zHZMpXb0rVVcpdQ==/base.apk*2272993428:/data/app/~~9qZMtdoh_KhzQKarzvvKRg==/com.evolucao.app.test-2orA_f_zHZMpXb0rVVcpdQ==/base.apk!classes2.dex*714357168:/data/app/~~9qZMtdoh_KhzQKarzvvKRg==/com.evolucao.app.test-2orA_f_zHZMpXb0rVVcpdQ==/base.apk!classes3.dex*1380987315:/data/app/~~9qZMtdoh_KhzQKarzvvKRg==/com.evolucao.app.test-2orA_f_zHZMpXb0rVVcpdQ==/base.apk!classes4.dex*3771904477:/data/app/~~9qZMtdoh_KhzQKarzvvKRg==/com.evolucao.app.test-2orA_f_zHZMpXb0rVVcpdQ==/base.apk!classes5.dex*2127157885:/data/app/~~9qZMtdoh_KhzQKarzvvKRg==/com.evolucao.app.test-2orA_f_zHZMpXb0rVVcpdQ==/base.apk!classes6.dex*971414087:/data/app/~~9qZMtdoh_KhzQKarzvvKRg==/com.evolucao.app.test-2orA_f_zHZMpXb0rVVcpdQ==/base.apk!classes7.dex*742752503:/data/app/~~9qZMtdoh_KhzQKarzvvKRg==/com.evolucao.app.test-2orA_f_zHZMpXb0rVVcpdQ==/base.apk!classes8.dex*388434936:/data/app/~~9qZMtdoh_KhzQKarzvvKRg==/com.evolucao.app.test-2orA_f_zHZMpXb0rVVcpdQ==/base.apk!classes9.dex*209335023:/data/app/~~9qZMtdoh_KhzQKarzvvKRg==/com.evolucao.app.test-2orA_f_zHZMpXb0rVVcpdQ==/base.apk!classes10.dex*2871199926:/data/app/~~9qZMtdoh_KhzQKarzvvKRg==/com.evolucao.app.test-2orA_f_zHZMpXb0rVVcpdQ==/base.apk!classes11.dex*3957027005:/data/app/~~9qZMtdoh_KhzQKarzvvKRg==/com.evolucao.app.test-2orA_f_zHZMpXb0rVVcpdQ==/base.apk!classes12.dex*914099516:/data/app/~~9qZMtdoh_KhzQKarzvvKRg==/com.evolucao.app.test-2orA_f_zHZMpXb0rVVcpdQ==/base.apk!classes13.dex*4108993750:/data/app/~~9qZMtdoh_KhzQKarzvvKRg==/com.evolucao.app.test-2orA_f_zHZMpXb0rVVcpdQ==/base.apk!classes14.dex*1632137592:/data/app/~~9qZMtdoh_KhzQKarzvvKRg==/com.evolucao.app.test-2orA_f_zHZMpXb0rVVcpdQ==/base.apk!classes15.dex*1757943310:/data/app/~~9qZMtdoh_KhzQKarzvvKRg==/com.evolucao.app.test-2orA_f_zHZMpXb0rVVcpdQ==/base.apk!classes16.dex*931013159:/data/app/~~9qZMtdoh_KhzQKarzvvKRg==/com.evolucao.app.test-2orA_f_zHZMpXb0rVVcpdQ==/base.apk!classes17.dex*2782462504:/data/app/~~9qZMtdoh_KhzQKarzvvKRg==/com.evolucao.app.test-2orA_f_zHZMpXb0rVVcpdQ==/base.apk!classes18.dex*3468966139:/data/app/~~9qZMtdoh_KhzQKarzvvKRg==/com.evolucao.app.test-2orA_f_zHZMpXb0rVVcpdQ==/base.apk!classes19.dex*2267436335:/data/app/~~Q3sw_EgPzfee-rJIvz12vw==/com.evolucao.app-vpT_tcvmnqhOs5gxQMhzoA==/base.apk*198750528:/data/app/~~Q3sw_EgPzfee-rJIvz12vw==/com.evolucao.app-vpT_tcvmnqhOs5gxQMhzoA==/base.apk!classes2.dex*1675103030:/data/app/~~Q3sw_EgPzfee-rJIvz12vw==/com.evolucao.app-vpT_tcvmnqhOs5gxQMhzoA==/base.apk!classes3.dex*1788775668:/data/app/~~Q3sw_EgPzfee-rJIvz12vw==/com.evolucao.app-vpT_tcvmnqhOs5gxQMhzoA==/base.apk!classes4.dex*2572157285:/data/app/~~Q3sw_EgPzfee-rJIvz12vw==/com.evolucao.app-vpT_tcvmnqhOs5gxQMhzoA==/base.apk!classes5.dex*3994030385:/data/app/~~Q3sw_EgPzfee-rJIvz12vw==/com.evolucao.app-vpT_tcvmnqhOs5gxQMhzoA==/base.apk!classes6.dex*1028875939:/data/app/~~Q3sw_EgPzfee-rJIvz12vw==/com.evolucao.app-vpT_tcvmnqhOs5gxQMhzoA==/base.apk!classes7.dex*2113616002:/data/app/~~Q3sw_EgPzfee-rJIvz12vw==/com.evolucao.app-vpT_tcvmnqhOs5gxQMhzoA==/base.apk!classes8.dex*3287389796:/data/app/~~Q3sw_EgPzfee-rJIvz12vw==/com.evolucao.app-vpT_tcvmnqhOs5gxQMhzoA==/base.apk!classes9.dex*2030025819:/data/app/~~Q3sw_EgPzfee-rJIvz12vw==/com.evolucao.app-vpT_tcvmnqhOs5gxQMhzoA==/base.apk!classes10.dex*1917680387:/data/app/~~Q3sw_EgPzfee-rJIvz12vw==/com.evolucao.app-vpT_tcvmnqhOs5gxQMhzoA==/base.apk!classes11.dex*152
04-06 02:33:14.661 22887 22887 W ziparchive: Unable to open '/data/app/~~9qZMtdoh_KhzQKarzvvKRg==/com.evolucao.app.test-2orA_f_zHZMpXb0rVVcpdQ==/base.dm': No such file or directory
04-06 02:33:14.661 22887 22887 W ziparchive: Unable to open '/data/app/~~9qZMtdoh_KhzQKarzvvKRg==/com.evolucao.app.test-2orA_f_zHZMpXb0rVVcpdQ==/base.dm': No such file or directory
04-06 02:33:14.740 22887 22887 W ziparchive: Unable to open '/data/app/~~Q3sw_EgPzfee-rJIvz12vw==/com.evolucao.app-vpT_tcvmnqhOs5gxQMhzoA==/base.dm': No such file or directory
04-06 02:33:14.740 22887 22887 W ziparchive: Unable to open '/data/app/~~Q3sw_EgPzfee-rJIvz12vw==/com.evolucao.app-vpT_tcvmnqhOs5gxQMhzoA==/base.dm': No such file or directory
04-06 02:33:15.066 22887 22887 D NetworkSecurityConfig: No Network Security Config specified, using platform default
04-06 02:33:15.076 22887 22887 D NetworkSecurityConfig: No Network Security Config specified, using platform default
04-06 02:33:15.076 22887 22887 I AndroidJUnitRunner: newApplication com.evolucao.app.MainApplication
04-06 02:33:15.086 22887 22887 W FirebaseApp: Default FirebaseApp failed to initialize because no default options were found. This usually means that com.google.gms:google-services was not applied to your gradle project.
04-06 02:33:15.086 22887 22887 I FirebaseInitProvider: FirebaseApp initialization unsuccessful
04-06 02:33:15.107 22887 22887 I AndroidJUnitRunner: onCreate Bundle[mParcelledData.dataSize=240]
04-06 02:33:15.108 22887 22887 D AndroidJUnitRunner: Use the raw file system for managing file I/O.
04-06 02:33:15.114 22887 22887 V TestEventClient: No service name argument was given (testDiscoveryService, testRunEventService or orchestratorService)
04-06 02:33:15.115 22887 22959 D AndroidJUnitRunner: onStart is called.
04-06 02:33:15.118 22887 22887 W SoLoader: Initializing SoLoader: 0
04-06 02:33:15.120 22887 22887 W SoLoader: Recording new base apk path: /data/app/~~Q3sw_EgPzfee-rJIvz12vw==/com.evolucao.app-vpT_tcvmnqhOs5gxQMhzoA==/base.apk
04-06 02:33:15.120 22887 22887 W SoLoader: Previously recorded 0 base apk paths.
04-06 02:33:15.121 22887 22887 I SoLoader: Preparing SO source: DirectorySoSource[root = /vendor/lib64 flags = 2]
04-06 02:33:15.121 22887 22887 I SoLoader: Preparing SO source: DirectorySoSource[root = /system/lib64 flags = 2]
04-06 02:33:15.121 22887 22887 I SoLoader: Preparing SO source: DirectApkSoSource[root = [/data/app/~~Q3sw_EgPzfee-rJIvz12vw==/com.evolucao.app-vpT_tcvmnqhOs5gxQMhzoA==/base.apk!/lib/arm64-v8a]]
04-06 02:33:15.141 22887 22887 I SoLoader: Preparing SO source: ApplicationSoSource[DirectorySoSource[root = /data/app/~~Q3sw_EgPzfee-rJIvz12vw==/com.evolucao.app-vpT_tcvmnqhOs5gxQMhzoA==/lib/arm64 flags = 0]]
04-06 02:33:15.141 22887 22887 I SoLoader: init finish: 4 SO sources prepared
04-06 02:33:15.142 22887 22887 W SoLoader: SoLoader initialized: 8
04-06 02:33:15.165 22887 22887 D jni_lib_merge: Entering merged library JNI_OnLoad.
04-06 02:33:15.165 22887 22887 D jni_lib_merge: Preparing 12 pre-merged libs (including stub)
04-06 02:33:15.165 22887 22887 D jni_lib_merge: Preparing to register libfabricjni_so.  onload_func: 0x703fd84f38
04-06 02:33:15.165 22887 22887 D jni_lib_merge: Preparing to register libreact_devsupportjni_so.  onload_func: 0x703ff8d81c
04-06 02:33:15.165 22887 22887 D jni_lib_merge: Preparing to register libreact_featureflagsjni_so.  onload_func: 0x703ff9fb7c
04-06 02:33:15.165 22887 22887 D jni_lib_merge: Preparing to register libreact_newarchdefaults_so.  onload_func: 0x7040044f24
04-06 02:33:15.165 22887 22887 D jni_lib_merge: Preparing to register libreactnativeblob_so.  onload_func: 0x7040257088
04-06 02:33:15.165 22887 22887 D jni_lib_merge: Preparing to register libreactnativejni_so.  onload_func: 0x7040299ffc
04-06 02:33:15.165 22887 22887 D jni_lib_merge: Preparing to register libreactnativejni_common_so.  onload_func: 0x70402aa9f0
04-06 02:33:15.165 22887 22887 D jni_lib_merge: Preparing to register librninstance_so.  onload_func: 0x70402e962c
04-06 02:33:15.165 22887 22887 D jni_lib_merge: Preparing to register libturbomodulejsijni_so.  onload_func: 0x7040446734
04-06 02:33:15.165 22887 22887 D jni_lib_merge: Preparing to register libuimanagerjni_so.  onload_func: 0x704045f6e8
04-06 02:33:15.165 22887 22887 D jni_lib_merge: Preparing to register libyoga_so.  onload_func: 0x704046f16c
04-06 02:33:15.165 22887 22887 D jni_lib_merge: About to register 11 actual methods.
04-06 02:33:15.173 22887 22887 D jni_lib_merge: Entering merged library JNI_OnLoad.
04-06 02:33:15.173 22887 22887 D jni_lib_merge: Preparing 12 pre-merged libs (including stub)
04-06 02:33:15.173 22887 22887 D jni_lib_merge: Preparing to register libfabricjni_so.  onload_func: 0x703fd84f38
04-06 02:33:15.173 22887 22887 D jni_lib_merge: Preparing to register libreact_devsupportjni_so.  onload_func: 0x703ff8d81c
04-06 02:33:15.173 22887 22887 D jni_lib_merge: Preparing to register libreact_featureflagsjni_so.  onload_func: 0x703ff9fb7c
04-06 02:33:15.173 22887 22887 D jni_lib_merge: Preparing to register libreact_newarchdefaults_so.  onload_func: 0x7040044f24
04-06 02:33:15.173 22887 22887 D jni_lib_merge: Preparing to register libreactnativeblob_so.  onload_func: 0x7040257088
04-06 02:33:15.173 22887 22887 D jni_lib_merge: Preparing to register libreactnativejni_so.  onload_func: 0x7040299ffc
04-06 02:33:15.173 22887 22887 D jni_lib_merge: Preparing to register libreactnativejni_common_so.  onload_func: 0x70402aa9f0
04-06 02:33:15.173 22887 22887 D jni_lib_merge: Preparing to register librninstance_so.  onload_func: 0x70402e962c
04-06 02:33:15.173 22887 22887 D jni_lib_merge: Preparing to register libturbomodulejsijni_so.  onload_func: 0x7040446734
04-06 02:33:15.173 22887 22887 D jni_lib_merge: Preparing to register libuimanagerjni_so.  onload_func: 0x704045f6e8
04-06 02:33:15.173 22887 22887 D jni_lib_merge: Preparing to register libyoga_so.  onload_func: 0x704046f16c
04-06 02:33:15.173 22887 22887 D jni_lib_merge: About to register 11 actual methods.
04-06 02:33:15.282 22887 22959 D TestRequestBuilder: Using class path scanning to discover tests
04-06 02:33:15.283 22887 22959 I TestRequestBuilder: Scanning classpath to find tests in paths [/data/app/~~9qZMtdoh_KhzQKarzvvKRg==/com.evolucao.app.test-2orA_f_zHZMpXb0rVVcpdQ==/base.apk]
04-06 02:33:15.285 22887 22959 W om.evolucao.app: Opening an oat file without a class loader. Are you using the deprecated DexFile APIs?
04-06 02:33:15.732 22887 22959 I TestRunner: run started: 1 tests
04-06 02:33:15.733 22887 22959 I TestRunner: started: runDetoxTests(com.evolucao.app.DetoxTest)
04-06 02:33:15.741 22887 22959 I Detox   : Detox server connection details: url=ws://localhost:58981, sessionId=a7becbeb-1846-6f7f-a207-f191167c6f7b
04-06 02:33:15.750 22887 22959 I Tracing : Tracer added: class androidx.test.platform.tracing.AndroidXTracer
04-06 02:33:15.765 22887 22959 W om.evolucao.app: Accessing hidden field Ljava/lang/reflect/Field;->accessFlags:I (unsupported, reflection, allowed)
04-06 02:33:15.768 22887 22959 I Detox   : Connecting to server...
04-06 02:33:15.768 22887 22959 I DetoxWSClient: At connectToServer
04-06 02:33:15.888 22887 22977 D TrafficStats: tagSocket(95) with statsTag=0xffffffff, statsUid=-1
04-06 02:33:15.913 22887 22977 D DetoxWSClient: At onOpen
04-06 02:33:15.913 22887 22977 I DetoxWSClient: Sending out action 'login' (ID #0)
04-06 02:33:15.914 22887 22977 I Detox   : Connected to server!
04-06 02:33:15.918 22887 22977 D DetoxWSClient: Received action 'loginSuccess' (ID #0, params={"testerConnected":true,"appConnected":true})
04-06 02:33:15.918 22887 22972 I DetoxDispatcher: Handling action 'loginSuccess' (ID #0)...
04-06 02:33:15.919 22887 22972 I DetoxDispatcher: Done with action 'loginSuccess'
04-06 02:33:15.919 22887 22959 I Detox   : Launching the tested activity!
04-06 02:33:15.977 22887 22991 D OpenGLRenderer: RenderThread::requireGlContext()
04-06 02:33:15.977 22887 22991 I AdrenoGLES-0: QUALCOMM build                   : db7e7066a2, I1fad33e957
04-06 02:33:15.977 22887 22991 I AdrenoGLES-0: Build Date                       : 05/11/25
04-06 02:33:15.977 22887 22991 I AdrenoGLES-0: OpenGL ES Shader Compiler Version: EV031.32.02.10
04-06 02:33:15.977 22887 22991 I AdrenoGLES-0: Local Branch                     : 
04-06 02:33:15.977 22887 22991 I AdrenoGLES-0: Remote Branch                    : refs/tags/AU_LINUX_ANDROID_LA.UM.9.12.11.00.00.582.697
04-06 02:33:15.977 22887 22991 I AdrenoGLES-0: Remote Branch                    : NONE
04-06 02:33:15.977 22887 22991 I AdrenoGLES-0: Reconstruct Branch               : NOTHING
04-06 02:33:15.977 22887 22991 I AdrenoGLES-0: Build Config                     : S P 10.0.7 AArch64
04-06 02:33:15.977 22887 22991 I AdrenoGLES-0: Driver Path                      : /vendor/lib64/egl/libGLESv2_adreno.so
04-06 02:33:15.984 22887 22991 I AdrenoGLES-0: PFP: 0x016dd093, ME: 0x00000000
04-06 02:33:15.997 22887 22991 D OpenGLRenderer: RenderThread::setGrContext()
04-06 02:33:16.017 22887 22887 D AppCompatDelegate: Checking for metadata for AppLocalesMetadataHolderService : Service not found
04-06 02:33:16.025 22887 22887 D LifecycleMonitor: Lifecycle status change: com.evolucao.app.MainActivity@36d1a3a in: PRE_ON_CREATE
04-06 02:33:16.079 22887 22887 D SensorManager: registerListener :: 11, LSM6DSO Accelerometer, 66667, 0, 
04-06 02:33:16.104 22887 22887 W unknown:BridgelessReact: ReactHost{0}.startSurface(surfaceId = 0): Schedule
04-06 02:33:16.105 22887 22887 W unknown:BridgelessReact: ReactHost{0}.attachSurface(surfaceId = 0)
04-06 02:33:16.105 22887 23008 W unknown:BridgelessReact: ReactHost{0}.getOrCreateReactInstanceTask()
04-06 02:33:16.105 22887 23008 W unknown:BridgelessReact: ReactHost{0}.getOrCreateReactInstanceTask(): Start
04-06 02:33:16.105 22887 23008 D Detox.RNMarker: REACT_BRIDGELESS_LOADING_START (null)
04-06 02:33:16.105 22887 23008 W unknown:BridgelessReact: ReactHost{0}.getJSBundleLoader()
04-06 02:33:16.105 22887 23008 W unknown:BridgelessReact: ReactHost{0}.isMetroRunning()
04-06 02:33:16.107 22887 23007 D TrafficStats: tagSocket(109) with statsTag=0xffffffff, statsUid=-1
04-06 02:33:16.107 22887 23009 D TrafficStats: tagSocket(107) with statsTag=0xffffffff, statsUid=-1
04-06 02:33:16.108 22887 22887 I DecorView: [INFO] isPopOver=false config=true
04-06 02:33:16.108 22887 22887 I DecorView: updateCaptionType: isFloating=false isApplication=true hasWindowDecorCaption=false this=DecorView@363d443[]
04-06 02:33:16.108 22887 22887 D DecorView: setCaptionType = 0, this = DecorView@363d443[]
04-06 02:33:16.113 22887 22887 I DecorView: getCurrentDensityDpi: from real metrics. densityDpi=480 msg=resources_loaded
04-06 02:33:16.113 22887 22887 I DecorView: setWindowBackground: isPopOver=false color=ff303030 d=android.graphics.drawable.ColorDrawable@de473f9
04-06 02:33:16.117 22887 22887 W om.evolucao.app: Accessing hidden method Landroid/view/ViewGroup;->makeOptionalFitsSystemWindows()V (unsupported, reflection, allowed)
04-06 02:33:16.139 22887 22887 D LifecycleMonitor: Lifecycle status change: com.evolucao.app.MainActivity@36d1a3a in: CREATED
04-06 02:33:16.140 22887 22887 D LifecycleMonitor: Lifecycle status change: com.evolucao.app.MainActivity@36d1a3a in: STARTED
04-06 02:33:16.160 22887 23009 W unknown:BridgelessReact: ReactHost{0}.isMetroRunning(): Async result = true
04-06 02:33:16.160 22887 23008 W unknown:BridgelessReact: ReactHost{0}.loadJSBundleFromMetro()
04-06 02:33:16.161 22887 23008 D Detox.RNMarker: DOWNLOAD_START (null)
04-06 02:33:16.181 22887 22887 W unknown:BridgelessReact: ReactHost{0}.onHostResume(activity)
04-06 02:33:16.181 22887 22887 W unknown:ReactNative: Packager connection already open, nooping.
04-06 02:33:16.181 22887 22887 D LifecycleMonitor: Lifecycle status change: com.evolucao.app.MainActivity@36d1a3a in: RESUMED
04-06 02:33:16.182 22887 22887 I MSHandlerLifeCycle: check: return. pkg=com.evolucao.app parent=null callers=com.android.internal.policy.DecorView.setVisibility:4412 android.app.ActivityThread.handleResumeActivity:5476 android.app.servertransaction.ResumeActivityItem.execute:54 android.app.servertransaction.ActivityTransactionItem.execute:45 android.app.servertransaction.TransactionExecutor.executeLifecycleState:176 
04-06 02:33:16.182 22887 22887 I MSHandlerLifeCycle: removeMultiSplitHandler: no exist. decor=DecorView@363d443[]
04-06 02:33:16.186 22887 22991 D NativeCustomFrequencyManager: [NativeCFMS] BpCustomFrequencyManager::BpCustomFrequencyManager()
04-06 02:33:16.188 22887 22887 I DecorView: notifyKeepScreenOnChanged: keepScreenOn=false
04-06 02:33:16.190 22887 22887 D InsetsController: onStateChanged: InsetsState: {mDisplayFrame=Rect(0, 0 - 1080, 2400), mDisplayCutout=DisplayCutout{insets=Rect(0, 88 - 0, 0) waterfall=Insets{left=0, top=0, right=0, bottom=0} boundingRect={Bounds=[Rect(0, 0 - 0, 0), Rect(512, 0 - 568, 88), Rect(0, 0 - 0, 0), Rect(0, 0 - 0, 0)]} cutoutPathParserInfo={CutoutPathParserInfo{displayWidth=1080 displayHeight=2400 physicalDisplayWidth=1080 physicalDisplayHeight=2400 density={3.0} cutoutSpec={M 0,0 M 0,10.71963616907435 a 9.280363830925644,9.280363830925644 0 1,0 0,18.56072766185129 a 9.280363830925644,9.280363830925644 0 1,0 0,-18.56072766185129 Z @dp} rotation={0} scale={1.0} physicalPixelDisplaySizeRatio={1.0}}}}, mRoundedCorners=RoundedCorners{[RoundedCorner{position=TopLeft, radius=96, center=Point(96, 96)}, RoundedCorner{position=TopRight, radius=96, center=Point(984, 96)}, RoundedCorner{position=BottomRight, radius=96, center=Point(984, 2304)}, RoundedCorner{position=BottomLeft, radius=96, center=Point(96, 2304)}]}  mRoundedCornerFrame=Rect(0, 0 - 1080, 2400), mPrivacyIndicatorBounds=PrivacyIndicatorBounds {static bounds=Rect(948, 0 - 1080, 88) rotation=0}, mSources= { InsetsSource: {mType=ITYPE_STATUS_BAR, mFrame=[0,0][1080,88], mVisible=false, mInsetsRoundedCornerFrame=false}, InsetsSource: {mType=ITYPE_NAVIGATION_BAR, mFrame=[0,2256][1080,2400], mVisible=true, mInsetsRoundedCornerFrame=false}, InsetsSource: {mType=ITYPE_LEFT_GESTURES, mFrame=[0,0][0,2400], mVisible=true, mInsetsRoundedCornerFrame=false}, InsetsSource: {mType=ITYPE_RIGHT_GESTURES, mFrame=[1080,0][1080,2400], mVisible=true, mInsetsRoundedCornerFrame=false}, InsetsSource: {mType=ITYPE_TOP_MANDATORY_GESTURES, mFrame=[0,0][1080,124], mVisible=true, mInsetsRoundedCornerFrame=false}, InsetsSource: {mType=ITYPE_BOTTOM_MANDATORY_GESTURES, mFrame=[0,2256][1080,2400], mVisible=true, mInsetsRoundedCornerFrame=false}, InsetsSource: {mType=ITYPE_LEFT_DISPLAY_CUTOUT, mFrame=[0,0][-100000,2400], mVisible=true, mInsetsRoundedCornerFrame=false}, InsetsSource: {mType=ITYPE_TOP_DISPLAY_CUTOUT, mFrame=[0,0][1080,88], mVisible=true, mInsetsRoundedCornerFrame=false}, InsetsSource: {mType=ITYPE_RIGHT_DISPLAY_CUTOUT, mFrame=[100000,0][1080,2400], mVisible=true, mInsetsRoundedCornerFrame=false}, InsetsSource: {mType=ITYPE_BOTTOM_DISPLAY_CUTOUT, mFrame=[0,100000][1080,2400], mVisible=true, mInsetsRoundedCornerFrame=false}, InsetsSource: {mType=ITYPE_TOP_TAPPABLE_ELEMENT, mFrame=[0,0][1080,88], mVisible=true, mInsetsRoundedCornerFrame=false}, InsetsSource: {mType=ITYPE_BOTTOM_TAPPABLE_ELEMENT, mFrame=[0,2256][1080,2400], mVisible=true, mInsetsRoundedCornerFrame=false}, InsetsSource: {mType=ITYPE_IME, mFrame=[0,0][0,0], mVisibleFrame=[0,1374][1080,2400], mVisible=false, mInsetsRoundedCornerFrame=false} } host=com.evolucao.app/com.evolucao.app.MainActivity from=android.view.ViewRootImpl.setView:1732
04-06 02:33:16.191 22887 22887 I ViewRootImpl@73623ee[MainActivity]: setView = com.android.internal.policy.DecorView@363d443 TM=false
04-06 02:33:16.192 22887 22887 I MSHandlerLifeCycle: removeMultiSplitHandler: no exist. decor=DecorView@363d443[MainActivity]
04-06 02:33:16.195 22887 22887 D CompatibilityChangeReporter: Compat change id reported: 210923482; UID 10421; state: ENABLED
04-06 02:33:16.200 22887 22991 D NativeCustomFrequencyManager: [NativeCFMS] BpCustomFrequencyManager::BpCustomFrequencyManager()
04-06 02:33:16.201 22887 22887 E unknown:ReactNative: Unable to display loading message because react activity isn't active, message: Loading from localhost:8081…
04-06 02:33:16.204 22887 22991 D NativeCustomFrequencyManager: [NativeCFMS] BpCustomFrequencyManager::BpCustomFrequencyManager()
04-06 02:33:16.205 22887 22887 E unknown:ReactNative: Unable to display loading message because react activity isn't active, message: Reloading...
04-06 02:33:16.210 22887 22887 I ViewRootImpl@73623ee[MainActivity]: performTraversals params={(0,0)(fillxfill) sim={adjust=resize forwardNavigation} layoutInDisplayCutoutMode=always ty=BASE_APPLICATION wanim=0x1030309
04-06 02:33:16.210 22887 22887 I ViewRootImpl@73623ee[MainActivity]:   fl=81810100
04-06 02:33:16.210 22887 22887 I ViewRootImpl@73623ee[MainActivity]:   pfl=16020040
04-06 02:33:16.210 22887 22887 I ViewRootImpl@73623ee[MainActivity]:   vsysui=100
04-06 02:33:16.210 22887 22887 I ViewRootImpl@73623ee[MainActivity]:   bhv=DEFAULT
04-06 02:33:16.210 22887 22887 I ViewRootImpl@73623ee[MainActivity]:   fitSides= naviIconColor=0}
04-06 02:33:16.211 22887 22887 I ViewRootImpl@73623ee[MainActivity]: performTraversals mFirst=true windowShouldResize=true viewVisibilityChanged=false mForceNextWindowRelayout=false params={(0,0)(fillxfill) sim={adjust=resize forwardNavigation} layoutInDisplayCutoutMode=always ty=BASE_APPLICATION wanim=0x1030309
04-06 02:33:16.211 22887 22887 I ViewRootImpl@73623ee[MainActivity]:   fl=81810100
04-06 02:33:16.211 22887 22887 I ViewRootImpl@73623ee[MainActivity]:   pfl=16020040
04-06 02:33:16.211 22887 22887 I ViewRootImpl@73623ee[MainActivity]:   vsysui=100
04-06 02:33:16.211 22887 22887 I ViewRootImpl@73623ee[MainActivity]:   bhv=DEFAULT
04-06 02:33:16.211 22887 22887 I ViewRootImpl@73623ee[MainActivity]:   fitSides= naviIconColor=0}
04-06 02:33:16.216 22887 22887 I ViewRootImpl@73623ee[MainActivity]: updateBlastSurfaceIfNeeded mBlastBufferQueue=null isSameSurfaceControl=false
04-06 02:33:16.217 22887 22887 E BufferQueueProducer: Unable to open libpenguin.so: dlopen failed: library "libpenguin.so" not found.
04-06 02:33:16.217 22887 22887 I BLASTBufferQueue: new BLASTBufferQueue, mName= ViewRootImpl@73623ee[MainActivity] mNativeObject= 0xb4000070c2d1b400 sc.mNativeObject= 0xb4000070a0c7ef80 caller= android.view.ViewRootImpl.updateBlastSurfaceIfNeeded:2909 android.view.ViewRootImpl.relayoutWindow:9847 android.view.ViewRootImpl.performTraversals:3884 android.view.ViewRootImpl.doTraversal:3116 android.view.ViewRootImpl$TraversalRunnable.run:10885 android.view.Choreographer$CallbackRecord.run:1301 android.view.Choreographer$CallbackRecord.run:1309 android.view.Choreographer.doCallbacks:923 android.view.Choreographer.doFrame:852 android.view.Choreographer$FrameDisplayEventReceiver.run:1283 
04-06 02:33:16.217 22887 22887 I BLASTBufferQueue: update, w= 1080 h= 2400 mName = ViewRootImpl@73623ee[MainActivity] mNativeObject= 0xb4000070c2d1b400 sc.mNativeObject= 0xb4000070a0c7ef80 format= -1 caller= android.graphics.BLASTBufferQueue.<init>:84 android.view.ViewRootImpl.updateBlastSurfaceIfNeeded:2909 android.view.ViewRootImpl.relayoutWindow:9847 android.view.ViewRootImpl.performTraversals:3884 android.view.ViewRootImpl.doTraversal:3116 android.view.ViewRootImpl$TraversalRunnable.run:10885 
04-06 02:33:16.218 22887 22887 I ViewRootImpl@73623ee[MainActivity]: Relayout returned: old=(0,0,1080,2400) new=(0,0,1080,2400) req=(1080,2400)0 dur=5 res=0x3 s={true 0xb4000070a0e92000} ch=true seqId=0
04-06 02:33:16.219 22887 22887 I ViewRootImpl@73623ee[MainActivity]: mThreadedRenderer.initialize() mSurface={isValid=true 0xb4000070a0e92000} hwInitialized=true
04-06 02:33:16.220 22887 22887 I ViewRootImpl@73623ee[MainActivity]: reportNextDraw android.view.ViewRootImpl.performTraversals:4438 android.view.ViewRootImpl.doTraversal:3116 android.view.ViewRootImpl$TraversalRunnable.run:10885 android.view.Choreographer$CallbackRecord.run:1301 android.view.Choreographer$CallbackRecord.run:1309 
04-06 02:33:16.220 22887 22887 I ViewRootImpl@73623ee[MainActivity]: Setup new sync id=0
04-06 02:33:16.220 22887 22887 I ViewRootImpl@73623ee[MainActivity]: Setting syncFrameCallback
04-06 02:33:16.220 22887 22887 I ViewRootImpl@73623ee[MainActivity]: registerCallbacksForSync syncBuffer=false
04-06 02:33:16.225 22887 22991 D OpenGLRenderer: eglCreateWindowSurface
04-06 02:33:16.227 22887 23011 I ViewRootImpl@73623ee[MainActivity]: Received frameDrawingCallback syncResult=0 frameNum=1.
04-06 02:33:16.227 22887 23011 I ViewRootImpl@73623ee[MainActivity]: Setting up sync and frameCommitCallback
04-06 02:33:16.228 22887 22906 I ViewRootImpl@73623ee[MainActivity]: Resizing android.view.ViewRootImpl@25a16ab: frame = [0,0][1080,2400] reportDraw = true forceLayout = false syncSeqId = 0
04-06 02:33:16.240 22887 22991 I BLASTBufferQueue: [ViewRootImpl@73623ee[MainActivity]#0](f:0,a:0) onFrameAvailable the first frame is available
04-06 02:33:16.241 22887 22991 I ViewRootImpl@73623ee[MainActivity]: Received frameCommittedCallback lastAttemptedDrawFrameNum=1 didProduceBuffer=true
04-06 02:33:16.241 22887 22991 D OpenGLRenderer: CFMS:: SetUp Pid : 22887    Tid : 22991
04-06 02:33:16.243 22887 22991 W Parcel  : Expecting binder but got null!
04-06 02:33:16.243 22887 22887 I ViewRootImpl@73623ee[MainActivity]: onSyncComplete
04-06 02:33:16.243 22887 22887 I ViewRootImpl@73623ee[MainActivity]: setupSync seqId=0 mSyncId=0 fn=1 caller=android.view.ViewRootImpl$$ExternalSyntheticLambda11.accept:6 android.window.SurfaceSyncer.lambda$setupSync$1$android-window-SurfaceSyncer:128 android.window.SurfaceSyncer$$ExternalSyntheticLambda1.accept:8 android.window.SurfaceSyncer$SyncSet.checkIfSyncIsComplete:382 android.window.SurfaceSyncer$SyncSet.markSyncReady:359 android.window.SurfaceSyncer.markSyncReady:151 android.view.ViewRootImpl.performTraversals:4503 
04-06 02:33:16.244 22887 22887 I ViewRootImpl@73623ee[MainActivity]: reportDrawFinished seqId=0 mSyncId=-1 fn=1 mSurfaceChangedTransaction=0xb4000070a0e26400
04-06 02:33:16.245 22887 22887 D InsetsController: onStateChanged: InsetsState: {mDisplayFrame=Rect(0, 0 - 1080, 2400), mDisplayCutout=DisplayCutout{insets=Rect(0, 88 - 0, 0) waterfall=Insets{left=0, top=0, right=0, bottom=0} boundingRect={Bounds=[Rect(0, 0 - 0, 0), Rect(512, 0 - 568, 88), Rect(0, 0 - 0, 0), Rect(0, 0 - 0, 0)]} cutoutPathParserInfo={CutoutPathParserInfo{displayWidth=1080 displayHeight=2400 physicalDisplayWidth=1080 physicalDisplayHeight=2400 density={3.0} cutoutSpec={M 0,0 M 0,10.71963616907435 a 9.280363830925644,9.280363830925644 0 1,0 0,18.56072766185129 a 9.280363830925644,9.280363830925644 0 1,0 0,-18.56072766185129 Z @dp} rotation={0} scale={1.0} physicalPixelDisplaySizeRatio={1.0}}}}, mRoundedCorners=RoundedCorners{[RoundedCorner{position=TopLeft, radius=96, center=Point(96, 96)}, RoundedCorner{position=TopRight, radius=96, center=Point(984, 96)}, RoundedCorner{position=BottomRight, radius=96, center=Point(984, 2304)}, RoundedCorner{position=BottomLeft, radius=96, center=Point(96, 2304)}]}  mRoundedCornerFrame=Rect(0, 0 - 1080, 2400), mPrivacyIndicatorBounds=PrivacyIndicatorBounds {static bounds=Rect(948, 0 - 1080, 88) rotation=0}, mSources= { InsetsSource: {mType=ITYPE_STATUS_BAR, mFrame=[0,0][1080,88], mVisible=false, mInsetsRoundedCornerFrame=false}, InsetsSource: {mType=ITYPE_NAVIGATION_BAR, mFrame=[0,2256][1080,2400], mVisible=true, mInsetsRoundedCornerFrame=false}, InsetsSource: {mType=ITYPE_LEFT_GESTURES, mFrame=[0,0][0,2400], mVisible=true, mInsetsRoundedCornerFrame=false}, InsetsSource: {mType=ITYPE_RIGHT_GESTURES, mFrame=[1080,0][1080,2400], mVisible=true, mInsetsRoundedCornerFrame=false}, InsetsSource: {mType=ITYPE_TOP_MANDATORY_GESTURES, mFrame=[0,0][1080,124], mVisible=true, mInsetsRoundedCornerFrame=false}, InsetsSource: {mType=ITYPE_BOTTOM_MANDATORY_GESTURES, mFrame=[0,2256][1080,2400], mVisible=true, mInsetsRoundedCornerFrame=false}, InsetsSource: {mType=ITYPE_LEFT_DISPLAY_CUTOUT, mFrame=[0,0][-100000,2400], mVisible=true, mInsetsRoundedCornerFrame=false}, InsetsSource: {mType=ITYPE_TOP_DISPLAY_CUTOUT, mFrame=[0,0][1080,88], mVisible=true, mInsetsRoundedCornerFrame=false}, InsetsSource: {mType=ITYPE_RIGHT_DISPLAY_CUTOUT, mFrame=[100000,0][1080,2400], mVisible=true, mInsetsRoundedCornerFrame=false}, InsetsSource: {mType=ITYPE_BOTTOM_DISPLAY_CUTOUT, mFrame=[0,100000][1080,2400], mVisible=true, mInsetsRoundedCornerFrame=false}, InsetsSource: {mType=ITYPE_TOP_TAPPABLE_ELEMENT, mFrame=[0,0][1080,88], mVisible=true, mInsetsRoundedCornerFrame=false}, InsetsSource: {mType=ITYPE_BOTTOM_TAPPABLE_ELEMENT, mFrame=[0,2256][1080,2400], mVisible=true, mInsetsRoundedCornerFrame=false}, InsetsSource: {mType=ITYPE_IME, mFrame=[0,0][0,0], mVisibleFrame=[0,1374][1080,2400], mVisible=false, mInsetsRoundedCornerFrame=false} } host=com.evolucao.app/com.evolucao.app.MainActivity from=android.view.ViewRootImpl$ViewRootHandler.handleMessageImpl:6740
04-06 02:33:16.246 22887 22887 D InsetsController: controlAnimationUnchecked: Added types=1 animType=0 host=com.evolucao.app/com.evolucao.app.MainActivity from=android.view.InsetsController.applyAnimation:1576 android.view.InsetsController.applyAnimation:1557 android.view.InsetsController.onControlsChanged:992 
04-06 02:33:16.246 22887 22887 D InsetsController: onStateChanged: InsetsState: {mDisplayFrame=Rect(0, 0 - 1080, 2400), mDisplayCutout=DisplayCutout{insets=Rect(0, 88 - 0, 0) waterfall=Insets{left=0, top=0, right=0, bottom=0} boundingRect={Bounds=[Rect(0, 0 - 0, 0), Rect(512, 0 - 568, 88), Rect(0, 0 - 0, 0), Rect(0, 0 - 0, 0)]} cutoutPathParserInfo={CutoutPathParserInfo{displayWidth=1080 displayHeight=2400 physicalDisplayWidth=1080 physicalDisplayHeight=2400 density={3.0} cutoutSpec={M 0,0 M 0,10.71963616907435 a 9.280363830925644,9.280363830925644 0 1,0 0,18.56072766185129 a 9.280363830925644,9.280363830925644 0 1,0 0,-18.56072766185129 Z @dp} rotation={0} scale={1.0} physicalPixelDisplaySizeRatio={1.0}}}}, mRoundedCorners=RoundedCorners{[RoundedCorner{position=TopLeft, radius=96, center=Point(96, 96)}, RoundedCorner{position=TopRight, radius=96, center=Point(984, 96)}, RoundedCorner{position=BottomRight, radius=96, center=Point(984, 2304)}, RoundedCorner{position=BottomLeft, radius=96, center=Point(96, 2304)}]}  mRoundedCornerFrame=Rect(0, 0 - 1080, 2400), mPrivacyIndicatorBounds=PrivacyIndicatorBounds {static bounds=Rect(948, 0 - 1080, 88) rotation=0}, mSources= { InsetsSource: {mType=ITYPE_STATUS_BAR, mFrame=[0,0][1080,88], mVisible=true, mInsetsRoundedCornerFrame=false}, InsetsSource: {mType=ITYPE_NAVIGATION_BAR, mFrame=[0,2256][1080,2400], mVisible=true, mInsetsRoundedCornerFrame=false}, InsetsSource: {mType=ITYPE_LEFT_GESTURES, mFrame=[0,0][0,2400], mVisible=true, mInsetsRoundedCornerFrame=false}, InsetsSource: {mType=ITYPE_RIGHT_GESTURES, mFrame=[1080,0][1080,2400], mVisible=true, mInsetsRoundedCornerFrame=false}, InsetsSource: {mType=ITYPE_TOP_MANDATORY_GESTURES, mFrame=[0,0][1080,124], mVisible=true, mInsetsRoundedCornerFrame=false}, InsetsSource: {mType=ITYPE_BOTTOM_MANDATORY_GESTURES, mFrame=[0,2256][1080,2400], mVisible=true, mInsetsRoundedCornerFrame=false}, InsetsSource: {mType=ITYPE_LEFT_DISPLAY_CUTOUT, mFrame=[0,0][-100000,2400], mVisible=true, mInsetsRoundedCornerFrame=false}, InsetsSource: {mType=ITYPE_TOP_DISPLAY_CUTOUT, mFrame=[0,0][1080,88], mVisible=true, mInsetsRoundedCornerFrame=false}, InsetsSource: {mType=ITYPE_RIGHT_DISPLAY_CUTOUT, mFrame=[100000,0][1080,2400], mVisible=true, mInsetsRoundedCornerFrame=false}, InsetsSource: {mType=ITYPE_BOTTOM_DISPLAY_CUTOUT, mFrame=[0,100000][1080,2400], mVisible=true, mInsetsRoundedCornerFrame=false}, InsetsSource: {mType=ITYPE_TOP_TAPPABLE_ELEMENT, mFrame=[0,0][1080,88], mVisible=true, mInsetsRoundedCornerFrame=false}, InsetsSource: {mType=ITYPE_BOTTOM_TAPPABLE_ELEMENT, mFrame=[0,2256][1080,2400], mVisible=true, mInsetsRoundedCornerFrame=false}, InsetsSource: {mType=ITYPE_IME, mFrame=[0,0][0,0], mVisibleFrame=[0,1374][1080,2400], mVisible=false, mInsetsRoundedCornerFrame=false} } host=com.evolucao.app/com.evolucao.app.MainActivity from=android.view.ViewRootImpl$ViewRootHandler.handleMessageImpl:6727
04-06 02:33:16.246 22887 22887 I ViewRootImpl@73623ee[MainActivity]: handleResized, msg = 5 frames=ClientWindowFrames{frame=[0,0][1080,2400] display=[0,0][1080,2400] parentFrame=[0,0][0,0] parentClippedByDisplayCutout=false} forceNextWindowRelayout=false displayId=0 resizeMode=-1 frameChanged=false displayFrameChanged=false configChanged=false displayChanged=false
04-06 02:33:16.247 22887 22887 I ViewRootImpl@73623ee[MainActivity]: handleResized mSyncSeqId = 0
04-06 02:33:16.247 22887 22887 I ViewRootImpl@73623ee[MainActivity]: reportNextDraw android.view.ViewRootImpl.handleResized:2450 android.view.ViewRootImpl.-$$Nest$mhandleResized:0 android.view.ViewRootImpl$ViewRootHandler.handleMessageImpl:6728 android.view.ViewRootImpl$ViewRootHandler.handleMessage:6697 android.os.Handler.dispatchMessage:106 
04-06 02:33:16.257 22887 22887 I ViewRootImpl@73623ee[MainActivity]: Setup new sync id=1
04-06 02:33:16.257 22887 22887 I ViewRootImpl@73623ee[MainActivity]: Setting syncFrameCallback
04-06 02:33:16.257 22887 22887 I ViewRootImpl@73623ee[MainActivity]: registerCallbacksForSync syncBuffer=false
04-06 02:33:16.259 22887 23012 I ViewRootImpl@73623ee[MainActivity]: Received frameDrawingCallback syncResult=0 frameNum=2.
04-06 02:33:16.259 22887 23012 I ViewRootImpl@73623ee[MainActivity]: Setting up sync and frameCommitCallback
04-06 02:33:16.259 22887 22991 I ViewRootImpl@73623ee[MainActivity]: Received frameCommittedCallback lastAttemptedDrawFrameNum=2 didProduceBuffer=false
04-06 02:33:16.260 22887 22991 I BLASTBufferQueue: syncNextTransaction, mName= ViewRootImpl@73623ee[MainActivity] acquireSingleBuffer= true mNativeObject= 0xb4000070c2d1b400 callback= null caller= android.graphics.BLASTBufferQueue.syncNextTransaction:147 android.view.ViewRootImpl$12.lambda$onFrameDraw$0$android-view-ViewRootImpl$12:13399 android.view.ViewRootImpl$12$$ExternalSyntheticLambda1.onFrameCommit:9 android.view.ThreadedRenderer$1.lambda$onFrameDraw$0:813 android.view.ThreadedRenderer$1$$ExternalSyntheticLambda0.onFrameCommit:2 <bottom of call stack> 
04-06 02:33:16.260 22887 22991 I BLASTBufferQueue: [ViewRootImpl@73623ee[MainActivity]#0](f:0,a:1) syncNextTransaction callback: 0, acquireSingleBuffer: 1, mTransactionReadyCallback: 0
04-06 02:33:16.260 22887 22991 I BLASTBufferQueue: gatherPendingTransactions, mName= ViewRootImpl@73623ee[MainActivity] mNativeObject= 0xb4000070c2d1b400 frameNumber= 2 caller= android.view.ViewRootImpl$12.lambda$onFrameDraw$0$android-view-ViewRootImpl$12:13406 android.view.ViewRootImpl$12$$ExternalSyntheticLambda1.onFrameCommit:9 android.view.ThreadedRenderer$1.lambda$onFrameDraw$0:813 android.view.ThreadedRenderer$1$$ExternalSyntheticLambda0.onFrameCommit:2 <bottom of call stack> <bottom of call stack> 
04-06 02:33:16.260 22887 22887 I ViewRootImpl@73623ee[MainActivity]: onSyncComplete
04-06 02:33:16.260 22887 22887 I ViewRootImpl@73623ee[MainActivity]: setupSync seqId=0 mSyncId=1 fn=2 caller=android.view.ViewRootImpl$$ExternalSyntheticLambda11.accept:6 android.window.SurfaceSyncer.lambda$setupSync$1$android-window-SurfaceSyncer:128 android.window.SurfaceSyncer$$ExternalSyntheticLambda1.accept:8 android.window.SurfaceSyncer$SyncSet.checkIfSyncIsComplete:382 android.window.SurfaceSyncer$SyncSet.markSyncReady:359 android.window.SurfaceSyncer.markSyncReady:151 android.view.ViewRootImpl.performTraversals:4503 
04-06 02:33:16.260 22887 22887 I ViewRootImpl@73623ee[MainActivity]: reportDrawFinished seqId=0 mSyncId=-1 fn=2 mSurfaceChangedTransaction=0xb4000070a0e26400
04-06 02:33:16.262 22887 22887 I ViewRootImpl@73623ee[MainActivity]: MSG_WINDOW_FOCUS_CHANGED 1 0
04-06 02:33:16.262 22887 22887 I ViewRootImpl@73623ee[MainActivity]: mThreadedRenderer.initializeIfNeeded()#2 mSurface={isValid=true 0xb4000070a0e92000}
04-06 02:33:16.262 22887 22887 W unknown:BridgelessReact: ReactHost{0}.raiseSoftException(onWindowFocusChange(hasFocus = "true")): Tried to access onWindowFocusChange while context is not ready
04-06 02:33:16.264 22887 22887 E unknown:ReactHost: Unhandled SoftException
04-06 02:33:16.264 22887 22887 E unknown:ReactHost: com.facebook.react.bridge.ReactNoCrashSoftException: raiseSoftException(onWindowFocusChange(hasFocus = "true")): Tried to access onWindowFocusChange while context is not ready
04-06 02:33:16.264 22887 22887 E unknown:ReactHost: 	at com.facebook.react.runtime.ReactHostImpl.raiseSoftException(ReactHostImpl.kt:861)
04-06 02:33:16.264 22887 22887 E unknown:ReactHost: 	at com.facebook.react.runtime.ReactHostImpl.raiseSoftException$default(ReactHostImpl.kt:852)
04-06 02:33:16.264 22887 22887 E unknown:ReactHost: 	at com.facebook.react.runtime.ReactHostImpl.onWindowFocusChange(ReactHostImpl.kt:625)
04-06 02:33:16.264 22887 22887 E unknown:ReactHost: 	at com.facebook.react.ReactDelegate.onWindowFocusChanged(ReactDelegate.kt:232)
04-06 02:33:16.264 22887 22887 E unknown:ReactHost: 	at com.facebook.react.ReactActivityDelegate.onWindowFocusChanged(ReactActivityDelegate.java:237)
04-06 02:33:16.264 22887 22887 E unknown:ReactHost: 	at expo.modules.ReactActivityDelegateWrapper$onWindowFocusChanged$1.invokeSuspend(ReactActivityDelegateWrapper.kt:320)
04-06 02:33:16.264 22887 22887 E unknown:ReactHost: 	at expo.modules.ReactActivityDelegateWrapper$onWindowFocusChanged$1.invoke(Unknown Source:8)
04-06 02:33:16.264 22887 22887 E unknown:ReactHost: 	at expo.modules.ReactActivityDelegateWrapper$onWindowFocusChanged$1.invoke(Unknown Source:4)
04-06 02:33:16.264 22887 22887 E unknown:ReactHost: 	at expo.modules.ReactActivityDelegateWrapper$launchLifecycleScopeWithLock$1.invokeSuspend(ReactActivityDelegateWrapper.kt:452)
04-06 02:33:16.264 22887 22887 E unknown:ReactHost: 	at kotlin.coroutines.jvm.internal.BaseContinuationImpl.resumeWith(ContinuationImpl.kt:33)
04-06 02:33:16.264 22887 22887 E unknown:ReactHost: 	at kotlinx.coroutines.internal.DispatchedContinuationKt.resumeCancellableWith(DispatchedContinuation.kt:375)
04-06 02:33:16.264 22887 22887 E unknown:ReactHost: 	at kotlinx.coroutines.intrinsics.CancellableKt.startCoroutineCancellable(Cancellable.kt:26)
04-06 02:33:16.264 22887 22887 E unknown:ReactHost: 	at kotlinx.coroutines.CoroutineStart.invoke(CoroutineStart.kt:358)
04-06 02:33:16.264 22887 22887 E unknown:ReactHost: 	at kotlinx.coroutines.AbstractCoroutine.start(AbstractCoroutine.kt:134)
04-06 02:33:16.264 22887 22887 E unknown:ReactHost: 	at kotlinx.coroutines.BuildersKt__Builders_commonKt.launch(Builders.common.kt:53)
04-06 02:33:16.264 22887 22887 E unknown:ReactHost: 	at kotlinx.coroutines.BuildersKt.launch(Unknown Source:1)
04-06 02:33:16.264 22887 22887 E unknown:ReactHost: 	at kotlinx.coroutines.BuildersKt__Builders_commonKt.launch$default(Builders.common.kt:44)
04-06 02:33:16.264 22887 22887 E unknown:ReactHost: 	at kotlinx.coroutines.BuildersKt.launch$default(Unknown Source:1)
04-06 02:33:16.264 22887 22887 E unknown:ReactHost: 	at expo.modules.ReactActivityDelegateWrapper.launchLifecycleScopeWithLock(ReactActivityDelegateWrapper.kt:450)
04-06 02:33:16.264 22887 22887 E unknown:ReactHost: 	at expo.modules.ReactActivityDelegateWrapper.launchLifecycleScopeWithLock$default(ReactActivityDelegateWrapper.kt:446)
04-06 02:33:16.264 22887 22887 E unknown:ReactHost: 	at expo.modules.ReactActivityDelegateWrapper.onWindowFocusChanged(ReactActivityDelegateWrapper.kt:318)
04-06 02:33:16.264 22887 22887 E unknown:ReactHost: 	at com.facebook.react.ReactActivity.onWindowFocusChanged(ReactActivity.java:158)
04-06 02:33:16.264 22887 22887 E unknown:ReactHost: 	at androidx.appcompat.view.WindowCallbackWrapper.onWindowFocusChanged(WindowCallbackWrapper.java:124)
04-06 02:33:16.264 22887 22887 E unknown:ReactHost: 	at com.android.internal.policy.DecorView.onWindowFocusChanged(DecorView.java:2710)
04-06 02:33:16.264 22887 22887 E unknown:ReactHost: 	at android.view.View.dispatchWindowFocusChanged(View.java:15817)
04-06 02:33:16.264 22887 22887 E unknown:ReactHost: 	at android.view.ViewGroup.dispatchWindowFocusChanged(ViewGroup.java:1512)
04-06 02:33:16.264 22887 22887 E unknown:ReactHost: 	at android.view.ViewRootImpl.handleWindowFocusChanged(ViewRootImpl.java:4678)
04-06 02:33:16.264 22887 22887 E unknown:ReactHost: 	at android.view.ViewRootImpl.-$$Nest$mhandleWindowFocusChanged(Unknown Source:0)
04-06 02:33:16.264 22887 22887 E unknown:ReactHost: 	at android.view.ViewRootImpl$ViewRootHandler.handleMessageImpl(ViewRootImpl.java:6788)
04-06 02:33:16.264 22887 22887 E unknown:ReactHost: 	at android.view.ViewRootImpl$ViewRootHandler.handleMessage(ViewRootImpl.java:6697)
04-06 02:33:16.264 22887 22887 E unknown:ReactHost: 	at android.os.Handler.dispatchMessage(Handler.java:106)
04-06 02:33:16.264 22887 22887 E unknown:ReactHost: 	at android.os.Looper.loopOnce(Looper.java:226)
04-06 02:33:16.264 22887 22887 E unknown:ReactHost: 	at android.os.Looper.loop(Looper.java:313)
04-06 02:33:16.264 22887 22887 E unknown:ReactHost: 	at android.app.ActivityThread.main(ActivityThread.java:8762)
04-06 02:33:16.264 22887 22887 E unknown:ReactHost: 	at java.lang.reflect.Method.invoke(Native Method)
04-06 02:33:16.264 22887 22887 E unknown:ReactHost: 	at com.android.internal.os.RuntimeInit$MethodAndArgsCaller.run(RuntimeInit.java:604)
04-06 02:33:16.264 22887 22887 E unknown:ReactHost: 	at com.android.internal.os.ZygoteInit.main(ZygoteInit.java:1067)
04-06 02:33:16.264 22887 22887 D InputMethodManager: startInputInner - Id : 0
04-06 02:33:16.264 22887 22887 I InputMethodManager: startInputInner - mService.startInputOrWindowGainedFocus
04-06 02:33:16.271 22887 22887 D InputMethodManager: startInputInner - Id : 0
04-06 02:33:16.529 22887 23009 D Detox.RNMarker: DOWNLOAD_END ({"url":"http:\/\/localhost:8081\/.expo\/.virtual-metro-entry.bundle?platform=android&dev=true&lazy=true&minify=false&app=com.evolucao.app&modulesOnly=false&runModule=true&excludeSource=true&sourcePaths=url-server","filesChangedCount":0})
04-06 02:33:16.529 22887 23009 W unknown:BridgelessReact: ReactHost{0}.loadJSBundleFromMetro(): Creating BundleLoader
04-06 02:33:16.530 22887 23008 W unknown:BridgelessReact: ReactHost{0}.getOrCreateReactInstanceTask(): Creating BridgelessReactContext
04-06 02:33:16.531 22887 23008 W unknown:BridgelessReact: ReactHost{0}.getOrCreateReactInstanceTask(): Creating ReactInstance
04-06 02:33:16.540 22887 22887 D InsetsController: cancelAnimation of types: 1, animType: 0, host: com.evolucao.app/com.evolucao.app.MainActivity, from:android.view.InsetsController.notifyFinished:1375 android.view.InsetsAnimationThreadControlRunner$1.lambda$notifyFinished$0$android-view-InsetsAnimationThreadControlRunner$1:84 android.view.InsetsAnimationThreadControlRunner$1$$ExternalSyntheticLambda1.run:4 
04-06 02:33:16.540 22887 22887 D InsetsSourceConsumer: ensureControlPosition: Point(0, 0) for ITYPE_STATUS_BAR on com.evolucao.app/com.evolucao.app.MainActivity from android.view.InsetsSourceConsumer.notifyAnimationFinished:419
04-06 02:33:16.540 22887 23009 D TrafficStats: tagSocket(136) with statsTag=0xffffffff, statsUid=-1
04-06 02:33:16.542 22887 23008 D jni_lib_merge: Entering merged library JNI_OnLoad.
04-06 02:33:16.542 22887 23008 D jni_lib_merge: Preparing 4 pre-merged libs (including stub)
04-06 02:33:16.542 22887 23008 D jni_lib_merge: Preparing to register libhermes_executor_so.  onload_func: 0x70189abfa4
04-06 02:33:16.542 22887 23008 D jni_lib_merge: Preparing to register libhermesinstancejni_so.  onload_func: 0x70189e58b4
04-06 02:33:16.542 22887 23008 D jni_lib_merge: Preparing to register libjsijniprofiler_so.  onload_func: 0x70189e78f8
04-06 02:33:16.542 22887 23008 D jni_lib_merge: About to register 3 actual methods.
04-06 02:33:16.556 22887 23011 I ViewRootImpl@73623ee[MainActivity]: mWNT: t=0xb4000070a0cb5a00 mBlastBufferQueue=0xb4000070c2d1b400 fn= 2 caller= android.view.SyncRtSurfaceTransactionApplier.applyTransaction:96 android.view.SyncRtSurfaceTransactionApplier.lambda$scheduleApply$0$android-view-SyncRtSurfaceTransactionApplier:69 android.view.SyncRtSurfaceTransactionApplier$$ExternalSyntheticLambda0.onFrameDraw:4 
04-06 02:33:16.638 22887 23008 I ExpoModulesCore: ✅ AppContext was initialized
04-06 02:33:16.666 22887 23008 W unknown:BridgelessReact: ReactHost{0}.getOrCreateReactInstanceTask(): Loading JS Bundle
04-06 02:33:16.666 22887 23008 W unknown:BridgelessReact: ReactHost{0}.getOrCreateReactInstanceTask(): DevSupportManager.onNewReactContextCreated()
04-06 02:33:16.666 22887 23019 D Detox.RNMarker: RUN_JS_BUNDLE_START (/.virtual-metro-entry.bundle?platform=android&dev=true&lazy=true&minify=false&app=com.evolucao.app&modulesOnly=false&runModule=true&excludeSource=true&sourcePaths=url-server)
04-06 02:33:16.671 22887 22887 W unknown:ReactNative: Packager connection already open, nooping.
04-06 02:33:16.672 22887 22887 W unknown:BridgelessReact: ReactHost{0}.ReactContext.onHostResume()
04-06 02:33:16.673 22887 23008 W unknown:BridgelessReact: ReactHost{0}.startSurface(surfaceId = 0): Execute
04-06 02:33:16.676 22887 22887 W unknown:BridgelessReact: ReactHost{0}.getOrCreateReactInstanceTask(): Executing ReactInstanceEventListeners
04-06 02:33:16.676 22887 22887 I DetoxRNLoading: Got new RN-context through listener
04-06 02:33:16.677 22887 22959 I DetoxRNIdleRes: Setting up Espresso Idling Resources for React Native
04-06 02:33:16.684 22887 22887 D DetoxRNHelpers: Native RN module resolution (class com.reactnativecommunity.asyncstorage.AsyncStorageModule): no registered module found
04-06 02:33:16.684 22887 22959 D IdlingRegistry: Registering idling resources: [com.wix.detox.reactnative.idlingresources.uimodule.fabric.FabricUIManagerIdlingResources@8bb8100]
04-06 02:33:16.684 22887 22959 D IdlingRegistry: Registering idling resources: [com.wix.detox.reactnative.idlingresources.animations.AnimatedModuleIdlingResource@f241d39]
04-06 02:33:16.684 22887 22959 D IdlingRegistry: Registering idling resources: [com.wix.detox.reactnative.idlingresources.timers.FabricTimersIdlingResource@65dff7e]
04-06 02:33:16.684 22887 22959 D IdlingRegistry: Registering idling resources: [com.wix.detox.reactnative.idlingresources.network.NetworkIdlingResource@3525cdf]
04-06 02:33:16.684 22887 22959 D IdlingRegistry: Registering idling resources: [com.wix.detox.reactnative.idlingresources.StabilizedIdlingResource@5d7ad2c]
04-06 02:33:16.696 22887 23020 W om.evolucao.app: Accessing hidden method Landroid/os/MessageQueue;->next()Landroid/os/Message; (unsupported, reflection, allowed)
04-06 02:33:16.696 22887 23020 W om.evolucao.app: Accessing hidden field Landroid/os/MessageQueue;->mMessages:Landroid/os/Message; (unsupported, reflection, allowed)
04-06 02:33:16.696 22887 23020 W om.evolucao.app: Accessing hidden method Landroid/os/Message;->recycleUnchecked()V (unsupported, reflection, allowed)
04-06 02:33:16.844 22887 22887 D DetoxRNHelpers: Native RN module resolution (class com.reactnativecommunity.asyncstorage.AsyncStorageModule): no registered module found
04-06 02:33:16.904 22887 23020 I WebViewFactory: Loading com.google.android.webview version 146.0.7680.164 (code 768016403)
04-06 02:33:16.906 22887 23020 D ApplicationLoaders: Returning zygote-cached class loader: /system/framework/android.test.base.jar
04-06 02:33:16.908 22887 23020 D nativeloader: Configuring classloader-namespace for other apk /data/app/~~23ppwVuk64Fm9vdWCRWMMw==/com.google.android.webview-FPIphznatdLDx2VBYoD68A==/base.apk. target_sdk_version=36, uses_libraries=, library_path=/data/app/~~23ppwVuk64Fm9vdWCRWMMw==/com.google.android.webview-FPIphznatdLDx2VBYoD68A==/lib/arm64:/data/app/~~23ppwVuk64Fm9vdWCRWMMw==/com.google.android.webview-FPIphznatdLDx2VBYoD68A==/base.apk!/lib/arm64-v8a, permitted_path=/data:/mnt/expand
04-06 02:33:16.920 22887 23020 I cr_WVCFactoryProvider: version=146.0.7680.164 (768016403) minSdkVersion=29 multiprocess=true packageId=127 splits=<none>
04-06 02:33:16.925 22887 23038 I chromium: [0406/023316.925374:INFO:android_webview/browser/variations/variations_seed_loader.cc:67] Failed to open file for reading.: No such file or directory (2)
04-06 02:33:16.925 22887 23038 I chromium: [0406/023316.925516:INFO:android_webview/browser/variations/variations_seed_loader.cc:67] Failed to open file for reading.: No such file or directory (2)
04-06 02:33:16.929 22887 23020 I cr_LibraryLoader: Successfully loaded native library
04-06 02:33:16.930 22887 23020 I cr_CachingUmaRecorder: Flushed 16 samples from 16 histograms, 0 samples were dropped.
04-06 02:33:16.944 22887 23041 D TrafficStats: tagSocket(151) with statsTag=0xffffffff, statsUid=-1
04-06 02:33:16.946 22887 23041 D TrafficStats: tagSocket(151) with statsTag=0xffffffff, statsUid=-1
04-06 02:33:16.953 22887 23019 W BridgelessReactContext: [WARNING] Bridgeless doesn't support CatalystInstance. Accessing an API that's not part of the new architecture is not encouraged usage.
04-06 02:33:16.959 22887 23019 I ExpoModulesCore: ✅ JSI interop was installed
04-06 02:33:16.965 22887 23019 I ExpoModulesCore: ✅ Constants were exported
04-06 02:33:17.008 22887 23019 W unknown:ViewManagerPropertyUpdater: Could not find generated setter for class com.th3rdwave.safeareacontext.SafeAreaProviderManager
04-06 02:33:17.010 22887 23019 W unknown:ViewManagerPropertyUpdater: Could not find generated setter for class com.facebook.react.uimanager.LayoutShadowNode
04-06 02:33:17.012 22887 23019 W unknown:ViewManagerPropertyUpdater: Could not find generated setter for class com.swmansion.rnscreens.SearchBarManager
04-06 02:33:17.013 22887 23019 W unknown:ViewManagerPropertyUpdater: Could not find generated setter for class com.swmansion.rnscreens.ScreenFooterManager
04-06 02:33:17.013 22887 23019 W unknown:ViewManagerPropertyUpdater: Could not find generated setter for class com.swmansion.rnscreens.gamma.tabs.TabScreenViewManager
04-06 02:33:17.015 22887 23019 W unknown:ViewManagerPropertyUpdater: Could not find generated setter for class expo.modules.kotlin.views.GroupViewManagerWrapper
04-06 02:33:17.016 22887 23019 W unknown:ViewManagerPropertyUpdater: Could not find generated setter for class com.swmansion.rnscreens.ScreenContainerViewManager
04-06 02:33:17.016 22887 23019 W unknown:ViewManagerPropertyUpdater: Could not find generated setter for class com.swmansion.rnscreens.gamma.tabs.TabsHostViewManager
04-06 02:33:17.017 22887 23019 W unknown:ViewManagerPropertyUpdater: Could not find generated setter for class com.swmansion.rnscreens.ModalScreenViewManager
04-06 02:33:17.019 22887 23019 W unknown:ViewManagerPropertyUpdater: Could not find generated setter for class com.swmansion.rnscreens.ScreenStackHeaderConfigViewManager
04-06 02:33:17.020 22887 23019 W unknown:ViewManagerPropertyUpdater: Could not find generated setter for class com.swmansion.rnscreens.ScreenContentWrapperManager
04-06 02:33:17.020 22887 23019 W unknown:ViewManagerPropertyUpdater: Could not find generated setter for class com.th3rdwave.safeareacontext.SafeAreaViewManager
04-06 02:33:17.022 22887 23019 W unknown:ViewManagerPropertyUpdater: Could not find generated setter for class com.th3rdwave.safeareacontext.SafeAreaViewShadowNode
04-06 02:33:17.022 22887 23019 W unknown:ViewManagerPropertyUpdater: Could not find generated setter for class com.swmansion.rnscreens.safearea.SafeAreaViewManager
04-06 02:33:17.022 22887 23019 W unknown:ViewManagerPropertyUpdater: Could not find generated setter for class com.swmansion.rnscreens.safearea.paper.SafeAreaViewShadowNode
04-06 02:33:17.023 22887 23019 W unknown:ViewManagerPropertyUpdater: Could not find generated setter for class com.swmansion.rnscreens.ScreenViewManager
04-06 02:33:17.023 22887 23019 W unknown:ViewManagerPropertyUpdater: Could not find generated setter for class com.swmansion.rnscreens.gamma.stack.host.StackHostViewManager
04-06 02:33:17.024 22887 23019 W unknown:ViewManagerPropertyUpdater: Could not find generated setter for class com.swmansion.rnscreens.ScreenStackHeaderSubviewManager
04-06 02:33:17.024 22887 23019 W unknown:ViewManagerPropertyUpdater: Could not find generated setter for class com.swmansion.rnscreens.gamma.stack.screen.StackScreenViewManager
04-06 02:33:17.024 22887 23019 W unknown:ViewManagerPropertyUpdater: Could not find generated setter for class com.swmansion.rnscreens.ScreenStackViewManager
04-06 02:33:17.097 22887 23019 W unknown:ViewManagerPropertyUpdater: Could not find generated setter for class com.facebook.react.views.debuggingoverlay.DebuggingOverlayManager
04-06 02:33:17.102 22887 23019 W unknown:ViewManagerPropertyUpdater: Could not find generated setter for class com.swmansion.gesturehandler.react.RNGestureHandlerButtonViewManager
04-06 02:33:17.107 22887 23019 W unknown:ViewManagerPropertyUpdater: Could not find generated setter for class com.facebook.react.views.safeareaview.ReactSafeAreaViewManager
04-06 02:33:17.112 22887 23019 W unknown:ViewManagerPropertyUpdater: Could not find generated setter for class com.facebook.react.views.modal.ReactModalHostManager
04-06 02:33:17.117 22887 23019 W unknown:ViewManagerPropertyUpdater: Could not find generated setter for class com.facebook.react.views.text.frescosupport.FrescoBasedReactTextInlineImageViewManager
04-06 02:33:17.117 22887 23019 W unknown:ViewManagerPropertyUpdater: Could not find generated setter for class com.facebook.react.views.text.frescosupport.FrescoBasedReactTextInlineImageShadowNode
04-06 02:33:17.122 22887 23019 W unknown:ViewManagerPropertyUpdater: Could not find generated setter for class com.facebook.react.views.progressbar.ReactProgressBarViewManager
04-06 02:33:17.122 22887 23019 W unknown:ViewManagerPropertyUpdater: Could not find generated setter for class com.facebook.react.views.progressbar.ProgressBarShadowNode
04-06 02:33:17.127 22887 23019 W unknown:ViewManagerPropertyUpdater: Could not find generated setter for class com.facebook.react.views.scroll.ReactHorizontalScrollViewManager
04-06 02:33:17.133 22887 23019 W unknown:ViewManagerPropertyUpdater: Could not find generated setter for class com.facebook.react.views.image.ReactImageManager
04-06 02:33:17.139 22887 23019 W unknown:ViewManagerPropertyUpdater: Could not find generated setter for class com.facebook.react.views.text.ReactTextViewManager
04-06 02:33:17.140 22887 23019 W unknown:ViewManagerPropertyUpdater: Could not find generated setter for class com.facebook.react.views.text.ReactTextShadowNode
04-06 02:33:17.146 22887 23019 W unknown:ViewManagerPropertyUpdater: Could not find generated setter for class com.facebook.react.views.scroll.ReactHorizontalScrollContainerViewManager
04-06 02:33:17.151 22887 23019 W unknown:ViewManagerPropertyUpdater: Could not find generated setter for class com.facebook.react.views.unimplementedview.ReactUnimplementedViewManager
04-06 02:33:17.156 22887 23019 W unknown:ViewManagerPropertyUpdater: Could not find generated setter for class com.facebook.react.views.scroll.ReactScrollViewManager
04-06 02:33:17.162 22887 23019 W unknown:ViewManagerPropertyUpdater: Could not find generated setter for class com.facebook.react.views.view.ReactViewManager
04-06 02:33:17.167 22887 23019 W unknown:ViewManagerPropertyUpdater: Could not find generated setter for class com.facebook.react.views.drawer.ReactDrawerLayoutManager
04-06 02:33:17.173 22887 23019 W unknown:ViewManagerPropertyUpdater: Could not find generated setter for class com.facebook.react.views.switchview.ReactSwitchManager
04-06 02:33:17.173 22887 23019 W unknown:ViewManagerPropertyUpdater: Could not find generated setter for class com.facebook.react.views.switchview.ReactSwitchShadowNode
04-06 02:33:17.178 22887 23019 W unknown:ViewManagerPropertyUpdater: Could not find generated setter for class com.facebook.react.views.swiperefresh.SwipeRefreshLayoutManager
04-06 02:33:17.184 22887 23019 W unknown:ViewManagerPropertyUpdater: Could not find generated setter for class com.facebook.react.views.textinput.ReactTextInputManager
04-06 02:33:17.186 22887 23019 W unknown:ViewManagerPropertyUpdater: Could not find generated setter for class com.facebook.react.views.textinput.ReactTextInputShadowNode
04-06 02:33:17.192 22887 23019 W unknown:ViewManagerPropertyUpdater: Could not find generated setter for class com.swmansion.gesturehandler.react.RNGestureHandlerRootViewManager
04-06 02:33:17.225 22887 23041 D TrafficStats: tagSocket(153) with statsTag=0xffffffff, statsUid=-1
04-06 02:33:17.391 22887 23019 V AsyncStorageExpoMigration: No scoped database found
04-06 02:33:17.564 22887 23019 D Detox.RNMarker: RUN_JS_BUNDLE_END (/.virtual-metro-entry.bundle?platform=android&dev=true&lazy=true&minify=false&app=com.evolucao.app&modulesOnly=false&runModule=true&excludeSource=true&sourcePaths=url-server)
04-06 02:33:17.566 22887 23019 I ReactNativeJS: Running "main" with {"rootTag":1,"initialProps":{},"fabric":true}
04-06 02:33:17.642 22887 23044 D TrafficStats: tagSocket(140) with statsTag=0xffffffff, statsUid=-1
04-06 02:33:17.773 22887 22887 I DecorView: notifyKeepScreenOnChanged: keepScreenOn=true
04-06 02:33:17.783 22887 22887 I ViewRootImpl@73623ee[MainActivity]: performTraversals params={(0,0)(fillxfill) sim={adjust=resize} layoutInDisplayCutoutMode=always ty=BASE_APPLICATION wanim=0x1030309
04-06 02:33:17.783 22887 22887 I ViewRootImpl@73623ee[MainActivity]:   fl=81810180
04-06 02:33:17.783 22887 22887 I ViewRootImpl@73623ee[MainActivity]:   pfl=16020040
04-06 02:33:17.783 22887 22887 I ViewRootImpl@73623ee[MainActivity]:   vsysui=100
04-06 02:33:17.783 22887 22887 I ViewRootImpl@73623ee[MainActivity]:   bhv=DEFAULT
04-06 02:33:17.783 22887 22887 I ViewRootImpl@73623ee[MainActivity]:   fitSides= naviIconColor=0}
04-06 02:33:17.785 22887 22887 I ViewRootImpl@73623ee[MainActivity]: performTraversals mFirst=false windowShouldResize=false viewVisibilityChanged=false mForceNextWindowRelayout=false params={(0,0)(fillxfill) sim={adjust=resize} layoutInDisplayCutoutMode=always ty=BASE_APPLICATION wanim=0x1030309
04-06 02:33:17.785 22887 22887 I ViewRootImpl@73623ee[MainActivity]:   fl=81810180
04-06 02:33:17.785 22887 22887 I ViewRootImpl@73623ee[MainActivity]:   pfl=16020040
04-06 02:33:17.785 22887 22887 I ViewRootImpl@73623ee[MainActivity]:   vsysui=100
04-06 02:33:17.785 22887 22887 I ViewRootImpl@73623ee[MainActivity]:   bhv=DEFAULT
04-06 02:33:17.785 22887 22887 I ViewRootImpl@73623ee[MainActivity]:   fitSides= naviIconColor=0}
04-06 02:33:17.786 22887 23019 D Detox.RNMarker: REACT_BRIDGELESS_LOADING_END (null)
04-06 02:33:17.793 22887 22887 I ViewRootImpl@73623ee[MainActivity]: updateBlastSurfaceIfNeeded mBlastBufferQueue=0xb4000070c2d1b400 isSameSurfaceControl=true
04-06 02:33:17.793 22887 22887 I BLASTBufferQueue: update, w= 1080 h= 2400 mName = ViewRootImpl@73623ee[MainActivity] mNativeObject= 0xb4000070c2d1b400 sc