--------- beginning of main
04-06 19:35:40.038 16539 16539 I om.evolucao.app: Late-enabling -Xcheck:jni
04-06 19:35:40.122 16539 16539 I om.evolucao.app: Using CollectorTypeCC GC.
04-06 19:35:40.153 16539 16539 D ActivityThread: setConscryptValidator
04-06 19:35:40.154 16539 16539 D ActivityThread: setConscryptValidator - put
04-06 19:35:40.167 16539 16539 D CompatibilityChangeReporter: Compat change id reported: 171979766; UID 10743; state: ENABLED
--------- beginning of system
04-06 19:35:40.173 16539 16539 W ActivityThread: Package uses different ABI(s) than its instrumentation: package[com.evolucao.app]: arm64-v8a, null instrumentation[com.evolucao.app.test]: null, null
04-06 19:35:40.177 16539 16539 W om.evolucao.app: ClassLoaderContext classpath size mismatch. expected=0, found=1 (PCL[] | PCL[/system/framework/android.test.runner.jar*2256426886])
04-06 19:35:40.179 16539 16539 W om.evolucao.app: ClassLoaderContext classpath size mismatch. expected=0, found=2 (PCL[] | PCL[/system/framework/android.test.runner.jar*2256426886:/system/framework/android.test.mock.jar*2695051129])
04-06 19:35:40.179 16539 16539 W ziparchive: Unable to open '/data/app/~~P_PuIZOy-Da4EZiLAD6W-Q==/com.evolucao.app.test-8kSPyEqLbOfRkCZiBku8XQ==/base.dm': No such file or directory
04-06 19:35:40.180 16539 16539 W ziparchive: Unable to open '/data/app/~~P_PuIZOy-Da4EZiLAD6W-Q==/com.evolucao.app.test-8kSPyEqLbOfRkCZiBku8XQ==/base.dm': No such file or directory
04-06 19:35:40.260 16539 16539 W ziparchive: Unable to open '/data/app/~~V8cJZlw3b9KB8QnzoBBWoQ==/com.evolucao.app-HqjkED_hYjE65dGHeXLqTw==/base.dm': No such file or directory
04-06 19:35:40.261 16539 16539 W ziparchive: Unable to open '/data/app/~~V8cJZlw3b9KB8QnzoBBWoQ==/com.evolucao.app-HqjkED_hYjE65dGHeXLqTw==/base.dm': No such file or directory
04-06 19:35:40.579 16539 16539 D nativeloader: Configuring classloader-namespace for other apk /system/framework/android.test.runner.jar:/system/framework/android.test.mock.jar:/system/framework/android.test.base.jar:/data/app/~~P_PuIZOy-Da4EZiLAD6W-Q==/com.evolucao.app.test-8kSPyEqLbOfRkCZiBku8XQ==/base.apk:/data/app/~~V8cJZlw3b9KB8QnzoBBWoQ==/com.evolucao.app-HqjkED_hYjE65dGHeXLqTw==/base.apk. target_sdk_version=36, uses_libraries=, library_path=/data/app/~~P_PuIZOy-Da4EZiLAD6W-Q==/com.evolucao.app.test-8kSPyEqLbOfRkCZiBku8XQ==/lib/arm64:/data/app/~~V8cJZlw3b9KB8QnzoBBWoQ==/com.evolucao.app-HqjkED_hYjE65dGHeXLqTw==/lib/arm64:/data/app/~~P_PuIZOy-Da4EZiLAD6W-Q==/com.evolucao.app.test-8kSPyEqLbOfRkCZiBku8XQ==/base.apk!/lib/arm64-v8a:/data/app/~~V8cJZlw3b9KB8QnzoBBWoQ==/com.evolucao.app-HqjkED_hYjE65dGHeXLqTw==/base.apk!/lib/arm64-v8a, permitted_path=/data:/mnt/expand:/data/user/0/com.evolucao.app
04-06 19:35:40.591 16539 16539 V GraphicsEnvironment: ANGLE Developer option for 'com.evolucao.app' set to: 'default'
04-06 19:35:40.591 16539 16539 V GraphicsEnvironment: ANGLE GameManagerService for com.evolucao.app: false
04-06 19:35:40.592 16539 16539 V GraphicsEnvironment: App is not on the allowlist for updatable production driver.
04-06 19:35:40.596 16539 16539 D ApplicationLoaders: Returning zygote-cached class loader: /system/framework/android.test.base.jar
04-06 19:35:40.597 16539 16539 D nativeloader: Configuring classloader-namespace for other apk /system/framework/android.test.mock.jar. target_sdk_version=36, uses_libraries=ALL, library_path=/data/app/~~P_PuIZOy-Da4EZiLAD6W-Q==/com.evolucao.app.test-8kSPyEqLbOfRkCZiBku8XQ==/lib/arm64:/data/app/~~V8cJZlw3b9KB8QnzoBBWoQ==/com.evolucao.app-HqjkED_hYjE65dGHeXLqTw==/lib/arm64, permitted_path=/data:/mnt/expand
04-06 19:35:40.597 16539 16539 D nativeloader: Extending system_exposed_libraries: libhumantracking.arcsoft.so:libPortraitDistortionCorrection.arcsoft.so:libPortraitDistortionCorrectionCali.arcsoft.so:libface_landmark.arcsoft.so:libFacialStickerEngine.arcsoft.so:libveengine.arcsoft.so:lib_pet_detection.arcsoft.so:libhigh_res.arcsoft.so:libimage_enhancement.arcsoft.so:liblow_light_hdr.arcsoft.so:libhigh_dynamic_range.arcsoft.so:libsuperresolution.arcsoft.so:libobjectcapture_jni.arcsoft.so:libobjectcapture_jni.arcsoft.so:libobjectcapture.arcsoft.so:libFacialAttributeDetection.arcsoft.so:libBeauty_v4.camera.samsung.so:libexifa.camera.samsung.so:libjpega.camera.samsung.so:libOpenCv.camera.samsung.so:libVideoClassifier.camera.samsung.so:libtensorflowLite.dynamic_viewing.camera.samsung.so:libImageScreener.camera.samsung.so:libMyFilter.camera.samsung.so:libtflite2.myfilters.camera.samsung.so:libHIDTSnapJNI.camera.samsung.so:libSmartScan.camera.samsung.so:libRectify.camera.samsung.so:libDocRectifyWrapper.camera.samsung.so:libUltraWideDistortionCorrection.camera.
04-06 19:35:40.600 16539 16539 D ApplicationLoaders: Returning zygote-cached class loader: /system/framework/android.test.base.jar
04-06 19:35:40.601 16539 16539 W om.evolucao.app: ClassLoaderContext shared library size mismatch. Expected=0, found=2 (PCL[] | PCL[]{PCL[/system/framework/android.test.base.jar*1628045882]#PCL[/system/framework/android.test.mock.jar*2695051129]})
04-06 19:35:40.602 16539 16539 D nativeloader: Configuring classloader-namespace for other apk /system/framework/android.test.runner.jar. target_sdk_version=36, uses_libraries=ALL, library_path=/data/app/~~P_PuIZOy-Da4EZiLAD6W-Q==/com.evolucao.app.test-8kSPyEqLbOfRkCZiBku8XQ==/lib/arm64:/data/app/~~V8cJZlw3b9KB8QnzoBBWoQ==/com.evolucao.app-HqjkED_hYjE65dGHeXLqTw==/lib/arm64, permitted_path=/data:/mnt/expand
04-06 19:35:40.602 16539 16539 D nativeloader: Extending system_exposed_libraries: libhumantracking.arcsoft.so:libPortraitDistortionCorrection.arcsoft.so:libPortraitDistortionCorrectionCali.arcsoft.so:libface_landmark.arcsoft.so:libFacialStickerEngine.arcsoft.so:libveengine.arcsoft.so:lib_pet_detection.arcsoft.so:libhigh_res.arcsoft.so:libimage_enhancement.arcsoft.so:liblow_light_hdr.arcsoft.so:libhigh_dynamic_range.arcsoft.so:libsuperresolution.arcsoft.so:libobjectcapture_jni.arcsoft.so:libobjectcapture_jni.arcsoft.so:libobjectcapture.arcsoft.so:libFacialAttributeDetection.arcsoft.so:libBeauty_v4.camera.samsung.so:libexifa.camera.samsung.so:libjpega.camera.samsung.so:libOpenCv.camera.samsung.so:libVideoClassifier.camera.samsung.so:libtensorflowLite.dynamic_viewing.camera.samsung.so:libImageScreener.camera.samsung.so:libMyFilter.camera.samsung.so:libtflite2.myfilters.camera.samsung.so:libHIDTSnapJNI.camera.samsung.so:libSmartScan.camera.samsung.so:libRectify.camera.samsung.so:libDocRectifyWrapper.camera.samsung.so:libUltraWideDistortionCorrection.camera.
04-06 19:35:40.605 16539 16539 W om.evolucao.app: ClassLoaderContext shared library size mismatch. Expected=0, found=3 (PCL[] | PCL[]{PCL[/system/framework/android.test.base.jar*1628045882]#PCL[/system/framework/android.test.mock.jar*2695051129]#PCL[/system/framework/android.test.runner.jar*2256426886]{PCL[/system/framework/android.test.base.jar*1628045882]#PCL[/system/framework/android.test.mock.jar*2695051129]}};PCL[/system/framework/android.test.runner.jar*2256426886:/system/framework/android.test.mock.jar*2695051129:/system/framework/android.test.base.jar*1628045882:/data/app/~~P_PuIZOy-Da4EZiLAD6W-Q==/com.evolucao.app.test-8kSPyEqLbOfRkCZiBku8XQ==/base.apk*2272993428:/data/app/~~P_PuIZOy-Da4EZiLAD6W-Q==/com.evolucao.app.test-8kSPyEqLbOfRkCZiBku8XQ==/base.apk!classes2.dex*714357168:/data/app/~~P_PuIZOy-Da4EZiLAD6W-Q==/com.evolucao.app.test-8kSPyEqLbOfRkCZiBku8XQ==/base.apk!classes3.dex*1380987315:/data/app/~~P_PuIZOy-Da4EZiLAD6W-Q==/com.evolucao.app.test-8kSPyEqLbOfRkCZiBku8XQ==/base.apk!classes4.dex*3771904477:/data/app/~~P_PuIZOy-Da4EZiLAD6W-Q==/com.evolucao.app.test-8kSPyEqLbOfRkCZiBku8XQ==/base.apk!classes5.dex*2127157885:/data/app/~~P_PuIZOy-Da4EZiLAD6W-Q==/com.evolucao.app.test-8kSPyEqLbOfRkCZiBku8XQ==/base.apk!classes6.dex*971414087:/data/app/~~P_PuIZOy-Da4EZiLAD6W-Q==/com.evolucao.app.test-8kSPyEqLbOfRkCZiBku8XQ==/base.apk!classes7.dex*742752503:/data/app/~~P_PuIZOy-Da4EZiLAD6W-Q==/com.evolucao.app.test-8kSPyEqLbOfRkCZiBku8XQ==/base.apk!classes8.dex*388434936:/data/app/~~P_PuIZOy-Da4EZiLAD6W-Q==/com.evolucao.app.test-8kSPyEqLbOfRkCZiBku8XQ==/base.apk!classes9.dex*209335023:/data/app/~~P_PuIZOy-Da4EZiLAD6W-Q==/com.evolucao.app.test-8kSPyEqLbOfRkCZiBku8XQ==/base.apk!classes10.dex*2871199926:/data/app/~~P_PuIZOy-Da4EZiLAD6W-Q==/com.evolucao.app.test-8kSPyEqLbOfRkCZiBku8XQ==/base.apk!classes11.dex*3957027005:/data/app/~~P_PuIZOy-Da4EZiLAD6W-Q==/com.evolucao.app.test-8kSPyEqLbOfRkCZiBku8XQ==/base.apk!classes12.dex*914099516:/data/app/~~P_PuIZOy-Da4EZiLAD6W-Q==/com.evolucao.app.test-8kSPyEqLbOfRkCZiBku8XQ==/base.apk!classes13.dex*4108993750:/data/app/~~P_PuIZOy-Da4EZiLAD6W-Q==/com.evolucao.app.test-8kSPyEqLbOfRkCZiBku8XQ==/base.apk!classes14.dex*1632137592:/data/app/~~P_PuIZOy-Da4EZiLAD6W-Q==/com.evolucao.app.test-8kSPyEqLbOfRkCZiBku8XQ==/base.apk!classes15.dex*1757943310:/data/app/~~P_PuIZOy-Da4EZiLAD6W-Q==/com.evolucao.app.test-8kSPyEqLbOfRkCZiBku8XQ==/base.apk!classes16.dex*931013159:/data/app/~~P_PuIZOy-Da4EZiLAD6W-Q==/com.evolucao.app.test-8kSPyEqLbOfRkCZiBku8XQ==/base.apk!classes17.dex*2782462504:/data/app/~~P_PuIZOy-Da4EZiLAD6W-Q==/com.evolucao.app.test-8kSPyEqLbOfRkCZiBku8XQ==/base.apk!classes18.dex*3468966139:/data/app/~~P_PuIZOy-Da4EZiLAD6W-Q==/com.evolucao.app.test-8kSPyEqLbOfRkCZiBku8XQ==/base.apk!classes19.dex*2267436335:/data/app/~~V8cJZlw3b9KB8QnzoBBWoQ==/com.evolucao.app-HqjkED_hYjE65dGHeXLqTw==/base.apk*198750528:/data/app/~~V8cJZlw3b9KB8QnzoBBWoQ==/com.evolucao.app-HqjkED_hYjE65dGHeXLqTw==/base.apk!classes2.dex*1675103030:/data/app/~~V8cJZlw3b9KB8QnzoBBWoQ==/com.evolucao.app-HqjkED_hYjE65dGHeXLqTw==/base.apk!classes3.dex*1788775668:/data/app/~~V8cJZlw3b9KB8QnzoBBWoQ==/com.evolucao.app-HqjkED_hYjE65dGHeXLqTw==/base.apk!classes4.dex*2572157285:/data/app/~~V8cJZlw3b9KB8QnzoBBWoQ==/com.evolucao.app-HqjkED_hYjE65dGHeXLqTw==/base.apk!classes5.dex*3994030385:/data/app/~~V8cJZlw3b9KB8QnzoBBWoQ==/com.evolucao.app-HqjkED_hYjE65dGHeXLqTw==/base.apk!classes6.dex*1028875939:/data/app/~~V8cJZlw3b9KB8QnzoBBWoQ==/com.evolucao.app-HqjkED_hYjE65dGHeXLqTw==/base.apk!classes7.dex*2113616002:/data/app/~~V8cJZlw3b9KB8QnzoBBWoQ==/com.evolucao.app-HqjkED_hYjE65dGHeXLqTw==/base.apk!classes8.dex*3287389796:/data/app/~~V8cJZlw3b9KB8QnzoBBWoQ==/com.evolucao.app-HqjkED_hYjE65dGHeXLqTw==/base.apk!classes9.dex*2030025819:/data/app/~~V8cJZlw3b9KB8QnzoBBWoQ==/com.evolucao.app-HqjkED_hYjE65dGHeXLqTw==/base.apk!classes10.dex*1917680387:/data/app/~~V8cJZlw3b9KB8QnzoBBWoQ==/com.evolucao.app-HqjkED_hYjE65dGHeXLqTw==/base.apk!classes11.dex*152968521:/data/app/~~V8cJZlw3b9KB8QnzoBBWoQ==/com.evolucao.app-HqjkED_hYjE65dGHeXLqTw==/base.apk!cla
04-06 19:35:40.607 16539 16539 W om.evolucao.app: ClassLoaderContext classpath size mismatch. expected=0, found=1 (PCL[] | PCL[/system/framework/android.test.runner.jar*2256426886]{PCL[/system/framework/android.test.base.jar*1628045882]#PCL[/system/framework/android.test.mock.jar*2695051129]#PCL[/system/framework/android.test.runner.jar*2256426886]{PCL[/system/framework/android.test.base.jar*1628045882]#PCL[/system/framework/android.test.mock.jar*2695051129]}};PCL[/system/framework/android.test.runner.jar*2256426886:/system/framework/android.test.mock.jar*2695051129:/system/framework/android.test.base.jar*1628045882:/data/app/~~P_PuIZOy-Da4EZiLAD6W-Q==/com.evolucao.app.test-8kSPyEqLbOfRkCZiBku8XQ==/base.apk*2272993428:/data/app/~~P_PuIZOy-Da4EZiLAD6W-Q==/com.evolucao.app.test-8kSPyEqLbOfRkCZiBku8XQ==/base.apk!classes2.dex*714357168:/data/app/~~P_PuIZOy-Da4EZiLAD6W-Q==/com.evolucao.app.test-8kSPyEqLbOfRkCZiBku8XQ==/base.apk!classes3.dex*1380987315:/data/app/~~P_PuIZOy-Da4EZiLAD6W-Q==/com.evolucao.app.test-8kSPyEqLbOfRkCZiBku8XQ==/base.apk!classes4.dex*3771904477:/data/app/~~P_PuIZOy-Da4EZiLAD6W-Q==/com.evolucao.app.test-8kSPyEqLbOfRkCZiBku8XQ==/base.apk!classes5.dex*2127157885:/data/app/~~P_PuIZOy-Da4EZiLAD6W-Q==/com.evolucao.app.test-8kSPyEqLbOfRkCZiBku8XQ==/base.apk!classes6.dex*971414087:/data/app/~~P_PuIZOy-Da4EZiLAD6W-Q==/com.evolucao.app.test-8kSPyEqLbOfRkCZiBku8XQ==/base.apk!classes7.dex*742752503:/data/app/~~P_PuIZOy-Da4EZiLAD6W-Q==/com.evolucao.app.test-8kSPyEqLbOfRkCZiBku8XQ==/base.apk!classes8.dex*388434936:/data/app/~~P_PuIZOy-Da4EZiLAD6W-Q==/com.evolucao.app.test-8kSPyEqLbOfRkCZiBku8XQ==/base.apk!classes9.dex*209335023:/data/app/~~P_PuIZOy-Da4EZiLAD6W-Q==/com.evolucao.app.test-8kSPyEqLbOfRkCZiBku8XQ==/base.apk!classes10.dex*2871199926:/data/app/~~P_PuIZOy-Da4EZiLAD6W-Q==/com.evolucao.app.test-8kSPyEqLbOfRkCZiBku8XQ==/base.apk!classes11.dex*3957027005:/data/app/~~P_PuIZOy-Da4EZiLAD6W-Q==/com.evolucao.app.test-8kSPyEqLbOfRkCZiBku8XQ==/base.apk!classes12.dex*914099516:/data/app/~~P_PuIZOy-Da4EZiLAD6W-Q==/com.evolucao.app.test-8kSPyEqLbOfRkCZiBku8XQ==/base.apk!classes13.dex*4108993750:/data/app/~~P_PuIZOy-Da4EZiLAD6W-Q==/com.evolucao.app.test-8kSPyEqLbOfRkCZiBku8XQ==/base.apk!classes14.dex*1632137592:/data/app/~~P_PuIZOy-Da4EZiLAD6W-Q==/com.evolucao.app.test-8kSPyEqLbOfRkCZiBku8XQ==/base.apk!classes15.dex*1757943310:/data/app/~~P_PuIZOy-Da4EZiLAD6W-Q==/com.evolucao.app.test-8kSPyEqLbOfRkCZiBku8XQ==/base.apk!classes16.dex*931013159:/data/app/~~P_PuIZOy-Da4EZiLAD6W-Q==/com.evolucao.app.test-8kSPyEqLbOfRkCZiBku8XQ==/base.apk!classes17.dex*2782462504:/data/app/~~P_PuIZOy-Da4EZiLAD6W-Q==/com.evolucao.app.test-8kSPyEqLbOfRkCZiBku8XQ==/base.apk!classes18.dex*3468966139:/data/app/~~P_PuIZOy-Da4EZiLAD6W-Q==/com.evolucao.app.test-8kSPyEqLbOfRkCZiBku8XQ==/base.apk!classes19.dex*2267436335:/data/app/~~V8cJZlw3b9KB8QnzoBBWoQ==/com.evolucao.app-HqjkED_hYjE65dGHeXLqTw==/base.apk*198750528:/data/app/~~V8cJZlw3b9KB8QnzoBBWoQ==/com.evolucao.app-HqjkED_hYjE65dGHeXLqTw==/base.apk!classes2.dex*1675103030:/data/app/~~V8cJZlw3b9KB8QnzoBBWoQ==/com.evolucao.app-HqjkED_hYjE65dGHeXLqTw==/base.apk!classes3.dex*1788775668:/data/app/~~V8cJZlw3b9KB8QnzoBBWoQ==/com.evolucao.app-HqjkED_hYjE65dGHeXLqTw==/base.apk!classes4.dex*2572157285:/data/app/~~V8cJZlw3b9KB8QnzoBBWoQ==/com.evolucao.app-HqjkED_hYjE65dGHeXLqTw==/base.apk!classes5.dex*3994030385:/data/app/~~V8cJZlw3b9KB8QnzoBBWoQ==/com.evolucao.app-HqjkED_hYjE65dGHeXLqTw==/base.apk!classes6.dex*1028875939:/data/app/~~V8cJZlw3b9KB8QnzoBBWoQ==/com.evolucao.app-HqjkED_hYjE65dGHeXLqTw==/base.apk!classes7.dex*2113616002:/data/app/~~V8cJZlw3b9KB8QnzoBBWoQ==/com.evolucao.app-HqjkED_hYjE65dGHeXLqTw==/base.apk!classes8.dex*3287389796:/data/app/~~V8cJZlw3b9KB8QnzoBBWoQ==/com.evolucao.app-HqjkED_hYjE65dGHeXLqTw==/base.apk!classes9.dex*2030025819:/data/app/~~V8cJZlw3b9KB8QnzoBBWoQ==/com.evolucao.app-HqjkED_hYjE65dGHeXLqTw==/base.apk!classes10.dex*1917680387:/data/app/~~V8cJZlw3b9KB8QnzoBBWoQ==/com.evolucao.app-HqjkED_hYjE65dGHeXLqTw==/base.apk!classes11.dex*152968521:/data/app/~~V8cJZlw3b9KB8QnzoBBWoQ==/com.evo
04-06 19:35:40.609 16539 16539 W om.evolucao.app: ClassLoaderContext classpath size mismatch. expected=0, found=2 (PCL[] | PCL[/system/framework/android.test.runner.jar*2256426886:/system/framework/android.test.mock.jar*2695051129]{PCL[/system/framework/android.test.base.jar*1628045882]#PCL[/system/framework/android.test.mock.jar*2695051129]#PCL[/system/framework/android.test.runner.jar*2256426886]{PCL[/system/framework/android.test.base.jar*1628045882]#PCL[/system/framework/android.test.mock.jar*2695051129]}};PCL[/system/framework/android.test.runner.jar*2256426886:/system/framework/android.test.mock.jar*2695051129:/system/framework/android.test.base.jar*1628045882:/data/app/~~P_PuIZOy-Da4EZiLAD6W-Q==/com.evolucao.app.test-8kSPyEqLbOfRkCZiBku8XQ==/base.apk*2272993428:/data/app/~~P_PuIZOy-Da4EZiLAD6W-Q==/com.evolucao.app.test-8kSPyEqLbOfRkCZiBku8XQ==/base.apk!classes2.dex*714357168:/data/app/~~P_PuIZOy-Da4EZiLAD6W-Q==/com.evolucao.app.test-8kSPyEqLbOfRkCZiBku8XQ==/base.apk!classes3.dex*1380987315:/data/app/~~P_PuIZOy-Da4EZiLAD6W-Q==/com.evolucao.app.test-8kSPyEqLbOfRkCZiBku8XQ==/base.apk!classes4.dex*3771904477:/data/app/~~P_PuIZOy-Da4EZiLAD6W-Q==/com.evolucao.app.test-8kSPyEqLbOfRkCZiBku8XQ==/base.apk!classes5.dex*2127157885:/data/app/~~P_PuIZOy-Da4EZiLAD6W-Q==/com.evolucao.app.test-8kSPyEqLbOfRkCZiBku8XQ==/base.apk!classes6.dex*971414087:/data/app/~~P_PuIZOy-Da4EZiLAD6W-Q==/com.evolucao.app.test-8kSPyEqLbOfRkCZiBku8XQ==/base.apk!classes7.dex*742752503:/data/app/~~P_PuIZOy-Da4EZiLAD6W-Q==/com.evolucao.app.test-8kSPyEqLbOfRkCZiBku8XQ==/base.apk!classes8.dex*388434936:/data/app/~~P_PuIZOy-Da4EZiLAD6W-Q==/com.evolucao.app.test-8kSPyEqLbOfRkCZiBku8XQ==/base.apk!classes9.dex*209335023:/data/app/~~P_PuIZOy-Da4EZiLAD6W-Q==/com.evolucao.app.test-8kSPyEqLbOfRkCZiBku8XQ==/base.apk!classes10.dex*2871199926:/data/app/~~P_PuIZOy-Da4EZiLAD6W-Q==/com.evolucao.app.test-8kSPyEqLbOfRkCZiBku8XQ==/base.apk!classes11.dex*3957027005:/data/app/~~P_PuIZOy-Da4EZiLAD6W-Q==/com.evolucao.app.test-8kSPyEqLbOfRkCZiBku8XQ==/base.apk!classes12.dex*914099516:/data/app/~~P_PuIZOy-Da4EZiLAD6W-Q==/com.evolucao.app.test-8kSPyEqLbOfRkCZiBku8XQ==/base.apk!classes13.dex*4108993750:/data/app/~~P_PuIZOy-Da4EZiLAD6W-Q==/com.evolucao.app.test-8kSPyEqLbOfRkCZiBku8XQ==/base.apk!classes14.dex*1632137592:/data/app/~~P_PuIZOy-Da4EZiLAD6W-Q==/com.evolucao.app.test-8kSPyEqLbOfRkCZiBku8XQ==/base.apk!classes15.dex*1757943310:/data/app/~~P_PuIZOy-Da4EZiLAD6W-Q==/com.evolucao.app.test-8kSPyEqLbOfRkCZiBku8XQ==/base.apk!classes16.dex*931013159:/data/app/~~P_PuIZOy-Da4EZiLAD6W-Q==/com.evolucao.app.test-8kSPyEqLbOfRkCZiBku8XQ==/base.apk!classes17.dex*2782462504:/data/app/~~P_PuIZOy-Da4EZiLAD6W-Q==/com.evolucao.app.test-8kSPyEqLbOfRkCZiBku8XQ==/base.apk!classes18.dex*3468966139:/data/app/~~P_PuIZOy-Da4EZiLAD6W-Q==/com.evolucao.app.test-8kSPyEqLbOfRkCZiBku8XQ==/base.apk!classes19.dex*2267436335:/data/app/~~V8cJZlw3b9KB8QnzoBBWoQ==/com.evolucao.app-HqjkED_hYjE65dGHeXLqTw==/base.apk*198750528:/data/app/~~V8cJZlw3b9KB8QnzoBBWoQ==/com.evolucao.app-HqjkED_hYjE65dGHeXLqTw==/base.apk!classes2.dex*1675103030:/data/app/~~V8cJZlw3b9KB8QnzoBBWoQ==/com.evolucao.app-HqjkED_hYjE65dGHeXLqTw==/base.apk!classes3.dex*1788775668:/data/app/~~V8cJZlw3b9KB8QnzoBBWoQ==/com.evolucao.app-HqjkED_hYjE65dGHeXLqTw==/base.apk!classes4.dex*2572157285:/data/app/~~V8cJZlw3b9KB8QnzoBBWoQ==/com.evolucao.app-HqjkED_hYjE65dGHeXLqTw==/base.apk!classes5.dex*3994030385:/data/app/~~V8cJZlw3b9KB8QnzoBBWoQ==/com.evolucao.app-HqjkED_hYjE65dGHeXLqTw==/base.apk!classes6.dex*1028875939:/data/app/~~V8cJZlw3b9KB8QnzoBBWoQ==/com.evolucao.app-HqjkED_hYjE65dGHeXLqTw==/base.apk!classes7.dex*2113616002:/data/app/~~V8cJZlw3b9KB8QnzoBBWoQ==/com.evolucao.app-HqjkED_hYjE65dGHeXLqTw==/base.apk!classes8.dex*3287389796:/data/app/~~V8cJZlw3b9KB8QnzoBBWoQ==/com.evolucao.app-HqjkED_hYjE65dGHeXLqTw==/base.apk!classes9.dex*2030025819:/data/app/~~V8cJZlw3b9KB8QnzoBBWoQ==/com.evolucao.app-HqjkED_hYjE65dGHeXLqTw==/base.apk!classes10.dex*1917680387:/data/app/~~V8cJZlw3b9KB8QnzoBBWoQ==/com.evolucao.app-HqjkED_hYjE65dGHeXLqTw==/base.apk!classes11.dex*152
04-06 19:35:40.610 16539 16539 W ziparchive: Unable to open '/data/app/~~P_PuIZOy-Da4EZiLAD6W-Q==/com.evolucao.app.test-8kSPyEqLbOfRkCZiBku8XQ==/base.dm': No such file or directory
04-06 19:35:40.610 16539 16539 W ziparchive: Unable to open '/data/app/~~P_PuIZOy-Da4EZiLAD6W-Q==/com.evolucao.app.test-8kSPyEqLbOfRkCZiBku8XQ==/base.dm': No such file or directory
04-06 19:35:40.689 16539 16539 W ziparchive: Unable to open '/data/app/~~V8cJZlw3b9KB8QnzoBBWoQ==/com.evolucao.app-HqjkED_hYjE65dGHeXLqTw==/base.dm': No such file or directory
04-06 19:35:40.689 16539 16539 W ziparchive: Unable to open '/data/app/~~V8cJZlw3b9KB8QnzoBBWoQ==/com.evolucao.app-HqjkED_hYjE65dGHeXLqTw==/base.dm': No such file or directory
04-06 19:35:41.016 16539 16539 D NetworkSecurityConfig: No Network Security Config specified, using platform default
04-06 19:35:41.026 16539 16539 D NetworkSecurityConfig: No Network Security Config specified, using platform default
04-06 19:35:41.026 16539 16539 I AndroidJUnitRunner: newApplication com.evolucao.app.MainApplication
04-06 19:35:41.036 16539 16539 W FirebaseApp: Default FirebaseApp failed to initialize because no default options were found. This usually means that com.google.gms:google-services was not applied to your gradle project.
04-06 19:35:41.036 16539 16539 I FirebaseInitProvider: FirebaseApp initialization unsuccessful
04-06 19:35:41.060 16539 16539 I AndroidJUnitRunner: onCreate Bundle[mParcelledData.dataSize=240]
04-06 19:35:41.061 16539 16539 D AndroidJUnitRunner: Use the raw file system for managing file I/O.
04-06 19:35:41.068 16539 16539 V TestEventClient: No service name argument was given (testDiscoveryService, testRunEventService or orchestratorService)
04-06 19:35:41.069 16539 16564 D AndroidJUnitRunner: onStart is called.
04-06 19:35:41.073 16539 16539 W SoLoader: Initializing SoLoader: 0
04-06 19:35:41.074 16539 16539 W SoLoader: Recording new base apk path: /data/app/~~V8cJZlw3b9KB8QnzoBBWoQ==/com.evolucao.app-HqjkED_hYjE65dGHeXLqTw==/base.apk
04-06 19:35:41.074 16539 16539 W SoLoader: Previously recorded 0 base apk paths.
04-06 19:35:41.076 16539 16539 I SoLoader: Preparing SO source: DirectorySoSource[root = /vendor/lib64 flags = 2]
04-06 19:35:41.076 16539 16539 I SoLoader: Preparing SO source: DirectorySoSource[root = /system/lib64 flags = 2]
04-06 19:35:41.076 16539 16539 I SoLoader: Preparing SO source: DirectApkSoSource[root = [/data/app/~~V8cJZlw3b9KB8QnzoBBWoQ==/com.evolucao.app-HqjkED_hYjE65dGHeXLqTw==/base.apk!/lib/arm64-v8a]]
04-06 19:35:41.096 16539 16539 I SoLoader: Preparing SO source: ApplicationSoSource[DirectorySoSource[root = /data/app/~~V8cJZlw3b9KB8QnzoBBWoQ==/com.evolucao.app-HqjkED_hYjE65dGHeXLqTw==/lib/arm64 flags = 0]]
04-06 19:35:41.096 16539 16539 I SoLoader: init finish: 4 SO sources prepared
04-06 19:35:41.096 16539 16539 W SoLoader: SoLoader initialized: 8
04-06 19:35:41.122 16539 16539 D jni_lib_merge: Entering merged library JNI_OnLoad.
04-06 19:35:41.122 16539 16539 D jni_lib_merge: Preparing 12 pre-merged libs (including stub)
04-06 19:35:41.122 16539 16539 D jni_lib_merge: Preparing to register libfabricjni_so.  onload_func: 0x7039b3ff38
04-06 19:35:41.122 16539 16539 D jni_lib_merge: Preparing to register libreact_devsupportjni_so.  onload_func: 0x7039d4881c
04-06 19:35:41.122 16539 16539 D jni_lib_merge: Preparing to register libreact_featureflagsjni_so.  onload_func: 0x7039d5ab7c
04-06 19:35:41.122 16539 16539 D jni_lib_merge: Preparing to register libreact_newarchdefaults_so.  onload_func: 0x7039dfff24
04-06 19:35:41.122 16539 16539 D jni_lib_merge: Preparing to register libreactnativeblob_so.  onload_func: 0x703a012088
04-06 19:35:41.122 16539 16539 D jni_lib_merge: Preparing to register libreactnativejni_so.  onload_func: 0x703a054ffc
04-06 19:35:41.122 16539 16539 D jni_lib_merge: Preparing to register libreactnativejni_common_so.  onload_func: 0x703a0659f0
04-06 19:35:41.122 16539 16539 D jni_lib_merge: Preparing to register librninstance_so.  onload_func: 0x703a0a462c
04-06 19:35:41.122 16539 16539 D jni_lib_merge: Preparing to register libturbomodulejsijni_so.  onload_func: 0x703a201734
04-06 19:35:41.122 16539 16539 D jni_lib_merge: Preparing to register libuimanagerjni_so.  onload_func: 0x703a21a6e8
04-06 19:35:41.122 16539 16539 D jni_lib_merge: Preparing to register libyoga_so.  onload_func: 0x703a22a16c
04-06 19:35:41.122 16539 16539 D jni_lib_merge: About to register 11 actual methods.
04-06 19:35:41.131 16539 16539 D jni_lib_merge: Entering merged library JNI_OnLoad.
04-06 19:35:41.131 16539 16539 D jni_lib_merge: Preparing 12 pre-merged libs (including stub)
04-06 19:35:41.131 16539 16539 D jni_lib_merge: Preparing to register libfabricjni_so.  onload_func: 0x7039b3ff38
04-06 19:35:41.131 16539 16539 D jni_lib_merge: Preparing to register libreact_devsupportjni_so.  onload_func: 0x7039d4881c
04-06 19:35:41.131 16539 16539 D jni_lib_merge: Preparing to register libreact_featureflagsjni_so.  onload_func: 0x7039d5ab7c
04-06 19:35:41.131 16539 16539 D jni_lib_merge: Preparing to register libreact_newarchdefaults_so.  onload_func: 0x7039dfff24
04-06 19:35:41.131 16539 16539 D jni_lib_merge: Preparing to register libreactnativeblob_so.  onload_func: 0x703a012088
04-06 19:35:41.131 16539 16539 D jni_lib_merge: Preparing to register libreactnativejni_so.  onload_func: 0x703a054ffc
04-06 19:35:41.131 16539 16539 D jni_lib_merge: Preparing to register libreactnativejni_common_so.  onload_func: 0x703a0659f0
04-06 19:35:41.131 16539 16539 D jni_lib_merge: Preparing to register librninstance_so.  onload_func: 0x703a0a462c
04-06 19:35:41.131 16539 16539 D jni_lib_merge: Preparing to register libturbomodulejsijni_so.  onload_func: 0x703a201734
04-06 19:35:41.131 16539 16539 D jni_lib_merge: Preparing to register libuimanagerjni_so.  onload_func: 0x703a21a6e8
04-06 19:35:41.131 16539 16539 D jni_lib_merge: Preparing to register libyoga_so.  onload_func: 0x703a22a16c
04-06 19:35:41.131 16539 16539 D jni_lib_merge: About to register 11 actual methods.
04-06 19:35:41.218 16539 16564 D TestRequestBuilder: Using class path scanning to discover tests
04-06 19:35:41.218 16539 16564 I TestRequestBuilder: Scanning classpath to find tests in paths [/data/app/~~P_PuIZOy-Da4EZiLAD6W-Q==/com.evolucao.app.test-8kSPyEqLbOfRkCZiBku8XQ==/base.apk]
04-06 19:35:41.219 16539 16564 W om.evolucao.app: Opening an oat file without a class loader. Are you using the deprecated DexFile APIs?
04-06 19:35:41.650 16539 16564 I TestRunner: run started: 1 tests
04-06 19:35:41.651 16539 16564 I TestRunner: started: runDetoxTests(com.evolucao.app.DetoxTest)
04-06 19:35:41.658 16539 16564 I Detox   : Detox server connection details: url=ws://localhost:52414, sessionId=3fabb72b-8448-dd15-b204-f48e4c1ec1c9
04-06 19:35:41.666 16539 16564 I Tracing : Tracer added: class androidx.test.platform.tracing.AndroidXTracer
04-06 19:35:41.681 16539 16564 W om.evolucao.app: Accessing hidden field Ljava/lang/reflect/Field;->accessFlags:I (unsupported, reflection, allowed)
04-06 19:35:41.683 16539 16564 I Detox   : Connecting to server...
04-06 19:35:41.683 16539 16564 I DetoxWSClient: At connectToServer
04-06 19:35:41.770 16539 16581 D TrafficStats: tagSocket(95) with statsTag=0xffffffff, statsUid=-1
04-06 19:35:41.786 16539 16581 D DetoxWSClient: At onOpen
04-06 19:35:41.786 16539 16581 I DetoxWSClient: Sending out action 'login' (ID #0)
04-06 19:35:41.787 16539 16581 I Detox   : Connected to server!
04-06 19:35:41.791 16539 16581 D DetoxWSClient: Received action 'loginSuccess' (ID #0, params={"testerConnected":true,"appConnected":true})
04-06 19:35:41.791 16539 16572 I DetoxDispatcher: Handling action 'loginSuccess' (ID #0)...
04-06 19:35:41.791 16539 16572 I DetoxDispatcher: Done with action 'loginSuccess'
04-06 19:35:41.791 16539 16564 I Detox   : Launching the tested activity!
04-06 19:35:41.827 16539 16581 D DetoxWSClient: Received action 'isReady' (ID #-1000, params={})
04-06 19:35:41.829 16539 16572 I DetoxDispatcher: Handling action 'isReady' (ID #-1000)...
04-06 19:35:41.886 16539 16594 D OpenGLRenderer: RenderThread::requireGlContext()
04-06 19:35:41.890 16539 16594 I AdrenoGLES-0: QUALCOMM build                   : db7e7066a2, I1fad33e957
04-06 19:35:41.890 16539 16594 I AdrenoGLES-0: Build Date                       : 05/11/25
04-06 19:35:41.890 16539 16594 I AdrenoGLES-0: OpenGL ES Shader Compiler Version: EV031.32.02.10
04-06 19:35:41.890 16539 16594 I AdrenoGLES-0: Local Branch                     : 
04-06 19:35:41.890 16539 16594 I AdrenoGLES-0: Remote Branch                    : refs/tags/AU_LINUX_ANDROID_LA.UM.9.12.11.00.00.582.697
04-06 19:35:41.890 16539 16594 I AdrenoGLES-0: Remote Branch                    : NONE
04-06 19:35:41.890 16539 16594 I AdrenoGLES-0: Reconstruct Branch               : NOTHING
04-06 19:35:41.890 16539 16594 I AdrenoGLES-0: Build Config                     : S P 10.0.7 AArch64
04-06 19:35:41.890 16539 16594 I AdrenoGLES-0: Driver Path                      : /vendor/lib64/egl/libGLESv2_adreno.so
04-06 19:35:41.909 16539 16594 I AdrenoGLES-0: PFP: 0x016dd093, ME: 0x00000000
04-06 19:35:41.924 16539 16594 D OpenGLRenderer: RenderThread::setGrContext()
04-06 19:35:41.939 16539 16539 D AppCompatDelegate: Checking for metadata for AppLocalesMetadataHolderService : Service not found
04-06 19:35:41.963 16539 16539 D LifecycleMonitor: Lifecycle status change: com.evolucao.app.MainActivity@36d1a3a in: PRE_ON_CREATE
04-06 19:35:42.038 16539 16539 D SensorManager: registerListener :: 11, LSM6DSO Accelerometer, 66667, 0, 
04-06 19:35:42.079 16539 16539 W unknown:BridgelessReact: ReactHost{0}.startSurface(surfaceId = 0): Schedule
04-06 19:35:42.079 16539 16539 W unknown:BridgelessReact: ReactHost{0}.attachSurface(surfaceId = 0)
04-06 19:35:42.080 16539 16617 W unknown:BridgelessReact: ReactHost{0}.getOrCreateReactInstanceTask()
04-06 19:35:42.080 16539 16617 W unknown:BridgelessReact: ReactHost{0}.getOrCreateReactInstanceTask(): Start
04-06 19:35:42.080 16539 16617 D Detox.RNMarker: REACT_BRIDGELESS_LOADING_START (null)
04-06 19:35:42.080 16539 16617 W unknown:BridgelessReact: ReactHost{0}.getJSBundleLoader()
04-06 19:35:42.080 16539 16617 W unknown:BridgelessReact: ReactHost{0}.isMetroRunning()
04-06 19:35:42.082 16539 16618 D TrafficStats: tagSocket(107) with statsTag=0xffffffff, statsUid=-1
04-06 19:35:42.082 16539 16616 D TrafficStats: tagSocket(109) with statsTag=0xffffffff, statsUid=-1
04-06 19:35:42.085 16539 16539 I DecorView: [INFO] isPopOver=false config=true
04-06 19:35:42.085 16539 16539 I DecorView: updateCaptionType: isFloating=false isApplication=true hasWindowDecorCaption=false this=DecorView@363d443[]
04-06 19:35:42.085 16539 16539 D DecorView: setCaptionType = 0, this = DecorView@363d443[]
04-06 19:35:42.092 16539 16539 I DecorView: getCurrentDensityDpi: from real metrics. densityDpi=480 msg=resources_loaded
04-06 19:35:42.092 16539 16539 I DecorView: setWindowBackground: isPopOver=false color=ff303030 d=android.graphics.drawable.ColorDrawable@de473f9
04-06 19:35:42.098 16539 16539 W om.evolucao.app: Accessing hidden method Landroid/view/ViewGroup;->makeOptionalFitsSystemWindows()V (unsupported, reflection, allowed)
04-06 19:35:42.103 16539 16539 D LifecycleMonitor: Lifecycle status change: com.evolucao.app.MainActivity@36d1a3a in: CREATED
04-06 19:35:42.105 16539 16539 D LifecycleMonitor: Lifecycle status change: com.evolucao.app.MainActivity@36d1a3a in: STARTED
04-06 19:35:42.107 16539 16539 W unknown:BridgelessReact: ReactHost{0}.onHostResume(activity)
04-06 19:35:42.108 16539 16539 W unknown:ReactNative: Packager connection already open, nooping.
04-06 19:35:42.108 16539 16539 D LifecycleMonitor: Lifecycle status change: com.evolucao.app.MainActivity@36d1a3a in: RESUMED
04-06 19:35:42.109 16539 16539 I MSHandlerLifeCycle: check: return. pkg=com.evolucao.app parent=null callers=com.android.internal.policy.DecorView.setVisibility:4412 android.app.ActivityThread.handleResumeActivity:5476 android.app.servertransaction.ResumeActivityItem.execute:54 android.app.servertransaction.ActivityTransactionItem.execute:45 android.app.servertransaction.TransactionExecutor.executeLifecycleState:176 
04-06 19:35:42.109 16539 16539 I MSHandlerLifeCycle: removeMultiSplitHandler: no exist. decor=DecorView@363d443[]
04-06 19:35:42.116 16539 16594 D NativeCustomFrequencyManager: [NativeCFMS] BpCustomFrequencyManager::BpCustomFrequencyManager()
04-06 19:35:42.121 16539 16539 I DecorView: notifyKeepScreenOnChanged: keepScreenOn=false
04-06 19:35:42.138 16539 16539 D InsetsController: onStateChanged: InsetsState: {mDisplayFrame=Rect(0, 0 - 1080, 2400), mDisplayCutout=DisplayCutout{insets=Rect(0, 88 - 0, 0) waterfall=Insets{left=0, top=0, right=0, bottom=0} boundingRect={Bounds=[Rect(0, 0 - 0, 0), Rect(512, 0 - 568, 88), Rect(0, 0 - 0, 0), Rect(0, 0 - 0, 0)]} cutoutPathParserInfo={CutoutPathParserInfo{displayWidth=1080 displayHeight=2400 physicalDisplayWidth=1080 physicalDisplayHeight=2400 density={3.0} cutoutSpec={M 0,0 M 0,10.71963616907435 a 9.280363830925644,9.280363830925644 0 1,0 0,18.56072766185129 a 9.280363830925644,9.280363830925644 0 1,0 0,-18.56072766185129 Z @dp} rotation={0} scale={1.0} physicalPixelDisplaySizeRatio={1.0}}}}, mRoundedCorners=RoundedCorners{[RoundedCorner{position=TopLeft, radius=96, center=Point(96, 96)}, RoundedCorner{position=TopRight, radius=96, center=Point(984, 96)}, RoundedCorner{position=BottomRight, radius=96, center=Point(984, 2304)}, RoundedCorner{position=BottomLeft, radius=96, center=Point(96, 2304)}]}  mRoundedCornerFrame=Rect(0, 0 - 1080, 2400), mPrivacyIndicatorBounds=PrivacyIndicatorBounds {static bounds=Rect(948, 0 - 1080, 88) rotation=0}, mSources= { InsetsSource: {mType=ITYPE_STATUS_BAR, mFrame=[0,0][1080,88], mVisible=true, mInsetsRoundedCornerFrame=false}, InsetsSource: {mType=ITYPE_NAVIGATION_BAR, mFrame=[0,2256][1080,2400], mVisible=true, mInsetsRoundedCornerFrame=false}, InsetsSource: {mType=ITYPE_LEFT_GESTURES, mFrame=[0,0][0,2400], mVisible=true, mInsetsRoundedCornerFrame=false}, InsetsSource: {mType=ITYPE_RIGHT_GESTURES, mFrame=[1080,0][1080,2400], mVisible=true, mInsetsRoundedCornerFrame=false}, InsetsSource: {mType=ITYPE_TOP_MANDATORY_GESTURES, mFrame=[0,0][1080,124], mVisible=true, mInsetsRoundedCornerFrame=false}, InsetsSource: {mType=ITYPE_BOTTOM_MANDATORY_GESTURES, mFrame=[0,2256][1080,2400], mVisible=true, mInsetsRoundedCornerFrame=false}, InsetsSource: {mType=ITYPE_LEFT_DISPLAY_CUTOUT, mFrame=[0,0][-100000,2400], mVisible=true, mInsetsRoundedCornerFrame=false}, InsetsSource: {mType=ITYPE_TOP_DISPLAY_CUTOUT, mFrame=[0,0][1080,88], mVisible=true, mInsetsRoundedCornerFrame=false}, InsetsSource: {mType=ITYPE_RIGHT_DISPLAY_CUTOUT, mFrame=[100000,0][1080,2400], mVisible=true, mInsetsRoundedCornerFrame=false}, InsetsSource: {mType=ITYPE_BOTTOM_DISPLAY_CUTOUT, mFrame=[0,100000][1080,2400], mVisible=true, mInsetsRoundedCornerFrame=false}, InsetsSource: {mType=ITYPE_TOP_TAPPABLE_ELEMENT, mFrame=[0,0][1080,88], mVisible=true, mInsetsRoundedCornerFrame=false}, InsetsSource: {mType=ITYPE_BOTTOM_TAPPABLE_ELEMENT, mFrame=[0,2256][1080,2400], mVisible=true, mInsetsRoundedCornerFrame=false}, InsetsSource: {mType=ITYPE_IME, mFrame=[0,0][0,0], mVisibleFrame=[0,1374][1080,2400], mVisible=false, mInsetsRoundedCornerFrame=false} } host=com.evolucao.app/com.evolucao.app.MainActivity from=android.view.ViewRootImpl.setView:1732
04-06 19:35:42.140 16539 16539 I ViewRootImpl@73623ee[MainActivity]: setView = com.android.internal.policy.DecorView@363d443 TM=false
04-06 19:35:42.142 16539 16539 I MSHandlerLifeCycle: removeMultiSplitHandler: no exist. decor=DecorView@363d443[MainActivity]
04-06 19:35:42.142 16539 16618 W unknown:BridgelessReact: ReactHost{0}.isMetroRunning(): Async result = true
04-06 19:35:42.143 16539 16617 W unknown:BridgelessReact: ReactHost{0}.loadJSBundleFromMetro()
04-06 19:35:42.144 16539 16617 D Detox.RNMarker: DOWNLOAD_START (null)
04-06 19:35:42.152 16539 16539 I ViewRootImpl@73623ee[MainActivity]: performTraversals params={(0,0)(fillxfill) sim={adjust=resize forwardNavigation} layoutInDisplayCutoutMode=always ty=BASE_APPLICATION wanim=0x1030309
04-06 19:35:42.152 16539 16539 I ViewRootImpl@73623ee[MainActivity]:   fl=81810100
04-06 19:35:42.152 16539 16539 I ViewRootImpl@73623ee[MainActivity]:   pfl=16020040
04-06 19:35:42.152 16539 16539 I ViewRootImpl@73623ee[MainActivity]:   vsysui=100
04-06 19:35:42.152 16539 16539 I ViewRootImpl@73623ee[MainActivity]:   bhv=DEFAULT
04-06 19:35:42.152 16539 16539 I ViewRootImpl@73623ee[MainActivity]:   fitSides= naviIconColor=0}
04-06 19:35:42.153 16539 16539 I ViewRootImpl@73623ee[MainActivity]: performTraversals mFirst=true windowShouldResize=true viewVisibilityChanged=false mForceNextWindowRelayout=false params={(0,0)(fillxfill) sim={adjust=resize forwardNavigation} layoutInDisplayCutoutMode=always ty=BASE_APPLICATION wanim=0x1030309
04-06 19:35:42.153 16539 16539 I ViewRootImpl@73623ee[MainActivity]:   fl=81810100
04-06 19:35:42.153 16539 16539 I ViewRootImpl@73623ee[MainActivity]:   pfl=16020040
04-06 19:35:42.153 16539 16539 I ViewRootImpl@73623ee[MainActivity]:   vsysui=100
04-06 19:35:42.153 16539 16539 I ViewRootImpl@73623ee[MainActivity]:   bhv=DEFAULT
04-06 19:35:42.153 16539 16539 I ViewRootImpl@73623ee[MainActivity]:   fitSides= naviIconColor=0}
04-06 19:35:42.162 16539 16539 I ViewRootImpl@73623ee[MainActivity]: updateBlastSurfaceIfNeeded mBlastBufferQueue=null isSameSurfaceControl=false
04-06 19:35:42.162 16539 16539 E BufferQueueProducer: Unable to open libpenguin.so: dlopen failed: library "libpenguin.so" not found.
04-06 19:35:42.163 16539 16539 I BLASTBufferQueue: new BLASTBufferQueue, mName= ViewRootImpl@73623ee[MainActivity] mNativeObject= 0xb4000070c2c34c00 sc.mNativeObject= 0xb4000070a0cf3820 caller= android.view.ViewRootImpl.updateBlastSurfaceIfNeeded:2909 android.view.ViewRootImpl.relayoutWindow:9847 android.view.ViewRootImpl.performTraversals:3884 android.view.ViewRootImpl.doTraversal:3116 android.view.ViewRootImpl$TraversalRunnable.run:10885 android.view.Choreographer$CallbackRecord.run:1301 android.view.Choreographer$CallbackRecord.run:1309 android.view.Choreographer.doCallbacks:923 android.view.Choreographer.doFrame:852 android.view.Choreographer$FrameDisplayEventReceiver.run:1283 
04-06 19:35:42.163 16539 16539 I BLASTBufferQueue: update, w= 1080 h= 2400 mName = ViewRootImpl@73623ee[MainActivity] mNativeObject= 0xb4000070c2c34c00 sc.mNativeObject= 0xb4000070a0cf3820 format= -1 caller= android.graphics.BLASTBufferQueue.<init>:84 android.view.ViewRootImpl.updateBlastSurfaceIfNeeded:2909 android.view.ViewRootImpl.relayoutWindow:9847 android.view.ViewRootImpl.performTraversals:3884 android.view.ViewRootImpl.doTraversal:3116 android.view.ViewRootImpl$TraversalRunnable.run:10885 
04-06 19:35:42.164 16539 16539 I ViewRootImpl@73623ee[MainActivity]: Relayout returned: old=(0,0,1080,2400) new=(0,0,1080,2400) req=(1080,2400)0 dur=9 res=0x3 s={true 0xb4000070b4dd1000} ch=true seqId=0
04-06 19:35:42.165 16539 16539 I ViewRootImpl@73623ee[MainActivity]: mThreadedRenderer.initialize() mSurface={isValid=true 0xb4000070b4dd1000} hwInitialized=true
04-06 19:35:42.166 16539 16539 I ViewRootImpl@73623ee[MainActivity]: reportNextDraw android.view.ViewRootImpl.performTraversals:4438 android.view.ViewRootImpl.doTraversal:3116 android.view.ViewRootImpl$TraversalRunnable.run:10885 android.view.Choreographer$CallbackRecord.run:1301 android.view.Choreographer$CallbackRecord.run:1309 
04-06 19:35:42.167 16539 16539 I ViewRootImpl@73623ee[MainActivity]: Setup new sync id=0
04-06 19:35:42.167 16539 16539 I ViewRootImpl@73623ee[MainActivity]: Setting syncFrameCallback
04-06 19:35:42.167 16539 16539 I ViewRootImpl@73623ee[MainActivity]: registerCallbacksForSync syncBuffer=false
04-06 19:35:42.169 16539 16594 D OpenGLRenderer: eglCreateWindowSurface
04-06 19:35:42.172 16539 16621 I ViewRootImpl@73623ee[MainActivity]: Received frameDrawingCallback syncResult=0 frameNum=1.
04-06 19:35:42.172 16539 16621 I ViewRootImpl@73623ee[MainActivity]: Setting up sync and frameCommitCallback
04-06 19:35:42.243 16539 16594 I BLASTBufferQueue: [ViewRootImpl@73623ee[MainActivity]#0](f:0,a:0) onFrameAvailable the first frame is available
04-06 19:35:42.243 16539 16594 I ViewRootImpl@73623ee[MainActivity]: Received frameCommittedCallback lastAttemptedDrawFrameNum=1 didProduceBuffer=true
04-06 19:35:42.244 16539 16594 D OpenGLRenderer: CFMS:: SetUp Pid : 16539    Tid : 16594
04-06 19:35:42.246 16539 16594 W Parcel  : Expecting binder but got null!
04-06 19:35:42.246 16539 16539 I ViewRootImpl@73623ee[MainActivity]: onSyncComplete
04-06 19:35:42.246 16539 16539 I ViewRootImpl@73623ee[MainActivity]: setupSync seqId=0 mSyncId=0 fn=1 caller=android.view.ViewRootImpl$$ExternalSyntheticLambda11.accept:6 android.window.SurfaceSyncer.lambda$setupSync$1$android-window-SurfaceSyncer:128 android.window.SurfaceSyncer$$ExternalSyntheticLambda1.accept:8 android.window.SurfaceSyncer$SyncSet.checkIfSyncIsComplete:382 android.window.SurfaceSyncer$SyncSet.markSyncReady:359 android.window.SurfaceSyncer.markSyncReady:151 android.view.ViewRootImpl.performTraversals:4503 
04-06 19:35:42.247 16539 16539 I ViewRootImpl@73623ee[MainActivity]: reportDrawFinished seqId=0 mSyncId=-1 fn=1 mSurfaceChangedTransaction=0xb4000070d4157000
04-06 19:35:42.251 16539 16539 D CompatibilityChangeReporter: Compat change id reported: 210923482; UID 10743; state: ENABLED
04-06 19:35:42.259 16539 16594 D NativeCustomFrequencyManager: [NativeCFMS] BpCustomFrequencyManager::BpCustomFrequencyManager()
04-06 19:35:42.263 16539 16539 D InsetsController: onStateChanged: InsetsState: {mDisplayFrame=Rect(0, 0 - 1080, 2400), mDisplayCutout=DisplayCutout{insets=Rect(0, 88 - 0, 0) waterfall=Insets{left=0, top=0, right=0, bottom=0} boundingRect={Bounds=[Rect(0, 0 - 0, 0), Rect(512, 0 - 568, 88), Rect(0, 0 - 0, 0), Rect(0, 0 - 0, 0)]} cutoutPathParserInfo={CutoutPathParserInfo{displayWidth=1080 displayHeight=2400 physicalDisplayWidth=1080 physicalDisplayHeight=2400 density={3.0} cutoutSpec={M 0,0 M 0,10.71963616907435 a 9.280363830925644,9.280363830925644 0 1,0 0,18.56072766185129 a 9.280363830925644,9.280363830925644 0 1,0 0,-18.56072766185129 Z @dp} rotation={0} scale={1.0} physicalPixelDisplaySizeRatio={1.0}}}}, mRoundedCorners=RoundedCorners{[RoundedCorner{position=TopLeft, radius=96, center=Point(96, 96)}, RoundedCorner{position=TopRight, radius=96, center=Point(984, 96)}, RoundedCorner{position=BottomRight, radius=96, center=Point(984, 2304)}, RoundedCorner{position=BottomLeft, radius=96, center=Point(96, 2304)}]}  mRoundedCornerFrame=Rect(0, 0 - 1080, 2400), mPrivacyIndicatorBounds=PrivacyIndicatorBounds {static bounds=Rect(948, 0 - 1080, 88) rotation=0}, mSources= { InsetsSource: {mType=ITYPE_STATUS_BAR, mFrame=[0,0][1080,88], mVisible=true, mInsetsRoundedCornerFrame=false}, InsetsSource: {mType=ITYPE_NAVIGATION_BAR, mFrame=[0,2256][1080,2400], mVisible=true, mInsetsRoundedCornerFrame=false}, InsetsSource: {mType=ITYPE_LEFT_GESTURES, mFrame=[0,0][0,2400], mVisible=true, mInsetsRoundedCornerFrame=false}, InsetsSource: {mType=ITYPE_RIGHT_GESTURES, mFrame=[1080,0][1080,2400], mVisible=true, mInsetsRoundedCornerFrame=false}, InsetsSource: {mType=ITYPE_TOP_MANDATORY_GESTURES, mFrame=[0,0][1080,124], mVisible=true, mInsetsRoundedCornerFrame=false}, InsetsSource: {mType=ITYPE_BOTTOM_MANDATORY_GESTURES, mFrame=[0,2256][1080,2400], mVisible=true, mInsetsRoundedCornerFrame=false}, InsetsSource: {mType=ITYPE_LEFT_DISPLAY_CUTOUT, mFrame=[0,0][-100000,2400], mVisible=true, mInsetsRoundedCornerFrame=false}, InsetsSource: {mType=ITYPE_TOP_DISPLAY_CUTOUT, mFrame=[0,0][1080,88], mVisible=true, mInsetsRoundedCornerFrame=false}, InsetsSource: {mType=ITYPE_RIGHT_DISPLAY_CUTOUT, mFrame=[100000,0][1080,2400], mVisible=true, mInsetsRoundedCornerFrame=false}, InsetsSource: {mType=ITYPE_BOTTOM_DISPLAY_CUTOUT, mFrame=[0,100000][1080,2400], mVisible=true, mInsetsRoundedCornerFrame=false}, InsetsSource: {mType=ITYPE_TOP_TAPPABLE_ELEMENT, mFrame=[0,0][1080,88], mVisible=true, mInsetsRoundedCornerFrame=false}, InsetsSource: {mType=ITYPE_BOTTOM_TAPPABLE_ELEMENT, mFrame=[0,2256][1080,2400], mVisible=true, mInsetsRoundedCornerFrame=false}, InsetsSource: {mType=ITYPE_IME, mFrame=[0,0][0,0], mVisibleFrame=[0,1374][1080,2400], mVisible=false, mInsetsRoundedCornerFrame=false} } host=PopupWindow:b19674c from=android.view.ViewRootImpl.setView:1732
04-06 19:35:42.264 16539 16539 I ViewRootImpl@8125395[PopupWindow:b19674c]: setView = android.widget.PopupWindow$PopupDecorView@2919411 TM=false
04-06 19:35:42.273 16539 16539 I ViewRootImpl@8125395[PopupWindow:b19674c]: performTraversals params={(0,88)(fillxwrap) gr=TOP START CENTER sim={state=unchanged adjust=pan} ty=APPLICATION_PANEL fmt=TRANSLUCENT surfaceInsets=Rect(0, 0 - 0, 0) (manual)
04-06 19:35:42.273 16539 16539 I ViewRootImpl@8125395[PopupWindow:b19674c]:   fl=41800008
04-06 19:35:42.273 16539 16539 I ViewRootImpl@8125395[PopupWindow:b19674c]:   pfl=42018000
04-06 19:35:42.273 16539 16539 I ViewRootImpl@8125395[PopupWindow:b19674c]:   bhv=DEFAULT
04-06 19:35:42.273 16539 16539 I ViewRootImpl@8125395[PopupWindow:b19674c]:   fitTypes=STATUS_BARS NAVIGATION_BARS CAPTION_BAR naviIconColor=0
04-06 19:35:42.273 16539 16539 I ViewRootImpl@8125395[PopupWindow:b19674c]:   sfl=20000}
04-06 19:35:42.274 16539 16539 I ViewRootImpl@8125395[PopupWindow:b19674c]: performTraversals mFirst=true windowShouldResize=true viewVisibilityChanged=false mForceNextWindowRelayout=false params={(0,88)(fillxwrap) gr=TOP START CENTER sim={state=unchanged adjust=pan} ty=APPLICATION_PANEL fmt=TRANSLUCENT surfaceInsets=Rect(0, 0 - 0, 0) (manual)
04-06 19:35:42.274 16539 16539 I ViewRootImpl@8125395[PopupWindow:b19674c]:   fl=41800008
04-06 19:35:42.274 16539 16539 I ViewRootImpl@8125395[PopupWindow:b19674c]:   pfl=42018000
04-06 19:35:42.274 16539 16539 I ViewRootImpl@8125395[PopupWindow:b19674c]:   bhv=DEFAULT
04-06 19:35:42.274 16539 16539 I ViewRootImpl@8125395[PopupWindow:b19674c]:   fitTypes=STATUS_BARS NAVIGATION_BARS CAPTION_BAR naviIconColor=0
04-06 19:35:42.274 16539 16539 I ViewRootImpl@8125395[PopupWindow:b19674c]:   sfl=20000}
04-06 19:35:42.277 16539 16554 I ViewRootImpl@8125395[PopupWindow:b19674c]: Resizing android.view.ViewRootImpl@93f6976: frame = [0,88][1080,167] reportDraw = true forceLayout = false syncSeqId = 0
04-06 19:35:42.278 16539 16539 I ViewRootImpl@8125395[PopupWindow:b19674c]: updateBlastSurfaceIfNeeded mBlastBufferQueue=null isSameSurfaceControl=false
04-06 19:35:42.279 16539 16539 I BLASTBufferQueue: new BLASTBufferQueue, mName= ViewRootImpl@8125395[PopupWindow:b19674c] mNativeObject= 0xb4000070a0d75880 sc.mNativeObject= 0xb4000070a0cf49a0 caller= android.view.ViewRootImpl.updateBlastSurfaceIfNeeded:2909 android.view.ViewRootImpl.relayoutWindow:9847 android.view.ViewRootImpl.performTraversals:3884 android.view.ViewRootImpl.doTraversal:3116 android.view.ViewRootImpl$TraversalRunnable.run:10885 android.view.Choreographer$CallbackRecord.run:1301 android.view.Choreographer$CallbackRecord.run:1309 android.view.Choreographer.doCallbacks:923 android.view.Choreographer.doFrame:852 android.view.Choreographer$FrameDisplayEventReceiver.run:1283 
04-06 19:35:42.279 16539 16539 I BLASTBufferQueue: update, w= 1080 h= 79 mName = ViewRootImpl@8125395[PopupWindow:b19674c] mNativeObject= 0xb4000070a0d75880 sc.mNativeObject= 0xb4000070a0cf49a0 format= -3 caller= android.graphics.BLASTBufferQueue.<init>:84 android.view.ViewRootImpl.updateBlastSurfaceIfNeeded:2909 android.view.ViewRootImpl.relayoutWindow:9847 android.view.ViewRootImpl.performTraversals:3884 android.view.ViewRootImpl.doTraversal:3116 android.view.ViewRootImpl$TraversalRunnable.run:10885 
04-06 19:35:42.279 16539 16539 I ViewRootImpl@8125395[PopupWindow:b19674c]: Relayout returned: old=(0,88,1080,2256) new=(0,88,1080,167) req=(1080,79)0 dur=4 res=0x3 s={true 0xb4000070b4dec800} ch=true seqId=0
04-06 19:35:42.280 16539 16539 I ViewRootImpl@8125395[PopupWindow:b19674c]: mThreadedRenderer.initialize() mSurface={isValid=true 0xb4000070b4dec800} hwInitialized=true
04-06 19:35:42.280 16539 16594 D OpenGLRenderer: eglCreateWindowSurface
04-06 19:35:42.281 16539 16539 I ViewRootImpl@8125395[PopupWindow:b19674c]: reportNextDraw android.view.ViewRootImpl.performTraversals:4438 android.view.ViewRootImpl.doTraversal:3116 android.view.ViewRootImpl$TraversalRunnable.run:10885 android.view.Choreographer$CallbackRecord.run:1301 android.view.Choreographer$CallbackRecord.run:1309 
04-06 19:35:42.281 16539 16539 I ViewRootImpl@8125395[PopupWindow:b19674c]: Setup new sync id=0
04-06 19:35:42.281 16539 16539 I ViewRootImpl@8125395[PopupWindow:b19674c]: Setting syncFrameCallback
04-06 19:35:42.281 16539 16539 I ViewRootImpl@8125395[PopupWindow:b19674c]: registerCallbacksForSync syncBuffer=false
04-06 19:35:42.283 16539 16622 I ViewRootImpl@8125395[PopupWindow:b19674c]: Received frameDrawingCallback syncResult=0 frameNum=1.
04-06 19:35:42.283 16539 16622 I ViewRootImpl@8125395[PopupWindow:b19674c]: Setting up sync and frameCommitCallback
04-06 19:35:42.291 16539 16594 I BLASTBufferQueue: [ViewRootImpl@8125395[PopupWindow:b19674c]#1](f:0,a:0) onFrameAvailable the first frame is available
04-06 19:35:42.292 16539 16594 I ViewRootImpl@8125395[PopupWindow:b19674c]: Received frameCommittedCallback lastAttemptedDrawFrameNum=1 didProduceBuffer=true
04-06 19:35:42.292 16539 16594 D OpenGLRenderer: CFMS:: SetUp Pid : 16539    Tid : 16594
04-06 19:35:42.293 16539 16594 W Parcel  : Expecting binder but got null!
04-06 19:35:42.293 16539 16539 I ViewRootImpl@8125395[PopupWindow:b19674c]: onSyncComplete
04-06 19:35:42.293 16539 16539 I ViewRootImpl@8125395[PopupWindow:b19674c]: setupSync seqId=0 mSyncId=0 fn=1 caller=android.view.ViewRootImpl$$ExternalSyntheticLambda11.accept:6 android.window.SurfaceSyncer.lambda$setupSync$1$android-window-SurfaceSyncer:128 android.window.SurfaceSyncer$$ExternalSyntheticLambda1.accept:8 android.window.SurfaceSyncer$SyncSet.checkIfSyncIsComplete:382 android.window.SurfaceSyncer$SyncSet.markSyncReady:359 android.window.SurfaceSyncer.markSyncReady:151 android.view.ViewRootImpl.performTraversals:4503 
04-06 19:35:42.293 16539 16539 I ViewRootImpl@8125395[PopupWindow:b19674c]: reportDrawFinished seqId=0 mSyncId=-1 fn=1 mSurfaceChangedTransaction=0xb4000070b4afef00
04-06 19:35:42.296 16539 16539 I ViewRootImpl@8125395[PopupWindow:b19674c]: handleResized, msg = 5 frames=ClientWindowFrames{frame=[0,88][1080,167] display=[0,88][1080,2256] parentFrame=[0,0][0,0] parentClippedByDisplayCutout=false} forceNextWindowRelayout=false displayId=0 resizeMode=-1 frameChanged=false displayFrameChanged=false configChanged=false displayChanged=false
04-06 19:35:42.296 16539 16539 I ViewRootImpl@8125395[PopupWindow:b19674c]: handleResized mSyncSeqId = 0
04-06 19:35:42.296 16539 16539 I ViewRootImpl@8125395[PopupWindow:b19674c]: reportNextDraw android.view.ViewRootImpl.handleResized:2450 android.view.ViewRootImpl.-$$Nest$mhandleResized:0 android.view.ViewRootImpl$ViewRootHandler.handleMessageImpl:6728 android.view.ViewRootImpl$ViewRootHandler.handleMessage:6697 android.os.Handler.dispatchMessage:106 
04-06 19:35:42.296 16539 16539 I ViewRootImpl@73623ee[MainActivity]: MSG_WINDOW_FOCUS_CHANGED 1 0
04-06 19:35:42.296 16539 16539 I ViewRootImpl@73623ee[MainActivity]: mThreadedRenderer.initializeIfNeeded()#2 mSurface={isValid=true 0xb4000070b4dd1000}
04-06 19:35:42.297 16539 16539 W unknown:BridgelessReact: ReactHost{0}.raiseSoftException(onWindowFocusChange(hasFocus = "true")): Tried to access onWindowFocusChange while context is not ready
04-06 19:35:42.298 16539 16539 E unknown:ReactHost: Unhandled SoftException
04-06 19:35:42.298 16539 16539 E unknown:ReactHost: com.facebook.react.bridge.ReactNoCrashSoftException: raiseSoftException(onWindowFocusChange(hasFocus = "true")): Tried to access onWindowFocusChange while context is not ready
04-06 19:35:42.298 16539 16539 E unknown:ReactHost: 	at com.facebook.react.runtime.ReactHostImpl.raiseSoftException(ReactHostImpl.kt:861)
04-06 19:35:42.298 16539 16539 E unknown:ReactHost: 	at com.facebook.react.runtime.ReactHostImpl.raiseSoftException$default(ReactHostImpl.kt:852)
04-06 19:35:42.298 16539 16539 E unknown:ReactHost: 	at com.facebook.react.runtime.ReactHostImpl.onWindowFocusChange(ReactHostImpl.kt:625)
04-06 19:35:42.298 16539 16539 E unknown:ReactHost: 	at com.facebook.react.ReactDelegate.onWindowFocusChanged(ReactDelegate.kt:232)
04-06 19:35:42.298 16539 16539 E unknown:ReactHost: 	at com.facebook.react.ReactActivityDelegate.onWindowFocusChanged(ReactActivityDelegate.java:237)
04-06 19:35:42.298 16539 16539 E unknown:ReactHost: 	at expo.modules.ReactActivityDelegateWrapper$onWindowFocusChanged$1.invokeSuspend(ReactActivityDelegateWrapper.kt:320)
04-06 19:35:42.298 16539 16539 E unknown:ReactHost: 	at expo.modules.ReactActivityDelegateWrapper$onWindowFocusChanged$1.invoke(Unknown Source:8)
04-06 19:35:42.298 16539 16539 E unknown:ReactHost: 	at expo.modules.ReactActivityDelegateWrapper$onWindowFocusChanged$1.invoke(Unknown Source:4)
04-06 19:35:42.298 16539 16539 E unknown:ReactHost: 	at expo.modules.ReactActivityDelegateWrapper$launchLifecycleScopeWithLock$1.invokeSuspend(ReactActivityDelegateWrapper.kt:452)
04-06 19:35:42.298 16539 16539 E unknown:ReactHost: 	at kotlin.coroutines.jvm.internal.BaseContinuationImpl.resumeWith(ContinuationImpl.kt:33)
04-06 19:35:42.298 16539 16539 E unknown:ReactHost: 	at kotlinx.coroutines.internal.DispatchedContinuationKt.resumeCancellableWith(DispatchedContinuation.kt:375)
04-06 19:35:42.298 16539 16539 E unknown:ReactHost: 	at kotlinx.coroutines.intrinsics.CancellableKt.startCoroutineCancellable(Cancellable.kt:26)
04-06 19:35:42.298 16539 16539 E unknown:ReactHost: 	at kotlinx.coroutines.CoroutineStart.invoke(CoroutineStart.kt:358)
04-06 19:35:42.298 16539 16539 E unknown:ReactHost: 	at kotlinx.coroutines.AbstractCoroutine.start(AbstractCoroutine.kt:134)
04-06 19:35:42.298 16539 16539 E unknown:ReactHost: 	at kotlinx.coroutines.BuildersKt__Builders_commonKt.launch(Builders.common.kt:53)
04-06 19:35:42.298 16539 16539 E unknown:ReactHost: 	at kotlinx.coroutines.BuildersKt.launch(Unknown Source:1)
04-06 19:35:42.298 16539 16539 E unknown:ReactHost: 	at kotlinx.coroutines.BuildersKt__Builders_commonKt.launch$default(Builders.common.kt:44)
04-06 19:35:42.298 16539 16539 E unknown:ReactHost: 	at kotlinx.coroutines.BuildersKt.launch$default(Unknown Source:1)
04-06 19:35:42.298 16539 16539 E unknown:ReactHost: 	at expo.modules.ReactActivityDelegateWrapper.launchLifecycleScopeWithLock(ReactActivityDelegateWrapper.kt:450)
04-06 19:35:42.298 16539 16539 E unknown:ReactHost: 	at expo.modules.ReactActivityDelegateWrapper.launchLifecycleScopeWithLock$default(ReactActivityDelegateWrapper.kt:446)
04-06 19:35:42.298 16539 16539 E unknown:ReactHost: 	at expo.modules.ReactActivityDelegateWrapper.onWindowFocusChanged(ReactActivityDelegateWrapper.kt:318)
04-06 19:35:42.298 16539 16539 E unknown:ReactHost: 	at com.facebook.react.ReactActivity.onWindowFocusChanged(ReactActivity.java:158)
04-06 19:35:42.298 16539 16539 E unknown:ReactHost: 	at androidx.appcompat.view.WindowCallbackWrapper.onWindowFocusChanged(WindowCallbackWrapper.java:124)
04-06 19:35:42.298 16539 16539 E unknown:ReactHost: 	at com.android.internal.policy.DecorView.onWindowFocusChanged(DecorView.java:2710)
04-06 19:35:42.298 16539 16539 E unknown:ReactHost: 	at android.view.View.dispatchWindowFocusChanged(View.java:15817)
04-06 19:35:42.298 16539 16539 E unknown:ReactHost: 	at android.view.ViewGroup.dispatchWindowFocusChanged(ViewGroup.java:1512)
04-06 19:35:42.298 16539 16539 E unknown:ReactHost: 	at android.view.ViewRootImpl.handleWindowFocusChanged(ViewRootImpl.java:4678)
04-06 19:35:42.298 16539 16539 E unknown:ReactHost: 	at android.view.ViewRootImpl.-$$Nest$mhandleWindowFocusChanged(Unknown Source:0)
04-06 19:35:42.298 16539 16539 E unknown:ReactHost: 	at android.view.ViewRootImpl$ViewRootHandler.handleMessageImpl(ViewRootImpl.java:6788)
04-06 19:35:42.298 16539 16539 E unknown:ReactHost: 	at android.view.ViewRootImpl$ViewRootHandler.handleMessage(ViewRootImpl.java:6697)
04-06 19:35:42.298 16539 16539 E unknown:ReactHost: 	at android.os.Handler.dispatchMessage(Handler.java:106)
04-06 19:35:42.298 16539 16539 E unknown:ReactHost: 	at android.os.Looper.loopOnce(Looper.java:226)
04-06 19:35:42.298 16539 16539 E unknown:ReactHost: 	at android.os.Looper.loop(Looper.java:313)
04-06 19:35:42.298 16539 16539 E unknown:ReactHost: 	at android.app.ActivityThread.main(ActivityThread.java:8762)
04-06 19:35:42.298 16539 16539 E unknown:ReactHost: 	at java.lang.reflect.Method.invoke(Native Method)
04-06 19:35:42.298 16539 16539 E unknown:ReactHost: 	at com.android.internal.os.RuntimeInit$MethodAndArgsCaller.run(RuntimeInit.java:604)
04-06 19:35:42.298 16539 16539 E unknown:ReactHost: 	at com.android.internal.os.ZygoteInit.main(ZygoteInit.java:1067)
04-06 19:35:42.298 16539 16539 D InputMethodManager: startInputInner - Id : 0
04-06 19:35:42.298 16539 16539 I InputMethodManager: startInputInner - mService.startInputOrWindowGainedFocus
04-06 19:35:42.304 16539 16539 I ViewRootImpl@8125395[PopupWindow:b19674c]: Setup new sync id=1
04-06 19:35:42.304 16539 16539 I ViewRootImpl@8125395[PopupWindow:b19674c]: Setting syncFrameCallback
04-06 19:35:42.304 16539 16539 I ViewRootImpl@8125395[PopupWindow:b19674c]: registerCallbacksForSync syncBuffer=false
04-06 19:35:42.307 16539 16621 I ViewRootImpl@8125395[PopupWindow:b19674c]: Received frameDrawingCallback syncResult=0 frameNum=3.
04-06 19:35:42.307 16539 16621 I ViewRootImpl@8125395[PopupWindow:b19674c]: Setting up sync and frameCommitCallback
04-06 19:35:42.314 16539 16594 I ViewRootImpl@8125395[PopupWindow:b19674c]: Received frameCommittedCallback lastAttemptedDrawFrameNum=3 didProduceBuffer=true
04-06 19:35:42.315 16539 16539 I ViewRootImpl@8125395[PopupWindow:b19674c]: onSyncComplete
04-06 19:35:42.315 16539 16539 I ViewRootImpl@8125395[PopupWindow:b19674c]: setupSync seqId=0 mSyncId=1 fn=3 caller=android.view.ViewRootImpl$$ExternalSyntheticLambda11.accept:6 android.window.SurfaceSyncer.lambda$setupSync$1$android-window-SurfaceSyncer:128 android.window.SurfaceSyncer$$ExternalSyntheticLambda1.accept:8 android.window.SurfaceSyncer$SyncSet.checkIfSyncIsComplete:382 android.window.SurfaceSyncer$SyncSet.markSyncReady:359 android.window.SurfaceSyncer.markSyncReady:151 android.view.ViewRootImpl.performTraversals:4503 
04-06 19:35:42.315 16539 16539 I ViewRootImpl@8125395[PopupWindow:b19674c]: reportDrawFinished seqId=0 mSyncId=-1 fn=3 mSurfaceChangedTransaction=0xb4000070b4afef00
04-06 19:35:42.316 16539 16539 D InputMethodManager: startInputInner - Id : 0
04-06 19:35:42.538 16539 16618 D Detox.RNMarker: DOWNLOAD_END ({"url":"http:\/\/localhost:8081\/.expo\/.virtual-metro-entry.bundle?platform=android&dev=true&lazy=true&minify=false&app=com.evolucao.app&modulesOnly=false&runModule=true&excludeSource=true&sourcePaths=url-server","filesChangedCount":0})
04-06 19:35:42.538 16539 16618 W unknown:BridgelessReact: ReactHost{0}.loadJSBundleFromMetro(): Creating BundleLoader
04-06 19:35:42.538 16539 16594 D OpenGLRenderer: setSurface called with nullptr
04-06 19:35:42.538 16539 16594 D OpenGLRenderer: setSurface() destroyed EGLSurface
04-06 19:35:42.539 16539 16594 D OpenGLRenderer: destroyEglSurface
04-06 19:35:42.540 16539 16617 W unknown:BridgelessReact: ReactHost{0}.getOrCreateReactInstanceTask(): Creating BridgelessReactContext
04-06 19:35:42.540 16539 16539 I ViewRootImpl@8125395[PopupWindow:b19674c]: dispatchDetachedFromWindow
04-06 19:35:42.542 16539 16539 D InputTransport: Input channel destroyed: 'a5a8929', fd=123
04-06 19:35:42.543 16539 16617 W unknown:BridgelessReact: ReactHost{0}.getOrCreateReactInstanceTask(): Creating ReactInstance
04-06 19:35:42.557 16539 16617 D jni_lib_merge: Entering merged library JNI_OnLoad.
04-06 19:35:42.557 16539 16617 D jni_lib_merge: Preparing 4 pre-merged libs (including stub)
04-06 19:35:42.557 16539 16617 D jni_lib_merge: Preparing to register libhermes_executor_so.  onload_func: 0x7012311fa4
04-06 19:35:42.558 16539 16617 D jni_lib_merge: Preparing to register libhermesinstancejni_so.  onload_func: 0x701234b8b4
04-06 19:35:42.558 16539 16617 D jni_lib_merge: Preparing to register libjsijniprofiler_so.  onload_func: 0x701234d8f8
04-06 19:35:42.558 16539 16617 D jni_lib_merge: About to register 3 actual methods.
04-06 19:35:42.560 16539 16618 D TrafficStats: tagSocket(129) with statsTag=0xffffffff, statsUid=-1
04-06 19:35:42.688 16539 16617 I ExpoModulesCore: ✅ AppContext was initialized
04-06 19:35:42.722 16539 16617 W unknown:BridgelessReact: ReactHost{0}.getOrCreateReactInstanceTask(): Loading JS Bundle
04-06 19:35:42.723 16539 16617 W unknown:BridgelessReact: ReactHost{0}.getOrCreateReactInstanceTask(): DevSupportManager.onNewReactContextCreated()
04-06 19:35:42.726 16539 16539 W unknown:ReactNative: Packager connection already open, nooping.
04-06 19:35:42.726 16539 16539 W unknown:BridgelessReact: ReactHost{0}.ReactContext.onHostResume()
04-06 19:35:42.726 16539 16617 W unknown:BridgelessReact: ReactHost{0}.startSurface(surfaceId = 0): Execute
04-06 19:35:42.727 16539 16641 D Detox.RNMarker: RUN_JS_BUNDLE_START (/.virtual-metro-entry.bundle?platform=android&dev=true&lazy=true&minify=false&app=com.evolucao.app&modulesOnly=false&runModule=true&excludeSource=true&sourcePaths=url-server)
04-06 19:35:42.730 16539 16539 W unknown:BridgelessReact: ReactHost{0}.getOrCreateReactInstanceTask(): Executing ReactInstanceEventListeners
04-06 19:35:42.730 16539 16539 I DetoxRNLoading: Got new RN-context through listener
04-06 19:35:42.731 16539 16564 I DetoxRNIdleRes: Setting up Espresso Idling Resources for React Native
04-06 19:35:42.738 16539 16539 D DetoxRNHelpers: Native RN module resolution (class com.reactnativecommunity.asyncstorage.AsyncStorageModule): no registered module found
04-06 19:35:42.738 16539 16564 D IdlingRegistry: Registering idling resources: [com.wix.detox.reactnative.idlingresources.uimodule.fabric.FabricUIManagerIdlingResources@5d7ad2c]
04-06 19:35:42.738 16539 16564 D IdlingRegistry: Registering idling resources: [com.wix.detox.reactnative.idlingresources.animations.AnimatedModuleIdlingResource@fa053f5]
04-06 19:35:42.738 16539 16564 D IdlingRegistry: Registering idling resources: [com.wix.detox.reactnative.idlingresources.timers.FabricTimersIdlingResource@556958a]
04-06 19:35:42.738 16539 16564 D IdlingRegistry: Registering idling resources: [com.wix.detox.reactnative.idlingresources.network.NetworkIdlingResource@a29e7fb]
04-06 19:35:42.738 16539 16564 D IdlingRegistry: Registering idling resources: [com.wix.detox.reactnative.idlingresources.StabilizedIdlingResource@fa87018]
04-06 19:35:42.763 16539 16642 W om.evolucao.app: Accessing hidden method Landroid/os/MessageQueue;->next()Landroid/os/Message; (unsupported, reflection, allowed)
04-06 19:35:42.763 16539 16642 W om.evolucao.app: Accessing hidden field Landroid/os/MessageQueue;->mMessages:Landroid/os/Message; (unsupported, reflection, allowed)
04-06 19:35:42.763 16539 16642 W om.evolucao.app: Accessing hidden method Landroid/os/Message;->recycleUnchecked()V (unsupported, reflection, allowed)
04-06 19:35:42.919 16539 16539 D DetoxRNHelpers: Native RN module resolution (class com.reactnativecommunity.asyncstorage.AsyncStorageModule): no registered module found
04-06 19:35:42.920 16539 16572 W om.evolucao.app: Long monitor contention with owner Instr: androidx.test.runner.AndroidJUnitRunner (16564) at void com.wix.detox.DetoxMain.launchActivityOnCue(android.content.Context, com.wix.detox.ActivityLaunchHelper)(DetoxMain.kt:53) waiters=0 in void com.wix.detox.DetoxMain$setupActionHandlers$SynchronizedActionHandler.handle(java.lang.String, long) for 1.090s
04-06 19:35:42.994 16539 16642 I WebViewFactory: Loading com.google.android.webview version 146.0.7680.164 (code 768016403)
04-06 19:35:42.999 16539 16642 D ApplicationLoaders: Returning zygote-cached class loader: /system/framework/android.test.base.jar
04-06 19:35:43.008 16539 16642 D nativeloader: Configuring classloader-namespace for other apk /data/app/~~23ppwVuk64Fm9vdWCRWMMw==/com.google.android.webview-FPIphznatdLDx2VBYoD68A==/base.apk. target_sdk_version=36, uses_libraries=, library_path=/data/app/~~23ppwVuk64Fm9vdWCRWMMw==/com.google.android.webview-FPIphznatdLDx2VBYoD68A==/lib/arm64:/data/app/~~23ppwVuk64Fm9vdWCRWMMw==/com.google.android.webview-FPIphznatdLDx2VBYoD68A==/base.apk!/lib/arm64-v8a, permitted_path=/data:/mnt/expand
04-06 19:35:43.059 16539 16641 W BridgelessReactContext: [WARNING] Bridgeless doesn't support CatalystInstance. Accessing an API that's not part of the new architecture is not encouraged usage.
04-06 19:35:43.067 16539 16641 I ExpoModulesCore: ✅ JSI interop was installed
04-06 19:35:43.071 16539 16641 I ExpoModulesCore: ✅ Constants were exported
04-06 19:35:43.077 16539 16642 I cr_WVCFactoryProvider: version=146.0.7680.164 (768016403) minSdkVersion=29 multiprocess=true packageId=127 splits=<none>
04-06 19:35:43.093 16539 16673 I chromium: [0406/193543.090772:INFO:android_webview/browser/variations/variations_seed_loader.cc:67] Failed to open file for reading.: No such file or directory (2)
04-06 19:35:43.093 16539 16673 I chromium: [0406/193543.093879:INFO:android_webview/browser/variations/variations_seed_loader.cc:67] Failed to open file for reading.: No such file or directory (2)
04-06 19:35:43.112 16539 16642 I cr_LibraryLoader: Successfully loaded native library
04-06 19:35:43.114 16539 16642 I cr_CachingUmaRecorder: Flushed 16 samples from 16 histograms, 0 samples were dropped.
04-06 19:35:43.119 16539 16641 W unknown:ViewManagerPropertyUpdater: Could not find generated setter for class com.th3rdwave.safeareacontext.SafeAreaProviderManager
04-06 19:35:43.122 16539 16641 W unknown:ViewManagerPropertyUpdater: Could not find generated setter for class com.facebook.react.uimanager.LayoutShadowNode
04-06 19:35:43.124 16539 16641 W unknown:ViewManagerPropertyUpdater: Could not find generated setter for class com.swmansion.rnscreens.SearchBarManager
04-06 19:35:43.125 16539 16641 W unknown:ViewManagerPropertyUpdater: Could not find generated setter for class com.swmansion.rnscreens.ScreenFooterManager
04-06 19:35:43.126 16539 16641 W unknown:ViewManagerPropertyUpdater: Could not find generated setter for class com.swmansion.rnscreens.gamma.tabs.TabScreenViewManager
04-06 19:35:43.127 16539 16641 W unknown:ViewManagerPropertyUpdater: Could not find generated setter for class expo.modules.kotlin.views.GroupViewManagerWrapper
04-06 19:35:43.128 16539 16641 W unknown:ViewManagerPropertyUpdater: Could not find generated setter for class com.swmansion.rnscreens.ScreenContainerViewManager
04-06 19:35:43.129 16539 16641 W unknown:ViewManagerPropertyUpdater: Could not find generated setter for class com.swmansion.rnscreens.gamma.tabs.TabsHostViewManager
04-06 19:35:43.131 16539 16641 W unknown:ViewManagerPropertyUpdater: Could not find generated setter for class com.swmansion.rnscreens.ModalScreenViewManager
04-06 19:35:43.132 16539 16641 W unknown:ViewManagerPropertyUpdater: Could not find generated setter for class com.swmansion.rnscreens.ScreenStackHeaderConfigViewManager
04-06 19:35:43.133 16539 16641 W unknown:ViewManagerPropertyUpdater: Could not find generated setter for class com.swmansion.rnscreens.ScreenContentWrapperManager
04-06 19:35:43.134 16539 16641 W unknown:ViewManagerPropertyUpdater: Could not find generated setter for class com.th3rdwave.safeareacontext.SafeAreaViewManager
04-06 19:35:43.135 16539 16641 W unknown:ViewManagerPropertyUpdater: Could not find generated setter for class com.th3rdwave.safeareacontext.SafeAreaViewShadowNode
04-06 19:35:43.136 16539 16641 W unknown:ViewManagerPropertyUpdater: Could not find generated setter for class com.swmansion.rnscreens.safearea.SafeAreaViewManager
04-06 19:35:43.136 16539 16641 W unknown:ViewManagerPropertyUpdater: Could not find generated setter for class com.swmansion.rnscreens.safearea.paper.SafeAreaViewShadowNode
04-06 19:35:43.137 16539 16641 W unknown:ViewManagerPropertyUpdater: Could not find generated setter for class com.swmansion.rnscreens.ScreenViewManager
04-06 19:35:43.138 16539 16641 W unknown:ViewManagerPropertyUpdater: Could not find generated setter for class com.swmansion.rnscreens.gamma.stack.host.StackHostViewManager
04-06 19:35:43.138 16539 16641 W unknown:ViewManagerPropertyUpdater: Could not find generated setter for class com.swmansion.rnscreens.ScreenStackHeaderSubviewManager
04-06 19:35:43.139 16539 16641 W unknown:ViewManagerPropertyUpdater: Could not find generated setter for class com.swmansion.rnscreens.gamma.stack.screen.StackScreenViewManager
04-06 19:35:43.139 16539 16641 W unknown:ViewManagerPropertyUpdater: Could not find generated setter for class com.swmansion.rnscreens.ScreenStackViewManager
04-06 19:35:43.153 16539 16676 D TrafficStats: tagSocket(146) with statsTag=0xffffffff, statsUid=-1
04-06 19:35:43.155 16539 16676 D TrafficStats: tagSocket(146) with statsTag=0xffffffff, statsUid=-1
04-06 19:35:43.225 16539 16641 W unknown:ViewManagerPropertyUpdater: Could not find generated setter for class com.facebook.react.views.debuggingoverlay.DebuggingOverlayManager
04-06 19:35:43.230 16539 16641 W unknown:ViewManagerPropertyUpdater: Could not find generated setter for class com.swmansion.gesturehandler.react.RNGestureHandlerButtonViewManager
04-06 19:35:43.235 16539 16641 W unknown:ViewManagerPropertyUpdater: Could not find generated setter for class com.facebook.react.views.safeareaview.ReactSafeAreaViewManager
04-06 19:35:43.240 16539 16641 W unknown:ViewManagerPropertyUpdater: Could not find generated setter for class com.facebook.react.views.modal.ReactModalHostManager
04-06 19:35:43.244 16539 16641 W unknown:ViewManagerPropertyUpdater: Could not find generated setter for class com.facebook.react.views.text.frescosupport.FrescoBasedReactTextInlineImageViewManager
04-06 19:35:43.245 16539 16641 W unknown:ViewManagerPropertyUpdater: Could not find generated setter for class com.facebook.react.views.text.frescosupport.FrescoBasedReactTextInlineImageShadowNode
04-06 19:35:43.250 16539 16641 W unknown:ViewManagerPropertyUpdater: Could not find generated setter for class com.facebook.react.views.progressbar.ReactProgressBarViewManager
04-06 19:35:43.250 16539 16641 W unknown:ViewManagerPropertyUpdater: Could not find generated setter for class com.facebook.react.views.progressbar.ProgressBarShadowNode
04-06 19:35:43.255 16539 16641 W unknown:ViewManagerPropertyUpdater: Could not find generated setter for class com.facebook.react.views.scroll.ReactHorizontalScrollViewManager
04-06 19:35:43.261 16539 16641 W unknown:ViewManagerPropertyUpdater: Could not find generated setter for class com.facebook.react.views.image.ReactImageManager
04-06 19:35:43.267 16539 16641 W unknown:ViewManagerPropertyUpdater: Could not find generated setter for class com.facebook.react.views.text.ReactTextViewManager
04-06 19:35:43.267 16539 16641 W unknown:ViewManagerPropertyUpdater: Could not find generated setter for class com.facebook.react.views.text.ReactTextShadowNode
04-06 19:35:43.273 16539 16641 W unknown:ViewManagerPropertyUpdater: Could not find generated setter for class com.facebook.react.views.scroll.ReactHorizontalScrollContainerViewManager
04-06 19:35:43.278 16539 16641 W unknown:ViewManagerPropertyUpdater: Could not find generated setter for class com.facebook.react.views.unimplementedview.ReactUnimplementedViewManager
04-06 19:35:43.283 16539 16641 W unknown:ViewManagerPropertyUpdater: Could not find generated setter for class com.facebook.react.views.scroll.ReactScrollViewManager
04-06 19:35:43.289 16539 16641 W unknown:ViewManagerPropertyUpdater: Could not find generated setter for class com.facebook.react.views.view.ReactViewManager
04-06 19:35:43.295 16539 16641 W unknown:ViewManagerPropertyUpdater: Could not find generated setter for class com.facebook.react.views.drawer.ReactDrawerLayoutManager
04-06 19:35:43.300 16539 16641 W unknown:ViewManagerPropertyUpdater: Could not find generated setter for class com.facebook.react.views.switchview.ReactSwitchManager
04-06 19:35:43.300 16539 16641 W unknown:ViewManagerPropertyUpdater: Could not find generated setter for class com.facebook.react.views.switchview.ReactSwitchShadowNode
04-06 19:35:43.305 16539 16641 W unknown:ViewManagerPropertyUpdater: Could not find generated setter for class com.facebook.react.views.swiperefresh.SwipeRefreshLayoutManager
04-06 19:35:43.312 16539 16641 W unknown:ViewManagerPropertyUpdater: Could not find generated setter for class com.facebook.react.views.textinput.ReactTextInputManager
04-06 19:35:43.314 16539 16641 W unknown:ViewManagerPropertyUpdater: Could not find generated setter for class com.facebook.react.views.textinput.ReactTextInputShadowNode
04-06 19:35:43.320 16539 16641 W unknown:ViewManagerPropertyUpdater: Could not find generated setter for class com.swmansion.gesturehandler.react.RNGestureHandlerRootViewManager
04-06 19:35:43.352 16539 16676 D TrafficStats: tagSocket(146) with statsTag=0xffffffff, statsUid=-1
04-06 19:35:43.519 16539 16641 V AsyncStorageExpoMigration: No scoped database found
04-06 19:35:43.701 16539 16641 D Detox.RNMarker: RUN_JS_BUNDLE_END (/.virtual-metro-entry.bundle?platform=android&dev=true&lazy=true&minify=false&app=com.evolucao.app&modulesOnly=false&runModule=true&excludeSource=true&sourcePaths=url-server)
04-06 19:35:43.703 16539 16641 I ReactNativeJS: Running "main" with {"rootTag":1,"initialProps":{},"fabric":true}
04-06 19:35:43.742 16539 16539 W UiControllerImpl: Waiting for: DYNAMIC_TASKS_HAVE_IDLED for 100 iterations.
04-06 19:35:43.823 16539 16677 D TrafficStats: tagSocket(133) with statsTag=0xffffffff, statsUid=-1
04-06 19:35:43.909 16539 16539 I DecorView: notifyKeepScreenOnChanged: keepScreenOn=true
04-06 19:35:43.923 16539 16641 D Detox.RNMarker: REACT_BRIDGELESS_LOADING_END (null)
04-06 19:35:43.924 16539 16539 D Detox.RNMarker: CONTENT_APPEARED (main)
04-06 19:35:43.927 16539 16539 I ViewRootImpl@73623ee[MainActivity]: performTraversals params={(0,0)(fillxfill) sim={adjust=resize} layoutInDisplayCutoutMode=always ty=BASE_APPLICATION wanim=0x1030309
04-06 19:35:43.927 16539 16539 I ViewRootImpl@73623ee[MainActivity]:   fl=81810180
04-06 19:35:43.927 16539 16539 I ViewRootImpl@73623ee[MainActivity]:   pfl=16020040
04-06 19:35:43.927 16539 16539 I ViewRootImpl@73623ee[MainActivity]:   vsysui=100
04-06 19:35:43.927 16539 16539 I ViewRootImpl@73623ee[MainActivity]:   bhv=DEFAULT
04-06 19:35:43.927 16539 16539 I ViewRootImpl@73623ee[MainActivity]:   fitSides= naviIconColor=0}
04-06 19:35:43.927 16539 16539 I ViewRootImpl@73623ee[MainActivity]: performTraversals mFirst=false windowShouldResize=false viewVisibilityChanged=false mForceNextWindowRelayout=false params={(0,0)(fillxfill) sim={adjust=resize} layoutInDisplayCutoutMode=always ty=BASE_APPLICATION wanim=0x1030309
04-06 19:35:43.927 16539 16539 I ViewRootImpl@73623ee[MainActivity]:   fl=81810180
04-06 19:35:43.927 16539 16539 I ViewRootImpl@73623ee[MainActivity]:   pfl=16020040
04-06 19:35:43.927 16539 16539 I ViewRootImpl@73623ee[MainActivity]:   vsysui=100
04-06 19:35:43.927 16539 16539 I ViewRootImpl@73623ee[MainActivity]:   bhv=DEFAULT
04-06 19:35:43.927 16539 16539 I ViewRootImpl@73623ee[MainActivity]:   fitSides= naviIconColor=0}
04-06 19:35:43.931 16539 16539 I ViewRootImpl@73623ee[MainActivity]: updateBlastSurfaceIfNeeded mBlastBufferQueue=0xb4000070c2c34c00 isSameSurfaceControl=true
04-06 19:35:43.931 16539 16539 I BLASTBufferQueue: update, w= 1080 h= 2400 mName = ViewRootImpl@73623ee[MainActivity] mNativeObject= 0xb4000070c2c34c00 sc.mNativeObject= 0xb4000070a0cf94a0 format= -1 caller= android.view.ViewRootImpl.updateBlastSurfaceIfNeeded:2898 android.view.ViewRootImpl.relayoutWindow:9847 android.view.ViewRootImpl.performTraversals:3884 android.view.ViewRootImpl.doTraversal:3116 android.view.ViewRootImpl$TraversalRunnable.run:10885 android.view.Choreographer$CallbackRecord.run:1301 
04-06 19:35:43.931 16539 16539 I ViewRootImpl@73623ee[MainActivity]: Relayout returned: old=(0,0,1080,2400) new=(0,0,1080,2400) req=(1080,2400)0 dur=4 res=0x0 s={true 0xb4000070b4dd1000} ch=false seqId=0
04-06 19:35:44.134 16539 16548 I om.evolucao.app: Compiler allocated 4177KB to compile void android.widget.TextView.<init>(android.content.Context, android.util.AttributeSet, int, int)
04-06 19:35:44.148 16539 16539 D CompatibilityChangeReporter: Compat change id reported: 171228096; UID 10743; state: ENABLED
04-06 19:35:44.151 16539 16539 D ScrollView: initGoToTop
04-06 19:35:44.152 16539 16539 W om.evolucao.app: Accessing hidden field Landroid/widget/ScrollView;->mScroller:Landroid/widget/OverScroller; (unsupported, reflection, allowed)
04-06 19:35:44.153 16539 16641 I ReactNativeJS: '[ANALYTICS]', 'app_opened', { event: 'app_opened',
04-06 19:35:44.153 16539 16641 I ReactNativeJS:   eventId: '1775514944147_4b704bd4505ee',
04-06 19:35:44.153 16539 16641 I ReactNativeJS:   appVersion: '1.0.0',
04-06 19:35:44.153 16539 16641 I ReactNativeJS:   category: 'engagement',
04-06 19:35:44.153 16539 16641 I ReactNativeJS:   userId: 'anonymous',
04-06 19:35:44.153 16539 16641 I ReactNativeJS:   timestamp: 1775514944147,
04-06 19:35:44.153 16539 16641 I ReactNativeJS:   timestampIso: '2026-04-06T22:35:44.147Z',
04-06 19:35:44.153 16539 16641 I ReactNativeJS:   screen: 'App',
04-06 19:35:44.153 16539 16641 I ReactNativeJS:   sessionId: 'session-1775514943943-5c50fa05151cc',
04-06 19:35:44.153 16539 16641 I ReactNativeJS:   flowId: 'session-1775514943943-5c50fa05151cc',
04-06 19:35:44.153 16539 16641 I ReactNativeJS:   meta: 
04-06 19:35:44.153 16539 16641 I ReactNativeJS:    { domain: 'engagement',
04-06 19:35:44.153 16539 16641 I ReactNativeJS:      version: 1,
04-06 19:35:44.153 16539 16641 I ReactNativeJS:      dayKey: '2026-04-06',
04-06 19:35:44.153 16539 16641 I ReactNativeJS:      isFirstOpenOfDay: true,
04-06 19:35:44.153 16539 16641 I ReactNativeJS:      category: 'engagement' } }
04-06 19:35:44.164 16539 16594 D OpenGLRenderer: setSurface called with nullptr
04-06 19:35:44.165 16539 16539 W [RNScreens]: backTitleFontFamily prop is not available on Android
04-06 19:35:44.165 16539 16539 W [RNScreens]: disableBackButtonMenu prop is not available on Android
04-06 19:35:44.165 16539 16539 W [RNScreens]: backTitleVisible prop is not available on Android
04-06 19:35:44.165 16539 16539 W [RNScreens]: topInsetEnabled prop is not available on Android
04-06 19:35:44.166 16539 16539 W [RNScreens]: largeTitleHideShadow prop is not available on Android
04-06 19:35:44.166 16539 16539 W [RNScreens]: largeTitleFontWeight prop is not available on Android
04-06 19:35:44.166 16539 16539 W [RNScreens]: userInterfaceStyle prop is not avail