22:22:04.475 detox[31856] [90mB[39m node_modules\detox\local-cli\cli.js test --configuration android.attached e2e/flow.test.js
  data: {
    "id": "e7710974-acd3-3735-eebe-eba5d1793985",
    "detoxConfig": {
      "configurationName": "android.attached",
      "apps": {
        "default": {
          "type": "android.apk",
          "binaryPath": "android/app/build/outputs/apk/debug/app-debug.apk",
          "testBinaryPath": "android/app/build/outputs/apk/androidTest/debug/app-debug-androidTest.apk",
          "build": "powershell -ExecutionPolicy Bypass -Command \"Set-Location android; .\\gradlew.bat assembleDebug assembleAndroidTest -DtestBuildType=debug\"",
          "reversePorts": [
            8081
          ]
        }
      },
      "artifacts": {
        "rootDir": "artifacts\\android.attached.2026-04-08 01-22-04Z",
        "plugins": {
          "log": {
            "enabled": true,
            "keepOnlyFailedTestsArtifacts": false
          },
          "screenshot": {
            "enabled": true,
            "keepOnlyFailedTestsArtifacts": false,
            "shouldTakeAutomaticSnapshots": true,
            "takeWhen": {
              "testStart": true,
              "testDone": true,
              "appNotReady": true,
              "testFailure": true
            }
          },
          "video": {
            "enabled": true,
            "keepOnlyFailedTestsArtifacts": false
          },
          "instruments": {
            "enabled": false,
            "keepOnlyFailedTestsArtifacts": false
          },
          "uiHierarchy": {
            "enabled": true,
            "keepOnlyFailedTestsArtifacts": false
          }
        }
      },
      "behavior": {
        "init": {
          "keepLockFile": false,
          "reinstallApp": true,
          "exposeGlobals": true
        },
        "cleanup": {
          "shutdownDevice": false
        },
        "launchApp": "auto"
      },
      "cli": {
        "configuration": "android.attached",
        "start": true
      },
      "commands": [
        {
          "appName": "default",
          "build": "powershell -ExecutionPolicy Bypass -Command \"Set-Location android; .\\gradlew.bat assembleDebug assembleAndroidTest -DtestBuildType=debug\""
        }
      ],
      "device": {
        "type": "android.attached",
        "device": {
          "adbName": ".*"
        }
      },
      "logger": {
        "level": "info",
        "overrideConsole": true,
        "options": {
          "showLoggerName": true,
          "showPid": true,
          "showLevel": false,
          "showMetadata": false,
          "basepath": "C:\\Users\\USER\\Downloads\\Evolucao_full_v2\\node_modules\\detox\\src",
          "prefixers": {},
          "stringifiers": {}
        }
      },
      "testRunner": {
        "retries": 0,
        "forwardEnv": false,
        "detached": false,
        "bail": false,
        "noRetryArgs": [
          "shard"
        ],
        "jest": {
          "setupTimeout": 120000,
          "teardownTimeout": 30000,
          "retryAfterCircusRetries": false,
          "reportWorkerAssign": true
        },
        "args": {
          "$0": "jest",
          "_": [
            "e2e/flow.test.js"
          ],
          "config": "e2e/jest.config.js",
          "--": []
        }
      },
      "session": {
        "autoStart": true,
        "debugSynchronization": 10000
      }
    },
    "detoxIPCServer": "primary-31856",
    "testResults": [],
    "testSessionIndex": 0,
    "workersCount": 0
  }
22:22:04.498 detox[31856] [90mi[39m Server path not specified, so defaulting to ipc.config.socketRoot + ipc.config.appspace + ipc.config.id /tmp/detox.primary-31856
22:22:04.500 detox[31856] [90mi[39m starting server on  /tmp/detox.primary-31856 
22:22:04.500 detox[31856] [90mi[39m starting TLS server false
22:22:04.501 detox[31856] [90mi[39m starting server as Unix || Windows Socket
22:22:04.503 detox[31856] [90mi[39m Detox server listening on localhost:54056...
22:22:04.506 detox[31856] [90mi[39m Serialized the session state at: C:\Users\USER\AppData\Local\Temp\e7710974-acd3-3735-eebe-eba5d1793985.detox.json
22:22:04.507 detox[31856] [90mB[39m jest --config e2e/jest.config.js e2e/flow.test.js
22:22:04.521 detox[31856] [90mi[39m (node:31856) [DEP0190] DeprecationWarning: Passing args to a child process with shell option true can lead to security vulnerabilities, as the arguments are not escaped, only concatenated.
(Use `node --trace-deprecation ...` to show where the warning was created)
22:22:04.990 detox[11660] [90mi[39m Service path not specified, so defaulting to ipc.config.socketRoot + ipc.config.appspace + id 
22:22:04.991 detox[11660] [90mi[39m requested connection to  primary-31856 /tmp/detox.primary-31856
22:22:04.991 detox[11660] [90mi[39m Connecting client on Unix Socket : /tmp/detox.primary-31856
22:22:04.992 detox[11660] [90mi[39m retrying reset
22:22:04.992 detox[11660] [90mi[39m dispatching event to  primary-31856 /tmp/detox.primary-31856  :  registerContext , { id: 'secondary-11660' }
22:22:04.992 detox[31856] [90mi[39m ## socket connection to server detected ##
22:22:04.994 detox[31856] [90mi[39m received event of :  registerContext { id: 'secondary-11660' }
22:22:04.994 detox[31856] [90mi[39m dispatching event to socket  :  registerContextDone {
  testResults: [],
  testSessionIndex: 0,
  unsafe_earlyTeardown: undefined
}
22:22:04.995 detox[11660] [90mi[39m ## received events ##
22:22:04.995 detox[11660] [90mi[39m detected event registerContextDone { testResults: [], testSessionIndex: 0 }
22:22:05.078 detox[11660] [90mB[39m e2e\flow.test.js
22:22:05.097 detox[11660] [90mB[39m set up environment
22:22:05.098 detox[11660] [90mi[39m dispatching event to  primary-31856 /tmp/detox.primary-31856  :  registerWorker , { workerId: 'w1' }
22:22:05.099 detox[11660] [90mi[39m ## received events ##
22:22:05.099 detox[11660] [90mi[39m detected event registerWorkerDone { workersCount: 1 }
22:22:05.099 detox[31856] [90mi[39m received event of :  registerWorker { workerId: 'w1' }
22:22:05.099 detox[31856] [90mi[39m dispatching event to socket  :  registerWorkerDone { workersCount: 1 }
22:22:05.099 detox[31856] [90mi[39m broadcasting event to all known sockets listening to  \\.\pipe\tmp-detox.primary-31856  :   sessionStateUpdate { workersCount: 1 }
22:22:05.265 detox[11660] [90mi[39m ## received events ##
22:22:05.265 detox[11660] [90mi[39m detected event sessionStateUpdate { workersCount: 1 }
22:22:05.269 detox[11660] [90mi[39m opened web socket to: ws://localhost:54056
22:22:05.269 detox[31856] [90mB[39m connection :54056<->:54057
22:22:05.271 detox[11660] [90mi[39m send message
  data: {"type":"login","params":{"sessionId":"d56a52bd-c143-da7a-a26e-2052b31107a9","role":"tester"},"messageId":0}
22:22:05.272 detox[31856] [90mi[39m get
  data: {"type":"login","params":{"sessionId":"d56a52bd-c143-da7a-a26e-2052b31107a9","role":"tester"},"messageId":0}
22:22:05.272 detox[31856] [90mi[39m created session d56a52bd-c143-da7a-a26e-2052b31107a9
22:22:05.272 detox[31856] [90mi[39m send
  data: {
    "type": "loginSuccess",
    "params": {
      "testerConnected": true,
      "appConnected": false
    },
    "messageId": 0
  }
22:22:05.273 detox[11660] [90mi[39m get message
  data: {"type":"loginSuccess","params":{"testerConnected":true,"appConnected":false},"messageId":0}
   
22:22:05.273 detox[31856] [90mi[39m tester joined session d56a52bd-c143-da7a-a26e-2052b31107a9
22:22:05.306 detox[11660] [90mi[39m dispatching event to  primary-31856 /tmp/detox.primary-31856  :  allocateDevice , {
  deviceConfig: { type: 'android.attached', device: { adbName: '.*' } }
}
22:22:05.307 detox[31856] [90mi[39m received event of :  allocateDevice {
  deviceConfig: { type: 'android.attached', device: { adbName: '.*' } }
}
22:22:05.332 detox[31856] [90mB[39m init
  args: ()
22:22:05.335 detox[31856] [90mE[39m init
22:22:05.335 detox[31856] [90mB[39m allocate
  data: {
    "type": "android.attached",
    "device": {
      "adbName": ".*"
    }
  }
22:22:05.336 detox[31856] [90mi[39m "C:\Users\USER\AppData\Local\Android\Sdk\platform-tools\adb.EXE"  devices
22:22:05.366 detox[31856] [90mi[39m List of devices attached
RQ8T209ZTAF	unauthorized


22:22:05.367 detox[31856] [90mi[39m Found a matching & free device RQ8T209ZTAF
22:22:05.368 detox[31856] [90mi[39m settled on RQ8T209ZTAF
  data: {
    "id": "RQ8T209ZTAF",
    "adbName": "RQ8T209ZTAF"
  }
22:22:05.368 detox[31856] [90mE[39m allocate
22:22:05.368 detox[31856] [90mB[39m post-allocate: RQ8T209ZTAF
  data: {
    "id": "RQ8T209ZTAF",
    "adbName": "RQ8T209ZTAF"
  }
22:22:05.368 detox[31856] [90mi[39m "C:\Users\USER\AppData\Local\Android\Sdk\platform-tools\adb.EXE" -s RQ8T209ZTAF shell "getprop ro.build.version.sdk"
22:22:20.559 detox[31856] [90mi[39m ""C:\Users\USER\AppData\Local\Android\Sdk\platform-tools\adb.EXE" -s RQ8T209ZTAF shell "getprop ro.build.version.sdk"" failed with error = Error: Command failed: "C:\Users\USER\AppData\Local\Android\Sdk\platform-tools\adb.EXE" -s RQ8T209ZTAF shell "getprop ro.build.version.sdk"
adb.exe: device unauthorized.
This adb server's $ADB_VENDOR_KEYS is not set
Try 'adb kill-server' if that seems wrong.
Otherwise check for a confirmation dialog on your device.
 (code=1), stdout and stderr:

22:22:20.560 detox[31856] [90mi[39m 
22:22:20.560 detox[31856] [90mi[39m adb.exe: device unauthorized.
This adb server's $ADB_VENDOR_KEYS is not set
Try 'adb kill-server' if that seems wrong.
Otherwise check for a confirmation dialog on your device.

22:22:20.560 detox[31856] [90mE[39m post-allocate: RQ8T209ZTAF
  error: Command failed: "C:\Users\USER\AppData\Local\Android\Sdk\platform-tools\adb.EXE" -s RQ8T209ZTAF shell "getprop ro.build.version.sdk"
  adb.exe: device unauthorized.
  This adb server's $ADB_VENDOR_KEYS is not set
  Try 'adb kill-server' if that seems wrong.
  Otherwise check for a confirmation dialog on your device.
  
22:22:20.560 detox[31856] [90mB[39m free: RQ8T209ZTAF
  data: {
    "shutdown": true
  }
22:22:20.562 detox[31856] [90mE[39m free: RQ8T209ZTAF
22:22:20.562 detox[31856] [90mi[39m dispatching event to socket  :  allocateDeviceDone {
  error: {
    code: 1,
    killed: false,
    signal: null,
    cmd: '"C:\\Users\\USER\\AppData\\Local\\Android\\Sdk\\platform-tools\\adb.EXE" -s RQ8T209ZTAF shell "getprop ro.build.version.sdk"',
    stdout: '',
    stderr: 'adb.exe: device unauthorized.\r\n' +
      "This adb server's $ADB_VENDOR_KEYS is not set\r\n" +
      "Try 'adb kill-server' if that seems wrong.\r\n" +
      'Otherwise check for a confirmation dialog on your device.\r\n',
    name: 'Error',
    message: 'Command failed: "C:\\Users\\USER\\AppData\\Local\\Android\\Sdk\\platform-tools\\adb.EXE" -s RQ8T209ZTAF shell "getprop ro.build.version.sdk"\n' +
      'adb.exe: device unauthorized.\r\n' +
      "This adb server's $ADB_VENDOR_KEYS is not set\r\n" +
      "Try 'adb kill-server' if that seems wrong.\r\n" +
      'Otherwise check for a confirmation dialog on your device.\r\n',
    stack: 'Error: Command failed: "C:\\Users\\USER\\AppData\\Local\\Android\\Sdk\\platform-tools\\adb.EXE" -s RQ8T209ZTAF shell "getprop ro.build.version.sdk"\n' +
      'adb.exe: device unauthorized.\r\n' +
      "This adb server's $ADB_VENDOR_KEYS is not set\r\n" +
      "Try 'adb kill-server' if that seems wrong.\r\n" +
      'Otherwise check for a confirmation dialog on your device.\r\n' +
      '\n' +
      '    at genericNodeError (node:internal/errors:985:15)\n' +
      '    at wrappedFn (node:internal/errors:539:14)\n' +
      '    at ChildProcess.exithandler (node:child_process:417:12)\n' +
      '    at ChildProcess.emit (node:events:508:28)\n' +
      '    at maybeClose (node:internal/child_process:1100:16)\n' +
      '    at ChildProcess._handle.onexit (node:internal/child_process:305:5)'
  }
}
22:22:20.563 detox[11660] [90mi[39m ## received events ##
22:22:20.563 detox[11660] [90mi[39m detected event allocateDeviceDone {
  error: {
    code: 1,
    killed: false,
    signal: null,
    cmd: '"C:\\Users\\USER\\AppData\\Local\\Android\\Sdk\\platform-tools\\adb.EXE" -s RQ8T209ZTAF shell "getprop ro.build.version.sdk"',
    stdout: '',
    stderr: 'adb.exe: device unauthorized.\r\n' +
      "This adb server's $ADB_VENDOR_KEYS is not set\r\n" +
      "Try 'adb kill-server' if that seems wrong.\r\n" +
      'Otherwise check for a confirmation dialog on your device.\r\n',
    name: 'Error',
    message: 'Command failed: "C:\\Users\\USER\\AppData\\Local\\Android\\Sdk\\platform-tools\\adb.EXE" -s RQ8T209ZTAF shell "getprop ro.build.version.sdk"\n' +
      'adb.exe: device unauthorized.\r\n' +
      "This adb server's $ADB_VENDOR_KEYS is not set\r\n" +
      "Try 'adb kill-server' if that seems wrong.\r\n" +
      'Otherwise check for a confirmation dialog on your device.\r\n',
    stack: 'Error: Command failed: "C:\\Users\\USER\\AppData\\Local\\Android\\Sdk\\platform-tools\\adb.EXE" -s RQ8T209ZTAF shell "getprop ro.build.version.sdk"\n' +
      'adb.exe: device unauthorized.\r\n' +
      "This adb server's $ADB_VENDOR_KEYS is not set\r\n" +
      "Try 'adb kill-server' if that seems wrong.\r\n" +
      'Otherwise check for a confirmation dialog on your device.\r\n' +
      '\n' +
      '    at genericNodeError (node:internal/errors:985:15)\n' +
      '    at wrappedFn (node:internal/errors:539:14)\n' +
      '    at ChildProcess.exithandler (node:child_process:417:12)\n' +
      '    at ChildProcess.emit (node:events:508:28)\n' +
      '    at maybeClose (node:internal/child_process:1100:16)\n' +
      '    at ChildProcess._handle.onexit (node:internal/child_process:305:5)'
  }
}
22:22:20.564 detox[11660] [90mE[39m set up environment
  error: Command failed: "C:\Users\USER\AppData\Local\Android\Sdk\platform-tools\adb.EXE" -s RQ8T209ZTAF shell "getprop ro.build.version.sdk"
  adb.exe: device unauthorized.
  This adb server's $ADB_VENDOR_KEYS is not set
  Try 'adb kill-server' if that seems wrong.
  Otherwise check for a confirmation dialog on your device.
  
22:22:20.564 detox[11660] [90mB[39m tear down environment
22:22:20.564 detox[11660] [90mB[39m onBeforeCleanup
  args: ()
22:22:20.566 detox[11660] [90mi[39m saving FileArtifact to: artifacts\android.attached.2026-04-08 01-22-04Z\detox_pid_11660.json.log { append: true }
22:22:20.566 detox[11660] [90mi[39m saving FileArtifact to: artifacts\android.attached.2026-04-08 01-22-04Z\detox_pid_11660.log { append: true }
22:22:20.567 detox[11660] [90mE[39m onBeforeCleanup
22:22:20.569 detox[11660] [90mE[39m tear down environment
22:22:20.569 detox[11660] [90mE[39m e2e\flow.test.js
22:22:20.569 detox[31856] [90mi[39m tester exited session d56a52bd-c143-da7a-a26e-2052b31107a9
22:22:20.569 detox[31856] [90mE[39m connection :54056<->:54057
22:22:20.578 detox[11660] [90mi[39m dispatching event to  primary-31856 /tmp/detox.primary-31856  :  reportTestResults , {
  testResults: [
    {
      success: false,
      testFilePath: 'C:\\Users\\USER\\Downloads\\Evolucao_full_v2\\e2e\\flow.test.js',
      testExecError: {
        code: 1,
        killed: false,
        signal: null,
        cmd: '"C:\\Users\\USER\\AppData\\Local\\Android\\Sdk\\platform-tools\\adb.EXE" -s RQ8T209ZTAF shell "getprop ro.build.version.sdk"',
        stdout: '',
        stderr: 'adb.exe: device unauthorized.\r\n' +
          "This adb server's $ADB_VENDOR_KEYS is not set\r\n" +
          "Try 'adb kill-server' if that seems wrong.\r\n" +
          'Otherwise check for a confirmation dialog on your device.\r\n',
        name: 'Error',
        message: 'Command failed: "C:\\Users\\USER\\AppData\\Local\\Android\\Sdk\\platform-tools\\adb.EXE" -s RQ8T209ZTAF shell "getprop ro.build.version.sdk"\n' +
          'adb.exe: device unauthorized.\r\n' +
          "This adb server's $ADB_VENDOR_KEYS is not set\r\n" +
          "Try 'adb kill-server' if that seems wrong.\r\n" +
          'Otherwise check for a confirmation dialog on your device.\r\n',
        stack: 'Error: Command failed: "C:\\Users\\USER\\AppData\\Local\\Android\\Sdk\\platform-tools\\adb.EXE" -s RQ8T209ZTAF shell "getprop ro.build.version.sdk"\n' +
          'adb.exe: device unauthorized.\r\n' +
          "This adb server's $ADB_VENDOR_KEYS is not set\r\n" +
          "Try 'adb kill-server' if that seems wrong.\r\n" +
          'Otherwise check for a confirmation dialog on your device.\r\n' +
          '\n' +
          '    at genericNodeError (node:internal/errors:985:15)\n' +
          '    at wrappedFn (node:internal/errors:539:14)\n' +
          '    at ChildProcess.exithandler (node:child_process:417:12)\n' +
          '    at ChildProcess.emit (node:events:508:28)\n' +
          '    at maybeClose (node:internal/child_process:1100:16)\n' +
          '    at ChildProcess._handle.onexit (node:internal/child_process:305:5)'
      },
      isPermanentFailure: false
    }
  ]
}
22:22:20.579 detox[11660] [90mi[39m ## received events ##
22:22:20.579 detox[11660] [90mi[39m detected event reportTestResultsDone {
  testResults: [
    {
      success: false,
      testFilePath: 'C:\\Users\\USER\\Downloads\\Evolucao_full_v2\\e2e\\flow.test.js',
      testExecError: {
        code: 1,
        killed: false,
        signal: null,
        cmd: '"C:\\Users\\USER\\AppData\\Local\\Android\\Sdk\\platform-tools\\adb.EXE" -s RQ8T209ZTAF shell "getprop ro.build.version.sdk"',
        stdout: '',
        stderr: 'adb.exe: device unauthorized.\r\n' +
          "This adb server's $ADB_VENDOR_KEYS is not set\r\n" +
          "Try 'adb kill-server' if that seems wrong.\r\n" +
          'Otherwise check for a confirmation dialog on your device.\r\n',
        name: 'Error',
        message: 'Command failed: "C:\\Users\\USER\\AppData\\Local\\Android\\Sdk\\platform-tools\\adb.EXE" -s RQ8T209ZTAF shell "getprop ro.build.version.sdk"\n' +
          'adb.exe: device unauthorized.\r\n' +
          "This adb server's $ADB_VENDOR_KEYS is not set\r\n" +
          "Try 'adb kill-server' if that seems wrong.\r\n" +
          'Otherwise check for a confirmation dialog on your device.\r\n',
        stack: 'Error: Command failed: "C:\\Users\\USER\\AppData\\Local\\Android\\Sdk\\platform-tools\\adb.EXE" -s RQ8T209ZTAF shell "getprop ro.build.version.sdk"\n' +
          'adb.exe: device unauthorized.\r\n' +
          "This adb server's $ADB_VENDOR_KEYS is not set\r\n" +
          "Try 'adb kill-server' if that seems wrong.\r\n" +
          'Otherwise check for a confirmation dialog on your device.\r\n' +
          '\n' +
          '    at genericNodeError (node:internal/errors:985:15)\n' +
          '    at wrappedFn (node:internal/errors:539:14)\n' +
          '    at ChildProcess.exithandler (node:child_process:417:12)\n' +
          '    at ChildProcess.emit (node:events:508:28)\n' +
          '    at maybeClose (node:internal/child_process:1100:16)\n' +
          '    at ChildProcess._handle.onexit (node:internal/child_process:305:5)'
      },
      isPermanentFailure: false
    }
  ]
}
22:22:20.579 detox[31856] [90mi[39m received event of :  reportTestResults {
  testResults: [
    {
      success: false,
      testFilePath: 'C:\\Users\\USER\\Downloads\\Evolucao_full_v2\\e2e\\flow.test.js',
      testExecError: {
        code: 1,
        killed: false,
        signal: null,
        cmd: '"C:\\Users\\USER\\AppData\\Local\\Android\\Sdk\\platform-tools\\adb.EXE" -s RQ8T209ZTAF shell "getprop ro.build.version.sdk"',
        stdout: '',
        stderr: 'adb.exe: device unauthorized.\r\n' +
          "This adb server's $ADB_VENDOR_KEYS is not set\r\n" +
          "Try 'adb kill-server' if that seems wrong.\r\n" +
          'Otherwise check for a confirmation dialog on your device.\r\n',
        name: 'Error',
        message: 'Command failed: "C:\\Users\\USER\\AppData\\Local\\Android\\Sdk\\platform-tools\\adb.EXE" -s RQ8T209ZTAF shell "getprop ro.build.version.sdk"\n' +
          'adb.exe: device unauthorized.\r\n' +
          "This adb server's $ADB_VENDOR_KEYS is not set\r\n" +
          "Try 'adb kill-server' if that seems wrong.\r\n" +
          'Otherwise check for a confirmation dialog on your device.\r\n',
        stack: 'Error: Command failed: "C:\\Users\\USER\\AppData\\Local\\Android\\Sdk\\platform-tools\\adb.EXE" -s RQ8T209ZTAF shell "getprop ro.build.version.sdk"\n' +
          'adb.exe: device unauthorized.\r\n' +
          "This adb server's $ADB_VENDOR_KEYS is not set\r\n" +
          "Try 'adb kill-server' if that seems wrong.\r\n" +
          'Otherwise check for a confirmation dialog on your device.\r\n' +
          '\n' +
          '    at genericNodeError (node:internal/errors:985:15)\n' +
          '    at wrappedFn (node:internal/errors:539:14)\n' +
          '    at ChildProcess.exithandler (node:child_process:417:12)\n' +
          '    at ChildProcess.emit (node:events:508:28)\n' +
          '    at maybeClose (node:internal/child_process:1100:16)\n' +
          '    at ChildProcess._handle.onexit (node:internal/child_process:305:5)'
      },
      isPermanentFailure: false
    }
  ]
}
22:22:20.579 detox[31856] [90mi[39m dispatching event to socket  :  reportTestResultsDone {
  testResults: [
    {
      success: false,
      testFilePath: 'C:\\Users\\USER\\Downloads\\Evolucao_full_v2\\e2e\\flow.test.js',
      testExecError: {
        code: 1,
        killed: false,
        signal: null,
        cmd: '"C:\\Users\\USER\\AppData\\Local\\Android\\Sdk\\platform-tools\\adb.EXE" -s RQ8T209ZTAF shell "getprop ro.build.version.sdk"',
        stdout: '',
        stderr: 'adb.exe: device unauthorized.\r\n' +
          "This adb server's $ADB_VENDOR_KEYS is not set\r\n" +
          "Try 'adb kill-server' if that seems wrong.\r\n" +
          'Otherwise check for a confirmation dialog on your device.\r\n',
        name: 'Error',
        message: 'Command failed: "C:\\Users\\USER\\AppData\\Local\\Android\\Sdk\\platform-tools\\adb.EXE" -s RQ8T209ZTAF shell "getprop ro.build.version.sdk"\n' +
          'adb.exe: device unauthorized.\r\n' +
          "This adb server's $ADB_VENDOR_KEYS is not set\r\n" +
          "Try 'adb kill-server' if that seems wrong.\r\n" +
          'Otherwise check for a confirmation dialog on your device.\r\n',
        stack: 'Error: Command failed: "C:\\Users\\USER\\AppData\\Local\\Android\\Sdk\\platform-tools\\adb.EXE" -s RQ8T209ZTAF shell "getprop ro.build.version.sdk"\n' +
          'adb.exe: device unauthorized.\r\n' +
          "This adb server's $ADB_VENDOR_KEYS is not set\r\n" +
          "Try 'adb kill-server' if that seems wrong.\r\n" +
          'Otherwise check for a confirmation dialog on your device.\r\n' +
          '\n' +
          '    at genericNodeError (node:internal/errors:985:15)\n' +
          '    at wrappedFn (node:internal/errors:539:14)\n' +
          '    at ChildProcess.exithandler (node:child_process:417:12)\n' +
          '    at ChildProcess.emit (node:events:508:28)\n' +
          '    at maybeClose (node:internal/child_process:1100:16)\n' +
          '    at ChildProcess._handle.onexit (node:internal/child_process:305:5)'
      },
      isPermanentFailure: false
    }
  ]
}
22:22:20.579 detox[31856] [90mi[39m broadcasting event to all known sockets listening to  \\.\pipe\tmp-detox.primary-31856  :   sessionStateUpdate {
  testResults: [
    {
      success: false,
      testFilePath: 'C:\\Users\\USER\\Downloads\\Evolucao_full_v2\\e2e\\flow.test.js',
      testExecError: {
        code: 1,
        killed: false,
        signal: null,
        cmd: '"C:\\Users\\USER\\AppData\\Local\\Android\\Sdk\\platform-tools\\adb.EXE" -s RQ8T209ZTAF shell "getprop ro.build.version.sdk"',
        stdout: '',
        stderr: 'adb.exe: device unauthorized.\r\n' +
          "This adb server's $ADB_VENDOR_KEYS is not set\r\n" +
          "Try 'adb kill-server' if that seems wrong.\r\n" +
          'Otherwise check for a confirmation dialog on your device.\r\n',
        name: 'Error',
        message: 'Command failed: "C:\\Users\\USER\\AppData\\Local\\Android\\Sdk\\platform-tools\\adb.EXE" -s RQ8T209ZTAF shell "getprop ro.build.version.sdk"\n' +
          'adb.exe: device unauthorized.\r\n' +
          "This adb server's $ADB_VENDOR_KEYS is not set\r\n" +
          "Try 'adb kill-server' if that seems wrong.\r\n" +
          'Otherwise check for a confirmation dialog on your device.\r\n',
        stack: 'Error: Command failed: "C:\\Users\\USER\\AppData\\Local\\Android\\Sdk\\platform-tools\\adb.EXE" -s RQ8T209ZTAF shell "getprop ro.build.version.sdk"\n' +
          'adb.exe: device unauthorized.\r\n' +
          "This adb server's $ADB_VENDOR_KEYS is not set\r\n" +
          "Try 'adb kill-server' if that seems wrong.\r\n" +
          'Otherwise check for a confirmation dialog on your device.\r\n' +
          '\n' +
          '    at genericNodeError (node:internal/errors:985:15)\n' +
          '    at wrappedFn (node:internal/errors:539:14)\n' +
          '    at ChildProcess.exithandler (node:child_process:417:12)\n' +
          '    at ChildProcess.emit (node:events:508:28)\n' +
          '    at maybeClose (node:internal/child_process:1100:16)\n' +
          '    at ChildProcess._handle.onexit (node:internal/child_process:305:5)'
      },
      isPermanentFailure: false
    }
  ]
}
22:22:20.580 detox[11660] [90mi[39m connection closed primary-31856 /tmp/detox.primary-31856 0 tries remaining of 0
22:22:20.581 detox[11660] [90mi[39m secondary-11660 exceeded connection rety amount of  or stopRetrying flag set.
22:22:20.581 detox[31856] [90mi[39m socket disconnected secondary-11660
22:22:20.703 detox[31856] [90mE[39m Command failed with exit code = 1:
jest --config e2e/jest.config.js e2e/flow.test.js
22:22:20.704 detox[31856] [90mB[39m cleanup
  args: ()
22:22:20.704 detox[31856] [90mE[39m cleanup
22:22:20.705 detox[31856] [90mi[39m Detox server has been closed gracefully
22:22:20.707 detox[31856] [90mE[39m node_modules\detox\local-cli\cli.js test --configuration android.attached e2e/flow.test.js
