--------- beginning of main
04-06 10:51:55.408 31656 31656 I om.evolucao.app: Late-enabling -Xcheck:jni
04-06 10:51:55.429 31656 31656 I om.evolucao.app: Using CollectorTypeCC GC.
04-06 10:51:55.458 31656 31656 D ActivityThread: setConscryptValidator
04-06 10:51:55.459 31656 31656 D ActivityThread: setConscryptValidator - put
04-06 10:51:55.473 31656 31656 D CompatibilityChangeReporter: Compat change id reported: 171979766; UID 10477; state: ENABLED
--------- beginning of system
04-06 10:51:55.478 31656 31656 W ActivityThread: Package uses different ABI(s) than its instrumentation: package[com.evolucao.app]: arm64-v8a, null instrumentation[com.evolucao.app.test]: null, null
04-06 10:51:55.481 31656 31656 W om.evolucao.app: ClassLoaderContext classpath size mismatch. expected=0, found=1 (PCL[] | PCL[/system/framework/android.test.runner.jar*2256426886])
04-06 10:51:55.483 31656 31656 W om.evolucao.app: ClassLoaderContext classpath size mismatch. expected=0, found=2 (PCL[] | PCL[/system/framework/android.test.runner.jar*2256426886:/system/framework/android.test.mock.jar*2695051129])
04-06 10:51:55.485 31656 31656 W ziparchive: Unable to open '/data/app/~~CGZX2clvKQV9Yw3zD-msvg==/com.evolucao.app.test--wRrAoIc7Qf5xDeiL4IcKg==/base.dm': No such file or directory
04-06 10:51:55.485 31656 31656 W ziparchive: Unable to open '/data/app/~~CGZX2clvKQV9Yw3zD-msvg==/com.evolucao.app.test--wRrAoIc7Qf5xDeiL4IcKg==/base.dm': No such file or directory
04-06 10:51:55.555 31656 31656 W ziparchive: Unable to open '/data/app/~~AjMWi1wl4T9lyc9ENDHsWg==/com.evolucao.app-r0smW7FHS0yTZ7E8aTEWnw==/base.dm': No such file or directory
04-06 10:51:55.555 31656 31656 W ziparchive: Unable to open '/data/app/~~AjMWi1wl4T9lyc9ENDHsWg==/com.evolucao.app-r0smW7FHS0yTZ7E8aTEWnw==/base.dm': No such file or directory
04-06 10:51:55.830 31656 31656 D nativeloader: Configuring classloader-namespace for other apk /system/framework/android.test.runner.jar:/system/framework/android.test.mock.jar:/system/framework/android.test.base.jar:/data/app/~~CGZX2clvKQV9Yw3zD-msvg==/com.evolucao.app.test--wRrAoIc7Qf5xDeiL4IcKg==/base.apk:/data/app/~~AjMWi1wl4T9lyc9ENDHsWg==/com.evolucao.app-r0smW7FHS0yTZ7E8aTEWnw==/base.apk. target_sdk_version=36, uses_libraries=, library_path=/data/app/~~CGZX2clvKQV9Yw3zD-msvg==/com.evolucao.app.test--wRrAoIc7Qf5xDeiL4IcKg==/lib/arm64:/data/app/~~AjMWi1wl4T9lyc9ENDHsWg==/com.evolucao.app-r0smW7FHS0yTZ7E8aTEWnw==/lib/arm64:/data/app/~~CGZX2clvKQV9Yw3zD-msvg==/com.evolucao.app.test--wRrAoIc7Qf5xDeiL4IcKg==/base.apk!/lib/arm64-v8a:/data/app/~~AjMWi1wl4T9lyc9ENDHsWg==/com.evolucao.app-r0smW7FHS0yTZ7E8aTEWnw==/base.apk!/lib/arm64-v8a, permitted_path=/data:/mnt/expand:/data/user/0/com.evolucao.app
04-06 10:51:55.842 31656 31656 V GraphicsEnvironment: ANGLE Developer option for 'com.evolucao.app' set to: 'default'
04-06 10:51:55.843 31656 31656 V GraphicsEnvironment: ANGLE GameManagerService for com.evolucao.app: false
04-06 10:51:55.843 31656 31656 V GraphicsEnvironment: App is not on the allowlist for updatable production driver.
04-06 10:51:55.847 31656 31656 D ApplicationLoaders: Returning zygote-cached class loader: /system/framework/android.test.base.jar
04-06 10:51:55.848 31656 31656 D nativeloader: Configuring classloader-namespace for other apk /system/framework/android.test.mock.jar. target_sdk_version=36, uses_libraries=ALL, library_path=/data/app/~~CGZX2clvKQV9Yw3zD-msvg==/com.evolucao.app.test--wRrAoIc7Qf5xDeiL4IcKg==/lib/arm64:/data/app/~~AjMWi1wl4T9lyc9ENDHsWg==/com.evolucao.app-r0smW7FHS0yTZ7E8aTEWnw==/lib/arm64, permitted_path=/data:/mnt/expand
04-06 10:51:55.848 31656 31656 D nativeloader: Extending system_exposed_libraries: libhumantracking.arcsoft.so:libPortraitDistortionCorrection.arcsoft.so:libPortraitDistortionCorrectionCali.arcsoft.so:libface_landmark.arcsoft.so:libFacialStickerEngine.arcsoft.so:libveengine.arcsoft.so:lib_pet_detection.arcsoft.so:libhigh_res.arcsoft.so:libimage_enhancement.arcsoft.so:liblow_light_hdr.arcsoft.so:libhigh_dynamic_range.arcsoft.so:libsuperresolution.arcsoft.so:libobjectcapture_jni.arcsoft.so:libobjectcapture_jni.arcsoft.so:libobjectcapture.arcsoft.so:libFacialAttributeDetection.arcsoft.so:libBeauty_v4.camera.samsung.so:libexifa.camera.samsung.so:libjpega.camera.samsung.so:libOpenCv.camera.samsung.so:libVideoClassifier.camera.samsung.so:libtensorflowLite.dynamic_viewing.camera.samsung.so:libImageScreener.camera.samsung.so:libMyFilter.camera.samsung.so:libtflite2.myfilters.camera.samsung.so:libHIDTSnapJNI.camera.samsung.so:libSmartScan.camera.samsung.so:libRectify.camera.samsung.so:libDocRectifyWrapper.camera.samsung.so:libUltraWideDistortionCorrection.camera.
04-06 10:51:55.850 31656 31656 D ApplicationLoaders: Returning zygote-cached class loader: /system/framework/android.test.base.jar
04-06 10:51:55.851 31656 31656 W om.evolucao.app: ClassLoaderContext shared library size mismatch. Expected=0, found=2 (PCL[] | PCL[]{PCL[/system/framework/android.test.base.jar*1628045882]#PCL[/system/framework/android.test.mock.jar*2695051129]})
04-06 10:51:55.852 31656 31656 D nativeloader: Configuring classloader-namespace for other apk /system/framework/android.test.runner.jar. target_sdk_version=36, uses_libraries=ALL, library_path=/data/app/~~CGZX2clvKQV9Yw3zD-msvg==/com.evolucao.app.test--wRrAoIc7Qf5xDeiL4IcKg==/lib/arm64:/data/app/~~AjMWi1wl4T9lyc9ENDHsWg==/com.evolucao.app-r0smW7FHS0yTZ7E8aTEWnw==/lib/arm64, permitted_path=/data:/mnt/expand
04-06 10:51:55.852 31656 31656 D nativeloader: Extending system_exposed_libraries: libhumantracking.arcsoft.so:libPortraitDistortionCorrection.arcsoft.so:libPortraitDistortionCorrectionCali.arcsoft.so:libface_landmark.arcsoft.so:libFacialStickerEngine.arcsoft.so:libveengine.arcsoft.so:lib_pet_detection.arcsoft.so:libhigh_res.arcsoft.so:libimage_enhancement.arcsoft.so:liblow_light_hdr.arcsoft.so:libhigh_dynamic_range.arcsoft.so:libsuperresolution.arcsoft.so:libobjectcapture_jni.arcsoft.so:libobjectcapture_jni.arcsoft.so:libobjectcapture.arcsoft.so:libFacialAttributeDetection.arcsoft.so:libBeauty_v4.camera.samsung.so:libexifa.camera.samsung.so:libjpega.camera.samsung.so:libOpenCv.camera.samsung.so:libVideoClassifier.camera.samsung.so:libtensorflowLite.dynamic_viewing.camera.samsung.so:libImageScreener.camera.samsung.so:libMyFilter.camera.samsung.so:libtflite2.myfilters.camera.samsung.so:libHIDTSnapJNI.camera.samsung.so:libSmartScan.camera.samsung.so:libRectify.camera.samsung.so:libDocRectifyWrapper.camera.samsung.so:libUltraWideDistortionCorrection.camera.
04-06 10:51:55.854 31656 31656 W om.evolucao.app: ClassLoaderContext shared library size mismatch. Expected=0, found=3 (PCL[] | PCL[]{PCL[/system/framework/android.test.base.jar*1628045882]#PCL[/system/framework/android.test.mock.jar*2695051129]#PCL[/system/framework/android.test.runner.jar*2256426886]{PCL[/system/framework/android.test.base.jar*1628045882]#PCL[/system/framework/android.test.mock.jar*2695051129]}};PCL[/system/framework/android.test.runner.jar*2256426886:/system/framework/android.test.mock.jar*2695051129:/system/framework/android.test.base.jar*1628045882:/data/app/~~CGZX2clvKQV9Yw3zD-msvg==/com.evolucao.app.test--wRrAoIc7Qf5xDeiL4IcKg==/base.apk*2272993428:/data/app/~~CGZX2clvKQV9Yw3zD-msvg==/com.evolucao.app.test--wRrAoIc7Qf5xDeiL4IcKg==/base.apk!classes2.dex*714357168:/data/app/~~CGZX2clvKQV9Yw3zD-msvg==/com.evolucao.app.test--wRrAoIc7Qf5xDeiL4IcKg==/base.apk!classes3.dex*1380987315:/data/app/~~CGZX2clvKQV9Yw3zD-msvg==/com.evolucao.app.test--wRrAoIc7Qf5xDeiL4IcKg==/base.apk!classes4.dex*3771904477:/data/app/~~CGZX2clvKQV9Yw3zD-msvg==/com.evolucao.app.test--wRrAoIc7Qf5xDeiL4IcKg==/base.apk!classes5.dex*2127157885:/data/app/~~CGZX2clvKQV9Yw3zD-msvg==/com.evolucao.app.test--wRrAoIc7Qf5xDeiL4IcKg==/base.apk!classes6.dex*971414087:/data/app/~~CGZX2clvKQV9Yw3zD-msvg==/com.evolucao.app.test--wRrAoIc7Qf5xDeiL4IcKg==/base.apk!classes7.dex*742752503:/data/app/~~CGZX2clvKQV9Yw3zD-msvg==/com.evolucao.app.test--wRrAoIc7Qf5xDeiL4IcKg==/base.apk!classes8.dex*388434936:/data/app/~~CGZX2clvKQV9Yw3zD-msvg==/com.evolucao.app.test--wRrAoIc7Qf5xDeiL4IcKg==/base.apk!classes9.dex*209335023:/data/app/~~CGZX2clvKQV9Yw3zD-msvg==/com.evolucao.app.test--wRrAoIc7Qf5xDeiL4IcKg==/base.apk!classes10.dex*2871199926:/data/app/~~CGZX2clvKQV9Yw3zD-msvg==/com.evolucao.app.test--wRrAoIc7Qf5xDeiL4IcKg==/base.apk!classes11.dex*3957027005:/data/app/~~CGZX2clvKQV9Yw3zD-msvg==/com.evolucao.app.test--wRrAoIc7Qf5xDeiL4IcKg==/base.apk!classes12.dex*914099516:/data/app/~~CGZX2clvKQV9Yw3zD-msvg==/com.evolucao.app.test--wRrAoIc7Qf5xDeiL4IcKg==/base.apk!classes13.dex*4108993750:/data/app/~~CGZX2clvKQV9Yw3zD-msvg==/com.evolucao.app.test--wRrAoIc7Qf5xDeiL4IcKg==/base.apk!classes14.dex*1632137592:/data/app/~~CGZX2clvKQV9Yw3zD-msvg==/com.evolucao.app.test--wRrAoIc7Qf5xDeiL4IcKg==/base.apk!classes15.dex*1757943310:/data/app/~~CGZX2clvKQV9Yw3zD-msvg==/com.evolucao.app.test--wRrAoIc7Qf5xDeiL4IcKg==/base.apk!classes16.dex*931013159:/data/app/~~CGZX2clvKQV9Yw3zD-msvg==/com.evolucao.app.test--wRrAoIc7Qf5xDeiL4IcKg==/base.apk!classes17.dex*2782462504:/data/app/~~CGZX2clvKQV9Yw3zD-msvg==/com.evolucao.app.test--wRrAoIc7Qf5xDeiL4IcKg==/base.apk!classes18.dex*3468966139:/data/app/~~CGZX2clvKQV9Yw3zD-msvg==/com.evolucao.app.test--wRrAoIc7Qf5xDeiL4IcKg==/base.apk!classes19.dex*2267436335:/data/app/~~AjMWi1wl4T9lyc9ENDHsWg==/com.evolucao.app-r0smW7FHS0yTZ7E8aTEWnw==/base.apk*198750528:/data/app/~~AjMWi1wl4T9lyc9ENDHsWg==/com.evolucao.app-r0smW7FHS0yTZ7E8aTEWnw==/base.apk!classes2.dex*1675103030:/data/app/~~AjMWi1wl4T9lyc9ENDHsWg==/com.evolucao.app-r0smW7FHS0yTZ7E8aTEWnw==/base.apk!classes3.dex*1788775668:/data/app/~~AjMWi1wl4T9lyc9ENDHsWg==/com.evolucao.app-r0smW7FHS0yTZ7E8aTEWnw==/base.apk!classes4.dex*2572157285:/data/app/~~AjMWi1wl4T9lyc9ENDHsWg==/com.evolucao.app-r0smW7FHS0yTZ7E8aTEWnw==/base.apk!classes5.dex*3994030385:/data/app/~~AjMWi1wl4T9lyc9ENDHsWg==/com.evolucao.app-r0smW7FHS0yTZ7E8aTEWnw==/base.apk!classes6.dex*1028875939:/data/app/~~AjMWi1wl4T9lyc9ENDHsWg==/com.evolucao.app-r0smW7FHS0yTZ7E8aTEWnw==/base.apk!classes7.dex*2113616002:/data/app/~~AjMWi1wl4T9lyc9ENDHsWg==/com.evolucao.app-r0smW7FHS0yTZ7E8aTEWnw==/base.apk!classes8.dex*3287389796:/data/app/~~AjMWi1wl4T9lyc9ENDHsWg==/com.evolucao.app-r0smW7FHS0yTZ7E8aTEWnw==/base.apk!classes9.dex*2030025819:/data/app/~~AjMWi1wl4T9lyc9ENDHsWg==/com.evolucao.app-r0smW7FHS0yTZ7E8aTEWnw==/base.apk!classes10.dex*1917680387:/data/app/~~AjMWi1wl4T9lyc9ENDHsWg==/com.evolucao.app-r0smW7FHS0yTZ7E8aTEWnw==/base.apk!classes11.dex*152968521:/data/app/~~AjMWi1wl4T9lyc9ENDHsWg==/com.evolucao.app-r0smW7FHS0yTZ7E8aTEWnw==/base.apk!cla
04-06 10:51:55.855 31656 31656 W om.evolucao.app: ClassLoaderContext classpath size mismatch. expected=0, found=1 (PCL[] | PCL[/system/framework/android.test.runner.jar*2256426886]{PCL[/system/framework/android.test.base.jar*1628045882]#PCL[/system/framework/android.test.mock.jar*2695051129]#PCL[/system/framework/android.test.runner.jar*2256426886]{PCL[/system/framework/android.test.base.jar*1628045882]#PCL[/system/framework/android.test.mock.jar*2695051129]}};PCL[/system/framework/android.test.runner.jar*2256426886:/system/framework/android.test.mock.jar*2695051129:/system/framework/android.test.base.jar*1628045882:/data/app/~~CGZX2clvKQV9Yw3zD-msvg==/com.evolucao.app.test--wRrAoIc7Qf5xDeiL4IcKg==/base.apk*2272993428:/data/app/~~CGZX2clvKQV9Yw3zD-msvg==/com.evolucao.app.test--wRrAoIc7Qf5xDeiL4IcKg==/base.apk!classes2.dex*714357168:/data/app/~~CGZX2clvKQV9Yw3zD-msvg==/com.evolucao.app.test--wRrAoIc7Qf5xDeiL4IcKg==/base.apk!classes3.dex*1380987315:/data/app/~~CGZX2clvKQV9Yw3zD-msvg==/com.evolucao.app.test--wRrAoIc7Qf5xDeiL4IcKg==/base.apk!classes4.dex*3771904477:/data/app/~~CGZX2clvKQV9Yw3zD-msvg==/com.evolucao.app.test--wRrAoIc7Qf5xDeiL4IcKg==/base.apk!classes5.dex*2127157885:/data/app/~~CGZX2clvKQV9Yw3zD-msvg==/com.evolucao.app.test--wRrAoIc7Qf5xDeiL4IcKg==/base.apk!classes6.dex*971414087:/data/app/~~CGZX2clvKQV9Yw3zD-msvg==/com.evolucao.app.test--wRrAoIc7Qf5xDeiL4IcKg==/base.apk!classes7.dex*742752503:/data/app/~~CGZX2clvKQV9Yw3zD-msvg==/com.evolucao.app.test--wRrAoIc7Qf5xDeiL4IcKg==/base.apk!classes8.dex*388434936:/data/app/~~CGZX2clvKQV9Yw3zD-msvg==/com.evolucao.app.test--wRrAoIc7Qf5xDeiL4IcKg==/base.apk!classes9.dex*209335023:/data/app/~~CGZX2clvKQV9Yw3zD-msvg==/com.evolucao.app.test--wRrAoIc7Qf5xDeiL4IcKg==/base.apk!classes10.dex*2871199926:/data/app/~~CGZX2clvKQV9Yw3zD-msvg==/com.evolucao.app.test--wRrAoIc7Qf5xDeiL4IcKg==/base.apk!classes11.dex*3957027005:/data/app/~~CGZX2clvKQV9Yw3zD-msvg==/com.evolucao.app.test--wRrAoIc7Qf5xDeiL4IcKg==/base.apk!classes12.dex*914099516:/data/app/~~CGZX2clvKQV9Yw3zD-msvg==/com.evolucao.app.test--wRrAoIc7Qf5xDeiL4IcKg==/base.apk!classes13.dex*4108993750:/data/app/~~CGZX2clvKQV9Yw3zD-msvg==/com.evolucao.app.test--wRrAoIc7Qf5xDeiL4IcKg==/base.apk!classes14.dex*1632137592:/data/app/~~CGZX2clvKQV9Yw3zD-msvg==/com.evolucao.app.test--wRrAoIc7Qf5xDeiL4IcKg==/base.apk!classes15.dex*1757943310:/data/app/~~CGZX2clvKQV9Yw3zD-msvg==/com.evolucao.app.test--wRrAoIc7Qf5xDeiL4IcKg==/base.apk!classes16.dex*931013159:/data/app/~~CGZX2clvKQV9Yw3zD-msvg==/com.evolucao.app.test--wRrAoIc7Qf5xDeiL4IcKg==/base.apk!classes17.dex*2782462504:/data/app/~~CGZX2clvKQV9Yw3zD-msvg==/com.evolucao.app.test--wRrAoIc7Qf5xDeiL4IcKg==/base.apk!classes18.dex*3468966139:/data/app/~~CGZX2clvKQV9Yw3zD-msvg==/com.evolucao.app.test--wRrAoIc7Qf5xDeiL4IcKg==/base.apk!classes19.dex*2267436335:/data/app/~~AjMWi1wl4T9lyc9ENDHsWg==/com.evolucao.app-r0smW7FHS0yTZ7E8aTEWnw==/base.apk*198750528:/data/app/~~AjMWi1wl4T9lyc9ENDHsWg==/com.evolucao.app-r0smW7FHS0yTZ7E8aTEWnw==/base.apk!classes2.dex*1675103030:/data/app/~~AjMWi1wl4T9lyc9ENDHsWg==/com.evolucao.app-r0smW7FHS0yTZ7E8aTEWnw==/base.apk!classes3.dex*1788775668:/data/app/~~AjMWi1wl4T9lyc9ENDHsWg==/com.evolucao.app-r0smW7FHS0yTZ7E8aTEWnw==/base.apk!classes4.dex*2572157285:/data/app/~~AjMWi1wl4T9lyc9ENDHsWg==/com.evolucao.app-r0smW7FHS0yTZ7E8aTEWnw==/base.apk!classes5.dex*3994030385:/data/app/~~AjMWi1wl4T9lyc9ENDHsWg==/com.evolucao.app-r0smW7FHS0yTZ7E8aTEWnw==/base.apk!classes6.dex*1028875939:/data/app/~~AjMWi1wl4T9lyc9ENDHsWg==/com.evolucao.app-r0smW7FHS0yTZ7E8aTEWnw==/base.apk!classes7.dex*2113616002:/data/app/~~AjMWi1wl4T9lyc9ENDHsWg==/com.evolucao.app-r0smW7FHS0yTZ7E8aTEWnw==/base.apk!classes8.dex*3287389796:/data/app/~~AjMWi1wl4T9lyc9ENDHsWg==/com.evolucao.app-r0smW7FHS0yTZ7E8aTEWnw==/base.apk!classes9.dex*2030025819:/data/app/~~AjMWi1wl4T9lyc9ENDHsWg==/com.evolucao.app-r0smW7FHS0yTZ7E8aTEWnw==/base.apk!classes10.dex*1917680387:/data/app/~~AjMWi1wl4T9lyc9ENDHsWg==/com.evolucao.app-r0smW7FHS0yTZ7E8aTEWnw==/base.apk!classes11.dex*152968521:/data/app/~~AjMWi1wl4T9lyc9ENDHsWg==/com.evo
04-06 10:51:55.856 31656 31656 W om.evolucao.app: ClassLoaderContext classpath size mismatch. expected=0, found=2 (PCL[] | PCL[/system/framework/android.test.runner.jar*2256426886:/system/framework/android.test.mock.jar*2695051129]{PCL[/system/framework/android.test.base.jar*1628045882]#PCL[/system/framework/android.test.mock.jar*2695051129]#PCL[/system/framework/android.test.runner.jar*2256426886]{PCL[/system/framework/android.test.base.jar*1628045882]#PCL[/system/framework/android.test.mock.jar*2695051129]}};PCL[/system/framework/android.test.runner.jar*2256426886:/system/framework/android.test.mock.jar*2695051129:/system/framework/android.test.base.jar*1628045882:/data/app/~~CGZX2clvKQV9Yw3zD-msvg==/com.evolucao.app.test--wRrAoIc7Qf5xDeiL4IcKg==/base.apk*2272993428:/data/app/~~CGZX2clvKQV9Yw3zD-msvg==/com.evolucao.app.test--wRrAoIc7Qf5xDeiL4IcKg==/base.apk!classes2.dex*714357168:/data/app/~~CGZX2clvKQV9Yw3zD-msvg==/com.evolucao.app.test--wRrAoIc7Qf5xDeiL4IcKg==/base.apk!classes3.dex*1380987315:/data/app/~~CGZX2clvKQV9Yw3zD-msvg==/com.evolucao.app.test--wRrAoIc7Qf5xDeiL4IcKg==/base.apk!classes4.dex*3771904477:/data/app/~~CGZX2clvKQV9Yw3zD-msvg==/com.evolucao.app.test--wRrAoIc7Qf5xDeiL4IcKg==/base.apk!classes5.dex*2127157885:/data/app/~~CGZX2clvKQV9Yw3zD-msvg==/com.evolucao.app.test--wRrAoIc7Qf5xDeiL4IcKg==/base.apk!classes6.dex*971414087:/data/app/~~CGZX2clvKQV9Yw3zD-msvg==/com.evolucao.app.test--wRrAoIc7Qf5xDeiL4IcKg==/base.apk!classes7.dex*742752503:/data/app/~~CGZX2clvKQV9Yw3zD-msvg==/com.evolucao.app.test--wRrAoIc7Qf5xDeiL4IcKg==/base.apk!classes8.dex*388434936:/data/app/~~CGZX2clvKQV9Yw3zD-msvg==/com.evolucao.app.test--wRrAoIc7Qf5xDeiL4IcKg==/base.apk!classes9.dex*209335023:/data/app/~~CGZX2clvKQV9Yw3zD-msvg==/com.evolucao.app.test--wRrAoIc7Qf5xDeiL4IcKg==/base.apk!classes10.dex*2871199926:/data/app/~~CGZX2clvKQV9Yw3zD-msvg==/com.evolucao.app.test--wRrAoIc7Qf5xDeiL4IcKg==/base.apk!classes11.dex*3957027005:/data/app/~~CGZX2clvKQV9Yw3zD-msvg==/com.evolucao.app.test--wRrAoIc7Qf5xDeiL4IcKg==/base.apk!classes12.dex*914099516:/data/app/~~CGZX2clvKQV9Yw3zD-msvg==/com.evolucao.app.test--wRrAoIc7Qf5xDeiL4IcKg==/base.apk!classes13.dex*4108993750:/data/app/~~CGZX2clvKQV9Yw3zD-msvg==/com.evolucao.app.test--wRrAoIc7Qf5xDeiL4IcKg==/base.apk!classes14.dex*1632137592:/data/app/~~CGZX2clvKQV9Yw3zD-msvg==/com.evolucao.app.test--wRrAoIc7Qf5xDeiL4IcKg==/base.apk!classes15.dex*1757943310:/data/app/~~CGZX2clvKQV9Yw3zD-msvg==/com.evolucao.app.test--wRrAoIc7Qf5xDeiL4IcKg==/base.apk!classes16.dex*931013159:/data/app/~~CGZX2clvKQV9Yw3zD-msvg==/com.evolucao.app.test--wRrAoIc7Qf5xDeiL4IcKg==/base.apk!classes17.dex*2782462504:/data/app/~~CGZX2clvKQV9Yw3zD-msvg==/com.evolucao.app.test--wRrAoIc7Qf5xDeiL4IcKg==/base.apk!classes18.dex*3468966139:/data/app/~~CGZX2clvKQV9Yw3zD-msvg==/com.evolucao.app.test--wRrAoIc7Qf5xDeiL4IcKg==/base.apk!classes19.dex*2267436335:/data/app/~~AjMWi1wl4T9lyc9ENDHsWg==/com.evolucao.app-r0smW7FHS0yTZ7E8aTEWnw==/base.apk*198750528:/data/app/~~AjMWi1wl4T9lyc9ENDHsWg==/com.evolucao.app-r0smW7FHS0yTZ7E8aTEWnw==/base.apk!classes2.dex*1675103030:/data/app/~~AjMWi1wl4T9lyc9ENDHsWg==/com.evolucao.app-r0smW7FHS0yTZ7E8aTEWnw==/base.apk!classes3.dex*1788775668:/data/app/~~AjMWi1wl4T9lyc9ENDHsWg==/com.evolucao.app-r0smW7FHS0yTZ7E8aTEWnw==/base.apk!classes4.dex*2572157285:/data/app/~~AjMWi1wl4T9lyc9ENDHsWg==/com.evolucao.app-r0smW7FHS0yTZ7E8aTEWnw==/base.apk!classes5.dex*3994030385:/data/app/~~AjMWi1wl4T9lyc9ENDHsWg==/com.evolucao.app-r0smW7FHS0yTZ7E8aTEWnw==/base.apk!classes6.dex*1028875939:/data/app/~~AjMWi1wl4T9lyc9ENDHsWg==/com.evolucao.app-r0smW7FHS0yTZ7E8aTEWnw==/base.apk!classes7.dex*2113616002:/data/app/~~AjMWi1wl4T9lyc9ENDHsWg==/com.evolucao.app-r0smW7FHS0yTZ7E8aTEWnw==/base.apk!classes8.dex*3287389796:/data/app/~~AjMWi1wl4T9lyc9ENDHsWg==/com.evolucao.app-r0smW7FHS0yTZ7E8aTEWnw==/base.apk!classes9.dex*2030025819:/data/app/~~AjMWi1wl4T9lyc9ENDHsWg==/com.evolucao.app-r0smW7FHS0yTZ7E8aTEWnw==/base.apk!classes10.dex*1917680387:/data/app/~~AjMWi1wl4T9lyc9ENDHsWg==/com.evolucao.app-r0smW7FHS0yTZ7E8aTEWnw==/base.apk!classes11.dex*152
04-06 10:51:55.857 31656 31656 W ziparchive: Unable to open '/data/app/~~CGZX2clvKQV9Yw3zD-msvg==/com.evolucao.app.test--wRrAoIc7Qf5xDeiL4IcKg==/base.dm': No such file or directory
04-06 10:51:55.857 31656 31656 W ziparchive: Unable to open '/data/app/~~CGZX2clvKQV9Yw3zD-msvg==/com.evolucao.app.test--wRrAoIc7Qf5xDeiL4IcKg==/base.dm': No such file or directory
04-06 10:51:55.925 31656 31656 W ziparchive: Unable to open '/data/app/~~AjMWi1wl4T9lyc9ENDHsWg==/com.evolucao.app-r0smW7FHS0yTZ7E8aTEWnw==/base.dm': No such file or directory
04-06 10:51:55.925 31656 31656 W ziparchive: Unable to open '/data/app/~~AjMWi1wl4T9lyc9ENDHsWg==/com.evolucao.app-r0smW7FHS0yTZ7E8aTEWnw==/base.dm': No such file or directory
04-06 10:51:56.202 31656 31656 D NetworkSecurityConfig: No Network Security Config specified, using platform default
04-06 10:51:56.211 31656 31656 D NetworkSecurityConfig: No Network Security Config specified, using platform default
04-06 10:51:56.211 31656 31656 I AndroidJUnitRunner: newApplication com.evolucao.app.MainApplication
04-06 10:51:56.220 31656 31656 W FirebaseApp: Default FirebaseApp failed to initialize because no default options were found. This usually means that com.google.gms:google-services was not applied to your gradle project.
04-06 10:51:56.220 31656 31656 I FirebaseInitProvider: FirebaseApp initialization unsuccessful
04-06 10:51:56.237 31656 31656 I AndroidJUnitRunner: onCreate Bundle[mParcelledData.dataSize=240]
04-06 10:51:56.238 31656 31656 D AndroidJUnitRunner: Use the raw file system for managing file I/O.
04-06 10:51:56.244 31656 31656 V TestEventClient: No service name argument was given (testDiscoveryService, testRunEventService or orchestratorService)
04-06 10:51:56.245 31656 31686 D AndroidJUnitRunner: onStart is called.
04-06 10:51:56.248 31656 31656 W SoLoader: Initializing SoLoader: 0
04-06 10:51:56.249 31656 31656 W SoLoader: Recording new base apk path: /data/app/~~AjMWi1wl4T9lyc9ENDHsWg==/com.evolucao.app-r0smW7FHS0yTZ7E8aTEWnw==/base.apk
04-06 10:51:56.249 31656 31656 W SoLoader: Previously recorded 0 base apk paths.
04-06 10:51:56.251 31656 31656 I SoLoader: Preparing SO source: DirectorySoSource[root = /vendor/lib64 flags = 2]
04-06 10:51:56.251 31656 31656 I SoLoader: Preparing SO source: DirectorySoSource[root = /system/lib64 flags = 2]
04-06 10:51:56.251 31656 31656 I SoLoader: Preparing SO source: DirectApkSoSource[root = [/data/app/~~AjMWi1wl4T9lyc9ENDHsWg==/com.evolucao.app-r0smW7FHS0yTZ7E8aTEWnw==/base.apk!/lib/arm64-v8a]]
04-06 10:51:56.267 31656 31656 I SoLoader: Preparing SO source: ApplicationSoSource[DirectorySoSource[root = /data/app/~~AjMWi1wl4T9lyc9ENDHsWg==/com.evolucao.app-r0smW7FHS0yTZ7E8aTEWnw==/lib/arm64 flags = 0]]
04-06 10:51:56.267 31656 31656 I SoLoader: init finish: 4 SO sources prepared
04-06 10:51:56.268 31656 31656 W SoLoader: SoLoader initialized: 8
04-06 10:51:56.289 31656 31656 D jni_lib_merge: Entering merged library JNI_OnLoad.
04-06 10:51:56.289 31656 31656 D jni_lib_merge: Preparing 12 pre-merged libs (including stub)
04-06 10:51:56.289 31656 31656 D jni_lib_merge: Preparing to register libfabricjni_so.  onload_func: 0x703f143f38
04-06 10:51:56.289 31656 31656 D jni_lib_merge: Preparing to register libreact_devsupportjni_so.  onload_func: 0x703f34c81c
04-06 10:51:56.289 31656 31656 D jni_lib_merge: Preparing to register libreact_featureflagsjni_so.  onload_func: 0x703f35eb7c
04-06 10:51:56.289 31656 31656 D jni_lib_merge: Preparing to register libreact_newarchdefaults_so.  onload_func: 0x703f403f24
04-06 10:51:56.289 31656 31656 D jni_lib_merge: Preparing to register libreactnativeblob_so.  onload_func: 0x703f616088
04-06 10:51:56.289 31656 31656 D jni_lib_merge: Preparing to register libreactnativejni_so.  onload_func: 0x703f658ffc
04-06 10:51:56.289 31656 31656 D jni_lib_merge: Preparing to register libreactnativejni_common_so.  onload_func: 0x703f6699f0
04-06 10:51:56.289 31656 31656 D jni_lib_merge: Preparing to register librninstance_so.  onload_func: 0x703f6a862c
04-06 10:51:56.289 31656 31656 D jni_lib_merge: Preparing to register libturbomodulejsijni_so.  onload_func: 0x703f805734
04-06 10:51:56.289 31656 31656 D jni_lib_merge: Preparing to register libuimanagerjni_so.  onload_func: 0x703f81e6e8
04-06 10:51:56.289 31656 31656 D jni_lib_merge: Preparing to register libyoga_so.  onload_func: 0x703f82e16c
04-06 10:51:56.289 31656 31656 D jni_lib_merge: About to register 11 actual methods.
04-06 10:51:56.303 31656 31656 D jni_lib_merge: Entering merged library JNI_OnLoad.
04-06 10:51:56.303 31656 31656 D jni_lib_merge: Preparing 12 pre-merged libs (including stub)
04-06 10:51:56.303 31656 31656 D jni_lib_merge: Preparing to register libfabricjni_so.  onload_func: 0x703f143f38
04-06 10:51:56.303 31656 31656 D jni_lib_merge: Preparing to register libreact_devsupportjni_so.  onload_func: 0x703f34c81c
04-06 10:51:56.303 31656 31656 D jni_lib_merge: Preparing to register libreact_featureflagsjni_so.  onload_func: 0x703f35eb7c
04-06 10:51:56.303 31656 31656 D jni_lib_merge: Preparing to register libreact_newarchdefaults_so.  onload_func: 0x703f403f24
04-06 10:51:56.303 31656 31656 D jni_lib_merge: Preparing to register libreactnativeblob_so.  onload_func: 0x703f616088
04-06 10:51:56.303 31656 31656 D jni_lib_merge: Preparing to register libreactnativejni_so.  onload_func: 0x703f658ffc
04-06 10:51:56.303 31656 31656 D jni_lib_merge: Preparing to register libreactnativejni_common_so.  onload_func: 0x703f6699f0
04-06 10:51:56.303 31656 31656 D jni_lib_merge: Preparing to register librninstance_so.  onload_func: 0x703f6a862c
04-06 10:51:56.303 31656 31656 D jni_lib_merge: Preparing to register libturbomodulejsijni_so.  onload_func: 0x703f805734
04-06 10:51:56.303 31656 31656 D jni_lib_merge: Preparing to register libuimanagerjni_so.  onload_func: 0x703f81e6e8
04-06 10:51:56.303 31656 31656 D jni_lib_merge: Preparing to register libyoga_so.  onload_func: 0x703f82e16c
04-06 10:51:56.303 31656 31656 D jni_lib_merge: About to register 11 actual methods.
04-06 10:51:56.383 31656 31686 D TestRequestBuilder: Using class path scanning to discover tests
04-06 10:51:56.384 31656 31686 I TestRequestBuilder: Scanning classpath to find tests in paths [/data/app/~~CGZX2clvKQV9Yw3zD-msvg==/com.evolucao.app.test--wRrAoIc7Qf5xDeiL4IcKg==/base.apk]
04-06 10:51:56.385 31656 31686 W om.evolucao.app: Opening an oat file without a class loader. Are you using the deprecated DexFile APIs?
04-06 10:51:56.749 31656 31686 I TestRunner: run started: 1 tests
04-06 10:51:56.750 31656 31686 I TestRunner: started: runDetoxTests(com.evolucao.app.DetoxTest)
04-06 10:51:56.756 31656 31686 I Detox   : Detox server connection details: url=ws://localhost:52474, sessionId=766ad4ad-2ec4-495f-b3bb-ed89afbbd230
04-06 10:51:56.763 31656 31686 I Tracing : Tracer added: class androidx.test.platform.tracing.AndroidXTracer
04-06 10:51:56.775 31656 31686 W om.evolucao.app: Accessing hidden field Ljava/lang/reflect/Field;->accessFlags:I (unsupported, reflection, allowed)
04-06 10:51:56.777 31656 31686 I Detox   : Connecting to server...
04-06 10:51:56.777 31656 31686 I DetoxWSClient: At connectToServer
04-06 10:51:56.865 31656 31695 D TrafficStats: tagSocket(95) with statsTag=0xffffffff, statsUid=-1
04-06 10:51:56.891 31656 31695 D DetoxWSClient: At onOpen
04-06 10:51:56.891 31656 31695 I DetoxWSClient: Sending out action 'login' (ID #0)
04-06 10:51:56.892 31656 31695 I Detox   : Connected to server!
04-06 10:51:56.895 31656 31695 D DetoxWSClient: Received action 'loginSuccess' (ID #0, params={"testerConnected":true,"appConnected":true})
04-06 10:51:56.896 31656 31691 I DetoxDispatcher: Handling action 'loginSuccess' (ID #0)...
04-06 10:51:56.896 31656 31691 I DetoxDispatcher: Done with action 'loginSuccess'
04-06 10:51:56.897 31656 31686 I Detox   : Launching the tested activity!
04-06 10:51:56.937 31656 31695 D DetoxWSClient: Received action 'isReady' (ID #-1000, params={})
04-06 10:51:56.937 31656 31691 I DetoxDispatcher: Handling action 'isReady' (ID #-1000)...
04-06 10:51:56.950 31656 31713 D OpenGLRenderer: RenderThread::requireGlContext()
04-06 10:51:56.951 31656 31713 I AdrenoGLES-0: QUALCOMM build                   : db7e7066a2, I1fad33e957
04-06 10:51:56.951 31656 31713 I AdrenoGLES-0: Build Date                       : 05/11/25
04-06 10:51:56.951 31656 31713 I AdrenoGLES-0: OpenGL ES Shader Compiler Version: EV031.32.02.10
04-06 10:51:56.951 31656 31713 I AdrenoGLES-0: Local Branch                     : 
04-06 10:51:56.951 31656 31713 I AdrenoGLES-0: Remote Branch                    : refs/tags/AU_LINUX_ANDROID_LA.UM.9.12.11.00.00.582.697
04-06 10:51:56.951 31656 31713 I AdrenoGLES-0: Remote Branch                    : NONE
04-06 10:51:56.951 31656 31713 I AdrenoGLES-0: Reconstruct Branch               : NOTHING
04-06 10:51:56.951 31656 31713 I AdrenoGLES-0: Build Config                     : S P 10.0.7 AArch64
04-06 10:51:56.951 31656 31713 I AdrenoGLES-0: Driver Path                      : /vendor/lib64/egl/libGLESv2_adreno.so
04-06 10:51:56.959 31656 31713 I AdrenoGLES-0: PFP: 0x016dd093, ME: 0x00000000
04-06 10:51:56.978 31656 31713 D OpenGLRenderer: RenderThread::setGrContext()
04-06 10:51:56.986 31656 31656 D AppCompatDelegate: Checking for metadata for AppLocalesMetadataHolderService : Service not found
04-06 10:51:56.998 31656 31656 D LifecycleMonitor: Lifecycle status change: com.evolucao.app.MainActivity@64e06eb in: PRE_ON_CREATE
04-06 10:51:57.074 31656 31656 D SensorManager: registerListener :: 11, LSM6DSO Accelerometer, 66667, 0, 
04-06 10:51:57.105 31656 31729 D TrafficStats: tagSocket(107) with statsTag=0xffffffff, statsUid=-1
04-06 10:51:57.107 31656 31656 W unknown:BridgelessReact: ReactHost{0}.startSurface(surfaceId = 0): Schedule
04-06 10:51:57.108 31656 31656 W unknown:BridgelessReact: ReactHost{0}.attachSurface(surfaceId = 0)
04-06 10:51:57.113 31656 31656 I DecorView: [INFO] isPopOver=false config=true
04-06 10:51:57.113 31656 31656 I DecorView: updateCaptionType: isFloating=false isApplication=true hasWindowDecorCaption=false this=DecorView@69f84fd[]
04-06 10:51:57.113 31656 31656 D DecorView: setCaptionType = 0, this = DecorView@69f84fd[]
04-06 10:51:57.115 31656 31730 W unknown:BridgelessReact: ReactHost{0}.getOrCreateReactInstanceTask()
04-06 10:51:57.116 31656 31730 W unknown:BridgelessReact: ReactHost{0}.getOrCreateReactInstanceTask(): Start
04-06 10:51:57.116 31656 31730 D Detox.RNMarker: REACT_BRIDGELESS_LOADING_START (null)
04-06 10:51:57.117 31656 31730 W unknown:BridgelessReact: ReactHost{0}.getJSBundleLoader()
04-06 10:51:57.117 31656 31730 W unknown:BridgelessReact: ReactHost{0}.isMetroRunning()
04-06 10:51:57.119 31656 31656 I DecorView: getCurrentDensityDpi: from real metrics. densityDpi=480 msg=resources_loaded
04-06 10:51:57.119 31656 31656 I DecorView: setWindowBackground: isPopOver=false color=ff303030 d=android.graphics.drawable.ColorDrawable@afffac0
04-06 10:51:57.120 31656 31731 D TrafficStats: tagSocket(109) with statsTag=0xffffffff, statsUid=-1
04-06 10:51:57.125 31656 31656 W om.evolucao.app: Accessing hidden method Landroid/view/ViewGroup;->makeOptionalFitsSystemWindows()V (unsupported, reflection, allowed)
04-06 10:51:57.129 31656 31656 D LifecycleMonitor: Lifecycle status change: com.evolucao.app.MainActivity@64e06eb in: CREATED
04-06 10:51:57.131 31656 31656 D LifecycleMonitor: Lifecycle status change: com.evolucao.app.MainActivity@64e06eb in: STARTED
04-06 10:51:57.133 31656 31656 W unknown:BridgelessReact: ReactHost{0}.onHostResume(activity)
04-06 10:51:57.133 31656 31656 W unknown:ReactNative: Packager connection already open, nooping.
04-06 10:51:57.133 31656 31656 D LifecycleMonitor: Lifecycle status change: com.evolucao.app.MainActivity@64e06eb in: RESUMED
04-06 10:51:57.134 31656 31656 I MSHandlerLifeCycle: check: return. pkg=com.evolucao.app parent=null callers=com.android.internal.policy.DecorView.setVisibility:4412 android.app.ActivityThread.handleResumeActivity:5476 android.app.servertransaction.ResumeActivityItem.execute:54 android.app.servertransaction.ActivityTransactionItem.execute:45 android.app.servertransaction.TransactionExecutor.executeLifecycleState:176 
04-06 10:51:57.134 31656 31656 I MSHandlerLifeCycle: removeMultiSplitHandler: no exist. decor=DecorView@69f84fd[]
04-06 10:51:57.141 31656 31713 D NativeCustomFrequencyManager: [NativeCFMS] BpCustomFrequencyManager::BpCustomFrequencyManager()
04-06 10:51:57.143 31656 31656 I DecorView: notifyKeepScreenOnChanged: keepScreenOn=false
04-06 10:51:57.147 31656 31656 D InsetsController: onStateChanged: InsetsState: {mDisplayFrame=Rect(0, 0 - 1080, 2400), mDisplayCutout=DisplayCutout{insets=Rect(0, 88 - 0, 0) waterfall=Insets{left=0, top=0, right=0, bottom=0} boundingRect={Bounds=[Rect(0, 0 - 0, 0), Rect(512, 0 - 568, 88), Rect(0, 0 - 0, 0), Rect(0, 0 - 0, 0)]} cutoutPathParserInfo={CutoutPathParserInfo{displayWidth=1080 displayHeight=2400 physicalDisplayWidth=1080 physicalDisplayHeight=2400 density={3.0} cutoutSpec={M 0,0 M 0,10.71963616907435 a 9.280363830925644,9.280363830925644 0 1,0 0,18.56072766185129 a 9.280363830925644,9.280363830925644 0 1,0 0,-18.56072766185129 Z @dp} rotation={0} scale={1.0} physicalPixelDisplaySizeRatio={1.0}}}}, mRoundedCorners=RoundedCorners{[RoundedCorner{position=TopLeft, radius=96, center=Point(96, 96)}, RoundedCorner{position=TopRight, radius=96, center=Point(984, 96)}, RoundedCorner{position=BottomRight, radius=96, center=Point(984, 2304)}, RoundedCorner{position=BottomLeft, radius=96, center=Point(96, 2304)}]}  mRoundedCornerFrame=Rect(0, 0 - 1080, 2400), mPrivacyIndicatorBounds=PrivacyIndicatorBounds {static bounds=Rect(948, 0 - 1080, 88) rotation=0}, mSources= { InsetsSource: {mType=ITYPE_STATUS_BAR, mFrame=[0,0][1080,88], mVisible=false, mInsetsRoundedCornerFrame=false}, InsetsSource: {mType=ITYPE_NAVIGATION_BAR, mFrame=[0,2256][1080,2400], mVisible=true, mInsetsRoundedCornerFrame=false}, InsetsSource: {mType=ITYPE_LEFT_GESTURES, mFrame=[0,0][0,2400], mVisible=true, mInsetsRoundedCornerFrame=false}, InsetsSource: {mType=ITYPE_RIGHT_GESTURES, mFrame=[1080,0][1080,2400], mVisible=true, mInsetsRoundedCornerFrame=false}, InsetsSource: {mType=ITYPE_TOP_MANDATORY_GESTURES, mFrame=[0,0][1080,124], mVisible=true, mInsetsRoundedCornerFrame=false}, InsetsSource: {mType=ITYPE_BOTTOM_MANDATORY_GESTURES, mFrame=[0,2256][1080,2400], mVisible=true, mInsetsRoundedCornerFrame=false}, InsetsSource: {mType=ITYPE_LEFT_DISPLAY_CUTOUT, mFrame=[0,0][-100000,2400], mVisible=true, mInsetsRoundedCornerFrame=false}, InsetsSource: {mType=ITYPE_TOP_DISPLAY_CUTOUT, mFrame=[0,0][1080,88], mVisible=true, mInsetsRoundedCornerFrame=false}, InsetsSource: {mType=ITYPE_RIGHT_DISPLAY_CUTOUT, mFrame=[100000,0][1080,2400], mVisible=true, mInsetsRoundedCornerFrame=false}, InsetsSource: {mType=ITYPE_BOTTOM_DISPLAY_CUTOUT, mFrame=[0,100000][1080,2400], mVisible=true, mInsetsRoundedCornerFrame=false}, InsetsSource: {mType=ITYPE_TOP_TAPPABLE_ELEMENT, mFrame=[0,0][1080,88], mVisible=true, mInsetsRoundedCornerFrame=false}, InsetsSource: {mType=ITYPE_BOTTOM_TAPPABLE_ELEMENT, mFrame=[0,2256][1080,2400], mVisible=true, mInsetsRoundedCornerFrame=false}, InsetsSource: {mType=ITYPE_IME, mFrame=[0,0][0,0], mVisibleFrame=[0,1374][1080,2400], mVisible=false, mInsetsRoundedCornerFrame=false} } host=com.evolucao.app/com.evolucao.app.MainActivity from=android.view.ViewRootImpl.setView:1732
04-06 10:51:57.149 31656 31656 I ViewRootImpl@914008f[MainActivity]: setView = com.android.internal.policy.DecorView@69f84fd TM=false
04-06 10:51:57.151 31656 31656 I MSHandlerLifeCycle: removeMultiSplitHandler: no exist. decor=DecorView@69f84fd[MainActivity]
04-06 10:51:57.158 31656 31656 I ViewRootImpl@914008f[MainActivity]: performTraversals params={(0,0)(fillxfill) sim={adjust=resize forwardNavigation} layoutInDisplayCutoutMode=always ty=BASE_APPLICATION wanim=0x1030309
04-06 10:51:57.158 31656 31656 I ViewRootImpl@914008f[MainActivity]:   fl=81810100
04-06 10:51:57.158 31656 31656 I ViewRootImpl@914008f[MainActivity]:   pfl=16020040
04-06 10:51:57.158 31656 31656 I ViewRootImpl@914008f[MainActivity]:   vsysui=100
04-06 10:51:57.158 31656 31656 I ViewRootImpl@914008f[MainActivity]:   bhv=DEFAULT
04-06 10:51:57.158 31656 31656 I ViewRootImpl@914008f[MainActivity]:   fitSides= naviIconColor=0}
04-06 10:51:57.159 31656 31656 I ViewRootImpl@914008f[MainActivity]: performTraversals mFirst=true windowShouldResize=true viewVisibilityChanged=false mForceNextWindowRelayout=false params={(0,0)(fillxfill) sim={adjust=resize forwardNavigation} layoutInDisplayCutoutMode=always ty=BASE_APPLICATION wanim=0x1030309
04-06 10:51:57.159 31656 31656 I ViewRootImpl@914008f[MainActivity]:   fl=81810100
04-06 10:51:57.159 31656 31656 I ViewRootImpl@914008f[MainActivity]:   pfl=16020040
04-06 10:51:57.159 31656 31656 I ViewRootImpl@914008f[MainActivity]:   vsysui=100
04-06 10:51:57.159 31656 31656 I ViewRootImpl@914008f[MainActivity]:   bhv=DEFAULT
04-06 10:51:57.159 31656 31656 I ViewRootImpl@914008f[MainActivity]:   fitSides= naviIconColor=0}
04-06 10:51:57.165 31656 31656 I ViewRootImpl@914008f[MainActivity]: updateBlastSurfaceIfNeeded mBlastBufferQueue=null isSameSurfaceControl=false
04-06 10:51:57.165 31656 31656 E BufferQueueProducer: Unable to open libpenguin.so: dlopen failed: library "libpenguin.so" not found.
04-06 10:51:57.166 31656 31656 I BLASTBufferQueue: new BLASTBufferQueue, mName= ViewRootImpl@914008f[MainActivity] mNativeObject= 0xb4000070c2c34c00 sc.mNativeObject= 0xb4000070a0cf35a0 caller= android.view.ViewRootImpl.updateBlastSurfaceIfNeeded:2909 android.view.ViewRootImpl.relayoutWindow:9847 android.view.ViewRootImpl.performTraversals:3884 android.view.ViewRootImpl.doTraversal:3116 android.view.ViewRootImpl$TraversalRunnable.run:10885 android.view.Choreographer$CallbackRecord.run:1301 android.view.Choreographer$CallbackRecord.run:1309 android.view.Choreographer.doCallbacks:923 android.view.Choreographer.doFrame:852 android.view.Choreographer$FrameDisplayEventReceiver.run:1283 
04-06 10:51:57.166 31656 31656 I BLASTBufferQueue: update, w= 1080 h= 2400 mName = ViewRootImpl@914008f[MainActivity] mNativeObject= 0xb4000070c2c34c00 sc.mNativeObject= 0xb4000070a0cf35a0 format= -1 caller= android.graphics.BLASTBufferQueue.<init>:84 android.view.ViewRootImpl.updateBlastSurfaceIfNeeded:2909 android.view.ViewRootImpl.relayoutWindow:9847 android.view.ViewRootImpl.performTraversals:3884 android.view.ViewRootImpl.doTraversal:3116 android.view.ViewRootImpl$TraversalRunnable.run:10885 
04-06 10:51:57.166 31656 31656 I ViewRootImpl@914008f[MainActivity]: Relayout returned: old=(0,0,1080,2400) new=(0,0,1080,2400) req=(1080,2400)0 dur=6 res=0x3 s={true 0xb4000070a70ef000} ch=true seqId=0
04-06 10:51:57.168 31656 31656 I ViewRootImpl@914008f[MainActivity]: mThreadedRenderer.initialize() mSurface={isValid=true 0xb4000070a70ef000} hwInitialized=true
04-06 10:51:57.168 31656 31712 I ViewRootImpl@914008f[MainActivity]: Resizing android.view.ViewRootImpl@685f108: frame = [0,0][1080,2400] reportDraw = true forceLayout = false syncSeqId = 0
04-06 10:51:57.170 31656 31656 I ViewRootImpl@914008f[MainActivity]: reportNextDraw android.view.ViewRootImpl.performTraversals:4438 android.view.ViewRootImpl.doTraversal:3116 android.view.ViewRootImpl$TraversalRunnable.run:10885 android.view.Choreographer$CallbackRecord.run:1301 android.view.Choreographer$CallbackRecord.run:1309 
04-06 10:51:57.170 31656 31656 I ViewRootImpl@914008f[MainActivity]: Setup new sync id=0
04-06 10:51:57.170 31656 31656 I ViewRootImpl@914008f[MainActivity]: Setting syncFrameCallback
04-06 10:51:57.170 31656 31656 I ViewRootImpl@914008f[MainActivity]: registerCallbacksForSync syncBuffer=false
04-06 10:51:57.171 31656 31713 D OpenGLRenderer: eglCreateWindowSurface
04-06 10:51:57.172 31656 31734 I ViewRootImpl@914008f[MainActivity]: Received frameDrawingCallback syncResult=0 frameNum=1.
04-06 10:51:57.172 31656 31734 I ViewRootImpl@914008f[MainActivity]: Setting up sync and frameCommitCallback
04-06 10:51:57.177 31656 31731 W unknown:BridgelessReact: ReactHost{0}.isMetroRunning(): Async result = true
04-06 10:51:57.178 31656 31730 W unknown:BridgelessReact: ReactHost{0}.loadJSBundleFromMetro()
04-06 10:51:57.179 31656 31730 D Detox.RNMarker: DOWNLOAD_START (null)
04-06 10:51:57.189 31656 31713 I BLASTBufferQueue: [ViewRootImpl@914008f[MainActivity]#0](f:0,a:0) onFrameAvailable the first frame is available
04-06 10:51:57.189 31656 31713 I ViewRootImpl@914008f[MainActivity]: Received frameCommittedCallback lastAttemptedDrawFrameNum=1 didProduceBuffer=true
04-06 10:51:57.190 31656 31713 D OpenGLRenderer: CFMS:: SetUp Pid : 31656    Tid : 31713
04-06 10:51:57.192 31656 31713 W Parcel  : Expecting binder but got null!
04-06 10:51:57.192 31656 31656 I ViewRootImpl@914008f[MainActivity]: onSyncComplete
04-06 10:51:57.192 31656 31656 I ViewRootImpl@914008f[MainActivity]: setupSync seqId=0 mSyncId=0 fn=1 caller=android.view.ViewRootImpl$$ExternalSyntheticLambda11.accept:6 android.window.SurfaceSyncer.lambda$setupSync$1$android-window-SurfaceSyncer:128 android.window.SurfaceSyncer$$ExternalSyntheticLambda1.accept:8 android.window.SurfaceSyncer$SyncSet.checkIfSyncIsComplete:382 android.window.SurfaceSyncer$SyncSet.markSyncReady:359 android.window.SurfaceSyncer.markSyncReady:151 android.view.ViewRootImpl.performTraversals:4503 
04-06 10:51:57.192 31656 31656 I ViewRootImpl@914008f[MainActivity]: reportDrawFinished seqId=0 mSyncId=-1 fn=1 mSurfaceChangedTransaction=0xb4000070d4154400
04-06 10:51:57.193 31656 31656 D InsetsController: onStateChanged: InsetsState: {mDisplayFrame=Rect(0, 0 - 1080, 2400), mDisplayCutout=DisplayCutout{insets=Rect(0, 88 - 0, 0) waterfall=Insets{left=0, top=0, right=0, bottom=0} boundingRect={Bounds=[Rect(0, 0 - 0, 0), Rect(512, 0 - 568, 88), Rect(0, 0 - 0, 0), Rect(0, 0 - 0, 0)]} cutoutPathParserInfo={CutoutPathParserInfo{displayWidth=1080 displayHeight=2400 physicalDisplayWidth=1080 physicalDisplayHeight=2400 density={3.0} cutoutSpec={M 0,0 M 0,10.71963616907435 a 9.280363830925644,9.280363830925644 0 1,0 0,18.56072766185129 a 9.280363830925644,9.280363830925644 0 1,0 0,-18.56072766185129 Z @dp} rotation={0} scale={1.0} physicalPixelDisplaySizeRatio={1.0}}}}, mRoundedCorners=RoundedCorners{[RoundedCorner{position=TopLeft, radius=96, center=Point(96, 96)}, RoundedCorner{position=TopRight, radius=96, center=Point(984, 96)}, RoundedCorner{position=BottomRight, radius=96, center=Point(984, 2304)}, RoundedCorner{position=BottomLeft, radius=96, center=Point(96, 2304)}]}  mRoundedCornerFrame=Rect(0, 0 - 1080, 2400), mPrivacyIndicatorBounds=PrivacyIndicatorBounds {static bounds=Rect(948, 0 - 1080, 88) rotation=0}, mSources= { InsetsSource: {mType=ITYPE_STATUS_BAR, mFrame=[0,0][1080,88], mVisible=false, mInsetsRoundedCornerFrame=false}, InsetsSource: {mType=ITYPE_NAVIGATION_BAR, mFrame=[0,2256][1080,2400], mVisible=true, mInsetsRoundedCornerFrame=false}, InsetsSource: {mType=ITYPE_LEFT_GESTURES, mFrame=[0,0][0,2400], mVisible=true, mInsetsRoundedCornerFrame=false}, InsetsSource: {mType=ITYPE_RIGHT_GESTURES, mFrame=[1080,0][1080,2400], mVisible=true, mInsetsRoundedCornerFrame=false}, InsetsSource: {mType=ITYPE_TOP_MANDATORY_GESTURES, mFrame=[0,0][1080,124], mVisible=true, mInsetsRoundedCornerFrame=false}, InsetsSource: {mType=ITYPE_BOTTOM_MANDATORY_GESTURES, mFrame=[0,2256][1080,2400], mVisible=true, mInsetsRoundedCornerFrame=false}, InsetsSource: {mType=ITYPE_LEFT_DISPLAY_CUTOUT, mFrame=[0,0][-100000,2400], mVisible=true, mInsetsRoundedCornerFrame=false}, InsetsSource: {mType=ITYPE_TOP_DISPLAY_CUTOUT, mFrame=[0,0][1080,88], mVisible=true, mInsetsRoundedCornerFrame=false}, InsetsSource: {mType=ITYPE_RIGHT_DISPLAY_CUTOUT, mFrame=[100000,0][1080,2400], mVisible=true, mInsetsRoundedCornerFrame=false}, InsetsSource: {mType=ITYPE_BOTTOM_DISPLAY_CUTOUT, mFrame=[0,100000][1080,2400], mVisible=true, mInsetsRoundedCornerFrame=false}, InsetsSource: {mType=ITYPE_TOP_TAPPABLE_ELEMENT, mFrame=[0,0][1080,88], mVisible=true, mInsetsRoundedCornerFrame=false}, InsetsSource: {mType=ITYPE_BOTTOM_TAPPABLE_ELEMENT, mFrame=[0,2256][1080,2400], mVisible=true, mInsetsRoundedCornerFrame=false}, InsetsSource: {mType=ITYPE_IME, mFrame=[0,0][0,0], mVisibleFrame=[0,1374][1080,2400], mVisible=false, mInsetsRoundedCornerFrame=false} } host=com.evolucao.app/com.evolucao.app.MainActivity from=android.view.ViewRootImpl$ViewRootHandler.handleMessageImpl:6740
04-06 10:51:57.195 31656 31656 D InsetsController: controlAnimationUnchecked: Added types=1 animType=0 host=com.evolucao.app/com.evolucao.app.MainActivity from=android.view.InsetsController.applyAnimation:1576 android.view.InsetsController.applyAnimation:1557 android.view.InsetsController.onControlsChanged:992 
04-06 10:51:57.195 31656 31656 D InsetsController: onStateChanged: InsetsState: {mDisplayFrame=Rect(0, 0 - 1080, 2400), mDisplayCutout=DisplayCutout{insets=Rect(0, 88 - 0, 0) waterfall=Insets{left=0, top=0, right=0, bottom=0} boundingRect={Bounds=[Rect(0, 0 - 0, 0), Rect(512, 0 - 568, 88), Rect(0, 0 - 0, 0), Rect(0, 0 - 0, 0)]} cutoutPathParserInfo={CutoutPathParserInfo{displayWidth=1080 displayHeight=2400 physicalDisplayWidth=1080 physicalDisplayHeight=2400 density={3.0} cutoutSpec={M 0,0 M 0,10.71963616907435 a 9.280363830925644,9.280363830925644 0 1,0 0,18.56072766185129 a 9.280363830925644,9.280363830925644 0 1,0 0,-18.56072766185129 Z @dp} rotation={0} scale={1.0} physicalPixelDisplaySizeRatio={1.0}}}}, mRoundedCorners=RoundedCorners{[RoundedCorner{position=TopLeft, radius=96, center=Point(96, 96)}, RoundedCorner{position=TopRight, radius=96, center=Point(984, 96)}, RoundedCorner{position=BottomRight, radius=96, center=Point(984, 2304)}, RoundedCorner{position=BottomLeft, radius=96, center=Point(96, 2304)}]}  mRoundedCornerFrame=Rect(0, 0 - 1080, 2400), mPrivacyIndicatorBounds=PrivacyIndicatorBounds {static bounds=Rect(948, 0 - 1080, 88) rotation=0}, mSources= { InsetsSource: {mType=ITYPE_STATUS_BAR, mFrame=[0,0][1080,88], mVisible=true, mInsetsRoundedCornerFrame=false}, InsetsSource: {mType=ITYPE_NAVIGATION_BAR, mFrame=[0,2256][1080,2400], mVisible=true, mInsetsRoundedCornerFrame=false}, InsetsSource: {mType=ITYPE_LEFT_GESTURES, mFrame=[0,0][0,2400], mVisible=true, mInsetsRoundedCornerFrame=false}, InsetsSource: {mType=ITYPE_RIGHT_GESTURES, mFrame=[1080,0][1080,2400], mVisible=true, mInsetsRoundedCornerFrame=false}, InsetsSource: {mType=ITYPE_TOP_MANDATORY_GESTURES, mFrame=[0,0][1080,124], mVisible=true, mInsetsRoundedCornerFrame=false}, InsetsSource: {mType=ITYPE_BOTTOM_MANDATORY_GESTURES, mFrame=[0,2256][1080,2400], mVisible=true, mInsetsRoundedCornerFrame=false}, InsetsSource: {mType=ITYPE_LEFT_DISPLAY_CUTOUT, mFrame=[0,0][-100000,2400], mVisible=true, mInsetsRoundedCornerFrame=false}, InsetsSource: {mType=ITYPE_TOP_DISPLAY_CUTOUT, mFrame=[0,0][1080,88], mVisible=true, mInsetsRoundedCornerFrame=false}, InsetsSource: {mType=ITYPE_RIGHT_DISPLAY_CUTOUT, mFrame=[100000,0][1080,2400], mVisible=true, mInsetsRoundedCornerFrame=false}, InsetsSource: {mType=ITYPE_BOTTOM_DISPLAY_CUTOUT, mFrame=[0,100000][1080,2400], mVisible=true, mInsetsRoundedCornerFrame=false}, InsetsSource: {mType=ITYPE_TOP_TAPPABLE_ELEMENT, mFrame=[0,0][1080,88], mVisible=true, mInsetsRoundedCornerFrame=false}, InsetsSource: {mType=ITYPE_BOTTOM_TAPPABLE_ELEMENT, mFrame=[0,2256][1080,2400], mVisible=true, mInsetsRoundedCornerFrame=false}, InsetsSource: {mType=ITYPE_IME, mFrame=[0,0][0,0], mVisibleFrame=[0,1374][1080,2400], mVisible=false, mInsetsRoundedCornerFrame=false} } host=com.evolucao.app/com.evolucao.app.MainActivity from=android.view.ViewRootImpl$ViewRootHandler.handleMessageImpl:6727
04-06 10:51:57.195 31656 31656 I ViewRootImpl@914008f[MainActivity]: handleResized, msg = 5 frames=ClientWindowFrames{frame=[0,0][1080,2400] display=[0,0][1080,2400] parentFrame=[0,0][0,0] parentClippedByDisplayCutout=false} forceNextWindowRelayout=false displayId=0 resizeMode=-1 frameChanged=false displayFrameChanged=false configChanged=false displayChanged=false
04-06 10:51:57.195 31656 31656 I ViewRootImpl@914008f[MainActivity]: handleResized mSyncSeqId = 0
04-06 10:51:57.195 31656 31656 I ViewRootImpl@914008f[MainActivity]: reportNextDraw android.view.ViewRootImpl.handleResized:2450 android.view.ViewRootImpl.-$$Nest$mhandleResized:0 android.view.ViewRootImpl$ViewRootHandler.handleMessageImpl:6728 android.view.ViewRootImpl$ViewRootHandler.handleMessage:6697 android.os.Handler.dispatchMessage:106 
04-06 10:51:57.199 31656 31656 D CompatibilityChangeReporter: Compat change id reported: 210923482; UID 10477; state: ENABLED
04-06 10:51:57.205 31656 31713 D NativeCustomFrequencyManager: [NativeCFMS] BpCustomFrequencyManager::BpCustomFrequencyManager()
04-06 10:51:57.208 31656 31656 D InsetsController: onStateChanged: InsetsState: {mDisplayFrame=Rect(0, 0 - 1080, 2400), mDisplayCutout=DisplayCutout{insets=Rect(0, 88 - 0, 0) waterfall=Insets{left=0, top=0, right=0, bottom=0} boundingRect={Bounds=[Rect(0, 0 - 0, 0), Rect(512, 0 - 568, 88), Rect(0, 0 - 0, 0), Rect(0, 0 - 0, 0)]} cutoutPathParserInfo={CutoutPathParserInfo{displayWidth=1080 displayHeight=2400 physicalDisplayWidth=1080 physicalDisplayHeight=2400 density={3.0} cutoutSpec={M 0,0 M 0,10.71963616907435 a 9.280363830925644,9.280363830925644 0 1,0 0,18.56072766185129 a 9.280363830925644,9.280363830925644 0 1,0 0,-18.56072766185129 Z @dp} rotation={0} scale={1.0} physicalPixelDisplaySizeRatio={1.0}}}}, mRoundedCorners=RoundedCorners{[RoundedCorner{position=TopLeft, radius=96, center=Point(96, 96)}, RoundedCorner{position=TopRight, radius=96, center=Point(984, 96)}, RoundedCorner{position=BottomRight, radius=96, center=Point(984, 2304)}, RoundedCorner{position=BottomLeft, radius=96, center=Point(96, 2304)}]}  mRoundedCornerFrame=Rect(0, 0 - 1080, 2400), mPrivacyIndicatorBounds=PrivacyIndicatorBounds {static bounds=Rect(948, 0 - 1080, 88) rotation=0}, mSources= { InsetsSource: {mType=ITYPE_STATUS_BAR, mFrame=[0,0][1080,88], mVisible=true, mInsetsRoundedCornerFrame=false}, InsetsSource: {mType=ITYPE_NAVIGATION_BAR, mFrame=[0,2256][1080,2400], mVisible=true, mInsetsRoundedCornerFrame=false}, InsetsSource: {mType=ITYPE_LEFT_GESTURES, mFrame=[0,0][0,2400], mVisible=true, mInsetsRoundedCornerFrame=false}, InsetsSource: {mType=ITYPE_RIGHT_GESTURES, mFrame=[1080,0][1080,2400], mVisible=true, mInsetsRoundedCornerFrame=false}, InsetsSource: {mType=ITYPE_TOP_MANDATORY_GESTURES, mFrame=[0,0][1080,124], mVisible=true, mInsetsRoundedCornerFrame=false}, InsetsSource: {mType=ITYPE_BOTTOM_MANDATORY_GESTURES, mFrame=[0,2256][1080,2400], mVisible=true, mInsetsRoundedCornerFrame=false}, InsetsSource: {mType=ITYPE_LEFT_DISPLAY_CUTOUT, mFrame=[0,0][-100000,2400], mVisible=true, mInsetsRoundedCornerFrame=false}, InsetsSource: {mType=ITYPE_TOP_DISPLAY_CUTOUT, mFrame=[0,0][1080,88], mVisible=true, mInsetsRoundedCornerFrame=false}, InsetsSource: {mType=ITYPE_RIGHT_DISPLAY_CUTOUT, mFrame=[100000,0][1080,2400], mVisible=true, mInsetsRoundedCornerFrame=false}, InsetsSource: {mType=ITYPE_BOTTOM_DISPLAY_CUTOUT, mFrame=[0,100000][1080,2400], mVisible=true, mInsetsRoundedCornerFrame=false}, InsetsSource: {mType=ITYPE_TOP_TAPPABLE_ELEMENT, mFrame=[0,0][1080,88], mVisible=true, mInsetsRoundedCornerFrame=false}, InsetsSource: {mType=ITYPE_BOTTOM_TAPPABLE_ELEMENT, mFrame=[0,2256][1080,2400], mVisible=true, mInsetsRoundedCornerFrame=false}, InsetsSource: {mType=ITYPE_IME, mFrame=[0,0][0,0], mVisibleFrame=[0,1374][1080,2400], mVisible=false, mInsetsRoundedCornerFrame=false} } host=PopupWindow:f832caa from=android.view.ViewRootImpl.setView:1732
04-06 10:51:57.210 31656 31656 I ViewRootImpl@7f2009b[PopupWindow:f832caa]: setView = android.widget.PopupWindow$PopupDecorView@9660b77 TM=false
04-06 10:51:57.210 31656 31656 I ViewRootImpl@914008f[MainActivity]: Setup new sync id=1
04-06 10:51:57.210 31656 31656 I ViewRootImpl@914008f[MainActivity]: Setting syncFrameCallback
04-06 10:51:57.210 31656 31656 I ViewRootImpl@914008f[MainActivity]: registerCallbacksForSync syncBuffer=false
04-06 10:51:57.211 31656 31733 I ViewRootImpl@914008f[MainActivity]: Received frameDrawingCallback syncResult=0 frameNum=2.
04-06 10:51:57.211 31656 31733 I ViewRootImpl@914008f[MainActivity]: Setting up sync and frameCommitCallback
04-06 10:51:57.211 31656 31713 I ViewRootImpl@914008f[MainActivity]: Received frameCommittedCallback lastAttemptedDrawFrameNum=2 didProduceBuffer=false
04-06 10:51:57.211 31656 31713 I BLASTBufferQueue: syncNextTransaction, mName= ViewRootImpl@914008f[MainActivity] acquireSingleBuffer= true mNativeObject= 0xb4000070c2c34c00 callback= null caller= android.graphics.BLASTBufferQueue.syncNextTransaction:147 android.view.ViewRootImpl$12.lambda$onFrameDraw$0$android-view-ViewRootImpl$12:13399 android.view.ViewRootImpl$12$$ExternalSyntheticLambda1.onFrameCommit:9 android.view.ThreadedRenderer$1.lambda$onFrameDraw$0:813 android.view.ThreadedRenderer$1$$ExternalSyntheticLambda0.onFrameCommit:2 <bottom of call stack> 
04-06 10:51:57.211 31656 31713 I BLASTBufferQueue: [ViewRootImpl@914008f[MainActivity]#0](f:0,a:1) syncNextTransaction callback: 0, acquireSingleBuffer: 1, mTransactionReadyCallback: 0
04-06 10:51:57.211 31656 31713 I BLASTBufferQueue: gatherPendingTransactions, mName= ViewRootImpl@914008f[MainActivity] mNativeObject= 0xb4000070c2c34c00 frameNumber= 2 caller= android.view.ViewRootImpl$12.lambda$onFrameDraw$0$android-view-ViewRootImpl$12:13406 android.view.ViewRootImpl$12$$ExternalSyntheticLambda1.onFrameCommit:9 android.view.ThreadedRenderer$1.lambda$onFrameDraw$0:813 android.view.ThreadedRenderer$1$$ExternalSyntheticLambda0.onFrameCommit:2 <bottom of call stack> <bottom of call stack> 
04-06 10:51:57.211 31656 31656 I ViewRootImpl@914008f[MainActivity]: onSyncComplete
04-06 10:51:57.211 31656 31656 I ViewRootImpl@914008f[MainActivity]: setupSync seqId=0 mSyncId=1 fn=2 caller=android.view.ViewRootImpl$$ExternalSyntheticLambda11.accept:6 android.window.SurfaceSyncer.lambda$setupSync$1$android-window-SurfaceSyncer:128 android.window.SurfaceSyncer$$ExternalSyntheticLambda1.accept:8 android.window.SurfaceSyncer$SyncSet.checkIfSyncIsComplete:382 android.window.SurfaceSyncer$SyncSet.markSyncReady:359 android.window.SurfaceSyncer.markSyncReady:151 android.view.ViewRootImpl.performTraversals:4503 
04-06 10:51:57.214 31656 31656 I ViewRootImpl@7f2009b[PopupWindow:f832caa]: performTraversals params={(0,88)(fillxwrap) gr=TOP START CENTER sim={state=unchanged adjust=pan} ty=APPLICATION_PANEL fmt=TRANSLUCENT surfaceInsets=Rect(0, 0 - 0, 0) (manual)
04-06 10:51:57.214 31656 31656 I ViewRootImpl@7f2009b[PopupWindow:f832caa]:   fl=41800008
04-06 10:51:57.214 31656 31656 I ViewRootImpl@7f2009b[PopupWindow:f832caa]:   pfl=42018000
04-06 10:51:57.214 31656 31656 I ViewRootImpl@7f2009b[PopupWindow:f832caa]:   bhv=DEFAULT
04-06 10:51:57.214 31656 31656 I ViewRootImpl@7f2009b[PopupWindow:f832caa]:   fitTypes=STATUS_BARS NAVIGATION_BARS CAPTION_BAR naviIconColor=0
04-06 10:51:57.214 31656 31656 I ViewRootImpl@7f2009b[PopupWindow:f832caa]:   sfl=20000}
04-06 10:51:57.215 31656 31656 I ViewRootImpl@7f2009b[PopupWindow:f832caa]: performTraversals mFirst=true windowShouldResize=true viewVisibilityChanged=false mForceNextWindowRelayout=false params={(0,88)(fillxwrap) gr=TOP START CENTER sim={state=unchanged adjust=pan} ty=APPLICATION_PANEL fmt=TRANSLUCENT surfaceInsets=Rect(0, 0 - 0, 0) (manual)
04-06 10:51:57.215 31656 31656 I ViewRootImpl@7f2009b[PopupWindow:f832caa]:   fl=41800008
04-06 10:51:57.215 31656 31656 I ViewRootImpl@7f2009b[PopupWindow:f832caa]:   pfl=42018000
04-06 10:51:57.215 31656 31656 I ViewRootImpl@7f2009b[PopupWindow:f832caa]:   bhv=DEFAULT
04-06 10:51:57.215 31656 31656 I ViewRootImpl@7f2009b[PopupWindow:f832caa]:   fitTypes=STATUS_BARS NAVIGATION_BARS CAPTION_BAR naviIconColor=0
04-06 10:51:57.215 31656 31656 I ViewRootImpl@7f2009b[PopupWindow:f832caa]:   sfl=20000}
04-06 10:51:57.218 31656 31712 I ViewRootImpl@7f2009b[PopupWindow:f832caa]: Resizing android.view.ViewRootImpl@cfb53e4: frame = [0,88][1080,167] reportDraw = true forceLayout = false syncSeqId = 0
04-06 10:51:57.219 31656 31656 I ViewRootImpl@7f2009b[PopupWindow:f832caa]: updateBlastSurfaceIfNeeded mBlastBufferQueue=null isSameSurfaceControl=false
04-06 10:51:57.220 31656 31656 I BLASTBufferQueue: new BLASTBufferQueue, mName= ViewRootImpl@7f2009b[PopupWindow:f832caa] mNativeObject= 0xb4000070a6ea4100 sc.mNativeObject= 0xb4000070a0cf4fe0 caller= android.view.ViewRootImpl.updateBlastSurfaceIfNeeded:2909 android.view.ViewRootImpl.relayoutWindow:9847 android.view.ViewRootImpl.performTraversals:3884 android.view.ViewRootImpl.doTraversal:3116 android.view.ViewRootImpl$TraversalRunnable.run:10885 android.view.Choreographer$CallbackRecord.run:1301 android.view.Choreographer$CallbackRecord.run:1309 android.view.Choreographer.doCallbacks:923 android.view.Choreographer.doFrame:852 android.view.Choreographer$FrameDisplayEventReceiver.run:1283 
04-06 10:51:57.220 31656 31656 I BLASTBufferQueue: update, w= 1080 h= 79 mName = ViewRootImpl@7f2009b[PopupWindow:f832caa] mNativeObject= 0xb4000070a6ea4100 sc.mNativeObject= 0xb4000070a0cf4fe0 format= -3 caller= android.graphics.BLASTBufferQueue.<init>:84 android.view.ViewRootImpl.updateBlastSurfaceIfNeeded:2909 android.view.ViewRootImpl.relayoutWindow:9847 android.view.ViewRootImpl.performTraversals:3884 android.view.ViewRootImpl.doTraversal:3116 android.view.ViewRootImpl$TraversalRunnable.run:10885 
04-06 10:51:57.220 31656 31656 I ViewRootImpl@7f2009b[PopupWindow:f832caa]: Relayout returned: old=(0,88,1080,2256) new=(0,88,1080,167) req=(1080,79)0 dur=4 res=0x3 s={true 0xb4000070a70f1800} ch=true seqId=0
04-06 10:51:57.221 31656 31656 I ViewRootImpl@7f2009b[PopupWindow:f832caa]: mThreadedRenderer.initialize() mSurface={isValid=true 0xb4000070a70f1800} hwInitialized=true
04-06 10:51:57.221 31656 31713 D OpenGLRenderer: eglCreateWindowSurface
04-06 10:51:57.221 31656 31656 I ViewRootImpl@7f2009b[PopupWindow:f832caa]: reportNextDraw android.view.ViewRootImpl.performTraversals:4438 android.view.ViewRootImpl.doTraversal:3116 android.view.ViewRootImpl$TraversalRunnable.run:10885 android.view.Choreographer$CallbackRecord.run:1301 android.view.Choreographer$CallbackRecord.run:1309 
04-06 10:51:57.221 31656 31656 I ViewRootImpl@7f2009b[PopupWindow:f832caa]: Setup new sync id=0
04-06 10:51:57.221 31656 31656 I ViewRootImpl@7f2009b[PopupWindow:f832caa]: Setting syncFrameCallback
04-06 10:51:57.221 31656 31656 I ViewRootImpl@7f2009b[PopupWindow:f832caa]: registerCallbacksForSync syncBuffer=false
04-06 10:51:57.222 31656 31734 I ViewRootImpl@7f2009b[PopupWindow:f832caa]: Received frameDrawingCallback syncResult=0 frameNum=1.
04-06 10:51:57.222 31656 31734 I ViewRootImpl@7f2009b[PopupWindow:f832caa]: Setting up sync and frameCommitCallback
04-06 10:51:57.229 31656 31713 I BLASTBufferQueue: [ViewRootImpl@7f2009b[PopupWindow:f832caa]#1](f:0,a:0) onFrameAvailable the first frame is available
04-06 10:51:57.229 31656 31713 I ViewRootImpl@7f2009b[PopupWindow:f832caa]: Received frameCommittedCallback lastAttemptedDrawFrameNum=1 didProduceBuffer=true
04-06 10:51:57.229 31656 31713 D OpenGLRenderer: CFMS:: SetUp Pid : 31656    Tid : 31713
04-06 10:51:57.229 31656 31713 W Parcel  : Expecting binder but got null!
04-06 10:51:57.230 31656 31656 I ViewRootImpl@7f2009b[PopupWindow:f832caa]: onSyncComplete
04-06 10:51:57.230 31656 31656 I ViewRootImpl@7f2009b[PopupWindow:f832caa]: setupSync seqId=0 mSyncId=0 fn=1 caller=android.view.ViewRootImpl$$ExternalSyntheticLambda11.accept:6 android.window.SurfaceSyncer.lambda$setupSync$1$android-window-SurfaceSyncer:128 android.window.SurfaceSyncer$$ExternalSyntheticLambda1.accept:8 android.window.SurfaceSyncer$SyncSet.checkIfSyncIsComplete:382 android.window.SurfaceSyncer$SyncSet.markSyncReady:359 android.window.SurfaceSyncer.markSyncReady:151 android.view.ViewRootImpl.performTraversals:4503 
04-06 10:51:57.230 31656 31656 I ViewRootImpl@7f2009b[PopupWindow:f832caa]: reportDrawFinished seqId=0 mSyncId=-1 fn=1 mSurfaceChangedTransaction=0xb4000070a6e3f000
04-06 10:51:57.230 31656 31656 I ViewRootImpl@914008f[MainActivity]: reportDrawFinished seqId=0 mSyncId=-1 fn=2 mSurfaceChangedTransaction=0xb4000070d4154400
04-06 10:51:57.232 31656 31656 I ViewRootImpl@914008f[MainActivity]: MSG_WINDOW_FOCUS_CHANGED 1 0
04-06 10:51:57.233 31656 31656 I ViewRootImpl@914008f[MainActivity]: mThreadedRenderer.initializeIfNeeded()#2 mSurface={isValid=true 0xb4000070a70ef000}
04-06 10:51:57.233 31656 31656 W unknown:BridgelessReact: ReactHost{0}.raiseSoftException(onWindowFocusChange(hasFocus = "true")): Tried to access onWindowFocusChange while context is not ready
04-06 10:51:57.234 31656 31656 E unknown:ReactHost: Unhandled SoftException
04-06 10:51:57.234 31656 31656 E unknown:ReactHost: com.facebook.react.bridge.ReactNoCrashSoftException: raiseSoftException(onWindowFocusChange(hasFocus = "true")): Tried to access onWindowFocusChange while context is not ready
04-06 10:51:57.234 31656 31656 E unknown:ReactHost: 	at com.facebook.react.runtime.ReactHostImpl.raiseSoftException(ReactHostImpl.kt:861)
04-06 10:51:57.234 31656 31656 E unknown:ReactHost: 	at com.facebook.react.runtime.ReactHostImpl.raiseSoftException$default(ReactHostImpl.kt:852)
04-06 10:51:57.234 31656 31656 E unknown:ReactHost: 	at com.facebook.react.runtime.ReactHostImpl.onWindowFocusChange(ReactHostImpl.kt:625)
04-06 10:51:57.234 31656 31656 E unknown:ReactHost: 	at com.facebook.react.ReactDelegate.onWindowFocusChanged(ReactDelegate.kt:232)
04-06 10:51:57.234 31656 31656 E unknown:ReactHost: 	at com.facebook.react.ReactActivityDelegate.onWindowFocusChanged(ReactActivityDelegate.java:237)
04-06 10:51:57.234 31656 31656 E unknown:ReactHost: 	at expo.modules.ReactActivityDelegateWrapper$onWindowFocusChanged$1.invokeSuspend(ReactActivityDelegateWrapper.kt:320)
04-06 10:51:57.234 31656 31656 E unknown:ReactHost: 	at expo.modules.ReactActivityDelegateWrapper$onWindowFocusChanged$1.invoke(Unknown Source:8)
04-06 10:51:57.234 31656 31656 E unknown:ReactHost: 	at expo.modules.ReactActivityDelegateWrapper$onWindowFocusChanged$1.invoke(Unknown Source:4)
04-06 10:51:57.234 31656 31656 E unknown:ReactHost: 	at expo.modules.ReactActivityDelegateWrapper$launchLifecycleScopeWithLock$1.invokeSuspend(ReactActivityDelegateWrapper.kt:452)
04-06 10:51:57.234 31656 31656 E unknown:ReactHost: 	at kotlin.coroutines.jvm.internal.BaseContinuationImpl.resumeWith(ContinuationImpl.kt:33)
04-06 10:51:57.234 31656 31656 E unknown:ReactHost: 	at kotlinx.coroutines.internal.DispatchedContinuationKt.resumeCancellableWith(DispatchedContinuation.kt:375)
04-06 10:51:57.234 31656 31656 E unknown:ReactHost: 	at kotlinx.coroutines.intrinsics.CancellableKt.startCoroutineCancellable(Cancellable.kt:26)
04-06 10:51:57.234 31656 31656 E unknown:ReactHost: 	at kotlinx.coroutines.CoroutineStart.invoke(CoroutineStart.kt:358)
04-06 10:51:57.234 31656 31656 E unknown:ReactHost: 	at kotlinx.coroutines.AbstractCoroutine.start(AbstractCoroutine.kt:134)
04-06 10:51:57.234 31656 31656 E unknown:ReactHost: 	at kotlinx.coroutines.BuildersKt__Builders_commonKt.launch(Builders.common.kt:53)
04-06 10:51:57.234 31656 31656 E unknown:ReactHost: 	at kotlinx.coroutines.BuildersKt.launch(Unknown Source:1)
04-06 10:51:57.234 31656 31656 E unknown:ReactHost: 	at kotlinx.coroutines.BuildersKt__Builders_commonKt.launch$default(Builders.common.kt:44)
04-06 10:51:57.234 31656 31656 E unknown:ReactHost: 	at kotlinx.coroutines.BuildersKt.launch$default(Unknown Source:1)
04-06 10:51:57.234 31656 31656 E unknown:ReactHost: 	at expo.modules.ReactActivityDelegateWrapper.launchLifecycleScopeWithLock(ReactActivityDelegateWrapper.kt:450)
04-06 10:51:57.234 31656 31656 E unknown:ReactHost: 	at expo.modules.ReactActivityDelegateWrapper.launchLifecycleScopeWithLock$default(ReactActivityDelegateWrapper.kt:446)
04-06 10:51:57.234 31656 31656 E unknown:ReactHost: 	at expo.modules.ReactActivityDelegateWrapper.onWindowFocusChanged(ReactActivityDelegateWrapper.kt:318)
04-06 10:51:57.234 31656 31656 E unknown:ReactHost: 	at com.facebook.react.ReactActivity.onWindowFocusChanged(ReactActivity.java:158)
04-06 10:51:57.234 31656 31656 E unknown:ReactHost: 	at androidx.appcompat.view.WindowCallbackWrapper.onWindowFocusChanged(WindowCallbackWrapper.java:124)
04-06 10:51:57.234 31656 31656 E unknown:ReactHost: 	at com.android.internal.policy.DecorView.onWindowFocusChanged(DecorView.java:2710)
04-06 10:51:57.234 31656 31656 E unknown:ReactHost: 	at android.view.View.dispatchWindowFocusChanged(View.java:15817)
04-06 10:51:57.234 31656 31656 E unknown:ReactHost: 	at android.view.ViewGroup.dispatchWindowFocusChanged(ViewGroup.java:1512)
04-06 10:51:57.234 31656 31656 E unknown:ReactHost: 	at android.view.ViewRootImpl.handleWindowFocusChanged(ViewRootImpl.java:4678)
04-06 10:51:57.234 31656 31656 E unknown:ReactHost: 	at android.view.ViewRootImpl.-$$Nest$mhandleWindowFocusChanged(Unknown Source:0)
04-06 10:51:57.234 31656 31656 E unknown:ReactHost: 	at android.view.ViewRootImpl$ViewRootHandler.handleMessageImpl(ViewRootImpl.java:6788)
04-06 10:51:57.234 31656 31656 E unknown:ReactHost: 	at android.view.ViewRootImpl$ViewRootHandler.handleMessage(ViewRootImpl.java:6697)
04-06 10:51:57.234 31656 31656 E unknown:ReactHost: 	at android.os.Handler.dispatchMessage(Handler.java:106)
04-06 10:51:57.234 31656 31656 E unknown:ReactHost: 	at android.os.Looper.loopOnce(Looper.java:226)
04-06 10:51:57.234 31656 31656 E unknown:ReactHost: 	at android.os.Looper.loop(Looper.java:313)
04-06 10:51:57.234 31656 31656 E unknown:ReactHost: 	at android.app.ActivityThread.main(ActivityThread.java:8762)
04-06 10:51:57.234 31656 31656 E unknown:ReactHost: 	at java.lang.reflect.Method.invoke(Native Method)
04-06 10:51:57.234 31656 31656 E unknown:ReactHost: 	at com.android.internal.os.RuntimeInit$MethodAndArgsCaller.run(RuntimeInit.java:604)
04-06 10:51:57.234 31656 31656 E unknown:ReactHost: 	at com.android.internal.os.ZygoteInit.main(ZygoteInit.java:1067)
04-06 10:51:57.235 31656 31656 D InputMethodManager: startInputInner - Id : 0
04-06 10:51:57.235 31656 31656 I InputMethodManager: startInputInner - mService.startInputOrWindowGainedFocus
04-06 10:51:57.238 31656 31656 I ViewRootImpl@7f2009b[PopupWindow:f832caa]: handleResized, msg = 5 frames=ClientWindowFrames{frame=[0,88][1080,167] display=[0,88][1080,2256] parentFrame=[0,0][0,0] parentClippedByDisplayCutout=false} forceNextWindowRelayout=false displayId=0 resizeMode=-1 frameChanged=false displayFrameChanged=false configChanged=false displayChanged=false
04-06 10:51:57.238 31656 31656 I ViewRootImpl@7f2009b[PopupWindow:f832caa]: handleResized mSyncSeqId = 0
04-06 10:51:57.238 31656 31656 I ViewRootImpl@7f2009b[PopupWindow:f832caa]: reportNextDraw android.view.ViewRootImpl.handleResized:2450 android.view.ViewRootImpl.-$$Nest$mhandleResized:0 android.view.ViewRootImpl$ViewRootHandler.handleMessageImpl:6728 android.view.ViewRootImpl$ViewRootHandler.handleMessage:6697 android.os.Handler.dispatchMessage:106 
04-06 10:51:57.240 31656 31656 D InputMethodManager: startInputInner - Id : 0
04-06 10:51:57.247 31656 31656 I ViewRootImpl@7f2009b[PopupWindow:f832caa]: Setup new sync id=1
04-06 10:51:57.247 31656 31656 I ViewRootImpl@7f2009b[PopupWindow:f832caa]: Setting syncFrameCallback
04-06 10:51:57.247 31656 31656 I ViewRootImpl@7f2009b[PopupWindow:f832caa]: registerCallbacksForSync syncBuffer=false
04-06 10:51:57.249 31656 31733 I ViewRootImpl@7f2009b[PopupWindow:f832caa]: Received frameDrawingCallback syncResult=0 frameNum=3.
04-06 10:51:57.249 31656 31733 I ViewRootImpl@7f2009b[PopupWindow:f832caa]: Setting up sync and frameCommitCallback
04-06 10:51:57.254 31656 31713 I ViewRootImpl@7f2009b[PopupWindow:f832caa]: Received frameCommittedCallback lastAttemptedDrawFrameNum=3 didProduceBuffer=true
04-06 10:51:57.254 31656 31656 I ViewRootImpl@7f2009b[PopupWindow:f832caa]: onSyncComplete
04-06 10:51:57.254 31656 31656 I ViewRootImpl@7f2009b[PopupWindow:f832caa]: setupSync seqId=0 mSyncId=1 fn=3 caller=android.view.ViewRootImpl$$ExternalSyntheticLambda11.accept:6 android.window.SurfaceSyncer.lambda$setupSync$1$android-window-SurfaceSyncer:128 android.window.SurfaceSyncer$$ExternalSyntheticLambda1.accept:8 android.window.SurfaceSyncer$SyncSet.checkIfSyncIsComplete:382 android.window.SurfaceSyncer$SyncSet.markSyncReady:359 android.window.SurfaceSyncer.markSyncReady:151 android.view.ViewRootImpl.performTraversals:4503 
04-06 10:51:57.254 31656 31656 I ViewRootImpl@7f2009b[PopupWindow:f832caa]: reportDrawFinished seqId=0 mSyncId=-1 fn=3 mSurfaceChangedTransaction=0xb4000070a6e3f000
04-06 10:51:57.496 31656 31713 D OpenGLRenderer: setSurface called with nullptr
04-06 10:51:57.496 31656 31713 D OpenGLRenderer: setSurface() destroyed EGLSurface
04-06 10:51:57.496 31656 31713 D OpenGLRenderer: destroyEglSurface
04-06 10:51:57.496 31656 31731 D Detox.RNMarker: DOWNLOAD_END ({"url":"http:\/\/localhost:8081\/.expo\/.virtual-metro-entry.bundle?platform=android&dev=true&lazy=true&minify=false&app=com.evolucao.app&modulesOnly=false&runModule=true&excludeSource=true&sourcePaths=url-server","filesChangedCount":0})
04-06 10:51:57.496 31656 31731 W unknown:BridgelessReact: ReactHost{0}.loadJSBundleFromMetro(): Creating BundleLoader
04-06 10:51:57.497 31656 31656 I ViewRootImpl@7f2009b[PopupWindow:f832caa]: dispatchDetachedFromWindow
04-06 10:51:57.497 31656 31730 W unknown:BridgelessReact: ReactHost{0}.getOrCreateReactInstanceTask(): Creating BridgelessReactContext
04-06 10:51:57.499 31656 31730 W unknown:BridgelessReact: ReactHost{0}.getOrCreateReactInstanceTask(): Creating ReactInstance
04-06 10:51:57.499 31656 31656 D InputTransport: Input channel destroyed: '7ba4f4d', fd=125
04-06 10:51:57.500 31656 31656 D InsetsController: cancelAnimation of types: 1, animType: 0, host: com.evolucao.app/com.evolucao.app.MainActivity, from:android.view.InsetsController.notifyFinished:1375 android.view.InsetsAnimationThreadControlRunner$1.lambda$notifyFinished$0$android-view-InsetsAnimationThreadControlRunner$1:84 android.view.InsetsAnimationThreadControlRunner$1$$ExternalSyntheticLambda1.run:4 
04-06 10:51:57.500 31656 31656 D InsetsSourceConsumer: ensureControlPosition: Point(0, 0) for ITYPE_STATUS_BAR on com.evolucao.app/com.evolucao.app.MainActivity from android.view.InsetsSourceConsumer.notifyAnimationFinished:419
04-06 10:51:57.507 31656 31731 D TrafficStats: tagSocket(133) with statsTag=0xffffffff, statsUid=-1
04-06 10:51:57.509 31656 31730 D jni_lib_merge: Entering merged library JNI_OnLoad.
04-06 10:51:57.509 31656 31730 D jni_lib_merge: Preparing 4 pre-merged libs (including stub)
04-06 10:51:57.509 31656 31730 D jni_lib_merge: Preparing to register libhermes_executor_so.  onload_func: 0x702192efa4
04-06 10:51:57.509 31656 31730 D jni_lib_merge: Preparing to register libhermesinstancejni_so.  onload_func: 0x70219688b4
04-06 10:51:57.509 31656 31730 D jni_lib_merge: Preparing to register libjsijniprofiler_so.  onload_func: 0x702196a8f8
04-06 10:51:57.509 31656 31730 D jni_lib_merge: About to register 3 actual methods.
04-06 10:51:57.513 31656 31734 I ViewRootImpl@914008f[MainActivity]: mWNT: t=0xb4000070b078a900 mBlastBufferQueue=0xb4000070c2c34c00 fn= 2 caller= android.view.SyncRtSurfaceTransactionApplier.applyTransaction:96 android.view.SyncRtSurfaceTransactionApplier.lambda$scheduleApply$0$android-view-SyncRtSurfaceTransactionApplier:69 android.view.SyncRtSurfaceTransactionApplier$$ExternalSyntheticLambda0.onFrameDraw:4 
04-06 10:51:57.604 31656 31730 I ExpoModulesCore: ✅ AppContext was initialized
04-06 10:51:57.631 31656 31730 W unknown:BridgelessReact: ReactHost{0}.getOrCreateReactInstanceTask(): Loading JS Bundle
04-06 10:51:57.632 31656 31730 W unknown:BridgelessReact: ReactHost{0}.getOrCreateReactInstanceTask(): DevSupportManager.onNewReactContextCreated()
04-06 10:51:57.632 31656 31743 D Detox.RNMarker: RUN_JS_BUNDLE_START (/.virtual-metro-entry.bundle?platform=android&dev=true&lazy=true&minify=false&app=com.evolucao.app&modulesOnly=false&runModule=true&excludeSource=true&sourcePaths=url-server)
04-06 10:51:57.635 31656 31656 W unknown:ReactNative: Packager connection already open, nooping.
04-06 10:51:57.638 31656 31656 W unknown:BridgelessReact: ReactHost{0}.ReactContext.onHostResume()
04-06 10:51:57.639 31656 31730 W unknown:BridgelessReact: ReactHost{0}.startSurface(surfaceId = 0): Execute
04-06 10:51:57.642 31656 31656 W unknown:BridgelessReact: ReactHost{0}.getOrCreateReactInstanceTask(): Executing ReactInstanceEventListeners
04-06 10:51:57.642 31656 31656 I DetoxRNLoading: Got new RN-context through listener
04-06 10:51:57.643 31656 31686 I DetoxRNIdleRes: Setting up Espresso Idling Resources for React Native
04-06 10:51:57.651 31656 31656 D DetoxRNHelpers: Native RN module resolution (class com.reactnativecommunity.asyncstorage.AsyncStorageModule): no registered module found
04-06 10:51:57.651 31656 31686 D IdlingRegistry: Registering idling resources: [com.wix.detox.reactnative.idlingresources.uimodule.fabric.FabricUIManagerIdlingResources@556958a]
04-06 10:51:57.652 31656 31686 D IdlingRegistry: Registering idling resources: [com.wix.detox.reactnative.idlingresources.animations.AnimatedModuleIdlingResource@a29e7fb]
04-06 10:51:57.652 31656 31686 D IdlingRegistry: Registering idling resources: [com.wix.detox.reactnative.idlingresources.timers.FabricTimersIdlingResource@fa87018]
04-06 10:51:57.652 31656 31686 D IdlingRegistry: Registering idling resources: [com.wix.detox.reactnative.idlingresources.network.NetworkIdlingResource@76f3a71]
04-06 10:51:57.652 31656 31686 D IdlingRegistry: Registering idling resources: [com.wix.detox.reactnative.idlingresources.StabilizedIdlingResource@2908056]
04-06 10:51:57.665 31656 31744 W om.evolucao.app: Accessing hidden method Landroid/os/MessageQueue;->next()Landroid/os/Message; (unsupported, reflection, allowed)
04-06 10:51:57.665 31656 31744 W om.evolucao.app: Accessing hidden field Landroid/os/MessageQueue;->mMessages:Landroid/os/Message; (unsupported, reflection, allowed)
04-06 10:51:57.665 31656 31744 W om.evolucao.app: Accessing hidden method Landroid/os/Message;->recycleUnchecked()V (unsupported, reflection, allowed)
04-06 10:51:57.806 31656 31656 D DetoxRNHelpers: Native RN module resolution (class com.reactnativecommunity.asyncstorage.AsyncStorageModule): no registered module found
04-06 10:51:57.807 31656 31691 W om.evolucao.app: Long monitor contention with owner Instr: androidx.test.runner.AndroidJUnitRunner (31686) at void com.wix.detox.DetoxMain.launchActivityOnCue(android.content.Context, com.wix.detox.ActivityLaunchHelper)(DetoxMain.kt:53) waiters=0 in void com.wix.detox.DetoxMain$setupActionHandlers$SynchronizedActionHandler.handle(java.lang.String, long) for 869ms
04-06 10:51:57.877 31656 31744 I WebViewFactory: Loading com.google.android.webview version 146.0.7680.164 (code 768016403)
04-06 10:51:57.879 31656 31744 D ApplicationLoaders: Returning zygote-cached class loader: /system/framework/android.test.base.jar
04-06 10:51:57.882 31656 31744 D nativeloader: Configuring classloader-namespace for other apk /data/app/~~23ppwVuk64Fm9vdWCRWMMw==/com.google.android.webview-FPIphznatdLDx2VBYoD68A==/base.apk. target_sdk_version=36, uses_libraries=, library_path=/data/app/~~23ppwVuk64Fm9vdWCRWMMw==/com.google.android.webview-FPIphznatdLDx2VBYoD68A==/lib/arm64:/data/app/~~23ppwVuk64Fm9vdWCRWMMw==/com.google.android.webview-FPIphznatdLDx2VBYoD68A==/base.apk!/lib/arm64-v8a, permitted_path=/data:/mnt/expand
04-06 10:51:57.898 31656 31744 I cr_WVCFactoryProvider: version=146.0.7680.164 (768016403) minSdkVersion=29 multiprocess=true packageId=127 splits=<none>
04-06 10:51:57.903 31656 31759 I chromium: [0406/105157.903701:INFO:android_webview/browser/variations/variations_seed_loader.cc:67] Failed to open file for reading.: No such file or directory (2)
04-06 10:51:57.903 31656 31759 I chromium: [0406/105157.903864:INFO:android_webview/browser/variations/variations_seed_loader.cc:67] Failed to open file for reading.: No such file or directory (2)
04-06 10:51:57.908 31656 31744 I cr_LibraryLoader: Successfully loaded native library
04-06 10:51:57.909 31656 31744 I cr_CachingUmaRecorder: Flushed 16 samples from 16 histograms, 0 samples were dropped.
04-06 10:51:57.917 31656 31762 D TrafficStats: tagSocket(151) with statsTag=0xffffffff, statsUid=-1
04-06 10:51:57.919 31656 31762 D TrafficStats: tagSocket(151) with statsTag=0xffffffff, statsUid=-1
04-06 10:51:57.929 31656 31743 W BridgelessReactContext: [WARNING] Bridgeless doesn't support CatalystInstance. Accessing an API that's not part of the new architecture is not encouraged usage.
04-06 10:51:57.935 31656 31743 I ExpoModulesCore: ✅ JSI interop was installed
04-06 10:51:57.939 31656 31743 I ExpoModulesCore: ✅ Constants were exported
04-06 10:51:57.983 31656 31743 W unknown:ViewManagerPropertyUpdater: Could not find generated setter for class com.th3rdwave.safeareacontext.SafeAreaProviderManager
04-06 10:51:57.985 31656 31743 W unknown:ViewManagerPropertyUpdater: Could not find generated setter for class com.facebook.react.uimanager.LayoutShadowNode
04-06 10:51:57.987 31656 31743 W unknown:ViewManagerPropertyUpdater: Could not find generated setter for class com.swmansion.rnscreens.SearchBarManager
04-06 10:51:57.988 31656 31743 W unknown:ViewManagerPropertyUpdater: Could not find generated setter for class com.swmansion.rnscreens.ScreenFooterManager
04-06 10:51:57.988 31656 31743 W unknown:ViewManagerPropertyUpdater: Could not find generated setter for class com.swmansion.rnscreens.gamma.tabs.TabScreenViewManager
04-06 10:51:57.990 31656 31743 W unknown:ViewManagerPropertyUpdater: Could not find generated setter for class expo.modules.kotlin.views.GroupViewManagerWrapper
04-06 10:51:57.990 31656 31743 W unknown:ViewManagerPropertyUpdater: Could not find generated setter for class com.swmansion.rnscreens.ScreenContainerViewManager
04-06 10:51:57.991 31656 31743 W unknown:ViewManagerPropertyUpdater: Could not find generated setter for class com.swmansion.rnscreens.gamma.tabs.TabsHostViewManager
04-06 10:51:57.992 31656 31743 W unknown:ViewManagerPropertyUpdater: Could not find generated setter for class com.swmansion.rnscreens.ModalScreenViewManager
04-06 10:51:57.993 31656 31743 W unknown:ViewManagerPropertyUpdater: Could not find generated setter for class com.swmansion.rnscreens.ScreenStackHeaderConfigViewManager
04-06 10:51:57.994 31656 31743 W unknown:ViewManagerPropertyUpdater: Could not find generated setter for class com.swmansion.rnscreens.ScreenContentWrapperManager
04-06 10:51:57.994 31656 31743 W unknown:ViewManagerPropertyUpdater: Could not find generated setter for class com.th3rdwave.safeareacontext.SafeAreaViewManager
04-06 10:51:57.996 31656 31743 W unknown:ViewManagerPropertyUpdater: Could not find generated setter for class com.th3rdwave.safeareacontext.SafeAreaViewShadowNode
04-06 10:51:57.996 31656 31743 W unknown:ViewManagerPropertyUpdater: Could not find generated setter for class com.swmansion.rnscreens.safearea.SafeAreaViewManager
04-06 10:51:57.996 31656 31743 W unknown:ViewManagerPropertyUpdater: Could not find generated setter for class com.swmansion.rnscreens.safearea.paper.SafeAreaViewShadowNode
04-06 10:51:57.997 31656 31743 W unknown:ViewManagerPropertyUpdater: Could not find generated setter for class com.swmansion.rnscreens.ScreenViewManager
04-06 10:51:57.997 31656 31743 W unknown:ViewManagerPropertyUpdater: Could not find generated setter for class com.swmansion.rnscreens.gamma.stack.host.StackHostViewManager
04-06 10:51:57.998 31656 31743 W unknown:ViewManagerPropertyUpdater: Could not find generated setter for class com.swmansion.rnscreens.ScreenStackHeaderSubviewManager
04-06 10:51:57.998 31656 31743 W unknown:ViewManagerPropertyUpdater: Could not find generated setter for class com.swmansion.rnscreens.gamma.stack.screen.StackScreenViewManager
04-06 10:51:57.998 31656 31743 W unknown:ViewManagerPropertyUpdater: Could not find generated setter for class com.swmansion.rnscreens.ScreenStackViewManager
04-06 10:51:58.069 31656 31743 W unknown:ViewManagerPropertyUpdater: Could not find generated setter for class com.facebook.react.views.debuggingoverlay.DebuggingOverlayManager
04-06 10:51:58.074 31656 31743 W unknown:ViewManagerPropertyUpdater: Could not find generated setter for class com.swmansion.gesturehandler.react.RNGestureHandlerButtonViewManager
04-06 10:51:58.079 31656 31743 W unknown:ViewManagerPropertyUpdater: Could not find generated setter for class com.facebook.react.views.safeareaview.ReactSafeAreaViewManager
04-06 10:51:58.084 31656 31743 W unknown:ViewManagerPropertyUpdater: Could not find generated setter for class com.facebook.react.views.modal.ReactModalHostManager
04-06 10:51:58.088 31656 31743 W unknown:ViewManagerPropertyUpdater: Could not find generated setter for class com.facebook.react.views.text.frescosupport.FrescoBasedReactTextInlineImageViewManager
04-06 10:51:58.088 31656 31743 W unknown:ViewManagerPropertyUpdater: Could not find generated setter for class com.facebook.react.views.text.frescosupport.FrescoBasedReactTextInlineImageShadowNode
04-06 10:51:58.093 31656 31743 W unknown:ViewManagerPropertyUpdater: Could not find generated setter for class com.facebook.react.views.progressbar.ReactProgressBarViewManager
04-06 10:51:58.094 31656 31743 W unknown:ViewManagerPropertyUpdater: Could not find generated setter for class com.facebook.react.views.progressbar.ProgressBarShadowNode
04-06 10:51:58.099 31656 31743 W unknown:ViewManagerPropertyUpdater: Could not find generated setter for class com.facebook.react.views.scroll.ReactHorizontalScrollViewManager
04-06 10:51:58.105 31656 31743 W unknown:ViewManagerPropertyUpdater: Could not find generated setter for class com.facebook.react.views.image.ReactImageManager
04-06 10:51:58.111 31656 31743 W unknown:ViewManagerPropertyUpdater: Could not find generated setter for class com.facebook.react.views.text.ReactTextViewManager
04-06 10:51:58.112 31656 31743 W unknown:ViewManagerPropertyUpdater: Could not find generated setter for class com.facebook.react.views.text.ReactTextShadowNode
04-06 10:51:58.117 31656 31743 W unknown:ViewManagerPropertyUpdater: Could not find generated setter for class com.facebook.react.views.scroll.ReactHorizontalScrollContainerViewManager
04-06 10:51:58.122 31656 31743 W unknown:ViewManagerPropertyUpdater: Could not find generated setter for class com.facebook.react.views.unimplementedview.ReactUnimplementedViewManager
04-06 10:51:58.127 31656 31743 W unknown:ViewManagerPropertyUpdater: Could not find generated setter for class com.facebook.react.views.scroll.ReactScrollViewManager
04-06 10:51:58.133 31656 31743 W unknown:ViewManagerPropertyUpdater: Could not find generated setter for class com.facebook.react.views.view.ReactViewManager
04-06 10:51:58.138 31656 31743 W unknown:ViewManagerPropertyUpdater: Could not find generated setter for class com.facebook.react.views.drawer.ReactDrawerLayoutManager
04-06 10:51:58.144 31656 31743 W unknown:ViewManagerPropertyUpdater: Could not find generated setter for class com.facebook.react.views.switchview.ReactSwitchManager
04-06 10:51:58.144 31656 31743 W unknown:ViewManagerPropertyUpdater: Could not find generated setter for class com.facebook.react.views.switchview.ReactSwitchShadowNode
04-06 10:51:58.149 31656 31743 W unknown:ViewManagerPropertyUpdater: Could not find generated setter for class com.facebook.react.views.swiperefresh.SwipeRefreshLayoutManager
04-06 10:51:58.155 31656 31743 W unknown:ViewManagerPropertyUpdater: Could not find generated setter for class com.facebook.react.views.textinput.ReactTextInputManager
04-06 10:51:58.156 31656 31743 W unknown:ViewManagerPropertyUpdater: Could not find generated setter for class com.facebook.react.views.textinput.ReactTextInputShadowNode
04-06 10:51:58.162 31656 31743 W unknown:ViewManagerPropertyUpdater: Could not find generated setter for class com.swmansion.gesturehandler.react.RNGestureHandlerRootViewManager
04-06 10:51:58.196 31656 31762 D TrafficStats: tagSocket(153) with statsTag=0xffffffff, statsUid=-1
04-06 10:51:58.372 31656 31743 V AsyncStorageExpoMigration: No scoped database found
04-06 10:51:58.546 31656 31743 D Detox.RNMarker: RUN_JS_BUNDLE_END (/.virtual-metro-entry.bundle?platform=android&dev=true&lazy=true&minify=false&app=com.evolucao.app&modulesOnly=false&runModule=true&excludeSource=true&sourcePaths=url-server)
04-06 10:51:58.548 31656 31743 I ReactNativeJS: Running "main" with {"rootTag":1,"initialProps":{},"fabric":true}
04-06 10:51:58.624 31656 31767 D TrafficStats: tagSocket(142) with statsTag=0xffffffff, statsUid=-1
04-06 10:51:58.748 31656 31656 I DecorView: notifyKeepScreenOnChanged: keepScreenOn=true
04-06 10:51:58.756 31656 31656 I ViewRootImpl@914008f[MainActivity]: performTraversals params={(0,0)(fillxfill) sim={adjust=resize} layoutInDisplayCutoutMode=always ty=BASE_APPLICATION wanim=0x1030309
04-06 10:51:58.756 31656 31656 I ViewRootImpl@914008f[MainActivity]:   fl=81810180
04-06 10:51:58.756 31656 31656 I ViewRootImpl@914008f[MainActivity]:   pfl=16020040
04-06 10:51:58.756 31656 31656 I ViewRootImpl@914008f[MainActivity]:   vsysui=100
04-06 10:51:58.756 31656 31656 I ViewRootImpl@914008f[MainActivity]:   bhv=DEFAULT
04-06 10:51:58.756 31656 31656 I ViewRootImpl@914008f[MainActivity]:   fitSides= naviIconColor=0}
04-06 10:51:58.757 31656 31656 I ViewRootImpl@914008f[MainActivity]: performTraversals mFirst=false windowShouldResize=false viewVisibilityChanged=false mForceNextWindowRelayout=false params={(0,0)(fillxfill) sim={adjust=resize} layoutInDisplayCutoutMode=always ty=BASE_APPLICATION wanim=0x1030309
04-06 10:51:58.757 31656 31656 I ViewRootImpl@914008f[MainActivity]:   fl=81810180
04-06 10:51:58.757 31656 31656 I ViewRootImpl@914008f[MainActivity]:   pfl=16020040
04-06 10:51:58.757 31656 31656 I ViewRootImpl@914008f[MainActivity]:   vsysui=100
04-06 10:51:58.757 31656 31656 I ViewRootImpl@914008f[MainActivity]:   bhv=DEFAULT
04-06 10:51:58.757 31656 31656 I ViewRootImpl@914008f[MainActivity]:   fitSides= naviIconColor=0}
04-06 10:51:58.768 31656 31656 I ViewRootImpl@914008f[MainActivity]: updateBlastSurfaceIfNeeded mBlastBufferQueue=0xb4000070c2c34c00 isSameSurfaceControl=true
04-06 10:51:58.769 31656 31656 I BLASTBufferQueue: update, w= 1080 h= 2400 mName = ViewRootImpl@914008f[MainActivity] mNativeObject= 0xb4000070c2c34c00 sc.mNativeObject= 0xb40000700ee92f20 format= -1 caller= android.view.ViewRootImpl.updateBlastSurfaceIfNeeded:2898 android.view.ViewRootImpl.relayoutWindow:9847 android.view.ViewRootImpl.performTraversals:3884 android.view.ViewRootImpl.doTraversal:3116 android.view.ViewRootImpl$TraversalRunnable.run:10885 android.view.Choreographer$CallbackRecord.run:1301 
04-06 10:51:58.769 31656 31656 I ViewRootImpl@914008f[MainActivity]: Relayout returned: old=(0,0,1080,2400) new=(0,0,1080,2400) req=(1080,2400)0 dur=10 res=0x0 s={true 0xb4000070a70ef000} ch=false seqId=0
04-06 10:51:58.772 31656 31656 D Detox.RNMarker: CONTENT_APPEARED (main)
04-06 10:51:58.775 31656 31743 D D