02:33:22.767 detox[28756] [90mB[39m node_modules\detox\local-cli\cli.js test --configuration android.attached e2e/questionnaire.test.js
  data: {
    "id": "6a9d756d-9a01-39ad-0366-19b1640058e2",
    "detoxConfig": {
      "configurationName": "android.attached",
      "apps": {
        "default": {
          "type": "android.apk",
          "binaryPath": "android/app/build/outputs/apk/debug/app-debug.apk",
          "testBinaryPath": "android/app/build/outputs/apk/androidTest/debug/app-debug-androidTest.apk",
          "build": "powershell -ExecutionPolicy Bypass -Command \"Set-Location android; .\\gradlew.bat assembleDebug assembleAndroidTest -DtestBuildType=debug\"",
          "reversePorts": [
            8081
          ]
        }
      },
      "artifacts": {
        "rootDir": "artifacts\\e2e\\android.attached.2026-04-06 05-33-22Z",
        "plugins": {
          "log": {
            "enabled": true,
            "keepOnlyFailedTestsArtifacts": false
          },
          "screenshot": {
            "shouldTakeAutomaticSnapshots": true,
            "takeWhen": {
              "testStart": false,
              "testDone": false,
              "appNotReady": true,
              "testFailure": true
            },
            "enabled": true,
            "keepOnlyFailedTestsArtifacts": false
          },
          "video": {
            "enabled": false,
            "keepOnlyFailedTestsArtifacts": false
          },
          "instruments": {
            "enabled": false,
            "keepOnlyFailedTestsArtifacts": false
          },
          "uiHierarchy": {
            "enabled": true,
            "keepOnlyFailedTestsArtifacts": false
          }
        }
      },
      "behavior": {
        "init": {
          "keepLockFile": false,
          "reinstallApp": true,
          "exposeGlobals": true
        },
        "cleanup": {
          "shutdownDevice": false
        },
        "launchApp": "auto"
      },
      "cli": {
        "configuration": "android.attached",
        "start": true
      },
      "commands": [
        {
          "appName": "default",
          "build": "powershell -ExecutionPolicy Bypass -Command \"Set-Location android; .\\gradlew.bat assembleDebug assembleAndroidTest -DtestBuildType=debug\""
        }
      ],
      "device": {
        "type": "android.attached",
        "device": {
          "adbName": ".*"
        }
      },
      "logger": {
        "level": "info",
        "overrideConsole": true,
        "options": {
          "showLoggerName": true,
          "showPid": true,
          "showLevel": false,
          "showMetadata": false,
          "basepath": "C:\\Users\\USER\\Downloads\\Evolucao_full_v2\\node_modules\\detox\\src",
          "prefixers": {},
          "stringifiers": {}
        }
      },
      "testRunner": {
        "retries": 0,
        "forwardEnv": false,
        "detached": false,
        "bail": false,
        "noRetryArgs": [
          "shard"
        ],
        "jest": {
          "setupTimeout": 120000,
          "teardownTimeout": 30000,
          "retryAfterCircusRetries": false,
          "reportWorkerAssign": true
        },
        "args": {
          "$0": "jest",
          "_": [
            "e2e/questionnaire.test.js"
          ],
          "config": "e2e/jest.config.js",
          "--": []
        }
      },
      "session": {
        "autoStart": true,
        "debugSynchronization": 10000
      }
    },
    "detoxIPCServer": "primary-28756",
    "testResults": [],
    "testSessionIndex": 0,
    "workersCount": 0
  }
02:33:22.790 detox[28756] [90mi[39m Server path not specified, so defaulting to ipc.config.socketRoot + ipc.config.appspace + ipc.config.id /tmp/detox.primary-28756
02:33:22.792 detox[28756] [90mi[39m starting server on  /tmp/detox.primary-28756 
02:33:22.792 detox[28756] [90mi[39m starting TLS server false
02:33:22.793 detox[28756] [90mi[39m starting server as Unix || Windows Socket
02:33:22.795 detox[28756] [90mi[39m Detox server listening on localhost:59189...
02:33:22.798 detox[28756] [90mi[39m Serialized the session state at: C:\Users\USER\AppData\Local\Temp\6a9d756d-9a01-39ad-0366-19b1640058e2.detox.json
02:33:22.799 detox[28756] [90mB[39m jest --config e2e/jest.config.js e2e/questionnaire.test.js
02:33:22.809 detox[28756] [90mi[39m (node:28756) [DEP0190] DeprecationWarning: Passing args to a child process with shell option true can lead to security vulnerabilities, as the arguments are not escaped, only concatenated.
(Use `node --trace-deprecation ...` to show where the warning was created)
02:33:23.247 detox[23740] [90mi[39m Service path not specified, so defaulting to ipc.config.socketRoot + ipc.config.appspace + id 
02:33:23.248 detox[23740] [90mi[39m requested connection to  primary-28756 /tmp/detox.primary-28756
02:33:23.248 detox[23740] [90mi[39m Connecting client on Unix Socket : /tmp/detox.primary-28756
02:33:23.249 detox[23740] [90mi[39m retrying reset
02:33:23.249 detox[23740] [90mi[39m dispatching event to  primary-28756 /tmp/detox.primary-28756  :  registerContext , { id: 'secondary-23740' }
02:33:23.249 detox[28756] [90mi[39m ## socket connection to server detected ##
02:33:23.250 detox[28756] [90mi[39m received event of :  registerContext { id: 'secondary-23740' }
02:33:23.250 detox[28756] [90mi[39m dispatching event to socket  :  registerContextDone {
  testResults: [],
  testSessionIndex: 0,
  unsafe_earlyTeardown: undefined
}
02:33:23.251 detox[23740] [90mi[39m ## received events ##
02:33:23.251 detox[23740] [90mi[39m detected event registerContextDone { testResults: [], testSessionIndex: 0 }
02:33:23.345 detox[23740] [90mB[39m e2e\questionnaire.test.js
02:33:23.367 detox[23740] [90mB[39m set up environment
02:33:23.368 detox[23740] [90mi[39m dispatching event to  primary-28756 /tmp/detox.primary-28756  :  registerWorker , { workerId: 'w1' }
02:33:23.369 detox[23740] [90mi[39m ## received events ##
02:33:23.369 detox[23740] [90mi[39m detected event registerWorkerDone { workersCount: 1 }
02:33:23.369 detox[28756] [90mi[39m received event of :  registerWorker { workerId: 'w1' }
02:33:23.369 detox[28756] [90mi[39m dispatching event to socket  :  registerWorkerDone { workersCount: 1 }
02:33:23.369 detox[28756] [90mi[39m broadcasting event to all known sockets listening to  \\.\pipe\tmp-detox.primary-28756  :   sessionStateUpdate { workersCount: 1 }
02:33:23.544 detox[23740] [90mi[39m ## received events ##
02:33:23.544 detox[23740] [90mi[39m detected event sessionStateUpdate { workersCount: 1 }
02:33:23.547 detox[28756] [90mB[39m connection :59189<->:59190
02:33:23.548 detox[23740] [90mi[39m opened web socket to: ws://localhost:59189
02:33:23.550 detox[23740] [90mi[39m send message
  data: {"type":"login","params":{"sessionId":"ed8f8244-593f-ac52-b648-1d6f2629dd3e","role":"tester"},"messageId":0}
02:33:23.551 detox[28756] [90mi[39m get
  data: {"type":"login","params":{"sessionId":"ed8f8244-593f-ac52-b648-1d6f2629dd3e","role":"tester"},"messageId":0}
02:33:23.551 detox[28756] [90mi[39m created session ed8f8244-593f-ac52-b648-1d6f2629dd3e
02:33:23.551 detox[28756] [90mi[39m send
  data: {
    "type": "loginSuccess",
    "params": {
      "testerConnected": true,
      "appConnected": false
    },
    "messageId": 0
  }
02:33:23.552 detox[23740] [90mi[39m get message
  data: {"type":"loginSuccess","params":{"testerConnected":true,"appConnected":false},"messageId":0}
   
02:33:23.552 detox[28756] [90mi[39m tester joined session ed8f8244-593f-ac52-b648-1d6f2629dd3e
02:33:23.589 detox[23740] [90mi[39m dispatching event to  primary-28756 /tmp/detox.primary-28756  :  allocateDevice , {
  deviceConfig: { type: 'android.attached', device: { adbName: '.*' } }
}
02:33:23.589 detox[28756] [90mi[39m received event of :  allocateDevice {
  deviceConfig: { type: 'android.attached', device: { adbName: '.*' } }
}
02:33:23.610 detox[28756] [90mB[39m init
  args: ()
02:33:23.613 detox[28756] [90mE[39m init
02:33:23.613 detox[28756] [90mB[39m allocate
  data: {
    "type": "android.attached",
    "device": {
      "adbName": ".*"
    }
  }
02:33:23.614 detox[28756] [90mi[39m "C:\Users\USER\AppData\Local\Android\Sdk\platform-tools\adb.EXE"  devices
02:33:23.642 detox[28756] [90mi[39m List of devices attached
RQ8T209ZTAF	device


02:33:23.642 detox[28756] [90mi[39m Device RQ8T209ZTAF is already taken, skipping...
02:33:23.643 detox[28756] [90mi[39m settled on null
  data: {
    "id": null,
    "adbName": null
  }
02:33:23.643 detox[28756] [90mE[39m allocate
02:33:23.643 detox[28756] [90mB[39m post-allocate: null
  data: {
    "id": null,
    "adbName": null
  }
02:33:23.643 detox[28756] [90mi[39m "C:\Users\USER\AppData\Local\Android\Sdk\platform-tools\adb.EXE"  shell "getprop ro.build.version.sdk"
02:33:23.719 detox[28756] [90mi[39m 33

02:33:23.720 detox[28756] [90mi[39m "C:\Users\USER\AppData\Local\Android\Sdk\platform-tools\adb.EXE"  shell "dumpsys power | grep \"^[ ]*m[UW].*=\""
02:33:23.940 detox[28756] [90mi[39m   mWakefulness=Awake
  mWakefulnessChanging=false
  mWakeLockSummary=0x23
  mWakeUpWhenPluggedOrUnpluggedConfig=true
  mWakeUpWhenPluggedOrUnpluggedInTheaterModeConfig=false
  mDreamsBatteryLevelMinimumWhenPoweredConfig=-1
  mDreamsBatteryLevelMinimumWhenNotPoweredConfig=15
  mScreenBrightnessOverrideFromWindowManager=NaN
  mUserActivityTimeoutOverrideFromWindowManager=-1
  mUserActivityTimeoutForDexOverrideFromWindowManager=-1
  mUserInactiveOverrideFromWindowManager=false
  mUserId=0
  mWakeLockSummary=0x23

02:33:23.941 detox[23740] [90mi[39m ## received events ##
02:33:23.941 detox[23740] [90mi[39m detected event allocateDeviceDone { deviceCookie: { id: null, adbName: null } }
02:33:23.941 detox[28756] [90mE[39m post-allocate: null
02:33:23.941 detox[28756] [90mi[39m dispatching event to socket  :  allocateDeviceDone { deviceCookie: { id: null, adbName: null } }
02:33:23.962 detox[23740] [90mB[39m onBootDevice
  args: ({"deviceId":null})
02:33:23.962 detox[23740] [90mE[39m onBootDevice
02:33:23.963 detox[23740] [90mB[39m installUtilBinaries
  args: ()
02:33:23.963 detox[23740] [90mE[39m installUtilBinaries
02:33:23.963 detox[23740] [90mB[39m selectApp
  args: ("default")
02:33:23.964 detox[23740] [90mi[39m "C:\Users\USER\AppData\Local\Android\Sdk\build-tools\36.1.0\aapt.EXE" dump badging "C:\Users\USER\Downloads\Evolucao_full_v2\android\app\build\outputs\apk\debug\app-debug.apk"
02:33:23.991 detox[23740] [90mi[39m package: name='com.evolucao.app' versionCode='1' versionName='1.0.0' platformBuildVersionName='16' platformBuildVersionCode='36' compileSdkVersion='36' compileSdkVersionCodename='16'
sdkVersion:'24'
targetSdkVersion:'36'
uses-permission: name='android.permission.SYSTEM_ALERT_WINDOW'
uses-permission: name='android.permission.INTERNET'
uses-permission: name='android.permission.READ_EXTERNAL_STORAGE' maxSdkVersion='32'
uses-permission: name='android.permission.VIBRATE'
uses-permission: name='android.permission.POST_NOTIFICATIONS'
uses-permission: name='android.permission.WRITE_EXTERNAL_STORAGE' maxSdkVersion='32'
uses-permission: name='android.permission.CAMERA'
uses-permission: name='android.permission.RECEIVE_BOOT_COMPLETED'
uses-permission: name='android.permission.ACCESS_NETWORK_STATE'
uses-permission: name='android.permission.WAKE_LOCK'
uses-permission: name='com.google.android.c2dm.permission.RECEIVE'
uses-permission: name='com.evolucao.app.DYNAMIC_RECEIVER_NOT_EXPORTED_PERMISSION'
uses-permission: name='com.google.android.finsky.permission.BIND_GET_INSTALL_REFERRER_SERVICE'
uses-permission: name='com.sec.android.provider.badge.permission.READ'
uses-permission: name='com.sec.android.provider.badge.permission.WRITE'
uses-permission: name='com.htc.launcher.permission.READ_SETTINGS'
uses-permission: name='com.htc.launcher.permission.UPDATE_SHORTCUT'
uses-permission: name='com.sonyericsson.home.permission.BROADCAST_BADGE'
uses-permission: name='com.sonymobile.home.permission.PROVIDER_INSERT_BADGE'
uses-permission: name='com.anddoes.launcher.permission.UPDATE_COUNT'
uses-permission: name='com.majeur.launcher.permission.UPDATE_BADGE'
uses-permission: name='com.huawei.android.launcher.permission.CHANGE_BADGE'
uses-permission: name='com.huawei.android.launcher.permission.READ_SETTINGS'
uses-permission: name='com.huawei.android.launcher.permission.WRITE_SETTINGS'
uses-permission: name='android.permission.READ_APP_BADGE'
uses-permission: name='com.oppo.launcher.permission.READ_SETTINGS'
uses-permission: name='com.oppo.launcher.permission.WRITE_SETTINGS'
uses-permission: name='me.everything.badger.permission.BADGE_COUNT_READ'
uses-permission: name='me.everything.badger.permission.BADGE_COUNT_WRITE'
application-label:'Evolucao'
application-label-af:'Evolucao'
application-label-am:'Evolucao'
application-label-ar:'Evolucao'
application-label-as:'Evolucao'
application-label-az:'Evolucao'
application-label-be:'Evolucao'
application-label-bg:'Evolucao'
application-label-bn:'Evolucao'
application-label-bs:'Evolucao'
application-label-ca:'Evolucao'
application-label-cs:'Evolucao'
application-label-da:'Evolucao'
application-label-de:'Evolucao'
application-label-el:'Evolucao'
application-label-en-AU:'Evolucao'
application-label-en-CA:'Evolucao'
application-label-en-GB:'Evolucao'
application-label-en-IN:'Evolucao'
application-label-en-XC:'Evolucao'
application-label-es:'Evolucao'
application-label-es-419:'Evolucao'
application-label-es-ES:'Evolucao'
application-label-es-GT:'Evolucao'
application-label-es-US:'Evolucao'
application-label-et:'Evolucao'
application-label-eu:'Evolucao'
application-label-fa:'Evolucao'
application-label-fi:'Evolucao'
application-label-fr:'Evolucao'
application-label-fr-CA:'Evolucao'
application-label-gl:'Evolucao'
application-label-gu:'Evolucao'
application-label-hi:'Evolucao'
application-label-hr:'Evolucao'
application-label-hu:'Evolucao'
application-label-hy:'Evolucao'
application-label-in:'Evolucao'
application-label-is:'Evolucao'
application-label-it:'Evolucao'
application-label-iw:'Evolucao'
application-label-ja:'Evolucao'
application-label-ka:'Evolucao'
application-label-kk:'Evolucao'
application-label-km:'Evolucao'
application-label-kn:'Evolucao'
application-label-ko:'Evolucao'
application-label-ky:'Evolucao'
application-label-lo:'Evolucao'
application-label-lt:'Evolucao'
application-label-lv:'Evolucao'
application-label-mk:'Evolucao'
application-label-ml:'Evolucao'
application-label-mn:'Evolucao'
application-label-mr:'Evolucao'
application-label-ms:'Evolucao'
application-label-my:'Evolucao'
application-label-nb:'Evolucao'
application-label-ne:'Evolucao'
application-label-nl:'Evolucao'
application-label-or:'Evolucao'
application-label-pa:'Evolucao'
application-label-pl:'Evolucao'
application-label-pt:'Evolucao'
application-label-pt-BR:'Evolucao'
application-label-pt-PT:'Evolucao'
application-label-ro:'Evolucao'
application-label-ru:'Evolucao'
application-label-ru-RU:'Evolucao'
application-label-si:'Evolucao'
application-label-sk:'Evolucao'
application-label-sl:'Evolucao'
application-label-sq:'Evolucao'
application-label-sr:'Evolucao'
application-label-sr-Latn:'Evolucao'
application-label-sv:'Evolucao'
application-label-sw:'Evolucao'
application-label-ta:'Evolucao'
application-label-te:'Evolucao'
application-label-th:'Evolucao'
application-label-tl:'Evolucao'
application-label-tr:'Evolucao'
application-label-uk:'Evolucao'
application-label-ur:'Evolucao'
application-label-uz:'Evolucao'
application-label-vi:'Evolucao'
application-label-zh:'Evolucao'
application-label-zh-CN:'Evolucao'
application-label-zh-HK:'Evolucao'
application-label-zh-TW:'Evolucao'
application-label-zu:'Evolucao'
application-icon-160:'res/mipmap-mdpi-v4/ic_launcher.webp'
application-icon-240:'res/mipmap-hdpi-v4/ic_launcher.webp'
application-icon-320:'res/mipmap-xhdpi-v4/ic_launcher.webp'
application-icon-480:'res/mipmap-xxhdpi-v4/ic_launcher.webp'
application-icon-640:'res/mipmap-xxxhdpi-v4/ic_launcher.webp'
application: label='Evolucao' icon='res/mipmap-mdpi-v4/ic_launcher.webp'
application-debuggable
launchable-activity: name='com.evolucao.app.MainActivity'  label='' icon=''
feature-group: label=''
  uses-feature: name='android.hardware.camera'
  uses-implied-feature: name='android.hardware.camera' reason='requested android.permission.CAMERA permission'
  uses-feature: name='android.hardware.faketouch'
  uses-implied-feature: name='android.hardware.faketouch' reason='default feature for all apps'
  uses-feature: name='android.hardware.screen.portrait'
  uses-implied-feature: name='android.hardware.screen.portrait' reason='one or more activities have specified a portrait orientation'
main
other-activities
other-receivers
other-services
supports-screens: 'small' 'normal' 'large' 'xlarge'
supports-any-density: 'true'
locales: '--_--' 'af' 'am' 'ar' 'as' 'az' 'be' 'bg' 'bn' 'bs' 'ca' 'cs' 'da' 'de' 'el' 'en-AU' 'en-CA' 'en-GB' 'en-IN' 'en-XC' 'es' 'es-419' 'es-ES' 'es-GT' 'es-US' 'et' 'eu' 'fa' 'fi' 'fr' 'fr-CA' 'gl' 'gu' 'hi' 'hr' 'hu' 'hy' 'in' 'is' 'it' 'iw' 'ja' 'ka' 'kk' 'km' 'kn' 'ko' 'ky' 'lo' 'lt' 'lv' 'mk' 'ml' 'mn' 'mr' 'ms' 'my' 'nb' 'ne' 'nl' 'or' 'pa' 'pl' 'pt' 'pt-BR' 'pt-PT' 'ro' 'ru' 'ru-RU' 'si' 'sk' 'sl' 'sq' 'sr' 'sr-Latn' 'sv' 'sw' 'ta' 'te' 'th' 'tl' 'tr' 'uk' 'ur' 'uz' 'vi' 'zh' 'zh-CN' 'zh-HK' 'zh-TW' 'zu'
densities: '160' '240' '320' '480' '640'
native-code: 'arm64-v8a' 'armeabi-v7a' 'x86' 'x86_64'

02:33:23.991 detox[23740] [90mE[39m selectApp
02:33:23.991 detox[23740] [90mB[39m uninstallApp
  args: ()
02:33:23.992 detox[23740] [90mB[39m onBeforeUninstallApp
  args: ({"deviceId":null,"bundleId":"com.evolucao.app"})
02:33:23.992 detox[23740] [90mE[39m onBeforeUninstallApp
02:33:23.992 detox[23740] [90mi[39m "C:\Users\USER\AppData\Local\Android\Sdk\platform-tools\adb.EXE"  shell "pm list packages com.evolucao.app"
02:33:24.130 detox[23740] [90mi[39m package:com.evolucao.app.test
package:com.evolucao.app

02:33:24.130 detox[23740] [90mi[39m "C:\Users\USER\AppData\Local\Android\Sdk\platform-tools\adb.EXE"  uninstall com.evolucao.app
02:33:24.472 detox[23740] [90mi[39m Success

02:33:24.472 detox[23740] [90mi[39m "C:\Users\USER\AppData\Local\Android\Sdk\platform-tools\adb.EXE"  shell "pm list packages com.evolucao.app.test"
02:33:24.605 detox[23740] [90mi[39m package:com.evolucao.app.test

02:33:24.605 detox[23740] [90mi[39m "C:\Users\USER\AppData\Local\Android\Sdk\platform-tools\adb.EXE"  uninstall com.evolucao.app.test
02:33:25.002 detox[23740] [90mi[39m Success

02:33:25.002 detox[23740] [90mE[39m uninstallApp
02:33:25.003 detox[23740] [90mB[39m selectApp
  args: ("default")
02:33:25.004 detox[23740] [90mB[39m terminateApp
  args: ()
02:33:25.004 detox[23740] [90mB[39m onBeforeTerminateApp
  args: ({"deviceId":null,"bundleId":"com.evolucao.app"})
02:33:25.004 detox[23740] [90mE[39m onBeforeTerminateApp
02:33:25.004 detox[23740] [90mi[39m "C:\Users\USER\AppData\Local\Android\Sdk\platform-tools\adb.EXE"  shell "am force-stop com.evolucao.app"
02:33:25.154 detox[23740] [90mi[39m 
02:33:25.154 detox[23740] [90mB[39m onTerminateApp
  args: ({"deviceId":null,"bundleId":"com.evolucao.app"})
02:33:25.155 detox[23740] [90mE[39m onTerminateApp
02:33:25.155 detox[23740] [90mE[39m terminateApp
02:33:25.155 detox[23740] [90mE[39m selectApp
02:33:25.155 detox[23740] [90mB[39m installApp
  args: ()
02:33:25.155 detox[23740] [90mi[39m "C:\Users\USER\AppData\Local\Android\Sdk\build-tools\36.1.0\aapt.EXE" dump xmlstrings "C:\Users\USER\Downloads\Evolucao_full_v2\android\app\build\outputs\apk\debug\app-debug.apk" AndroidManifest.xml
02:33:25.179 detox[23740] [90mi[39m String pool of 172 unique UTF-16 non-sorted strings, 172 entries and 0 styles using 12516 bytes:
String #0: theme
String #1: label
String #2: icon
String #3: name
String #4: permission
String #5: protectionLevel
String #6: enabled
String #7: debuggable
String #8: exported
String #9: taskAffinity
String #10: excludeFromRecents
String #11: authorities
String #12: initOrder
String #13: grantUriPermissions
String #14: priority
String #15: launchMode
String #16: screenOrientation
String #17: configChanges
String #18: value
String #19: resource
String #20: mimeType
String #21: scheme
String #22: minSdkVersion
String #23: versionCode
String #24: versionName
String #25: windowSoftInputMode
String #26: noHistory
String #27: targetSdkVersion
String #28: maxSdkVersion
String #29: allowBackup
String #30: supportsRtl
String #31: extractNativeLibs
String #32: usesCleartextTraffic
String #33: directBootAware
String #34: roundIcon
String #35: compileSdkVersion
String #36: compileSdkVersionCodename
String #37: appComponentFactory
String #38: enableOnBackInvokedCallback
String #39: 
String #40: */*
String #41: 1.0.0
String #42: 16
String #43: ALWAYS
String #44: action
String #45: activity
String #46: android
String #47: android.intent.action.BOOT_COMPLETED
String #48: android.intent.action.GET_CONTENT
String #49: android.intent.action.MAIN
String #50: android.intent.action.MY_PACKAGE_REPLACED
String #51: android.intent.action.OPEN_DOCUMENT_TREE
String #52: android.intent.action.QUICKBOOT_POWERON
String #53: android.intent.action.REBOOT
String #54: android.intent.action.VIEW
String #55: android.intent.category.BROWSABLE
String #56: android.intent.category.LAUNCHER
String #57: android.intent.category.OPENABLE
String #58: android.media.action.ACTION_VIDEO_CAPTURE
String #59: android.media.action.IMAGE_CAPTURE
String #60: android.permission.ACCESS_NETWORK_STATE
String #61: android.permission.BIND_JOB_SERVICE
String #62: android.permission.CAMERA
String #63: android.permission.DUMP
String #64: android.permission.INTERNET
String #65: android.permission.POST_NOTIFICATIONS
String #66: android.permission.READ_APP_BADGE
String #67: android.permission.READ_EXTERNAL_STORAGE
String #68: android.permission.RECEIVE_BOOT_COMPLETED
String #69: android.permission.SYSTEM_ALERT_WINDOW
String #70: android.permission.VIBRATE
String #71: android.permission.WAKE_LOCK
String #72: android.permission.WRITE_EXTERNAL_STORAGE
String #73: android.support.FILE_PROVIDER_PATHS
String #74: androidx.core.app.CoreComponentFactory
String #75: androidx.emoji2.text.EmojiCompatInitializer
String #76: androidx.lifecycle.ProcessLifecycleInitializer
String #77: androidx.profileinstaller.ProfileInstallReceiver
String #78: androidx.profileinstaller.ProfileInstallerInitializer
String #79: androidx.profileinstaller.action.BENCHMARK_OPERATION
String #80: androidx.profileinstaller.action.INSTALL_PROFILE
String #81: androidx.profileinstaller.action.SAVE_PROFILE
String #82: androidx.profileinstaller.action.SKIP_FILE
String #83: androidx.startup
String #84: androidx.startup.InitializationProvider
String #85: application
String #86: backend:com.google.android.datatransport.cct.CctBackendFactory
String #87: category
String #88: cct
String #89: com.anddoes.launcher.permission.UPDATE_COUNT
String #90: com.canhub.cropper.CropFileProvider
String #91: com.canhub.cropper.CropImageActivity
String #92: com.evolucao.app
String #93: com.evolucao.app.DYNAMIC_RECEIVER_NOT_EXPORTED_PERMISSION
String #94: com.evolucao.app.FileSystemFileProvider
String #95: com.evolucao.app.ImagePickerFileProvider
String #96: com.evolucao.app.MainActivity
String #97: com.evolucao.app.MainApplication
String #98: com.evolucao.app.androidx-startup
String #99: com.evolucao.app.cropper.fileprovider
String #100: com.evolucao.app.firebaseinitprovider
String #101: com.facebook.react.devsupport.DevSettingsActivity
String #102: com.facebook.soloader.enabled
String #103: com.google.android.c2dm.intent.RECEIVE
String #104: com.google.android.c2dm.permission.RECEIVE
String #105: com.google.android.c2dm.permission.SEND
String #106: com.google.android.datatransport.runtime.backends.TransportBackendDiscovery
String #107: com.google.android.datatransport.runtime.scheduling.jobscheduling.AlarmManagerSchedulerBroadcastReceiver
String #108: com.google.android.datatransport.runtime.scheduling.jobscheduling.JobInfoSchedulerService
String #109: com.google.android.finsky.permission.BIND_GET_INSTALL_REFERRER_SERVICE
String #110: com.google.android.gms.cloudmessaging.FINISHED_AFTER_HANDLED
String #111: com.google.android.gms.common.api.GoogleApiActivity
String #112: com.google.android.gms.metadata.MODULE_DEPENDENCIES
String #113: com.google.android.gms.metadata.ModuleDependencies
String #114: com.google.android.gms.version
String #115: com.google.firebase.MESSAGING_EVENT
String #116: com.google.firebase.components.ComponentDiscoveryService
String #117: com.google.firebase.components.ComponentRegistrar
String #118: com.google.firebase.components:com.google.firebase.FirebaseCommonKtxRegistrar
String #119: com.google.firebase.components:com.google.firebase.datatransport.TransportRegistrar
String #120: com.google.firebase.components:com.google.firebase.installations.FirebaseInstallationsKtxRegistrar
String #121: com.google.firebase.components:com.google.firebase.installations.FirebaseInstallationsRegistrar
String #122: com.google.firebase.components:com.google.firebase.messaging.FirebaseMessagingKtxRegistrar
String #123: com.google.firebase.components:com.google.firebase.messaging.FirebaseMessagingRegistrar
String #124: com.google.firebase.iid.FirebaseInstanceIdReceiver
String #125: com.google.firebase.messaging.FirebaseMessagingService
String #126: com.google.firebase.provider.FirebaseInitProvider
String #127: com.htc.intent.action.QUICKBOOT_POWERON
String #128: com.htc.launcher.permission.READ_SETTINGS
String #129: com.htc.launcher.permission.UPDATE_SHORTCUT
String #130: com.huawei.android.launcher.permission.CHANGE_BADGE
String #131: com.huawei.android.launcher.permission.READ_SETTINGS
String #132: com.huawei.android.launcher.permission.WRITE_SETTINGS
String #133: com.majeur.launcher.permission.UPDATE_BADGE
String #134: com.oppo.launcher.permission.READ_SETTINGS
String #135: com.oppo.launcher.permission.WRITE_SETTINGS
String #136: com.sec.android.provider.badge.permission.READ
String #137: com.sec.android.provider.badge.permission.WRITE
String #138: com.sonyericsson.home.permission.BROADCAST_BADGE
String #139: com.sonymobile.home.permission.PROVIDER_INSERT_BADGE
String #140: data
String #141: expo.modules.adapters.react.apploader.RNHeadlessAppLoader
String #142: expo.modules.filesystem.FileSystemFileProvider
String #143: expo.modules.imagepicker.ExpoCropImageActivity
String #144: expo.modules.imagepicker.fileprovider.ImagePickerFileProvider
String #145: expo.modules.notifications.NOTIFICATION_EVENT
String #146: expo.modules.notifications.service.ExpoFirebaseMessagingService
String #147: expo.modules.notifications.service.NotificationForwarderActivity
String #148: expo.modules.notifications.service.NotificationsService
String #149: expo.modules.updates.ENABLED
String #150: expo.modules.updates.EXPO_UPDATES_CHECK_ON_LAUNCH
String #151: expo.modules.updates.EXPO_UPDATES_LAUNCH_WAIT_MS
String #152: http://schemas.android.com/apk/res/android
String #153: https
String #154: intent
String #155: intent-filter
String #156: manifest
String #157: me.everything.badger.permission.BADGE_COUNT_READ
String #158: me.everything.badger.permission.BADGE_COUNT_WRITE
String #159: meta-data
String #160: org.unimodules.core.AppLoader#react-native-headless
String #161: package
String #162: permission
String #163: photopicker_activity:0:required
String #164: platformBuildVersionCode
String #165: platformBuildVersionName
String #166: provider
String #167: queries
String #168: receiver
String #169: service
String #170: uses-permission
String #171: uses-sdk

02:33:25.179 detox[23740] [90mi[39m "C:\Users\USER\AppData\Local\Android\Sdk\build-tools\36.1.0\aapt.EXE" dump xmlstrings "C:\Users\USER\Downloads\Evolucao_full_v2\android\app\build\outputs\apk\androidTest\debug\app-debug-androidTest.apk" AndroidManifest.xml
02:33:25.203 detox[23740] [90mi[39m String pool of 43 unique UTF-16 non-sorted strings, 43 entries and 0 styles using 2120 bytes:
String #0: theme
String #1: label
String #2: name
String #3: debuggable
String #4: exported
String #5: priority
String #6: targetPackage
String #7: handleProfiling
String #8: functionalTest
String #9: minSdkVersion
String #10: targetSdkVersion
String #11: extractNativeLibs
String #12: compileSdkVersion
String #13: compileSdkVersionCodename
String #14: 16
String #15: Tests for com.evolucao.app
String #16: activity
String #17: android
String #18: android.intent.category.LAUNCHER
String #19: android.permission.REORDER_TASKS
String #20: android.test.runner
String #21: androidx.test.core.app.InstrumentationActivityInvoker$BootstrapActivity
String #22: androidx.test.core.app.InstrumentationActivityInvoker$EmptyActivity
String #23: androidx.test.core.app.InstrumentationActivityInvoker$EmptyFloatingActivity
String #24: androidx.test.orchestrator
String #25: androidx.test.runner.AndroidJUnitRunner
String #26: androidx.test.services
String #27: application
String #28: category
String #29: com.evolucao.app
String #30: com.evolucao.app.test
String #31: com.google.android.apps.common.testing.services
String #32: http://schemas.android.com/apk/res/android
String #33: instrumentation
String #34: intent-filter
String #35: manifest
String #36: package
String #37: platformBuildVersionCode
String #38: platformBuildVersionName
String #39: queries
String #40: uses-library
String #41: uses-permission
String #42: uses-sdk

02:33:25.203 detox[23740] [90mi[39m "C:\Users\USER\AppData\Local\Android\Sdk\platform-tools\adb.EXE"  shell "getprop ro.build.version.sdk"
02:33:25.277 detox[23740] [90mi[39m 33

02:33:25.281 detox[23740] [90mi[39m C:\Users\USER\AppData\Local\Android\Sdk\platform-tools\adb.EXE install -r -g -t C:\Users\USER\Downloads\Evolucao_full_v2\android\app\build\outputs\apk\debug\app-debug.apk
02:33:30.552 detox[23740] [90mi[39m Performing Streamed Install
Success

02:33:30.553 detox[23740] [90mi[39m C:\Users\USER\AppData\Local\Android\Sdk\platform-tools\adb.EXE install -r -g -t C:\Users\USER\Downloads\Evolucao_full_v2\android\app\build\outputs\apk\debug\app-debug.apk exited with code #0
02:33:30.558 detox[23740] [90mi[39m C:\Users\USER\AppData\Local\Android\Sdk\platform-tools\adb.EXE install -r -g -t C:\Users\USER\Downloads\Evolucao_full_v2\android\app\build\outputs\apk\androidTest\debug\app-debug-androidTest.apk
02:33:31.125 detox[23740] [90mi[39m Performing Streamed Install
Success

02:33:31.127 detox[23740] [90mi[39m C:\Users\USER\AppData\Local\Android\Sdk\platform-tools\adb.EXE install -r -g -t C:\Users\USER\Downloads\Evolucao_full_v2\android\app\build\outputs\apk\androidTest\debug\app-debug-androidTest.apk exited with code #0
02:33:31.127 detox[23740] [90mB[39m reverseTcpPort
  args: (8081)
02:33:31.127 detox[23740] [90mi[39m "C:\Users\USER\AppData\Local\Android\Sdk\platform-tools\adb.EXE"  reverse tcp:8081 tcp:8081
02:33:31.158 detox[23740] [90mi[39m 
02:33:31.158 detox[23740] [90mE[39m reverseTcpPort
02:33:31.158 detox[23740] [90mE[39m installApp
02:33:31.158 detox[23740] [90mB[39m selectApp
  args: ("default")
02:33:31.158 detox[23740] [90mB[39m terminateApp
  args: ()
02:33:31.158 detox[23740] [90mB[39m onBeforeTerminateApp
  args: ({"deviceId":null,"bundleId":"com.evolucao.app"})
02:33:31.158 detox[23740] [90mE[39m onBeforeTerminateApp
02:33:31.158 detox[23740] [90mi[39m "C:\Users\USER\AppData\Local\Android\Sdk\platform-tools\adb.EXE"  shell "am force-stop com.evolucao.app"
02:33:31.335 detox[23740] [90mi[39m 
02:33:31.335 detox[23740] [90mB[39m onTerminateApp
  args: ({"deviceId":null,"bundleId":"com.evolucao.app"})
02:33:31.335 detox[23740] [90mE[39m onTerminateApp
02:33:31.335 detox[23740] [90mE[39m terminateApp
02:33:31.335 detox[23740] [90mE[39m selectApp
02:33:31.335 detox[23740] [90mE[39m set up environment
02:33:31.666 detox[23740] [90mi[39m questionnaire.test.js is assigned to AttachedDevice:null
02:33:31.668 detox[23740] [90mB[39m run the tests
02:33:31.668 detox[23740] [90mB[39m onRunDescribeStart
  args: ({"name":"ROOT_DESCRIBE_BLOCK"})
02:33:31.668 detox[23740] [90mE[39m onRunDescribeStart
02:33:31.668 detox[23740] [90mB[39m Fluxo de questionario inicial
02:33:31.668 detox[23740] [90mB[39m onRunDescribeStart
  args: ({"name":"Fluxo de questionario inicial"})
02:33:31.669 detox[23740] [90mE[39m onRunDescribeStart
02:33:31.669 detox[23740] [90mB[39m beforeAll
02:33:31.671 detox[23740] [90mB[39m launchApp
  args: ({"newInstance":true})
02:33:31.672 detox[23740] [90mB[39m terminateApp
  args: ("com.evolucao.app")
02:33:31.672 detox[23740] [90mB[39m onBeforeTerminateApp
  args: ({"deviceId":null,"bundleId":"com.evolucao.app"})
02:33:31.672 detox[23740] [90mE[39m onBeforeTerminateApp
02:33:31.672 detox[23740] [90mi[39m "C:\Users\USER\AppData\Local\Android\Sdk\platform-tools\adb.EXE"  shell "am force-stop com.evolucao.app"
02:33:31.754 detox[23740] [90mi[39m 
02:33:31.754 detox[23740] [90mB[39m onTerminateApp
  args: ({"deviceId":null,"bundleId":"com.evolucao.app"})
02:33:31.754 detox[23740] [90mE[39m onTerminateApp
02:33:31.754 detox[23740] [90mE[39m terminateApp
02:33:31.755 detox[23740] [90mB[39m onBeforeLaunchApp
  args: ({"deviceId":null,"bundleId":"com.evolucao.app","launchArgs":{"detoxServer":"ws://localhost:59189","detoxSessionId":"ed8f8244-593f-ac52-b648-1d6f2629dd3e"}})
02:33:31.755 detox[23740] [90mi[39m "C:\Users\USER\AppData\Local\Android\Sdk\platform-tools\adb.EXE"  shell "date +\"%m-%d %T.000\""
02:33:31.827 detox[23740] [90mi[39m 04-06 02:33:31.000

02:33:31.828 detox[23740] [90mE[39m onBeforeLaunchApp
02:33:31.828 detox[23740] [90mi[39m "C:\Users\USER\AppData\Local\Android\Sdk\platform-tools\adb.EXE"  reverse tcp:59189 tcp:59189
02:33:31.858 detox[23740] [90mi[39m 59189

02:33:31.859 detox[23740] [90mi[39m "C:\Users\USER\AppData\Local\Android\Sdk\platform-tools\adb.EXE"  shell "pm list instrumentation"
02:33:31.962 detox[23740] [90mi[39m instrumentation:com.evolucao.app.test/androidx.test.runner.AndroidJUnitRunner (target=com.evolucao.app)
instrumentation:com.samsung.android.app.dressroom/androidx.test.runner.AndroidJUnitRunner (target=com.samsung.android.app.dressroom)

02:33:31.967 detox[23740] [90mi[39m C:\Users\USER\AppData\Local\Android\Sdk\platform-tools\adb.EXE shell am instrument -w -r -e detoxServer ws://localhost:59189 -e detoxSessionId ed8f8244-593f-ac52-b648-1d6f2629dd3e -e debug false com.evolucao.app.test/androidx.test.runner.AndroidJUnitRunner
02:33:32.479 detox[23740] [90mi[39m "C:\Users\USER\AppData\Local\Android\Sdk\platform-tools\adb.EXE"  shell "ps | grep \"com\.evolucao\.app$\""
02:33:32.641 detox[23740] [90mi[39m u0_a423      23379  1005 6850080  96908 0                   0 R com.evolucao.app

02:33:32.641 detox[23740] [90mB[39m onLaunchApp
  args: ({"deviceId":null,"bundleId":"com.evolucao.app","launchArgs":{"detoxServer":"ws://localhost:59189","detoxSessionId":"ed8f8244-593f-ac52-b648-1d6f2629dd3e"},"pid":23379})
02:33:32.641 detox[23740] [90mi[39m starting ADBLogcatRecording
02:33:32.646 detox[23740] [90mi[39m C:\Users\USER\AppData\Local\Android\Sdk\platform-tools\adb.EXE shell "logcat -T \"04-06 02:33:31.000\" --pid=23379 -f /sdcard/23323579_0.log"
02:33:32.646 detox[23740] [90mE[39m onLaunchApp
02:33:32.956 detox[23740] [90mi[39m "C:\Users\USER\AppData\Local\Android\Sdk\platform-tools\adb.EXE"  shell du /sdcard/23323579_0.log
02:33:33.025 detox[23740] [90mi[39m 0	/sdcard/23323579_0.log

02:33:33.974 detox[23740] [90mi[39m INSTRUMENTATION_STATUS: class=com.evolucao.app.DetoxTest
INSTRUMENTATION_STATUS: current=1
INSTRUMENTATION_STATUS: id=AndroidJUnitRunner
INSTRUMENTATION_STATUS: numtests=1
INSTRUMENTATION_STATUS: stream=
com.evolucao.app.DetoxTest:
INSTRUMENTATION_STATUS: test=runDetoxTests
INSTRUMENTATION_STATUS_CODE: 1

02:33:34.157 detox[28756] [90mB[39m connection :59189<->:59265
02:33:34.171 detox[28756] [90mi[39m get
  data: {"messageId":0,"type":"login","params":{"role":"app","sessionId":"ed8f8244-593f-ac52-b648-1d6f2629dd3e"}}
02:33:34.171 detox[28756] [90mi[39m send
  data: {
    "messageId": 0,
    "type": "loginSuccess",
    "params": {
      "testerConnected": true,
      "appConnected": true
    }
  }
02:33:34.171 detox[28756] [90mi[39m app joined session ed8f8244-593f-ac52-b648-1d6f2629dd3e
02:33:34.171 detox[28756] [90mi[39m send
  data: {
    "type": "appConnected"
  }
02:33:34.172 detox[23740] [90mi[39m get message
  data: {"type":"appConnected"}
   
02:33:34.173 detox[23740] [90mi[39m send message
  data: {"type":"isReady","params":{},"messageId":-1000}
02:33:34.173 detox[28756] [90mi[39m get
  data: {"type":"isReady","params":{},"messageId":-1000}
02:33:34.173 detox[28756] [90mi[39m send
  data: {
    "type": "isReady",
    "params": {},
    "messageId": -1000
  }
02:33:40.171 detox[28756] [90mi[39m get
  data: {"messageId":-1000,"type":"ready","params":{}}
02:33:40.171 detox[28756] [90mi[39m send
  data: {
    "messageId": -1000,
    "type": "ready",
    "params": {}
  }
02:33:40.172 detox[23740] [90mi[39m get message
  data: {"messageId":-1000,"type":"ready","params":{}}
   
02:33:40.172 detox[23740] [90mB[39m onAppReady
  args: ({"deviceId":null,"bundleId":"com.evolucao.app","pid":23379})
02:33:40.172 detox[23740] [90mE[39m onAppReady
02:33:40.172 detox[23740] [90mE[39m launchApp
02:33:40.173 detox[23740] [90mB[39m disableSynchronization
  args: ()
02:33:40.173 detox[23740] [90mi[39m send message
  data: {"type":"invoke","params":{"target":{"type":"Class","value":"com.wix.detox.espresso.EspressoDetox"},"method":"setSynchronization","args":[{"type":"boolean","value":false}]},"messageId":1}
02:33:40.174 detox[28756] [90mi[39m get
  data: {"type":"invoke","params":{"target":{"type":"Class","value":"com.wix.detox.espresso.EspressoDetox"},"method":"setSynchronization","args":[{"type":"boolean","value":false}]},"messageId":1}
02:33:40.174 detox[28756] [90mi[39m send
  data: {
    "type": "invoke",
    "params": {
      "target": {
        "type": "Class",
        "value": "com.wix.detox.espresso.EspressoDetox"
      },
      "method": "setSynchronization",
      "args": [
        {
          "type": "boolean",
          "value": false
        }
      ]
    },
    "messageId": 1
  }
02:33:40.210 detox[28756] [90mi[39m get
  data: {"messageId":1,"type":"invokeResult","params":{"result":null}}
02:33:40.211 detox[23740] [90mi[39m get message
  data: {"messageId":1,"type":"invokeResult","params":{"result":null}}
   
02:33:40.211 detox[23740] [90mE[39m disableSynchronization
02:33:40.211 detox[28756] [90mi[39m send
  data: {
    "messageId": 1,
    "type": "invokeResult",
    "params": {
      "result": null
    }
  }
02:33:40.212 detox[23740] [90mE[39m beforeAll
02:33:40.213 detox[23740] [90mB[39m preenche questionario e entra nas tabs principais
02:33:40.213 detox[23740] [90mi[39m Fluxo de questionario inicial: preenche questionario e entra nas tabs principais
02:33:40.214 detox[23740] [90mB[39m onTestStart
  args: ({"title":"preenche questionario e entra nas tabs principais","fullName":"Fluxo de questionario inicial preenche questionario e entra nas tabs principais","status":"running","invocations":1})
02:33:40.215 detox[23740] [90mi[39m stopping ADBLogcatRecording
02:33:40.215 detox[23740] [90mi[39m "C:\Users\USER\AppData\Local\Android\Sdk\platform-tools\adb.EXE"  shell "date +\"%m-%d %T.000\""
02:33:40.285 detox[23740] [90mi[39m 04-06 02:33:40.000

02:33:40.289 detox[23740] [90mi[39m sending SIGINT to: C:\Users\USER\AppData\Local\Android\Sdk\platform-tools\adb.EXE shell logcat -T "04-06 02:33:31.000" --pid=23379 -f /sdcard/23323579_0.log
02:33:40.293 detox[23740] [90mi[39m C:\Users\USER\AppData\Local\Android\Sdk\platform-tools\adb.EXE shell "logcat -T \"04-06 02:33:31.000\" --pid=23379 -f /sdcard/23323579_0.log" terminated with SIGINT
02:33:40.293 detox[23740] [90mi[39m starting ADBLogcatRecording
02:33:40.298 detox[23740] [90mi[39m C:\Users\USER\AppData\Local\Android\Sdk\platform-tools\adb.EXE shell "logcat -T \"04-06 02:33:40.000\" --pid=23379 -f /sdcard/23323579_1.log"
02:33:40.298 detox[23740] [90mE[39m onTestStart
02:33:40.298 detox[23740] [90mB[39m beforeEach
02:33:40.299 detox[23740] [90mE[39m beforeEach
02:33:40.299 detox[23740] [90mB[39m test_fn
02:33:40.301 detox[23740] [90mi[39m send message
  data: {"type":"invoke","params":{"target":{"type":"Class","value":"com.wix.detox.espresso.DetoxAssertion"},"method":"waitForAssertMatcher","args":[{"type":"Invocation","value":{"target":{"type":"Class","value":"androidx.test.espresso.Espresso"},"method":"onView","args":[{"type":"Invocation","value":{"target":{"type":"Class","value":"com.wix.detox.espresso.DetoxMatcher"},"method":"matcherForText","args":["Questionario Inteligente",{"type":"boolean","value":false}]}}]}},{"type":"Invocation","value":{"target":{"type":"Class","value":"com.wix.detox.espresso.DetoxMatcher"},"method":"matcherForSufficientlyVisible","args":[{"type":"Integer","value":75}]}},{"type":"Double","value":6}]},"messageId":2}
02:33:40.302 detox[23740] [90mB[39m undefined with timeout (6000 ms)
  data: {
    "target": {
      "type": "Class",
      "value": "com.wix.detox.espresso.DetoxAssertion"
    },
    "method": "waitForAssertMatcher",
    "args": [
      {
        "type": "Invocation",
        "value": {
          "target": {
            "type": "Class",
            "value": "androidx.test.espresso.Espresso"
          },
          "method": "onView",
          "args": [
            {
              "type": "Invocation",
              "value": {
                "target": {
                  "type": "Class",
                  "value": "com.wix.detox.espresso.DetoxMatcher"
                },
                "method": "matcherForText",
                "args": [
                  "Questionario Inteligente",
                  {
                    "type": "boolean",
                    "value": false
                  }
                ]
              }
            }
          ]
        }
      },
      {
        "type": "Invocation",
        "value": {
          "target": {
            "type": "Class",
            "value": "com.wix.detox.espresso.DetoxMatcher"
          },
          "method": "matcherForSufficientlyVisible",
          "args": [
            {
              "type": "Integer",
              "value": 75
            }
          ]
        }
      },
      {
        "type": "Double",
        "value": 6
      }
    ]
  }
02:33:40.302 detox[28756] [90mi[39m get
  data: {"type":"invoke","params":{"target":{"type":"Class","value":"com.wix.detox.espresso.DetoxAssertion"},"method":"waitForAssertMatcher","args":[{"type":"Invocation","value":{"target":{"type":"Class","value":"androidx.test.espresso.Espresso"},"method":"onView","args":[{"type":"Invocation","value":{"target":{"type":"Class","value":"com.wix.detox.espresso.DetoxMatcher"},"method":"matcherForText","args":["Questionario Inteligente",{"type":"boolean","value":false}]}}]}},{"type":"Invocation","value":{"target":{"type":"Class","value":"com.wix.detox.espresso.DetoxMatcher"},"method":"matcherForSufficientlyVisible","args":[{"type":"Integer","value":75}]}},{"type":"Double","value":6}]},"messageId":2}
02:33:40.302 detox[28756] [90mi[39m send
  data: {
    "type": "invoke",
    "params": {
      "target": {
        "type": "Class",
        "value": "com.wix.detox.espresso.DetoxAssertion"
      },
      "method": "waitForAssertMatcher",
      "args": [
        {
          "type": "Invocation",
          "value": {
            "target": {
              "type": "Class",
              "value": "androidx.test.espresso.Espresso"
            },
            "method": "onView",
            "args": [
              {
                "type": "Invocation",
                "value": {
                  "target": {
                    "type": "Class",
                    "value": "com.wix.detox.espresso.DetoxMatcher"
                  },
                  "method": "matcherForText",
                  "args": [
                    "Questionario Inteligente",
                    {
                      "type": "boolean",
                      "value": false
                    }
                  ]
                }
              }
            ]
          }
        },
        {
          "type": "Invocation",
          "value": {
            "target": {
              "type": "Class",
              "value": "com.wix.detox.espresso.DetoxMatcher"
            },
            "method": "matcherForSufficientlyVisible",
            "args": [
              {
                "type": "Integer",
                "value": 75
              }
            ]
          }
        },
        {
          "type": "Double",
          "value": 6
        }
      ]
    },
    "messageId": 2
  }
02:33:40.343 detox[28756] [90mi[39m get
  data: {"messageId":2,"type":"invokeResult","params":{"result":null}}
02:33:40.344 detox[23740] [90mi[39m get message
  data: {"messageId":2,"type":"invokeResult","params":{"result":null}}
   
02:33:40.344 detox[23740] [90mE[39m undefined with timeout (6000 ms)
02:33:40.344 detox[28756] [90mi[39m send
  data: {
    "messageId": 2,
    "type": "invokeResult",
    "params": {
      "result": null
    }
  }
02:33:40.345 detox[23740] [90mi[39m send message
  data: {"type":"invoke","params":{"target":{"type":"Class","value":"com.wix.detox.espresso.DetoxAssertion"},"method":"waitForAssertMatcher","args":[{"type":"Invocation","value":{"target":{"type":"Class","value":"androidx.test.espresso.Espresso"},"method":"onView","args":[{"type":"Invocation","value":{"target":{"type":"Class","value":"com.wix.detox.espresso.DetoxMatcher"},"method":"matcherForTestId","args":["btn-questionario-continuar",{"type":"boolean","value":false}]}}]}},{"type":"Invocation","value":{"target":{"type":"Class","value":"com.wix.detox.espresso.DetoxMatcher"},"method":"matcherForSufficientlyVisible","args":[{"type":"Integer","value":75}]}},{"type":"Double","value":10}]},"messageId":3}
02:33:40.345 detox[23740] [90mB[39m undefined with timeout (10000 ms)
  data: {
    "target": {
      "type": "Class",
      "value": "com.wix.detox.espresso.DetoxAssertion"
    },
    "method": "waitForAssertMatcher",
    "args": [
      {
        "type": "Invocation",
        "value": {
          "target": {
            "type": "Class",
            "value": "androidx.test.espresso.Espresso"
          },
          "method": "onView",
          "args": [
            {
              "type": "Invocation",
              "value": {
                "target": {
                  "type": "Class",
                  "value": "com.wix.detox.espresso.DetoxMatcher"
                },
                "method": "matcherForTestId",
                "args": [
                  "btn-questionario-continuar",
                  {
                    "type": "boolean",
                    "value": false
                  }
                ]
              }
            }
          ]
        }
      },
      {
        "type": "Invocation",
        "value": {
          "target": {
            "type": "Class",
            "value": "com.wix.detox.espresso.DetoxMatcher"
          },
          "method": "matcherForSufficientlyVisible",
          "args": [
            {
              "type": "Integer",
              "value": 75
            }
          ]
        }
      },
      {
        "type": "Double",
        "value": 10
      }
    ]
  }
02:33:40.345 detox[28756] [90mi[39m get
  data: {"type":"invoke","params":{"target":{"type":"Class","value":"com.wix.detox.espresso.DetoxAssertion"},"method":"waitForAssertMatcher","args":[{"type":"Invocation","value":{"target":{"type":"Class","value":"androidx.test.espresso.Espresso"},"method":"onView","args":[{"type":"Invocation","value":{"target":{"type":"Class","value":"com.wix.detox.espresso.DetoxMatcher"},"method":"matcherForTestId","args":["btn-questionario-continuar",{"type":"boolean","value":false}]}}]}},{"type":"Invocation","value":{"target":{"type":"Class","value":"com.wix.detox.espresso.DetoxMatcher"},"method":"matcherForSufficientlyVisible","args":[{"type":"Integer","value":75}]}},{"type":"Double","value":10}]},"messageId":3}
02:33:40.345 detox[28756] [90mi[39m send
  data: {
    "type": "invoke",
    "params": {
      "target": {
        "type": "Class",
        "value": "com.wix.detox.espresso.DetoxAssertion"
      },
      "method": "waitForAssertMatcher",
      "args": [
        {
          "type": "Invocation",
          "value": {
            "target": {
              "type": "Class",
              "value": "androidx.test.espresso.Espresso"
            },
            "method": "onView",
            "args": [
              {
                "type": "Invocation",
                "value": {
                  "target": {
                    "type": "Class",
                    "value": "com.wix.detox.espresso.DetoxMatcher"
                  },
                  "method": "matcherForTestId",
                  "args": [
                    "btn-questionario-continuar",
                    {
                      "type": "boolean",
                      "value": false
                    }
                  ]
                }
              }
            ]
          }
        },
        {
          "type": "Invocation",
          "value": {
            "target": {
              "type": "Class",
              "value": "com.wix.detox.espresso.DetoxMatcher"
            },
            "method": "matcherForSufficientlyVisible",
            "args": [
              {
                "type": "Integer",
                "value": 75
              }
            ]
          }
        },
        {
          "type": "Double",
          "value": 10
        }
      ]
    },
    "messageId": 3
  }
02:33:40.355 detox[23740] [90mi[39m get message
  data: {"messageId":3,"type":"invokeResult","params":{"result":null}}
   
02:33:40.355 detox[23740] [90mE[39m undefined with timeout (10000 ms)
02:33:40.355 detox[28756] [90mi[39m get
  data: {"messageId":3,"type":"invokeResult","params":{"result":null}}
02:33:40.355 detox[28756] [90mi[39m send
  data: {
    "messageId": 3,
    "type": "invokeResult",
    "params": {
      "result": null
    }
  }
02:33:40.356 detox[23740] [90mi[39m send message
  data: {"type":"invoke","params":{"target":{"type":"Class","value":"com.wix.detox.espresso.DetoxAssertion"},"method":"waitForAssertMatcher","args":[{"type":"Invocation","value":{"target":{"type":"Class","value":"androidx.test.espresso.Espresso"},"method":"onView","args":[{"type":"Invocation","value":{"target":{"type":"Class","value":"com.wix.detox.espresso.DetoxMatcher"},"method":"matcherForTestId","args":["btn-questionario-continuar",{"type":"boolean","value":false}]}}]}},{"type":"Invocation","value":{"target":{"type":"Class","value":"com.wix.detox.espresso.DetoxMatcher"},"method":"matcherForSufficientlyVisible","args":[{"type":"Integer","value":75}]}},{"type":"Double","value":0.6}]},"messageId":4}
02:33:40.356 detox[23740] [90mB[39m undefined with timeout (600 ms)
  data: {
    "target": {
      "type": "Class",
      "value": "com.wix.detox.espresso.DetoxAssertion"
    },
    "method": "waitForAssertMatcher",
    "args": [
      {
        "type": "Invocation",
        "value": {
          "target": {
            "type": "Class",
            "value": "androidx.test.espresso.Espresso"
          },
          "method": "onView",
          "args": [
            {
              "type": "Invocation",
              "value": {
                "target": {
                  "type": "Class",
                  "value": "com.wix.detox.espresso.DetoxMatcher"
                },
                "method": "matcherForTestId",
                "args": [
                  "btn-questionario-continuar",
                  {
                    "type": "boolean",
                    "value": false
                  }
                ]
              }
            }
          ]
        }
      },
      {
        "type": "Invocation",
        "value": {
          "target": {
            "type": "Class",
            "value": "com.wix.detox.espresso.DetoxMatcher"
          },
          "method": "matcherForSufficientlyVisible",
          "args": [
            {
              "type": "Integer",
              "value": 75
            }
          ]
        }
      },
      {
        "type": "Double",
        "value": 0.6
      }
    ]
  }
02:33:40.356 detox[28756] [90mi[39m get
  data: {"type":"invoke","params":{"target":{"type":"Class","value":"com.wix.detox.espresso.DetoxAssertion"},"method":"waitForAssertMatcher","args":[{"type":"Invocation","value":{"target":{"type":"Class","value":"androidx.test.espresso.Espresso"},"method":"onView","args":[{"type":"Invocation","value":{"target":{"type":"Class","value":"com.wix.detox.espresso.DetoxMatcher"},"method":"matcherForTestId","args":["btn-questionario-continuar",{"type":"boolean","value":false}]}}]}},{"type":"Invocation","value":{"target":{"type":"Class","value":"com.wix.detox.espresso.DetoxMatcher"},"method":"matcherForSufficientlyVisible","args":[{"type":"Integer","value":75}]}},{"type":"Double","value":0.6}]},"messageId":4}
02:33:40.356 detox[28756] [90mi[39m send
  data: {
    "type": "invoke",
    "params": {
      "target": {
        "type": "Class",
        "value": "com.wix.detox.espresso.DetoxAssertion"
      },
      "method": "waitForAssertMatcher",
      "args": [
        {
          "type": "Invocation",
          "value": {
            "target": {
              "type": "Class",
              "value": "androidx.test.espresso.Espresso"
            },
            "method": "onView",
            "args": [
              {
                "type": "Invocation",
                "value": {
                  "target": {
                    "type": "Class",
                    "value": "com.wix.detox.espresso.DetoxMatcher"
                  },
                  "method": "matcherForTestId",
                  "args": [
                    "btn-questionario-continuar",
                    {
                      "type": "boolean",
                      "value": false
                    }
                  ]
                }
              }
            ]
          }
        },
        {
          "type": "Invocation",
          "value": {
            "target": {
              "type": "Class",
              "value": "com.wix.detox.espresso.DetoxMatcher"
            },
            "method": "matcherForSufficientlyVisible",
            "args": [
              {
                "type": "Integer",
                "value": 75
              }
            ]
          }
        },
        {
          "type": "Double",
          "value": 0.6
        }
      ]
    },
    "messageId": 4
  }
02:33:40.364 detox[23740] [90mi[39m get message
  data: {"messageId":4,"type":"invokeResult","params":{"result":null}}
   
02:33:40.364 detox[23740] [90mE[39m undefined with timeout (600 ms)
02:33:40.364 detox[28756] [90mi[39m get
  data: {"messageId":4,"type":"invokeResult","params":{"result":null}}
02:33:40.364 detox[28756] [90mi[39m send
  data: {
    "messageId": 4,
    "type": "invokeResult",
    "params": {
      "result": null
    }
  }
02:33:40.365 detox[23740] [90mi[39m send message
  data: {"type":"invoke","params":{"target":{"type":"Class","value":"com.wix.detox.espresso.EspressoDetox"},"method":"perform","args":[{"type":"Invocation","value":{"target":{"type":"Class","value":"com.wix.detox.espresso.DetoxMatcher"},"method":"matcherForTestId","args":["btn-questionario-continuar",{"type":"boolean","value":false}]}},{"type":"Invocation","value":{"target":{"type":"Class","value":"com.wix.detox.espresso.DetoxViewActions"},"method":"click","args":[]}}]},"messageId":5}
02:33:40.366 detox[23740] [90mB[39m tap
  data: {
    "target": {
      "type": "Class",
      "value": "com.wix.detox.espresso.EspressoDetox"
    },
    "method": "perform",
    "args": [
      {
        "type": "Invocation",
        "value": {
          "target": {
            "type": "Class",
            "value": "com.wix.detox.espresso.DetoxMatcher"
          },
          "method": "matcherForTestId",
          "args": [
            "btn-questionario-continuar",
            {
              "type": "boolean",
              "value": false
            }
          ]
        }
      },
      {
        "type": "Invocation",
        "value": {
          "target": {
            "type": "Class",
            "value": "com.wix.detox.espresso.DetoxViewActions"
          },
          "method": "click",
          "args": []
        }
      }
    ]
  }
02:33:40.366 detox[28756] [90mi[39m get
  data: {"type":"invoke","params":{"target":{"type":"Class","value":"com.wix.detox.espresso.EspressoDetox"},"method":"perform","args":[{"type":"Invocation","value":{"target":{"type":"Class","value":"com.wix.detox.espresso.DetoxMatcher"},"method":"matcherForTestId","args":["btn-questionario-continuar",{"type":"boolean","value":false}]}},{"type":"Invocation","value":{"target":{"type":"Class","value":"com.wix.detox.espresso.DetoxViewActions"},"method":"click","args":[]}}]},"messageId":5}
02:33:40.366 detox[28756] [90mi[39m send
  data: {
    "type": "invoke",
    "params": {
      "target": {
        "type": "Class",
        "value": "com.wix.detox.espresso.EspressoDetox"
      },
      "method": "perform",
      "args": [
        {
          "type": "Invocation",
          "value": {
            "target": {
              "type": "Class",
              "value": "com.wix.detox.espresso.DetoxMatcher"
            },
            "method": "matcherForTestId",
            "args": [
              "btn-questionario-continuar",
              {
                "type": "boolean",
                "value": false
              }
            ]
          }
        },
        {
          "type": "Invocation",
          "value": {
            "target": {
              "type": "Class",
              "value": "com.wix.detox.espresso.DetoxViewActions"
            },
            "method": "click",
            "args": []
          }
        }
      ]
    },
    "messageId": 5
  }
02:33:40.600 detox[23740] [90mi[39m "C:\Users\USER\AppData\Local\Android\Sdk\platform-tools\adb.EXE"  shell du /sdcard/23323579_1.log
02:33:40.665 detox[23740] [90mi[39m 0	/sdcard/23323579_1.log

02:33:40.782 detox[23740] [90mi[39m get message
  data: {"messageId":5,"type":"invokeResult","params":{"result":null}}
   
02:33:40.782 detox[28756] [90mi[39m get
  data: {"messageId":5,"type":"invokeResult","params":{"result":null}}
02:33:40.782 detox[28756] [90mi[39m send
  data: {
    "messageId": 5,
    "type": "invokeResult",
    "params": {
      "result": null
    }
  }
02:33:40.783 detox[23740] [90mE[39m tap
02:33:40.783 detox[23740] [90mi[39m send message
  data: {"type":"invoke","params":{"target":{"type":"Class","value":"com.wix.detox.espresso.DetoxAssertion"},"method":"waitForAssertMatcher","args":[{"type":"Invocation","value":{"target":{"type":"Class","value":"androidx.test.espresso.Espresso"},"method":"onView","args":[{"type":"Invocation","value":{"target":{"type":"Class","value":"com.wix.detox.espresso.DetoxMatcher"},"method":"matcherForText","args":["Treinos",{"type":"boolean","value":false}]}}]}},{"type":"Invocation","value":{"target":{"type":"Class","value":"com.wix.detox.espresso.DetoxMatcher"},"method":"matcherForSufficientlyVisible","args":[{"type":"Integer","value":75}]}},{"type":"Double","value":5}]},"messageId":6}
02:33:40.783 detox[23740] [90mB[39m undefined with timeout (5000 ms)
  data: {
    "target": {
      "type": "Class",
      "value": "com.wix.detox.espresso.DetoxAssertion"
    },
    "method": "waitForAssertMatcher",
    "args": [
      {
        "type": "Invocation",
        "value": {
          "target": {
            "type": "Class",
            "value": "androidx.test.espresso.Espresso"
          },
          "method": "onView",
          "args": [
            {
              "type": "Invocation",
              "value": {
                "target": {
                  "type": "Class",
                  "value": "com.wix.detox.espresso.DetoxMatcher"
                },
                "method": "matcherForText",
                "args": [
                  "Treinos",
                  {
                    "type": "boolean",
                    "value": false
                  }
                ]
              }
            }
          ]
        }
      },
      {
        "type": "Invocation",
        "value": {
          "target": {
            "type": "Class",
            "value": "com.wix.detox.espresso.DetoxMatcher"
          },
          "method": "matcherForSufficientlyVisible",
          "args": [
            {
              "type": "Integer",
              "value": 75
            }
          ]
        }
      },
      {
        "type": "Double",
        "value": 5
      }
    ]
  }
02:33:40.783 detox[28756] [90mi[39m get
  data: {"type":"invoke","params":{"target":{"type":"Class","value":"com.wix.detox.espresso.DetoxAssertion"},"method":"waitForAssertMatcher","args":[{"type":"Invocation","value":{"target":{"type":"Class","value":"androidx.test.espresso.Espresso"},"method":"onView","args":[{"type":"Invocation","value":{"target":{"type":"Class","value":"com.wix.detox.espresso.DetoxMatcher"},"method":"matcherForText","args":["Treinos",{"type":"boolean","value":false}]}}]}},{"type":"Invocation","value":{"target":{"type":"Class","value":"com.wix.detox.espresso.DetoxMatcher"},"method":"matcherForSufficientlyVisible","args":[{"type":"Integer","value":75}]}},{"type":"Double","value":5}]},"messageId":6}
02:33:40.783 detox[28756] [90mi[39m send
  data: {
    "type": "invoke",
    "params": {
      "target": {
        "type": "Class",
        "value": "com.wix.detox.espresso.DetoxAssertion"
      },
      "method": "waitForAssertMatcher",
      "args": [
        {
          "type": "Invocation",
          "value": {
            "target": {
              "type": "Class",
              "value": "androidx.test.espresso.Espresso"
            },
            "method": "onView",
            "args": [
              {
                "type": "Invocation",
                "value": {
                  "target": {
                    "type": "Class",
                    "value": "com.wix.detox.espresso.DetoxMatcher"
                  },
                  "method": "matcherForText",
                  "args": [
                    "Treinos",
                    {
                      "type": "boolean",
                      "value": false
                    }
                  ]
                }
              }
            ]
          }
        },
        {
          "type": "Invocation",
          "value": {
            "target": {
              "type": "Class",
              "value": "com.wix.detox.espresso.DetoxMatcher"
            },
            "method": "matcherForSufficientlyVisible",
            "args": [
              {
                "type": "Integer",
                "value": 75
              }
            ]
          }
        },
        {
          "type": "Double",
          "value": 5
        }
      ]
    },
    "messageId": 6
  }
02:33:45.801 detox[23740] [90mi[39m get message
  data: {"messageId":6,"type":"testFailed","params":{"details":"5.0sec timeout expired without matching of given matcher: (view has effective visibility <VISIBLE> and view.getGlobalVisibleRect() covers at least <75> percent of the view's area)\n","viewHierarchy":null}}
   
02:33:45.801 detox[28756] [90mi[39m get
  data: {"messageId":6,"type":"testFailed","params":{"details":"5.0sec timeout expired without matching of given matcher: (view has effective visibility <VISIBLE> and view.getGlobalVisibleRect() covers at least <75> percent of the view's area)\n","viewHierarchy":null}}
02:33:45.801 detox[28756] [90mi[39m send
  data: {
    "messageId": 6,
    "type": "testFailed",
    "params": {
      "details": "5.0sec timeout expired without matching of given matcher: (view has effective visibility <VISIBLE> and view.getGlobalVisibleRect() covers at least <75> percent of the view's area)\n",
      "viewHierarchy": null
    }
  }
02:33:45.802 detox[23740] [90mE[39m undefined with timeout (5000 ms)
  error: Test Failed: 5.0sec timeout expired without matching of given matcher: (view has effective visibility <VISIBLE> and view.getGlobalVisibleRect() covers at least <75> percent of the view's area)
  
02:33:45.802 detox[23740] [90mi[39m send message
  data: {"type":"invoke","params":{"target":{"type":"Class","value":"com.wix.detox.espresso.EspressoDetox"},"method":"perform","args":[{"type":"Invocation","value":{"target":{"type":"Class","value":"com.wix.detox.espresso.DetoxMatcher"},"method":"matcherForTestId","args":["btn-questionario-continuar",{"type":"boolean","value":false}]}},{"type":"Invocation","value":{"target":{"type":"Class","value":"com.wix.detox.espresso.DetoxViewActions"},"method":"click","args":[]}}]},"messageId":7}
02:33:45.802 detox[28756] [90mi[39m get
  data: {"type":"invoke","params":{"target":{"type":"Class","value":"com.wix.detox.espresso.EspressoDetox"},"method":"perform","args":[{"type":"Invocation","value":{"target":{"type":"Class","value":"com.wix.detox.espresso.DetoxMatcher"},"method":"matcherForTestId","args":["btn-questionario-continuar",{"type":"boolean","value":false}]}},{"type":"Invocation","value":{"target":{"type":"Class","value":"com.wix.detox.espresso.DetoxViewActions"},"method":"click","args":[]}}]},"messageId":7}
02:33:45.802 detox[28756] [90mi[39m send
  data: {
    "type": "invoke",
    "params": {
      "target": {
        "type": "Class",
        "value": "com.wix.detox.espresso.EspressoDetox"
      },
      "method": "perform",
      "args": [
        {
          "type": "Invocation",
          "value": {
            "target": {
              "type": "Class",
              "value": "com.wix.detox.espresso.DetoxMatcher"
            },
            "method": "matcherForTestId",
            "args": [
              "btn-questionario-continuar",
              {
                "type": "boolean",
                "value": false
              }
            ]
          }
        },
        {
          "type": "Invocation",
          "value": {
            "target": {
              "type": "Class",
              "value": "com.wix.detox.espresso.DetoxViewActions"
            },
            "method": "click",
            "args": []
          }
        }
      ]
    },
    "messageId": 7
  }
02:33:45.803 detox[23740] [90mB[39m tap
  data: {
    "target": {
      "type": "Class",
      "value": "com.wix.detox.espresso.EspressoDetox"
    },
    "method": "perform",
    "args": [
      {
        "type": "Invocation",
        "value": {
          "target": {
            "type": "Class",
            "value": "com.wix.detox.espresso.DetoxMatcher"
          },
          "method": "matcherForTestId",
          "args": [
            "btn-questionario-continuar",
            {
              "type": "boolean",
              "value": false
            }
          ]
        }
      },
      {
        "type": "Invocation",
        "value": {
          "target": {
            "type": "Class",
            "value": "com.wix.detox.espresso.DetoxViewActions"
          },
          "method": "click",
          "args": []
        }
      }
    ]
  }
02:33:46.217 detox[23740] [90mi[39m get message
  data: {"messageId":7,"type":"invokeResult","params":{"result":null}}
   
02:33:46.217 detox[28756] [90mi[39m get
  data: {"messageId":7,"type":"invokeResult","params":{"result":null}}
02:33:46.217 detox[28756] [90mi[39m send
  data: {
    "messageId": 7,
    "type": "invokeResult",
    "params": {
      "result": null
    }
  }
02:33:46.218 detox[23740] [90mE[39m tap
02:33:46.218 detox[23740] [90mi[39m send message
  data: {"type":"invoke","params":{"target":{"type":"Class","value":"com.wix.detox.espresso.DetoxAssertion"},"method":"waitForAssertMatcher","args":[{"type":"Invocation","value":{"target":{"type":"Class","value":"androidx.test.espresso.Espresso"},"method":"onView","args":[{"type":"Invocation","value":{"target":{"type":"Class","value":"com.wix.detox.espresso.DetoxMatcher"},"method":"matcherForText","args":["Treinos",{"type":"boolean","value":false}]}}]}},{"type":"Invocation","value":{"target":{"type":"Class","value":"com.wix.detox.espresso.DetoxMatcher"},"method":"matcherForSufficientlyVisible","args":[{"type":"Integer","value":75}]}},{"type":"Double","value":20}]},"messageId":8}
02:33:46.218 detox[23740] [90mB[39m undefined with timeout (20000 ms)
  data: {
    "target": {
      "type": "Class",
      "value": "com.wix.detox.espresso.DetoxAssertion"
    },
    "method": "waitForAssertMatcher",
    "args": [
      {
        "type": "Invocation",
        "value": {
          "target": {
            "type": "Class",
            "value": "androidx.test.espresso.Espresso"
          },
          "method": "onView",
          "args": [
            {
              "type": "Invocation",
              "value": {
                "target": {
                  "type": "Class",
                  "value": "com.wix.detox.espresso.DetoxMatcher"
                },
                "method": "matcherForText",
                "args": [
                  "Treinos",
                  {
                    "type": "boolean",
                    "value": false
                  }
                ]
              }
            }
          ]
        }
      },
      {
        "type": "Invocation",
        "value": {
          "target": {
            "type": "Class",
            "value": "com.wix.detox.espresso.DetoxMatcher"
          },
          "method": "matcherForSufficientlyVisible",
          "args": [
            {
              "type": "Integer",
              "value": 75
            }
          ]
        }
      },
      {
        "type": "Double",
        "value": 20
      }
    ]
  }
02:33:46.218 detox[28756] [90mi[39m get
  data: {"type":"invoke","params":{"target":{"type":"Class","value":"com.wix.detox.espresso.DetoxAssertion"},"method":"waitForAssertMatcher","args":[{"type":"Invocation","value":{"target":{"type":"Class","value":"androidx.test.espresso.Espresso"},"method":"onView","args":[{"type":"Invocation","value":{"target":{"type":"Class","value":"com.wix.detox.espresso.DetoxMatcher"},"method":"matcherForText","args":["Treinos",{"type":"boolean","value":false}]}}]}},{"type":"Invocation","value":{"target":{"type":"Class","value":"com.wix.detox.espresso.DetoxMatcher"},"method":"matcherForSufficientlyVisible","args":[{"type":"Integer","value":75}]}},{"type":"Double","value":20}]},"messageId":8}
02:33:46.218 detox[28756] [90mi[39m send
  data: {
    "type": "invoke",
    "params": {
      "target": {
        "type": "Class",
        "value": "com.wix.detox.espresso.DetoxAssertion"
      },
      "method": "waitForAssertMatcher",
      "args": [
        {
          "type": "Invocation",
          "value": {
            "target": {
              "type": "Class",
              "value": "androidx.test.espresso.Espresso"
            },
            "method": "onView",
            "args": [
              {
                "type": "Invocation",
                "value": {
                  "target": {
                    "type": "Class",
                    "value": "com.wix.detox.espresso.DetoxMatcher"
                  },
                  "method": "matcherForText",
                  "args": [
                    "Treinos",
                    {
                      "type": "boolean",
                      "value": false
                    }
                  ]
                }
              }
            ]
          }
        },
        {
          "type": "Invocation",
          "value": {
            "target": {
              "type": "Class",
              "value": "com.wix.detox.espresso.DetoxMatcher"
            },
            "method": "matcherForSufficientlyVisible",
            "args": [
              {
                "type": "Integer",
                "value": 75
              }
            ]
          }
        },
        {
          "type": "Double",
          "value": 20
        }
      ]
    },
    "messageId": 8
  }
02:33:56.232 detox[23740] [90mi[39m send message
  data: {"type":"currentStatus","params":{},"messageId":9}
02:33:56.232 detox[28756] [90mi[39m get
  data: {"type":"currentStatus","params":{},"messageId":9}
02:33:56.232 detox[28756] [90mi[39m send
  data: {
    "type": "currentStatus",
    "params": {},
    "messageId": 9
  }
02:33:56.247 detox[23740] [90mi[39m get message
  data: {"messageId":9,"type":"currentStatusResult","params":{"status":{"app_status":"idle"}}}
   
02:33:56.247 detox[28756] [90mi[39m get
  data: {"messageId":9,"type":"currentStatusResult","params":{"status":{"app_status":"idle"}}}
02:33:56.247 detox[28756] [90mi[39m send
  data: {
    "messageId": 9,
    "type": "currentStatusResult",
    "params": {
      "status": {
        "app_status": "idle"
      }
    }
  }
02:33:56.250 detox[23740] [90mi[39m The app seems to be idle
02:34:06.230 detox[23740] [90mi[39m get message
  data: {"messageId":8,"type":"testFailed","params":{"details":"20.0sec timeout expired without matching of given matcher: (view has effective visibility <VISIBLE> and view.getGlobalVisibleRect() covers at least <75> percent of the view's area)\n","viewHierarchy":null}}
   
02:34:06.230 detox[23740] [90mE[39m undefined with timeout (20000 ms)
  error: Test Failed: 20.0sec timeout expired without matching of given matcher: (view has effective visibility <VISIBLE> and view.getGlobalVisibleRect() covers at least <75> percent of the view's area)
  
02:34:06.230 detox[28756] [90mi[39m get
  data: {"messageId":8,"type":"testFailed","params":{"details":"20.0sec timeout expired without matching of given matcher: (view has effective visibility <VISIBLE> and view.getGlobalVisibleRect() covers at least <75> percent of the view's area)\n","viewHierarchy":null}}
02:34:06.230 detox[28756] [90mi[39m send
  data: {
    "messageId": 8,
    "type": "testFailed",
    "params": {
      "details": "20.0sec timeout expired without matching of given matcher: (view has effective visibility <VISIBLE> and view.getGlobalVisibleRect() covers at least <75> percent of the view's area)\n",
      "viewHierarchy": null
    }
  }
02:34:06.231 detox[23740] [90mB[39m onTestFnFailure
  args: ({"error":{"name":"DetoxRuntimeError"}})
02:34:06.231 detox[23740] [90mi[39m starting ADBScreencapRecording
02:34:06.232 detox[23740] [90mi[39m "C:\Users\USER\AppData\Local\Android\Sdk\platform-tools\adb.EXE"  shell "screencap /sdcard/23323579_2.png"
02:34:06.781 detox[23740] [90mi[39m 
02:34:06.781 detox[23740] [90mi[39m stopping ADBScreencapRecording
02:34:06.782 detox[23740] [90mE[39m onTestFnFailure
02:34:06.782 detox[23740] [90mE[39m test_fn
  error: Test Failed: 20.0sec timeout expired without matching of given matcher: (view has effective visibility <VISIBLE> and view.getGlobalVisibleRect() covers at least <75> percent of the view's area)
  
02:34:06.782 detox[23740] [90mB[39m onTestDone
  args: ({"title":"preenche questionario e entra nas tabs principais","fullName":"Fluxo de questionario inicial preenche questionario e entra nas tabs principais","status":"failed","invocations":1,"timedOut":false})
02:34:06.783 detox[23740] [90mi[39m stopping ADBLogcatRecording
02:34:06.783 detox[23740] [90mi[39m "C:\Users\USER\AppData\Local\Android\Sdk\platform-tools\adb.EXE"  shell "date +\"%m-%d %T.000\""
02:34:06.788 detox[23740] [90mi[39m saving ADBScreencapRecording to: artifacts\e2e\android.attached.2026-04-06 05-33-22Z\✗ Fluxo de questionario inicial preenche questionario e entra nas tabs principais\testFnFailure.png
02:34:06.788 detox[23740] [90mi[39m "C:\Users\USER\AppData\Local\Android\Sdk\platform-tools\adb.EXE"  pull "/sdcard/23323579_2.png" "artifacts\e2e\android.attached.2026-04-06 05-33-22Z\✗ Fluxo de questionario inicial preenche questionario e entra nas tabs principais\testFnFailure.png"
02:34:06.841 detox[23740] [90mi[39m /sdcard/23323579_2.png: 1 file pulled, 0 skipped. 16.9 MB/s (166058 bytes in 0.009s)

02:34:06.841 detox[23740] [90mi[39m "C:\Users\USER\AppData\Local\Android\Sdk\platform-tools\adb.EXE"  shell "rm  \"/sdcard/23323579_2.png\""
02:34:06.853 detox[23740] [90mi[39m 04-06 02:34:06.000

02:34:06.866 detox[23740] [90mi[39m sending SIGINT to: C:\Users\USER\AppData\Local\Android\Sdk\platform-tools\adb.EXE shell logcat -T "04-06 02:33:40.000" --pid=23379 -f /sdcard/23323579_1.log
02:34:06.868 detox[23740] [90mi[39m C:\Users\USER\AppData\Local\Android\Sdk\platform-tools\adb.EXE shell "logcat -T \"04-06 02:33:40.000\" --pid=23379 -f /sdcard/23323579_1.log" terminated with SIGINT
02:34:06.868 detox[23740] [90mE[39m onTestDone
02:34:06.869 detox[23740] [90mE[39m preenche questionario e entra nas tabs principais
02:34:06.869 detox[23740] [90mi[39m Fluxo de questionario inicial: preenche questionario e entra nas tabs principais [FAIL]
02:34:06.870 detox[23740] [90mB[39m onRunDescribeFinish
  args: ({"name":"Fluxo de questionario inicial"})
02:34:06.870 detox[23740] [90mE[39m onRunDescribeFinish
02:34:06.870 detox[23740] [90mE[39m Fluxo de questionario inicial
02:34:06.871 detox[23740] [90mB[39m onRunDescribeFinish
  args: ({"name":"ROOT_DESCRIBE_BLOCK"})
02:34:06.871 detox[23740] [90mE[39m onRunDescribeFinish
02:34:06.871 detox[23740] [90mE[39m run the tests
02:34:06.882 detox[23740] [90mB[39m tear down environment
02:34:06.883 detox[23740] [90mB[39m onBeforeCleanup
  args: ()
02:34:06.923 detox[23740] [90mi[39m 
02:34:06.924 detox[23740] [90mi[39m saving ADBLogcatRecording to: artifacts\e2e\android.attached.2026-04-06 05-33-22Z\✗ Fluxo de questionario inicial preenche questionario e entra nas tabs principais\device.log
02:34:06.924 detox[23740] [90mi[39m "C:\Users\USER\AppData\Local\Android\Sdk\platform-tools\adb.EXE"  pull "/sdcard/23323579_1.log" "artifacts\e2e\android.attached.2026-04-06 05-33-22Z\✗ Fluxo de questionario inicial preenche questionario e entra nas tabs principais\device.log"
02:34:06.990 detox[23740] [90mi[39m /sdcard/23323579_1.log: 1 file pulled, 0 skipped. 14.6 MB/s (258048 bytes in 0.017s)

02:34:06.991 detox[23740] [90mi[39m "C:\Users\USER\AppData\Local\Android\Sdk\platform-tools\adb.EXE"  shell "rm  \"/sdcard/23323579_1.log\""
02:34:07.101 detox[23740] [90mi[39m 
02:34:07.104 detox[23740] [90mi[39m saving ADBLogcatRecording to: artifacts\e2e\android.attached.2026-04-06 05-33-22Z\null 2026-04-06 05-34-07Z.startup.log
02:34:07.104 detox[23740] [90mi[39m "C:\Users\USER\AppData\Local\Android\Sdk\platform-tools\adb.EXE"  pull "/sdcard/23323579_0.log" "artifacts\e2e\android.attached.2026-04-06 05-33-22Z\null 2026-04-06 05-34-07Z.startup.log"
02:34:07.166 detox[23740] [90mi[39m /sdcard/23323579_0.log: 1 file pulled, 0 skipped. 12.6 MB/s (86016 bytes in 0.007s)

02:34:07.166 detox[23740] [90mi[39m "C:\Users\USER\AppData\Local\Android\Sdk\platform-tools\adb.EXE"  shell "rm  \"/sdcard/23323579_0.log\""
02:34:07.274 detox[23740] [90mi[39m 
02:34:07.275 detox[23740] [90mi[39m saving FileArtifact to: artifacts\e2e\android.attached.2026-04-06 05-33-22Z\detox_pid_23740.json.log { append: true }
02:34:07.275 detox[23740] [90mi[39m saving FileArtifact to: artifacts\e2e\android.attached.2026-04-06 05-33-22Z\detox_pid_23740.log { append: true }
02:34:07.275 detox[23740] [90mE[39m onBeforeCleanup
02:34:07.276 detox[23740] [90mi[39m send message
  data: {"type":"cleanup","params":{"stopRunner":false},"messageId":-49642}
02:34:07.276 detox[28756] [90mi[39m get
  data: {"type":"cleanup","params":{"stopRunner":false},"messageId":-49642}
02:34:07.276 detox[28756] [90mi[39m send
  data: {
    "type": "cleanup",
    "params": {
      "stopRunner": false
    },
    "messageId": -49642
  }
02:34:07.282 detox[23740] [90mi[39m get message
  data: {"messageId":-49642,"type":"cleanupDone","params":{}}
   
02:34:07.282 detox[28756] [90mi[39m get
  data: {"messageId":-49642,"type":"cleanupDone","params":{}}
02:34:07.282 detox[28756] [90mi[39m send
  data: {
    "messageId": -49642,
    "type": "cleanupDone",
    "params": {}
  }
02:34:07.284 detox[28756] [90mi[39m tester exited session ed8f8244-593f-ac52-b648-1d6f2629dd3e
02:34:07.284 detox[28756] [90mi[39m send
  data: {
    "type": "testerDisconnected",
    "messageId": -1
  }
02:34:07.284 detox[28756] [90mE[39m connection :59189<->:59190
02:34:07.287 detox[23740] [90mi[39m sending SIGINT to: C:\Users\USER\AppData\Local\Android\Sdk\platform-tools\adb.EXE shell am instrument -w -r -e detoxServer ws://localhost:59189 -e detoxSessionId ed8f8244-593f-ac52-b648-1d6f2629dd3e -e debug false com.evolucao.app.test/androidx.test.runner.AndroidJUnitRunner
02:34:07.291 detox[23740] [90mi[39m C:\Users\USER\AppData\Local\Android\Sdk\platform-tools\adb.EXE shell am instrument -w -r -e detoxServer ws://localhost:59189 -e detoxSessionId ed8f8244-593f-ac52-b648-1d6f2629dd3e -e debug false com.evolucao.app.test/androidx.test.runner.AndroidJUnitRunner terminated with SIGINT
02:34:07.291 detox[23740] [90mi[39m "C:\Users\USER\AppData\Local\Android\Sdk\platform-tools\adb.EXE"  reverse --remove tcp:59189
02:34:07.300 detox[23740] [90mi[39m dispatching event to  primary-28756 /tmp/detox.primary-28756  :  deallocateDevice , { deviceCookie: { id: null, adbName: null } }
02:34:07.300 detox[28756] [90mi[39m received event of :  deallocateDevice { deviceCookie: { id: null, adbName: null } }
02:34:07.301 detox[28756] [90mB[39m free: null
  data: {}
02:34:07.302 detox[23740] [90mi[39m ## received events ##
02:34:07.302 detox[28756] [90mE[39m free: null
02:34:07.302 detox[28756] [90mi[39m dispatching event to socket  :  deallocateDeviceDone {}
02:34:07.303 detox[23740] [90mi[39m detected event deallocateDeviceDone {}
02:34:07.303 detox[23740] [90mE[39m tear down environment
02:34:07.303 detox[23740] [90mE[39m e2e\questionnaire.test.js
02:34:07.309 detox[23740] [90mi[39m dispatching event to  primary-28756 /tmp/detox.primary-28756  :  reportTestResults , {
  testResults: [
    {
      success: false,
      testFilePath: 'C:\\Users\\USER\\Downloads\\Evolucao_full_v2\\e2e\\questionnaire.test.js',
      testExecError: undefined,
      isPermanentFailure: false
    }
  ]
}
02:34:07.310 detox[23740] [90mi[39m ## received events ##
02:34:07.310 detox[23740] [90mi[39m detected event reportTestResultsDone {
  testResults: [
    {
      success: false,
      testFilePath: 'C:\\Users\\USER\\Downloads\\Evolucao_full_v2\\e2e\\questionnaire.test.js',
      isPermanentFailure: false
    }
  ]
}
02:34:07.310 detox[28756] [90mi[39m received event of :  reportTestResults {
  testResults: [
    {
      success: false,
      testFilePath: 'C:\\Users\\USER\\Downloads\\Evolucao_full_v2\\e2e\\questionnaire.test.js',
      isPermanentFailure: false
    }
  ]
}
02:34:07.310 detox[28756] [90mi[39m dispatching event to socket  :  reportTestResultsDone {
  testResults: [
    {
      success: false,
      testFilePath: 'C:\\Users\\USER\\Downloads\\Evolucao_full_v2\\e2e\\questionnaire.test.js',
      isPermanentFailure: false
    }
  ]
}
02:34:07.310 detox[28756] [90mi[39m broadcasting event to all known sockets listening to  \\.\pipe\tmp-detox.primary-28756  :   sessionStateUpdate {
  testResults: [
    {
      success: false,
      testFilePath: 'C:\\Users\\USER\\Downloads\\Evolucao_full_v2\\e2e\\questionnaire.test.js',
      isPermanentFailure: false
    }
  ]
}
02:34:07.312 detox[23740] [90mi[39m connection closed primary-28756 /tmp/detox.primary-28756 0 tries remaining of 0
02:34:07.312 detox[23740] [90mi[39m secondary-23740 exceeded connection rety amount of  or stopRetrying flag set.
02:34:07.312 detox[28756] [90mi[39m socket disconnected secondary-23740
02:34:07.325 detox[23740] [90mi[39m 
02:34:07.434 detox[28756] [90mE[39m Command failed with exit code = 1:
jest --config e2e/jest.config.js e2e/questionnaire.test.js
02:34:07.435 detox[28756] [90mB[39m cleanup
  args: ()
02:34:07.435 detox[28756] [90mE[39m cleanup
02:34:07.436 detox[28756] [90mi[39m Detox server has been closed gracefully
02:34:07.437 detox[28756] [90mi[39m app exited session ed8f8244-593f-ac52-b648-1d6f2629dd3e
02:34:07.437 detox[28756] [90mE[39m connection :59189<->:59265
02:34:07.437 detox[28756] [90mE[39m node_modules\detox\local-cli\cli.js test --configuration android.attached e2e/questionnaire.test.js
